ARM GAS  C:\Users\srhi\AppData\Local\Temp\cckiNPuV.s 			page 1


   1              		.syntax unified
   2              		.cpu cortex-m0
   3              		.fpu softvfp
   4              		.eabi_attribute 20, 1
   5              		.eabi_attribute 21, 1
   6              		.eabi_attribute 23, 3
   7              		.eabi_attribute 24, 1
   8              		.eabi_attribute 25, 1
   9              		.eabi_attribute 26, 1
  10              		.eabi_attribute 30, 1
  11              		.eabi_attribute 34, 0
  12              		.eabi_attribute 18, 4
  13              		.thumb
  14              		.syntax unified
  15              		.file	"cyfitter_cfg.c"
  16              		.text
  17              	.Ltext0:
  18              		.cfi_sections	.debug_frame
  19              		.section	.text.cfg_write_bytes32,"ax",%progbits
  20              		.align	2
  21              		.code	16
  22              		.thumb_func
  23              		.type	cfg_write_bytes32, %function
  24              	cfg_write_bytes32:
  25              	.LFB3:
  26              		.file 1 "Generated_Source\\PSoC4\\cyfitter_cfg.c"
   1:Generated_Source\PSoC4/cyfitter_cfg.c **** 
   2:Generated_Source\PSoC4/cyfitter_cfg.c **** /*******************************************************************************
   3:Generated_Source\PSoC4/cyfitter_cfg.c **** * File Name: cyfitter_cfg.c
   4:Generated_Source\PSoC4/cyfitter_cfg.c **** * 
   5:Generated_Source\PSoC4/cyfitter_cfg.c **** * PSoC Creator  4.2
   6:Generated_Source\PSoC4/cyfitter_cfg.c **** *
   7:Generated_Source\PSoC4/cyfitter_cfg.c **** * Description:
   8:Generated_Source\PSoC4/cyfitter_cfg.c **** * This file contains device initialization code.
   9:Generated_Source\PSoC4/cyfitter_cfg.c **** * Except for the user defined sections in CyClockStartupError(), this file should not be modified.
  10:Generated_Source\PSoC4/cyfitter_cfg.c **** * This file is automatically generated by PSoC Creator.
  11:Generated_Source\PSoC4/cyfitter_cfg.c **** *
  12:Generated_Source\PSoC4/cyfitter_cfg.c **** ********************************************************************************
  13:Generated_Source\PSoC4/cyfitter_cfg.c **** * Copyright (c) 2007-2018 Cypress Semiconductor.  All rights reserved.
  14:Generated_Source\PSoC4/cyfitter_cfg.c **** * You may use this file only in accordance with the license, terms, conditions, 
  15:Generated_Source\PSoC4/cyfitter_cfg.c **** * disclaimers, and limitations in the end user license agreement accompanying 
  16:Generated_Source\PSoC4/cyfitter_cfg.c **** * the software package with which this file was provided.
  17:Generated_Source\PSoC4/cyfitter_cfg.c **** ********************************************************************************/
  18:Generated_Source\PSoC4/cyfitter_cfg.c **** 
  19:Generated_Source\PSoC4/cyfitter_cfg.c **** #include <string.h>
  20:Generated_Source\PSoC4/cyfitter_cfg.c **** #include "cytypes.h"
  21:Generated_Source\PSoC4/cyfitter_cfg.c **** #include "cydevice_trm.h"
  22:Generated_Source\PSoC4/cyfitter_cfg.c **** #include "cyfitter.h"
  23:Generated_Source\PSoC4/cyfitter_cfg.c **** #include "CyLib.h"
  24:Generated_Source\PSoC4/cyfitter_cfg.c **** #include "CyLFClk.h"
  25:Generated_Source\PSoC4/cyfitter_cfg.c **** #include "cyfitter_cfg.h"
  26:Generated_Source\PSoC4/cyfitter_cfg.c **** #include "cyapicallbacks.h"
  27:Generated_Source\PSoC4/cyfitter_cfg.c **** 
  28:Generated_Source\PSoC4/cyfitter_cfg.c **** 
  29:Generated_Source\PSoC4/cyfitter_cfg.c **** #if defined(__GNUC__) || defined(__ARMCC_VERSION)
  30:Generated_Source\PSoC4/cyfitter_cfg.c ****     #define CYPACKED 
  31:Generated_Source\PSoC4/cyfitter_cfg.c ****     #define CYPACKED_ATTR __attribute__ ((packed))
ARM GAS  C:\Users\srhi\AppData\Local\Temp\cckiNPuV.s 			page 2


  32:Generated_Source\PSoC4/cyfitter_cfg.c ****     #define CYALIGNED __attribute__ ((aligned))
  33:Generated_Source\PSoC4/cyfitter_cfg.c ****     #define CY_CFG_UNUSED __attribute__ ((unused))
  34:Generated_Source\PSoC4/cyfitter_cfg.c ****     #ifndef CY_CFG_SECTION
  35:Generated_Source\PSoC4/cyfitter_cfg.c ****         #define CY_CFG_SECTION __attribute__ ((section(".psocinit")))
  36:Generated_Source\PSoC4/cyfitter_cfg.c ****     #endif
  37:Generated_Source\PSoC4/cyfitter_cfg.c ****     
  38:Generated_Source\PSoC4/cyfitter_cfg.c ****     #if defined(__ARMCC_VERSION)
  39:Generated_Source\PSoC4/cyfitter_cfg.c ****         #define CY_CFG_MEMORY_BARRIER() __memory_changed()
  40:Generated_Source\PSoC4/cyfitter_cfg.c ****     #else
  41:Generated_Source\PSoC4/cyfitter_cfg.c ****         #define CY_CFG_MEMORY_BARRIER() __sync_synchronize()
  42:Generated_Source\PSoC4/cyfitter_cfg.c ****     #endif
  43:Generated_Source\PSoC4/cyfitter_cfg.c ****     
  44:Generated_Source\PSoC4/cyfitter_cfg.c **** #elif defined(__ICCARM__)
  45:Generated_Source\PSoC4/cyfitter_cfg.c ****     #include <intrinsics.h>
  46:Generated_Source\PSoC4/cyfitter_cfg.c **** 
  47:Generated_Source\PSoC4/cyfitter_cfg.c ****     #define CYPACKED __packed
  48:Generated_Source\PSoC4/cyfitter_cfg.c ****     #define CYPACKED_ATTR 
  49:Generated_Source\PSoC4/cyfitter_cfg.c ****     #define CYALIGNED _Pragma("data_alignment=4")
  50:Generated_Source\PSoC4/cyfitter_cfg.c ****     #define CY_CFG_UNUSED _Pragma("diag_suppress=Pe177")
  51:Generated_Source\PSoC4/cyfitter_cfg.c ****     #define CY_CFG_SECTION _Pragma("location=\".psocinit\"")
  52:Generated_Source\PSoC4/cyfitter_cfg.c ****     
  53:Generated_Source\PSoC4/cyfitter_cfg.c ****     #define CY_CFG_MEMORY_BARRIER() __DMB()
  54:Generated_Source\PSoC4/cyfitter_cfg.c ****     
  55:Generated_Source\PSoC4/cyfitter_cfg.c **** #else
  56:Generated_Source\PSoC4/cyfitter_cfg.c ****     #error Unsupported toolchain
  57:Generated_Source\PSoC4/cyfitter_cfg.c **** #endif
  58:Generated_Source\PSoC4/cyfitter_cfg.c **** 
  59:Generated_Source\PSoC4/cyfitter_cfg.c **** #ifndef CYCODE
  60:Generated_Source\PSoC4/cyfitter_cfg.c ****     #define CYCODE
  61:Generated_Source\PSoC4/cyfitter_cfg.c **** #endif
  62:Generated_Source\PSoC4/cyfitter_cfg.c **** #ifndef CYDATA
  63:Generated_Source\PSoC4/cyfitter_cfg.c ****     #define CYDATA
  64:Generated_Source\PSoC4/cyfitter_cfg.c **** #endif
  65:Generated_Source\PSoC4/cyfitter_cfg.c **** #ifndef CYFAR
  66:Generated_Source\PSoC4/cyfitter_cfg.c ****     #define CYFAR
  67:Generated_Source\PSoC4/cyfitter_cfg.c **** #endif
  68:Generated_Source\PSoC4/cyfitter_cfg.c **** #ifndef CYXDATA
  69:Generated_Source\PSoC4/cyfitter_cfg.c ****     #define CYXDATA
  70:Generated_Source\PSoC4/cyfitter_cfg.c **** #endif
  71:Generated_Source\PSoC4/cyfitter_cfg.c **** 
  72:Generated_Source\PSoC4/cyfitter_cfg.c **** 
  73:Generated_Source\PSoC4/cyfitter_cfg.c **** CY_CFG_UNUSED
  74:Generated_Source\PSoC4/cyfitter_cfg.c **** static void CYMEMZERO(void *s, size_t n);
  75:Generated_Source\PSoC4/cyfitter_cfg.c **** CY_CFG_UNUSED
  76:Generated_Source\PSoC4/cyfitter_cfg.c **** static void CYMEMZERO(void *s, size_t n)
  77:Generated_Source\PSoC4/cyfitter_cfg.c **** {
  78:Generated_Source\PSoC4/cyfitter_cfg.c **** 	(void)memset(s, 0, n);
  79:Generated_Source\PSoC4/cyfitter_cfg.c **** }
  80:Generated_Source\PSoC4/cyfitter_cfg.c **** CY_CFG_UNUSED
  81:Generated_Source\PSoC4/cyfitter_cfg.c **** static void CYCONFIGCPY(void *dest, const void *src, size_t n);
  82:Generated_Source\PSoC4/cyfitter_cfg.c **** CY_CFG_UNUSED
  83:Generated_Source\PSoC4/cyfitter_cfg.c **** static void CYCONFIGCPY(void *dest, const void *src, size_t n)
  84:Generated_Source\PSoC4/cyfitter_cfg.c **** {
  85:Generated_Source\PSoC4/cyfitter_cfg.c **** 	(void)memcpy(dest, src, n);
  86:Generated_Source\PSoC4/cyfitter_cfg.c **** }
  87:Generated_Source\PSoC4/cyfitter_cfg.c **** CY_CFG_UNUSED
  88:Generated_Source\PSoC4/cyfitter_cfg.c **** static void CYCONFIGCPYCODE(void *dest, const void *src, size_t n);
ARM GAS  C:\Users\srhi\AppData\Local\Temp\cckiNPuV.s 			page 3


  89:Generated_Source\PSoC4/cyfitter_cfg.c **** CY_CFG_UNUSED
  90:Generated_Source\PSoC4/cyfitter_cfg.c **** static void CYCONFIGCPYCODE(void *dest, const void *src, size_t n)
  91:Generated_Source\PSoC4/cyfitter_cfg.c **** {
  92:Generated_Source\PSoC4/cyfitter_cfg.c **** 	(void)memcpy(dest, src, n);
  93:Generated_Source\PSoC4/cyfitter_cfg.c **** }
  94:Generated_Source\PSoC4/cyfitter_cfg.c **** 
  95:Generated_Source\PSoC4/cyfitter_cfg.c **** 
  96:Generated_Source\PSoC4/cyfitter_cfg.c **** 
  97:Generated_Source\PSoC4/cyfitter_cfg.c **** 
  98:Generated_Source\PSoC4/cyfitter_cfg.c **** /* Clock startup error codes                                                   */
  99:Generated_Source\PSoC4/cyfitter_cfg.c **** #define CYCLOCKSTART_NO_ERROR    0u
 100:Generated_Source\PSoC4/cyfitter_cfg.c **** #define CYCLOCKSTART_XTAL_ERROR  1u
 101:Generated_Source\PSoC4/cyfitter_cfg.c **** #define CYCLOCKSTART_32KHZ_ERROR 2u
 102:Generated_Source\PSoC4/cyfitter_cfg.c **** #define CYCLOCKSTART_PLL_ERROR   3u
 103:Generated_Source\PSoC4/cyfitter_cfg.c **** #define CYCLOCKSTART_FLL_ERROR   4u
 104:Generated_Source\PSoC4/cyfitter_cfg.c **** #define CYCLOCKSTART_WCO_ERROR   5u
 105:Generated_Source\PSoC4/cyfitter_cfg.c **** 
 106:Generated_Source\PSoC4/cyfitter_cfg.c **** 
 107:Generated_Source\PSoC4/cyfitter_cfg.c **** #ifdef CY_NEED_CYCLOCKSTARTUPERROR
 108:Generated_Source\PSoC4/cyfitter_cfg.c **** /*******************************************************************************
 109:Generated_Source\PSoC4/cyfitter_cfg.c **** * Function Name: CyClockStartupError
 110:Generated_Source\PSoC4/cyfitter_cfg.c **** ********************************************************************************
 111:Generated_Source\PSoC4/cyfitter_cfg.c **** * Summary:
 112:Generated_Source\PSoC4/cyfitter_cfg.c **** *  If an error is encountered during clock configuration (crystal startup error,
 113:Generated_Source\PSoC4/cyfitter_cfg.c **** *  PLL lock error, etc.), the system will end up here.  Unless reimplemented by
 114:Generated_Source\PSoC4/cyfitter_cfg.c **** *  the customer, this function will stop in an infinite loop.
 115:Generated_Source\PSoC4/cyfitter_cfg.c **** *
 116:Generated_Source\PSoC4/cyfitter_cfg.c **** * Parameters:
 117:Generated_Source\PSoC4/cyfitter_cfg.c **** *   void
 118:Generated_Source\PSoC4/cyfitter_cfg.c **** *
 119:Generated_Source\PSoC4/cyfitter_cfg.c **** * Return:
 120:Generated_Source\PSoC4/cyfitter_cfg.c **** *   void
 121:Generated_Source\PSoC4/cyfitter_cfg.c **** *
 122:Generated_Source\PSoC4/cyfitter_cfg.c **** *******************************************************************************/
 123:Generated_Source\PSoC4/cyfitter_cfg.c **** CY_CFG_UNUSED
 124:Generated_Source\PSoC4/cyfitter_cfg.c **** static void CyClockStartupError(uint8 errorCode);
 125:Generated_Source\PSoC4/cyfitter_cfg.c **** CY_CFG_UNUSED
 126:Generated_Source\PSoC4/cyfitter_cfg.c **** static void CyClockStartupError(uint8 errorCode)
 127:Generated_Source\PSoC4/cyfitter_cfg.c **** {
 128:Generated_Source\PSoC4/cyfitter_cfg.c ****     /* To remove the compiler warning if errorCode not used.                */
 129:Generated_Source\PSoC4/cyfitter_cfg.c ****     errorCode = errorCode;
 130:Generated_Source\PSoC4/cyfitter_cfg.c **** 
 131:Generated_Source\PSoC4/cyfitter_cfg.c ****     /* If we have a clock startup error (bad MHz crystal, PLL lock, etc.),  */
 132:Generated_Source\PSoC4/cyfitter_cfg.c ****     /* we will end up here to allow the customer to implement something to  */
 133:Generated_Source\PSoC4/cyfitter_cfg.c ****     /* deal with the clock condition.                                       */
 134:Generated_Source\PSoC4/cyfitter_cfg.c **** 
 135:Generated_Source\PSoC4/cyfitter_cfg.c **** #ifdef CY_CFG_CLOCK_STARTUP_ERROR_CALLBACK
 136:Generated_Source\PSoC4/cyfitter_cfg.c ****     CY_CFG_Clock_Startup_ErrorCallback();
 137:Generated_Source\PSoC4/cyfitter_cfg.c **** #else
 138:Generated_Source\PSoC4/cyfitter_cfg.c ****     /*  If not using CY_CFG_CLOCK_STARTUP_ERROR_CALLBACK, place your clock startup code here. */
 139:Generated_Source\PSoC4/cyfitter_cfg.c ****     /* `#START CyClockStartupError` */
 140:Generated_Source\PSoC4/cyfitter_cfg.c **** 
 141:Generated_Source\PSoC4/cyfitter_cfg.c **** 
 142:Generated_Source\PSoC4/cyfitter_cfg.c **** 
 143:Generated_Source\PSoC4/cyfitter_cfg.c ****     /* `#END` */
 144:Generated_Source\PSoC4/cyfitter_cfg.c **** 
 145:Generated_Source\PSoC4/cyfitter_cfg.c ****     while(1) {}
ARM GAS  C:\Users\srhi\AppData\Local\Temp\cckiNPuV.s 			page 4


 146:Generated_Source\PSoC4/cyfitter_cfg.c **** #endif /* CY_CFG_CLOCK_STARTUP_ERROR_CALLBACK */
 147:Generated_Source\PSoC4/cyfitter_cfg.c **** }
 148:Generated_Source\PSoC4/cyfitter_cfg.c **** #endif
 149:Generated_Source\PSoC4/cyfitter_cfg.c **** 
 150:Generated_Source\PSoC4/cyfitter_cfg.c **** #define CY_CFG_BASE_ADDR_COUNT 4u
 151:Generated_Source\PSoC4/cyfitter_cfg.c **** CYPACKED typedef struct
 152:Generated_Source\PSoC4/cyfitter_cfg.c **** {
 153:Generated_Source\PSoC4/cyfitter_cfg.c **** 	uint8 offset;
 154:Generated_Source\PSoC4/cyfitter_cfg.c **** 	uint8 value;
 155:Generated_Source\PSoC4/cyfitter_cfg.c **** } CYPACKED_ATTR cy_cfg_addrvalue_t;
 156:Generated_Source\PSoC4/cyfitter_cfg.c **** 
 157:Generated_Source\PSoC4/cyfitter_cfg.c **** 
 158:Generated_Source\PSoC4/cyfitter_cfg.c **** 
 159:Generated_Source\PSoC4/cyfitter_cfg.c **** /*******************************************************************************
 160:Generated_Source\PSoC4/cyfitter_cfg.c **** * Function Name: cfg_write_bytes32
 161:Generated_Source\PSoC4/cyfitter_cfg.c **** ********************************************************************************
 162:Generated_Source\PSoC4/cyfitter_cfg.c **** * Summary:
 163:Generated_Source\PSoC4/cyfitter_cfg.c **** *  This function is used for setting up the chip configuration areas that
 164:Generated_Source\PSoC4/cyfitter_cfg.c **** *  contain relatively sparse data.
 165:Generated_Source\PSoC4/cyfitter_cfg.c **** *
 166:Generated_Source\PSoC4/cyfitter_cfg.c **** * Parameters:
 167:Generated_Source\PSoC4/cyfitter_cfg.c **** *   void
 168:Generated_Source\PSoC4/cyfitter_cfg.c **** *
 169:Generated_Source\PSoC4/cyfitter_cfg.c **** * Return:
 170:Generated_Source\PSoC4/cyfitter_cfg.c **** *   void
 171:Generated_Source\PSoC4/cyfitter_cfg.c **** *
 172:Generated_Source\PSoC4/cyfitter_cfg.c **** *******************************************************************************/
 173:Generated_Source\PSoC4/cyfitter_cfg.c **** static void cfg_write_bytes32(const uint32 addr_table[], const cy_cfg_addrvalue_t data_table[]);
 174:Generated_Source\PSoC4/cyfitter_cfg.c **** static void cfg_write_bytes32(const uint32 addr_table[], const cy_cfg_addrvalue_t data_table[])
 175:Generated_Source\PSoC4/cyfitter_cfg.c **** {
  27              		.loc 1 175 0
  28              		.cfi_startproc
  29              		@ args = 0, pretend = 0, frame = 0
  30              		@ frame_needed = 0, uses_anonymous_args = 0
  31              	.LVL0:
  32 0000 F0B5     		push	{r4, r5, r6, r7, lr}
  33              		.cfi_def_cfa_offset 20
  34              		.cfi_offset 4, -20
  35              		.cfi_offset 5, -16
  36              		.cfi_offset 6, -12
  37              		.cfi_offset 7, -8
  38              		.cfi_offset 14, -4
  39              	.LVL1:
 176:Generated_Source\PSoC4/cyfitter_cfg.c **** 	/* For 32-bit little-endian architectures */
 177:Generated_Source\PSoC4/cyfitter_cfg.c **** 	uint32 i, j = 0u;
  40              		.loc 1 177 0
  41 0002 0025     		movs	r5, #0
 178:Generated_Source\PSoC4/cyfitter_cfg.c **** 	for (i = 0u; i < CY_CFG_BASE_ADDR_COUNT; i++)
  42              		.loc 1 178 0
  43 0004 0027     		movs	r7, #0
  44 0006 11E0     		b	.L2
  45              	.LVL2:
  46              	.L5:
  47              	.LBB2:
 179:Generated_Source\PSoC4/cyfitter_cfg.c **** 	{
 180:Generated_Source\PSoC4/cyfitter_cfg.c **** 		uint32 baseAddr = addr_table[i];
  48              		.loc 1 180 0
ARM GAS  C:\Users\srhi\AppData\Local\Temp\cckiNPuV.s 			page 5


  49 0008 BB00     		lsls	r3, r7, #2
  50 000a C658     		ldr	r6, [r0, r3]
  51              	.LVL3:
 181:Generated_Source\PSoC4/cyfitter_cfg.c **** 		uint8 count = (uint8)baseAddr;
  52              		.loc 1 181 0
  53 000c F3B2     		uxtb	r3, r6
  54              	.LVL4:
 182:Generated_Source\PSoC4/cyfitter_cfg.c **** 		baseAddr &= 0xFFFFFF00u;
  55              		.loc 1 182 0
  56 000e FF22     		movs	r2, #255
  57 0010 9643     		bics	r6, r2
  58              	.LVL5:
 183:Generated_Source\PSoC4/cyfitter_cfg.c **** 		while (count != 0u)
  59              		.loc 1 183 0
  60 0012 08E0     		b	.L3
  61              	.L4:
 184:Generated_Source\PSoC4/cyfitter_cfg.c **** 		{
 185:Generated_Source\PSoC4/cyfitter_cfg.c **** 			CY_SET_REG8((void *)(baseAddr + data_table[j].offset), data_table[j].value);
  62              		.loc 1 185 0
  63 0014 6A00     		lsls	r2, r5, #1
  64 0016 8A18     		adds	r2, r1, r2
  65 0018 1478     		ldrb	r4, [r2]
  66 001a A419     		adds	r4, r4, r6
  67 001c 5278     		ldrb	r2, [r2, #1]
  68 001e 2270     		strb	r2, [r4]
 186:Generated_Source\PSoC4/cyfitter_cfg.c **** 			j++;
  69              		.loc 1 186 0
  70 0020 0135     		adds	r5, r5, #1
  71              	.LVL6:
 187:Generated_Source\PSoC4/cyfitter_cfg.c **** 			count--;
  72              		.loc 1 187 0
  73 0022 013B     		subs	r3, r3, #1
  74              	.LVL7:
  75 0024 DBB2     		uxtb	r3, r3
  76              	.LVL8:
  77              	.L3:
 183:Generated_Source\PSoC4/cyfitter_cfg.c **** 		{
  78              		.loc 1 183 0
  79 0026 002B     		cmp	r3, #0
  80 0028 F4D1     		bne	.L4
  81              	.LBE2:
 178:Generated_Source\PSoC4/cyfitter_cfg.c **** 	{
  82              		.loc 1 178 0 discriminator 2
  83 002a 0137     		adds	r7, r7, #1
  84              	.LVL9:
  85              	.L2:
 178:Generated_Source\PSoC4/cyfitter_cfg.c **** 	{
  86              		.loc 1 178 0 is_stmt 0 discriminator 1
  87 002c 032F     		cmp	r7, #3
  88 002e EBD9     		bls	.L5
 188:Generated_Source\PSoC4/cyfitter_cfg.c **** 		}
 189:Generated_Source\PSoC4/cyfitter_cfg.c **** 	}
 190:Generated_Source\PSoC4/cyfitter_cfg.c **** }
  89              		.loc 1 190 0 is_stmt 1
  90              		@ sp needed
  91              	.LVL10:
  92              	.LVL11:
ARM GAS  C:\Users\srhi\AppData\Local\Temp\cckiNPuV.s 			page 6


  93 0030 F0BD     		pop	{r4, r5, r6, r7, pc}
  94              		.cfi_endproc
  95              	.LFE3:
  96              		.size	cfg_write_bytes32, .-cfg_write_bytes32
  97 0032 C046     		.section	.text.CYMEMZERO,"ax",%progbits
  98              		.align	2
  99              		.code	16
 100              		.thumb_func
 101              		.type	CYMEMZERO, %function
 102              	CYMEMZERO:
 103              	.LFB0:
  77:Generated_Source\PSoC4/cyfitter_cfg.c **** 	(void)memset(s, 0, n);
 104              		.loc 1 77 0
 105              		.cfi_startproc
 106              		@ args = 0, pretend = 0, frame = 0
 107              		@ frame_needed = 0, uses_anonymous_args = 0
 108              	.LVL12:
 109 0000 10B5     		push	{r4, lr}
 110              		.cfi_def_cfa_offset 8
 111              		.cfi_offset 4, -8
 112              		.cfi_offset 14, -4
 113 0002 0A00     		movs	r2, r1
  78:Generated_Source\PSoC4/cyfitter_cfg.c **** }
 114              		.loc 1 78 0
 115 0004 0021     		movs	r1, #0
 116              	.LVL13:
 117 0006 FFF7FEFF 		bl	memset
 118              	.LVL14:
  79:Generated_Source\PSoC4/cyfitter_cfg.c **** CY_CFG_UNUSED
 119              		.loc 1 79 0
 120              		@ sp needed
 121 000a 10BD     		pop	{r4, pc}
 122              		.cfi_endproc
 123              	.LFE0:
 124              		.size	CYMEMZERO, .-CYMEMZERO
 125              		.section	.psocinit,"ax",%progbits
 126              		.align	2
 127              		.code	16
 128              		.thumb_func
 129              		.type	ClockSetup, %function
 130              	ClockSetup:
 131              	.LFB4:
 191:Generated_Source\PSoC4/cyfitter_cfg.c **** 
 192:Generated_Source\PSoC4/cyfitter_cfg.c **** 
 193:Generated_Source\PSoC4/cyfitter_cfg.c **** /*******************************************************************************
 194:Generated_Source\PSoC4/cyfitter_cfg.c **** * Function Name: ClockSetup
 195:Generated_Source\PSoC4/cyfitter_cfg.c **** ********************************************************************************
 196:Generated_Source\PSoC4/cyfitter_cfg.c **** *
 197:Generated_Source\PSoC4/cyfitter_cfg.c **** * Summary:
 198:Generated_Source\PSoC4/cyfitter_cfg.c **** *   Performs the initialization of all of the clocks in the device based on the
 199:Generated_Source\PSoC4/cyfitter_cfg.c **** *   settings in the Clock tab of the DWR.  This includes enabling the requested
 200:Generated_Source\PSoC4/cyfitter_cfg.c **** *   clocks and setting the necessary dividers to produce the desired frequency. 
 201:Generated_Source\PSoC4/cyfitter_cfg.c **** *
 202:Generated_Source\PSoC4/cyfitter_cfg.c **** * Parameters:
 203:Generated_Source\PSoC4/cyfitter_cfg.c **** *   void
 204:Generated_Source\PSoC4/cyfitter_cfg.c **** *
 205:Generated_Source\PSoC4/cyfitter_cfg.c **** * Return:
ARM GAS  C:\Users\srhi\AppData\Local\Temp\cckiNPuV.s 			page 7


 206:Generated_Source\PSoC4/cyfitter_cfg.c **** *   void
 207:Generated_Source\PSoC4/cyfitter_cfg.c **** *
 208:Generated_Source\PSoC4/cyfitter_cfg.c **** *******************************************************************************/
 209:Generated_Source\PSoC4/cyfitter_cfg.c **** static void ClockSetup(void);
 210:Generated_Source\PSoC4/cyfitter_cfg.c **** CY_CFG_SECTION
 211:Generated_Source\PSoC4/cyfitter_cfg.c **** static void ClockSetup(void)
 212:Generated_Source\PSoC4/cyfitter_cfg.c **** {
 132              		.loc 1 212 0
 133              		.cfi_startproc
 134              		@ args = 0, pretend = 0, frame = 0
 135              		@ frame_needed = 0, uses_anonymous_args = 0
 136 0000 70B5     		push	{r4, r5, r6, lr}
 137              		.cfi_def_cfa_offset 16
 138              		.cfi_offset 4, -16
 139              		.cfi_offset 5, -12
 140              		.cfi_offset 6, -8
 141              		.cfi_offset 14, -4
 213:Generated_Source\PSoC4/cyfitter_cfg.c **** 	/* Enable HALF_EN before trimming for the flash accelerator. */
 214:Generated_Source\PSoC4/cyfitter_cfg.c **** 	CY_SET_REG32((void CYXDATA *)(CYREG_CLK_SELECT), (CY_GET_REG32((void *)CYREG_CLK_SELECT) | 0x00040
 142              		.loc 1 214 0
 143 0002 164C     		ldr	r4, .L8
 144 0004 2368     		ldr	r3, [r4]
 145 0006 8022     		movs	r2, #128
 146 0008 D202     		lsls	r2, r2, #11
 147 000a 1343     		orrs	r3, r2
 148 000c 2360     		str	r3, [r4]
 215:Generated_Source\PSoC4/cyfitter_cfg.c **** 
 216:Generated_Source\PSoC4/cyfitter_cfg.c **** 	/* Setup and trim IMO based on desired frequency. */
 217:Generated_Source\PSoC4/cyfitter_cfg.c **** 	CySysClkWriteImoFreq(24u);
 149              		.loc 1 217 0
 150 000e 1820     		movs	r0, #24
 151 0010 FFF7FEFF 		bl	CySysClkWriteImoFreq
 152              	.LVL15:
 218:Generated_Source\PSoC4/cyfitter_cfg.c **** 
 219:Generated_Source\PSoC4/cyfitter_cfg.c **** 	/* Disable HALF_EN since it is not required at this IMO frequency. */
 220:Generated_Source\PSoC4/cyfitter_cfg.c **** 	CY_SET_REG32((void CYXDATA *)(CYREG_CLK_SELECT), (CY_GET_REG32((void *)CYREG_CLK_SELECT) & 0xFFFBF
 153              		.loc 1 220 0
 154 0014 2268     		ldr	r2, [r4]
 155 0016 124B     		ldr	r3, .L8+4
 156 0018 1340     		ands	r3, r2
 157 001a 2360     		str	r3, [r4]
 221:Generated_Source\PSoC4/cyfitter_cfg.c **** 	/* CYDEV_CLK_ILO_CONFIG Starting address: CYDEV_CLK_ILO_CONFIG */
 222:Generated_Source\PSoC4/cyfitter_cfg.c **** 	CY_SET_REG32((void *)(CYREG_CLK_ILO_CONFIG), 0x80000006u);
 158              		.loc 1 222 0
 159 001c 114A     		ldr	r2, .L8+8
 160 001e 124B     		ldr	r3, .L8+12
 161 0020 1A60     		str	r2, [r3]
 223:Generated_Source\PSoC4/cyfitter_cfg.c **** 
 224:Generated_Source\PSoC4/cyfitter_cfg.c **** 
 225:Generated_Source\PSoC4/cyfitter_cfg.c **** 	/* CYDEV_CLK_SELECT00 Starting address: CYDEV_CLK_SELECT00 */
 226:Generated_Source\PSoC4/cyfitter_cfg.c **** 	CY_SET_REG32((void *)(CYREG_CLK_SELECT07), 0x00000020u);
 162              		.loc 1 226 0
 163 0022 2022     		movs	r2, #32
 164 0024 114B     		ldr	r3, .L8+16
 165 0026 1A60     		str	r2, [r3]
 227:Generated_Source\PSoC4/cyfitter_cfg.c **** 	CY_SET_REG32((void *)(CYREG_CLK_SELECT08), 0x00000010u);
 166              		.loc 1 227 0
ARM GAS  C:\Users\srhi\AppData\Local\Temp\cckiNPuV.s 			page 8


 167 0028 103A     		subs	r2, r2, #16
 168 002a 114B     		ldr	r3, .L8+20
 169 002c 1A60     		str	r2, [r3]
 228:Generated_Source\PSoC4/cyfitter_cfg.c **** 
 229:Generated_Source\PSoC4/cyfitter_cfg.c **** 	/* CYDEV_CLK_IMO_CONFIG Starting address: CYDEV_CLK_IMO_CONFIG */
 230:Generated_Source\PSoC4/cyfitter_cfg.c **** 	CY_SET_REG32((void *)(CYREG_CLK_IMO_CONFIG), 0x82000000u);
 170              		.loc 1 230 0
 171 002e 8222     		movs	r2, #130
 172 0030 1206     		lsls	r2, r2, #24
 173 0032 104B     		ldr	r3, .L8+24
 174 0034 1A60     		str	r2, [r3]
 231:Generated_Source\PSoC4/cyfitter_cfg.c **** 
 232:Generated_Source\PSoC4/cyfitter_cfg.c **** 	/* CYDEV_CLK_SELECT Starting address: CYDEV_CLK_SELECT */
 233:Generated_Source\PSoC4/cyfitter_cfg.c **** 	CY_SET_REG32((void *)(CYREG_CLK_SELECT), 0x00000000u);
 175              		.loc 1 233 0
 176 0036 0025     		movs	r5, #0
 177 0038 2560     		str	r5, [r4]
 234:Generated_Source\PSoC4/cyfitter_cfg.c **** 
 235:Generated_Source\PSoC4/cyfitter_cfg.c **** 	/* CYDEV_CLK_DIVIDER_A00 Starting address: CYDEV_CLK_DIVIDER_A00 */
 236:Generated_Source\PSoC4/cyfitter_cfg.c **** 	CY_SET_REG32((void *)(CYREG_CLK_DIVIDER_A00), 0x80000000u);
 178              		.loc 1 236 0
 179 003a 8022     		movs	r2, #128
 180 003c 1206     		lsls	r2, r2, #24
 181 003e 0E4B     		ldr	r3, .L8+28
 182 0040 1A60     		str	r2, [r3]
 237:Generated_Source\PSoC4/cyfitter_cfg.c **** 
 238:Generated_Source\PSoC4/cyfitter_cfg.c **** 	/* CYDEV_CLK_DIVIDER_B00 Starting address: CYDEV_CLK_DIVIDER_B00 */
 239:Generated_Source\PSoC4/cyfitter_cfg.c **** 	CY_SET_REG32((void *)(CYREG_CLK_DIVIDER_B00), 0x80000014u);
 183              		.loc 1 239 0
 184 0042 0E4A     		ldr	r2, .L8+32
 185 0044 0E4B     		ldr	r3, .L8+36
 186 0046 1A60     		str	r2, [r3]
 240:Generated_Source\PSoC4/cyfitter_cfg.c **** 
 241:Generated_Source\PSoC4/cyfitter_cfg.c **** 	(void)CyIntSetVector(9u, &CySysWdtIsr);
 187              		.loc 1 241 0
 188 0048 0E49     		ldr	r1, .L8+40
 189 004a 0920     		movs	r0, #9
 190 004c FFF7FEFF 		bl	CyIntSetVector
 191              	.LVL16:
 242:Generated_Source\PSoC4/cyfitter_cfg.c **** 	CyIntEnable(9u);
 192              		.loc 1 242 0
 193 0050 0920     		movs	r0, #9
 194 0052 FFF7FEFF 		bl	CyIntEnable
 195              	.LVL17:
 243:Generated_Source\PSoC4/cyfitter_cfg.c **** 	CY_SET_REG32((void *)(CYREG_WDT_CONFIG), 0x00000000u);
 196              		.loc 1 243 0
 197 0056 0C4B     		ldr	r3, .L8+44
 198 0058 1D60     		str	r5, [r3]
 244:Generated_Source\PSoC4/cyfitter_cfg.c **** }
 199              		.loc 1 244 0
 200              		@ sp needed
 201 005a 70BD     		pop	{r4, r5, r6, pc}
 202              	.L9:
 203              		.align	2
 204              	.L8:
 205 005c 00010B40 		.word	1074462976
 206 0060 FFFFFBFF 		.word	-262145
ARM GAS  C:\Users\srhi\AppData\Local\Temp\cckiNPuV.s 			page 9


 207 0064 06000080 		.word	-2147483642
 208 0068 04010B40 		.word	1074462980
 209 006c 1C020240 		.word	1073873436
 210 0070 20020240 		.word	1073873440
 211 0074 08010B40 		.word	1074462984
 212 0078 00000240 		.word	1073872896
 213 007c 14000080 		.word	-2147483628
 214 0080 40000240 		.word	1073872960
 215 0084 00000000 		.word	CySysWdtIsr
 216 0088 0C020B40 		.word	1074463244
 217              		.cfi_endproc
 218              	.LFE4:
 219              		.size	ClockSetup, .-ClockSetup
 220              		.section	.text.SetAnalogRoutingPumps,"ax",%progbits
 221              		.align	2
 222              		.global	SetAnalogRoutingPumps
 223              		.code	16
 224              		.thumb_func
 225              		.type	SetAnalogRoutingPumps, %function
 226              	SetAnalogRoutingPumps:
 227              	.LFB6:
 245:Generated_Source\PSoC4/cyfitter_cfg.c **** 
 246:Generated_Source\PSoC4/cyfitter_cfg.c **** 
 247:Generated_Source\PSoC4/cyfitter_cfg.c **** /* Analog API Functions */
 248:Generated_Source\PSoC4/cyfitter_cfg.c **** 
 249:Generated_Source\PSoC4/cyfitter_cfg.c **** 
 250:Generated_Source\PSoC4/cyfitter_cfg.c **** /*******************************************************************************
 251:Generated_Source\PSoC4/cyfitter_cfg.c **** * Function Name: AnalogSetDefault
 252:Generated_Source\PSoC4/cyfitter_cfg.c **** ********************************************************************************
 253:Generated_Source\PSoC4/cyfitter_cfg.c **** *
 254:Generated_Source\PSoC4/cyfitter_cfg.c **** * Summary:
 255:Generated_Source\PSoC4/cyfitter_cfg.c **** *  Sets up the analog portions of the chip to default values based on chip
 256:Generated_Source\PSoC4/cyfitter_cfg.c **** *  configuration options from the project.
 257:Generated_Source\PSoC4/cyfitter_cfg.c **** *
 258:Generated_Source\PSoC4/cyfitter_cfg.c **** * Parameters:
 259:Generated_Source\PSoC4/cyfitter_cfg.c **** *  void
 260:Generated_Source\PSoC4/cyfitter_cfg.c **** *
 261:Generated_Source\PSoC4/cyfitter_cfg.c **** * Return:
 262:Generated_Source\PSoC4/cyfitter_cfg.c **** *  void
 263:Generated_Source\PSoC4/cyfitter_cfg.c **** *
 264:Generated_Source\PSoC4/cyfitter_cfg.c **** *******************************************************************************/
 265:Generated_Source\PSoC4/cyfitter_cfg.c **** static void AnalogSetDefault(void);
 266:Generated_Source\PSoC4/cyfitter_cfg.c **** static void AnalogSetDefault(void)
 267:Generated_Source\PSoC4/cyfitter_cfg.c **** {
 268:Generated_Source\PSoC4/cyfitter_cfg.c **** 	CY_SET_XTND_REG32((void CYFAR *)CYREG_SAR_MUX_SWITCH0, 0x00000001u);
 269:Generated_Source\PSoC4/cyfitter_cfg.c **** 	SetAnalogRoutingPumps(1);
 270:Generated_Source\PSoC4/cyfitter_cfg.c **** }
 271:Generated_Source\PSoC4/cyfitter_cfg.c **** 
 272:Generated_Source\PSoC4/cyfitter_cfg.c **** 
 273:Generated_Source\PSoC4/cyfitter_cfg.c **** /*******************************************************************************
 274:Generated_Source\PSoC4/cyfitter_cfg.c **** * Function Name: SetAnalogRoutingPumps
 275:Generated_Source\PSoC4/cyfitter_cfg.c **** ********************************************************************************
 276:Generated_Source\PSoC4/cyfitter_cfg.c **** *
 277:Generated_Source\PSoC4/cyfitter_cfg.c **** * Summary:
 278:Generated_Source\PSoC4/cyfitter_cfg.c **** * Enables or disables the analog pumps feeding analog routing switches.
 279:Generated_Source\PSoC4/cyfitter_cfg.c **** * Intended to be called at startup, based on the Vdda system configuration;
 280:Generated_Source\PSoC4/cyfitter_cfg.c **** * may be called during operation when the user informs us that the Vdda voltage crossed the pump th
ARM GAS  C:\Users\srhi\AppData\Local\Temp\cckiNPuV.s 			page 10


 281:Generated_Source\PSoC4/cyfitter_cfg.c **** *
 282:Generated_Source\PSoC4/cyfitter_cfg.c **** * Parameters:
 283:Generated_Source\PSoC4/cyfitter_cfg.c **** *  enabled - 1 to enable the pumps, 0 to disable the pumps
 284:Generated_Source\PSoC4/cyfitter_cfg.c **** *
 285:Generated_Source\PSoC4/cyfitter_cfg.c **** * Return:
 286:Generated_Source\PSoC4/cyfitter_cfg.c **** *  void
 287:Generated_Source\PSoC4/cyfitter_cfg.c **** *
 288:Generated_Source\PSoC4/cyfitter_cfg.c **** *******************************************************************************/
 289:Generated_Source\PSoC4/cyfitter_cfg.c **** void SetAnalogRoutingPumps(uint8 enabled)
 290:Generated_Source\PSoC4/cyfitter_cfg.c **** {
 228              		.loc 1 290 0
 229              		.cfi_startproc
 230              		@ args = 0, pretend = 0, frame = 0
 231              		@ frame_needed = 0, uses_anonymous_args = 0
 232              		@ link register save eliminated.
 233              	.LVL18:
 291:Generated_Source\PSoC4/cyfitter_cfg.c **** 	uint32 regValue = CY_GET_XTND_REG32((void *)(CYREG_SAR_PUMP_CTRL));
 234              		.loc 1 291 0
 235 0000 064B     		ldr	r3, .L13
 236 0002 1B68     		ldr	r3, [r3]
 237              	.LVL19:
 292:Generated_Source\PSoC4/cyfitter_cfg.c **** 	if (enabled != 0u)
 238              		.loc 1 292 0
 239 0004 0028     		cmp	r0, #0
 240 0006 03D0     		beq	.L11
 293:Generated_Source\PSoC4/cyfitter_cfg.c **** 	{
 294:Generated_Source\PSoC4/cyfitter_cfg.c **** 		regValue |= 0x80000000u;
 241              		.loc 1 294 0
 242 0008 8022     		movs	r2, #128
 243 000a 1206     		lsls	r2, r2, #24
 244 000c 1343     		orrs	r3, r2
 245              	.LVL20:
 246 000e 01E0     		b	.L12
 247              	.L11:
 295:Generated_Source\PSoC4/cyfitter_cfg.c **** 	}
 296:Generated_Source\PSoC4/cyfitter_cfg.c **** 	else
 297:Generated_Source\PSoC4/cyfitter_cfg.c **** 	{
 298:Generated_Source\PSoC4/cyfitter_cfg.c **** 		regValue &= ~0x80000000u;
 248              		.loc 1 298 0
 249 0010 5B00     		lsls	r3, r3, #1
 250              	.LVL21:
 251 0012 5B08     		lsrs	r3, r3, #1
 252              	.LVL22:
 253              	.L12:
 299:Generated_Source\PSoC4/cyfitter_cfg.c **** 	}
 300:Generated_Source\PSoC4/cyfitter_cfg.c **** 	CY_SET_XTND_REG32((void *)(CYREG_SAR_PUMP_CTRL), regValue);
 254              		.loc 1 300 0
 255 0014 014A     		ldr	r2, .L13
 256 0016 1360     		str	r3, [r2]
 301:Generated_Source\PSoC4/cyfitter_cfg.c **** }
 257              		.loc 1 301 0
 258              		@ sp needed
 259 0018 7047     		bx	lr
 260              	.L14:
 261 001a C046     		.align	2
 262              	.L13:
 263 001c 80031A40 		.word	1075446656
ARM GAS  C:\Users\srhi\AppData\Local\Temp\cckiNPuV.s 			page 11


 264              		.cfi_endproc
 265              	.LFE6:
 266              		.size	SetAnalogRoutingPumps, .-SetAnalogRoutingPumps
 267              		.section	.text.AnalogSetDefault,"ax",%progbits
 268              		.align	2
 269              		.code	16
 270              		.thumb_func
 271              		.type	AnalogSetDefault, %function
 272              	AnalogSetDefault:
 273              	.LFB5:
 267:Generated_Source\PSoC4/cyfitter_cfg.c **** 	CY_SET_XTND_REG32((void CYFAR *)CYREG_SAR_MUX_SWITCH0, 0x00000001u);
 274              		.loc 1 267 0
 275              		.cfi_startproc
 276              		@ args = 0, pretend = 0, frame = 0
 277              		@ frame_needed = 0, uses_anonymous_args = 0
 278 0000 10B5     		push	{r4, lr}
 279              		.cfi_def_cfa_offset 8
 280              		.cfi_offset 4, -8
 281              		.cfi_offset 14, -4
 268:Generated_Source\PSoC4/cyfitter_cfg.c **** 	SetAnalogRoutingPumps(1);
 282              		.loc 1 268 0
 283 0002 0122     		movs	r2, #1
 284 0004 024B     		ldr	r3, .L16
 285 0006 1A60     		str	r2, [r3]
 269:Generated_Source\PSoC4/cyfitter_cfg.c **** }
 286              		.loc 1 269 0
 287 0008 0120     		movs	r0, #1
 288 000a FFF7FEFF 		bl	SetAnalogRoutingPumps
 289              	.LVL23:
 270:Generated_Source\PSoC4/cyfitter_cfg.c **** 
 290              		.loc 1 270 0
 291              		@ sp needed
 292 000e 10BD     		pop	{r4, pc}
 293              	.L17:
 294              		.align	2
 295              	.L16:
 296 0010 00031A40 		.word	1075446528
 297              		.cfi_endproc
 298              	.LFE5:
 299              		.size	AnalogSetDefault, .-AnalogSetDefault
 300              		.section	.psocinit
 301              		.align	2
 302              		.global	cyfitter_cfg
 303              		.code	16
 304              		.thumb_func
 305              		.type	cyfitter_cfg, %function
 306              	cyfitter_cfg:
 307              	.LFB7:
 302:Generated_Source\PSoC4/cyfitter_cfg.c **** 
 303:Generated_Source\PSoC4/cyfitter_cfg.c **** 
 304:Generated_Source\PSoC4/cyfitter_cfg.c **** 
 305:Generated_Source\PSoC4/cyfitter_cfg.c **** 
 306:Generated_Source\PSoC4/cyfitter_cfg.c **** /*******************************************************************************
 307:Generated_Source\PSoC4/cyfitter_cfg.c **** * Function Name: cyfitter_cfg
 308:Generated_Source\PSoC4/cyfitter_cfg.c **** ********************************************************************************
 309:Generated_Source\PSoC4/cyfitter_cfg.c **** * Summary:
 310:Generated_Source\PSoC4/cyfitter_cfg.c **** *  This function is called by the start-up code for the selected device. It
ARM GAS  C:\Users\srhi\AppData\Local\Temp\cckiNPuV.s 			page 12


 311:Generated_Source\PSoC4/cyfitter_cfg.c **** *  performs all of the necessary device configuration based on the design
 312:Generated_Source\PSoC4/cyfitter_cfg.c **** *  settings.  This includes settings from the Design Wide Resources (DWR) such
 313:Generated_Source\PSoC4/cyfitter_cfg.c **** *  as Clocks and Pins as well as any component configuration that is necessary.
 314:Generated_Source\PSoC4/cyfitter_cfg.c **** *
 315:Generated_Source\PSoC4/cyfitter_cfg.c **** * Parameters:
 316:Generated_Source\PSoC4/cyfitter_cfg.c **** *   void
 317:Generated_Source\PSoC4/cyfitter_cfg.c **** *
 318:Generated_Source\PSoC4/cyfitter_cfg.c **** * Return:
 319:Generated_Source\PSoC4/cyfitter_cfg.c **** *   void
 320:Generated_Source\PSoC4/cyfitter_cfg.c **** *
 321:Generated_Source\PSoC4/cyfitter_cfg.c **** *******************************************************************************/
 322:Generated_Source\PSoC4/cyfitter_cfg.c **** CY_CFG_SECTION
 323:Generated_Source\PSoC4/cyfitter_cfg.c **** void cyfitter_cfg(void)
 324:Generated_Source\PSoC4/cyfitter_cfg.c **** {
 308              		.loc 1 324 0
 309              		.cfi_startproc
 310              		@ args = 0, pretend = 0, frame = 0
 311              		@ frame_needed = 0, uses_anonymous_args = 0
 312 008c 10B5     		push	{r4, lr}
 313              		.cfi_def_cfa_offset 8
 314              		.cfi_offset 4, -8
 315              		.cfi_offset 14, -4
 325:Generated_Source\PSoC4/cyfitter_cfg.c **** 	/* Disable interrupts by default. Let user enable if/when they want. */
 326:Generated_Source\PSoC4/cyfitter_cfg.c **** 	CyGlobalIntDisable;
 316              		.loc 1 326 0
 317              		.syntax divided
 318              	@ 326 "Generated_Source\PSoC4\cyfitter_cfg.c" 1
 319 008e 72B6     		CPSID   i
 320              	@ 0 "" 2
 321              	.LVL24:
 322              		.thumb
 323              		.syntax unified
 324              	.LBB3:
 327:Generated_Source\PSoC4/cyfitter_cfg.c **** 
 328:Generated_Source\PSoC4/cyfitter_cfg.c **** 	{
 329:Generated_Source\PSoC4/cyfitter_cfg.c **** 		static const uint32 CYCODE cy_cfg_addr_table[] = {
 330:Generated_Source\PSoC4/cyfitter_cfg.c **** 			0x400F3301u, /* Base address: 0x400F3300 Count: 1 */
 331:Generated_Source\PSoC4/cyfitter_cfg.c **** 			0x400F4002u, /* Base address: 0x400F4000 Count: 2 */
 332:Generated_Source\PSoC4/cyfitter_cfg.c **** 			0x400F4102u, /* Base address: 0x400F4100 Count: 2 */
 333:Generated_Source\PSoC4/cyfitter_cfg.c **** 			0x400F4304u, /* Base address: 0x400F4300 Count: 4 */
 334:Generated_Source\PSoC4/cyfitter_cfg.c **** 		};
 335:Generated_Source\PSoC4/cyfitter_cfg.c **** 
 336:Generated_Source\PSoC4/cyfitter_cfg.c **** 		static const cy_cfg_addrvalue_t CYCODE cy_cfg_data_table[] = {
 337:Generated_Source\PSoC4/cyfitter_cfg.c **** 			{0xE2u, 0x80u},
 338:Generated_Source\PSoC4/cyfitter_cfg.c **** 			{0x53u, 0x04u},
 339:Generated_Source\PSoC4/cyfitter_cfg.c **** 			{0xD4u, 0x20u},
 340:Generated_Source\PSoC4/cyfitter_cfg.c **** 			{0x8Bu, 0x04u},
 341:Generated_Source\PSoC4/cyfitter_cfg.c **** 			{0x97u, 0x08u},
 342:Generated_Source\PSoC4/cyfitter_cfg.c **** 			{0x20u, 0x02u},
 343:Generated_Source\PSoC4/cyfitter_cfg.c **** 			{0x88u, 0x01u},
 344:Generated_Source\PSoC4/cyfitter_cfg.c **** 			{0xC8u, 0x08u},
 345:Generated_Source\PSoC4/cyfitter_cfg.c **** 			{0xE2u, 0x01u},
 346:Generated_Source\PSoC4/cyfitter_cfg.c **** 		};
 347:Generated_Source\PSoC4/cyfitter_cfg.c **** 
 348:Generated_Source\PSoC4/cyfitter_cfg.c **** 
 349:Generated_Source\PSoC4/cyfitter_cfg.c **** 
 350:Generated_Source\PSoC4/cyfitter_cfg.c **** 		CYPACKED typedef struct {
ARM GAS  C:\Users\srhi\AppData\Local\Temp\cckiNPuV.s 			page 13


 351:Generated_Source\PSoC4/cyfitter_cfg.c **** 			void CYFAR *address;
 352:Generated_Source\PSoC4/cyfitter_cfg.c **** 			uint16 size;
 353:Generated_Source\PSoC4/cyfitter_cfg.c **** 		} CYPACKED_ATTR cfg_memset_t;
 354:Generated_Source\PSoC4/cyfitter_cfg.c **** 
 355:Generated_Source\PSoC4/cyfitter_cfg.c **** 		static const cfg_memset_t CYCODE cfg_memset_list[] = {
 356:Generated_Source\PSoC4/cyfitter_cfg.c **** 			/* address, size */
 357:Generated_Source\PSoC4/cyfitter_cfg.c **** 			{(void CYFAR *)(CYDEV_UDB_P0_U0_BASE), 1024u},
 358:Generated_Source\PSoC4/cyfitter_cfg.c **** 			{(void CYFAR *)(CYDEV_UDB_DSI0_BASE), 1024u},
 359:Generated_Source\PSoC4/cyfitter_cfg.c **** 		};
 360:Generated_Source\PSoC4/cyfitter_cfg.c **** 
 361:Generated_Source\PSoC4/cyfitter_cfg.c **** 		uint8 CYDATA i;
 362:Generated_Source\PSoC4/cyfitter_cfg.c **** 
 363:Generated_Source\PSoC4/cyfitter_cfg.c **** 		/* Zero out critical memory blocks before beginning configuration */
 364:Generated_Source\PSoC4/cyfitter_cfg.c **** 		for (i = 0u; i < (sizeof(cfg_memset_list)/sizeof(cfg_memset_list[0])); i++)
 325              		.loc 1 364 0
 326 0090 0024     		movs	r4, #0
 327 0092 0FE0     		b	.L19
 328              	.LVL25:
 329              	.L20:
 330              	.LBB4:
 365:Generated_Source\PSoC4/cyfitter_cfg.c **** 		{
 366:Generated_Source\PSoC4/cyfitter_cfg.c **** 			const cfg_memset_t CYCODE * CYDATA ms = &cfg_memset_list[i];
 367:Generated_Source\PSoC4/cyfitter_cfg.c **** 			CYMEMZERO(ms->address, (size_t)(uint32)(ms->size));
 331              		.loc 1 367 0 discriminator 3
 332 0094 2848     		ldr	r0, .L21
 333 0096 6200     		lsls	r2, r4, #1
 334 0098 1319     		adds	r3, r2, r4
 335 009a 5900     		lsls	r1, r3, #1
 336 009c 0B00     		movs	r3, r1
 337 009e 4118     		adds	r1, r0, r1
 338 00a0 8988     		ldrh	r1, [r1, #4]
 339 00a2 1A5A     		ldrh	r2, [r3, r0]
 340 00a4 C318     		adds	r3, r0, r3
 341 00a6 5888     		ldrh	r0, [r3, #2]
 342 00a8 0004     		lsls	r0, r0, #16
 343 00aa 1043     		orrs	r0, r2
 344 00ac FFF7FEFF 		bl	CYMEMZERO
 345              	.LVL26:
 346              	.LBE4:
 364:Generated_Source\PSoC4/cyfitter_cfg.c **** 		{
 347              		.loc 1 364 0 discriminator 3
 348 00b0 0134     		adds	r4, r4, #1
 349              	.LVL27:
 350 00b2 E4B2     		uxtb	r4, r4
 351              	.LVL28:
 352              	.L19:
 364:Generated_Source\PSoC4/cyfitter_cfg.c **** 		{
 353              		.loc 1 364 0 is_stmt 0 discriminator 1
 354 00b4 012C     		cmp	r4, #1
 355 00b6 EDD9     		bls	.L20
 368:Generated_Source\PSoC4/cyfitter_cfg.c **** 		}
 369:Generated_Source\PSoC4/cyfitter_cfg.c **** 
 370:Generated_Source\PSoC4/cyfitter_cfg.c **** 		cfg_write_bytes32(cy_cfg_addr_table, cy_cfg_data_table);
 356              		.loc 1 370 0 is_stmt 1
 357 00b8 1F48     		ldr	r0, .L21
 358 00ba 0100     		movs	r1, r0
 359 00bc 0C31     		adds	r1, r1, #12
ARM GAS  C:\Users\srhi\AppData\Local\Temp\cckiNPuV.s 			page 14


 360 00be 2030     		adds	r0, r0, #32
 361 00c0 FFF7FEFF 		bl	cfg_write_bytes32
 362              	.LVL29:
 371:Generated_Source\PSoC4/cyfitter_cfg.c **** 
 372:Generated_Source\PSoC4/cyfitter_cfg.c **** 		/* HSIOM Starting address: CYDEV_HSIOM_BASE */
 373:Generated_Source\PSoC4/cyfitter_cfg.c **** 		CY_SET_REG32((void *)(CYDEV_HSIOM_BASE), 0x00003000u);
 363              		.loc 1 373 0
 364 00c4 C022     		movs	r2, #192
 365 00c6 9201     		lsls	r2, r2, #6
 366 00c8 1C4B     		ldr	r3, .L21+4
 367 00ca 1A60     		str	r2, [r3]
 374:Generated_Source\PSoC4/cyfitter_cfg.c **** 		CY_SET_REG32((void *)(CYREG_HSIOM_PORT_SEL3), 0x0000EE00u);
 368              		.loc 1 374 0
 369 00cc EE22     		movs	r2, #238
 370 00ce 1202     		lsls	r2, r2, #8
 371 00d0 1B4B     		ldr	r3, .L21+8
 372 00d2 1A60     		str	r2, [r3]
 375:Generated_Source\PSoC4/cyfitter_cfg.c **** 
 376:Generated_Source\PSoC4/cyfitter_cfg.c **** 		/* UDB_PA_0 Starting address: CYDEV_UDB_PA0_BASE */
 377:Generated_Source\PSoC4/cyfitter_cfg.c **** 		CY_SET_REG32((void *)(CYDEV_UDB_PA0_BASE), 0x00990000u);
 373              		.loc 1 377 0
 374 00d4 9923     		movs	r3, #153
 375 00d6 1B04     		lsls	r3, r3, #16
 376 00d8 1A4A     		ldr	r2, .L21+12
 377 00da 1360     		str	r3, [r2]
 378:Generated_Source\PSoC4/cyfitter_cfg.c **** 		CY_SET_REG32((void *)(CYREG_UDB_PA0_CFG8), 0x00150000u);
 378              		.loc 1 378 0
 379 00dc A821     		movs	r1, #168
 380 00de 4903     		lsls	r1, r1, #13
 381 00e0 194A     		ldr	r2, .L21+16
 382 00e2 1160     		str	r1, [r2]
 379:Generated_Source\PSoC4/cyfitter_cfg.c **** 
 380:Generated_Source\PSoC4/cyfitter_cfg.c **** 		/* UDB_PA_1 Starting address: CYDEV_UDB_PA1_BASE */
 381:Generated_Source\PSoC4/cyfitter_cfg.c **** 		CY_SET_REG32((void *)(CYDEV_UDB_PA1_BASE), 0x00990000u);
 383              		.loc 1 381 0
 384 00e4 194A     		ldr	r2, .L21+20
 385 00e6 1360     		str	r3, [r2]
 382:Generated_Source\PSoC4/cyfitter_cfg.c **** 
 383:Generated_Source\PSoC4/cyfitter_cfg.c **** 		/* UDB_PA_2 Starting address: CYDEV_UDB_PA2_BASE */
 384:Generated_Source\PSoC4/cyfitter_cfg.c **** 		CY_SET_REG32((void *)(CYDEV_UDB_PA2_BASE), 0x00990000u);
 386              		.loc 1 384 0
 387 00e8 194A     		ldr	r2, .L21+24
 388 00ea 1360     		str	r3, [r2]
 385:Generated_Source\PSoC4/cyfitter_cfg.c **** 
 386:Generated_Source\PSoC4/cyfitter_cfg.c **** 		/* UDB_PA_3 Starting address: CYDEV_UDB_PA3_BASE */
 387:Generated_Source\PSoC4/cyfitter_cfg.c **** 		CY_SET_REG32((void *)(CYDEV_UDB_PA3_BASE), 0x00990000u);
 389              		.loc 1 387 0
 390 00ec 194A     		ldr	r2, .L21+28
 391 00ee 1360     		str	r3, [r2]
 388:Generated_Source\PSoC4/cyfitter_cfg.c **** 
 389:Generated_Source\PSoC4/cyfitter_cfg.c **** 		/* Enable digital routing */
 390:Generated_Source\PSoC4/cyfitter_cfg.c **** 		CY_SET_XTND_REG8((void *)CYREG_UDB_UDBIF_BANK_CTL, (uint8)(CY_GET_XTND_REG8((void *)CYREG_UDB_UDB
 392              		.loc 1 390 0
 393 00f0 194A     		ldr	r2, .L21+32
 394 00f2 1178     		ldrb	r1, [r2]
 395 00f4 0623     		movs	r3, #6
 396 00f6 0B43     		orrs	r3, r1
ARM GAS  C:\Users\srhi\AppData\Local\Temp\cckiNPuV.s 			page 15


 397 00f8 DBB2     		uxtb	r3, r3
 398 00fa 1370     		strb	r3, [r2]
 399              	.LBE3:
 391:Generated_Source\PSoC4/cyfitter_cfg.c **** 	}
 392:Generated_Source\PSoC4/cyfitter_cfg.c **** 
 393:Generated_Source\PSoC4/cyfitter_cfg.c **** 	/* Perform second pass device configuration. These items must be configured in specific order afte
 394:Generated_Source\PSoC4/cyfitter_cfg.c **** 	/* IOPINS0_0 Starting address: CYDEV_PRT0_BASE */
 395:Generated_Source\PSoC4/cyfitter_cfg.c **** 	CY_SET_REG32((void *)(CYDEV_PRT0_BASE), 0x0000000Cu);
 400              		.loc 1 395 0
 401 00fc 0C22     		movs	r2, #12
 402 00fe 174B     		ldr	r3, .L21+36
 403 0100 1A60     		str	r2, [r3]
 396:Generated_Source\PSoC4/cyfitter_cfg.c **** 	CY_SET_REG32((void *)(CYREG_PRT0_PC), 0x00000D80u);
 404              		.loc 1 396 0
 405 0102 D823     		movs	r3, #216
 406 0104 1B01     		lsls	r3, r3, #4
 407 0106 164A     		ldr	r2, .L21+40
 408 0108 1360     		str	r3, [r2]
 397:Generated_Source\PSoC4/cyfitter_cfg.c **** 
 398:Generated_Source\PSoC4/cyfitter_cfg.c **** 	/* IOPINS0_1 Starting address: CYDEV_PRT1_BASE */
 399:Generated_Source\PSoC4/cyfitter_cfg.c **** 	CY_SET_REG32((void *)(CYDEV_PRT1_BASE), 0x00000040u);
 409              		.loc 1 399 0
 410 010a 4021     		movs	r1, #64
 411 010c 154A     		ldr	r2, .L21+44
 412 010e 1160     		str	r1, [r2]
 400:Generated_Source\PSoC4/cyfitter_cfg.c **** 	CY_SET_REG32((void *)(CYREG_PRT1_PC), 0x00180000u);
 413              		.loc 1 400 0
 414 0110 C021     		movs	r1, #192
 415 0112 4903     		lsls	r1, r1, #13
 416 0114 144A     		ldr	r2, .L21+48
 417 0116 1160     		str	r1, [r2]
 401:Generated_Source\PSoC4/cyfitter_cfg.c **** 
 402:Generated_Source\PSoC4/cyfitter_cfg.c **** 	/* IOPINS0_2 Starting address: CYDEV_PRT2_BASE */
 403:Generated_Source\PSoC4/cyfitter_cfg.c **** 	CY_SET_REG32((void *)(CYDEV_PRT2_BASE), 0x00000001u);
 418              		.loc 1 403 0
 419 0118 0122     		movs	r2, #1
 420 011a 1449     		ldr	r1, .L21+52
 421 011c 0A60     		str	r2, [r1]
 404:Generated_Source\PSoC4/cyfitter_cfg.c **** 	CY_SET_REG32((void *)(CYREG_PRT2_PC), 0x00DB6DB0u);
 422              		.loc 1 404 0
 423 011e 1448     		ldr	r0, .L21+56
 424 0120 1449     		ldr	r1, .L21+60
 425 0122 0860     		str	r0, [r1]
 405:Generated_Source\PSoC4/cyfitter_cfg.c **** 	CY_SET_REG32((void *)(CYREG_PRT2_PC2), 0x00000001u);
 426              		.loc 1 405 0
 427 0124 1449     		ldr	r1, .L21+64
 428 0126 0A60     		str	r2, [r1]
 406:Generated_Source\PSoC4/cyfitter_cfg.c **** 
 407:Generated_Source\PSoC4/cyfitter_cfg.c **** 	/* IOPINS0_3 Starting address: CYDEV_PRT3_BASE */
 408:Generated_Source\PSoC4/cyfitter_cfg.c **** 	CY_SET_REG32((void *)(CYREG_PRT3_PC), 0x00000D80u);
 429              		.loc 1 408 0
 430 0128 144A     		ldr	r2, .L21+68
 431 012a 1360     		str	r3, [r2]
 409:Generated_Source\PSoC4/cyfitter_cfg.c **** 
 410:Generated_Source\PSoC4/cyfitter_cfg.c **** 
 411:Generated_Source\PSoC4/cyfitter_cfg.c **** 	/* Setup clocks based on selections from Clock DWR */
 412:Generated_Source\PSoC4/cyfitter_cfg.c **** 	ClockSetup();
ARM GAS  C:\Users\srhi\AppData\Local\Temp\cckiNPuV.s 			page 16


 432              		.loc 1 412 0
 433 012c FFF768FF 		bl	ClockSetup
 434              	.LVL30:
 413:Generated_Source\PSoC4/cyfitter_cfg.c **** 
 414:Generated_Source\PSoC4/cyfitter_cfg.c **** 	/* Perform basic analog initialization to defaults */
 415:Generated_Source\PSoC4/cyfitter_cfg.c **** 	AnalogSetDefault();
 435              		.loc 1 415 0
 436 0130 FFF7FEFF 		bl	AnalogSetDefault
 437              	.LVL31:
 416:Generated_Source\PSoC4/cyfitter_cfg.c **** 
 417:Generated_Source\PSoC4/cyfitter_cfg.c **** }
 438              		.loc 1 417 0
 439              		@ sp needed
 440              	.LVL32:
 441 0134 10BD     		pop	{r4, pc}
 442              	.L22:
 443 0136 C046     		.align	2
 444              	.L21:
 445 0138 00000000 		.word	.LANCHOR0
 446 013c 00000140 		.word	1073807360
 447 0140 0C000140 		.word	1073807372
 448 0144 00500F40 		.word	1074745344
 449 0148 08500F40 		.word	1074745352
 450 014c 10500F40 		.word	1074745360
 451 0150 20500F40 		.word	1074745376
 452 0154 30500F40 		.word	1074745392
 453 0158 00700F40 		.word	1074753536
 454 015c 00000440 		.word	1074003968
 455 0160 08000440 		.word	1074003976
 456 0164 00010440 		.word	1074004224
 457 0168 08010440 		.word	1074004232
 458 016c 00020440 		.word	1074004480
 459 0170 B06DDB00 		.word	14380464
 460 0174 08020440 		.word	1074004488
 461 0178 18020440 		.word	1074004504
 462 017c 08030440 		.word	1074004744
 463              		.cfi_endproc
 464              	.LFE7:
 465              		.size	cyfitter_cfg, .-cyfitter_cfg
 466              		.section	.rodata
 467              		.align	2
 468              		.set	.LANCHOR0,. + 0
 469              		.type	cfg_memset_list.4876, %object
 470              		.size	cfg_memset_list.4876, 12
 471              	cfg_memset_list.4876:
 472 0000 00300F40 		.word	1074737152
 473 0004 0004     		.short	1024
 474 0006 00400F40 		.4byte	1074741248
 475 000a 0004     		.short	1024
 476              		.type	cy_cfg_data_table.4871, %object
 477              		.size	cy_cfg_data_table.4871, 18
 478              	cy_cfg_data_table.4871:
 479 000c E2       		.byte	-30
 480 000d 80       		.byte	-128
 481 000e 53       		.byte	83
 482 000f 04       		.byte	4
 483 0010 D4       		.byte	-44
ARM GAS  C:\Users\srhi\AppData\Local\Temp\cckiNPuV.s 			page 17


 484 0011 20       		.byte	32
 485 0012 8B       		.byte	-117
 486 0013 04       		.byte	4
 487 0014 97       		.byte	-105
 488 0015 08       		.byte	8
 489 0016 20       		.byte	32
 490 0017 02       		.byte	2
 491 0018 88       		.byte	-120
 492 0019 01       		.byte	1
 493 001a C8       		.byte	-56
 494 001b 08       		.byte	8
 495 001c E2       		.byte	-30
 496 001d 01       		.byte	1
 497 001e 0000     		.space	2
 498              		.type	cy_cfg_addr_table.4870, %object
 499              		.size	cy_cfg_addr_table.4870, 16
 500              	cy_cfg_addr_table.4870:
 501 0020 01330F40 		.word	1074737921
 502 0024 02400F40 		.word	1074741250
 503 0028 02410F40 		.word	1074741506
 504 002c 04430F40 		.word	1074742020
 505              		.text
 506              	.Letext0:
 507              		.file 2 "c:\\program files (x86)\\cypress\\psoc creator\\4.2\\psoc creator\\import\\gnu\\arm\\5.4.
 508              		.file 3 "Generated_Source\\PSoC4\\cytypes.h"
 509              		.file 4 "Generated_Source\\PSoC4\\CyLib.h"
 510              		.section	.debug_info,"",%progbits
 511              	.Ldebug_info0:
 512 0000 00040000 		.4byte	0x400
 513 0004 0400     		.2byte	0x4
 514 0006 00000000 		.4byte	.Ldebug_abbrev0
 515 000a 04       		.byte	0x4
 516 000b 01       		.uleb128 0x1
 517 000c 57010000 		.4byte	.LASF44
 518 0010 0C       		.byte	0xc
 519 0011 CB020000 		.4byte	.LASF45
 520 0015 2A020000 		.4byte	.LASF46
 521 0019 00000000 		.4byte	.Ldebug_ranges0+0
 522 001d 00000000 		.4byte	0
 523 0021 00000000 		.4byte	.Ldebug_line0
 524 0025 02       		.uleb128 0x2
 525 0026 04       		.byte	0x4
 526 0027 05       		.byte	0x5
 527 0028 696E7400 		.ascii	"int\000"
 528 002c 03       		.uleb128 0x3
 529 002d 06000000 		.4byte	.LASF12
 530 0031 02       		.byte	0x2
 531 0032 D8       		.byte	0xd8
 532 0033 37000000 		.4byte	0x37
 533 0037 04       		.uleb128 0x4
 534 0038 04       		.byte	0x4
 535 0039 07       		.byte	0x7
 536 003a 1E010000 		.4byte	.LASF0
 537 003e 04       		.uleb128 0x4
 538 003f 08       		.byte	0x8
 539 0040 05       		.byte	0x5
 540 0041 17020000 		.4byte	.LASF1
ARM GAS  C:\Users\srhi\AppData\Local\Temp\cckiNPuV.s 			page 18


 541 0045 04       		.uleb128 0x4
 542 0046 08       		.byte	0x8
 543 0047 04       		.byte	0x4
 544 0048 B3020000 		.4byte	.LASF2
 545 004c 04       		.uleb128 0x4
 546 004d 01       		.byte	0x1
 547 004e 06       		.byte	0x6
 548 004f BF020000 		.4byte	.LASF3
 549 0053 04       		.uleb128 0x4
 550 0054 01       		.byte	0x1
 551 0055 08       		.byte	0x8
 552 0056 C0000000 		.4byte	.LASF4
 553 005a 04       		.uleb128 0x4
 554 005b 02       		.byte	0x2
 555 005c 05       		.byte	0x5
 556 005d 8B020000 		.4byte	.LASF5
 557 0061 04       		.uleb128 0x4
 558 0062 02       		.byte	0x2
 559 0063 07       		.byte	0x7
 560 0064 04020000 		.4byte	.LASF6
 561 0068 04       		.uleb128 0x4
 562 0069 04       		.byte	0x4
 563 006a 05       		.byte	0x5
 564 006b AA020000 		.4byte	.LASF7
 565 006f 04       		.uleb128 0x4
 566 0070 04       		.byte	0x4
 567 0071 07       		.byte	0x7
 568 0072 88000000 		.4byte	.LASF8
 569 0076 04       		.uleb128 0x4
 570 0077 08       		.byte	0x8
 571 0078 07       		.byte	0x7
 572 0079 40010000 		.4byte	.LASF9
 573 007d 04       		.uleb128 0x4
 574 007e 04       		.byte	0x4
 575 007f 07       		.byte	0x7
 576 0080 FB010000 		.4byte	.LASF10
 577 0084 05       		.uleb128 0x5
 578 0085 04       		.byte	0x4
 579 0086 04       		.uleb128 0x4
 580 0087 01       		.byte	0x1
 581 0088 08       		.byte	0x8
 582 0089 25020000 		.4byte	.LASF11
 583 008d 06       		.uleb128 0x6
 584 008e 9A000000 		.4byte	.LASF13
 585 0092 03       		.byte	0x3
 586 0093 E401     		.2byte	0x1e4
 587 0095 53000000 		.4byte	0x53
 588 0099 06       		.uleb128 0x6
 589 009a 05010000 		.4byte	.LASF14
 590 009e 03       		.byte	0x3
 591 009f E501     		.2byte	0x1e5
 592 00a1 61000000 		.4byte	0x61
 593 00a5 06       		.uleb128 0x6
 594 00a6 17010000 		.4byte	.LASF15
 595 00aa 03       		.byte	0x3
 596 00ab E601     		.2byte	0x1e6
 597 00ad 6F000000 		.4byte	0x6f
ARM GAS  C:\Users\srhi\AppData\Local\Temp\cckiNPuV.s 			page 19


 598 00b1 04       		.uleb128 0x4
 599 00b2 04       		.byte	0x4
 600 00b3 04       		.byte	0x4
 601 00b4 68000000 		.4byte	.LASF16
 602 00b8 04       		.uleb128 0x4
 603 00b9 08       		.byte	0x8
 604 00ba 04       		.byte	0x4
 605 00bb D5000000 		.4byte	.LASF17
 606 00bf 06       		.uleb128 0x6
 607 00c0 83000000 		.4byte	.LASF18
 608 00c4 03       		.byte	0x3
 609 00c5 8E02     		.2byte	0x28e
 610 00c7 CB000000 		.4byte	0xcb
 611 00cb 07       		.uleb128 0x7
 612 00cc 8D000000 		.4byte	0x8d
 613 00d0 06       		.uleb128 0x6
 614 00d1 00000000 		.4byte	.LASF19
 615 00d5 03       		.byte	0x3
 616 00d6 9002     		.2byte	0x290
 617 00d8 DC000000 		.4byte	0xdc
 618 00dc 07       		.uleb128 0x7
 619 00dd A5000000 		.4byte	0xa5
 620 00e1 08       		.uleb128 0x8
 621 00e2 02       		.byte	0x2
 622 00e3 01       		.byte	0x1
 623 00e4 97       		.byte	0x97
 624 00e5 02010000 		.4byte	0x102
 625 00e9 09       		.uleb128 0x9
 626 00ea 7C020000 		.4byte	.LASF20
 627 00ee 01       		.byte	0x1
 628 00ef 99       		.byte	0x99
 629 00f0 8D000000 		.4byte	0x8d
 630 00f4 00       		.byte	0
 631 00f5 09       		.uleb128 0x9
 632 00f6 2D000000 		.4byte	.LASF21
 633 00fa 01       		.byte	0x1
 634 00fb 9A       		.byte	0x9a
 635 00fc 8D000000 		.4byte	0x8d
 636 0100 01       		.byte	0x1
 637 0101 00       		.byte	0
 638 0102 03       		.uleb128 0x3
 639 0103 69020000 		.4byte	.LASF22
 640 0107 01       		.byte	0x1
 641 0108 9B       		.byte	0x9b
 642 0109 E1000000 		.4byte	0xe1
 643 010d 0A       		.uleb128 0xa
 644 010e DC000000 		.4byte	.LASF27
 645 0112 01       		.byte	0x1
 646 0113 AE       		.byte	0xae
 647 0114 00000000 		.4byte	.LFB3
 648 0118 32000000 		.4byte	.LFE3-.LFB3
 649 011c 01       		.uleb128 0x1
 650 011d 9C       		.byte	0x9c
 651 011e 7F010000 		.4byte	0x17f
 652 0122 0B       		.uleb128 0xb
 653 0123 FA000000 		.4byte	.LASF23
 654 0127 01       		.byte	0x1
ARM GAS  C:\Users\srhi\AppData\Local\Temp\cckiNPuV.s 			page 20


 655 0128 AE       		.byte	0xae
 656 0129 7F010000 		.4byte	0x17f
 657 012d 01       		.uleb128 0x1
 658 012e 50       		.byte	0x50
 659 012f 0B       		.uleb128 0xb
 660 0130 0C010000 		.4byte	.LASF24
 661 0134 01       		.byte	0x1
 662 0135 AE       		.byte	0xae
 663 0136 8A010000 		.4byte	0x18a
 664 013a 01       		.uleb128 0x1
 665 013b 51       		.byte	0x51
 666 013c 0C       		.uleb128 0xc
 667 013d 6900     		.ascii	"i\000"
 668 013f 01       		.byte	0x1
 669 0140 B1       		.byte	0xb1
 670 0141 A5000000 		.4byte	0xa5
 671 0145 00000000 		.4byte	.LLST0
 672 0149 0C       		.uleb128 0xc
 673 014a 6A00     		.ascii	"j\000"
 674 014c 01       		.byte	0x1
 675 014d B1       		.byte	0xb1
 676 014e A5000000 		.4byte	0xa5
 677 0152 1F000000 		.4byte	.LLST1
 678 0156 0D       		.uleb128 0xd
 679 0157 08000000 		.4byte	.LBB2
 680 015b 22000000 		.4byte	.LBE2-.LBB2
 681 015f 0E       		.uleb128 0xe
 682 0160 F2010000 		.4byte	.LASF25
 683 0164 01       		.byte	0x1
 684 0165 B4       		.byte	0xb4
 685 0166 A5000000 		.4byte	0xa5
 686 016a 3E000000 		.4byte	.LLST2
 687 016e 0E       		.uleb128 0xe
 688 016f 33000000 		.4byte	.LASF26
 689 0173 01       		.byte	0x1
 690 0174 B5       		.byte	0xb5
 691 0175 8D000000 		.4byte	0x8d
 692 0179 51000000 		.4byte	.LLST3
 693 017d 00       		.byte	0
 694 017e 00       		.byte	0
 695 017f 0F       		.uleb128 0xf
 696 0180 04       		.byte	0x4
 697 0181 85010000 		.4byte	0x185
 698 0185 10       		.uleb128 0x10
 699 0186 A5000000 		.4byte	0xa5
 700 018a 0F       		.uleb128 0xf
 701 018b 04       		.byte	0x4
 702 018c 90010000 		.4byte	0x190
 703 0190 10       		.uleb128 0x10
 704 0191 02010000 		.4byte	0x102
 705 0195 0A       		.uleb128 0xa
 706 0196 A0000000 		.4byte	.LASF28
 707 019a 01       		.byte	0x1
 708 019b 4C       		.byte	0x4c
 709 019c 00000000 		.4byte	.LFB0
 710 01a0 0C000000 		.4byte	.LFE0-.LFB0
 711 01a4 01       		.uleb128 0x1
ARM GAS  C:\Users\srhi\AppData\Local\Temp\cckiNPuV.s 			page 21


 712 01a5 9C       		.byte	0x9c
 713 01a6 E2010000 		.4byte	0x1e2
 714 01aa 11       		.uleb128 0x11
 715 01ab 7300     		.ascii	"s\000"
 716 01ad 01       		.byte	0x1
 717 01ae 4C       		.byte	0x4c
 718 01af 84000000 		.4byte	0x84
 719 01b3 6F000000 		.4byte	.LLST4
 720 01b7 11       		.uleb128 0x11
 721 01b8 6E00     		.ascii	"n\000"
 722 01ba 01       		.byte	0x1
 723 01bb 4C       		.byte	0x4c
 724 01bc 2C000000 		.4byte	0x2c
 725 01c0 90000000 		.4byte	.LLST5
 726 01c4 12       		.uleb128 0x12
 727 01c5 0A000000 		.4byte	.LVL14
 728 01c9 D9030000 		.4byte	0x3d9
 729 01cd 13       		.uleb128 0x13
 730 01ce 01       		.uleb128 0x1
 731 01cf 50       		.byte	0x50
 732 01d0 03       		.uleb128 0x3
 733 01d1 F3       		.byte	0xf3
 734 01d2 01       		.uleb128 0x1
 735 01d3 50       		.byte	0x50
 736 01d4 13       		.uleb128 0x13
 737 01d5 01       		.uleb128 0x1
 738 01d6 51       		.byte	0x51
 739 01d7 01       		.uleb128 0x1
 740 01d8 30       		.byte	0x30
 741 01d9 13       		.uleb128 0x13
 742 01da 01       		.uleb128 0x1
 743 01db 52       		.byte	0x52
 744 01dc 03       		.uleb128 0x3
 745 01dd F3       		.byte	0xf3
 746 01de 01       		.uleb128 0x1
 747 01df 51       		.byte	0x51
 748 01e0 00       		.byte	0
 749 01e1 00       		.byte	0
 750 01e2 0A       		.uleb128 0xa
 751 01e3 39000000 		.4byte	.LASF29
 752 01e7 01       		.byte	0x1
 753 01e8 D3       		.byte	0xd3
 754 01e9 00000000 		.4byte	.LFB4
 755 01ed 8C000000 		.4byte	.LFE4-.LFB4
 756 01f1 01       		.uleb128 0x1
 757 01f2 9C       		.byte	0x9c
 758 01f3 2D020000 		.4byte	0x22d
 759 01f7 14       		.uleb128 0x14
 760 01f8 14000000 		.4byte	.LVL15
 761 01fc E2030000 		.4byte	0x3e2
 762 0200 0A020000 		.4byte	0x20a
 763 0204 13       		.uleb128 0x13
 764 0205 01       		.uleb128 0x1
 765 0206 50       		.byte	0x50
 766 0207 01       		.uleb128 0x1
 767 0208 48       		.byte	0x48
 768 0209 00       		.byte	0
ARM GAS  C:\Users\srhi\AppData\Local\Temp\cckiNPuV.s 			page 22


 769 020a 14       		.uleb128 0x14
 770 020b 50000000 		.4byte	.LVL16
 771 020f ED030000 		.4byte	0x3ed
 772 0213 1D020000 		.4byte	0x21d
 773 0217 13       		.uleb128 0x13
 774 0218 01       		.uleb128 0x1
 775 0219 50       		.byte	0x50
 776 021a 01       		.uleb128 0x1
 777 021b 39       		.byte	0x39
 778 021c 00       		.byte	0
 779 021d 12       		.uleb128 0x12
 780 021e 56000000 		.4byte	.LVL17
 781 0222 F8030000 		.4byte	0x3f8
 782 0226 13       		.uleb128 0x13
 783 0227 01       		.uleb128 0x1
 784 0228 50       		.byte	0x50
 785 0229 01       		.uleb128 0x1
 786 022a 39       		.byte	0x39
 787 022b 00       		.byte	0
 788 022c 00       		.byte	0
 789 022d 15       		.uleb128 0x15
 790 022e AA000000 		.4byte	.LASF33
 791 0232 01       		.byte	0x1
 792 0233 2101     		.2byte	0x121
 793 0235 00000000 		.4byte	.LFB6
 794 0239 20000000 		.4byte	.LFE6-.LFB6
 795 023d 01       		.uleb128 0x1
 796 023e 9C       		.byte	0x9c
 797 023f 62020000 		.4byte	0x262
 798 0243 16       		.uleb128 0x16
 799 0244 83020000 		.4byte	.LASF30
 800 0248 01       		.byte	0x1
 801 0249 2101     		.2byte	0x121
 802 024b 8D000000 		.4byte	0x8d
 803 024f 01       		.uleb128 0x1
 804 0250 50       		.byte	0x50
 805 0251 17       		.uleb128 0x17
 806 0252 F1020000 		.4byte	.LASF31
 807 0256 01       		.byte	0x1
 808 0257 2301     		.2byte	0x123
 809 0259 A5000000 		.4byte	0xa5
 810 025d BC000000 		.4byte	.LLST6
 811 0261 00       		.byte	0
 812 0262 18       		.uleb128 0x18
 813 0263 0D000000 		.4byte	.LASF32
 814 0267 01       		.byte	0x1
 815 0268 0A01     		.2byte	0x10a
 816 026a 00000000 		.4byte	.LFB5
 817 026e 14000000 		.4byte	.LFE5-.LFB5
 818 0272 01       		.uleb128 0x1
 819 0273 9C       		.byte	0x9c
 820 0274 88020000 		.4byte	0x288
 821 0278 12       		.uleb128 0x12
 822 0279 0E000000 		.4byte	.LVL23
 823 027d 2D020000 		.4byte	0x22d
 824 0281 13       		.uleb128 0x13
 825 0282 01       		.uleb128 0x1
ARM GAS  C:\Users\srhi\AppData\Local\Temp\cckiNPuV.s 			page 23


 826 0283 50       		.byte	0x50
 827 0284 01       		.uleb128 0x1
 828 0285 31       		.byte	0x31
 829 0286 00       		.byte	0
 830 0287 00       		.byte	0
 831 0288 15       		.uleb128 0x15
 832 0289 2B010000 		.4byte	.LASF34
 833 028d 01       		.byte	0x1
 834 028e 4301     		.2byte	0x143
 835 0290 8C000000 		.4byte	.LFB7
 836 0294 F4000000 		.4byte	.LFE7-.LFB7
 837 0298 01       		.uleb128 0x1
 838 0299 9C       		.byte	0x9c
 839 029a AF030000 		.4byte	0x3af
 840 029e 19       		.uleb128 0x19
 841 029f 90000000 		.4byte	.LBB3
 842 02a3 6C000000 		.4byte	.LBE3-.LBB3
 843 02a7 9C030000 		.4byte	0x39c
 844 02ab 1A       		.uleb128 0x1a
 845 02ac 44000000 		.4byte	.LASF35
 846 02b0 01       		.byte	0x1
 847 02b1 4901     		.2byte	0x149
 848 02b3 BF030000 		.4byte	0x3bf
 849 02b7 05       		.uleb128 0x5
 850 02b8 03       		.byte	0x3
 851 02b9 20000000 		.4byte	cy_cfg_addr_table.4870
 852 02bd 1A       		.uleb128 0x1a
 853 02be 56000000 		.4byte	.LASF36
 854 02c2 01       		.byte	0x1
 855 02c3 5001     		.2byte	0x150
 856 02c5 D4030000 		.4byte	0x3d4
 857 02c9 05       		.uleb128 0x5
 858 02ca 03       		.byte	0x3
 859 02cb 0C000000 		.4byte	cy_cfg_data_table.4871
 860 02cf 1B       		.uleb128 0x1b
 861 02d0 06       		.byte	0x6
 862 02d1 01       		.byte	0x1
 863 02d2 5E01     		.2byte	0x15e
 864 02d4 F3020000 		.4byte	0x2f3
 865 02d8 1C       		.uleb128 0x1c
 866 02d9 38010000 		.4byte	.LASF37
 867 02dd 01       		.byte	0x1
 868 02de 5F01     		.2byte	0x15f
 869 02e0 84000000 		.4byte	0x84
 870 02e4 00       		.byte	0
 871 02e5 1C       		.uleb128 0x1c
 872 02e6 7E000000 		.4byte	.LASF38
 873 02ea 01       		.byte	0x1
 874 02eb 6001     		.2byte	0x160
 875 02ed 99000000 		.4byte	0x99
 876 02f1 04       		.byte	0x4
 877 02f2 00       		.byte	0
 878 02f3 06       		.uleb128 0x6
 879 02f4 E5010000 		.4byte	.LASF39
 880 02f8 01       		.byte	0x1
 881 02f9 6101     		.2byte	0x161
 882 02fb CF020000 		.4byte	0x2cf
ARM GAS  C:\Users\srhi\AppData\Local\Temp\cckiNPuV.s 			page 24


 883 02ff 1D       		.uleb128 0x1d
 884 0300 0F030000 		.4byte	0x30f
 885 0304 0F030000 		.4byte	0x30f
 886 0308 1E       		.uleb128 0x1e
 887 0309 7D000000 		.4byte	0x7d
 888 030d 01       		.byte	0x1
 889 030e 00       		.byte	0
 890 030f 10       		.uleb128 0x10
 891 0310 F3020000 		.4byte	0x2f3
 892 0314 1A       		.uleb128 0x1a
 893 0315 6E000000 		.4byte	.LASF40
 894 0319 01       		.byte	0x1
 895 031a 6301     		.2byte	0x163
 896 031c 26030000 		.4byte	0x326
 897 0320 05       		.uleb128 0x5
 898 0321 03       		.byte	0x3
 899 0322 00000000 		.4byte	cfg_memset_list.4876
 900 0326 10       		.uleb128 0x10
 901 0327 FF020000 		.4byte	0x2ff
 902 032b 1F       		.uleb128 0x1f
 903 032c 6900     		.ascii	"i\000"
 904 032e 01       		.byte	0x1
 905 032f 6901     		.2byte	0x169
 906 0331 8D000000 		.4byte	0x8d
 907 0335 DA000000 		.4byte	.LLST7
 908 0339 19       		.uleb128 0x19
 909 033a 94000000 		.4byte	.LBB4
 910 033e 1C000000 		.4byte	.LBE4-.LBB4
 911 0342 7F030000 		.4byte	0x37f
 912 0346 1F       		.uleb128 0x1f
 913 0347 6D7300   		.ascii	"ms\000"
 914 034a 01       		.byte	0x1
 915 034b 6E01     		.2byte	0x16e
 916 034d 55030000 		.4byte	0x355
 917 0351 04010000 		.4byte	.LLST8
 918 0355 0F       		.uleb128 0xf
 919 0356 04       		.byte	0x4
 920 0357 0F030000 		.4byte	0x30f
 921 035b 12       		.uleb128 0x12
 922 035c B0000000 		.4byte	.LVL26
 923 0360 95010000 		.4byte	0x195
 924 0364 13       		.uleb128 0x13
 925 0365 01       		.uleb128 0x1
 926 0366 51       		.byte	0x51
 927 0367 15       		.uleb128 0x15
 928 0368 74       		.byte	0x74
 929 0369 00       		.sleb128 0
 930 036a 31       		.byte	0x31
 931 036b 24       		.byte	0x24
 932 036c 74       		.byte	0x74
 933 036d 00       		.sleb128 0
 934 036e 22       		.byte	0x22
 935 036f 31       		.byte	0x31
 936 0370 24       		.byte	0x24
 937 0371 03       		.byte	0x3
 938 0372 04000000 		.4byte	.LANCHOR0+4
 939 0376 22       		.byte	0x22
ARM GAS  C:\Users\srhi\AppData\Local\Temp\cckiNPuV.s 			page 25


 940 0377 94       		.byte	0x94
 941 0378 02       		.byte	0x2
 942 0379 0A       		.byte	0xa
 943 037a FFFF     		.2byte	0xffff
 944 037c 1A       		.byte	0x1a
 945 037d 00       		.byte	0
 946 037e 00       		.byte	0
 947 037f 12       		.uleb128 0x12
 948 0380 C4000000 		.4byte	.LVL29
 949 0384 0D010000 		.4byte	0x10d
 950 0388 13       		.uleb128 0x13
 951 0389 01       		.uleb128 0x1
 952 038a 50       		.byte	0x50
 953 038b 05       		.uleb128 0x5
 954 038c 03       		.byte	0x3
 955 038d 20000000 		.4byte	.LANCHOR0+32
 956 0391 13       		.uleb128 0x13
 957 0392 01       		.uleb128 0x1
 958 0393 51       		.byte	0x51
 959 0394 05       		.uleb128 0x5
 960 0395 03       		.byte	0x3
 961 0396 0C000000 		.4byte	.LANCHOR0+12
 962 039a 00       		.byte	0
 963 039b 00       		.byte	0
 964 039c 20       		.uleb128 0x20
 965 039d 30010000 		.4byte	.LVL30
 966 03a1 E2010000 		.4byte	0x1e2
 967 03a5 20       		.uleb128 0x20
 968 03a6 34010000 		.4byte	.LVL31
 969 03aa 62020000 		.4byte	0x262
 970 03ae 00       		.byte	0
 971 03af 1D       		.uleb128 0x1d
 972 03b0 85010000 		.4byte	0x185
 973 03b4 BF030000 		.4byte	0x3bf
 974 03b8 1E       		.uleb128 0x1e
 975 03b9 7D000000 		.4byte	0x7d
 976 03bd 03       		.byte	0x3
 977 03be 00       		.byte	0
 978 03bf 10       		.uleb128 0x10
 979 03c0 AF030000 		.4byte	0x3af
 980 03c4 1D       		.uleb128 0x1d
 981 03c5 90010000 		.4byte	0x190
 982 03c9 D4030000 		.4byte	0x3d4
 983 03cd 1E       		.uleb128 0x1e
 984 03ce 7D000000 		.4byte	0x7d
 985 03d2 08       		.byte	0x8
 986 03d3 00       		.byte	0
 987 03d4 10       		.uleb128 0x10
 988 03d5 C4030000 		.4byte	0x3c4
 989 03d9 21       		.uleb128 0x21
 990 03da CE000000 		.4byte	.LASF47
 991 03de CE000000 		.4byte	.LASF47
 992 03e2 22       		.uleb128 0x22
 993 03e3 95020000 		.4byte	.LASF41
 994 03e7 95020000 		.4byte	.LASF41
 995 03eb 04       		.byte	0x4
 996 03ec 6C       		.byte	0x6c
ARM GAS  C:\Users\srhi\AppData\Local\Temp\cckiNPuV.s 			page 26


 997 03ed 22       		.uleb128 0x22
 998 03ee 1E000000 		.4byte	.LASF42
 999 03f2 1E000000 		.4byte	.LASF42
 1000 03f6 04       		.byte	0x4
 1001 03f7 BD       		.byte	0xbd
 1002 03f8 22       		.uleb128 0x22
 1003 03f9 EE000000 		.4byte	.LASF43
 1004 03fd EE000000 		.4byte	.LASF43
 1005 0401 04       		.byte	0x4
 1006 0402 C3       		.byte	0xc3
 1007 0403 00       		.byte	0
 1008              		.section	.debug_abbrev,"",%progbits
 1009              	.Ldebug_abbrev0:
 1010 0000 01       		.uleb128 0x1
 1011 0001 11       		.uleb128 0x11
 1012 0002 01       		.byte	0x1
 1013 0003 25       		.uleb128 0x25
 1014 0004 0E       		.uleb128 0xe
 1015 0005 13       		.uleb128 0x13
 1016 0006 0B       		.uleb128 0xb
 1017 0007 03       		.uleb128 0x3
 1018 0008 0E       		.uleb128 0xe
 1019 0009 1B       		.uleb128 0x1b
 1020 000a 0E       		.uleb128 0xe
 1021 000b 55       		.uleb128 0x55
 1022 000c 17       		.uleb128 0x17
 1023 000d 11       		.uleb128 0x11
 1024 000e 01       		.uleb128 0x1
 1025 000f 10       		.uleb128 0x10
 1026 0010 17       		.uleb128 0x17
 1027 0011 00       		.byte	0
 1028 0012 00       		.byte	0
 1029 0013 02       		.uleb128 0x2
 1030 0014 24       		.uleb128 0x24
 1031 0015 00       		.byte	0
 1032 0016 0B       		.uleb128 0xb
 1033 0017 0B       		.uleb128 0xb
 1034 0018 3E       		.uleb128 0x3e
 1035 0019 0B       		.uleb128 0xb
 1036 001a 03       		.uleb128 0x3
 1037 001b 08       		.uleb128 0x8
 1038 001c 00       		.byte	0
 1039 001d 00       		.byte	0
 1040 001e 03       		.uleb128 0x3
 1041 001f 16       		.uleb128 0x16
 1042 0020 00       		.byte	0
 1043 0021 03       		.uleb128 0x3
 1044 0022 0E       		.uleb128 0xe
 1045 0023 3A       		.uleb128 0x3a
 1046 0024 0B       		.uleb128 0xb
 1047 0025 3B       		.uleb128 0x3b
 1048 0026 0B       		.uleb128 0xb
 1049 0027 49       		.uleb128 0x49
 1050 0028 13       		.uleb128 0x13
 1051 0029 00       		.byte	0
 1052 002a 00       		.byte	0
 1053 002b 04       		.uleb128 0x4
ARM GAS  C:\Users\srhi\AppData\Local\Temp\cckiNPuV.s 			page 27


 1054 002c 24       		.uleb128 0x24
 1055 002d 00       		.byte	0
 1056 002e 0B       		.uleb128 0xb
 1057 002f 0B       		.uleb128 0xb
 1058 0030 3E       		.uleb128 0x3e
 1059 0031 0B       		.uleb128 0xb
 1060 0032 03       		.uleb128 0x3
 1061 0033 0E       		.uleb128 0xe
 1062 0034 00       		.byte	0
 1063 0035 00       		.byte	0
 1064 0036 05       		.uleb128 0x5
 1065 0037 0F       		.uleb128 0xf
 1066 0038 00       		.byte	0
 1067 0039 0B       		.uleb128 0xb
 1068 003a 0B       		.uleb128 0xb
 1069 003b 00       		.byte	0
 1070 003c 00       		.byte	0
 1071 003d 06       		.uleb128 0x6
 1072 003e 16       		.uleb128 0x16
 1073 003f 00       		.byte	0
 1074 0040 03       		.uleb128 0x3
 1075 0041 0E       		.uleb128 0xe
 1076 0042 3A       		.uleb128 0x3a
 1077 0043 0B       		.uleb128 0xb
 1078 0044 3B       		.uleb128 0x3b
 1079 0045 05       		.uleb128 0x5
 1080 0046 49       		.uleb128 0x49
 1081 0047 13       		.uleb128 0x13
 1082 0048 00       		.byte	0
 1083 0049 00       		.byte	0
 1084 004a 07       		.uleb128 0x7
 1085 004b 35       		.uleb128 0x35
 1086 004c 00       		.byte	0
 1087 004d 49       		.uleb128 0x49
 1088 004e 13       		.uleb128 0x13
 1089 004f 00       		.byte	0
 1090 0050 00       		.byte	0
 1091 0051 08       		.uleb128 0x8
 1092 0052 13       		.uleb128 0x13
 1093 0053 01       		.byte	0x1
 1094 0054 0B       		.uleb128 0xb
 1095 0055 0B       		.uleb128 0xb
 1096 0056 3A       		.uleb128 0x3a
 1097 0057 0B       		.uleb128 0xb
 1098 0058 3B       		.uleb128 0x3b
 1099 0059 0B       		.uleb128 0xb
 1100 005a 01       		.uleb128 0x1
 1101 005b 13       		.uleb128 0x13
 1102 005c 00       		.byte	0
 1103 005d 00       		.byte	0
 1104 005e 09       		.uleb128 0x9
 1105 005f 0D       		.uleb128 0xd
 1106 0060 00       		.byte	0
 1107 0061 03       		.uleb128 0x3
 1108 0062 0E       		.uleb128 0xe
 1109 0063 3A       		.uleb128 0x3a
 1110 0064 0B       		.uleb128 0xb
ARM GAS  C:\Users\srhi\AppData\Local\Temp\cckiNPuV.s 			page 28


 1111 0065 3B       		.uleb128 0x3b
 1112 0066 0B       		.uleb128 0xb
 1113 0067 49       		.uleb128 0x49
 1114 0068 13       		.uleb128 0x13
 1115 0069 38       		.uleb128 0x38
 1116 006a 0B       		.uleb128 0xb
 1117 006b 00       		.byte	0
 1118 006c 00       		.byte	0
 1119 006d 0A       		.uleb128 0xa
 1120 006e 2E       		.uleb128 0x2e
 1121 006f 01       		.byte	0x1
 1122 0070 03       		.uleb128 0x3
 1123 0071 0E       		.uleb128 0xe
 1124 0072 3A       		.uleb128 0x3a
 1125 0073 0B       		.uleb128 0xb
 1126 0074 3B       		.uleb128 0x3b
 1127 0075 0B       		.uleb128 0xb
 1128 0076 27       		.uleb128 0x27
 1129 0077 19       		.uleb128 0x19
 1130 0078 11       		.uleb128 0x11
 1131 0079 01       		.uleb128 0x1
 1132 007a 12       		.uleb128 0x12
 1133 007b 06       		.uleb128 0x6
 1134 007c 40       		.uleb128 0x40
 1135 007d 18       		.uleb128 0x18
 1136 007e 9742     		.uleb128 0x2117
 1137 0080 19       		.uleb128 0x19
 1138 0081 01       		.uleb128 0x1
 1139 0082 13       		.uleb128 0x13
 1140 0083 00       		.byte	0
 1141 0084 00       		.byte	0
 1142 0085 0B       		.uleb128 0xb
 1143 0086 05       		.uleb128 0x5
 1144 0087 00       		.byte	0
 1145 0088 03       		.uleb128 0x3
 1146 0089 0E       		.uleb128 0xe
 1147 008a 3A       		.uleb128 0x3a
 1148 008b 0B       		.uleb128 0xb
 1149 008c 3B       		.uleb128 0x3b
 1150 008d 0B       		.uleb128 0xb
 1151 008e 49       		.uleb128 0x49
 1152 008f 13       		.uleb128 0x13
 1153 0090 02       		.uleb128 0x2
 1154 0091 18       		.uleb128 0x18
 1155 0092 00       		.byte	0
 1156 0093 00       		.byte	0
 1157 0094 0C       		.uleb128 0xc
 1158 0095 34       		.uleb128 0x34
 1159 0096 00       		.byte	0
 1160 0097 03       		.uleb128 0x3
 1161 0098 08       		.uleb128 0x8
 1162 0099 3A       		.uleb128 0x3a
 1163 009a 0B       		.uleb128 0xb
 1164 009b 3B       		.uleb128 0x3b
 1165 009c 0B       		.uleb128 0xb
 1166 009d 49       		.uleb128 0x49
 1167 009e 13       		.uleb128 0x13
ARM GAS  C:\Users\srhi\AppData\Local\Temp\cckiNPuV.s 			page 29


 1168 009f 02       		.uleb128 0x2
 1169 00a0 17       		.uleb128 0x17
 1170 00a1 00       		.byte	0
 1171 00a2 00       		.byte	0
 1172 00a3 0D       		.uleb128 0xd
 1173 00a4 0B       		.uleb128 0xb
 1174 00a5 01       		.byte	0x1
 1175 00a6 11       		.uleb128 0x11
 1176 00a7 01       		.uleb128 0x1
 1177 00a8 12       		.uleb128 0x12
 1178 00a9 06       		.uleb128 0x6
 1179 00aa 00       		.byte	0
 1180 00ab 00       		.byte	0
 1181 00ac 0E       		.uleb128 0xe
 1182 00ad 34       		.uleb128 0x34
 1183 00ae 00       		.byte	0
 1184 00af 03       		.uleb128 0x3
 1185 00b0 0E       		.uleb128 0xe
 1186 00b1 3A       		.uleb128 0x3a
 1187 00b2 0B       		.uleb128 0xb
 1188 00b3 3B       		.uleb128 0x3b
 1189 00b4 0B       		.uleb128 0xb
 1190 00b5 49       		.uleb128 0x49
 1191 00b6 13       		.uleb128 0x13
 1192 00b7 02       		.uleb128 0x2
 1193 00b8 17       		.uleb128 0x17
 1194 00b9 00       		.byte	0
 1195 00ba 00       		.byte	0
 1196 00bb 0F       		.uleb128 0xf
 1197 00bc 0F       		.uleb128 0xf
 1198 00bd 00       		.byte	0
 1199 00be 0B       		.uleb128 0xb
 1200 00bf 0B       		.uleb128 0xb
 1201 00c0 49       		.uleb128 0x49
 1202 00c1 13       		.uleb128 0x13
 1203 00c2 00       		.byte	0
 1204 00c3 00       		.byte	0
 1205 00c4 10       		.uleb128 0x10
 1206 00c5 26       		.uleb128 0x26
 1207 00c6 00       		.byte	0
 1208 00c7 49       		.uleb128 0x49
 1209 00c8 13       		.uleb128 0x13
 1210 00c9 00       		.byte	0
 1211 00ca 00       		.byte	0
 1212 00cb 11       		.uleb128 0x11
 1213 00cc 05       		.uleb128 0x5
 1214 00cd 00       		.byte	0
 1215 00ce 03       		.uleb128 0x3
 1216 00cf 08       		.uleb128 0x8
 1217 00d0 3A       		.uleb128 0x3a
 1218 00d1 0B       		.uleb128 0xb
 1219 00d2 3B       		.uleb128 0x3b
 1220 00d3 0B       		.uleb128 0xb
 1221 00d4 49       		.uleb128 0x49
 1222 00d5 13       		.uleb128 0x13
 1223 00d6 02       		.uleb128 0x2
 1224 00d7 17       		.uleb128 0x17
ARM GAS  C:\Users\srhi\AppData\Local\Temp\cckiNPuV.s 			page 30


 1225 00d8 00       		.byte	0
 1226 00d9 00       		.byte	0
 1227 00da 12       		.uleb128 0x12
 1228 00db 898201   		.uleb128 0x4109
 1229 00de 01       		.byte	0x1
 1230 00df 11       		.uleb128 0x11
 1231 00e0 01       		.uleb128 0x1
 1232 00e1 31       		.uleb128 0x31
 1233 00e2 13       		.uleb128 0x13
 1234 00e3 00       		.byte	0
 1235 00e4 00       		.byte	0
 1236 00e5 13       		.uleb128 0x13
 1237 00e6 8A8201   		.uleb128 0x410a
 1238 00e9 00       		.byte	0
 1239 00ea 02       		.uleb128 0x2
 1240 00eb 18       		.uleb128 0x18
 1241 00ec 9142     		.uleb128 0x2111
 1242 00ee 18       		.uleb128 0x18
 1243 00ef 00       		.byte	0
 1244 00f0 00       		.byte	0
 1245 00f1 14       		.uleb128 0x14
 1246 00f2 898201   		.uleb128 0x4109
 1247 00f5 01       		.byte	0x1
 1248 00f6 11       		.uleb128 0x11
 1249 00f7 01       		.uleb128 0x1
 1250 00f8 31       		.uleb128 0x31
 1251 00f9 13       		.uleb128 0x13
 1252 00fa 01       		.uleb128 0x1
 1253 00fb 13       		.uleb128 0x13
 1254 00fc 00       		.byte	0
 1255 00fd 00       		.byte	0
 1256 00fe 15       		.uleb128 0x15
 1257 00ff 2E       		.uleb128 0x2e
 1258 0100 01       		.byte	0x1
 1259 0101 3F       		.uleb128 0x3f
 1260 0102 19       		.uleb128 0x19
 1261 0103 03       		.uleb128 0x3
 1262 0104 0E       		.uleb128 0xe
 1263 0105 3A       		.uleb128 0x3a
 1264 0106 0B       		.uleb128 0xb
 1265 0107 3B       		.uleb128 0x3b
 1266 0108 05       		.uleb128 0x5
 1267 0109 27       		.uleb128 0x27
 1268 010a 19       		.uleb128 0x19
 1269 010b 11       		.uleb128 0x11
 1270 010c 01       		.uleb128 0x1
 1271 010d 12       		.uleb128 0x12
 1272 010e 06       		.uleb128 0x6
 1273 010f 40       		.uleb128 0x40
 1274 0110 18       		.uleb128 0x18
 1275 0111 9742     		.uleb128 0x2117
 1276 0113 19       		.uleb128 0x19
 1277 0114 01       		.uleb128 0x1
 1278 0115 13       		.uleb128 0x13
 1279 0116 00       		.byte	0
 1280 0117 00       		.byte	0
 1281 0118 16       		.uleb128 0x16
ARM GAS  C:\Users\srhi\AppData\Local\Temp\cckiNPuV.s 			page 31


 1282 0119 05       		.uleb128 0x5
 1283 011a 00       		.byte	0
 1284 011b 03       		.uleb128 0x3
 1285 011c 0E       		.uleb128 0xe
 1286 011d 3A       		.uleb128 0x3a
 1287 011e 0B       		.uleb128 0xb
 1288 011f 3B       		.uleb128 0x3b
 1289 0120 05       		.uleb128 0x5
 1290 0121 49       		.uleb128 0x49
 1291 0122 13       		.uleb128 0x13
 1292 0123 02       		.uleb128 0x2
 1293 0124 18       		.uleb128 0x18
 1294 0125 00       		.byte	0
 1295 0126 00       		.byte	0
 1296 0127 17       		.uleb128 0x17
 1297 0128 34       		.uleb128 0x34
 1298 0129 00       		.byte	0
 1299 012a 03       		.uleb128 0x3
 1300 012b 0E       		.uleb128 0xe
 1301 012c 3A       		.uleb128 0x3a
 1302 012d 0B       		.uleb128 0xb
 1303 012e 3B       		.uleb128 0x3b
 1304 012f 05       		.uleb128 0x5
 1305 0130 49       		.uleb128 0x49
 1306 0131 13       		.uleb128 0x13
 1307 0132 02       		.uleb128 0x2
 1308 0133 17       		.uleb128 0x17
 1309 0134 00       		.byte	0
 1310 0135 00       		.byte	0
 1311 0136 18       		.uleb128 0x18
 1312 0137 2E       		.uleb128 0x2e
 1313 0138 01       		.byte	0x1
 1314 0139 03       		.uleb128 0x3
 1315 013a 0E       		.uleb128 0xe
 1316 013b 3A       		.uleb128 0x3a
 1317 013c 0B       		.uleb128 0xb
 1318 013d 3B       		.uleb128 0x3b
 1319 013e 05       		.uleb128 0x5
 1320 013f 27       		.uleb128 0x27
 1321 0140 19       		.uleb128 0x19
 1322 0141 11       		.uleb128 0x11
 1323 0142 01       		.uleb128 0x1
 1324 0143 12       		.uleb128 0x12
 1325 0144 06       		.uleb128 0x6
 1326 0145 40       		.uleb128 0x40
 1327 0146 18       		.uleb128 0x18
 1328 0147 9742     		.uleb128 0x2117
 1329 0149 19       		.uleb128 0x19
 1330 014a 01       		.uleb128 0x1
 1331 014b 13       		.uleb128 0x13
 1332 014c 00       		.byte	0
 1333 014d 00       		.byte	0
 1334 014e 19       		.uleb128 0x19
 1335 014f 0B       		.uleb128 0xb
 1336 0150 01       		.byte	0x1
 1337 0151 11       		.uleb128 0x11
 1338 0152 01       		.uleb128 0x1
ARM GAS  C:\Users\srhi\AppData\Local\Temp\cckiNPuV.s 			page 32


 1339 0153 12       		.uleb128 0x12
 1340 0154 06       		.uleb128 0x6
 1341 0155 01       		.uleb128 0x1
 1342 0156 13       		.uleb128 0x13
 1343 0157 00       		.byte	0
 1344 0158 00       		.byte	0
 1345 0159 1A       		.uleb128 0x1a
 1346 015a 34       		.uleb128 0x34
 1347 015b 00       		.byte	0
 1348 015c 03       		.uleb128 0x3
 1349 015d 0E       		.uleb128 0xe
 1350 015e 3A       		.uleb128 0x3a
 1351 015f 0B       		.uleb128 0xb
 1352 0160 3B       		.uleb128 0x3b
 1353 0161 05       		.uleb128 0x5
 1354 0162 49       		.uleb128 0x49
 1355 0163 13       		.uleb128 0x13
 1356 0164 02       		.uleb128 0x2
 1357 0165 18       		.uleb128 0x18
 1358 0166 00       		.byte	0
 1359 0167 00       		.byte	0
 1360 0168 1B       		.uleb128 0x1b
 1361 0169 13       		.uleb128 0x13
 1362 016a 01       		.byte	0x1
 1363 016b 0B       		.uleb128 0xb
 1364 016c 0B       		.uleb128 0xb
 1365 016d 3A       		.uleb128 0x3a
 1366 016e 0B       		.uleb128 0xb
 1367 016f 3B       		.uleb128 0x3b
 1368 0170 05       		.uleb128 0x5
 1369 0171 01       		.uleb128 0x1
 1370 0172 13       		.uleb128 0x13
 1371 0173 00       		.byte	0
 1372 0174 00       		.byte	0
 1373 0175 1C       		.uleb128 0x1c
 1374 0176 0D       		.uleb128 0xd
 1375 0177 00       		.byte	0
 1376 0178 03       		.uleb128 0x3
 1377 0179 0E       		.uleb128 0xe
 1378 017a 3A       		.uleb128 0x3a
 1379 017b 0B       		.uleb128 0xb
 1380 017c 3B       		.uleb128 0x3b
 1381 017d 05       		.uleb128 0x5
 1382 017e 49       		.uleb128 0x49
 1383 017f 13       		.uleb128 0x13
 1384 0180 38       		.uleb128 0x38
 1385 0181 0B       		.uleb128 0xb
 1386 0182 00       		.byte	0
 1387 0183 00       		.byte	0
 1388 0184 1D       		.uleb128 0x1d
 1389 0185 01       		.uleb128 0x1
 1390 0186 01       		.byte	0x1
 1391 0187 49       		.uleb128 0x49
 1392 0188 13       		.uleb128 0x13
 1393 0189 01       		.uleb128 0x1
 1394 018a 13       		.uleb128 0x13
 1395 018b 00       		.byte	0
ARM GAS  C:\Users\srhi\AppData\Local\Temp\cckiNPuV.s 			page 33


 1396 018c 00       		.byte	0
 1397 018d 1E       		.uleb128 0x1e
 1398 018e 21       		.uleb128 0x21
 1399 018f 00       		.byte	0
 1400 0190 49       		.uleb128 0x49
 1401 0191 13       		.uleb128 0x13
 1402 0192 2F       		.uleb128 0x2f
 1403 0193 0B       		.uleb128 0xb
 1404 0194 00       		.byte	0
 1405 0195 00       		.byte	0
 1406 0196 1F       		.uleb128 0x1f
 1407 0197 34       		.uleb128 0x34
 1408 0198 00       		.byte	0
 1409 0199 03       		.uleb128 0x3
 1410 019a 08       		.uleb128 0x8
 1411 019b 3A       		.uleb128 0x3a
 1412 019c 0B       		.uleb128 0xb
 1413 019d 3B       		.uleb128 0x3b
 1414 019e 05       		.uleb128 0x5
 1415 019f 49       		.uleb128 0x49
 1416 01a0 13       		.uleb128 0x13
 1417 01a1 02       		.uleb128 0x2
 1418 01a2 17       		.uleb128 0x17
 1419 01a3 00       		.byte	0
 1420 01a4 00       		.byte	0
 1421 01a5 20       		.uleb128 0x20
 1422 01a6 898201   		.uleb128 0x4109
 1423 01a9 00       		.byte	0
 1424 01aa 11       		.uleb128 0x11
 1425 01ab 01       		.uleb128 0x1
 1426 01ac 31       		.uleb128 0x31
 1427 01ad 13       		.uleb128 0x13
 1428 01ae 00       		.byte	0
 1429 01af 00       		.byte	0
 1430 01b0 21       		.uleb128 0x21
 1431 01b1 2E       		.uleb128 0x2e
 1432 01b2 00       		.byte	0
 1433 01b3 3F       		.uleb128 0x3f
 1434 01b4 19       		.uleb128 0x19
 1435 01b5 3C       		.uleb128 0x3c
 1436 01b6 19       		.uleb128 0x19
 1437 01b7 6E       		.uleb128 0x6e
 1438 01b8 0E       		.uleb128 0xe
 1439 01b9 03       		.uleb128 0x3
 1440 01ba 0E       		.uleb128 0xe
 1441 01bb 00       		.byte	0
 1442 01bc 00       		.byte	0
 1443 01bd 22       		.uleb128 0x22
 1444 01be 2E       		.uleb128 0x2e
 1445 01bf 00       		.byte	0
 1446 01c0 3F       		.uleb128 0x3f
 1447 01c1 19       		.uleb128 0x19
 1448 01c2 3C       		.uleb128 0x3c
 1449 01c3 19       		.uleb128 0x19
 1450 01c4 6E       		.uleb128 0x6e
 1451 01c5 0E       		.uleb128 0xe
 1452 01c6 03       		.uleb128 0x3
ARM GAS  C:\Users\srhi\AppData\Local\Temp\cckiNPuV.s 			page 34


 1453 01c7 0E       		.uleb128 0xe
 1454 01c8 3A       		.uleb128 0x3a
 1455 01c9 0B       		.uleb128 0xb
 1456 01ca 3B       		.uleb128 0x3b
 1457 01cb 0B       		.uleb128 0xb
 1458 01cc 00       		.byte	0
 1459 01cd 00       		.byte	0
 1460 01ce 00       		.byte	0
 1461              		.section	.debug_loc,"",%progbits
 1462              	.Ldebug_loc0:
 1463              	.LLST0:
 1464 0000 02000000 		.4byte	.LVL1
 1465 0004 08000000 		.4byte	.LVL2
 1466 0008 0200     		.2byte	0x2
 1467 000a 30       		.byte	0x30
 1468 000b 9F       		.byte	0x9f
 1469 000c 08000000 		.4byte	.LVL2
 1470 0010 30000000 		.4byte	.LVL11
 1471 0014 0100     		.2byte	0x1
 1472 0016 57       		.byte	0x57
 1473 0017 00000000 		.4byte	0
 1474 001b 00000000 		.4byte	0
 1475              	.LLST1:
 1476 001f 02000000 		.4byte	.LVL1
 1477 0023 08000000 		.4byte	.LVL2
 1478 0027 0200     		.2byte	0x2
 1479 0029 30       		.byte	0x30
 1480 002a 9F       		.byte	0x9f
 1481 002b 08000000 		.4byte	.LVL2
 1482 002f 30000000 		.4byte	.LVL10
 1483 0033 0100     		.2byte	0x1
 1484 0035 55       		.byte	0x55
 1485 0036 00000000 		.4byte	0
 1486 003a 00000000 		.4byte	0
 1487              	.LLST2:
 1488 003e 0C000000 		.4byte	.LVL3
 1489 0042 2C000000 		.4byte	.LVL9
 1490 0046 0100     		.2byte	0x1
 1491 0048 56       		.byte	0x56
 1492 0049 00000000 		.4byte	0
 1493 004d 00000000 		.4byte	0
 1494              	.LLST3:
 1495 0051 0E000000 		.4byte	.LVL4
 1496 0055 24000000 		.4byte	.LVL7
 1497 0059 0100     		.2byte	0x1
 1498 005b 53       		.byte	0x53
 1499 005c 26000000 		.4byte	.LVL8
 1500 0060 2C000000 		.4byte	.LVL9
 1501 0064 0100     		.2byte	0x1
 1502 0066 53       		.byte	0x53
 1503 0067 00000000 		.4byte	0
 1504 006b 00000000 		.4byte	0
 1505              	.LLST4:
 1506 006f 00000000 		.4byte	.LVL12
 1507 0073 09000000 		.4byte	.LVL14-1
 1508 0077 0100     		.2byte	0x1
 1509 0079 50       		.byte	0x50
ARM GAS  C:\Users\srhi\AppData\Local\Temp\cckiNPuV.s 			page 35


 1510 007a 09000000 		.4byte	.LVL14-1
 1511 007e 0C000000 		.4byte	.LFE0
 1512 0082 0400     		.2byte	0x4
 1513 0084 F3       		.byte	0xf3
 1514 0085 01       		.uleb128 0x1
 1515 0086 50       		.byte	0x50
 1516 0087 9F       		.byte	0x9f
 1517 0088 00000000 		.4byte	0
 1518 008c 00000000 		.4byte	0
 1519              	.LLST5:
 1520 0090 00000000 		.4byte	.LVL12
 1521 0094 06000000 		.4byte	.LVL13
 1522 0098 0100     		.2byte	0x1
 1523 009a 51       		.byte	0x51
 1524 009b 06000000 		.4byte	.LVL13
 1525 009f 09000000 		.4byte	.LVL14-1
 1526 00a3 0100     		.2byte	0x1
 1527 00a5 52       		.byte	0x52
 1528 00a6 09000000 		.4byte	.LVL14-1
 1529 00aa 0C000000 		.4byte	.LFE0
 1530 00ae 0400     		.2byte	0x4
 1531 00b0 F3       		.byte	0xf3
 1532 00b1 01       		.uleb128 0x1
 1533 00b2 51       		.byte	0x51
 1534 00b3 9F       		.byte	0x9f
 1535 00b4 00000000 		.4byte	0
 1536 00b8 00000000 		.4byte	0
 1537              	.LLST6:
 1538 00bc 04000000 		.4byte	.LVL19
 1539 00c0 12000000 		.4byte	.LVL21
 1540 00c4 0100     		.2byte	0x1
 1541 00c6 53       		.byte	0x53
 1542 00c7 14000000 		.4byte	.LVL22
 1543 00cb 20000000 		.4byte	.LFE6
 1544 00cf 0100     		.2byte	0x1
 1545 00d1 53       		.byte	0x53
 1546 00d2 00000000 		.4byte	0
 1547 00d6 00000000 		.4byte	0
 1548              	.LLST7:
 1549 00da 90000000 		.4byte	.LVL24
 1550 00de 94000000 		.4byte	.LVL25
 1551 00e2 0200     		.2byte	0x2
 1552 00e4 30       		.byte	0x30
 1553 00e5 9F       		.byte	0x9f
 1554 00e6 94000000 		.4byte	.LVL25
 1555 00ea B2000000 		.4byte	.LVL27
 1556 00ee 0100     		.2byte	0x1
 1557 00f0 54       		.byte	0x54
 1558 00f1 B4000000 		.4byte	.LVL28
 1559 00f5 34010000 		.4byte	.LVL32
 1560 00f9 0100     		.2byte	0x1
 1561 00fb 54       		.byte	0x54
 1562 00fc 00000000 		.4byte	0
 1563 0100 00000000 		.4byte	0
 1564              	.LLST8:
 1565 0104 94000000 		.4byte	.LVL25
 1566 0108 B2000000 		.4byte	.LVL27
ARM GAS  C:\Users\srhi\AppData\Local\Temp\cckiNPuV.s 			page 36


 1567 010c 0B00     		.2byte	0xb
 1568 010e 74       		.byte	0x74
 1569 010f 00       		.sleb128 0
 1570 0110 36       		.byte	0x36
 1571 0111 1E       		.byte	0x1e
 1572 0112 03       		.byte	0x3
 1573 0113 00000000 		.4byte	cfg_memset_list.4876
 1574 0117 22       		.byte	0x22
 1575 0118 9F       		.byte	0x9f
 1576 0119 B2000000 		.4byte	.LVL27
 1577 011d B4000000 		.4byte	.LVL28
 1578 0121 0B00     		.2byte	0xb
 1579 0123 74       		.byte	0x74
 1580 0124 7F       		.sleb128 -1
 1581 0125 36       		.byte	0x36
 1582 0126 1E       		.byte	0x1e
 1583 0127 03       		.byte	0x3
 1584 0128 00000000 		.4byte	cfg_memset_list.4876
 1585 012c 22       		.byte	0x22
 1586 012d 9F       		.byte	0x9f
 1587 012e 00000000 		.4byte	0
 1588 0132 00000000 		.4byte	0
 1589              		.section	.debug_aranges,"",%progbits
 1590 0000 44000000 		.4byte	0x44
 1591 0004 0200     		.2byte	0x2
 1592 0006 00000000 		.4byte	.Ldebug_info0
 1593 000a 04       		.byte	0x4
 1594 000b 00       		.byte	0
 1595 000c 0000     		.2byte	0
 1596 000e 0000     		.2byte	0
 1597 0010 00000000 		.4byte	.LFB3
 1598 0014 32000000 		.4byte	.LFE3-.LFB3
 1599 0018 00000000 		.4byte	.LFB0
 1600 001c 0C000000 		.4byte	.LFE0-.LFB0
 1601 0020 00000000 		.4byte	.LFB4
 1602 0024 8C000000 		.4byte	.LFE4-.LFB4
 1603 0028 00000000 		.4byte	.LFB6
 1604 002c 20000000 		.4byte	.LFE6-.LFB6
 1605 0030 00000000 		.4byte	.LFB5
 1606 0034 14000000 		.4byte	.LFE5-.LFB5
 1607 0038 8C000000 		.4byte	.LFB7
 1608 003c F4000000 		.4byte	.LFE7-.LFB7
 1609 0040 00000000 		.4byte	0
 1610 0044 00000000 		.4byte	0
 1611              		.section	.debug_ranges,"",%progbits
 1612              	.Ldebug_ranges0:
 1613 0000 00000000 		.4byte	.LFB3
 1614 0004 32000000 		.4byte	.LFE3
 1615 0008 00000000 		.4byte	.LFB0
 1616 000c 0C000000 		.4byte	.LFE0
 1617 0010 00000000 		.4byte	.LFB4
 1618 0014 8C000000 		.4byte	.LFE4
 1619 0018 00000000 		.4byte	.LFB6
 1620 001c 20000000 		.4byte	.LFE6
 1621 0020 00000000 		.4byte	.LFB5
 1622 0024 14000000 		.4byte	.LFE5
 1623 0028 8C000000 		.4byte	.LFB7
ARM GAS  C:\Users\srhi\AppData\Local\Temp\cckiNPuV.s 			page 37


 1624 002c 80010000 		.4byte	.LFE7
 1625 0030 00000000 		.4byte	0
 1626 0034 00000000 		.4byte	0
 1627              		.section	.debug_line,"",%progbits
 1628              	.Ldebug_line0:
 1629 0000 8C010000 		.section	.debug_str,"MS",%progbits,1
 1629      0200D600 
 1629      00000201 
 1629      FB0E0D00 
 1629      01010101 
 1630              	.LASF19:
 1631 0000 72656733 		.ascii	"reg32\000"
 1631      3200
 1632              	.LASF12:
 1633 0006 73697A65 		.ascii	"size_t\000"
 1633      5F7400
 1634              	.LASF32:
 1635 000d 416E616C 		.ascii	"AnalogSetDefault\000"
 1635      6F675365 
 1635      74446566 
 1635      61756C74 
 1635      00
 1636              	.LASF42:
 1637 001e 4379496E 		.ascii	"CyIntSetVector\000"
 1637      74536574 
 1637      56656374 
 1637      6F7200
 1638              	.LASF21:
 1639 002d 76616C75 		.ascii	"value\000"
 1639      6500
 1640              	.LASF26:
 1641 0033 636F756E 		.ascii	"count\000"
 1641      7400
 1642              	.LASF29:
 1643 0039 436C6F63 		.ascii	"ClockSetup\000"
 1643      6B536574 
 1643      757000
 1644              	.LASF35:
 1645 0044 63795F63 		.ascii	"cy_cfg_addr_table\000"
 1645      66675F61 
 1645      6464725F 
 1645      7461626C 
 1645      6500
 1646              	.LASF36:
 1647 0056 63795F63 		.ascii	"cy_cfg_data_table\000"
 1647      66675F64 
 1647      6174615F 
 1647      7461626C 
 1647      6500
 1648              	.LASF16:
 1649 0068 666C6F61 		.ascii	"float\000"
 1649      7400
 1650              	.LASF40:
 1651 006e 6366675F 		.ascii	"cfg_memset_list\000"
 1651      6D656D73 
 1651      65745F6C 
 1651      69737400 
ARM GAS  C:\Users\srhi\AppData\Local\Temp\cckiNPuV.s 			page 38


 1652              	.LASF38:
 1653 007e 73697A65 		.ascii	"size\000"
 1653      00
 1654              	.LASF18:
 1655 0083 72656738 		.ascii	"reg8\000"
 1655      00
 1656              	.LASF8:
 1657 0088 6C6F6E67 		.ascii	"long unsigned int\000"
 1657      20756E73 
 1657      69676E65 
 1657      6420696E 
 1657      7400
 1658              	.LASF13:
 1659 009a 75696E74 		.ascii	"uint8\000"
 1659      3800
 1660              	.LASF28:
 1661 00a0 43594D45 		.ascii	"CYMEMZERO\000"
 1661      4D5A4552 
 1661      4F00
 1662              	.LASF33:
 1663 00aa 53657441 		.ascii	"SetAnalogRoutingPumps\000"
 1663      6E616C6F 
 1663      67526F75 
 1663      74696E67 
 1663      50756D70 
 1664              	.LASF4:
 1665 00c0 756E7369 		.ascii	"unsigned char\000"
 1665      676E6564 
 1665      20636861 
 1665      7200
 1666              	.LASF47:
 1667 00ce 6D656D73 		.ascii	"memset\000"
 1667      657400
 1668              	.LASF17:
 1669 00d5 646F7562 		.ascii	"double\000"
 1669      6C6500
 1670              	.LASF27:
 1671 00dc 6366675F 		.ascii	"cfg_write_bytes32\000"
 1671      77726974 
 1671      655F6279 
 1671      74657333 
 1671      3200
 1672              	.LASF43:
 1673 00ee 4379496E 		.ascii	"CyIntEnable\000"
 1673      74456E61 
 1673      626C6500 
 1674              	.LASF23:
 1675 00fa 61646472 		.ascii	"addr_table\000"
 1675      5F746162 
 1675      6C6500
 1676              	.LASF14:
 1677 0105 75696E74 		.ascii	"uint16\000"
 1677      313600
 1678              	.LASF24:
 1679 010c 64617461 		.ascii	"data_table\000"
 1679      5F746162 
 1679      6C6500
ARM GAS  C:\Users\srhi\AppData\Local\Temp\cckiNPuV.s 			page 39


 1680              	.LASF15:
 1681 0117 75696E74 		.ascii	"uint32\000"
 1681      333200
 1682              	.LASF0:
 1683 011e 756E7369 		.ascii	"unsigned int\000"
 1683      676E6564 
 1683      20696E74 
 1683      00
 1684              	.LASF34:
 1685 012b 63796669 		.ascii	"cyfitter_cfg\000"
 1685      74746572 
 1685      5F636667 
 1685      00
 1686              	.LASF37:
 1687 0138 61646472 		.ascii	"address\000"
 1687      65737300 
 1688              	.LASF9:
 1689 0140 6C6F6E67 		.ascii	"long long unsigned int\000"
 1689      206C6F6E 
 1689      6720756E 
 1689      7369676E 
 1689      65642069 
 1690              	.LASF44:
 1691 0157 474E5520 		.ascii	"GNU C11 5.4.1 20160609 (release) [ARM/embedded-5-br"
 1691      43313120 
 1691      352E342E 
 1691      31203230 
 1691      31363036 
 1692 018a 616E6368 		.ascii	"anch revision 237715] -mcpu=cortex-m0 -mthumb -g -O"
 1692      20726576 
 1692      6973696F 
 1692      6E203233 
 1692      37373135 
 1693 01bd 67202D66 		.ascii	"g -ffunction-sections -ffat-lto-objects\000"
 1693      66756E63 
 1693      74696F6E 
 1693      2D736563 
 1693      74696F6E 
 1694              	.LASF39:
 1695 01e5 6366675F 		.ascii	"cfg_memset_t\000"
 1695      6D656D73 
 1695      65745F74 
 1695      00
 1696              	.LASF25:
 1697 01f2 62617365 		.ascii	"baseAddr\000"
 1697      41646472 
 1697      00
 1698              	.LASF10:
 1699 01fb 73697A65 		.ascii	"sizetype\000"
 1699      74797065 
 1699      00
 1700              	.LASF6:
 1701 0204 73686F72 		.ascii	"short unsigned int\000"
 1701      7420756E 
 1701      7369676E 
 1701      65642069 
 1701      6E7400
ARM GAS  C:\Users\srhi\AppData\Local\Temp\cckiNPuV.s 			page 40


 1702              	.LASF1:
 1703 0217 6C6F6E67 		.ascii	"long long int\000"
 1703      206C6F6E 
 1703      6720696E 
 1703      7400
 1704              	.LASF11:
 1705 0225 63686172 		.ascii	"char\000"
 1705      00
 1706              	.LASF46:
 1707 022a 433A5C55 		.ascii	"C:\\Users\\srhi\\Desktop\\PSOC\\L53_Blink_brightnes"
 1707      73657273 
 1707      5C737268 
 1707      695C4465 
 1707      736B746F 
 1708 0258 735F7769 		.ascii	"s_with_pot.cydsn\000"
 1708      74685F70 
 1708      6F742E63 
 1708      7964736E 
 1708      00
 1709              	.LASF22:
 1710 0269 63795F63 		.ascii	"cy_cfg_addrvalue_t\000"
 1710      66675F61 
 1710      64647276 
 1710      616C7565 
 1710      5F7400
 1711              	.LASF20:
 1712 027c 6F666673 		.ascii	"offset\000"
 1712      657400
 1713              	.LASF30:
 1714 0283 656E6162 		.ascii	"enabled\000"
 1714      6C656400 
 1715              	.LASF5:
 1716 028b 73686F72 		.ascii	"short int\000"
 1716      7420696E 
 1716      7400
 1717              	.LASF41:
 1718 0295 43795379 		.ascii	"CySysClkWriteImoFreq\000"
 1718      73436C6B 
 1718      57726974 
 1718      65496D6F 
 1718      46726571 
 1719              	.LASF7:
 1720 02aa 6C6F6E67 		.ascii	"long int\000"
 1720      20696E74 
 1720      00
 1721              	.LASF2:
 1722 02b3 6C6F6E67 		.ascii	"long double\000"
 1722      20646F75 
 1722      626C6500 
 1723              	.LASF3:
 1724 02bf 7369676E 		.ascii	"signed char\000"
 1724      65642063 
 1724      68617200 
 1725              	.LASF45:
 1726 02cb 47656E65 		.ascii	"Generated_Source\\PSoC4\\cyfitter_cfg.c\000"
 1726      72617465 
 1726      645F536F 
ARM GAS  C:\Users\srhi\AppData\Local\Temp\cckiNPuV.s 			page 41


 1726      75726365 
 1726      5C50536F 
 1727              	.LASF31:
 1728 02f1 72656756 		.ascii	"regValue\000"
 1728      616C7565 
 1728      00
 1729              		.ident	"GCC: (GNU Tools for ARM Embedded Processors) 5.4.1 20160609 (release) [ARM/embedded-5-bran
