ARM GAS  C:\Users\srhi\AppData\Local\Temp\ccWPVy95.s 			page 1


   1              		.syntax unified
   2              		.cpu cortex-m0
   3              		.fpu softvfp
   4              		.eabi_attribute 20, 1
   5              		.eabi_attribute 21, 1
   6              		.eabi_attribute 23, 3
   7              		.eabi_attribute 24, 1
   8              		.eabi_attribute 25, 1
   9              		.eabi_attribute 26, 1
  10              		.eabi_attribute 30, 1
  11              		.eabi_attribute 34, 0
  12              		.eabi_attribute 18, 4
  13              		.thumb
  14              		.syntax unified
  15              		.file	"main.c"
  16              		.text
  17              	.Ltext0:
  18              		.cfi_sections	.debug_frame
  19              		.section	.text.main,"ax",%progbits
  20              		.align	2
  21              		.global	main
  22              		.code	16
  23              		.thumb_func
  24              		.type	main, %function
  25              	main:
  26              	.LFB33:
  27              		.file 1 "main.c"
   1:main.c        **** /* ========================================
   2:main.c        ****  *
   3:main.c        ****  * Copyright YOUR COMPANY, THE YEAR
   4:main.c        ****  * All Rights Reserved
   5:main.c        ****  * UNPUBLISHED, LICENSED SOFTWARE.
   6:main.c        ****  *
   7:main.c        ****  * CONFIDENTIAL AND PROPRIETARY INFORMATION
   8:main.c        ****  * WHICH IS THE PROPERTY OF your company.
   9:main.c        ****  *
  10:main.c        ****  * ========================================
  11:main.c        **** */
  12:main.c        **** #include "project.h"
  13:main.c        **** #include <stdio.h>
  14:main.c        **** int main(void)
  15:main.c        **** {
  28              		.loc 1 15 0
  29              		.cfi_startproc
  30              		@ Volatile: function does not return.
  31              		@ args = 0, pretend = 0, frame = 0
  32              		@ frame_needed = 0, uses_anonymous_args = 0
  33 0000 10B5     		push	{r4, lr}
  34              		.cfi_def_cfa_offset 8
  35              		.cfi_offset 4, -8
  36              		.cfi_offset 14, -4
  16:main.c        ****     CyGlobalIntEnable; /* Enable global interrupts. */
  37              		.loc 1 16 0
  38              		.syntax divided
  39              	@ 16 "main.c" 1
  40 0002 62B6     		CPSIE   i
  41              	@ 0 "" 2
ARM GAS  C:\Users\srhi\AppData\Local\Temp\ccWPVy95.s 			page 2


  17:main.c        **** 
  18:main.c        ****     /* Place your initialization/startup code here (e.g. MyInst_Start()) */
  19:main.c        ****     UART_Start();
  42              		.loc 1 19 0
  43              		.thumb
  44              		.syntax unified
  45 0004 FFF7FEFF 		bl	UART_Start
  46              	.LVL0:
  20:main.c        ****     UART_UartPutString("HELLO FROM UART");
  47              		.loc 1 20 0
  48 0008 0448     		ldr	r0, .L3
  49 000a FFF7FEFF 		bl	UART_UartPutString
  50              	.LVL1:
  21:main.c        ****     UART_UartPutString("\nEnter the string below");
  51              		.loc 1 21 0
  52 000e 0448     		ldr	r0, .L3+4
  53 0010 FFF7FEFF 		bl	UART_UartPutString
  54              	.LVL2:
  22:main.c        ****     printf("haha");
  55              		.loc 1 22 0
  56 0014 0348     		ldr	r0, .L3+8
  57 0016 FFF7FEFF 		bl	printf
  58              	.LVL3:
  59              	.L2:
  60 001a FEE7     		b	.L2
  61              	.L4:
  62              		.align	2
  63              	.L3:
  64 001c 00000000 		.word	.LC0
  65 0020 10000000 		.word	.LC2
  66 0024 28000000 		.word	.LC4
  67              		.cfi_endproc
  68              	.LFE33:
  69              		.size	main, .-main
  70              		.section	.rodata.str1.4,"aMS",%progbits,1
  71              		.align	2
  72              	.LC0:
  73 0000 48454C4C 		.ascii	"HELLO FROM UART\000"
  73      4F204652 
  73      4F4D2055 
  73      41525400 
  74              	.LC2:
  75 0010 0A456E74 		.ascii	"\012Enter the string below\000"
  75      65722074 
  75      68652073 
  75      7472696E 
  75      67206265 
  76              	.LC4:
  77 0028 68616861 		.ascii	"haha\000"
  77      00
  78              		.text
  79              	.Letext0:
  80              		.file 2 "Generated_Source\\PSoC4/UART.h"
  81              		.file 3 "Generated_Source\\PSoC4/UART_SPI_UART.h"
  82              		.file 4 "c:\\program files (x86)\\cypress\\psoc creator\\4.2\\psoc creator\\import\\gnu\\arm\\5.4.
  83              		.section	.debug_info,"",%progbits
  84              	.Ldebug_info0:
ARM GAS  C:\Users\srhi\AppData\Local\Temp\ccWPVy95.s 			page 3


  85 0000 11010000 		.4byte	0x111
  86 0004 0400     		.2byte	0x4
  87 0006 00000000 		.4byte	.Ldebug_abbrev0
  88 000a 04       		.byte	0x4
  89 000b 01       		.uleb128 0x1
  90 000c B0000000 		.4byte	.LASF17
  91 0010 0C       		.byte	0xc
  92 0011 1B000000 		.4byte	.LASF18
  93 0015 8A000000 		.4byte	.LASF19
  94 0019 00000000 		.4byte	.Ldebug_ranges0+0
  95 001d 00000000 		.4byte	0
  96 0021 00000000 		.4byte	.Ldebug_line0
  97 0025 02       		.uleb128 0x2
  98 0026 01       		.byte	0x1
  99 0027 06       		.byte	0x6
 100 0028 27000000 		.4byte	.LASF0
 101 002c 02       		.uleb128 0x2
 102 002d 01       		.byte	0x1
 103 002e 08       		.byte	0x8
 104 002f 67000000 		.4byte	.LASF1
 105 0033 02       		.uleb128 0x2
 106 0034 02       		.byte	0x2
 107 0035 05       		.byte	0x5
 108 0036 6A010000 		.4byte	.LASF2
 109 003a 02       		.uleb128 0x2
 110 003b 02       		.byte	0x2
 111 003c 07       		.byte	0x7
 112 003d 3E010000 		.4byte	.LASF3
 113 0041 02       		.uleb128 0x2
 114 0042 04       		.byte	0x4
 115 0043 05       		.byte	0x5
 116 0044 7A000000 		.4byte	.LASF4
 117 0048 02       		.uleb128 0x2
 118 0049 04       		.byte	0x4
 119 004a 07       		.byte	0x7
 120 004b 33000000 		.4byte	.LASF5
 121 004f 02       		.uleb128 0x2
 122 0050 08       		.byte	0x8
 123 0051 05       		.byte	0x5
 124 0052 00000000 		.4byte	.LASF6
 125 0056 02       		.uleb128 0x2
 126 0057 08       		.byte	0x8
 127 0058 07       		.byte	0x7
 128 0059 45000000 		.4byte	.LASF7
 129 005d 03       		.uleb128 0x3
 130 005e 04       		.byte	0x4
 131 005f 05       		.byte	0x5
 132 0060 696E7400 		.ascii	"int\000"
 133 0064 02       		.uleb128 0x2
 134 0065 04       		.byte	0x4
 135 0066 07       		.byte	0x7
 136 0067 0E000000 		.4byte	.LASF8
 137 006b 02       		.uleb128 0x2
 138 006c 04       		.byte	0x4
 139 006d 04       		.byte	0x4
 140 006e 64010000 		.4byte	.LASF9
 141 0072 02       		.uleb128 0x2
ARM GAS  C:\Users\srhi\AppData\Local\Temp\ccWPVy95.s 			page 4


 142 0073 08       		.byte	0x8
 143 0074 04       		.byte	0x4
 144 0075 83000000 		.4byte	.LASF10
 145 0079 02       		.uleb128 0x2
 146 007a 01       		.byte	0x1
 147 007b 08       		.byte	0x8
 148 007c 75000000 		.4byte	.LASF11
 149 0080 02       		.uleb128 0x2
 150 0081 08       		.byte	0x8
 151 0082 04       		.byte	0x4
 152 0083 58010000 		.4byte	.LASF12
 153 0087 02       		.uleb128 0x2
 154 0088 04       		.byte	0x4
 155 0089 07       		.byte	0x7
 156 008a 87010000 		.4byte	.LASF13
 157 008e 04       		.uleb128 0x4
 158 008f 22000000 		.4byte	.LASF20
 159 0093 01       		.byte	0x1
 160 0094 0E       		.byte	0xe
 161 0095 5D000000 		.4byte	0x5d
 162 0099 00000000 		.4byte	.LFB33
 163 009d 28000000 		.4byte	.LFE33-.LFB33
 164 00a1 01       		.uleb128 0x1
 165 00a2 9C       		.byte	0x9c
 166 00a3 F2000000 		.4byte	0xf2
 167 00a7 05       		.uleb128 0x5
 168 00a8 08000000 		.4byte	.LVL0
 169 00ac F2000000 		.4byte	0xf2
 170 00b0 06       		.uleb128 0x6
 171 00b1 0E000000 		.4byte	.LVL1
 172 00b5 FD000000 		.4byte	0xfd
 173 00b9 C7000000 		.4byte	0xc7
 174 00bd 07       		.uleb128 0x7
 175 00be 01       		.uleb128 0x1
 176 00bf 50       		.byte	0x50
 177 00c0 05       		.uleb128 0x5
 178 00c1 03       		.byte	0x3
 179 00c2 00000000 		.4byte	.LC0
 180 00c6 00       		.byte	0
 181 00c7 06       		.uleb128 0x6
 182 00c8 14000000 		.4byte	.LVL2
 183 00cc FD000000 		.4byte	0xfd
 184 00d0 DE000000 		.4byte	0xde
 185 00d4 07       		.uleb128 0x7
 186 00d5 01       		.uleb128 0x1
 187 00d6 50       		.byte	0x50
 188 00d7 05       		.uleb128 0x5
 189 00d8 03       		.byte	0x3
 190 00d9 10000000 		.4byte	.LC2
 191 00dd 00       		.byte	0
 192 00de 08       		.uleb128 0x8
 193 00df 1A000000 		.4byte	.LVL3
 194 00e3 09010000 		.4byte	0x109
 195 00e7 07       		.uleb128 0x7
 196 00e8 01       		.uleb128 0x1
 197 00e9 50       		.byte	0x50
 198 00ea 05       		.uleb128 0x5
ARM GAS  C:\Users\srhi\AppData\Local\Temp\ccWPVy95.s 			page 5


 199 00eb 03       		.byte	0x3
 200 00ec 28000000 		.4byte	.LC4
 201 00f0 00       		.byte	0
 202 00f1 00       		.byte	0
 203 00f2 09       		.uleb128 0x9
 204 00f3 5C000000 		.4byte	.LASF14
 205 00f7 5C000000 		.4byte	.LASF14
 206 00fb 02       		.byte	0x2
 207 00fc 72       		.byte	0x72
 208 00fd 0A       		.uleb128 0xa
 209 00fe 74010000 		.4byte	.LASF15
 210 0102 74010000 		.4byte	.LASF15
 211 0106 03       		.byte	0x3
 212 0107 2A03     		.2byte	0x32a
 213 0109 09       		.uleb128 0x9
 214 010a 51010000 		.4byte	.LASF16
 215 010e 51010000 		.4byte	.LASF16
 216 0112 04       		.byte	0x4
 217 0113 BB       		.byte	0xbb
 218 0114 00       		.byte	0
 219              		.section	.debug_abbrev,"",%progbits
 220              	.Ldebug_abbrev0:
 221 0000 01       		.uleb128 0x1
 222 0001 11       		.uleb128 0x11
 223 0002 01       		.byte	0x1
 224 0003 25       		.uleb128 0x25
 225 0004 0E       		.uleb128 0xe
 226 0005 13       		.uleb128 0x13
 227 0006 0B       		.uleb128 0xb
 228 0007 03       		.uleb128 0x3
 229 0008 0E       		.uleb128 0xe
 230 0009 1B       		.uleb128 0x1b
 231 000a 0E       		.uleb128 0xe
 232 000b 55       		.uleb128 0x55
 233 000c 17       		.uleb128 0x17
 234 000d 11       		.uleb128 0x11
 235 000e 01       		.uleb128 0x1
 236 000f 10       		.uleb128 0x10
 237 0010 17       		.uleb128 0x17
 238 0011 00       		.byte	0
 239 0012 00       		.byte	0
 240 0013 02       		.uleb128 0x2
 241 0014 24       		.uleb128 0x24
 242 0015 00       		.byte	0
 243 0016 0B       		.uleb128 0xb
 244 0017 0B       		.uleb128 0xb
 245 0018 3E       		.uleb128 0x3e
 246 0019 0B       		.uleb128 0xb
 247 001a 03       		.uleb128 0x3
 248 001b 0E       		.uleb128 0xe
 249 001c 00       		.byte	0
 250 001d 00       		.byte	0
 251 001e 03       		.uleb128 0x3
 252 001f 24       		.uleb128 0x24
 253 0020 00       		.byte	0
 254 0021 0B       		.uleb128 0xb
 255 0022 0B       		.uleb128 0xb
ARM GAS  C:\Users\srhi\AppData\Local\Temp\ccWPVy95.s 			page 6


 256 0023 3E       		.uleb128 0x3e
 257 0024 0B       		.uleb128 0xb
 258 0025 03       		.uleb128 0x3
 259 0026 08       		.uleb128 0x8
 260 0027 00       		.byte	0
 261 0028 00       		.byte	0
 262 0029 04       		.uleb128 0x4
 263 002a 2E       		.uleb128 0x2e
 264 002b 01       		.byte	0x1
 265 002c 3F       		.uleb128 0x3f
 266 002d 19       		.uleb128 0x19
 267 002e 03       		.uleb128 0x3
 268 002f 0E       		.uleb128 0xe
 269 0030 3A       		.uleb128 0x3a
 270 0031 0B       		.uleb128 0xb
 271 0032 3B       		.uleb128 0x3b
 272 0033 0B       		.uleb128 0xb
 273 0034 27       		.uleb128 0x27
 274 0035 19       		.uleb128 0x19
 275 0036 49       		.uleb128 0x49
 276 0037 13       		.uleb128 0x13
 277 0038 8701     		.uleb128 0x87
 278 003a 19       		.uleb128 0x19
 279 003b 11       		.uleb128 0x11
 280 003c 01       		.uleb128 0x1
 281 003d 12       		.uleb128 0x12
 282 003e 06       		.uleb128 0x6
 283 003f 40       		.uleb128 0x40
 284 0040 18       		.uleb128 0x18
 285 0041 9742     		.uleb128 0x2117
 286 0043 19       		.uleb128 0x19
 287 0044 01       		.uleb128 0x1
 288 0045 13       		.uleb128 0x13
 289 0046 00       		.byte	0
 290 0047 00       		.byte	0
 291 0048 05       		.uleb128 0x5
 292 0049 898201   		.uleb128 0x4109
 293 004c 00       		.byte	0
 294 004d 11       		.uleb128 0x11
 295 004e 01       		.uleb128 0x1
 296 004f 31       		.uleb128 0x31
 297 0050 13       		.uleb128 0x13
 298 0051 00       		.byte	0
 299 0052 00       		.byte	0
 300 0053 06       		.uleb128 0x6
 301 0054 898201   		.uleb128 0x4109
 302 0057 01       		.byte	0x1
 303 0058 11       		.uleb128 0x11
 304 0059 01       		.uleb128 0x1
 305 005a 31       		.uleb128 0x31
 306 005b 13       		.uleb128 0x13
 307 005c 01       		.uleb128 0x1
 308 005d 13       		.uleb128 0x13
 309 005e 00       		.byte	0
 310 005f 00       		.byte	0
 311 0060 07       		.uleb128 0x7
 312 0061 8A8201   		.uleb128 0x410a
ARM GAS  C:\Users\srhi\AppData\Local\Temp\ccWPVy95.s 			page 7


 313 0064 00       		.byte	0
 314 0065 02       		.uleb128 0x2
 315 0066 18       		.uleb128 0x18
 316 0067 9142     		.uleb128 0x2111
 317 0069 18       		.uleb128 0x18
 318 006a 00       		.byte	0
 319 006b 00       		.byte	0
 320 006c 08       		.uleb128 0x8
 321 006d 898201   		.uleb128 0x4109
 322 0070 01       		.byte	0x1
 323 0071 11       		.uleb128 0x11
 324 0072 01       		.uleb128 0x1
 325 0073 31       		.uleb128 0x31
 326 0074 13       		.uleb128 0x13
 327 0075 00       		.byte	0
 328 0076 00       		.byte	0
 329 0077 09       		.uleb128 0x9
 330 0078 2E       		.uleb128 0x2e
 331 0079 00       		.byte	0
 332 007a 3F       		.uleb128 0x3f
 333 007b 19       		.uleb128 0x19
 334 007c 3C       		.uleb128 0x3c
 335 007d 19       		.uleb128 0x19
 336 007e 6E       		.uleb128 0x6e
 337 007f 0E       		.uleb128 0xe
 338 0080 03       		.uleb128 0x3
 339 0081 0E       		.uleb128 0xe
 340 0082 3A       		.uleb128 0x3a
 341 0083 0B       		.uleb128 0xb
 342 0084 3B       		.uleb128 0x3b
 343 0085 0B       		.uleb128 0xb
 344 0086 00       		.byte	0
 345 0087 00       		.byte	0
 346 0088 0A       		.uleb128 0xa
 347 0089 2E       		.uleb128 0x2e
 348 008a 00       		.byte	0
 349 008b 3F       		.uleb128 0x3f
 350 008c 19       		.uleb128 0x19
 351 008d 3C       		.uleb128 0x3c
 352 008e 19       		.uleb128 0x19
 353 008f 6E       		.uleb128 0x6e
 354 0090 0E       		.uleb128 0xe
 355 0091 03       		.uleb128 0x3
 356 0092 0E       		.uleb128 0xe
 357 0093 3A       		.uleb128 0x3a
 358 0094 0B       		.uleb128 0xb
 359 0095 3B       		.uleb128 0x3b
 360 0096 05       		.uleb128 0x5
 361 0097 00       		.byte	0
 362 0098 00       		.byte	0
 363 0099 00       		.byte	0
 364              		.section	.debug_aranges,"",%progbits
 365 0000 1C000000 		.4byte	0x1c
 366 0004 0200     		.2byte	0x2
 367 0006 00000000 		.4byte	.Ldebug_info0
 368 000a 04       		.byte	0x4
 369 000b 00       		.byte	0
ARM GAS  C:\Users\srhi\AppData\Local\Temp\ccWPVy95.s 			page 8


 370 000c 0000     		.2byte	0
 371 000e 0000     		.2byte	0
 372 0010 00000000 		.4byte	.LFB33
 373 0014 28000000 		.4byte	.LFE33-.LFB33
 374 0018 00000000 		.4byte	0
 375 001c 00000000 		.4byte	0
 376              		.section	.debug_ranges,"",%progbits
 377              	.Ldebug_ranges0:
 378 0000 00000000 		.4byte	.LFB33
 379 0004 28000000 		.4byte	.LFE33
 380 0008 00000000 		.4byte	0
 381 000c 00000000 		.4byte	0
 382              		.section	.debug_line,"",%progbits
 383              	.Ldebug_line0:
 384 0000 DE000000 		.section	.debug_str,"MS",%progbits,1
 384      0200C400 
 384      00000201 
 384      FB0E0D00 
 384      01010101 
 385              	.LASF6:
 386 0000 6C6F6E67 		.ascii	"long long int\000"
 386      206C6F6E 
 386      6720696E 
 386      7400
 387              	.LASF8:
 388 000e 756E7369 		.ascii	"unsigned int\000"
 388      676E6564 
 388      20696E74 
 388      00
 389              	.LASF18:
 390 001b 6D61696E 		.ascii	"main.c\000"
 390      2E6300
 391              	.LASF20:
 392 0022 6D61696E 		.ascii	"main\000"
 392      00
 393              	.LASF0:
 394 0027 7369676E 		.ascii	"signed char\000"
 394      65642063 
 394      68617200 
 395              	.LASF5:
 396 0033 6C6F6E67 		.ascii	"long unsigned int\000"
 396      20756E73 
 396      69676E65 
 396      6420696E 
 396      7400
 397              	.LASF7:
 398 0045 6C6F6E67 		.ascii	"long long unsigned int\000"
 398      206C6F6E 
 398      6720756E 
 398      7369676E 
 398      65642069 
 399              	.LASF14:
 400 005c 55415254 		.ascii	"UART_Start\000"
 400      5F537461 
 400      727400
 401              	.LASF1:
 402 0067 756E7369 		.ascii	"unsigned char\000"
ARM GAS  C:\Users\srhi\AppData\Local\Temp\ccWPVy95.s 			page 9


 402      676E6564 
 402      20636861 
 402      7200
 403              	.LASF11:
 404 0075 63686172 		.ascii	"char\000"
 404      00
 405              	.LASF4:
 406 007a 6C6F6E67 		.ascii	"long int\000"
 406      20696E74 
 406      00
 407              	.LASF10:
 408 0083 646F7562 		.ascii	"double\000"
 408      6C6500
 409              	.LASF19:
 410 008a 433A5C55 		.ascii	"C:\\Users\\srhi\\Desktop\\PSOC\\UART.cydsn\000"
 410      73657273 
 410      5C737268 
 410      695C4465 
 410      736B746F 
 411              	.LASF17:
 412 00b0 474E5520 		.ascii	"GNU C11 5.4.1 20160609 (release) [ARM/embedded-5-br"
 412      43313120 
 412      352E342E 
 412      31203230 
 412      31363036 
 413 00e3 616E6368 		.ascii	"anch revision 237715] -mcpu=cortex-m0 -mthumb -g -O"
 413      20726576 
 413      6973696F 
 413      6E203233 
 413      37373135 
 414 0116 67202D66 		.ascii	"g -ffunction-sections -ffat-lto-objects\000"
 414      66756E63 
 414      74696F6E 
 414      2D736563 
 414      74696F6E 
 415              	.LASF3:
 416 013e 73686F72 		.ascii	"short unsigned int\000"
 416      7420756E 
 416      7369676E 
 416      65642069 
 416      6E7400
 417              	.LASF16:
 418 0151 7072696E 		.ascii	"printf\000"
 418      746600
 419              	.LASF12:
 420 0158 6C6F6E67 		.ascii	"long double\000"
 420      20646F75 
 420      626C6500 
 421              	.LASF9:
 422 0164 666C6F61 		.ascii	"float\000"
 422      7400
 423              	.LASF2:
 424 016a 73686F72 		.ascii	"short int\000"
 424      7420696E 
 424      7400
 425              	.LASF15:
 426 0174 55415254 		.ascii	"UART_UartPutString\000"
ARM GAS  C:\Users\srhi\AppData\Local\Temp\ccWPVy95.s 			page 10


 426      5F556172 
 426      74507574 
 426      53747269 
 426      6E6700
 427              	.LASF13:
 428 0187 73697A65 		.ascii	"sizetype\000"
 428      74797065 
 428      00
 429              		.ident	"GCC: (GNU Tools for ARM Embedded Processors) 5.4.1 20160609 (release) [ARM/embedded-5-bran
