ARM GAS  C:\Users\Shashwat\AppData\Local\Temp\ccucTdNG.s 			page 1


   1              		.syntax unified
   2              		.cpu cortex-m0
   3              		.fpu softvfp
   4              		.eabi_attribute 20, 1
   5              		.eabi_attribute 21, 1
   6              		.eabi_attribute 23, 3
   7              		.eabi_attribute 24, 1
   8              		.eabi_attribute 25, 1
   9              		.eabi_attribute 26, 1
  10              		.eabi_attribute 30, 1
  11              		.eabi_attribute 34, 0
  12              		.eabi_attribute 18, 4
  13              		.thumb
  14              		.syntax unified
  15              		.file	"main.c"
  16              		.text
  17              	.Ltext0:
  18              		.cfi_sections	.debug_frame
  19              		.section	.text.main,"ax",%progbits
  20              		.align	2
  21              		.global	main
  22              		.code	16
  23              		.thumb_func
  24              		.type	main, %function
  25              	main:
  26              	.LFB32:
  27              		.file 1 "main.c"
   1:main.c        **** /* ========================================
   2:main.c        ****  *
   3:main.c        ****  * Copyright YOUR COMPANY, THE YEAR
   4:main.c        ****  * All Rights Reserved
   5:main.c        ****  * UNPUBLISHED, LICENSED SOFTWARE.
   6:main.c        ****  *
   7:main.c        ****  * CONFIDENTIAL AND PROPRIETARY INFORMATION
   8:main.c        ****  * WHICH IS THE PROPERTY OF your company.
   9:main.c        ****  *
  10:main.c        ****  * ========================================
  11:main.c        **** */
  12:main.c        **** #include "project.h"
  13:main.c        **** 
  14:main.c        **** int main(void)
  15:main.c        **** {
  28              		.loc 1 15 0
  29              		.cfi_startproc
  30              		@ Volatile: function does not return.
  31              		@ args = 0, pretend = 0, frame = 0
  32              		@ frame_needed = 0, uses_anonymous_args = 0
  33 0000 10B5     		push	{r4, lr}
  34              		.cfi_def_cfa_offset 8
  35              		.cfi_offset 4, -8
  36              		.cfi_offset 14, -4
  16:main.c        ****     CyGlobalIntEnable; /* Enable global interrupts. */
  37              		.loc 1 16 0
  38              		.syntax divided
  39              	@ 16 "main.c" 1
  40 0002 62B6     		CPSIE   i
  41              	@ 0 "" 2
ARM GAS  C:\Users\Shashwat\AppData\Local\Temp\ccucTdNG.s 			page 2


  42              		.thumb
  43              		.syntax unified
  44              	.L2:
  17:main.c        **** 
  18:main.c        ****     /* Place your initialization/startup code here (e.g. MyInst_Start()) */
  19:main.c        **** 
  20:main.c        ****     for(;;)
  21:main.c        ****     {
  22:main.c        ****         /* Place your application code here. */
  23:main.c        ****         Pin_blue_Write( ~ Pin_blue_Read());
  45              		.loc 1 23 0 discriminator 1
  46 0004 FFF7FEFF 		bl	Pin_blue_Read
  47              	.LVL0:
  48 0008 C043     		mvns	r0, r0
  49 000a C0B2     		uxtb	r0, r0
  50 000c FFF7FEFF 		bl	Pin_blue_Write
  51              	.LVL1:
  24:main.c        ****         CyDelay(200);
  52              		.loc 1 24 0 discriminator 1
  53 0010 C820     		movs	r0, #200
  54 0012 FFF7FEFF 		bl	CyDelay
  55              	.LVL2:
  25:main.c        ****         Pin_green_Write( ~ Pin_green_Read());
  56              		.loc 1 25 0 discriminator 1
  57 0016 FFF7FEFF 		bl	Pin_green_Read
  58              	.LVL3:
  59 001a C043     		mvns	r0, r0
  60 001c C0B2     		uxtb	r0, r0
  61 001e FFF7FEFF 		bl	Pin_green_Write
  62              	.LVL4:
  26:main.c        ****         CyDelay(200);
  63              		.loc 1 26 0 discriminator 1
  64 0022 C820     		movs	r0, #200
  65 0024 FFF7FEFF 		bl	CyDelay
  66              	.LVL5:
  27:main.c        ****         Pin_red_Write( ~ Pin_red_Read());
  67              		.loc 1 27 0 discriminator 1
  68 0028 FFF7FEFF 		bl	Pin_red_Read
  69              	.LVL6:
  70 002c C043     		mvns	r0, r0
  71 002e C0B2     		uxtb	r0, r0
  72 0030 FFF7FEFF 		bl	Pin_red_Write
  73              	.LVL7:
  28:main.c        ****         CyDelay(200);
  74              		.loc 1 28 0 discriminator 1
  75 0034 C820     		movs	r0, #200
  76 0036 FFF7FEFF 		bl	CyDelay
  77              	.LVL8:
  78 003a E3E7     		b	.L2
  79              		.cfi_endproc
  80              	.LFE32:
  81              		.size	main, .-main
  82              		.text
  83              	.Letext0:
  84              		.file 2 "Generated_Source\\PSoC4/Pin_blue.h"
  85              		.file 3 "Generated_Source\\PSoC4/CyLib.h"
  86              		.file 4 "Generated_Source\\PSoC4/Pin_green.h"
ARM GAS  C:\Users\Shashwat\AppData\Local\Temp\ccucTdNG.s 			page 3


  87              		.file 5 "Generated_Source\\PSoC4/Pin_red.h"
  88              		.section	.debug_info,"",%progbits
  89              	.Ldebug_info0:
  90 0000 60010000 		.4byte	0x160
  91 0004 0400     		.2byte	0x4
  92 0006 00000000 		.4byte	.Ldebug_abbrev0
  93 000a 04       		.byte	0x4
  94 000b 01       		.uleb128 0x1
  95 000c D8000000 		.4byte	.LASF21
  96 0010 0C       		.byte	0xc
  97 0011 31000000 		.4byte	.LASF22
  98 0015 A4010000 		.4byte	.LASF23
  99 0019 00000000 		.4byte	.Ldebug_ranges0+0
 100 001d 00000000 		.4byte	0
 101 0021 00000000 		.4byte	.Ldebug_line0
 102 0025 02       		.uleb128 0x2
 103 0026 01       		.byte	0x1
 104 0027 06       		.byte	0x6
 105 0028 79010000 		.4byte	.LASF0
 106 002c 02       		.uleb128 0x2
 107 002d 01       		.byte	0x1
 108 002e 08       		.byte	0x8
 109 002f 7B000000 		.4byte	.LASF1
 110 0033 02       		.uleb128 0x2
 111 0034 02       		.byte	0x2
 112 0035 05       		.byte	0x5
 113 0036 9A010000 		.4byte	.LASF2
 114 003a 02       		.uleb128 0x2
 115 003b 02       		.byte	0x2
 116 003c 07       		.byte	0x7
 117 003d 66010000 		.4byte	.LASF3
 118 0041 02       		.uleb128 0x2
 119 0042 04       		.byte	0x4
 120 0043 05       		.byte	0x5
 121 0044 9C000000 		.4byte	.LASF4
 122 0048 02       		.uleb128 0x2
 123 0049 04       		.byte	0x4
 124 004a 07       		.byte	0x7
 125 004b 4C000000 		.4byte	.LASF5
 126 004f 02       		.uleb128 0x2
 127 0050 08       		.byte	0x8
 128 0051 05       		.byte	0x5
 129 0052 00000000 		.4byte	.LASF6
 130 0056 02       		.uleb128 0x2
 131 0057 08       		.byte	0x8
 132 0058 07       		.byte	0x7
 133 0059 5E000000 		.4byte	.LASF7
 134 005d 03       		.uleb128 0x3
 135 005e 04       		.byte	0x4
 136 005f 05       		.byte	0x5
 137 0060 696E7400 		.ascii	"int\000"
 138 0064 02       		.uleb128 0x2
 139 0065 04       		.byte	0x4
 140 0066 07       		.byte	0x7
 141 0067 0E000000 		.4byte	.LASF8
 142 006b 02       		.uleb128 0x2
 143 006c 04       		.byte	0x4
ARM GAS  C:\Users\Shashwat\AppData\Local\Temp\ccucTdNG.s 			page 4


 144 006d 04       		.byte	0x4
 145 006e 75000000 		.4byte	.LASF9
 146 0072 02       		.uleb128 0x2
 147 0073 08       		.byte	0x8
 148 0074 04       		.byte	0x4
 149 0075 C2000000 		.4byte	.LASF10
 150 0079 02       		.uleb128 0x2
 151 007a 01       		.byte	0x1
 152 007b 08       		.byte	0x8
 153 007c 97000000 		.4byte	.LASF11
 154 0080 02       		.uleb128 0x2
 155 0081 04       		.byte	0x4
 156 0082 07       		.byte	0x7
 157 0083 91010000 		.4byte	.LASF12
 158 0087 02       		.uleb128 0x2
 159 0088 08       		.byte	0x8
 160 0089 04       		.byte	0x4
 161 008a 85010000 		.4byte	.LASF13
 162 008e 04       		.uleb128 0x4
 163 008f 38000000 		.4byte	.LASF24
 164 0093 01       		.byte	0x1
 165 0094 0E       		.byte	0xe
 166 0095 5D000000 		.4byte	0x5d
 167 0099 00000000 		.4byte	.LFB32
 168 009d 3C000000 		.4byte	.LFE32-.LFB32
 169 00a1 01       		.uleb128 0x1
 170 00a2 9C       		.byte	0x9c
 171 00a3 16010000 		.4byte	0x116
 172 00a7 05       		.uleb128 0x5
 173 00a8 08000000 		.4byte	.LVL0
 174 00ac 16010000 		.4byte	0x116
 175 00b0 05       		.uleb128 0x5
 176 00b1 10000000 		.4byte	.LVL1
 177 00b5 21010000 		.4byte	0x121
 178 00b9 06       		.uleb128 0x6
 179 00ba 16000000 		.4byte	.LVL2
 180 00be 2C010000 		.4byte	0x12c
 181 00c2 CD000000 		.4byte	0xcd
 182 00c6 07       		.uleb128 0x7
 183 00c7 01       		.uleb128 0x1
 184 00c8 50       		.byte	0x50
 185 00c9 02       		.uleb128 0x2
 186 00ca 08       		.byte	0x8
 187 00cb C8       		.byte	0xc8
 188 00cc 00       		.byte	0
 189 00cd 05       		.uleb128 0x5
 190 00ce 1A000000 		.4byte	.LVL3
 191 00d2 37010000 		.4byte	0x137
 192 00d6 05       		.uleb128 0x5
 193 00d7 22000000 		.4byte	.LVL4
 194 00db 42010000 		.4byte	0x142
 195 00df 06       		.uleb128 0x6
 196 00e0 28000000 		.4byte	.LVL5
 197 00e4 2C010000 		.4byte	0x12c
 198 00e8 F3000000 		.4byte	0xf3
 199 00ec 07       		.uleb128 0x7
 200 00ed 01       		.uleb128 0x1
ARM GAS  C:\Users\Shashwat\AppData\Local\Temp\ccucTdNG.s 			page 5


 201 00ee 50       		.byte	0x50
 202 00ef 02       		.uleb128 0x2
 203 00f0 08       		.byte	0x8
 204 00f1 C8       		.byte	0xc8
 205 00f2 00       		.byte	0
 206 00f3 05       		.uleb128 0x5
 207 00f4 2C000000 		.4byte	.LVL6
 208 00f8 4D010000 		.4byte	0x14d
 209 00fc 05       		.uleb128 0x5
 210 00fd 34000000 		.4byte	.LVL7
 211 0101 58010000 		.4byte	0x158
 212 0105 08       		.uleb128 0x8
 213 0106 3A000000 		.4byte	.LVL8
 214 010a 2C010000 		.4byte	0x12c
 215 010e 07       		.uleb128 0x7
 216 010f 01       		.uleb128 0x1
 217 0110 50       		.byte	0x50
 218 0111 02       		.uleb128 0x2
 219 0112 08       		.byte	0x8
 220 0113 C8       		.byte	0xc8
 221 0114 00       		.byte	0
 222 0115 00       		.byte	0
 223 0116 09       		.uleb128 0x9
 224 0117 1B000000 		.4byte	.LASF14
 225 011b 1B000000 		.4byte	.LASF14
 226 011f 02       		.byte	0x2
 227 0120 32       		.byte	0x32
 228 0121 09       		.uleb128 0x9
 229 0122 3D000000 		.4byte	.LASF15
 230 0126 3D000000 		.4byte	.LASF15
 231 012a 02       		.byte	0x2
 232 012b 33       		.byte	0x33
 233 012c 09       		.uleb128 0x9
 234 012d 29000000 		.4byte	.LASF16
 235 0131 29000000 		.4byte	.LASF16
 236 0135 03       		.byte	0x3
 237 0136 D9       		.byte	0xd9
 238 0137 09       		.uleb128 0x9
 239 0138 C9000000 		.4byte	.LASF17
 240 013c C9000000 		.4byte	.LASF17
 241 0140 04       		.byte	0x4
 242 0141 32       		.byte	0x32
 243 0142 09       		.uleb128 0x9
 244 0143 B2000000 		.4byte	.LASF18
 245 0147 B2000000 		.4byte	.LASF18
 246 014b 04       		.byte	0x4
 247 014c 33       		.byte	0x33
 248 014d 09       		.uleb128 0x9
 249 014e A5000000 		.4byte	.LASF19
 250 0152 A5000000 		.4byte	.LASF19
 251 0156 05       		.byte	0x5
 252 0157 32       		.byte	0x32
 253 0158 09       		.uleb128 0x9
 254 0159 89000000 		.4byte	.LASF20
 255 015d 89000000 		.4byte	.LASF20
 256 0161 05       		.byte	0x5
 257 0162 33       		.byte	0x33
ARM GAS  C:\Users\Shashwat\AppData\Local\Temp\ccucTdNG.s 			page 6


 258 0163 00       		.byte	0
 259              		.section	.debug_abbrev,"",%progbits
 260              	.Ldebug_abbrev0:
 261 0000 01       		.uleb128 0x1
 262 0001 11       		.uleb128 0x11
 263 0002 01       		.byte	0x1
 264 0003 25       		.uleb128 0x25
 265 0004 0E       		.uleb128 0xe
 266 0005 13       		.uleb128 0x13
 267 0006 0B       		.uleb128 0xb
 268 0007 03       		.uleb128 0x3
 269 0008 0E       		.uleb128 0xe
 270 0009 1B       		.uleb128 0x1b
 271 000a 0E       		.uleb128 0xe
 272 000b 55       		.uleb128 0x55
 273 000c 17       		.uleb128 0x17
 274 000d 11       		.uleb128 0x11
 275 000e 01       		.uleb128 0x1
 276 000f 10       		.uleb128 0x10
 277 0010 17       		.uleb128 0x17
 278 0011 00       		.byte	0
 279 0012 00       		.byte	0
 280 0013 02       		.uleb128 0x2
 281 0014 24       		.uleb128 0x24
 282 0015 00       		.byte	0
 283 0016 0B       		.uleb128 0xb
 284 0017 0B       		.uleb128 0xb
 285 0018 3E       		.uleb128 0x3e
 286 0019 0B       		.uleb128 0xb
 287 001a 03       		.uleb128 0x3
 288 001b 0E       		.uleb128 0xe
 289 001c 00       		.byte	0
 290 001d 00       		.byte	0
 291 001e 03       		.uleb128 0x3
 292 001f 24       		.uleb128 0x24
 293 0020 00       		.byte	0
 294 0021 0B       		.uleb128 0xb
 295 0022 0B       		.uleb128 0xb
 296 0023 3E       		.uleb128 0x3e
 297 0024 0B       		.uleb128 0xb
 298 0025 03       		.uleb128 0x3
 299 0026 08       		.uleb128 0x8
 300 0027 00       		.byte	0
 301 0028 00       		.byte	0
 302 0029 04       		.uleb128 0x4
 303 002a 2E       		.uleb128 0x2e
 304 002b 01       		.byte	0x1
 305 002c 3F       		.uleb128 0x3f
 306 002d 19       		.uleb128 0x19
 307 002e 03       		.uleb128 0x3
 308 002f 0E       		.uleb128 0xe
 309 0030 3A       		.uleb128 0x3a
 310 0031 0B       		.uleb128 0xb
 311 0032 3B       		.uleb128 0x3b
 312 0033 0B       		.uleb128 0xb
 313 0034 27       		.uleb128 0x27
 314 0035 19       		.uleb128 0x19
ARM GAS  C:\Users\Shashwat\AppData\Local\Temp\ccucTdNG.s 			page 7


 315 0036 49       		.uleb128 0x49
 316 0037 13       		.uleb128 0x13
 317 0038 8701     		.uleb128 0x87
 318 003a 19       		.uleb128 0x19
 319 003b 11       		.uleb128 0x11
 320 003c 01       		.uleb128 0x1
 321 003d 12       		.uleb128 0x12
 322 003e 06       		.uleb128 0x6
 323 003f 40       		.uleb128 0x40
 324 0040 18       		.uleb128 0x18
 325 0041 9742     		.uleb128 0x2117
 326 0043 19       		.uleb128 0x19
 327 0044 01       		.uleb128 0x1
 328 0045 13       		.uleb128 0x13
 329 0046 00       		.byte	0
 330 0047 00       		.byte	0
 331 0048 05       		.uleb128 0x5
 332 0049 898201   		.uleb128 0x4109
 333 004c 00       		.byte	0
 334 004d 11       		.uleb128 0x11
 335 004e 01       		.uleb128 0x1
 336 004f 31       		.uleb128 0x31
 337 0050 13       		.uleb128 0x13
 338 0051 00       		.byte	0
 339 0052 00       		.byte	0
 340 0053 06       		.uleb128 0x6
 341 0054 898201   		.uleb128 0x4109
 342 0057 01       		.byte	0x1
 343 0058 11       		.uleb128 0x11
 344 0059 01       		.uleb128 0x1
 345 005a 31       		.uleb128 0x31
 346 005b 13       		.uleb128 0x13
 347 005c 01       		.uleb128 0x1
 348 005d 13       		.uleb128 0x13
 349 005e 00       		.byte	0
 350 005f 00       		.byte	0
 351 0060 07       		.uleb128 0x7
 352 0061 8A8201   		.uleb128 0x410a
 353 0064 00       		.byte	0
 354 0065 02       		.uleb128 0x2
 355 0066 18       		.uleb128 0x18
 356 0067 9142     		.uleb128 0x2111
 357 0069 18       		.uleb128 0x18
 358 006a 00       		.byte	0
 359 006b 00       		.byte	0
 360 006c 08       		.uleb128 0x8
 361 006d 898201   		.uleb128 0x4109
 362 0070 01       		.byte	0x1
 363 0071 11       		.uleb128 0x11
 364 0072 01       		.uleb128 0x1
 365 0073 31       		.uleb128 0x31
 366 0074 13       		.uleb128 0x13
 367 0075 00       		.byte	0
 368 0076 00       		.byte	0
 369 0077 09       		.uleb128 0x9
 370 0078 2E       		.uleb128 0x2e
 371 0079 00       		.byte	0
ARM GAS  C:\Users\Shashwat\AppData\Local\Temp\ccucTdNG.s 			page 8


 372 007a 3F       		.uleb128 0x3f
 373 007b 19       		.uleb128 0x19
 374 007c 3C       		.uleb128 0x3c
 375 007d 19       		.uleb128 0x19
 376 007e 6E       		.uleb128 0x6e
 377 007f 0E       		.uleb128 0xe
 378 0080 03       		.uleb128 0x3
 379 0081 0E       		.uleb128 0xe
 380 0082 3A       		.uleb128 0x3a
 381 0083 0B       		.uleb128 0xb
 382 0084 3B       		.uleb128 0x3b
 383 0085 0B       		.uleb128 0xb
 384 0086 00       		.byte	0
 385 0087 00       		.byte	0
 386 0088 00       		.byte	0
 387              		.section	.debug_aranges,"",%progbits
 388 0000 1C000000 		.4byte	0x1c
 389 0004 0200     		.2byte	0x2
 390 0006 00000000 		.4byte	.Ldebug_info0
 391 000a 04       		.byte	0x4
 392 000b 00       		.byte	0
 393 000c 0000     		.2byte	0
 394 000e 0000     		.2byte	0
 395 0010 00000000 		.4byte	.LFB32
 396 0014 3C000000 		.4byte	.LFE32-.LFB32
 397 0018 00000000 		.4byte	0
 398 001c 00000000 		.4byte	0
 399              		.section	.debug_ranges,"",%progbits
 400              	.Ldebug_ranges0:
 401 0000 00000000 		.4byte	.LFB32
 402 0004 3C000000 		.4byte	.LFE32
 403 0008 00000000 		.4byte	0
 404 000c 00000000 		.4byte	0
 405              		.section	.debug_line,"",%progbits
 406              	.Ldebug_line0:
 407 0000 9D000000 		.section	.debug_str,"MS",%progbits,1
 407      02006900 
 407      00000201 
 407      FB0E0D00 
 407      01010101 
 408              	.LASF6:
 409 0000 6C6F6E67 		.ascii	"long long int\000"
 409      206C6F6E 
 409      6720696E 
 409      7400
 410              	.LASF8:
 411 000e 756E7369 		.ascii	"unsigned int\000"
 411      676E6564 
 411      20696E74 
 411      00
 412              	.LASF14:
 413 001b 50696E5F 		.ascii	"Pin_blue_Read\000"
 413      626C7565 
 413      5F526561 
 413      6400
 414              	.LASF16:
 415 0029 43794465 		.ascii	"CyDelay\000"
ARM GAS  C:\Users\Shashwat\AppData\Local\Temp\ccucTdNG.s 			page 9


 415      6C617900 
 416              	.LASF22:
 417 0031 6D61696E 		.ascii	"main.c\000"
 417      2E6300
 418              	.LASF24:
 419 0038 6D61696E 		.ascii	"main\000"
 419      00
 420              	.LASF15:
 421 003d 50696E5F 		.ascii	"Pin_blue_Write\000"
 421      626C7565 
 421      5F577269 
 421      746500
 422              	.LASF5:
 423 004c 6C6F6E67 		.ascii	"long unsigned int\000"
 423      20756E73 
 423      69676E65 
 423      6420696E 
 423      7400
 424              	.LASF7:
 425 005e 6C6F6E67 		.ascii	"long long unsigned int\000"
 425      206C6F6E 
 425      6720756E 
 425      7369676E 
 425      65642069 
 426              	.LASF9:
 427 0075 666C6F61 		.ascii	"float\000"
 427      7400
 428              	.LASF1:
 429 007b 756E7369 		.ascii	"unsigned char\000"
 429      676E6564 
 429      20636861 
 429      7200
 430              	.LASF20:
 431 0089 50696E5F 		.ascii	"Pin_red_Write\000"
 431      7265645F 
 431      57726974 
 431      6500
 432              	.LASF11:
 433 0097 63686172 		.ascii	"char\000"
 433      00
 434              	.LASF4:
 435 009c 6C6F6E67 		.ascii	"long int\000"
 435      20696E74 
 435      00
 436              	.LASF19:
 437 00a5 50696E5F 		.ascii	"Pin_red_Read\000"
 437      7265645F 
 437      52656164 
 437      00
 438              	.LASF18:
 439 00b2 50696E5F 		.ascii	"Pin_green_Write\000"
 439      67726565 
 439      6E5F5772 
 439      69746500 
 440              	.LASF10:
 441 00c2 646F7562 		.ascii	"double\000"
 441      6C6500
ARM GAS  C:\Users\Shashwat\AppData\Local\Temp\ccucTdNG.s 			page 10


 442              	.LASF17:
 443 00c9 50696E5F 		.ascii	"Pin_green_Read\000"
 443      67726565 
 443      6E5F5265 
 443      616400
 444              	.LASF21:
 445 00d8 474E5520 		.ascii	"GNU C11 5.4.1 20160609 (release) [ARM/embedded-5-br"
 445      43313120 
 445      352E342E 
 445      31203230 
 445      31363036 
 446 010b 616E6368 		.ascii	"anch revision 237715] -mcpu=cortex-m0 -mthumb -g -O"
 446      20726576 
 446      6973696F 
 446      6E203233 
 446      37373135 
 447 013e 67202D66 		.ascii	"g -ffunction-sections -ffat-lto-objects\000"
 447      66756E63 
 447      74696F6E 
 447      2D736563 
 447      74696F6E 
 448              	.LASF3:
 449 0166 73686F72 		.ascii	"short unsigned int\000"
 449      7420756E 
 449      7369676E 
 449      65642069 
 449      6E7400
 450              	.LASF0:
 451 0179 7369676E 		.ascii	"signed char\000"
 451      65642063 
 451      68617200 
 452              	.LASF13:
 453 0185 6C6F6E67 		.ascii	"long double\000"
 453      20646F75 
 453      626C6500 
 454              	.LASF12:
 455 0191 73697A65 		.ascii	"sizetype\000"
 455      74797065 
 455      00
 456              	.LASF2:
 457 019a 73686F72 		.ascii	"short int\000"
 457      7420696E 
 457      7400
 458              	.LASF23:
 459 01a4 433A5C55 		.ascii	"C:\\Users\\Shashwat\\Documents\\PSoC Creator\\Empty"
 459      73657273 
 459      5C536861 
 459      73687761 
 459      745C446F 
 460 01d2 5C426C69 		.ascii	"\\Blink.cydsn\000"
 460      6E6B2E63 
 460      7964736E 
 460      00
 461              		.ident	"GCC: (GNU Tools for ARM Embedded Processors) 5.4.1 20160609 (release) [ARM/embedded-5-bran
