ARM GAS  C:\Users\srhi\AppData\Local\Temp\ccVfM47H.s 			page 1


   1              		.syntax unified
   2              		.cpu cortex-m0
   3              		.fpu softvfp
   4              		.eabi_attribute 20, 1
   5              		.eabi_attribute 21, 1
   6              		.eabi_attribute 23, 3
   7              		.eabi_attribute 24, 1
   8              		.eabi_attribute 25, 1
   9              		.eabi_attribute 26, 1
  10              		.eabi_attribute 30, 1
  11              		.eabi_attribute 34, 0
  12              		.eabi_attribute 18, 4
  13              		.thumb
  14              		.syntax unified
  15              		.file	"main.c"
  16              		.text
  17              	.Ltext0:
  18              		.cfi_sections	.debug_frame
  19              		.section	.text.l22_faster,"ax",%progbits
  20              		.align	2
  21              		.global	l22_faster
  22              		.code	16
  23              		.thumb_func
  24              		.type	l22_faster, %function
  25              	l22_faster:
  26              	.LFB32:
  27              		.file 1 "main.c"
   1:main.c        **** /* ========================================
   2:main.c        ****  *
   3:main.c        ****  * Copyright YOUR COMPANY, THE YEAR
   4:main.c        ****  * All Rights Reserved
   5:main.c        ****  * UNPUBLISHED, LICENSED SOFTWARE.
   6:main.c        ****  *
   7:main.c        ****  * CONFIDENTIAL AND PROPRIETARY INFORMATION
   8:main.c        ****  * WHICH IS THE PROPERTY OF your company.
   9:main.c        ****  *
  10:main.c        ****  * ========================================
  11:main.c        **** */
  12:main.c        **** #include "project.h"
  13:main.c        **** int l22_faster(){
  28              		.loc 1 13 0
  29              		.cfi_startproc
  30              		@ args = 0, pretend = 0, frame = 0
  31              		@ frame_needed = 0, uses_anonymous_args = 0
  32              		@ link register save eliminated.
  14:main.c        ****     return 200;
  15:main.c        **** }
  33              		.loc 1 15 0
  34 0000 C820     		movs	r0, #200
  35              		@ sp needed
  36 0002 7047     		bx	lr
  37              		.cfi_endproc
  38              	.LFE32:
  39              		.size	l22_faster, .-l22_faster
  40              		.section	.text.l23_different_rates,"ax",%progbits
  41              		.align	2
  42              		.global	l23_different_rates
ARM GAS  C:\Users\srhi\AppData\Local\Temp\ccVfM47H.s 			page 2


  43              		.code	16
  44              		.thumb_func
  45              		.type	l23_different_rates, %function
  46              	l23_different_rates:
  47              	.LFB33:
  16:main.c        **** void l23_different_rates(){
  48              		.loc 1 16 0
  49              		.cfi_startproc
  50              		@ Volatile: function does not return.
  51              		@ args = 0, pretend = 0, frame = 0
  52              		@ frame_needed = 0, uses_anonymous_args = 0
  53 0000 10B5     		push	{r4, lr}
  54              		.cfi_def_cfa_offset 8
  55              		.cfi_offset 4, -8
  56              		.cfi_offset 14, -4
  57              	.L3:
  17:main.c        ****     while(1){
  18:main.c        ****         Pin_blue_Write(1);
  58              		.loc 1 18 0
  59 0002 0120     		movs	r0, #1
  60 0004 FFF7FEFF 		bl	Pin_blue_Write
  61              	.LVL0:
  19:main.c        ****         //Pin_green_Write(1);
  20:main.c        ****         CyDelay(200);
  62              		.loc 1 20 0
  63 0008 C820     		movs	r0, #200
  64 000a FFF7FEFF 		bl	CyDelay
  65              	.LVL1:
  21:main.c        ****         if(Pin_green_Read()){
  66              		.loc 1 21 0
  67 000e FFF7FEFF 		bl	Pin_green_Read
  68              	.LVL2:
  69 0012 0028     		cmp	r0, #0
  70 0014 F5D0     		beq	.L3
  22:main.c        ****             Pin_green_Write( ~ Pin_green_Read() );CyDelay(100);
  71              		.loc 1 22 0
  72 0016 FFF7FEFF 		bl	Pin_green_Read
  73              	.LVL3:
  74 001a C043     		mvns	r0, r0
  75 001c C0B2     		uxtb	r0, r0
  76 001e FFF7FEFF 		bl	Pin_green_Write
  77              	.LVL4:
  78 0022 6420     		movs	r0, #100
  79 0024 FFF7FEFF 		bl	CyDelay
  80              	.LVL5:
  81 0028 EBE7     		b	.L3
  82              		.cfi_endproc
  83              	.LFE33:
  84              		.size	l23_different_rates, .-l23_different_rates
  85 002a C046     		.section	.text.main,"ax",%progbits
  86              		.align	2
  87              		.global	main
  88              		.code	16
  89              		.thumb_func
  90              		.type	main, %function
  91              	main:
  92              	.LFB34:
ARM GAS  C:\Users\srhi\AppData\Local\Temp\ccVfM47H.s 			page 3


  23:main.c        ****         }
  24:main.c        ****     }
  25:main.c        **** }
  26:main.c        **** int main(void)
  27:main.c        **** {
  93              		.loc 1 27 0
  94              		.cfi_startproc
  95              		@ Volatile: function does not return.
  96              		@ args = 0, pretend = 0, frame = 0
  97              		@ frame_needed = 0, uses_anonymous_args = 0
  98 0000 10B5     		push	{r4, lr}
  99              		.cfi_def_cfa_offset 8
 100              		.cfi_offset 4, -8
 101              		.cfi_offset 14, -4
  28:main.c        ****     CyGlobalIntEnable; /* Enable global interrupts. */
 102              		.loc 1 28 0
 103              		.syntax divided
 104              	@ 28 "main.c" 1
 105 0002 62B6     		CPSIE   i
 106              	@ 0 "" 2
  29:main.c        **** 
  30:main.c        ****     /* Place your initialization/startup code here (e.g. MyInst_Start()) */
  31:main.c        ****     l23_different_rates();
 107              		.loc 1 31 0
 108              		.thumb
 109              		.syntax unified
 110 0004 FFF7FEFF 		bl	l23_different_rates
 111              	.LVL6:
 112              		.cfi_endproc
 113              	.LFE34:
 114              		.size	main, .-main
 115              		.text
 116              	.Letext0:
 117              		.file 2 "Generated_Source\\PSoC4/Pin_blue.h"
 118              		.file 3 "Generated_Source\\PSoC4/CyLib.h"
 119              		.file 4 "Generated_Source\\PSoC4/Pin_green.h"
 120              		.section	.debug_info,"",%progbits
 121              	.Ldebug_info0:
 122 0000 57010000 		.4byte	0x157
 123 0004 0400     		.2byte	0x4
 124 0006 00000000 		.4byte	.Ldebug_abbrev0
 125 000a 04       		.byte	0x4
 126 000b 01       		.uleb128 0x1
 127 000c EA000000 		.4byte	.LASF18
 128 0010 0C       		.byte	0xc
 129 0011 4A000000 		.4byte	.LASF19
 130 0015 0E000000 		.4byte	.LASF20
 131 0019 00000000 		.4byte	.Ldebug_ranges0+0
 132 001d 00000000 		.4byte	0
 133 0021 00000000 		.4byte	.Ldebug_line0
 134 0025 02       		.uleb128 0x2
 135 0026 01       		.byte	0x1
 136 0027 06       		.byte	0x6
 137 0028 8B010000 		.4byte	.LASF0
 138 002c 02       		.uleb128 0x2
 139 002d 01       		.byte	0x1
 140 002e 08       		.byte	0x8
ARM GAS  C:\Users\srhi\AppData\Local\Temp\ccVfM47H.s 			page 4


 141 002f 94000000 		.4byte	.LASF1
 142 0033 02       		.uleb128 0x2
 143 0034 02       		.byte	0x2
 144 0035 05       		.byte	0x5
 145 0036 AE010000 		.4byte	.LASF2
 146 003a 02       		.uleb128 0x2
 147 003b 02       		.byte	0x2
 148 003c 07       		.byte	0x7
 149 003d 78010000 		.4byte	.LASF3
 150 0041 02       		.uleb128 0x2
 151 0042 04       		.byte	0x4
 152 0043 05       		.byte	0x5
 153 0044 A7000000 		.4byte	.LASF4
 154 0048 02       		.uleb128 0x2
 155 0049 04       		.byte	0x4
 156 004a 07       		.byte	0x7
 157 004b 65000000 		.4byte	.LASF5
 158 004f 02       		.uleb128 0x2
 159 0050 08       		.byte	0x8
 160 0051 05       		.byte	0x5
 161 0052 00000000 		.4byte	.LASF6
 162 0056 02       		.uleb128 0x2
 163 0057 08       		.byte	0x8
 164 0058 07       		.byte	0x7
 165 0059 77000000 		.4byte	.LASF7
 166 005d 03       		.uleb128 0x3
 167 005e 04       		.byte	0x4
 168 005f 05       		.byte	0x5
 169 0060 696E7400 		.ascii	"int\000"
 170 0064 02       		.uleb128 0x2
 171 0065 04       		.byte	0x4
 172 0066 07       		.byte	0x7
 173 0067 35000000 		.4byte	.LASF8
 174 006b 02       		.uleb128 0x2
 175 006c 04       		.byte	0x4
 176 006d 04       		.byte	0x4
 177 006e 8E000000 		.4byte	.LASF9
 178 0072 02       		.uleb128 0x2
 179 0073 08       		.byte	0x8
 180 0074 04       		.byte	0x4
 181 0075 D4000000 		.4byte	.LASF10
 182 0079 02       		.uleb128 0x2
 183 007a 01       		.byte	0x1
 184 007b 08       		.byte	0x8
 185 007c A2000000 		.4byte	.LASF11
 186 0080 02       		.uleb128 0x2
 187 0081 04       		.byte	0x4
 188 0082 07       		.byte	0x7
 189 0083 B8010000 		.4byte	.LASF12
 190 0087 02       		.uleb128 0x2
 191 0088 08       		.byte	0x8
 192 0089 04       		.byte	0x4
 193 008a A2010000 		.4byte	.LASF13
 194 008e 04       		.uleb128 0x4
 195 008f 97010000 		.4byte	.LASF21
 196 0093 01       		.byte	0x1
 197 0094 0D       		.byte	0xd
ARM GAS  C:\Users\srhi\AppData\Local\Temp\ccVfM47H.s 			page 5


 198 0095 5D000000 		.4byte	0x5d
 199 0099 00000000 		.4byte	.LFB32
 200 009d 04000000 		.4byte	.LFE32-.LFB32
 201 00a1 01       		.uleb128 0x1
 202 00a2 9C       		.byte	0x9c
 203 00a3 05       		.uleb128 0x5
 204 00a4 B0000000 		.4byte	.LASF22
 205 00a8 01       		.byte	0x1
 206 00a9 10       		.byte	0x10
 207 00aa 00000000 		.4byte	.LFB33
 208 00ae 2A000000 		.4byte	.LFE33-.LFB33
 209 00b2 01       		.uleb128 0x1
 210 00b3 9C       		.byte	0x9c
 211 00b4 0B010000 		.4byte	0x10b
 212 00b8 06       		.uleb128 0x6
 213 00b9 08000000 		.4byte	.LVL0
 214 00bd 2E010000 		.4byte	0x12e
 215 00c1 CB000000 		.4byte	0xcb
 216 00c5 07       		.uleb128 0x7
 217 00c6 01       		.uleb128 0x1
 218 00c7 50       		.byte	0x50
 219 00c8 01       		.uleb128 0x1
 220 00c9 31       		.byte	0x31
 221 00ca 00       		.byte	0
 222 00cb 06       		.uleb128 0x6
 223 00cc 0E000000 		.4byte	.LVL1
 224 00d0 39010000 		.4byte	0x139
 225 00d4 DF000000 		.4byte	0xdf
 226 00d8 07       		.uleb128 0x7
 227 00d9 01       		.uleb128 0x1
 228 00da 50       		.byte	0x50
 229 00db 02       		.uleb128 0x2
 230 00dc 08       		.byte	0x8
 231 00dd C8       		.byte	0xc8
 232 00de 00       		.byte	0
 233 00df 08       		.uleb128 0x8
 234 00e0 12000000 		.4byte	.LVL2
 235 00e4 44010000 		.4byte	0x144
 236 00e8 08       		.uleb128 0x8
 237 00e9 1A000000 		.4byte	.LVL3
 238 00ed 44010000 		.4byte	0x144
 239 00f1 08       		.uleb128 0x8
 240 00f2 22000000 		.4byte	.LVL4
 241 00f6 4F010000 		.4byte	0x14f
 242 00fa 09       		.uleb128 0x9
 243 00fb 28000000 		.4byte	.LVL5
 244 00ff 39010000 		.4byte	0x139
 245 0103 07       		.uleb128 0x7
 246 0104 01       		.uleb128 0x1
 247 0105 50       		.byte	0x50
 248 0106 02       		.uleb128 0x2
 249 0107 08       		.byte	0x8
 250 0108 64       		.byte	0x64
 251 0109 00       		.byte	0
 252 010a 00       		.byte	0
 253 010b 0A       		.uleb128 0xa
 254 010c 51000000 		.4byte	.LASF23
ARM GAS  C:\Users\srhi\AppData\Local\Temp\ccVfM47H.s 			page 6


 255 0110 01       		.byte	0x1
 256 0111 1A       		.byte	0x1a
 257 0112 5D000000 		.4byte	0x5d
 258 0116 00000000 		.4byte	.LFB34
 259 011a 08000000 		.4byte	.LFE34-.LFB34
 260 011e 01       		.uleb128 0x1
 261 011f 9C       		.byte	0x9c
 262 0120 2E010000 		.4byte	0x12e
 263 0124 08       		.uleb128 0x8
 264 0125 08000000 		.4byte	.LVL6
 265 0129 A3000000 		.4byte	0xa3
 266 012d 00       		.byte	0
 267 012e 0B       		.uleb128 0xb
 268 012f 56000000 		.4byte	.LASF14
 269 0133 56000000 		.4byte	.LASF14
 270 0137 02       		.byte	0x2
 271 0138 33       		.byte	0x33
 272 0139 0B       		.uleb128 0xb
 273 013a 42000000 		.4byte	.LASF15
 274 013e 42000000 		.4byte	.LASF15
 275 0142 03       		.byte	0x3
 276 0143 D9       		.byte	0xd9
 277 0144 0B       		.uleb128 0xb
 278 0145 DB000000 		.4byte	.LASF16
 279 0149 DB000000 		.4byte	.LASF16
 280 014d 04       		.byte	0x4
 281 014e 32       		.byte	0x32
 282 014f 0B       		.uleb128 0xb
 283 0150 C4000000 		.4byte	.LASF17
 284 0154 C4000000 		.4byte	.LASF17
 285 0158 04       		.byte	0x4
 286 0159 33       		.byte	0x33
 287 015a 00       		.byte	0
 288              		.section	.debug_abbrev,"",%progbits
 289              	.Ldebug_abbrev0:
 290 0000 01       		.uleb128 0x1
 291 0001 11       		.uleb128 0x11
 292 0002 01       		.byte	0x1
 293 0003 25       		.uleb128 0x25
 294 0004 0E       		.uleb128 0xe
 295 0005 13       		.uleb128 0x13
 296 0006 0B       		.uleb128 0xb
 297 0007 03       		.uleb128 0x3
 298 0008 0E       		.uleb128 0xe
 299 0009 1B       		.uleb128 0x1b
 300 000a 0E       		.uleb128 0xe
 301 000b 55       		.uleb128 0x55
 302 000c 17       		.uleb128 0x17
 303 000d 11       		.uleb128 0x11
 304 000e 01       		.uleb128 0x1
 305 000f 10       		.uleb128 0x10
 306 0010 17       		.uleb128 0x17
 307 0011 00       		.byte	0
 308 0012 00       		.byte	0
 309 0013 02       		.uleb128 0x2
 310 0014 24       		.uleb128 0x24
 311 0015 00       		.byte	0
ARM GAS  C:\Users\srhi\AppData\Local\Temp\ccVfM47H.s 			page 7


 312 0016 0B       		.uleb128 0xb
 313 0017 0B       		.uleb128 0xb
 314 0018 3E       		.uleb128 0x3e
 315 0019 0B       		.uleb128 0xb
 316 001a 03       		.uleb128 0x3
 317 001b 0E       		.uleb128 0xe
 318 001c 00       		.byte	0
 319 001d 00       		.byte	0
 320 001e 03       		.uleb128 0x3
 321 001f 24       		.uleb128 0x24
 322 0020 00       		.byte	0
 323 0021 0B       		.uleb128 0xb
 324 0022 0B       		.uleb128 0xb
 325 0023 3E       		.uleb128 0x3e
 326 0024 0B       		.uleb128 0xb
 327 0025 03       		.uleb128 0x3
 328 0026 08       		.uleb128 0x8
 329 0027 00       		.byte	0
 330 0028 00       		.byte	0
 331 0029 04       		.uleb128 0x4
 332 002a 2E       		.uleb128 0x2e
 333 002b 00       		.byte	0
 334 002c 3F       		.uleb128 0x3f
 335 002d 19       		.uleb128 0x19
 336 002e 03       		.uleb128 0x3
 337 002f 0E       		.uleb128 0xe
 338 0030 3A       		.uleb128 0x3a
 339 0031 0B       		.uleb128 0xb
 340 0032 3B       		.uleb128 0x3b
 341 0033 0B       		.uleb128 0xb
 342 0034 49       		.uleb128 0x49
 343 0035 13       		.uleb128 0x13
 344 0036 11       		.uleb128 0x11
 345 0037 01       		.uleb128 0x1
 346 0038 12       		.uleb128 0x12
 347 0039 06       		.uleb128 0x6
 348 003a 40       		.uleb128 0x40
 349 003b 18       		.uleb128 0x18
 350 003c 9742     		.uleb128 0x2117
 351 003e 19       		.uleb128 0x19
 352 003f 00       		.byte	0
 353 0040 00       		.byte	0
 354 0041 05       		.uleb128 0x5
 355 0042 2E       		.uleb128 0x2e
 356 0043 01       		.byte	0x1
 357 0044 3F       		.uleb128 0x3f
 358 0045 19       		.uleb128 0x19
 359 0046 03       		.uleb128 0x3
 360 0047 0E       		.uleb128 0xe
 361 0048 3A       		.uleb128 0x3a
 362 0049 0B       		.uleb128 0xb
 363 004a 3B       		.uleb128 0x3b
 364 004b 0B       		.uleb128 0xb
 365 004c 8701     		.uleb128 0x87
 366 004e 19       		.uleb128 0x19
 367 004f 11       		.uleb128 0x11
 368 0050 01       		.uleb128 0x1
ARM GAS  C:\Users\srhi\AppData\Local\Temp\ccVfM47H.s 			page 8


 369 0051 12       		.uleb128 0x12
 370 0052 06       		.uleb128 0x6
 371 0053 40       		.uleb128 0x40
 372 0054 18       		.uleb128 0x18
 373 0055 9742     		.uleb128 0x2117
 374 0057 19       		.uleb128 0x19
 375 0058 01       		.uleb128 0x1
 376 0059 13       		.uleb128 0x13
 377 005a 00       		.byte	0
 378 005b 00       		.byte	0
 379 005c 06       		.uleb128 0x6
 380 005d 898201   		.uleb128 0x4109
 381 0060 01       		.byte	0x1
 382 0061 11       		.uleb128 0x11
 383 0062 01       		.uleb128 0x1
 384 0063 31       		.uleb128 0x31
 385 0064 13       		.uleb128 0x13
 386 0065 01       		.uleb128 0x1
 387 0066 13       		.uleb128 0x13
 388 0067 00       		.byte	0
 389 0068 00       		.byte	0
 390 0069 07       		.uleb128 0x7
 391 006a 8A8201   		.uleb128 0x410a
 392 006d 00       		.byte	0
 393 006e 02       		.uleb128 0x2
 394 006f 18       		.uleb128 0x18
 395 0070 9142     		.uleb128 0x2111
 396 0072 18       		.uleb128 0x18
 397 0073 00       		.byte	0
 398 0074 00       		.byte	0
 399 0075 08       		.uleb128 0x8
 400 0076 898201   		.uleb128 0x4109
 401 0079 00       		.byte	0
 402 007a 11       		.uleb128 0x11
 403 007b 01       		.uleb128 0x1
 404 007c 31       		.uleb128 0x31
 405 007d 13       		.uleb128 0x13
 406 007e 00       		.byte	0
 407 007f 00       		.byte	0
 408 0080 09       		.uleb128 0x9
 409 0081 898201   		.uleb128 0x4109
 410 0084 01       		.byte	0x1
 411 0085 11       		.uleb128 0x11
 412 0086 01       		.uleb128 0x1
 413 0087 31       		.uleb128 0x31
 414 0088 13       		.uleb128 0x13
 415 0089 00       		.byte	0
 416 008a 00       		.byte	0
 417 008b 0A       		.uleb128 0xa
 418 008c 2E       		.uleb128 0x2e
 419 008d 01       		.byte	0x1
 420 008e 3F       		.uleb128 0x3f
 421 008f 19       		.uleb128 0x19
 422 0090 03       		.uleb128 0x3
 423 0091 0E       		.uleb128 0xe
 424 0092 3A       		.uleb128 0x3a
 425 0093 0B       		.uleb128 0xb
ARM GAS  C:\Users\srhi\AppData\Local\Temp\ccVfM47H.s 			page 9


 426 0094 3B       		.uleb128 0x3b
 427 0095 0B       		.uleb128 0xb
 428 0096 27       		.uleb128 0x27
 429 0097 19       		.uleb128 0x19
 430 0098 49       		.uleb128 0x49
 431 0099 13       		.uleb128 0x13
 432 009a 8701     		.uleb128 0x87
 433 009c 19       		.uleb128 0x19
 434 009d 11       		.uleb128 0x11
 435 009e 01       		.uleb128 0x1
 436 009f 12       		.uleb128 0x12
 437 00a0 06       		.uleb128 0x6
 438 00a1 40       		.uleb128 0x40
 439 00a2 18       		.uleb128 0x18
 440 00a3 9742     		.uleb128 0x2117
 441 00a5 19       		.uleb128 0x19
 442 00a6 01       		.uleb128 0x1
 443 00a7 13       		.uleb128 0x13
 444 00a8 00       		.byte	0
 445 00a9 00       		.byte	0
 446 00aa 0B       		.uleb128 0xb
 447 00ab 2E       		.uleb128 0x2e
 448 00ac 00       		.byte	0
 449 00ad 3F       		.uleb128 0x3f
 450 00ae 19       		.uleb128 0x19
 451 00af 3C       		.uleb128 0x3c
 452 00b0 19       		.uleb128 0x19
 453 00b1 6E       		.uleb128 0x6e
 454 00b2 0E       		.uleb128 0xe
 455 00b3 03       		.uleb128 0x3
 456 00b4 0E       		.uleb128 0xe
 457 00b5 3A       		.uleb128 0x3a
 458 00b6 0B       		.uleb128 0xb
 459 00b7 3B       		.uleb128 0x3b
 460 00b8 0B       		.uleb128 0xb
 461 00b9 00       		.byte	0
 462 00ba 00       		.byte	0
 463 00bb 00       		.byte	0
 464              		.section	.debug_aranges,"",%progbits
 465 0000 2C000000 		.4byte	0x2c
 466 0004 0200     		.2byte	0x2
 467 0006 00000000 		.4byte	.Ldebug_info0
 468 000a 04       		.byte	0x4
 469 000b 00       		.byte	0
 470 000c 0000     		.2byte	0
 471 000e 0000     		.2byte	0
 472 0010 00000000 		.4byte	.LFB32
 473 0014 04000000 		.4byte	.LFE32-.LFB32
 474 0018 00000000 		.4byte	.LFB33
 475 001c 2A000000 		.4byte	.LFE33-.LFB33
 476 0020 00000000 		.4byte	.LFB34
 477 0024 08000000 		.4byte	.LFE34-.LFB34
 478 0028 00000000 		.4byte	0
 479 002c 00000000 		.4byte	0
 480              		.section	.debug_ranges,"",%progbits
 481              	.Ldebug_ranges0:
 482 0000 00000000 		.4byte	.LFB32
ARM GAS  C:\Users\srhi\AppData\Local\Temp\ccVfM47H.s 			page 10


 483 0004 04000000 		.4byte	.LFE32
 484 0008 00000000 		.4byte	.LFB33
 485 000c 2A000000 		.4byte	.LFE33
 486 0010 00000000 		.4byte	.LFB34
 487 0014 08000000 		.4byte	.LFE34
 488 0018 00000000 		.4byte	0
 489 001c 00000000 		.4byte	0
 490              		.section	.debug_line,"",%progbits
 491              	.Ldebug_line0:
 492 0000 96000000 		.section	.debug_str,"MS",%progbits,1
 492      02005C00 
 492      00000201 
 492      FB0E0D00 
 492      01010101 
 493              	.LASF6:
 494 0000 6C6F6E67 		.ascii	"long long int\000"
 494      206C6F6E 
 494      6720696E 
 494      7400
 495              	.LASF20:
 496 000e 433A5C55 		.ascii	"C:\\Users\\srhi\\Desktop\\PSOC\\Blink.cydsn\000"
 496      73657273 
 496      5C737268 
 496      695C4465 
 496      736B746F 
 497              	.LASF8:
 498 0035 756E7369 		.ascii	"unsigned int\000"
 498      676E6564 
 498      20696E74 
 498      00
 499              	.LASF15:
 500 0042 43794465 		.ascii	"CyDelay\000"
 500      6C617900 
 501              	.LASF19:
 502 004a 6D61696E 		.ascii	"main.c\000"
 502      2E6300
 503              	.LASF23:
 504 0051 6D61696E 		.ascii	"main\000"
 504      00
 505              	.LASF14:
 506 0056 50696E5F 		.ascii	"Pin_blue_Write\000"
 506      626C7565 
 506      5F577269 
 506      746500
 507              	.LASF5:
 508 0065 6C6F6E67 		.ascii	"long unsigned int\000"
 508      20756E73 
 508      69676E65 
 508      6420696E 
 508      7400
 509              	.LASF7:
 510 0077 6C6F6E67 		.ascii	"long long unsigned int\000"
 510      206C6F6E 
 510      6720756E 
 510      7369676E 
 510      65642069 
 511              	.LASF9:
ARM GAS  C:\Users\srhi\AppData\Local\Temp\ccVfM47H.s 			page 11


 512 008e 666C6F61 		.ascii	"float\000"
 512      7400
 513              	.LASF1:
 514 0094 756E7369 		.ascii	"unsigned char\000"
 514      676E6564 
 514      20636861 
 514      7200
 515              	.LASF11:
 516 00a2 63686172 		.ascii	"char\000"
 516      00
 517              	.LASF4:
 518 00a7 6C6F6E67 		.ascii	"long int\000"
 518      20696E74 
 518      00
 519              	.LASF22:
 520 00b0 6C32335F 		.ascii	"l23_different_rates\000"
 520      64696666 
 520      6572656E 
 520      745F7261 
 520      74657300 
 521              	.LASF17:
 522 00c4 50696E5F 		.ascii	"Pin_green_Write\000"
 522      67726565 
 522      6E5F5772 
 522      69746500 
 523              	.LASF10:
 524 00d4 646F7562 		.ascii	"double\000"
 524      6C6500
 525              	.LASF16:
 526 00db 50696E5F 		.ascii	"Pin_green_Read\000"
 526      67726565 
 526      6E5F5265 
 526      616400
 527              	.LASF18:
 528 00ea 474E5520 		.ascii	"GNU C11 5.4.1 20160609 (release) [ARM/embedded-5-br"
 528      43313120 
 528      352E342E 
 528      31203230 
 528      31363036 
 529 011d 616E6368 		.ascii	"anch revision 237715] -mcpu=cortex-m0 -mthumb -g -O"
 529      20726576 
 529      6973696F 
 529      6E203233 
 529      37373135 
 530 0150 67202D66 		.ascii	"g -ffunction-sections -ffat-lto-objects\000"
 530      66756E63 
 530      74696F6E 
 530      2D736563 
 530      74696F6E 
 531              	.LASF3:
 532 0178 73686F72 		.ascii	"short unsigned int\000"
 532      7420756E 
 532      7369676E 
 532      65642069 
 532      6E7400
 533              	.LASF0:
 534 018b 7369676E 		.ascii	"signed char\000"
ARM GAS  C:\Users\srhi\AppData\Local\Temp\ccVfM47H.s 			page 12


 534      65642063 
 534      68617200 
 535              	.LASF21:
 536 0197 6C32325F 		.ascii	"l22_faster\000"
 536      66617374 
 536      657200
 537              	.LASF13:
 538 01a2 6C6F6E67 		.ascii	"long double\000"
 538      20646F75 
 538      626C6500 
 539              	.LASF2:
 540 01ae 73686F72 		.ascii	"short int\000"
 540      7420696E 
 540      7400
 541              	.LASF12:
 542 01b8 73697A65 		.ascii	"sizetype\000"
 542      74797065 
 542      00
 543              		.ident	"GCC: (GNU Tools for ARM Embedded Processors) 5.4.1 20160609 (release) [ARM/embedded-5-bran
