ARM GAS  C:\Users\srhi\AppData\Local\Temp\ccCOwwFb.s 			page 1


   1              		.syntax unified
   2              		.cpu cortex-m0
   3              		.fpu softvfp
   4              		.eabi_attribute 20, 1
   5              		.eabi_attribute 21, 1
   6              		.eabi_attribute 23, 3
   7              		.eabi_attribute 24, 1
   8              		.eabi_attribute 25, 1
   9              		.eabi_attribute 26, 1
  10              		.eabi_attribute 30, 1
  11              		.eabi_attribute 34, 0
  12              		.eabi_attribute 18, 4
  13              		.thumb
  14              		.syntax unified
  15              		.file	"cyfitter_cfg.c"
  16              		.text
  17              	.Ltext0:
  18              		.cfi_sections	.debug_frame
  19              		.section	.text.cfg_write_bytes32,"ax",%progbits
  20              		.align	2
  21              		.code	16
  22              		.thumb_func
  23              		.type	cfg_write_bytes32, %function
  24              	cfg_write_bytes32:
  25              	.LFB3:
  26              		.file 1 "Generated_Source\\PSoC4\\cyfitter_cfg.c"
   1:Generated_Source\PSoC4/cyfitter_cfg.c **** 
   2:Generated_Source\PSoC4/cyfitter_cfg.c **** /*******************************************************************************
   3:Generated_Source\PSoC4/cyfitter_cfg.c **** * File Name: cyfitter_cfg.c
   4:Generated_Source\PSoC4/cyfitter_cfg.c **** * 
   5:Generated_Source\PSoC4/cyfitter_cfg.c **** * PSoC Creator  4.2
   6:Generated_Source\PSoC4/cyfitter_cfg.c **** *
   7:Generated_Source\PSoC4/cyfitter_cfg.c **** * Description:
   8:Generated_Source\PSoC4/cyfitter_cfg.c **** * This file contains device initialization code.
   9:Generated_Source\PSoC4/cyfitter_cfg.c **** * Except for the user defined sections in CyClockStartupError(), this file should not be modified.
  10:Generated_Source\PSoC4/cyfitter_cfg.c **** * This file is automatically generated by PSoC Creator.
  11:Generated_Source\PSoC4/cyfitter_cfg.c **** *
  12:Generated_Source\PSoC4/cyfitter_cfg.c **** ********************************************************************************
  13:Generated_Source\PSoC4/cyfitter_cfg.c **** * Copyright (c) 2007-2018 Cypress Semiconductor.  All rights reserved.
  14:Generated_Source\PSoC4/cyfitter_cfg.c **** * You may use this file only in accordance with the license, terms, conditions, 
  15:Generated_Source\PSoC4/cyfitter_cfg.c **** * disclaimers, and limitations in the end user license agreement accompanying 
  16:Generated_Source\PSoC4/cyfitter_cfg.c **** * the software package with which this file was provided.
  17:Generated_Source\PSoC4/cyfitter_cfg.c **** ********************************************************************************/
  18:Generated_Source\PSoC4/cyfitter_cfg.c **** 
  19:Generated_Source\PSoC4/cyfitter_cfg.c **** #include <string.h>
  20:Generated_Source\PSoC4/cyfitter_cfg.c **** #include "cytypes.h"
  21:Generated_Source\PSoC4/cyfitter_cfg.c **** #include "cydevice_trm.h"
  22:Generated_Source\PSoC4/cyfitter_cfg.c **** #include "cyfitter.h"
  23:Generated_Source\PSoC4/cyfitter_cfg.c **** #include "CyLib.h"
  24:Generated_Source\PSoC4/cyfitter_cfg.c **** #include "CyLFClk.h"
  25:Generated_Source\PSoC4/cyfitter_cfg.c **** #include "cyfitter_cfg.h"
  26:Generated_Source\PSoC4/cyfitter_cfg.c **** #include "cyapicallbacks.h"
  27:Generated_Source\PSoC4/cyfitter_cfg.c **** 
  28:Generated_Source\PSoC4/cyfitter_cfg.c **** 
  29:Generated_Source\PSoC4/cyfitter_cfg.c **** #if defined(__GNUC__) || defined(__ARMCC_VERSION)
  30:Generated_Source\PSoC4/cyfitter_cfg.c ****     #define CYPACKED 
  31:Generated_Source\PSoC4/cyfitter_cfg.c ****     #define CYPACKED_ATTR __attribute__ ((packed))
ARM GAS  C:\Users\srhi\AppData\Local\Temp\ccCOwwFb.s 			page 2


  32:Generated_Source\PSoC4/cyfitter_cfg.c ****     #define CYALIGNED __attribute__ ((aligned))
  33:Generated_Source\PSoC4/cyfitter_cfg.c ****     #define CY_CFG_UNUSED __attribute__ ((unused))
  34:Generated_Source\PSoC4/cyfitter_cfg.c ****     #ifndef CY_CFG_SECTION
  35:Generated_Source\PSoC4/cyfitter_cfg.c ****         #define CY_CFG_SECTION __attribute__ ((section(".psocinit")))
  36:Generated_Source\PSoC4/cyfitter_cfg.c ****     #endif
  37:Generated_Source\PSoC4/cyfitter_cfg.c ****     
  38:Generated_Source\PSoC4/cyfitter_cfg.c ****     #if defined(__ARMCC_VERSION)
  39:Generated_Source\PSoC4/cyfitter_cfg.c ****         #define CY_CFG_MEMORY_BARRIER() __memory_changed()
  40:Generated_Source\PSoC4/cyfitter_cfg.c ****     #else
  41:Generated_Source\PSoC4/cyfitter_cfg.c ****         #define CY_CFG_MEMORY_BARRIER() __sync_synchronize()
  42:Generated_Source\PSoC4/cyfitter_cfg.c ****     #endif
  43:Generated_Source\PSoC4/cyfitter_cfg.c ****     
  44:Generated_Source\PSoC4/cyfitter_cfg.c **** #elif defined(__ICCARM__)
  45:Generated_Source\PSoC4/cyfitter_cfg.c ****     #include <intrinsics.h>
  46:Generated_Source\PSoC4/cyfitter_cfg.c **** 
  47:Generated_Source\PSoC4/cyfitter_cfg.c ****     #define CYPACKED __packed
  48:Generated_Source\PSoC4/cyfitter_cfg.c ****     #define CYPACKED_ATTR 
  49:Generated_Source\PSoC4/cyfitter_cfg.c ****     #define CYALIGNED _Pragma("data_alignment=4")
  50:Generated_Source\PSoC4/cyfitter_cfg.c ****     #define CY_CFG_UNUSED _Pragma("diag_suppress=Pe177")
  51:Generated_Source\PSoC4/cyfitter_cfg.c ****     #define CY_CFG_SECTION _Pragma("location=\".psocinit\"")
  52:Generated_Source\PSoC4/cyfitter_cfg.c ****     
  53:Generated_Source\PSoC4/cyfitter_cfg.c ****     #define CY_CFG_MEMORY_BARRIER() __DMB()
  54:Generated_Source\PSoC4/cyfitter_cfg.c ****     
  55:Generated_Source\PSoC4/cyfitter_cfg.c **** #else
  56:Generated_Source\PSoC4/cyfitter_cfg.c ****     #error Unsupported toolchain
  57:Generated_Source\PSoC4/cyfitter_cfg.c **** #endif
  58:Generated_Source\PSoC4/cyfitter_cfg.c **** 
  59:Generated_Source\PSoC4/cyfitter_cfg.c **** #ifndef CYCODE
  60:Generated_Source\PSoC4/cyfitter_cfg.c ****     #define CYCODE
  61:Generated_Source\PSoC4/cyfitter_cfg.c **** #endif
  62:Generated_Source\PSoC4/cyfitter_cfg.c **** #ifndef CYDATA
  63:Generated_Source\PSoC4/cyfitter_cfg.c ****     #define CYDATA
  64:Generated_Source\PSoC4/cyfitter_cfg.c **** #endif
  65:Generated_Source\PSoC4/cyfitter_cfg.c **** #ifndef CYFAR
  66:Generated_Source\PSoC4/cyfitter_cfg.c ****     #define CYFAR
  67:Generated_Source\PSoC4/cyfitter_cfg.c **** #endif
  68:Generated_Source\PSoC4/cyfitter_cfg.c **** #ifndef CYXDATA
  69:Generated_Source\PSoC4/cyfitter_cfg.c ****     #define CYXDATA
  70:Generated_Source\PSoC4/cyfitter_cfg.c **** #endif
  71:Generated_Source\PSoC4/cyfitter_cfg.c **** 
  72:Generated_Source\PSoC4/cyfitter_cfg.c **** 
  73:Generated_Source\PSoC4/cyfitter_cfg.c **** CY_CFG_UNUSED
  74:Generated_Source\PSoC4/cyfitter_cfg.c **** static void CYMEMZERO(void *s, size_t n);
  75:Generated_Source\PSoC4/cyfitter_cfg.c **** CY_CFG_UNUSED
  76:Generated_Source\PSoC4/cyfitter_cfg.c **** static void CYMEMZERO(void *s, size_t n)
  77:Generated_Source\PSoC4/cyfitter_cfg.c **** {
  78:Generated_Source\PSoC4/cyfitter_cfg.c **** 	(void)memset(s, 0, n);
  79:Generated_Source\PSoC4/cyfitter_cfg.c **** }
  80:Generated_Source\PSoC4/cyfitter_cfg.c **** CY_CFG_UNUSED
  81:Generated_Source\PSoC4/cyfitter_cfg.c **** static void CYCONFIGCPY(void *dest, const void *src, size_t n);
  82:Generated_Source\PSoC4/cyfitter_cfg.c **** CY_CFG_UNUSED
  83:Generated_Source\PSoC4/cyfitter_cfg.c **** static void CYCONFIGCPY(void *dest, const void *src, size_t n)
  84:Generated_Source\PSoC4/cyfitter_cfg.c **** {
  85:Generated_Source\PSoC4/cyfitter_cfg.c **** 	(void)memcpy(dest, src, n);
  86:Generated_Source\PSoC4/cyfitter_cfg.c **** }
  87:Generated_Source\PSoC4/cyfitter_cfg.c **** CY_CFG_UNUSED
  88:Generated_Source\PSoC4/cyfitter_cfg.c **** static void CYCONFIGCPYCODE(void *dest, const void *src, size_t n);
ARM GAS  C:\Users\srhi\AppData\Local\Temp\ccCOwwFb.s 			page 3


  89:Generated_Source\PSoC4/cyfitter_cfg.c **** CY_CFG_UNUSED
  90:Generated_Source\PSoC4/cyfitter_cfg.c **** static void CYCONFIGCPYCODE(void *dest, const void *src, size_t n)
  91:Generated_Source\PSoC4/cyfitter_cfg.c **** {
  92:Generated_Source\PSoC4/cyfitter_cfg.c **** 	(void)memcpy(dest, src, n);
  93:Generated_Source\PSoC4/cyfitter_cfg.c **** }
  94:Generated_Source\PSoC4/cyfitter_cfg.c **** 
  95:Generated_Source\PSoC4/cyfitter_cfg.c **** 
  96:Generated_Source\PSoC4/cyfitter_cfg.c **** 
  97:Generated_Source\PSoC4/cyfitter_cfg.c **** 
  98:Generated_Source\PSoC4/cyfitter_cfg.c **** /* Clock startup error codes                                                   */
  99:Generated_Source\PSoC4/cyfitter_cfg.c **** #define CYCLOCKSTART_NO_ERROR    0u
 100:Generated_Source\PSoC4/cyfitter_cfg.c **** #define CYCLOCKSTART_XTAL_ERROR  1u
 101:Generated_Source\PSoC4/cyfitter_cfg.c **** #define CYCLOCKSTART_32KHZ_ERROR 2u
 102:Generated_Source\PSoC4/cyfitter_cfg.c **** #define CYCLOCKSTART_PLL_ERROR   3u
 103:Generated_Source\PSoC4/cyfitter_cfg.c **** #define CYCLOCKSTART_FLL_ERROR   4u
 104:Generated_Source\PSoC4/cyfitter_cfg.c **** #define CYCLOCKSTART_WCO_ERROR   5u
 105:Generated_Source\PSoC4/cyfitter_cfg.c **** 
 106:Generated_Source\PSoC4/cyfitter_cfg.c **** 
 107:Generated_Source\PSoC4/cyfitter_cfg.c **** #ifdef CY_NEED_CYCLOCKSTARTUPERROR
 108:Generated_Source\PSoC4/cyfitter_cfg.c **** /*******************************************************************************
 109:Generated_Source\PSoC4/cyfitter_cfg.c **** * Function Name: CyClockStartupError
 110:Generated_Source\PSoC4/cyfitter_cfg.c **** ********************************************************************************
 111:Generated_Source\PSoC4/cyfitter_cfg.c **** * Summary:
 112:Generated_Source\PSoC4/cyfitter_cfg.c **** *  If an error is encountered during clock configuration (crystal startup error,
 113:Generated_Source\PSoC4/cyfitter_cfg.c **** *  PLL lock error, etc.), the system will end up here.  Unless reimplemented by
 114:Generated_Source\PSoC4/cyfitter_cfg.c **** *  the customer, this function will stop in an infinite loop.
 115:Generated_Source\PSoC4/cyfitter_cfg.c **** *
 116:Generated_Source\PSoC4/cyfitter_cfg.c **** * Parameters:
 117:Generated_Source\PSoC4/cyfitter_cfg.c **** *   void
 118:Generated_Source\PSoC4/cyfitter_cfg.c **** *
 119:Generated_Source\PSoC4/cyfitter_cfg.c **** * Return:
 120:Generated_Source\PSoC4/cyfitter_cfg.c **** *   void
 121:Generated_Source\PSoC4/cyfitter_cfg.c **** *
 122:Generated_Source\PSoC4/cyfitter_cfg.c **** *******************************************************************************/
 123:Generated_Source\PSoC4/cyfitter_cfg.c **** CY_CFG_UNUSED
 124:Generated_Source\PSoC4/cyfitter_cfg.c **** static void CyClockStartupError(uint8 errorCode);
 125:Generated_Source\PSoC4/cyfitter_cfg.c **** CY_CFG_UNUSED
 126:Generated_Source\PSoC4/cyfitter_cfg.c **** static void CyClockStartupError(uint8 errorCode)
 127:Generated_Source\PSoC4/cyfitter_cfg.c **** {
 128:Generated_Source\PSoC4/cyfitter_cfg.c ****     /* To remove the compiler warning if errorCode not used.                */
 129:Generated_Source\PSoC4/cyfitter_cfg.c ****     errorCode = errorCode;
 130:Generated_Source\PSoC4/cyfitter_cfg.c **** 
 131:Generated_Source\PSoC4/cyfitter_cfg.c ****     /* If we have a clock startup error (bad MHz crystal, PLL lock, etc.),  */
 132:Generated_Source\PSoC4/cyfitter_cfg.c ****     /* we will end up here to allow the customer to implement something to  */
 133:Generated_Source\PSoC4/cyfitter_cfg.c ****     /* deal with the clock condition.                                       */
 134:Generated_Source\PSoC4/cyfitter_cfg.c **** 
 135:Generated_Source\PSoC4/cyfitter_cfg.c **** #ifdef CY_CFG_CLOCK_STARTUP_ERROR_CALLBACK
 136:Generated_Source\PSoC4/cyfitter_cfg.c ****     CY_CFG_Clock_Startup_ErrorCallback();
 137:Generated_Source\PSoC4/cyfitter_cfg.c **** #else
 138:Generated_Source\PSoC4/cyfitter_cfg.c ****     /*  If not using CY_CFG_CLOCK_STARTUP_ERROR_CALLBACK, place your clock startup code here. */
 139:Generated_Source\PSoC4/cyfitter_cfg.c ****     /* `#START CyClockStartupError` */
 140:Generated_Source\PSoC4/cyfitter_cfg.c **** 
 141:Generated_Source\PSoC4/cyfitter_cfg.c **** 
 142:Generated_Source\PSoC4/cyfitter_cfg.c **** 
 143:Generated_Source\PSoC4/cyfitter_cfg.c ****     /* `#END` */
 144:Generated_Source\PSoC4/cyfitter_cfg.c **** 
 145:Generated_Source\PSoC4/cyfitter_cfg.c ****     while(1) {}
ARM GAS  C:\Users\srhi\AppData\Local\Temp\ccCOwwFb.s 			page 4


 146:Generated_Source\PSoC4/cyfitter_cfg.c **** #endif /* CY_CFG_CLOCK_STARTUP_ERROR_CALLBACK */
 147:Generated_Source\PSoC4/cyfitter_cfg.c **** }
 148:Generated_Source\PSoC4/cyfitter_cfg.c **** #endif
 149:Generated_Source\PSoC4/cyfitter_cfg.c **** 
 150:Generated_Source\PSoC4/cyfitter_cfg.c **** #define CY_CFG_BASE_ADDR_COUNT 5u
 151:Generated_Source\PSoC4/cyfitter_cfg.c **** CYPACKED typedef struct
 152:Generated_Source\PSoC4/cyfitter_cfg.c **** {
 153:Generated_Source\PSoC4/cyfitter_cfg.c **** 	uint8 offset;
 154:Generated_Source\PSoC4/cyfitter_cfg.c **** 	uint8 value;
 155:Generated_Source\PSoC4/cyfitter_cfg.c **** } CYPACKED_ATTR cy_cfg_addrvalue_t;
 156:Generated_Source\PSoC4/cyfitter_cfg.c **** 
 157:Generated_Source\PSoC4/cyfitter_cfg.c **** 
 158:Generated_Source\PSoC4/cyfitter_cfg.c **** 
 159:Generated_Source\PSoC4/cyfitter_cfg.c **** /*******************************************************************************
 160:Generated_Source\PSoC4/cyfitter_cfg.c **** * Function Name: cfg_write_bytes32
 161:Generated_Source\PSoC4/cyfitter_cfg.c **** ********************************************************************************
 162:Generated_Source\PSoC4/cyfitter_cfg.c **** * Summary:
 163:Generated_Source\PSoC4/cyfitter_cfg.c **** *  This function is used for setting up the chip configuration areas that
 164:Generated_Source\PSoC4/cyfitter_cfg.c **** *  contain relatively sparse data.
 165:Generated_Source\PSoC4/cyfitter_cfg.c **** *
 166:Generated_Source\PSoC4/cyfitter_cfg.c **** * Parameters:
 167:Generated_Source\PSoC4/cyfitter_cfg.c **** *   void
 168:Generated_Source\PSoC4/cyfitter_cfg.c **** *
 169:Generated_Source\PSoC4/cyfitter_cfg.c **** * Return:
 170:Generated_Source\PSoC4/cyfitter_cfg.c **** *   void
 171:Generated_Source\PSoC4/cyfitter_cfg.c **** *
 172:Generated_Source\PSoC4/cyfitter_cfg.c **** *******************************************************************************/
 173:Generated_Source\PSoC4/cyfitter_cfg.c **** static void cfg_write_bytes32(const uint32 addr_table[], const cy_cfg_addrvalue_t data_table[]);
 174:Generated_Source\PSoC4/cyfitter_cfg.c **** static void cfg_write_bytes32(const uint32 addr_table[], const cy_cfg_addrvalue_t data_table[])
 175:Generated_Source\PSoC4/cyfitter_cfg.c **** {
  27              		.loc 1 175 0
  28              		.cfi_startproc
  29              		@ args = 0, pretend = 0, frame = 0
  30              		@ frame_needed = 0, uses_anonymous_args = 0
  31              	.LVL0:
  32 0000 F0B5     		push	{r4, r5, r6, r7, lr}
  33              		.cfi_def_cfa_offset 20
  34              		.cfi_offset 4, -20
  35              		.cfi_offset 5, -16
  36              		.cfi_offset 6, -12
  37              		.cfi_offset 7, -8
  38              		.cfi_offset 14, -4
  39              	.LVL1:
 176:Generated_Source\PSoC4/cyfitter_cfg.c **** 	/* For 32-bit little-endian architectures */
 177:Generated_Source\PSoC4/cyfitter_cfg.c **** 	uint32 i, j = 0u;
  40              		.loc 1 177 0
  41 0002 0025     		movs	r5, #0
 178:Generated_Source\PSoC4/cyfitter_cfg.c **** 	for (i = 0u; i < CY_CFG_BASE_ADDR_COUNT; i++)
  42              		.loc 1 178 0
  43 0004 0027     		movs	r7, #0
  44 0006 11E0     		b	.L2
  45              	.LVL2:
  46              	.L5:
  47              	.LBB2:
 179:Generated_Source\PSoC4/cyfitter_cfg.c **** 	{
 180:Generated_Source\PSoC4/cyfitter_cfg.c **** 		uint32 baseAddr = addr_table[i];
  48              		.loc 1 180 0
ARM GAS  C:\Users\srhi\AppData\Local\Temp\ccCOwwFb.s 			page 5


  49 0008 BB00     		lsls	r3, r7, #2
  50 000a C658     		ldr	r6, [r0, r3]
  51              	.LVL3:
 181:Generated_Source\PSoC4/cyfitter_cfg.c **** 		uint8 count = (uint8)baseAddr;
  52              		.loc 1 181 0
  53 000c F3B2     		uxtb	r3, r6
  54              	.LVL4:
 182:Generated_Source\PSoC4/cyfitter_cfg.c **** 		baseAddr &= 0xFFFFFF00u;
  55              		.loc 1 182 0
  56 000e FF22     		movs	r2, #255
  57 0010 9643     		bics	r6, r2
  58              	.LVL5:
 183:Generated_Source\PSoC4/cyfitter_cfg.c **** 		while (count != 0u)
  59              		.loc 1 183 0
  60 0012 08E0     		b	.L3
  61              	.L4:
 184:Generated_Source\PSoC4/cyfitter_cfg.c **** 		{
 185:Generated_Source\PSoC4/cyfitter_cfg.c **** 			CY_SET_REG8((void *)(baseAddr + data_table[j].offset), data_table[j].value);
  62              		.loc 1 185 0
  63 0014 6A00     		lsls	r2, r5, #1
  64 0016 8A18     		adds	r2, r1, r2
  65 0018 1478     		ldrb	r4, [r2]
  66 001a A419     		adds	r4, r4, r6
  67 001c 5278     		ldrb	r2, [r2, #1]
  68 001e 2270     		strb	r2, [r4]
 186:Generated_Source\PSoC4/cyfitter_cfg.c **** 			j++;
  69              		.loc 1 186 0
  70 0020 0135     		adds	r5, r5, #1
  71              	.LVL6:
 187:Generated_Source\PSoC4/cyfitter_cfg.c **** 			count--;
  72              		.loc 1 187 0
  73 0022 013B     		subs	r3, r3, #1
  74              	.LVL7:
  75 0024 DBB2     		uxtb	r3, r3
  76              	.LVL8:
  77              	.L3:
 183:Generated_Source\PSoC4/cyfitter_cfg.c **** 		{
  78              		.loc 1 183 0
  79 0026 002B     		cmp	r3, #0
  80 0028 F4D1     		bne	.L4
  81              	.LBE2:
 178:Generated_Source\PSoC4/cyfitter_cfg.c **** 	{
  82              		.loc 1 178 0 discriminator 2
  83 002a 0137     		adds	r7, r7, #1
  84              	.LVL9:
  85              	.L2:
 178:Generated_Source\PSoC4/cyfitter_cfg.c **** 	{
  86              		.loc 1 178 0 is_stmt 0 discriminator 1
  87 002c 042F     		cmp	r7, #4
  88 002e EBD9     		bls	.L5
 188:Generated_Source\PSoC4/cyfitter_cfg.c **** 		}
 189:Generated_Source\PSoC4/cyfitter_cfg.c **** 	}
 190:Generated_Source\PSoC4/cyfitter_cfg.c **** }
  89              		.loc 1 190 0 is_stmt 1
  90              		@ sp needed
  91              	.LVL10:
  92              	.LVL11:
ARM GAS  C:\Users\srhi\AppData\Local\Temp\ccCOwwFb.s 			page 6


  93 0030 F0BD     		pop	{r4, r5, r6, r7, pc}
  94              		.cfi_endproc
  95              	.LFE3:
  96              		.size	cfg_write_bytes32, .-cfg_write_bytes32
  97 0032 C046     		.section	.text.CYMEMZERO,"ax",%progbits
  98              		.align	2
  99              		.code	16
 100              		.thumb_func
 101              		.type	CYMEMZERO, %function
 102              	CYMEMZERO:
 103              	.LFB0:
  77:Generated_Source\PSoC4/cyfitter_cfg.c **** 	(void)memset(s, 0, n);
 104              		.loc 1 77 0
 105              		.cfi_startproc
 106              		@ args = 0, pretend = 0, frame = 0
 107              		@ frame_needed = 0, uses_anonymous_args = 0
 108              	.LVL12:
 109 0000 10B5     		push	{r4, lr}
 110              		.cfi_def_cfa_offset 8
 111              		.cfi_offset 4, -8
 112              		.cfi_offset 14, -4
 113 0002 0A00     		movs	r2, r1
  78:Generated_Source\PSoC4/cyfitter_cfg.c **** }
 114              		.loc 1 78 0
 115 0004 0021     		movs	r1, #0
 116              	.LVL13:
 117 0006 FFF7FEFF 		bl	memset
 118              	.LVL14:
  79:Generated_Source\PSoC4/cyfitter_cfg.c **** CY_CFG_UNUSED
 119              		.loc 1 79 0
 120              		@ sp needed
 121 000a 10BD     		pop	{r4, pc}
 122              		.cfi_endproc
 123              	.LFE0:
 124              		.size	CYMEMZERO, .-CYMEMZERO
 125              		.section	.psocinit,"ax",%progbits
 126              		.align	2
 127              		.code	16
 128              		.thumb_func
 129              		.type	ClockSetup, %function
 130              	ClockSetup:
 131              	.LFB4:
 191:Generated_Source\PSoC4/cyfitter_cfg.c **** 
 192:Generated_Source\PSoC4/cyfitter_cfg.c **** 
 193:Generated_Source\PSoC4/cyfitter_cfg.c **** /*******************************************************************************
 194:Generated_Source\PSoC4/cyfitter_cfg.c **** * Function Name: ClockSetup
 195:Generated_Source\PSoC4/cyfitter_cfg.c **** ********************************************************************************
 196:Generated_Source\PSoC4/cyfitter_cfg.c **** *
 197:Generated_Source\PSoC4/cyfitter_cfg.c **** * Summary:
 198:Generated_Source\PSoC4/cyfitter_cfg.c **** *   Performs the initialization of all of the clocks in the device based on the
 199:Generated_Source\PSoC4/cyfitter_cfg.c **** *   settings in the Clock tab of the DWR.  This includes enabling the requested
 200:Generated_Source\PSoC4/cyfitter_cfg.c **** *   clocks and setting the necessary dividers to produce the desired frequency. 
 201:Generated_Source\PSoC4/cyfitter_cfg.c **** *
 202:Generated_Source\PSoC4/cyfitter_cfg.c **** * Parameters:
 203:Generated_Source\PSoC4/cyfitter_cfg.c **** *   void
 204:Generated_Source\PSoC4/cyfitter_cfg.c **** *
 205:Generated_Source\PSoC4/cyfitter_cfg.c **** * Return:
ARM GAS  C:\Users\srhi\AppData\Local\Temp\ccCOwwFb.s 			page 7


 206:Generated_Source\PSoC4/cyfitter_cfg.c **** *   void
 207:Generated_Source\PSoC4/cyfitter_cfg.c **** *
 208:Generated_Source\PSoC4/cyfitter_cfg.c **** *******************************************************************************/
 209:Generated_Source\PSoC4/cyfitter_cfg.c **** static void ClockSetup(void);
 210:Generated_Source\PSoC4/cyfitter_cfg.c **** CY_CFG_SECTION
 211:Generated_Source\PSoC4/cyfitter_cfg.c **** static void ClockSetup(void)
 212:Generated_Source\PSoC4/cyfitter_cfg.c **** {
 132              		.loc 1 212 0
 133              		.cfi_startproc
 134              		@ args = 0, pretend = 0, frame = 0
 135              		@ frame_needed = 0, uses_anonymous_args = 0
 136 0000 70B5     		push	{r4, r5, r6, lr}
 137              		.cfi_def_cfa_offset 16
 138              		.cfi_offset 4, -16
 139              		.cfi_offset 5, -12
 140              		.cfi_offset 6, -8
 141              		.cfi_offset 14, -4
 213:Generated_Source\PSoC4/cyfitter_cfg.c **** 	/* Enable HALF_EN before trimming for the flash accelerator. */
 214:Generated_Source\PSoC4/cyfitter_cfg.c **** 	CY_SET_REG32((void CYXDATA *)(CYREG_CLK_SELECT), (CY_GET_REG32((void *)CYREG_CLK_SELECT) | 0x00040
 142              		.loc 1 214 0
 143 0002 164C     		ldr	r4, .L8
 144 0004 2368     		ldr	r3, [r4]
 145 0006 8022     		movs	r2, #128
 146 0008 D202     		lsls	r2, r2, #11
 147 000a 1343     		orrs	r3, r2
 148 000c 2360     		str	r3, [r4]
 215:Generated_Source\PSoC4/cyfitter_cfg.c **** 
 216:Generated_Source\PSoC4/cyfitter_cfg.c **** 	/* Setup and trim IMO based on desired frequency. */
 217:Generated_Source\PSoC4/cyfitter_cfg.c **** 	CySysClkWriteImoFreq(24u);
 149              		.loc 1 217 0
 150 000e 1820     		movs	r0, #24
 151 0010 FFF7FEFF 		bl	CySysClkWriteImoFreq
 152              	.LVL15:
 218:Generated_Source\PSoC4/cyfitter_cfg.c **** 
 219:Generated_Source\PSoC4/cyfitter_cfg.c **** 	/* Disable HALF_EN since it is not required at this IMO frequency. */
 220:Generated_Source\PSoC4/cyfitter_cfg.c **** 	CY_SET_REG32((void CYXDATA *)(CYREG_CLK_SELECT), (CY_GET_REG32((void *)CYREG_CLK_SELECT) & 0xFFFBF
 153              		.loc 1 220 0
 154 0014 2268     		ldr	r2, [r4]
 155 0016 124B     		ldr	r3, .L8+4
 156 0018 1340     		ands	r3, r2
 157 001a 2360     		str	r3, [r4]
 221:Generated_Source\PSoC4/cyfitter_cfg.c **** 	/* CYDEV_CLK_ILO_CONFIG Starting address: CYDEV_CLK_ILO_CONFIG */
 222:Generated_Source\PSoC4/cyfitter_cfg.c **** 	CY_SET_REG32((void *)(CYREG_CLK_ILO_CONFIG), 0x80000006u);
 158              		.loc 1 222 0
 159 001c 114A     		ldr	r2, .L8+8
 160 001e 124B     		ldr	r3, .L8+12
 161 0020 1A60     		str	r2, [r3]
 223:Generated_Source\PSoC4/cyfitter_cfg.c **** 
 224:Generated_Source\PSoC4/cyfitter_cfg.c **** 
 225:Generated_Source\PSoC4/cyfitter_cfg.c **** 	/* CYDEV_CLK_SELECT00 Starting address: CYDEV_CLK_SELECT00 */
 226:Generated_Source\PSoC4/cyfitter_cfg.c **** 	CY_SET_REG32((void *)(CYREG_CLK_SELECT05), 0x00000020u);
 162              		.loc 1 226 0
 163 0022 2022     		movs	r2, #32
 164 0024 114B     		ldr	r3, .L8+16
 165 0026 1A60     		str	r2, [r3]
 227:Generated_Source\PSoC4/cyfitter_cfg.c **** 	CY_SET_REG32((void *)(CYREG_CLK_SELECT06), 0x00000010u);
 166              		.loc 1 227 0
ARM GAS  C:\Users\srhi\AppData\Local\Temp\ccCOwwFb.s 			page 8


 167 0028 103A     		subs	r2, r2, #16
 168 002a 114B     		ldr	r3, .L8+20
 169 002c 1A60     		str	r2, [r3]
 228:Generated_Source\PSoC4/cyfitter_cfg.c **** 
 229:Generated_Source\PSoC4/cyfitter_cfg.c **** 	/* CYDEV_CLK_IMO_CONFIG Starting address: CYDEV_CLK_IMO_CONFIG */
 230:Generated_Source\PSoC4/cyfitter_cfg.c **** 	CY_SET_REG32((void *)(CYREG_CLK_IMO_CONFIG), 0x80000000u);
 170              		.loc 1 230 0
 171 002e 8022     		movs	r2, #128
 172 0030 1206     		lsls	r2, r2, #24
 173 0032 104B     		ldr	r3, .L8+24
 174 0034 1A60     		str	r2, [r3]
 231:Generated_Source\PSoC4/cyfitter_cfg.c **** 
 232:Generated_Source\PSoC4/cyfitter_cfg.c **** 	/* CYDEV_CLK_SELECT Starting address: CYDEV_CLK_SELECT */
 233:Generated_Source\PSoC4/cyfitter_cfg.c **** 	CY_SET_REG32((void *)(CYREG_CLK_SELECT), 0x00000000u);
 175              		.loc 1 233 0
 176 0036 0025     		movs	r5, #0
 177 0038 2560     		str	r5, [r4]
 234:Generated_Source\PSoC4/cyfitter_cfg.c **** 
 235:Generated_Source\PSoC4/cyfitter_cfg.c **** 	/* CYDEV_CLK_DIVIDER_A00 Starting address: CYDEV_CLK_DIVIDER_A00 */
 236:Generated_Source\PSoC4/cyfitter_cfg.c **** 	CY_SET_REG32((void *)(CYREG_CLK_DIVIDER_A00), 0x800000FEu);
 178              		.loc 1 236 0
 179 003a 0F4A     		ldr	r2, .L8+28
 180 003c 0F4B     		ldr	r3, .L8+32
 181 003e 1A60     		str	r2, [r3]
 237:Generated_Source\PSoC4/cyfitter_cfg.c **** 
 238:Generated_Source\PSoC4/cyfitter_cfg.c **** 	/* CYDEV_CLK_DIVIDER_B00 Starting address: CYDEV_CLK_DIVIDER_B00 */
 239:Generated_Source\PSoC4/cyfitter_cfg.c **** 	CY_SET_REG32((void *)(CYREG_CLK_DIVIDER_B00), 0xC00000FEu);
 182              		.loc 1 239 0
 183 0040 0F4A     		ldr	r2, .L8+36
 184 0042 104B     		ldr	r3, .L8+40
 185 0044 1A60     		str	r2, [r3]
 240:Generated_Source\PSoC4/cyfitter_cfg.c **** 
 241:Generated_Source\PSoC4/cyfitter_cfg.c **** 	(void)CyIntSetVector(9u, &CySysWdtIsr);
 186              		.loc 1 241 0
 187 0046 1049     		ldr	r1, .L8+44
 188 0048 0920     		movs	r0, #9
 189 004a FFF7FEFF 		bl	CyIntSetVector
 190              	.LVL16:
 242:Generated_Source\PSoC4/cyfitter_cfg.c **** 	CyIntEnable(9u);
 191              		.loc 1 242 0
 192 004e 0920     		movs	r0, #9
 193 0050 FFF7FEFF 		bl	CyIntEnable
 194              	.LVL17:
 243:Generated_Source\PSoC4/cyfitter_cfg.c **** 	CY_SET_REG32((void *)(CYREG_WDT_CONFIG), 0x00000000u);
 195              		.loc 1 243 0
 196 0054 0D4B     		ldr	r3, .L8+48
 197 0056 1D60     		str	r5, [r3]
 244:Generated_Source\PSoC4/cyfitter_cfg.c **** }
 198              		.loc 1 244 0
 199              		@ sp needed
 200 0058 70BD     		pop	{r4, r5, r6, pc}
 201              	.L9:
 202 005a C046     		.align	2
 203              	.L8:
 204 005c 00010B40 		.word	1074462976
 205 0060 FFFFFBFF 		.word	-262145
 206 0064 06000080 		.word	-2147483642
ARM GAS  C:\Users\srhi\AppData\Local\Temp\ccCOwwFb.s 			page 9


 207 0068 04010B40 		.word	1074462980
 208 006c 14020240 		.word	1073873428
 209 0070 18020240 		.word	1073873432
 210 0074 08010B40 		.word	1074462984
 211 0078 FE000080 		.word	-2147483394
 212 007c 00000240 		.word	1073872896
 213 0080 FE0000C0 		.word	-1073741570
 214 0084 40000240 		.word	1073872960
 215 0088 00000000 		.word	CySysWdtIsr
 216 008c 0C020B40 		.word	1074463244
 217              		.cfi_endproc
 218              	.LFE4:
 219              		.size	ClockSetup, .-ClockSetup
 220              		.section	.text.SetAnalogRoutingPumps,"ax",%progbits
 221              		.align	2
 222              		.global	SetAnalogRoutingPumps
 223              		.code	16
 224              		.thumb_func
 225              		.type	SetAnalogRoutingPumps, %function
 226              	SetAnalogRoutingPumps:
 227              	.LFB6:
 245:Generated_Source\PSoC4/cyfitter_cfg.c **** 
 246:Generated_Source\PSoC4/cyfitter_cfg.c **** 
 247:Generated_Source\PSoC4/cyfitter_cfg.c **** /* Analog API Functions */
 248:Generated_Source\PSoC4/cyfitter_cfg.c **** 
 249:Generated_Source\PSoC4/cyfitter_cfg.c **** 
 250:Generated_Source\PSoC4/cyfitter_cfg.c **** /*******************************************************************************
 251:Generated_Source\PSoC4/cyfitter_cfg.c **** * Function Name: AnalogSetDefault
 252:Generated_Source\PSoC4/cyfitter_cfg.c **** ********************************************************************************
 253:Generated_Source\PSoC4/cyfitter_cfg.c **** *
 254:Generated_Source\PSoC4/cyfitter_cfg.c **** * Summary:
 255:Generated_Source\PSoC4/cyfitter_cfg.c **** *  Sets up the analog portions of the chip to default values based on chip
 256:Generated_Source\PSoC4/cyfitter_cfg.c **** *  configuration options from the project.
 257:Generated_Source\PSoC4/cyfitter_cfg.c **** *
 258:Generated_Source\PSoC4/cyfitter_cfg.c **** * Parameters:
 259:Generated_Source\PSoC4/cyfitter_cfg.c **** *  void
 260:Generated_Source\PSoC4/cyfitter_cfg.c **** *
 261:Generated_Source\PSoC4/cyfitter_cfg.c **** * Return:
 262:Generated_Source\PSoC4/cyfitter_cfg.c **** *  void
 263:Generated_Source\PSoC4/cyfitter_cfg.c **** *
 264:Generated_Source\PSoC4/cyfitter_cfg.c **** *******************************************************************************/
 265:Generated_Source\PSoC4/cyfitter_cfg.c **** static void AnalogSetDefault(void);
 266:Generated_Source\PSoC4/cyfitter_cfg.c **** static void AnalogSetDefault(void)
 267:Generated_Source\PSoC4/cyfitter_cfg.c **** {
 268:Generated_Source\PSoC4/cyfitter_cfg.c **** 	SetAnalogRoutingPumps(1);
 269:Generated_Source\PSoC4/cyfitter_cfg.c **** }
 270:Generated_Source\PSoC4/cyfitter_cfg.c **** 
 271:Generated_Source\PSoC4/cyfitter_cfg.c **** 
 272:Generated_Source\PSoC4/cyfitter_cfg.c **** /*******************************************************************************
 273:Generated_Source\PSoC4/cyfitter_cfg.c **** * Function Name: SetAnalogRoutingPumps
 274:Generated_Source\PSoC4/cyfitter_cfg.c **** ********************************************************************************
 275:Generated_Source\PSoC4/cyfitter_cfg.c **** *
 276:Generated_Source\PSoC4/cyfitter_cfg.c **** * Summary:
 277:Generated_Source\PSoC4/cyfitter_cfg.c **** * Enables or disables the analog pumps feeding analog routing switches.
 278:Generated_Source\PSoC4/cyfitter_cfg.c **** * Intended to be called at startup, based on the Vdda system configuration;
 279:Generated_Source\PSoC4/cyfitter_cfg.c **** * may be called during operation when the user informs us that the Vdda voltage crossed the pump th
 280:Generated_Source\PSoC4/cyfitter_cfg.c **** *
ARM GAS  C:\Users\srhi\AppData\Local\Temp\ccCOwwFb.s 			page 10


 281:Generated_Source\PSoC4/cyfitter_cfg.c **** * Parameters:
 282:Generated_Source\PSoC4/cyfitter_cfg.c **** *  enabled - 1 to enable the pumps, 0 to disable the pumps
 283:Generated_Source\PSoC4/cyfitter_cfg.c **** *
 284:Generated_Source\PSoC4/cyfitter_cfg.c **** * Return:
 285:Generated_Source\PSoC4/cyfitter_cfg.c **** *  void
 286:Generated_Source\PSoC4/cyfitter_cfg.c **** *
 287:Generated_Source\PSoC4/cyfitter_cfg.c **** *******************************************************************************/
 288:Generated_Source\PSoC4/cyfitter_cfg.c **** void SetAnalogRoutingPumps(uint8 enabled)
 289:Generated_Source\PSoC4/cyfitter_cfg.c **** {
 228              		.loc 1 289 0
 229              		.cfi_startproc
 230              		@ args = 0, pretend = 0, frame = 0
 231              		@ frame_needed = 0, uses_anonymous_args = 0
 232              		@ link register save eliminated.
 233              	.LVL18:
 290:Generated_Source\PSoC4/cyfitter_cfg.c **** 	uint32 regValue = CY_GET_XTND_REG32((void *)(CYREG_SAR_PUMP_CTRL));
 234              		.loc 1 290 0
 235 0000 0C4B     		ldr	r3, .L15
 236 0002 1B68     		ldr	r3, [r3]
 237              	.LVL19:
 291:Generated_Source\PSoC4/cyfitter_cfg.c **** 	if (enabled != 0u)
 238              		.loc 1 291 0
 239 0004 0028     		cmp	r0, #0
 240 0006 03D0     		beq	.L11
 292:Generated_Source\PSoC4/cyfitter_cfg.c **** 	{
 293:Generated_Source\PSoC4/cyfitter_cfg.c **** 		regValue |= 0x80000000u;
 241              		.loc 1 293 0
 242 0008 8022     		movs	r2, #128
 243 000a 1206     		lsls	r2, r2, #24
 244 000c 1343     		orrs	r3, r2
 245              	.LVL20:
 246 000e 01E0     		b	.L12
 247              	.L11:
 294:Generated_Source\PSoC4/cyfitter_cfg.c **** 	}
 295:Generated_Source\PSoC4/cyfitter_cfg.c **** 	else
 296:Generated_Source\PSoC4/cyfitter_cfg.c **** 	{
 297:Generated_Source\PSoC4/cyfitter_cfg.c **** 		regValue &= ~0x80000000u;
 248              		.loc 1 297 0
 249 0010 5B00     		lsls	r3, r3, #1
 250              	.LVL21:
 251 0012 5B08     		lsrs	r3, r3, #1
 252              	.LVL22:
 253              	.L12:
 298:Generated_Source\PSoC4/cyfitter_cfg.c **** 	}
 299:Generated_Source\PSoC4/cyfitter_cfg.c **** 	CY_SET_XTND_REG32((void *)(CYREG_SAR_PUMP_CTRL), regValue);
 254              		.loc 1 299 0
 255 0014 074A     		ldr	r2, .L15
 256 0016 1360     		str	r3, [r2]
 300:Generated_Source\PSoC4/cyfitter_cfg.c **** 	regValue = CY_GET_XTND_REG32((void *)(CYREG_CLK_IMO_CONFIG));
 257              		.loc 1 300 0
 258 0018 074B     		ldr	r3, .L15+4
 259              	.LVL23:
 260 001a 1B68     		ldr	r3, [r3]
 261              	.LVL24:
 301:Generated_Source\PSoC4/cyfitter_cfg.c **** 	if (enabled != 0u)
 262              		.loc 1 301 0
 263 001c 0028     		cmp	r0, #0
ARM GAS  C:\Users\srhi\AppData\Local\Temp\ccCOwwFb.s 			page 11


 264 001e 03D0     		beq	.L13
 302:Generated_Source\PSoC4/cyfitter_cfg.c **** 	{
 303:Generated_Source\PSoC4/cyfitter_cfg.c **** 		regValue |= 0x02000000u;
 265              		.loc 1 303 0
 266 0020 8022     		movs	r2, #128
 267 0022 9204     		lsls	r2, r2, #18
 268 0024 1343     		orrs	r3, r2
 269              	.LVL25:
 270 0026 01E0     		b	.L14
 271              	.L13:
 304:Generated_Source\PSoC4/cyfitter_cfg.c **** 	}
 305:Generated_Source\PSoC4/cyfitter_cfg.c **** 	else
 306:Generated_Source\PSoC4/cyfitter_cfg.c **** 	{
 307:Generated_Source\PSoC4/cyfitter_cfg.c **** 		regValue &= ~0x02000000u;
 272              		.loc 1 307 0
 273 0028 044A     		ldr	r2, .L15+8
 274 002a 1340     		ands	r3, r2
 275              	.LVL26:
 276              	.L14:
 308:Generated_Source\PSoC4/cyfitter_cfg.c **** 	}
 309:Generated_Source\PSoC4/cyfitter_cfg.c **** 	CY_SET_XTND_REG32((void *)(CYREG_CLK_IMO_CONFIG), regValue);
 277              		.loc 1 309 0
 278 002c 024A     		ldr	r2, .L15+4
 279 002e 1360     		str	r3, [r2]
 310:Generated_Source\PSoC4/cyfitter_cfg.c **** }
 280              		.loc 1 310 0
 281              		@ sp needed
 282 0030 7047     		bx	lr
 283              	.L16:
 284 0032 C046     		.align	2
 285              	.L15:
 286 0034 80031A40 		.word	1075446656
 287 0038 08010B40 		.word	1074462984
 288 003c FFFFFFFD 		.word	-33554433
 289              		.cfi_endproc
 290              	.LFE6:
 291              		.size	SetAnalogRoutingPumps, .-SetAnalogRoutingPumps
 292              		.section	.text.AnalogSetDefault,"ax",%progbits
 293              		.align	2
 294              		.code	16
 295              		.thumb_func
 296              		.type	AnalogSetDefault, %function
 297              	AnalogSetDefault:
 298              	.LFB5:
 267:Generated_Source\PSoC4/cyfitter_cfg.c **** 	SetAnalogRoutingPumps(1);
 299              		.loc 1 267 0
 300              		.cfi_startproc
 301              		@ args = 0, pretend = 0, frame = 0
 302              		@ frame_needed = 0, uses_anonymous_args = 0
 303 0000 10B5     		push	{r4, lr}
 304              		.cfi_def_cfa_offset 8
 305              		.cfi_offset 4, -8
 306              		.cfi_offset 14, -4
 268:Generated_Source\PSoC4/cyfitter_cfg.c **** }
 307              		.loc 1 268 0
 308 0002 0120     		movs	r0, #1
 309 0004 FFF7FEFF 		bl	SetAnalogRoutingPumps
ARM GAS  C:\Users\srhi\AppData\Local\Temp\ccCOwwFb.s 			page 12


 310              	.LVL27:
 269:Generated_Source\PSoC4/cyfitter_cfg.c **** 
 311              		.loc 1 269 0
 312              		@ sp needed
 313 0008 10BD     		pop	{r4, pc}
 314              		.cfi_endproc
 315              	.LFE5:
 316              		.size	AnalogSetDefault, .-AnalogSetDefault
 317              		.section	.psocinit
 318              		.align	2
 319              		.global	cyfitter_cfg
 320              		.code	16
 321              		.thumb_func
 322              		.type	cyfitter_cfg, %function
 323              	cyfitter_cfg:
 324              	.LFB7:
 311:Generated_Source\PSoC4/cyfitter_cfg.c **** 
 312:Generated_Source\PSoC4/cyfitter_cfg.c **** 
 313:Generated_Source\PSoC4/cyfitter_cfg.c **** 
 314:Generated_Source\PSoC4/cyfitter_cfg.c **** 
 315:Generated_Source\PSoC4/cyfitter_cfg.c **** /*******************************************************************************
 316:Generated_Source\PSoC4/cyfitter_cfg.c **** * Function Name: cyfitter_cfg
 317:Generated_Source\PSoC4/cyfitter_cfg.c **** ********************************************************************************
 318:Generated_Source\PSoC4/cyfitter_cfg.c **** * Summary:
 319:Generated_Source\PSoC4/cyfitter_cfg.c **** *  This function is called by the start-up code for the selected device. It
 320:Generated_Source\PSoC4/cyfitter_cfg.c **** *  performs all of the necessary device configuration based on the design
 321:Generated_Source\PSoC4/cyfitter_cfg.c **** *  settings.  This includes settings from the Design Wide Resources (DWR) such
 322:Generated_Source\PSoC4/cyfitter_cfg.c **** *  as Clocks and Pins as well as any component configuration that is necessary.
 323:Generated_Source\PSoC4/cyfitter_cfg.c **** *
 324:Generated_Source\PSoC4/cyfitter_cfg.c **** * Parameters:
 325:Generated_Source\PSoC4/cyfitter_cfg.c **** *   void
 326:Generated_Source\PSoC4/cyfitter_cfg.c **** *
 327:Generated_Source\PSoC4/cyfitter_cfg.c **** * Return:
 328:Generated_Source\PSoC4/cyfitter_cfg.c **** *   void
 329:Generated_Source\PSoC4/cyfitter_cfg.c **** *
 330:Generated_Source\PSoC4/cyfitter_cfg.c **** *******************************************************************************/
 331:Generated_Source\PSoC4/cyfitter_cfg.c **** CY_CFG_SECTION
 332:Generated_Source\PSoC4/cyfitter_cfg.c **** void cyfitter_cfg(void)
 333:Generated_Source\PSoC4/cyfitter_cfg.c **** {
 325              		.loc 1 333 0
 326              		.cfi_startproc
 327              		@ args = 0, pretend = 0, frame = 0
 328              		@ frame_needed = 0, uses_anonymous_args = 0
 329 0090 10B5     		push	{r4, lr}
 330              		.cfi_def_cfa_offset 8
 331              		.cfi_offset 4, -8
 332              		.cfi_offset 14, -4
 334:Generated_Source\PSoC4/cyfitter_cfg.c **** 	/* Disable interrupts by default. Let user enable if/when they want. */
 335:Generated_Source\PSoC4/cyfitter_cfg.c **** 	CyGlobalIntDisable;
 333              		.loc 1 335 0
 334              		.syntax divided
 335              	@ 335 "Generated_Source\PSoC4\cyfitter_cfg.c" 1
 336 0092 72B6     		CPSID   i
 337              	@ 0 "" 2
 338              	.LVL28:
 339              		.thumb
 340              		.syntax unified
ARM GAS  C:\Users\srhi\AppData\Local\Temp\ccCOwwFb.s 			page 13


 341              	.LBB3:
 336:Generated_Source\PSoC4/cyfitter_cfg.c **** 
 337:Generated_Source\PSoC4/cyfitter_cfg.c **** 	{
 338:Generated_Source\PSoC4/cyfitter_cfg.c **** 		static const uint32 CYCODE cy_cfg_addr_table[] = {
 339:Generated_Source\PSoC4/cyfitter_cfg.c **** 			0x400F3004u, /* Base address: 0x400F3000 Count: 4 */
 340:Generated_Source\PSoC4/cyfitter_cfg.c **** 			0x400F3101u, /* Base address: 0x400F3100 Count: 1 */
 341:Generated_Source\PSoC4/cyfitter_cfg.c **** 			0x400F3301u, /* Base address: 0x400F3300 Count: 1 */
 342:Generated_Source\PSoC4/cyfitter_cfg.c **** 			0x400F4203u, /* Base address: 0x400F4200 Count: 3 */
 343:Generated_Source\PSoC4/cyfitter_cfg.c **** 			0x400F4306u, /* Base address: 0x400F4300 Count: 6 */
 344:Generated_Source\PSoC4/cyfitter_cfg.c **** 		};
 345:Generated_Source\PSoC4/cyfitter_cfg.c **** 
 346:Generated_Source\PSoC4/cyfitter_cfg.c **** 		static const cy_cfg_addrvalue_t CYCODE cy_cfg_data_table[] = {
 347:Generated_Source\PSoC4/cyfitter_cfg.c **** 			{0x38u, 0x80u},
 348:Generated_Source\PSoC4/cyfitter_cfg.c **** 			{0x3Eu, 0x40u},
 349:Generated_Source\PSoC4/cyfitter_cfg.c **** 			{0x58u, 0x04u},
 350:Generated_Source\PSoC4/cyfitter_cfg.c **** 			{0x5Fu, 0x01u},
 351:Generated_Source\PSoC4/cyfitter_cfg.c **** 			{0x18u, 0x01u},
 352:Generated_Source\PSoC4/cyfitter_cfg.c **** 			{0xB4u, 0x01u},
 353:Generated_Source\PSoC4/cyfitter_cfg.c **** 			{0x6Cu, 0x40u},
 354:Generated_Source\PSoC4/cyfitter_cfg.c **** 			{0x70u, 0x08u},
 355:Generated_Source\PSoC4/cyfitter_cfg.c **** 			{0xDCu, 0x03u},
 356:Generated_Source\PSoC4/cyfitter_cfg.c **** 			{0x61u, 0x02u},
 357:Generated_Source\PSoC4/cyfitter_cfg.c **** 			{0xA1u, 0x02u},
 358:Generated_Source\PSoC4/cyfitter_cfg.c **** 			{0xB4u, 0x48u},
 359:Generated_Source\PSoC4/cyfitter_cfg.c **** 			{0xB5u, 0x02u},
 360:Generated_Source\PSoC4/cyfitter_cfg.c **** 			{0xD8u, 0x02u},
 361:Generated_Source\PSoC4/cyfitter_cfg.c **** 			{0xECu, 0x08u},
 362:Generated_Source\PSoC4/cyfitter_cfg.c **** 		};
 363:Generated_Source\PSoC4/cyfitter_cfg.c **** 
 364:Generated_Source\PSoC4/cyfitter_cfg.c **** 
 365:Generated_Source\PSoC4/cyfitter_cfg.c **** 
 366:Generated_Source\PSoC4/cyfitter_cfg.c **** 		CYPACKED typedef struct {
 367:Generated_Source\PSoC4/cyfitter_cfg.c **** 			void CYFAR *address;
 368:Generated_Source\PSoC4/cyfitter_cfg.c **** 			uint16 size;
 369:Generated_Source\PSoC4/cyfitter_cfg.c **** 		} CYPACKED_ATTR cfg_memset_t;
 370:Generated_Source\PSoC4/cyfitter_cfg.c **** 
 371:Generated_Source\PSoC4/cyfitter_cfg.c **** 		static const cfg_memset_t CYCODE cfg_memset_list[] = {
 372:Generated_Source\PSoC4/cyfitter_cfg.c **** 			/* address, size */
 373:Generated_Source\PSoC4/cyfitter_cfg.c **** 			{(void CYFAR *)(CYDEV_UDB_P0_U0_BASE), 1024u},
 374:Generated_Source\PSoC4/cyfitter_cfg.c **** 			{(void CYFAR *)(CYDEV_UDB_DSI0_BASE), 1024u},
 375:Generated_Source\PSoC4/cyfitter_cfg.c **** 		};
 376:Generated_Source\PSoC4/cyfitter_cfg.c **** 
 377:Generated_Source\PSoC4/cyfitter_cfg.c **** 		uint8 CYDATA i;
 378:Generated_Source\PSoC4/cyfitter_cfg.c **** 
 379:Generated_Source\PSoC4/cyfitter_cfg.c **** 		/* Zero out critical memory blocks before beginning configuration */
 380:Generated_Source\PSoC4/cyfitter_cfg.c **** 		for (i = 0u; i < (sizeof(cfg_memset_list)/sizeof(cfg_memset_list[0])); i++)
 342              		.loc 1 380 0
 343 0094 0024     		movs	r4, #0
 344 0096 0FE0     		b	.L19
 345              	.LVL29:
 346              	.L20:
 347              	.LBB4:
 381:Generated_Source\PSoC4/cyfitter_cfg.c **** 		{
 382:Generated_Source\PSoC4/cyfitter_cfg.c **** 			const cfg_memset_t CYCODE * CYDATA ms = &cfg_memset_list[i];
 383:Generated_Source\PSoC4/cyfitter_cfg.c **** 			CYMEMZERO(ms->address, (size_t)(uint32)(ms->size));
 348              		.loc 1 383 0 discriminator 3
 349 0098 2448     		ldr	r0, .L21
ARM GAS  C:\Users\srhi\AppData\Local\Temp\ccCOwwFb.s 			page 14


 350 009a 6200     		lsls	r2, r4, #1
 351 009c 1319     		adds	r3, r2, r4
 352 009e 5900     		lsls	r1, r3, #1
 353 00a0 0B00     		movs	r3, r1
 354 00a2 4118     		adds	r1, r0, r1
 355 00a4 8988     		ldrh	r1, [r1, #4]
 356 00a6 1A5A     		ldrh	r2, [r3, r0]
 357 00a8 C318     		adds	r3, r0, r3
 358 00aa 5888     		ldrh	r0, [r3, #2]
 359 00ac 0004     		lsls	r0, r0, #16
 360 00ae 1043     		orrs	r0, r2
 361 00b0 FFF7FEFF 		bl	CYMEMZERO
 362              	.LVL30:
 363              	.LBE4:
 380:Generated_Source\PSoC4/cyfitter_cfg.c **** 		{
 364              		.loc 1 380 0 discriminator 3
 365 00b4 0134     		adds	r4, r4, #1
 366              	.LVL31:
 367 00b6 E4B2     		uxtb	r4, r4
 368              	.LVL32:
 369              	.L19:
 380:Generated_Source\PSoC4/cyfitter_cfg.c **** 		{
 370              		.loc 1 380 0 is_stmt 0 discriminator 1
 371 00b8 012C     		cmp	r4, #1
 372 00ba EDD9     		bls	.L20
 384:Generated_Source\PSoC4/cyfitter_cfg.c **** 		}
 385:Generated_Source\PSoC4/cyfitter_cfg.c **** 
 386:Generated_Source\PSoC4/cyfitter_cfg.c **** 		cfg_write_bytes32(cy_cfg_addr_table, cy_cfg_data_table);
 373              		.loc 1 386 0 is_stmt 1
 374 00bc 1B48     		ldr	r0, .L21
 375 00be 0100     		movs	r1, r0
 376 00c0 0C31     		adds	r1, r1, #12
 377 00c2 2C30     		adds	r0, r0, #44
 378 00c4 FFF7FEFF 		bl	cfg_write_bytes32
 379              	.LVL33:
 387:Generated_Source\PSoC4/cyfitter_cfg.c **** 
 388:Generated_Source\PSoC4/cyfitter_cfg.c **** 		/* HSIOM Starting address: CYDEV_HSIOM_BASE */
 389:Generated_Source\PSoC4/cyfitter_cfg.c **** 		CY_SET_REG32((void *)(CYREG_HSIOM_PORT_SEL3), 0x0000EE00u);
 380              		.loc 1 389 0
 381 00c8 EE22     		movs	r2, #238
 382 00ca 1202     		lsls	r2, r2, #8
 383 00cc 184B     		ldr	r3, .L21+4
 384 00ce 1A60     		str	r2, [r3]
 390:Generated_Source\PSoC4/cyfitter_cfg.c **** 
 391:Generated_Source\PSoC4/cyfitter_cfg.c **** 		/* UDB_PA_1 Starting address: CYDEV_UDB_PA1_BASE */
 392:Generated_Source\PSoC4/cyfitter_cfg.c **** 		CY_SET_REG32((void *)(CYDEV_UDB_PA1_BASE), 0x00990000u);
 385              		.loc 1 392 0
 386 00d0 9923     		movs	r3, #153
 387 00d2 1B04     		lsls	r3, r3, #16
 388 00d4 174A     		ldr	r2, .L21+8
 389 00d6 1360     		str	r3, [r2]
 393:Generated_Source\PSoC4/cyfitter_cfg.c **** 
 394:Generated_Source\PSoC4/cyfitter_cfg.c **** 		/* UDB_PA_3 Starting address: CYDEV_UDB_PA3_BASE */
 395:Generated_Source\PSoC4/cyfitter_cfg.c **** 		CY_SET_REG32((void *)(CYDEV_UDB_PA3_BASE), 0x00990000u);
 390              		.loc 1 395 0
 391 00d8 174A     		ldr	r2, .L21+12
 392 00da 1360     		str	r3, [r2]
ARM GAS  C:\Users\srhi\AppData\Local\Temp\ccCOwwFb.s 			page 15


 396:Generated_Source\PSoC4/cyfitter_cfg.c **** 		CY_SET_REG32((void *)(CYREG_UDB_PA3_CFG8), 0x20000000u);
 393              		.loc 1 396 0
 394 00dc 8022     		movs	r2, #128
 395 00de 9205     		lsls	r2, r2, #22
 396 00e0 164B     		ldr	r3, .L21+16
 397 00e2 1A60     		str	r2, [r3]
 397:Generated_Source\PSoC4/cyfitter_cfg.c **** 
 398:Generated_Source\PSoC4/cyfitter_cfg.c **** 		/* Enable UDB array and digital routing */
 399:Generated_Source\PSoC4/cyfitter_cfg.c **** 		CY_SET_XTND_REG8((void *)CYREG_UDB_UDBIF_WAIT_CFG, (uint8)((CY_GET_XTND_REG8((void *)CYREG_UDB_UD
 398              		.loc 1 399 0
 399 00e4 1649     		ldr	r1, .L21+20
 400 00e6 0B78     		ldrb	r3, [r1]
 401 00e8 3C22     		movs	r2, #60
 402 00ea 9343     		bics	r3, r2
 403 00ec 1422     		movs	r2, #20
 404 00ee 1343     		orrs	r3, r2
 405 00f0 DBB2     		uxtb	r3, r3
 406 00f2 0B70     		strb	r3, [r1]
 400:Generated_Source\PSoC4/cyfitter_cfg.c **** 		CY_SET_XTND_REG8((void *)CYREG_UDB_UDBIF_BANK_CTL, (uint8)(CY_GET_XTND_REG8((void *)CYREG_UDB_UDB
 407              		.loc 1 400 0
 408 00f4 134A     		ldr	r2, .L21+24
 409 00f6 1178     		ldrb	r1, [r2]
 410 00f8 1623     		movs	r3, #22
 411 00fa 0B43     		orrs	r3, r1
 412 00fc DBB2     		uxtb	r3, r3
 413 00fe 1370     		strb	r3, [r2]
 414              	.LBE3:
 401:Generated_Source\PSoC4/cyfitter_cfg.c **** 	}
 402:Generated_Source\PSoC4/cyfitter_cfg.c **** 
 403:Generated_Source\PSoC4/cyfitter_cfg.c **** 	/* Perform second pass device configuration. These items must be configured in specific order afte
 404:Generated_Source\PSoC4/cyfitter_cfg.c **** 	/* IOPINS0_1 Starting address: CYDEV_PRT1_BASE */
 405:Generated_Source\PSoC4/cyfitter_cfg.c **** 	CY_SET_REG32((void *)(CYREG_PRT1_PC), 0x00000006u);
 415              		.loc 1 405 0
 416 0100 0622     		movs	r2, #6
 417 0102 114B     		ldr	r3, .L21+28
 418 0104 1A60     		str	r2, [r3]
 406:Generated_Source\PSoC4/cyfitter_cfg.c **** 
 407:Generated_Source\PSoC4/cyfitter_cfg.c **** 	/* IOPINS0_3 Starting address: CYDEV_PRT3_BASE */
 408:Generated_Source\PSoC4/cyfitter_cfg.c **** 	CY_SET_REG32((void *)(CYDEV_PRT3_BASE), 0x00000010u);
 419              		.loc 1 408 0
 420 0106 1023     		movs	r3, #16
 421 0108 104A     		ldr	r2, .L21+32
 422 010a 1360     		str	r3, [r2]
 409:Generated_Source\PSoC4/cyfitter_cfg.c **** 	CY_SET_REG32((void *)(CYREG_PRT3_PC), 0x00000D80u);
 423              		.loc 1 409 0
 424 010c D821     		movs	r1, #216
 425 010e 0901     		lsls	r1, r1, #4
 426 0110 0F4A     		ldr	r2, .L21+36
 427 0112 1160     		str	r1, [r2]
 410:Generated_Source\PSoC4/cyfitter_cfg.c **** 	CY_SET_REG32((void *)(CYREG_PRT3_PC2), 0x00000010u);
 428              		.loc 1 410 0
 429 0114 0F4A     		ldr	r2, .L21+40
 430 0116 1360     		str	r3, [r2]
 411:Generated_Source\PSoC4/cyfitter_cfg.c **** 
 412:Generated_Source\PSoC4/cyfitter_cfg.c **** 	/* IOPINS0_4 Starting address: CYDEV_PRT4_BASE */
 413:Generated_Source\PSoC4/cyfitter_cfg.c **** 	CY_SET_REG32((void *)(CYDEV_PRT4_BASE), 0x00000004u);
 431              		.loc 1 413 0
ARM GAS  C:\Users\srhi\AppData\Local\Temp\ccCOwwFb.s 			page 16


 432 0118 0C3B     		subs	r3, r3, #12
 433 011a 0F4A     		ldr	r2, .L21+44
 434 011c 1360     		str	r3, [r2]
 414:Generated_Source\PSoC4/cyfitter_cfg.c **** 	CY_SET_REG32((void *)(CYREG_PRT4_PC2), 0x00000004u);
 435              		.loc 1 414 0
 436 011e 0F4A     		ldr	r2, .L21+48
 437 0120 1360     		str	r3, [r2]
 415:Generated_Source\PSoC4/cyfitter_cfg.c **** 
 416:Generated_Source\PSoC4/cyfitter_cfg.c **** 
 417:Generated_Source\PSoC4/cyfitter_cfg.c **** 	/* Setup clocks based on selections from Clock DWR */
 418:Generated_Source\PSoC4/cyfitter_cfg.c **** 	ClockSetup();
 438              		.loc 1 418 0
 439 0122 FFF76DFF 		bl	ClockSetup
 440              	.LVL34:
 419:Generated_Source\PSoC4/cyfitter_cfg.c **** 
 420:Generated_Source\PSoC4/cyfitter_cfg.c **** 	/* Perform basic analog initialization to defaults */
 421:Generated_Source\PSoC4/cyfitter_cfg.c **** 	AnalogSetDefault();
 441              		.loc 1 421 0
 442 0126 FFF7FEFF 		bl	AnalogSetDefault
 443              	.LVL35:
 422:Generated_Source\PSoC4/cyfitter_cfg.c **** 
 423:Generated_Source\PSoC4/cyfitter_cfg.c **** }
 444              		.loc 1 423 0
 445              		@ sp needed
 446              	.LVL36:
 447 012a 10BD     		pop	{r4, pc}
 448              	.L22:
 449              		.align	2
 450              	.L21:
 451 012c 00000000 		.word	.LANCHOR0
 452 0130 0C000140 		.word	1073807372
 453 0134 10500F40 		.word	1074745360
 454 0138 30500F40 		.word	1074745392
 455 013c 38500F40 		.word	1074745400
 456 0140 01700F40 		.word	1074753537
 457 0144 00700F40 		.word	1074753536
 458 0148 08010440 		.word	1074004232
 459 014c 00030440 		.word	1074004736
 460 0150 08030440 		.word	1074004744
 461 0154 18030440 		.word	1074004760
 462 0158 00040440 		.word	1074004992
 463 015c 18040440 		.word	1074005016
 464              		.cfi_endproc
 465              	.LFE7:
 466              		.size	cyfitter_cfg, .-cyfitter_cfg
 467              		.section	.rodata
 468              		.align	2
 469              		.set	.LANCHOR0,. + 0
 470              		.type	cfg_memset_list.4876, %object
 471              		.size	cfg_memset_list.4876, 12
 472              	cfg_memset_list.4876:
 473 0000 00300F40 		.word	1074737152
 474 0004 0004     		.short	1024
 475 0006 00400F40 		.4byte	1074741248
 476 000a 0004     		.short	1024
 477              		.type	cy_cfg_data_table.4871, %object
 478              		.size	cy_cfg_data_table.4871, 30
ARM GAS  C:\Users\srhi\AppData\Local\Temp\ccCOwwFb.s 			page 17


 479              	cy_cfg_data_table.4871:
 480 000c 38       		.byte	56
 481 000d 80       		.byte	-128
 482 000e 3E       		.byte	62
 483 000f 40       		.byte	64
 484 0010 58       		.byte	88
 485 0011 04       		.byte	4
 486 0012 5F       		.byte	95
 487 0013 01       		.byte	1
 488 0014 18       		.byte	24
 489 0015 01       		.byte	1
 490 0016 B4       		.byte	-76
 491 0017 01       		.byte	1
 492 0018 6C       		.byte	108
 493 0019 40       		.byte	64
 494 001a 70       		.byte	112
 495 001b 08       		.byte	8
 496 001c DC       		.byte	-36
 497 001d 03       		.byte	3
 498 001e 61       		.byte	97
 499 001f 02       		.byte	2
 500 0020 A1       		.byte	-95
 501 0021 02       		.byte	2
 502 0022 B4       		.byte	-76
 503 0023 48       		.byte	72
 504 0024 B5       		.byte	-75
 505 0025 02       		.byte	2
 506 0026 D8       		.byte	-40
 507 0027 02       		.byte	2
 508 0028 EC       		.byte	-20
 509 0029 08       		.byte	8
 510 002a 0000     		.space	2
 511              		.type	cy_cfg_addr_table.4870, %object
 512              		.size	cy_cfg_addr_table.4870, 20
 513              	cy_cfg_addr_table.4870:
 514 002c 04300F40 		.word	1074737156
 515 0030 01310F40 		.word	1074737409
 516 0034 01330F40 		.word	1074737921
 517 0038 03420F40 		.word	1074741763
 518 003c 06430F40 		.word	1074742022
 519              		.text
 520              	.Letext0:
 521              		.file 2 "c:\\program files (x86)\\cypress\\psoc creator\\4.2\\psoc creator\\import\\gnu\\arm\\5.4.
 522              		.file 3 "Generated_Source\\PSoC4\\cytypes.h"
 523              		.file 4 "Generated_Source\\PSoC4\\CyLib.h"
 524              		.section	.debug_info,"",%progbits
 525              	.Ldebug_info0:
 526 0000 00040000 		.4byte	0x400
 527 0004 0400     		.2byte	0x4
 528 0006 00000000 		.4byte	.Ldebug_abbrev0
 529 000a 04       		.byte	0x4
 530 000b 01       		.uleb128 0x1
 531 000c 85010000 		.4byte	.LASF44
 532 0010 0C       		.byte	0xc
 533 0011 BA020000 		.4byte	.LASF45
 534 0015 6E000000 		.4byte	.LASF46
 535 0019 00000000 		.4byte	.Ldebug_ranges0+0
ARM GAS  C:\Users\srhi\AppData\Local\Temp\ccCOwwFb.s 			page 18


 536 001d 00000000 		.4byte	0
 537 0021 00000000 		.4byte	.Ldebug_line0
 538 0025 02       		.uleb128 0x2
 539 0026 04       		.byte	0x4
 540 0027 05       		.byte	0x5
 541 0028 696E7400 		.ascii	"int\000"
 542 002c 03       		.uleb128 0x3
 543 002d 06000000 		.4byte	.LASF12
 544 0031 02       		.byte	0x2
 545 0032 D8       		.byte	0xd8
 546 0033 37000000 		.4byte	0x37
 547 0037 04       		.uleb128 0x4
 548 0038 04       		.byte	0x4
 549 0039 07       		.byte	0x7
 550 003a 4C010000 		.4byte	.LASF0
 551 003e 04       		.uleb128 0x4
 552 003f 08       		.byte	0x8
 553 0040 05       		.byte	0x5
 554 0041 45020000 		.4byte	.LASF1
 555 0045 04       		.uleb128 0x4
 556 0046 08       		.byte	0x8
 557 0047 04       		.byte	0x4
 558 0048 A2020000 		.4byte	.LASF2
 559 004c 04       		.uleb128 0x4
 560 004d 01       		.byte	0x1
 561 004e 06       		.byte	0x6
 562 004f AE020000 		.4byte	.LASF3
 563 0053 04       		.uleb128 0x4
 564 0054 01       		.byte	0x1
 565 0055 08       		.byte	0x8
 566 0056 EE000000 		.4byte	.LASF4
 567 005a 04       		.uleb128 0x4
 568 005b 02       		.byte	0x2
 569 005c 05       		.byte	0x5
 570 005d 7A020000 		.4byte	.LASF5
 571 0061 04       		.uleb128 0x4
 572 0062 02       		.byte	0x2
 573 0063 07       		.byte	0x7
 574 0064 32020000 		.4byte	.LASF6
 575 0068 04       		.uleb128 0x4
 576 0069 04       		.byte	0x4
 577 006a 05       		.byte	0x5
 578 006b 99020000 		.4byte	.LASF7
 579 006f 04       		.uleb128 0x4
 580 0070 04       		.byte	0x4
 581 0071 07       		.byte	0x7
 582 0072 B6000000 		.4byte	.LASF8
 583 0076 04       		.uleb128 0x4
 584 0077 08       		.byte	0x8
 585 0078 07       		.byte	0x7
 586 0079 6E010000 		.4byte	.LASF9
 587 007d 04       		.uleb128 0x4
 588 007e 04       		.byte	0x4
 589 007f 07       		.byte	0x7
 590 0080 29020000 		.4byte	.LASF10
 591 0084 05       		.uleb128 0x5
 592 0085 04       		.byte	0x4
ARM GAS  C:\Users\srhi\AppData\Local\Temp\ccCOwwFb.s 			page 19


 593 0086 04       		.uleb128 0x4
 594 0087 01       		.byte	0x1
 595 0088 08       		.byte	0x8
 596 0089 53020000 		.4byte	.LASF11
 597 008d 06       		.uleb128 0x6
 598 008e C8000000 		.4byte	.LASF13
 599 0092 03       		.byte	0x3
 600 0093 E401     		.2byte	0x1e4
 601 0095 53000000 		.4byte	0x53
 602 0099 06       		.uleb128 0x6
 603 009a 33010000 		.4byte	.LASF14
 604 009e 03       		.byte	0x3
 605 009f E501     		.2byte	0x1e5
 606 00a1 61000000 		.4byte	0x61
 607 00a5 06       		.uleb128 0x6
 608 00a6 45010000 		.4byte	.LASF15
 609 00aa 03       		.byte	0x3
 610 00ab E601     		.2byte	0x1e6
 611 00ad 6F000000 		.4byte	0x6f
 612 00b1 04       		.uleb128 0x4
 613 00b2 04       		.byte	0x4
 614 00b3 04       		.byte	0x4
 615 00b4 68000000 		.4byte	.LASF16
 616 00b8 04       		.uleb128 0x4
 617 00b9 08       		.byte	0x8
 618 00ba 04       		.byte	0x4
 619 00bb 03010000 		.4byte	.LASF17
 620 00bf 06       		.uleb128 0x6
 621 00c0 B1000000 		.4byte	.LASF18
 622 00c4 03       		.byte	0x3
 623 00c5 8E02     		.2byte	0x28e
 624 00c7 CB000000 		.4byte	0xcb
 625 00cb 07       		.uleb128 0x7
 626 00cc 8D000000 		.4byte	0x8d
 627 00d0 06       		.uleb128 0x6
 628 00d1 00000000 		.4byte	.LASF19
 629 00d5 03       		.byte	0x3
 630 00d6 9002     		.2byte	0x290
 631 00d8 DC000000 		.4byte	0xdc
 632 00dc 07       		.uleb128 0x7
 633 00dd A5000000 		.4byte	0xa5
 634 00e1 08       		.uleb128 0x8
 635 00e2 02       		.byte	0x2
 636 00e3 01       		.byte	0x1
 637 00e4 97       		.byte	0x97
 638 00e5 02010000 		.4byte	0x102
 639 00e9 09       		.uleb128 0x9
 640 00ea 6B020000 		.4byte	.LASF20
 641 00ee 01       		.byte	0x1
 642 00ef 99       		.byte	0x99
 643 00f0 8D000000 		.4byte	0x8d
 644 00f4 00       		.byte	0
 645 00f5 09       		.uleb128 0x9
 646 00f6 2D000000 		.4byte	.LASF21
 647 00fa 01       		.byte	0x1
 648 00fb 9A       		.byte	0x9a
 649 00fc 8D000000 		.4byte	0x8d
ARM GAS  C:\Users\srhi\AppData\Local\Temp\ccCOwwFb.s 			page 20


 650 0100 01       		.byte	0x1
 651 0101 00       		.byte	0
 652 0102 03       		.uleb128 0x3
 653 0103 58020000 		.4byte	.LASF22
 654 0107 01       		.byte	0x1
 655 0108 9B       		.byte	0x9b
 656 0109 E1000000 		.4byte	0xe1
 657 010d 0A       		.uleb128 0xa
 658 010e 0A010000 		.4byte	.LASF27
 659 0112 01       		.byte	0x1
 660 0113 AE       		.byte	0xae
 661 0114 00000000 		.4byte	.LFB3
 662 0118 32000000 		.4byte	.LFE3-.LFB3
 663 011c 01       		.uleb128 0x1
 664 011d 9C       		.byte	0x9c
 665 011e 7F010000 		.4byte	0x17f
 666 0122 0B       		.uleb128 0xb
 667 0123 28010000 		.4byte	.LASF23
 668 0127 01       		.byte	0x1
 669 0128 AE       		.byte	0xae
 670 0129 7F010000 		.4byte	0x17f
 671 012d 01       		.uleb128 0x1
 672 012e 50       		.byte	0x50
 673 012f 0B       		.uleb128 0xb
 674 0130 3A010000 		.4byte	.LASF24
 675 0134 01       		.byte	0x1
 676 0135 AE       		.byte	0xae
 677 0136 8A010000 		.4byte	0x18a
 678 013a 01       		.uleb128 0x1
 679 013b 51       		.byte	0x51
 680 013c 0C       		.uleb128 0xc
 681 013d 6900     		.ascii	"i\000"
 682 013f 01       		.byte	0x1
 683 0140 B1       		.byte	0xb1
 684 0141 A5000000 		.4byte	0xa5
 685 0145 00000000 		.4byte	.LLST0
 686 0149 0C       		.uleb128 0xc
 687 014a 6A00     		.ascii	"j\000"
 688 014c 01       		.byte	0x1
 689 014d B1       		.byte	0xb1
 690 014e A5000000 		.4byte	0xa5
 691 0152 1F000000 		.4byte	.LLST1
 692 0156 0D       		.uleb128 0xd
 693 0157 08000000 		.4byte	.LBB2
 694 015b 22000000 		.4byte	.LBE2-.LBB2
 695 015f 0E       		.uleb128 0xe
 696 0160 20020000 		.4byte	.LASF25
 697 0164 01       		.byte	0x1
 698 0165 B4       		.byte	0xb4
 699 0166 A5000000 		.4byte	0xa5
 700 016a 3E000000 		.4byte	.LLST2
 701 016e 0E       		.uleb128 0xe
 702 016f 33000000 		.4byte	.LASF26
 703 0173 01       		.byte	0x1
 704 0174 B5       		.byte	0xb5
 705 0175 8D000000 		.4byte	0x8d
 706 0179 51000000 		.4byte	.LLST3
ARM GAS  C:\Users\srhi\AppData\Local\Temp\ccCOwwFb.s 			page 21


 707 017d 00       		.byte	0
 708 017e 00       		.byte	0
 709 017f 0F       		.uleb128 0xf
 710 0180 04       		.byte	0x4
 711 0181 85010000 		.4byte	0x185
 712 0185 10       		.uleb128 0x10
 713 0186 A5000000 		.4byte	0xa5
 714 018a 0F       		.uleb128 0xf
 715 018b 04       		.byte	0x4
 716 018c 90010000 		.4byte	0x190
 717 0190 10       		.uleb128 0x10
 718 0191 02010000 		.4byte	0x102
 719 0195 0A       		.uleb128 0xa
 720 0196 CE000000 		.4byte	.LASF28
 721 019a 01       		.byte	0x1
 722 019b 4C       		.byte	0x4c
 723 019c 00000000 		.4byte	.LFB0
 724 01a0 0C000000 		.4byte	.LFE0-.LFB0
 725 01a4 01       		.uleb128 0x1
 726 01a5 9C       		.byte	0x9c
 727 01a6 E2010000 		.4byte	0x1e2
 728 01aa 11       		.uleb128 0x11
 729 01ab 7300     		.ascii	"s\000"
 730 01ad 01       		.byte	0x1
 731 01ae 4C       		.byte	0x4c
 732 01af 84000000 		.4byte	0x84
 733 01b3 6F000000 		.4byte	.LLST4
 734 01b7 11       		.uleb128 0x11
 735 01b8 6E00     		.ascii	"n\000"
 736 01ba 01       		.byte	0x1
 737 01bb 4C       		.byte	0x4c
 738 01bc 2C000000 		.4byte	0x2c
 739 01c0 90000000 		.4byte	.LLST5
 740 01c4 12       		.uleb128 0x12
 741 01c5 0A000000 		.4byte	.LVL14
 742 01c9 D9030000 		.4byte	0x3d9
 743 01cd 13       		.uleb128 0x13
 744 01ce 01       		.uleb128 0x1
 745 01cf 50       		.byte	0x50
 746 01d0 03       		.uleb128 0x3
 747 01d1 F3       		.byte	0xf3
 748 01d2 01       		.uleb128 0x1
 749 01d3 50       		.byte	0x50
 750 01d4 13       		.uleb128 0x13
 751 01d5 01       		.uleb128 0x1
 752 01d6 51       		.byte	0x51
 753 01d7 01       		.uleb128 0x1
 754 01d8 30       		.byte	0x30
 755 01d9 13       		.uleb128 0x13
 756 01da 01       		.uleb128 0x1
 757 01db 52       		.byte	0x52
 758 01dc 03       		.uleb128 0x3
 759 01dd F3       		.byte	0xf3
 760 01de 01       		.uleb128 0x1
 761 01df 51       		.byte	0x51
 762 01e0 00       		.byte	0
 763 01e1 00       		.byte	0
ARM GAS  C:\Users\srhi\AppData\Local\Temp\ccCOwwFb.s 			page 22


 764 01e2 0A       		.uleb128 0xa
 765 01e3 39000000 		.4byte	.LASF29
 766 01e7 01       		.byte	0x1
 767 01e8 D3       		.byte	0xd3
 768 01e9 00000000 		.4byte	.LFB4
 769 01ed 90000000 		.4byte	.LFE4-.LFB4
 770 01f1 01       		.uleb128 0x1
 771 01f2 9C       		.byte	0x9c
 772 01f3 2D020000 		.4byte	0x22d
 773 01f7 14       		.uleb128 0x14
 774 01f8 14000000 		.4byte	.LVL15
 775 01fc E2030000 		.4byte	0x3e2
 776 0200 0A020000 		.4byte	0x20a
 777 0204 13       		.uleb128 0x13
 778 0205 01       		.uleb128 0x1
 779 0206 50       		.byte	0x50
 780 0207 01       		.uleb128 0x1
 781 0208 48       		.byte	0x48
 782 0209 00       		.byte	0
 783 020a 14       		.uleb128 0x14
 784 020b 4E000000 		.4byte	.LVL16
 785 020f ED030000 		.4byte	0x3ed
 786 0213 1D020000 		.4byte	0x21d
 787 0217 13       		.uleb128 0x13
 788 0218 01       		.uleb128 0x1
 789 0219 50       		.byte	0x50
 790 021a 01       		.uleb128 0x1
 791 021b 39       		.byte	0x39
 792 021c 00       		.byte	0
 793 021d 12       		.uleb128 0x12
 794 021e 54000000 		.4byte	.LVL17
 795 0222 F8030000 		.4byte	0x3f8
 796 0226 13       		.uleb128 0x13
 797 0227 01       		.uleb128 0x1
 798 0228 50       		.byte	0x50
 799 0229 01       		.uleb128 0x1
 800 022a 39       		.byte	0x39
 801 022b 00       		.byte	0
 802 022c 00       		.byte	0
 803 022d 15       		.uleb128 0x15
 804 022e D8000000 		.4byte	.LASF33
 805 0232 01       		.byte	0x1
 806 0233 2001     		.2byte	0x120
 807 0235 00000000 		.4byte	.LFB6
 808 0239 40000000 		.4byte	.LFE6-.LFB6
 809 023d 01       		.uleb128 0x1
 810 023e 9C       		.byte	0x9c
 811 023f 62020000 		.4byte	0x262
 812 0243 16       		.uleb128 0x16
 813 0244 72020000 		.4byte	.LASF30
 814 0248 01       		.byte	0x1
 815 0249 2001     		.2byte	0x120
 816 024b 8D000000 		.4byte	0x8d
 817 024f 01       		.uleb128 0x1
 818 0250 50       		.byte	0x50
 819 0251 17       		.uleb128 0x17
 820 0252 E0020000 		.4byte	.LASF31
ARM GAS  C:\Users\srhi\AppData\Local\Temp\ccCOwwFb.s 			page 23


 821 0256 01       		.byte	0x1
 822 0257 2201     		.2byte	0x122
 823 0259 A5000000 		.4byte	0xa5
 824 025d BC000000 		.4byte	.LLST6
 825 0261 00       		.byte	0
 826 0262 18       		.uleb128 0x18
 827 0263 0D000000 		.4byte	.LASF32
 828 0267 01       		.byte	0x1
 829 0268 0A01     		.2byte	0x10a
 830 026a 00000000 		.4byte	.LFB5
 831 026e 0A000000 		.4byte	.LFE5-.LFB5
 832 0272 01       		.uleb128 0x1
 833 0273 9C       		.byte	0x9c
 834 0274 88020000 		.4byte	0x288
 835 0278 12       		.uleb128 0x12
 836 0279 08000000 		.4byte	.LVL27
 837 027d 2D020000 		.4byte	0x22d
 838 0281 13       		.uleb128 0x13
 839 0282 01       		.uleb128 0x1
 840 0283 50       		.byte	0x50
 841 0284 01       		.uleb128 0x1
 842 0285 31       		.byte	0x31
 843 0286 00       		.byte	0
 844 0287 00       		.byte	0
 845 0288 15       		.uleb128 0x15
 846 0289 59010000 		.4byte	.LASF34
 847 028d 01       		.byte	0x1
 848 028e 4C01     		.2byte	0x14c
 849 0290 90000000 		.4byte	.LFB7
 850 0294 D0000000 		.4byte	.LFE7-.LFB7
 851 0298 01       		.uleb128 0x1
 852 0299 9C       		.byte	0x9c
 853 029a AF030000 		.4byte	0x3af
 854 029e 19       		.uleb128 0x19
 855 029f 94000000 		.4byte	.LBB3
 856 02a3 6C000000 		.4byte	.LBE3-.LBB3
 857 02a7 9C030000 		.4byte	0x39c
 858 02ab 1A       		.uleb128 0x1a
 859 02ac 44000000 		.4byte	.LASF35
 860 02b0 01       		.byte	0x1
 861 02b1 5201     		.2byte	0x152
 862 02b3 BF030000 		.4byte	0x3bf
 863 02b7 05       		.uleb128 0x5
 864 02b8 03       		.byte	0x3
 865 02b9 2C000000 		.4byte	cy_cfg_addr_table.4870
 866 02bd 1A       		.uleb128 0x1a
 867 02be 56000000 		.4byte	.LASF36
 868 02c2 01       		.byte	0x1
 869 02c3 5A01     		.2byte	0x15a
 870 02c5 D4030000 		.4byte	0x3d4
 871 02c9 05       		.uleb128 0x5
 872 02ca 03       		.byte	0x3
 873 02cb 0C000000 		.4byte	cy_cfg_data_table.4871
 874 02cf 1B       		.uleb128 0x1b
 875 02d0 06       		.byte	0x6
 876 02d1 01       		.byte	0x1
 877 02d2 6E01     		.2byte	0x16e
ARM GAS  C:\Users\srhi\AppData\Local\Temp\ccCOwwFb.s 			page 24


 878 02d4 F3020000 		.4byte	0x2f3
 879 02d8 1C       		.uleb128 0x1c
 880 02d9 66010000 		.4byte	.LASF37
 881 02dd 01       		.byte	0x1
 882 02de 6F01     		.2byte	0x16f
 883 02e0 84000000 		.4byte	0x84
 884 02e4 00       		.byte	0
 885 02e5 1C       		.uleb128 0x1c
 886 02e6 AC000000 		.4byte	.LASF38
 887 02ea 01       		.byte	0x1
 888 02eb 7001     		.2byte	0x170
 889 02ed 99000000 		.4byte	0x99
 890 02f1 04       		.byte	0x4
 891 02f2 00       		.byte	0
 892 02f3 06       		.uleb128 0x6
 893 02f4 13020000 		.4byte	.LASF39
 894 02f8 01       		.byte	0x1
 895 02f9 7101     		.2byte	0x171
 896 02fb CF020000 		.4byte	0x2cf
 897 02ff 1D       		.uleb128 0x1d
 898 0300 0F030000 		.4byte	0x30f
 899 0304 0F030000 		.4byte	0x30f
 900 0308 1E       		.uleb128 0x1e
 901 0309 7D000000 		.4byte	0x7d
 902 030d 01       		.byte	0x1
 903 030e 00       		.byte	0
 904 030f 10       		.uleb128 0x10
 905 0310 F3020000 		.4byte	0x2f3
 906 0314 1A       		.uleb128 0x1a
 907 0315 9C000000 		.4byte	.LASF40
 908 0319 01       		.byte	0x1
 909 031a 7301     		.2byte	0x173
 910 031c 26030000 		.4byte	0x326
 911 0320 05       		.uleb128 0x5
 912 0321 03       		.byte	0x3
 913 0322 00000000 		.4byte	cfg_memset_list.4876
 914 0326 10       		.uleb128 0x10
 915 0327 FF020000 		.4byte	0x2ff
 916 032b 1F       		.uleb128 0x1f
 917 032c 6900     		.ascii	"i\000"
 918 032e 01       		.byte	0x1
 919 032f 7901     		.2byte	0x179
 920 0331 8D000000 		.4byte	0x8d
 921 0335 F1000000 		.4byte	.LLST7
 922 0339 19       		.uleb128 0x19
 923 033a 98000000 		.4byte	.LBB4
 924 033e 1C000000 		.4byte	.LBE4-.LBB4
 925 0342 7F030000 		.4byte	0x37f
 926 0346 1F       		.uleb128 0x1f
 927 0347 6D7300   		.ascii	"ms\000"
 928 034a 01       		.byte	0x1
 929 034b 7E01     		.2byte	0x17e
 930 034d 55030000 		.4byte	0x355
 931 0351 1B010000 		.4byte	.LLST8
 932 0355 0F       		.uleb128 0xf
 933 0356 04       		.byte	0x4
 934 0357 0F030000 		.4byte	0x30f
ARM GAS  C:\Users\srhi\AppData\Local\Temp\ccCOwwFb.s 			page 25


 935 035b 12       		.uleb128 0x12
 936 035c B4000000 		.4byte	.LVL30
 937 0360 95010000 		.4byte	0x195
 938 0364 13       		.uleb128 0x13
 939 0365 01       		.uleb128 0x1
 940 0366 51       		.byte	0x51
 941 0367 15       		.uleb128 0x15
 942 0368 74       		.byte	0x74
 943 0369 00       		.sleb128 0
 944 036a 31       		.byte	0x31
 945 036b 24       		.byte	0x24
 946 036c 74       		.byte	0x74
 947 036d 00       		.sleb128 0
 948 036e 22       		.byte	0x22
 949 036f 31       		.byte	0x31
 950 0370 24       		.byte	0x24
 951 0371 03       		.byte	0x3
 952 0372 04000000 		.4byte	.LANCHOR0+4
 953 0376 22       		.byte	0x22
 954 0377 94       		.byte	0x94
 955 0378 02       		.byte	0x2
 956 0379 0A       		.byte	0xa
 957 037a FFFF     		.2byte	0xffff
 958 037c 1A       		.byte	0x1a
 959 037d 00       		.byte	0
 960 037e 00       		.byte	0
 961 037f 12       		.uleb128 0x12
 962 0380 C8000000 		.4byte	.LVL33
 963 0384 0D010000 		.4byte	0x10d
 964 0388 13       		.uleb128 0x13
 965 0389 01       		.uleb128 0x1
 966 038a 50       		.byte	0x50
 967 038b 05       		.uleb128 0x5
 968 038c 03       		.byte	0x3
 969 038d 2C000000 		.4byte	.LANCHOR0+44
 970 0391 13       		.uleb128 0x13
 971 0392 01       		.uleb128 0x1
 972 0393 51       		.byte	0x51
 973 0394 05       		.uleb128 0x5
 974 0395 03       		.byte	0x3
 975 0396 0C000000 		.4byte	.LANCHOR0+12
 976 039a 00       		.byte	0
 977 039b 00       		.byte	0
 978 039c 20       		.uleb128 0x20
 979 039d 26010000 		.4byte	.LVL34
 980 03a1 E2010000 		.4byte	0x1e2
 981 03a5 20       		.uleb128 0x20
 982 03a6 2A010000 		.4byte	.LVL35
 983 03aa 62020000 		.4byte	0x262
 984 03ae 00       		.byte	0
 985 03af 1D       		.uleb128 0x1d
 986 03b0 85010000 		.4byte	0x185
 987 03b4 BF030000 		.4byte	0x3bf
 988 03b8 1E       		.uleb128 0x1e
 989 03b9 7D000000 		.4byte	0x7d
 990 03bd 04       		.byte	0x4
 991 03be 00       		.byte	0
ARM GAS  C:\Users\srhi\AppData\Local\Temp\ccCOwwFb.s 			page 26


 992 03bf 10       		.uleb128 0x10
 993 03c0 AF030000 		.4byte	0x3af
 994 03c4 1D       		.uleb128 0x1d
 995 03c5 90010000 		.4byte	0x190
 996 03c9 D4030000 		.4byte	0x3d4
 997 03cd 1E       		.uleb128 0x1e
 998 03ce 7D000000 		.4byte	0x7d
 999 03d2 0E       		.byte	0xe
 1000 03d3 00       		.byte	0
 1001 03d4 10       		.uleb128 0x10
 1002 03d5 C4030000 		.4byte	0x3c4
 1003 03d9 21       		.uleb128 0x21
 1004 03da FC000000 		.4byte	.LASF47
 1005 03de FC000000 		.4byte	.LASF47
 1006 03e2 22       		.uleb128 0x22
 1007 03e3 84020000 		.4byte	.LASF41
 1008 03e7 84020000 		.4byte	.LASF41
 1009 03eb 04       		.byte	0x4
 1010 03ec 6C       		.byte	0x6c
 1011 03ed 22       		.uleb128 0x22
 1012 03ee 1E000000 		.4byte	.LASF42
 1013 03f2 1E000000 		.4byte	.LASF42
 1014 03f6 04       		.byte	0x4
 1015 03f7 BD       		.byte	0xbd
 1016 03f8 22       		.uleb128 0x22
 1017 03f9 1C010000 		.4byte	.LASF43
 1018 03fd 1C010000 		.4byte	.LASF43
 1019 0401 04       		.byte	0x4
 1020 0402 C3       		.byte	0xc3
 1021 0403 00       		.byte	0
 1022              		.section	.debug_abbrev,"",%progbits
 1023              	.Ldebug_abbrev0:
 1024 0000 01       		.uleb128 0x1
 1025 0001 11       		.uleb128 0x11
 1026 0002 01       		.byte	0x1
 1027 0003 25       		.uleb128 0x25
 1028 0004 0E       		.uleb128 0xe
 1029 0005 13       		.uleb128 0x13
 1030 0006 0B       		.uleb128 0xb
 1031 0007 03       		.uleb128 0x3
 1032 0008 0E       		.uleb128 0xe
 1033 0009 1B       		.uleb128 0x1b
 1034 000a 0E       		.uleb128 0xe
 1035 000b 55       		.uleb128 0x55
 1036 000c 17       		.uleb128 0x17
 1037 000d 11       		.uleb128 0x11
 1038 000e 01       		.uleb128 0x1
 1039 000f 10       		.uleb128 0x10
 1040 0010 17       		.uleb128 0x17
 1041 0011 00       		.byte	0
 1042 0012 00       		.byte	0
 1043 0013 02       		.uleb128 0x2
 1044 0014 24       		.uleb128 0x24
 1045 0015 00       		.byte	0
 1046 0016 0B       		.uleb128 0xb
 1047 0017 0B       		.uleb128 0xb
 1048 0018 3E       		.uleb128 0x3e
ARM GAS  C:\Users\srhi\AppData\Local\Temp\ccCOwwFb.s 			page 27


 1049 0019 0B       		.uleb128 0xb
 1050 001a 03       		.uleb128 0x3
 1051 001b 08       		.uleb128 0x8
 1052 001c 00       		.byte	0
 1053 001d 00       		.byte	0
 1054 001e 03       		.uleb128 0x3
 1055 001f 16       		.uleb128 0x16
 1056 0020 00       		.byte	0
 1057 0021 03       		.uleb128 0x3
 1058 0022 0E       		.uleb128 0xe
 1059 0023 3A       		.uleb128 0x3a
 1060 0024 0B       		.uleb128 0xb
 1061 0025 3B       		.uleb128 0x3b
 1062 0026 0B       		.uleb128 0xb
 1063 0027 49       		.uleb128 0x49
 1064 0028 13       		.uleb128 0x13
 1065 0029 00       		.byte	0
 1066 002a 00       		.byte	0
 1067 002b 04       		.uleb128 0x4
 1068 002c 24       		.uleb128 0x24
 1069 002d 00       		.byte	0
 1070 002e 0B       		.uleb128 0xb
 1071 002f 0B       		.uleb128 0xb
 1072 0030 3E       		.uleb128 0x3e
 1073 0031 0B       		.uleb128 0xb
 1074 0032 03       		.uleb128 0x3
 1075 0033 0E       		.uleb128 0xe
 1076 0034 00       		.byte	0
 1077 0035 00       		.byte	0
 1078 0036 05       		.uleb128 0x5
 1079 0037 0F       		.uleb128 0xf
 1080 0038 00       		.byte	0
 1081 0039 0B       		.uleb128 0xb
 1082 003a 0B       		.uleb128 0xb
 1083 003b 00       		.byte	0
 1084 003c 00       		.byte	0
 1085 003d 06       		.uleb128 0x6
 1086 003e 16       		.uleb128 0x16
 1087 003f 00       		.byte	0
 1088 0040 03       		.uleb128 0x3
 1089 0041 0E       		.uleb128 0xe
 1090 0042 3A       		.uleb128 0x3a
 1091 0043 0B       		.uleb128 0xb
 1092 0044 3B       		.uleb128 0x3b
 1093 0045 05       		.uleb128 0x5
 1094 0046 49       		.uleb128 0x49
 1095 0047 13       		.uleb128 0x13
 1096 0048 00       		.byte	0
 1097 0049 00       		.byte	0
 1098 004a 07       		.uleb128 0x7
 1099 004b 35       		.uleb128 0x35
 1100 004c 00       		.byte	0
 1101 004d 49       		.uleb128 0x49
 1102 004e 13       		.uleb128 0x13
 1103 004f 00       		.byte	0
 1104 0050 00       		.byte	0
 1105 0051 08       		.uleb128 0x8
ARM GAS  C:\Users\srhi\AppData\Local\Temp\ccCOwwFb.s 			page 28


 1106 0052 13       		.uleb128 0x13
 1107 0053 01       		.byte	0x1
 1108 0054 0B       		.uleb128 0xb
 1109 0055 0B       		.uleb128 0xb
 1110 0056 3A       		.uleb128 0x3a
 1111 0057 0B       		.uleb128 0xb
 1112 0058 3B       		.uleb128 0x3b
 1113 0059 0B       		.uleb128 0xb
 1114 005a 01       		.uleb128 0x1
 1115 005b 13       		.uleb128 0x13
 1116 005c 00       		.byte	0
 1117 005d 00       		.byte	0
 1118 005e 09       		.uleb128 0x9
 1119 005f 0D       		.uleb128 0xd
 1120 0060 00       		.byte	0
 1121 0061 03       		.uleb128 0x3
 1122 0062 0E       		.uleb128 0xe
 1123 0063 3A       		.uleb128 0x3a
 1124 0064 0B       		.uleb128 0xb
 1125 0065 3B       		.uleb128 0x3b
 1126 0066 0B       		.uleb128 0xb
 1127 0067 49       		.uleb128 0x49
 1128 0068 13       		.uleb128 0x13
 1129 0069 38       		.uleb128 0x38
 1130 006a 0B       		.uleb128 0xb
 1131 006b 00       		.byte	0
 1132 006c 00       		.byte	0
 1133 006d 0A       		.uleb128 0xa
 1134 006e 2E       		.uleb128 0x2e
 1135 006f 01       		.byte	0x1
 1136 0070 03       		.uleb128 0x3
 1137 0071 0E       		.uleb128 0xe
 1138 0072 3A       		.uleb128 0x3a
 1139 0073 0B       		.uleb128 0xb
 1140 0074 3B       		.uleb128 0x3b
 1141 0075 0B       		.uleb128 0xb
 1142 0076 27       		.uleb128 0x27
 1143 0077 19       		.uleb128 0x19
 1144 0078 11       		.uleb128 0x11
 1145 0079 01       		.uleb128 0x1
 1146 007a 12       		.uleb128 0x12
 1147 007b 06       		.uleb128 0x6
 1148 007c 40       		.uleb128 0x40
 1149 007d 18       		.uleb128 0x18
 1150 007e 9742     		.uleb128 0x2117
 1151 0080 19       		.uleb128 0x19
 1152 0081 01       		.uleb128 0x1
 1153 0082 13       		.uleb128 0x13
 1154 0083 00       		.byte	0
 1155 0084 00       		.byte	0
 1156 0085 0B       		.uleb128 0xb
 1157 0086 05       		.uleb128 0x5
 1158 0087 00       		.byte	0
 1159 0088 03       		.uleb128 0x3
 1160 0089 0E       		.uleb128 0xe
 1161 008a 3A       		.uleb128 0x3a
 1162 008b 0B       		.uleb128 0xb
ARM GAS  C:\Users\srhi\AppData\Local\Temp\ccCOwwFb.s 			page 29


 1163 008c 3B       		.uleb128 0x3b
 1164 008d 0B       		.uleb128 0xb
 1165 008e 49       		.uleb128 0x49
 1166 008f 13       		.uleb128 0x13
 1167 0090 02       		.uleb128 0x2
 1168 0091 18       		.uleb128 0x18
 1169 0092 00       		.byte	0
 1170 0093 00       		.byte	0
 1171 0094 0C       		.uleb128 0xc
 1172 0095 34       		.uleb128 0x34
 1173 0096 00       		.byte	0
 1174 0097 03       		.uleb128 0x3
 1175 0098 08       		.uleb128 0x8
 1176 0099 3A       		.uleb128 0x3a
 1177 009a 0B       		.uleb128 0xb
 1178 009b 3B       		.uleb128 0x3b
 1179 009c 0B       		.uleb128 0xb
 1180 009d 49       		.uleb128 0x49
 1181 009e 13       		.uleb128 0x13
 1182 009f 02       		.uleb128 0x2
 1183 00a0 17       		.uleb128 0x17
 1184 00a1 00       		.byte	0
 1185 00a2 00       		.byte	0
 1186 00a3 0D       		.uleb128 0xd
 1187 00a4 0B       		.uleb128 0xb
 1188 00a5 01       		.byte	0x1
 1189 00a6 11       		.uleb128 0x11
 1190 00a7 01       		.uleb128 0x1
 1191 00a8 12       		.uleb128 0x12
 1192 00a9 06       		.uleb128 0x6
 1193 00aa 00       		.byte	0
 1194 00ab 00       		.byte	0
 1195 00ac 0E       		.uleb128 0xe
 1196 00ad 34       		.uleb128 0x34
 1197 00ae 00       		.byte	0
 1198 00af 03       		.uleb128 0x3
 1199 00b0 0E       		.uleb128 0xe
 1200 00b1 3A       		.uleb128 0x3a
 1201 00b2 0B       		.uleb128 0xb
 1202 00b3 3B       		.uleb128 0x3b
 1203 00b4 0B       		.uleb128 0xb
 1204 00b5 49       		.uleb128 0x49
 1205 00b6 13       		.uleb128 0x13
 1206 00b7 02       		.uleb128 0x2
 1207 00b8 17       		.uleb128 0x17
 1208 00b9 00       		.byte	0
 1209 00ba 00       		.byte	0
 1210 00bb 0F       		.uleb128 0xf
 1211 00bc 0F       		.uleb128 0xf
 1212 00bd 00       		.byte	0
 1213 00be 0B       		.uleb128 0xb
 1214 00bf 0B       		.uleb128 0xb
 1215 00c0 49       		.uleb128 0x49
 1216 00c1 13       		.uleb128 0x13
 1217 00c2 00       		.byte	0
 1218 00c3 00       		.byte	0
 1219 00c4 10       		.uleb128 0x10
ARM GAS  C:\Users\srhi\AppData\Local\Temp\ccCOwwFb.s 			page 30


 1220 00c5 26       		.uleb128 0x26
 1221 00c6 00       		.byte	0
 1222 00c7 49       		.uleb128 0x49
 1223 00c8 13       		.uleb128 0x13
 1224 00c9 00       		.byte	0
 1225 00ca 00       		.byte	0
 1226 00cb 11       		.uleb128 0x11
 1227 00cc 05       		.uleb128 0x5
 1228 00cd 00       		.byte	0
 1229 00ce 03       		.uleb128 0x3
 1230 00cf 08       		.uleb128 0x8
 1231 00d0 3A       		.uleb128 0x3a
 1232 00d1 0B       		.uleb128 0xb
 1233 00d2 3B       		.uleb128 0x3b
 1234 00d3 0B       		.uleb128 0xb
 1235 00d4 49       		.uleb128 0x49
 1236 00d5 13       		.uleb128 0x13
 1237 00d6 02       		.uleb128 0x2
 1238 00d7 17       		.uleb128 0x17
 1239 00d8 00       		.byte	0
 1240 00d9 00       		.byte	0
 1241 00da 12       		.uleb128 0x12
 1242 00db 898201   		.uleb128 0x4109
 1243 00de 01       		.byte	0x1
 1244 00df 11       		.uleb128 0x11
 1245 00e0 01       		.uleb128 0x1
 1246 00e1 31       		.uleb128 0x31
 1247 00e2 13       		.uleb128 0x13
 1248 00e3 00       		.byte	0
 1249 00e4 00       		.byte	0
 1250 00e5 13       		.uleb128 0x13
 1251 00e6 8A8201   		.uleb128 0x410a
 1252 00e9 00       		.byte	0
 1253 00ea 02       		.uleb128 0x2
 1254 00eb 18       		.uleb128 0x18
 1255 00ec 9142     		.uleb128 0x2111
 1256 00ee 18       		.uleb128 0x18
 1257 00ef 00       		.byte	0
 1258 00f0 00       		.byte	0
 1259 00f1 14       		.uleb128 0x14
 1260 00f2 898201   		.uleb128 0x4109
 1261 00f5 01       		.byte	0x1
 1262 00f6 11       		.uleb128 0x11
 1263 00f7 01       		.uleb128 0x1
 1264 00f8 31       		.uleb128 0x31
 1265 00f9 13       		.uleb128 0x13
 1266 00fa 01       		.uleb128 0x1
 1267 00fb 13       		.uleb128 0x13
 1268 00fc 00       		.byte	0
 1269 00fd 00       		.byte	0
 1270 00fe 15       		.uleb128 0x15
 1271 00ff 2E       		.uleb128 0x2e
 1272 0100 01       		.byte	0x1
 1273 0101 3F       		.uleb128 0x3f
 1274 0102 19       		.uleb128 0x19
 1275 0103 03       		.uleb128 0x3
 1276 0104 0E       		.uleb128 0xe
ARM GAS  C:\Users\srhi\AppData\Local\Temp\ccCOwwFb.s 			page 31


 1277 0105 3A       		.uleb128 0x3a
 1278 0106 0B       		.uleb128 0xb
 1279 0107 3B       		.uleb128 0x3b
 1280 0108 05       		.uleb128 0x5
 1281 0109 27       		.uleb128 0x27
 1282 010a 19       		.uleb128 0x19
 1283 010b 11       		.uleb128 0x11
 1284 010c 01       		.uleb128 0x1
 1285 010d 12       		.uleb128 0x12
 1286 010e 06       		.uleb128 0x6
 1287 010f 40       		.uleb128 0x40
 1288 0110 18       		.uleb128 0x18
 1289 0111 9742     		.uleb128 0x2117
 1290 0113 19       		.uleb128 0x19
 1291 0114 01       		.uleb128 0x1
 1292 0115 13       		.uleb128 0x13
 1293 0116 00       		.byte	0
 1294 0117 00       		.byte	0
 1295 0118 16       		.uleb128 0x16
 1296 0119 05       		.uleb128 0x5
 1297 011a 00       		.byte	0
 1298 011b 03       		.uleb128 0x3
 1299 011c 0E       		.uleb128 0xe
 1300 011d 3A       		.uleb128 0x3a
 1301 011e 0B       		.uleb128 0xb
 1302 011f 3B       		.uleb128 0x3b
 1303 0120 05       		.uleb128 0x5
 1304 0121 49       		.uleb128 0x49
 1305 0122 13       		.uleb128 0x13
 1306 0123 02       		.uleb128 0x2
 1307 0124 18       		.uleb128 0x18
 1308 0125 00       		.byte	0
 1309 0126 00       		.byte	0
 1310 0127 17       		.uleb128 0x17
 1311 0128 34       		.uleb128 0x34
 1312 0129 00       		.byte	0
 1313 012a 03       		.uleb128 0x3
 1314 012b 0E       		.uleb128 0xe
 1315 012c 3A       		.uleb128 0x3a
 1316 012d 0B       		.uleb128 0xb
 1317 012e 3B       		.uleb128 0x3b
 1318 012f 05       		.uleb128 0x5
 1319 0130 49       		.uleb128 0x49
 1320 0131 13       		.uleb128 0x13
 1321 0132 02       		.uleb128 0x2
 1322 0133 17       		.uleb128 0x17
 1323 0134 00       		.byte	0
 1324 0135 00       		.byte	0
 1325 0136 18       		.uleb128 0x18
 1326 0137 2E       		.uleb128 0x2e
 1327 0138 01       		.byte	0x1
 1328 0139 03       		.uleb128 0x3
 1329 013a 0E       		.uleb128 0xe
 1330 013b 3A       		.uleb128 0x3a
 1331 013c 0B       		.uleb128 0xb
 1332 013d 3B       		.uleb128 0x3b
 1333 013e 05       		.uleb128 0x5
ARM GAS  C:\Users\srhi\AppData\Local\Temp\ccCOwwFb.s 			page 32


 1334 013f 27       		.uleb128 0x27
 1335 0140 19       		.uleb128 0x19
 1336 0141 11       		.uleb128 0x11
 1337 0142 01       		.uleb128 0x1
 1338 0143 12       		.uleb128 0x12
 1339 0144 06       		.uleb128 0x6
 1340 0145 40       		.uleb128 0x40
 1341 0146 18       		.uleb128 0x18
 1342 0147 9742     		.uleb128 0x2117
 1343 0149 19       		.uleb128 0x19
 1344 014a 01       		.uleb128 0x1
 1345 014b 13       		.uleb128 0x13
 1346 014c 00       		.byte	0
 1347 014d 00       		.byte	0
 1348 014e 19       		.uleb128 0x19
 1349 014f 0B       		.uleb128 0xb
 1350 0150 01       		.byte	0x1
 1351 0151 11       		.uleb128 0x11
 1352 0152 01       		.uleb128 0x1
 1353 0153 12       		.uleb128 0x12
 1354 0154 06       		.uleb128 0x6
 1355 0155 01       		.uleb128 0x1
 1356 0156 13       		.uleb128 0x13
 1357 0157 00       		.byte	0
 1358 0158 00       		.byte	0
 1359 0159 1A       		.uleb128 0x1a
 1360 015a 34       		.uleb128 0x34
 1361 015b 00       		.byte	0
 1362 015c 03       		.uleb128 0x3
 1363 015d 0E       		.uleb128 0xe
 1364 015e 3A       		.uleb128 0x3a
 1365 015f 0B       		.uleb128 0xb
 1366 0160 3B       		.uleb128 0x3b
 1367 0161 05       		.uleb128 0x5
 1368 0162 49       		.uleb128 0x49
 1369 0163 13       		.uleb128 0x13
 1370 0164 02       		.uleb128 0x2
 1371 0165 18       		.uleb128 0x18
 1372 0166 00       		.byte	0
 1373 0167 00       		.byte	0
 1374 0168 1B       		.uleb128 0x1b
 1375 0169 13       		.uleb128 0x13
 1376 016a 01       		.byte	0x1
 1377 016b 0B       		.uleb128 0xb
 1378 016c 0B       		.uleb128 0xb
 1379 016d 3A       		.uleb128 0x3a
 1380 016e 0B       		.uleb128 0xb
 1381 016f 3B       		.uleb128 0x3b
 1382 0170 05       		.uleb128 0x5
 1383 0171 01       		.uleb128 0x1
 1384 0172 13       		.uleb128 0x13
 1385 0173 00       		.byte	0
 1386 0174 00       		.byte	0
 1387 0175 1C       		.uleb128 0x1c
 1388 0176 0D       		.uleb128 0xd
 1389 0177 00       		.byte	0
 1390 0178 03       		.uleb128 0x3
ARM GAS  C:\Users\srhi\AppData\Local\Temp\ccCOwwFb.s 			page 33


 1391 0179 0E       		.uleb128 0xe
 1392 017a 3A       		.uleb128 0x3a
 1393 017b 0B       		.uleb128 0xb
 1394 017c 3B       		.uleb128 0x3b
 1395 017d 05       		.uleb128 0x5
 1396 017e 49       		.uleb128 0x49
 1397 017f 13       		.uleb128 0x13
 1398 0180 38       		.uleb128 0x38
 1399 0181 0B       		.uleb128 0xb
 1400 0182 00       		.byte	0
 1401 0183 00       		.byte	0
 1402 0184 1D       		.uleb128 0x1d
 1403 0185 01       		.uleb128 0x1
 1404 0186 01       		.byte	0x1
 1405 0187 49       		.uleb128 0x49
 1406 0188 13       		.uleb128 0x13
 1407 0189 01       		.uleb128 0x1
 1408 018a 13       		.uleb128 0x13
 1409 018b 00       		.byte	0
 1410 018c 00       		.byte	0
 1411 018d 1E       		.uleb128 0x1e
 1412 018e 21       		.uleb128 0x21
 1413 018f 00       		.byte	0
 1414 0190 49       		.uleb128 0x49
 1415 0191 13       		.uleb128 0x13
 1416 0192 2F       		.uleb128 0x2f
 1417 0193 0B       		.uleb128 0xb
 1418 0194 00       		.byte	0
 1419 0195 00       		.byte	0
 1420 0196 1F       		.uleb128 0x1f
 1421 0197 34       		.uleb128 0x34
 1422 0198 00       		.byte	0
 1423 0199 03       		.uleb128 0x3
 1424 019a 08       		.uleb128 0x8
 1425 019b 3A       		.uleb128 0x3a
 1426 019c 0B       		.uleb128 0xb
 1427 019d 3B       		.uleb128 0x3b
 1428 019e 05       		.uleb128 0x5
 1429 019f 49       		.uleb128 0x49
 1430 01a0 13       		.uleb128 0x13
 1431 01a1 02       		.uleb128 0x2
 1432 01a2 17       		.uleb128 0x17
 1433 01a3 00       		.byte	0
 1434 01a4 00       		.byte	0
 1435 01a5 20       		.uleb128 0x20
 1436 01a6 898201   		.uleb128 0x4109
 1437 01a9 00       		.byte	0
 1438 01aa 11       		.uleb128 0x11
 1439 01ab 01       		.uleb128 0x1
 1440 01ac 31       		.uleb128 0x31
 1441 01ad 13       		.uleb128 0x13
 1442 01ae 00       		.byte	0
 1443 01af 00       		.byte	0
 1444 01b0 21       		.uleb128 0x21
 1445 01b1 2E       		.uleb128 0x2e
 1446 01b2 00       		.byte	0
 1447 01b3 3F       		.uleb128 0x3f
ARM GAS  C:\Users\srhi\AppData\Local\Temp\ccCOwwFb.s 			page 34


 1448 01b4 19       		.uleb128 0x19
 1449 01b5 3C       		.uleb128 0x3c
 1450 01b6 19       		.uleb128 0x19
 1451 01b7 6E       		.uleb128 0x6e
 1452 01b8 0E       		.uleb128 0xe
 1453 01b9 03       		.uleb128 0x3
 1454 01ba 0E       		.uleb128 0xe
 1455 01bb 00       		.byte	0
 1456 01bc 00       		.byte	0
 1457 01bd 22       		.uleb128 0x22
 1458 01be 2E       		.uleb128 0x2e
 1459 01bf 00       		.byte	0
 1460 01c0 3F       		.uleb128 0x3f
 1461 01c1 19       		.uleb128 0x19
 1462 01c2 3C       		.uleb128 0x3c
 1463 01c3 19       		.uleb128 0x19
 1464 01c4 6E       		.uleb128 0x6e
 1465 01c5 0E       		.uleb128 0xe
 1466 01c6 03       		.uleb128 0x3
 1467 01c7 0E       		.uleb128 0xe
 1468 01c8 3A       		.uleb128 0x3a
 1469 01c9 0B       		.uleb128 0xb
 1470 01ca 3B       		.uleb128 0x3b
 1471 01cb 0B       		.uleb128 0xb
 1472 01cc 00       		.byte	0
 1473 01cd 00       		.byte	0
 1474 01ce 00       		.byte	0
 1475              		.section	.debug_loc,"",%progbits
 1476              	.Ldebug_loc0:
 1477              	.LLST0:
 1478 0000 02000000 		.4byte	.LVL1
 1479 0004 08000000 		.4byte	.LVL2
 1480 0008 0200     		.2byte	0x2
 1481 000a 30       		.byte	0x30
 1482 000b 9F       		.byte	0x9f
 1483 000c 08000000 		.4byte	.LVL2
 1484 0010 30000000 		.4byte	.LVL11
 1485 0014 0100     		.2byte	0x1
 1486 0016 57       		.byte	0x57
 1487 0017 00000000 		.4byte	0
 1488 001b 00000000 		.4byte	0
 1489              	.LLST1:
 1490 001f 02000000 		.4byte	.LVL1
 1491 0023 08000000 		.4byte	.LVL2
 1492 0027 0200     		.2byte	0x2
 1493 0029 30       		.byte	0x30
 1494 002a 9F       		.byte	0x9f
 1495 002b 08000000 		.4byte	.LVL2
 1496 002f 30000000 		.4byte	.LVL10
 1497 0033 0100     		.2byte	0x1
 1498 0035 55       		.byte	0x55
 1499 0036 00000000 		.4byte	0
 1500 003a 00000000 		.4byte	0
 1501              	.LLST2:
 1502 003e 0C000000 		.4byte	.LVL3
 1503 0042 2C000000 		.4byte	.LVL9
 1504 0046 0100     		.2byte	0x1
ARM GAS  C:\Users\srhi\AppData\Local\Temp\ccCOwwFb.s 			page 35


 1505 0048 56       		.byte	0x56
 1506 0049 00000000 		.4byte	0
 1507 004d 00000000 		.4byte	0
 1508              	.LLST3:
 1509 0051 0E000000 		.4byte	.LVL4
 1510 0055 24000000 		.4byte	.LVL7
 1511 0059 0100     		.2byte	0x1
 1512 005b 53       		.byte	0x53
 1513 005c 26000000 		.4byte	.LVL8
 1514 0060 2C000000 		.4byte	.LVL9
 1515 0064 0100     		.2byte	0x1
 1516 0066 53       		.byte	0x53
 1517 0067 00000000 		.4byte	0
 1518 006b 00000000 		.4byte	0
 1519              	.LLST4:
 1520 006f 00000000 		.4byte	.LVL12
 1521 0073 09000000 		.4byte	.LVL14-1
 1522 0077 0100     		.2byte	0x1
 1523 0079 50       		.byte	0x50
 1524 007a 09000000 		.4byte	.LVL14-1
 1525 007e 0C000000 		.4byte	.LFE0
 1526 0082 0400     		.2byte	0x4
 1527 0084 F3       		.byte	0xf3
 1528 0085 01       		.uleb128 0x1
 1529 0086 50       		.byte	0x50
 1530 0087 9F       		.byte	0x9f
 1531 0088 00000000 		.4byte	0
 1532 008c 00000000 		.4byte	0
 1533              	.LLST5:
 1534 0090 00000000 		.4byte	.LVL12
 1535 0094 06000000 		.4byte	.LVL13
 1536 0098 0100     		.2byte	0x1
 1537 009a 51       		.byte	0x51
 1538 009b 06000000 		.4byte	.LVL13
 1539 009f 09000000 		.4byte	.LVL14-1
 1540 00a3 0100     		.2byte	0x1
 1541 00a5 52       		.byte	0x52
 1542 00a6 09000000 		.4byte	.LVL14-1
 1543 00aa 0C000000 		.4byte	.LFE0
 1544 00ae 0400     		.2byte	0x4
 1545 00b0 F3       		.byte	0xf3
 1546 00b1 01       		.uleb128 0x1
 1547 00b2 51       		.byte	0x51
 1548 00b3 9F       		.byte	0x9f
 1549 00b4 00000000 		.4byte	0
 1550 00b8 00000000 		.4byte	0
 1551              	.LLST6:
 1552 00bc 04000000 		.4byte	.LVL19
 1553 00c0 12000000 		.4byte	.LVL21
 1554 00c4 0100     		.2byte	0x1
 1555 00c6 53       		.byte	0x53
 1556 00c7 14000000 		.4byte	.LVL22
 1557 00cb 1A000000 		.4byte	.LVL23
 1558 00cf 0100     		.2byte	0x1
 1559 00d1 53       		.byte	0x53
 1560 00d2 1A000000 		.4byte	.LVL23
 1561 00d6 1C000000 		.4byte	.LVL24
ARM GAS  C:\Users\srhi\AppData\Local\Temp\ccCOwwFb.s 			page 36


 1562 00da 0200     		.2byte	0x2
 1563 00dc 72       		.byte	0x72
 1564 00dd 00       		.sleb128 0
 1565 00de 1C000000 		.4byte	.LVL24
 1566 00e2 40000000 		.4byte	.LFE6
 1567 00e6 0100     		.2byte	0x1
 1568 00e8 53       		.byte	0x53
 1569 00e9 00000000 		.4byte	0
 1570 00ed 00000000 		.4byte	0
 1571              	.LLST7:
 1572 00f1 94000000 		.4byte	.LVL28
 1573 00f5 98000000 		.4byte	.LVL29
 1574 00f9 0200     		.2byte	0x2
 1575 00fb 30       		.byte	0x30
 1576 00fc 9F       		.byte	0x9f
 1577 00fd 98000000 		.4byte	.LVL29
 1578 0101 B6000000 		.4byte	.LVL31
 1579 0105 0100     		.2byte	0x1
 1580 0107 54       		.byte	0x54
 1581 0108 B8000000 		.4byte	.LVL32
 1582 010c 2A010000 		.4byte	.LVL36
 1583 0110 0100     		.2byte	0x1
 1584 0112 54       		.byte	0x54
 1585 0113 00000000 		.4byte	0
 1586 0117 00000000 		.4byte	0
 1587              	.LLST8:
 1588 011b 98000000 		.4byte	.LVL29
 1589 011f B6000000 		.4byte	.LVL31
 1590 0123 0B00     		.2byte	0xb
 1591 0125 74       		.byte	0x74
 1592 0126 00       		.sleb128 0
 1593 0127 36       		.byte	0x36
 1594 0128 1E       		.byte	0x1e
 1595 0129 03       		.byte	0x3
 1596 012a 00000000 		.4byte	cfg_memset_list.4876
 1597 012e 22       		.byte	0x22
 1598 012f 9F       		.byte	0x9f
 1599 0130 B6000000 		.4byte	.LVL31
 1600 0134 B8000000 		.4byte	.LVL32
 1601 0138 0B00     		.2byte	0xb
 1602 013a 74       		.byte	0x74
 1603 013b 7F       		.sleb128 -1
 1604 013c 36       		.byte	0x36
 1605 013d 1E       		.byte	0x1e
 1606 013e 03       		.byte	0x3
 1607 013f 00000000 		.4byte	cfg_memset_list.4876
 1608 0143 22       		.byte	0x22
 1609 0144 9F       		.byte	0x9f
 1610 0145 00000000 		.4byte	0
 1611 0149 00000000 		.4byte	0
 1612              		.section	.debug_aranges,"",%progbits
 1613 0000 44000000 		.4byte	0x44
 1614 0004 0200     		.2byte	0x2
 1615 0006 00000000 		.4byte	.Ldebug_info0
 1616 000a 04       		.byte	0x4
 1617 000b 00       		.byte	0
 1618 000c 0000     		.2byte	0
ARM GAS  C:\Users\srhi\AppData\Local\Temp\ccCOwwFb.s 			page 37


 1619 000e 0000     		.2byte	0
 1620 0010 00000000 		.4byte	.LFB3
 1621 0014 32000000 		.4byte	.LFE3-.LFB3
 1622 0018 00000000 		.4byte	.LFB0
 1623 001c 0C000000 		.4byte	.LFE0-.LFB0
 1624 0020 00000000 		.4byte	.LFB4
 1625 0024 90000000 		.4byte	.LFE4-.LFB4
 1626 0028 00000000 		.4byte	.LFB6
 1627 002c 40000000 		.4byte	.LFE6-.LFB6
 1628 0030 00000000 		.4byte	.LFB5
 1629 0034 0A000000 		.4byte	.LFE5-.LFB5
 1630 0038 90000000 		.4byte	.LFB7
 1631 003c D0000000 		.4byte	.LFE7-.LFB7
 1632 0040 00000000 		.4byte	0
 1633 0044 00000000 		.4byte	0
 1634              		.section	.debug_ranges,"",%progbits
 1635              	.Ldebug_ranges0:
 1636 0000 00000000 		.4byte	.LFB3
 1637 0004 32000000 		.4byte	.LFE3
 1638 0008 00000000 		.4byte	.LFB0
 1639 000c 0C000000 		.4byte	.LFE0
 1640 0010 00000000 		.4byte	.LFB4
 1641 0014 90000000 		.4byte	.LFE4
 1642 0018 00000000 		.4byte	.LFB6
 1643 001c 40000000 		.4byte	.LFE6
 1644 0020 00000000 		.4byte	.LFB5
 1645 0024 0A000000 		.4byte	.LFE5
 1646 0028 90000000 		.4byte	.LFB7
 1647 002c 60010000 		.4byte	.LFE7
 1648 0030 00000000 		.4byte	0
 1649 0034 00000000 		.4byte	0
 1650              		.section	.debug_line,"",%progbits
 1651              	.Ldebug_line0:
 1652 0000 8C010000 		.section	.debug_str,"MS",%progbits,1
 1652      0200D600 
 1652      00000201 
 1652      FB0E0D00 
 1652      01010101 
 1653              	.LASF19:
 1654 0000 72656733 		.ascii	"reg32\000"
 1654      3200
 1655              	.LASF12:
 1656 0006 73697A65 		.ascii	"size_t\000"
 1656      5F7400
 1657              	.LASF32:
 1658 000d 416E616C 		.ascii	"AnalogSetDefault\000"
 1658      6F675365 
 1658      74446566 
 1658      61756C74 
 1658      00
 1659              	.LASF42:
 1660 001e 4379496E 		.ascii	"CyIntSetVector\000"
 1660      74536574 
 1660      56656374 
 1660      6F7200
 1661              	.LASF21:
 1662 002d 76616C75 		.ascii	"value\000"
ARM GAS  C:\Users\srhi\AppData\Local\Temp\ccCOwwFb.s 			page 38


 1662      6500
 1663              	.LASF26:
 1664 0033 636F756E 		.ascii	"count\000"
 1664      7400
 1665              	.LASF29:
 1666 0039 436C6F63 		.ascii	"ClockSetup\000"
 1666      6B536574 
 1666      757000
 1667              	.LASF35:
 1668 0044 63795F63 		.ascii	"cy_cfg_addr_table\000"
 1668      66675F61 
 1668      6464725F 
 1668      7461626C 
 1668      6500
 1669              	.LASF36:
 1670 0056 63795F63 		.ascii	"cy_cfg_data_table\000"
 1670      66675F64 
 1670      6174615F 
 1670      7461626C 
 1670      6500
 1671              	.LASF16:
 1672 0068 666C6F61 		.ascii	"float\000"
 1672      7400
 1673              	.LASF46:
 1674 006e 433A5C55 		.ascii	"C:\\Users\\srhi\\Desktop\\PSOC\\L10_Capsense.cydsn\000"
 1674      73657273 
 1674      5C737268 
 1674      695C4465 
 1674      736B746F 
 1675              	.LASF40:
 1676 009c 6366675F 		.ascii	"cfg_memset_list\000"
 1676      6D656D73 
 1676      65745F6C 
 1676      69737400 
 1677              	.LASF38:
 1678 00ac 73697A65 		.ascii	"size\000"
 1678      00
 1679              	.LASF18:
 1680 00b1 72656738 		.ascii	"reg8\000"
 1680      00
 1681              	.LASF8:
 1682 00b6 6C6F6E67 		.ascii	"long unsigned int\000"
 1682      20756E73 
 1682      69676E65 
 1682      6420696E 
 1682      7400
 1683              	.LASF13:
 1684 00c8 75696E74 		.ascii	"uint8\000"
 1684      3800
 1685              	.LASF28:
 1686 00ce 43594D45 		.ascii	"CYMEMZERO\000"
 1686      4D5A4552 
 1686      4F00
 1687              	.LASF33:
 1688 00d8 53657441 		.ascii	"SetAnalogRoutingPumps\000"
 1688      6E616C6F 
 1688      67526F75 
ARM GAS  C:\Users\srhi\AppData\Local\Temp\ccCOwwFb.s 			page 39


 1688      74696E67 
 1688      50756D70 
 1689              	.LASF4:
 1690 00ee 756E7369 		.ascii	"unsigned char\000"
 1690      676E6564 
 1690      20636861 
 1690      7200
 1691              	.LASF47:
 1692 00fc 6D656D73 		.ascii	"memset\000"
 1692      657400
 1693              	.LASF17:
 1694 0103 646F7562 		.ascii	"double\000"
 1694      6C6500
 1695              	.LASF27:
 1696 010a 6366675F 		.ascii	"cfg_write_bytes32\000"
 1696      77726974 
 1696      655F6279 
 1696      74657333 
 1696      3200
 1697              	.LASF43:
 1698 011c 4379496E 		.ascii	"CyIntEnable\000"
 1698      74456E61 
 1698      626C6500 
 1699              	.LASF23:
 1700 0128 61646472 		.ascii	"addr_table\000"
 1700      5F746162 
 1700      6C6500
 1701              	.LASF14:
 1702 0133 75696E74 		.ascii	"uint16\000"
 1702      313600
 1703              	.LASF24:
 1704 013a 64617461 		.ascii	"data_table\000"
 1704      5F746162 
 1704      6C6500
 1705              	.LASF15:
 1706 0145 75696E74 		.ascii	"uint32\000"
 1706      333200
 1707              	.LASF0:
 1708 014c 756E7369 		.ascii	"unsigned int\000"
 1708      676E6564 
 1708      20696E74 
 1708      00
 1709              	.LASF34:
 1710 0159 63796669 		.ascii	"cyfitter_cfg\000"
 1710      74746572 
 1710      5F636667 
 1710      00
 1711              	.LASF37:
 1712 0166 61646472 		.ascii	"address\000"
 1712      65737300 
 1713              	.LASF9:
 1714 016e 6C6F6E67 		.ascii	"long long unsigned int\000"
 1714      206C6F6E 
 1714      6720756E 
 1714      7369676E 
 1714      65642069 
 1715              	.LASF44:
ARM GAS  C:\Users\srhi\AppData\Local\Temp\ccCOwwFb.s 			page 40


 1716 0185 474E5520 		.ascii	"GNU C11 5.4.1 20160609 (release) [ARM/embedded-5-br"
 1716      43313120 
 1716      352E342E 
 1716      31203230 
 1716      31363036 
 1717 01b8 616E6368 		.ascii	"anch revision 237715] -mcpu=cortex-m0 -mthumb -g -O"
 1717      20726576 
 1717      6973696F 
 1717      6E203233 
 1717      37373135 
 1718 01eb 67202D66 		.ascii	"g -ffunction-sections -ffat-lto-objects\000"
 1718      66756E63 
 1718      74696F6E 
 1718      2D736563 
 1718      74696F6E 
 1719              	.LASF39:
 1720 0213 6366675F 		.ascii	"cfg_memset_t\000"
 1720      6D656D73 
 1720      65745F74 
 1720      00
 1721              	.LASF25:
 1722 0220 62617365 		.ascii	"baseAddr\000"
 1722      41646472 
 1722      00
 1723              	.LASF10:
 1724 0229 73697A65 		.ascii	"sizetype\000"
 1724      74797065 
 1724      00
 1725              	.LASF6:
 1726 0232 73686F72 		.ascii	"short unsigned int\000"
 1726      7420756E 
 1726      7369676E 
 1726      65642069 
 1726      6E7400
 1727              	.LASF1:
 1728 0245 6C6F6E67 		.ascii	"long long int\000"
 1728      206C6F6E 
 1728      6720696E 
 1728      7400
 1729              	.LASF11:
 1730 0253 63686172 		.ascii	"char\000"
 1730      00
 1731              	.LASF22:
 1732 0258 63795F63 		.ascii	"cy_cfg_addrvalue_t\000"
 1732      66675F61 
 1732      64647276 
 1732      616C7565 
 1732      5F7400
 1733              	.LASF20:
 1734 026b 6F666673 		.ascii	"offset\000"
 1734      657400
 1735              	.LASF30:
 1736 0272 656E6162 		.ascii	"enabled\000"
 1736      6C656400 
 1737              	.LASF5:
 1738 027a 73686F72 		.ascii	"short int\000"
 1738      7420696E 
ARM GAS  C:\Users\srhi\AppData\Local\Temp\ccCOwwFb.s 			page 41


 1738      7400
 1739              	.LASF41:
 1740 0284 43795379 		.ascii	"CySysClkWriteImoFreq\000"
 1740      73436C6B 
 1740      57726974 
 1740      65496D6F 
 1740      46726571 
 1741              	.LASF7:
 1742 0299 6C6F6E67 		.ascii	"long int\000"
 1742      20696E74 
 1742      00
 1743              	.LASF2:
 1744 02a2 6C6F6E67 		.ascii	"long double\000"
 1744      20646F75 
 1744      626C6500 
 1745              	.LASF3:
 1746 02ae 7369676E 		.ascii	"signed char\000"
 1746      65642063 
 1746      68617200 
 1747              	.LASF45:
 1748 02ba 47656E65 		.ascii	"Generated_Source\\PSoC4\\cyfitter_cfg.c\000"
 1748      72617465 
 1748      645F536F 
 1748      75726365 
 1748      5C50536F 
 1749              	.LASF31:
 1750 02e0 72656756 		.ascii	"regValue\000"
 1750      616C7565 
 1750      00
 1751              		.ident	"GCC: (GNU Tools for ARM Embedded Processors) 5.4.1 20160609 (release) [ARM/embedded-5-bran
