ARM GAS  C:\Users\Shashwat\AppData\Local\Temp\cczDx9zg.s 			page 1


   1              		.syntax unified
   2              		.cpu cortex-m0
   3              		.fpu softvfp
   4              		.eabi_attribute 20, 1
   5              		.eabi_attribute 21, 1
   6              		.eabi_attribute 23, 3
   7              		.eabi_attribute 24, 1
   8              		.eabi_attribute 25, 1
   9              		.eabi_attribute 26, 1
  10              		.eabi_attribute 30, 1
  11              		.eabi_attribute 34, 0
  12              		.eabi_attribute 18, 4
  13              		.thumb
  14              		.syntax unified
  15              		.file	"cyfitter_cfg.c"
  16              		.text
  17              	.Ltext0:
  18              		.cfi_sections	.debug_frame
  19              		.section	.text.cfg_write_bytes32,"ax",%progbits
  20              		.align	2
  21              		.code	16
  22              		.thumb_func
  23              		.type	cfg_write_bytes32, %function
  24              	cfg_write_bytes32:
  25              	.LFB3:
  26              		.file 1 "Generated_Source\\PSoC4\\cyfitter_cfg.c"
   1:Generated_Source\PSoC4/cyfitter_cfg.c **** 
   2:Generated_Source\PSoC4/cyfitter_cfg.c **** /*******************************************************************************
   3:Generated_Source\PSoC4/cyfitter_cfg.c **** * File Name: cyfitter_cfg.c
   4:Generated_Source\PSoC4/cyfitter_cfg.c **** * 
   5:Generated_Source\PSoC4/cyfitter_cfg.c **** * PSoC Creator  4.2
   6:Generated_Source\PSoC4/cyfitter_cfg.c **** *
   7:Generated_Source\PSoC4/cyfitter_cfg.c **** * Description:
   8:Generated_Source\PSoC4/cyfitter_cfg.c **** * This file contains device initialization code.
   9:Generated_Source\PSoC4/cyfitter_cfg.c **** * Except for the user defined sections in CyClockStartupError(), this file should not be modified.
  10:Generated_Source\PSoC4/cyfitter_cfg.c **** * This file is automatically generated by PSoC Creator.
  11:Generated_Source\PSoC4/cyfitter_cfg.c **** *
  12:Generated_Source\PSoC4/cyfitter_cfg.c **** ********************************************************************************
  13:Generated_Source\PSoC4/cyfitter_cfg.c **** * Copyright (c) 2007-2018 Cypress Semiconductor.  All rights reserved.
  14:Generated_Source\PSoC4/cyfitter_cfg.c **** * You may use this file only in accordance with the license, terms, conditions, 
  15:Generated_Source\PSoC4/cyfitter_cfg.c **** * disclaimers, and limitations in the end user license agreement accompanying 
  16:Generated_Source\PSoC4/cyfitter_cfg.c **** * the software package with which this file was provided.
  17:Generated_Source\PSoC4/cyfitter_cfg.c **** ********************************************************************************/
  18:Generated_Source\PSoC4/cyfitter_cfg.c **** 
  19:Generated_Source\PSoC4/cyfitter_cfg.c **** #include <string.h>
  20:Generated_Source\PSoC4/cyfitter_cfg.c **** #include "cytypes.h"
  21:Generated_Source\PSoC4/cyfitter_cfg.c **** #include "cydevice_trm.h"
  22:Generated_Source\PSoC4/cyfitter_cfg.c **** #include "cyfitter.h"
  23:Generated_Source\PSoC4/cyfitter_cfg.c **** #include "CyLib.h"
  24:Generated_Source\PSoC4/cyfitter_cfg.c **** #include "CyLFClk.h"
  25:Generated_Source\PSoC4/cyfitter_cfg.c **** #include "cyfitter_cfg.h"
  26:Generated_Source\PSoC4/cyfitter_cfg.c **** #include "cyapicallbacks.h"
  27:Generated_Source\PSoC4/cyfitter_cfg.c **** 
  28:Generated_Source\PSoC4/cyfitter_cfg.c **** 
  29:Generated_Source\PSoC4/cyfitter_cfg.c **** #if defined(__GNUC__) || defined(__ARMCC_VERSION)
  30:Generated_Source\PSoC4/cyfitter_cfg.c ****     #define CYPACKED 
  31:Generated_Source\PSoC4/cyfitter_cfg.c ****     #define CYPACKED_ATTR __attribute__ ((packed))
ARM GAS  C:\Users\Shashwat\AppData\Local\Temp\cczDx9zg.s 			page 2


  32:Generated_Source\PSoC4/cyfitter_cfg.c ****     #define CYALIGNED __attribute__ ((aligned))
  33:Generated_Source\PSoC4/cyfitter_cfg.c ****     #define CY_CFG_UNUSED __attribute__ ((unused))
  34:Generated_Source\PSoC4/cyfitter_cfg.c ****     #ifndef CY_CFG_SECTION
  35:Generated_Source\PSoC4/cyfitter_cfg.c ****         #define CY_CFG_SECTION __attribute__ ((section(".psocinit")))
  36:Generated_Source\PSoC4/cyfitter_cfg.c ****     #endif
  37:Generated_Source\PSoC4/cyfitter_cfg.c ****     
  38:Generated_Source\PSoC4/cyfitter_cfg.c ****     #if defined(__ARMCC_VERSION)
  39:Generated_Source\PSoC4/cyfitter_cfg.c ****         #define CY_CFG_MEMORY_BARRIER() __memory_changed()
  40:Generated_Source\PSoC4/cyfitter_cfg.c ****     #else
  41:Generated_Source\PSoC4/cyfitter_cfg.c ****         #define CY_CFG_MEMORY_BARRIER() __sync_synchronize()
  42:Generated_Source\PSoC4/cyfitter_cfg.c ****     #endif
  43:Generated_Source\PSoC4/cyfitter_cfg.c ****     
  44:Generated_Source\PSoC4/cyfitter_cfg.c **** #elif defined(__ICCARM__)
  45:Generated_Source\PSoC4/cyfitter_cfg.c ****     #include <intrinsics.h>
  46:Generated_Source\PSoC4/cyfitter_cfg.c **** 
  47:Generated_Source\PSoC4/cyfitter_cfg.c ****     #define CYPACKED __packed
  48:Generated_Source\PSoC4/cyfitter_cfg.c ****     #define CYPACKED_ATTR 
  49:Generated_Source\PSoC4/cyfitter_cfg.c ****     #define CYALIGNED _Pragma("data_alignment=4")
  50:Generated_Source\PSoC4/cyfitter_cfg.c ****     #define CY_CFG_UNUSED _Pragma("diag_suppress=Pe177")
  51:Generated_Source\PSoC4/cyfitter_cfg.c ****     #define CY_CFG_SECTION _Pragma("location=\".psocinit\"")
  52:Generated_Source\PSoC4/cyfitter_cfg.c ****     
  53:Generated_Source\PSoC4/cyfitter_cfg.c ****     #define CY_CFG_MEMORY_BARRIER() __DMB()
  54:Generated_Source\PSoC4/cyfitter_cfg.c ****     
  55:Generated_Source\PSoC4/cyfitter_cfg.c **** #else
  56:Generated_Source\PSoC4/cyfitter_cfg.c ****     #error Unsupported toolchain
  57:Generated_Source\PSoC4/cyfitter_cfg.c **** #endif
  58:Generated_Source\PSoC4/cyfitter_cfg.c **** 
  59:Generated_Source\PSoC4/cyfitter_cfg.c **** #ifndef CYCODE
  60:Generated_Source\PSoC4/cyfitter_cfg.c ****     #define CYCODE
  61:Generated_Source\PSoC4/cyfitter_cfg.c **** #endif
  62:Generated_Source\PSoC4/cyfitter_cfg.c **** #ifndef CYDATA
  63:Generated_Source\PSoC4/cyfitter_cfg.c ****     #define CYDATA
  64:Generated_Source\PSoC4/cyfitter_cfg.c **** #endif
  65:Generated_Source\PSoC4/cyfitter_cfg.c **** #ifndef CYFAR
  66:Generated_Source\PSoC4/cyfitter_cfg.c ****     #define CYFAR
  67:Generated_Source\PSoC4/cyfitter_cfg.c **** #endif
  68:Generated_Source\PSoC4/cyfitter_cfg.c **** #ifndef CYXDATA
  69:Generated_Source\PSoC4/cyfitter_cfg.c ****     #define CYXDATA
  70:Generated_Source\PSoC4/cyfitter_cfg.c **** #endif
  71:Generated_Source\PSoC4/cyfitter_cfg.c **** 
  72:Generated_Source\PSoC4/cyfitter_cfg.c **** 
  73:Generated_Source\PSoC4/cyfitter_cfg.c **** CY_CFG_UNUSED
  74:Generated_Source\PSoC4/cyfitter_cfg.c **** static void CYMEMZERO(void *s, size_t n);
  75:Generated_Source\PSoC4/cyfitter_cfg.c **** CY_CFG_UNUSED
  76:Generated_Source\PSoC4/cyfitter_cfg.c **** static void CYMEMZERO(void *s, size_t n)
  77:Generated_Source\PSoC4/cyfitter_cfg.c **** {
  78:Generated_Source\PSoC4/cyfitter_cfg.c **** 	(void)memset(s, 0, n);
  79:Generated_Source\PSoC4/cyfitter_cfg.c **** }
  80:Generated_Source\PSoC4/cyfitter_cfg.c **** CY_CFG_UNUSED
  81:Generated_Source\PSoC4/cyfitter_cfg.c **** static void CYCONFIGCPY(void *dest, const void *src, size_t n);
  82:Generated_Source\PSoC4/cyfitter_cfg.c **** CY_CFG_UNUSED
  83:Generated_Source\PSoC4/cyfitter_cfg.c **** static void CYCONFIGCPY(void *dest, const void *src, size_t n)
  84:Generated_Source\PSoC4/cyfitter_cfg.c **** {
  85:Generated_Source\PSoC4/cyfitter_cfg.c **** 	(void)memcpy(dest, src, n);
  86:Generated_Source\PSoC4/cyfitter_cfg.c **** }
  87:Generated_Source\PSoC4/cyfitter_cfg.c **** CY_CFG_UNUSED
  88:Generated_Source\PSoC4/cyfitter_cfg.c **** static void CYCONFIGCPYCODE(void *dest, const void *src, size_t n);
ARM GAS  C:\Users\Shashwat\AppData\Local\Temp\cczDx9zg.s 			page 3


  89:Generated_Source\PSoC4/cyfitter_cfg.c **** CY_CFG_UNUSED
  90:Generated_Source\PSoC4/cyfitter_cfg.c **** static void CYCONFIGCPYCODE(void *dest, const void *src, size_t n)
  91:Generated_Source\PSoC4/cyfitter_cfg.c **** {
  92:Generated_Source\PSoC4/cyfitter_cfg.c **** 	(void)memcpy(dest, src, n);
  93:Generated_Source\PSoC4/cyfitter_cfg.c **** }
  94:Generated_Source\PSoC4/cyfitter_cfg.c **** 
  95:Generated_Source\PSoC4/cyfitter_cfg.c **** 
  96:Generated_Source\PSoC4/cyfitter_cfg.c **** 
  97:Generated_Source\PSoC4/cyfitter_cfg.c **** 
  98:Generated_Source\PSoC4/cyfitter_cfg.c **** /* Clock startup error codes                                                   */
  99:Generated_Source\PSoC4/cyfitter_cfg.c **** #define CYCLOCKSTART_NO_ERROR    0u
 100:Generated_Source\PSoC4/cyfitter_cfg.c **** #define CYCLOCKSTART_XTAL_ERROR  1u
 101:Generated_Source\PSoC4/cyfitter_cfg.c **** #define CYCLOCKSTART_32KHZ_ERROR 2u
 102:Generated_Source\PSoC4/cyfitter_cfg.c **** #define CYCLOCKSTART_PLL_ERROR   3u
 103:Generated_Source\PSoC4/cyfitter_cfg.c **** #define CYCLOCKSTART_FLL_ERROR   4u
 104:Generated_Source\PSoC4/cyfitter_cfg.c **** #define CYCLOCKSTART_WCO_ERROR   5u
 105:Generated_Source\PSoC4/cyfitter_cfg.c **** 
 106:Generated_Source\PSoC4/cyfitter_cfg.c **** 
 107:Generated_Source\PSoC4/cyfitter_cfg.c **** #ifdef CY_NEED_CYCLOCKSTARTUPERROR
 108:Generated_Source\PSoC4/cyfitter_cfg.c **** /*******************************************************************************
 109:Generated_Source\PSoC4/cyfitter_cfg.c **** * Function Name: CyClockStartupError
 110:Generated_Source\PSoC4/cyfitter_cfg.c **** ********************************************************************************
 111:Generated_Source\PSoC4/cyfitter_cfg.c **** * Summary:
 112:Generated_Source\PSoC4/cyfitter_cfg.c **** *  If an error is encountered during clock configuration (crystal startup error,
 113:Generated_Source\PSoC4/cyfitter_cfg.c **** *  PLL lock error, etc.), the system will end up here.  Unless reimplemented by
 114:Generated_Source\PSoC4/cyfitter_cfg.c **** *  the customer, this function will stop in an infinite loop.
 115:Generated_Source\PSoC4/cyfitter_cfg.c **** *
 116:Generated_Source\PSoC4/cyfitter_cfg.c **** * Parameters:
 117:Generated_Source\PSoC4/cyfitter_cfg.c **** *   void
 118:Generated_Source\PSoC4/cyfitter_cfg.c **** *
 119:Generated_Source\PSoC4/cyfitter_cfg.c **** * Return:
 120:Generated_Source\PSoC4/cyfitter_cfg.c **** *   void
 121:Generated_Source\PSoC4/cyfitter_cfg.c **** *
 122:Generated_Source\PSoC4/cyfitter_cfg.c **** *******************************************************************************/
 123:Generated_Source\PSoC4/cyfitter_cfg.c **** CY_CFG_UNUSED
 124:Generated_Source\PSoC4/cyfitter_cfg.c **** static void CyClockStartupError(uint8 errorCode);
 125:Generated_Source\PSoC4/cyfitter_cfg.c **** CY_CFG_UNUSED
 126:Generated_Source\PSoC4/cyfitter_cfg.c **** static void CyClockStartupError(uint8 errorCode)
 127:Generated_Source\PSoC4/cyfitter_cfg.c **** {
 128:Generated_Source\PSoC4/cyfitter_cfg.c ****     /* To remove the compiler warning if errorCode not used.                */
 129:Generated_Source\PSoC4/cyfitter_cfg.c ****     errorCode = errorCode;
 130:Generated_Source\PSoC4/cyfitter_cfg.c **** 
 131:Generated_Source\PSoC4/cyfitter_cfg.c ****     /* If we have a clock startup error (bad MHz crystal, PLL lock, etc.),  */
 132:Generated_Source\PSoC4/cyfitter_cfg.c ****     /* we will end up here to allow the customer to implement something to  */
 133:Generated_Source\PSoC4/cyfitter_cfg.c ****     /* deal with the clock condition.                                       */
 134:Generated_Source\PSoC4/cyfitter_cfg.c **** 
 135:Generated_Source\PSoC4/cyfitter_cfg.c **** #ifdef CY_CFG_CLOCK_STARTUP_ERROR_CALLBACK
 136:Generated_Source\PSoC4/cyfitter_cfg.c ****     CY_CFG_Clock_Startup_ErrorCallback();
 137:Generated_Source\PSoC4/cyfitter_cfg.c **** #else
 138:Generated_Source\PSoC4/cyfitter_cfg.c ****     /*  If not using CY_CFG_CLOCK_STARTUP_ERROR_CALLBACK, place your clock startup code here. */
 139:Generated_Source\PSoC4/cyfitter_cfg.c ****     /* `#START CyClockStartupError` */
 140:Generated_Source\PSoC4/cyfitter_cfg.c **** 
 141:Generated_Source\PSoC4/cyfitter_cfg.c **** 
 142:Generated_Source\PSoC4/cyfitter_cfg.c **** 
 143:Generated_Source\PSoC4/cyfitter_cfg.c ****     /* `#END` */
 144:Generated_Source\PSoC4/cyfitter_cfg.c **** 
 145:Generated_Source\PSoC4/cyfitter_cfg.c ****     while(1) {}
ARM GAS  C:\Users\Shashwat\AppData\Local\Temp\cczDx9zg.s 			page 4


 146:Generated_Source\PSoC4/cyfitter_cfg.c **** #endif /* CY_CFG_CLOCK_STARTUP_ERROR_CALLBACK */
 147:Generated_Source\PSoC4/cyfitter_cfg.c **** }
 148:Generated_Source\PSoC4/cyfitter_cfg.c **** #endif
 149:Generated_Source\PSoC4/cyfitter_cfg.c **** 
 150:Generated_Source\PSoC4/cyfitter_cfg.c **** #define CY_CFG_BASE_ADDR_COUNT 6u
 151:Generated_Source\PSoC4/cyfitter_cfg.c **** CYPACKED typedef struct
 152:Generated_Source\PSoC4/cyfitter_cfg.c **** {
 153:Generated_Source\PSoC4/cyfitter_cfg.c **** 	uint8 offset;
 154:Generated_Source\PSoC4/cyfitter_cfg.c **** 	uint8 value;
 155:Generated_Source\PSoC4/cyfitter_cfg.c **** } CYPACKED_ATTR cy_cfg_addrvalue_t;
 156:Generated_Source\PSoC4/cyfitter_cfg.c **** 
 157:Generated_Source\PSoC4/cyfitter_cfg.c **** 
 158:Generated_Source\PSoC4/cyfitter_cfg.c **** 
 159:Generated_Source\PSoC4/cyfitter_cfg.c **** /*******************************************************************************
 160:Generated_Source\PSoC4/cyfitter_cfg.c **** * Function Name: cfg_write_bytes32
 161:Generated_Source\PSoC4/cyfitter_cfg.c **** ********************************************************************************
 162:Generated_Source\PSoC4/cyfitter_cfg.c **** * Summary:
 163:Generated_Source\PSoC4/cyfitter_cfg.c **** *  This function is used for setting up the chip configuration areas that
 164:Generated_Source\PSoC4/cyfitter_cfg.c **** *  contain relatively sparse data.
 165:Generated_Source\PSoC4/cyfitter_cfg.c **** *
 166:Generated_Source\PSoC4/cyfitter_cfg.c **** * Parameters:
 167:Generated_Source\PSoC4/cyfitter_cfg.c **** *   void
 168:Generated_Source\PSoC4/cyfitter_cfg.c **** *
 169:Generated_Source\PSoC4/cyfitter_cfg.c **** * Return:
 170:Generated_Source\PSoC4/cyfitter_cfg.c **** *   void
 171:Generated_Source\PSoC4/cyfitter_cfg.c **** *
 172:Generated_Source\PSoC4/cyfitter_cfg.c **** *******************************************************************************/
 173:Generated_Source\PSoC4/cyfitter_cfg.c **** static void cfg_write_bytes32(const uint32 addr_table[], const cy_cfg_addrvalue_t data_table[]);
 174:Generated_Source\PSoC4/cyfitter_cfg.c **** static void cfg_write_bytes32(const uint32 addr_table[], const cy_cfg_addrvalue_t data_table[])
 175:Generated_Source\PSoC4/cyfitter_cfg.c **** {
  27              		.loc 1 175 0
  28              		.cfi_startproc
  29              		@ args = 0, pretend = 0, frame = 0
  30              		@ frame_needed = 0, uses_anonymous_args = 0
  31              	.LVL0:
  32 0000 F0B5     		push	{r4, r5, r6, r7, lr}
  33              		.cfi_def_cfa_offset 20
  34              		.cfi_offset 4, -20
  35              		.cfi_offset 5, -16
  36              		.cfi_offset 6, -12
  37              		.cfi_offset 7, -8
  38              		.cfi_offset 14, -4
  39              	.LVL1:
 176:Generated_Source\PSoC4/cyfitter_cfg.c **** 	/* For 32-bit little-endian architectures */
 177:Generated_Source\PSoC4/cyfitter_cfg.c **** 	uint32 i, j = 0u;
  40              		.loc 1 177 0
  41 0002 0025     		movs	r5, #0
 178:Generated_Source\PSoC4/cyfitter_cfg.c **** 	for (i = 0u; i < CY_CFG_BASE_ADDR_COUNT; i++)
  42              		.loc 1 178 0
  43 0004 0027     		movs	r7, #0
  44 0006 11E0     		b	.L2
  45              	.LVL2:
  46              	.L5:
  47              	.LBB2:
 179:Generated_Source\PSoC4/cyfitter_cfg.c **** 	{
 180:Generated_Source\PSoC4/cyfitter_cfg.c **** 		uint32 baseAddr = addr_table[i];
  48              		.loc 1 180 0
ARM GAS  C:\Users\Shashwat\AppData\Local\Temp\cczDx9zg.s 			page 5


  49 0008 BB00     		lsls	r3, r7, #2
  50 000a C658     		ldr	r6, [r0, r3]
  51              	.LVL3:
 181:Generated_Source\PSoC4/cyfitter_cfg.c **** 		uint8 count = (uint8)baseAddr;
  52              		.loc 1 181 0
  53 000c F3B2     		uxtb	r3, r6
  54              	.LVL4:
 182:Generated_Source\PSoC4/cyfitter_cfg.c **** 		baseAddr &= 0xFFFFFF00u;
  55              		.loc 1 182 0
  56 000e FF22     		movs	r2, #255
  57 0010 9643     		bics	r6, r2
  58              	.LVL5:
 183:Generated_Source\PSoC4/cyfitter_cfg.c **** 		while (count != 0u)
  59              		.loc 1 183 0
  60 0012 08E0     		b	.L3
  61              	.L4:
 184:Generated_Source\PSoC4/cyfitter_cfg.c **** 		{
 185:Generated_Source\PSoC4/cyfitter_cfg.c **** 			CY_SET_REG8((void *)(baseAddr + data_table[j].offset), data_table[j].value);
  62              		.loc 1 185 0
  63 0014 6A00     		lsls	r2, r5, #1
  64 0016 8A18     		adds	r2, r1, r2
  65 0018 1478     		ldrb	r4, [r2]
  66 001a A419     		adds	r4, r4, r6
  67 001c 5278     		ldrb	r2, [r2, #1]
  68 001e 2270     		strb	r2, [r4]
 186:Generated_Source\PSoC4/cyfitter_cfg.c **** 			j++;
  69              		.loc 1 186 0
  70 0020 0135     		adds	r5, r5, #1
  71              	.LVL6:
 187:Generated_Source\PSoC4/cyfitter_cfg.c **** 			count--;
  72              		.loc 1 187 0
  73 0022 013B     		subs	r3, r3, #1
  74              	.LVL7:
  75 0024 DBB2     		uxtb	r3, r3
  76              	.LVL8:
  77              	.L3:
 183:Generated_Source\PSoC4/cyfitter_cfg.c **** 		{
  78              		.loc 1 183 0
  79 0026 002B     		cmp	r3, #0
  80 0028 F4D1     		bne	.L4
  81              	.LBE2:
 178:Generated_Source\PSoC4/cyfitter_cfg.c **** 	{
  82              		.loc 1 178 0 discriminator 2
  83 002a 0137     		adds	r7, r7, #1
  84              	.LVL9:
  85              	.L2:
 178:Generated_Source\PSoC4/cyfitter_cfg.c **** 	{
  86              		.loc 1 178 0 is_stmt 0 discriminator 1
  87 002c 052F     		cmp	r7, #5
  88 002e EBD9     		bls	.L5
 188:Generated_Source\PSoC4/cyfitter_cfg.c **** 		}
 189:Generated_Source\PSoC4/cyfitter_cfg.c **** 	}
 190:Generated_Source\PSoC4/cyfitter_cfg.c **** }
  89              		.loc 1 190 0 is_stmt 1
  90              		@ sp needed
  91              	.LVL10:
  92              	.LVL11:
ARM GAS  C:\Users\Shashwat\AppData\Local\Temp\cczDx9zg.s 			page 6


  93 0030 F0BD     		pop	{r4, r5, r6, r7, pc}
  94              		.cfi_endproc
  95              	.LFE3:
  96              		.size	cfg_write_bytes32, .-cfg_write_bytes32
  97 0032 C046     		.section	.text.CYMEMZERO,"ax",%progbits
  98              		.align	2
  99              		.code	16
 100              		.thumb_func
 101              		.type	CYMEMZERO, %function
 102              	CYMEMZERO:
 103              	.LFB0:
  77:Generated_Source\PSoC4/cyfitter_cfg.c **** 	(void)memset(s, 0, n);
 104              		.loc 1 77 0
 105              		.cfi_startproc
 106              		@ args = 0, pretend = 0, frame = 0
 107              		@ frame_needed = 0, uses_anonymous_args = 0
 108              	.LVL12:
 109 0000 10B5     		push	{r4, lr}
 110              		.cfi_def_cfa_offset 8
 111              		.cfi_offset 4, -8
 112              		.cfi_offset 14, -4
 113 0002 0A00     		movs	r2, r1
  78:Generated_Source\PSoC4/cyfitter_cfg.c **** }
 114              		.loc 1 78 0
 115 0004 0021     		movs	r1, #0
 116              	.LVL13:
 117 0006 FFF7FEFF 		bl	memset
 118              	.LVL14:
  79:Generated_Source\PSoC4/cyfitter_cfg.c **** CY_CFG_UNUSED
 119              		.loc 1 79 0
 120              		@ sp needed
 121 000a 10BD     		pop	{r4, pc}
 122              		.cfi_endproc
 123              	.LFE0:
 124              		.size	CYMEMZERO, .-CYMEMZERO
 125              		.section	.psocinit,"ax",%progbits
 126              		.align	2
 127              		.code	16
 128              		.thumb_func
 129              		.type	ClockSetup, %function
 130              	ClockSetup:
 131              	.LFB4:
 191:Generated_Source\PSoC4/cyfitter_cfg.c **** 
 192:Generated_Source\PSoC4/cyfitter_cfg.c **** 
 193:Generated_Source\PSoC4/cyfitter_cfg.c **** /*******************************************************************************
 194:Generated_Source\PSoC4/cyfitter_cfg.c **** * Function Name: ClockSetup
 195:Generated_Source\PSoC4/cyfitter_cfg.c **** ********************************************************************************
 196:Generated_Source\PSoC4/cyfitter_cfg.c **** *
 197:Generated_Source\PSoC4/cyfitter_cfg.c **** * Summary:
 198:Generated_Source\PSoC4/cyfitter_cfg.c **** *   Performs the initialization of all of the clocks in the device based on the
 199:Generated_Source\PSoC4/cyfitter_cfg.c **** *   settings in the Clock tab of the DWR.  This includes enabling the requested
 200:Generated_Source\PSoC4/cyfitter_cfg.c **** *   clocks and setting the necessary dividers to produce the desired frequency. 
 201:Generated_Source\PSoC4/cyfitter_cfg.c **** *
 202:Generated_Source\PSoC4/cyfitter_cfg.c **** * Parameters:
 203:Generated_Source\PSoC4/cyfitter_cfg.c **** *   void
 204:Generated_Source\PSoC4/cyfitter_cfg.c **** *
 205:Generated_Source\PSoC4/cyfitter_cfg.c **** * Return:
ARM GAS  C:\Users\Shashwat\AppData\Local\Temp\cczDx9zg.s 			page 7


 206:Generated_Source\PSoC4/cyfitter_cfg.c **** *   void
 207:Generated_Source\PSoC4/cyfitter_cfg.c **** *
 208:Generated_Source\PSoC4/cyfitter_cfg.c **** *******************************************************************************/
 209:Generated_Source\PSoC4/cyfitter_cfg.c **** static void ClockSetup(void);
 210:Generated_Source\PSoC4/cyfitter_cfg.c **** CY_CFG_SECTION
 211:Generated_Source\PSoC4/cyfitter_cfg.c **** static void ClockSetup(void)
 212:Generated_Source\PSoC4/cyfitter_cfg.c **** {
 132              		.loc 1 212 0
 133              		.cfi_startproc
 134              		@ args = 0, pretend = 0, frame = 0
 135              		@ frame_needed = 0, uses_anonymous_args = 0
 136 0000 70B5     		push	{r4, r5, r6, lr}
 137              		.cfi_def_cfa_offset 16
 138              		.cfi_offset 4, -16
 139              		.cfi_offset 5, -12
 140              		.cfi_offset 6, -8
 141              		.cfi_offset 14, -4
 213:Generated_Source\PSoC4/cyfitter_cfg.c **** 	/* Enable HALF_EN before trimming for the flash accelerator. */
 214:Generated_Source\PSoC4/cyfitter_cfg.c **** 	CY_SET_REG32((void CYXDATA *)(CYREG_CLK_SELECT), (CY_GET_REG32((void *)CYREG_CLK_SELECT) | 0x00040
 142              		.loc 1 214 0
 143 0002 144C     		ldr	r4, .L8
 144 0004 2368     		ldr	r3, [r4]
 145 0006 8022     		movs	r2, #128
 146 0008 D202     		lsls	r2, r2, #11
 147 000a 1343     		orrs	r3, r2
 148 000c 2360     		str	r3, [r4]
 215:Generated_Source\PSoC4/cyfitter_cfg.c **** 
 216:Generated_Source\PSoC4/cyfitter_cfg.c **** 	/* Setup and trim IMO based on desired frequency. */
 217:Generated_Source\PSoC4/cyfitter_cfg.c **** 	CySysClkWriteImoFreq(24u);
 149              		.loc 1 217 0
 150 000e 1820     		movs	r0, #24
 151 0010 FFF7FEFF 		bl	CySysClkWriteImoFreq
 152              	.LVL15:
 218:Generated_Source\PSoC4/cyfitter_cfg.c **** 
 219:Generated_Source\PSoC4/cyfitter_cfg.c **** 	/* Disable HALF_EN since it is not required at this IMO frequency. */
 220:Generated_Source\PSoC4/cyfitter_cfg.c **** 	CY_SET_REG32((void CYXDATA *)(CYREG_CLK_SELECT), (CY_GET_REG32((void *)CYREG_CLK_SELECT) & 0xFFFBF
 153              		.loc 1 220 0
 154 0014 2268     		ldr	r2, [r4]
 155 0016 104B     		ldr	r3, .L8+4
 156 0018 1340     		ands	r3, r2
 157 001a 2360     		str	r3, [r4]
 221:Generated_Source\PSoC4/cyfitter_cfg.c **** 	/* CYDEV_CLK_ILO_CONFIG Starting address: CYDEV_CLK_ILO_CONFIG */
 222:Generated_Source\PSoC4/cyfitter_cfg.c **** 	CY_SET_REG32((void *)(CYREG_CLK_ILO_CONFIG), 0x80000006u);
 158              		.loc 1 222 0
 159 001c 0F4A     		ldr	r2, .L8+8
 160 001e 104B     		ldr	r3, .L8+12
 161 0020 1A60     		str	r2, [r3]
 223:Generated_Source\PSoC4/cyfitter_cfg.c **** 
 224:Generated_Source\PSoC4/cyfitter_cfg.c **** 
 225:Generated_Source\PSoC4/cyfitter_cfg.c **** 	/* CYDEV_CLK_SELECT00 Starting address: CYDEV_CLK_SELECT00 */
 226:Generated_Source\PSoC4/cyfitter_cfg.c **** 	CY_SET_REG32((void *)(CYREG_CLK_SELECT12), 0x00000020u);
 162              		.loc 1 226 0
 163 0022 2022     		movs	r2, #32
 164 0024 0F4B     		ldr	r3, .L8+16
 165 0026 1A60     		str	r2, [r3]
 227:Generated_Source\PSoC4/cyfitter_cfg.c **** 
 228:Generated_Source\PSoC4/cyfitter_cfg.c **** 	/* CYDEV_CLK_IMO_CONFIG Starting address: CYDEV_CLK_IMO_CONFIG */
ARM GAS  C:\Users\Shashwat\AppData\Local\Temp\cczDx9zg.s 			page 8


 229:Generated_Source\PSoC4/cyfitter_cfg.c **** 	CY_SET_REG32((void *)(CYREG_CLK_IMO_CONFIG), 0x80000000u);
 166              		.loc 1 229 0
 167 0028 8022     		movs	r2, #128
 168 002a 1206     		lsls	r2, r2, #24
 169 002c 0E4B     		ldr	r3, .L8+20
 170 002e 1A60     		str	r2, [r3]
 230:Generated_Source\PSoC4/cyfitter_cfg.c **** 
 231:Generated_Source\PSoC4/cyfitter_cfg.c **** 	/* CYDEV_CLK_SELECT Starting address: CYDEV_CLK_SELECT */
 232:Generated_Source\PSoC4/cyfitter_cfg.c **** 	CY_SET_REG32((void *)(CYREG_CLK_SELECT), 0x00000000u);
 171              		.loc 1 232 0
 172 0030 0025     		movs	r5, #0
 173 0032 2560     		str	r5, [r4]
 233:Generated_Source\PSoC4/cyfitter_cfg.c **** 
 234:Generated_Source\PSoC4/cyfitter_cfg.c **** 	/* CYDEV_CLK_DIVIDER_A00 Starting address: CYDEV_CLK_DIVIDER_A00 */
 235:Generated_Source\PSoC4/cyfitter_cfg.c **** 	CY_SET_REG32((void *)(CYREG_CLK_DIVIDER_A00), 0x8000063Fu);
 174              		.loc 1 235 0
 175 0034 0D4A     		ldr	r2, .L8+24
 176 0036 0E4B     		ldr	r3, .L8+28
 177 0038 1A60     		str	r2, [r3]
 236:Generated_Source\PSoC4/cyfitter_cfg.c **** 
 237:Generated_Source\PSoC4/cyfitter_cfg.c **** 	/* CYDEV_CLK_DIVIDER_B00 Starting address: CYDEV_CLK_DIVIDER_B00 */
 238:Generated_Source\PSoC4/cyfitter_cfg.c **** 	CY_SET_REG32((void *)(CYREG_CLK_DIVIDER_B00), 0xC00005DBu);
 178              		.loc 1 238 0
 179 003a 0E4A     		ldr	r2, .L8+32
 180 003c 0E4B     		ldr	r3, .L8+36
 181 003e 1A60     		str	r2, [r3]
 239:Generated_Source\PSoC4/cyfitter_cfg.c **** 
 240:Generated_Source\PSoC4/cyfitter_cfg.c **** 	(void)CyIntSetVector(9u, &CySysWdtIsr);
 182              		.loc 1 240 0
 183 0040 0E49     		ldr	r1, .L8+40
 184 0042 0920     		movs	r0, #9
 185 0044 FFF7FEFF 		bl	CyIntSetVector
 186              	.LVL16:
 241:Generated_Source\PSoC4/cyfitter_cfg.c **** 	CyIntEnable(9u);
 187              		.loc 1 241 0
 188 0048 0920     		movs	r0, #9
 189 004a FFF7FEFF 		bl	CyIntEnable
 190              	.LVL17:
 242:Generated_Source\PSoC4/cyfitter_cfg.c **** 	CY_SET_REG32((void *)(CYREG_WDT_CONFIG), 0x00000000u);
 191              		.loc 1 242 0
 192 004e 0C4B     		ldr	r3, .L8+44
 193 0050 1D60     		str	r5, [r3]
 243:Generated_Source\PSoC4/cyfitter_cfg.c **** }
 194              		.loc 1 243 0
 195              		@ sp needed
 196 0052 70BD     		pop	{r4, r5, r6, pc}
 197              	.L9:
 198              		.align	2
 199              	.L8:
 200 0054 00010B40 		.word	1074462976
 201 0058 FFFFFBFF 		.word	-262145
 202 005c 06000080 		.word	-2147483642
 203 0060 04010B40 		.word	1074462980
 204 0064 30020240 		.word	1073873456
 205 0068 08010B40 		.word	1074462984
 206 006c 3F060080 		.word	-2147482049
 207 0070 00000240 		.word	1073872896
ARM GAS  C:\Users\Shashwat\AppData\Local\Temp\cczDx9zg.s 			page 9


 208 0074 DB0500C0 		.word	-1073740325
 209 0078 40000240 		.word	1073872960
 210 007c 00000000 		.word	CySysWdtIsr
 211 0080 0C020B40 		.word	1074463244
 212              		.cfi_endproc
 213              	.LFE4:
 214              		.size	ClockSetup, .-ClockSetup
 215              		.align	2
 216              		.global	cyfitter_cfg
 217              		.code	16
 218              		.thumb_func
 219              		.type	cyfitter_cfg, %function
 220              	cyfitter_cfg:
 221              	.LFB6:
 244:Generated_Source\PSoC4/cyfitter_cfg.c **** 
 245:Generated_Source\PSoC4/cyfitter_cfg.c **** 
 246:Generated_Source\PSoC4/cyfitter_cfg.c **** /* Analog API Functions */
 247:Generated_Source\PSoC4/cyfitter_cfg.c **** 
 248:Generated_Source\PSoC4/cyfitter_cfg.c **** 
 249:Generated_Source\PSoC4/cyfitter_cfg.c **** /*******************************************************************************
 250:Generated_Source\PSoC4/cyfitter_cfg.c **** * Function Name: AnalogSetDefault
 251:Generated_Source\PSoC4/cyfitter_cfg.c **** ********************************************************************************
 252:Generated_Source\PSoC4/cyfitter_cfg.c **** *
 253:Generated_Source\PSoC4/cyfitter_cfg.c **** * Summary:
 254:Generated_Source\PSoC4/cyfitter_cfg.c **** *  Sets up the analog portions of the chip to default values based on chip
 255:Generated_Source\PSoC4/cyfitter_cfg.c **** *  configuration options from the project.
 256:Generated_Source\PSoC4/cyfitter_cfg.c **** *
 257:Generated_Source\PSoC4/cyfitter_cfg.c **** * Parameters:
 258:Generated_Source\PSoC4/cyfitter_cfg.c **** *  void
 259:Generated_Source\PSoC4/cyfitter_cfg.c **** *
 260:Generated_Source\PSoC4/cyfitter_cfg.c **** * Return:
 261:Generated_Source\PSoC4/cyfitter_cfg.c **** *  void
 262:Generated_Source\PSoC4/cyfitter_cfg.c **** *
 263:Generated_Source\PSoC4/cyfitter_cfg.c **** *******************************************************************************/
 264:Generated_Source\PSoC4/cyfitter_cfg.c **** static void AnalogSetDefault(void);
 265:Generated_Source\PSoC4/cyfitter_cfg.c **** static void AnalogSetDefault(void)
 266:Generated_Source\PSoC4/cyfitter_cfg.c **** {
 267:Generated_Source\PSoC4/cyfitter_cfg.c **** }
 268:Generated_Source\PSoC4/cyfitter_cfg.c **** 
 269:Generated_Source\PSoC4/cyfitter_cfg.c **** 
 270:Generated_Source\PSoC4/cyfitter_cfg.c **** 
 271:Generated_Source\PSoC4/cyfitter_cfg.c **** 
 272:Generated_Source\PSoC4/cyfitter_cfg.c **** /*******************************************************************************
 273:Generated_Source\PSoC4/cyfitter_cfg.c **** * Function Name: cyfitter_cfg
 274:Generated_Source\PSoC4/cyfitter_cfg.c **** ********************************************************************************
 275:Generated_Source\PSoC4/cyfitter_cfg.c **** * Summary:
 276:Generated_Source\PSoC4/cyfitter_cfg.c **** *  This function is called by the start-up code for the selected device. It
 277:Generated_Source\PSoC4/cyfitter_cfg.c **** *  performs all of the necessary device configuration based on the design
 278:Generated_Source\PSoC4/cyfitter_cfg.c **** *  settings.  This includes settings from the Design Wide Resources (DWR) such
 279:Generated_Source\PSoC4/cyfitter_cfg.c **** *  as Clocks and Pins as well as any component configuration that is necessary.
 280:Generated_Source\PSoC4/cyfitter_cfg.c **** *
 281:Generated_Source\PSoC4/cyfitter_cfg.c **** * Parameters:
 282:Generated_Source\PSoC4/cyfitter_cfg.c **** *   void
 283:Generated_Source\PSoC4/cyfitter_cfg.c **** *
 284:Generated_Source\PSoC4/cyfitter_cfg.c **** * Return:
 285:Generated_Source\PSoC4/cyfitter_cfg.c **** *   void
 286:Generated_Source\PSoC4/cyfitter_cfg.c **** *
ARM GAS  C:\Users\Shashwat\AppData\Local\Temp\cczDx9zg.s 			page 10


 287:Generated_Source\PSoC4/cyfitter_cfg.c **** *******************************************************************************/
 288:Generated_Source\PSoC4/cyfitter_cfg.c **** CY_CFG_SECTION
 289:Generated_Source\PSoC4/cyfitter_cfg.c **** void cyfitter_cfg(void)
 290:Generated_Source\PSoC4/cyfitter_cfg.c **** {
 222              		.loc 1 290 0
 223              		.cfi_startproc
 224              		@ args = 0, pretend = 0, frame = 0
 225              		@ frame_needed = 0, uses_anonymous_args = 0
 226 0084 10B5     		push	{r4, lr}
 227              		.cfi_def_cfa_offset 8
 228              		.cfi_offset 4, -8
 229              		.cfi_offset 14, -4
 291:Generated_Source\PSoC4/cyfitter_cfg.c **** 	/* Disable interrupts by default. Let user enable if/when they want. */
 292:Generated_Source\PSoC4/cyfitter_cfg.c **** 	CyGlobalIntDisable;
 230              		.loc 1 292 0
 231              		.syntax divided
 232              	@ 292 "Generated_Source\PSoC4\cyfitter_cfg.c" 1
 233 0086 72B6     		CPSID   i
 234              	@ 0 "" 2
 235              	.LVL18:
 236              		.thumb
 237              		.syntax unified
 238              	.LBB3:
 293:Generated_Source\PSoC4/cyfitter_cfg.c **** 
 294:Generated_Source\PSoC4/cyfitter_cfg.c **** 	{
 295:Generated_Source\PSoC4/cyfitter_cfg.c **** 		static const uint32 CYCODE cy_cfg_addr_table[] = {
 296:Generated_Source\PSoC4/cyfitter_cfg.c **** 			0x400F3003u, /* Base address: 0x400F3000 Count: 3 */
 297:Generated_Source\PSoC4/cyfitter_cfg.c **** 			0x400F3101u, /* Base address: 0x400F3100 Count: 1 */
 298:Generated_Source\PSoC4/cyfitter_cfg.c **** 			0x400F3301u, /* Base address: 0x400F3300 Count: 1 */
 299:Generated_Source\PSoC4/cyfitter_cfg.c **** 			0x400F4002u, /* Base address: 0x400F4000 Count: 2 */
 300:Generated_Source\PSoC4/cyfitter_cfg.c **** 			0x400F4102u, /* Base address: 0x400F4100 Count: 2 */
 301:Generated_Source\PSoC4/cyfitter_cfg.c **** 			0x400F6002u, /* Base address: 0x400F6000 Count: 2 */
 302:Generated_Source\PSoC4/cyfitter_cfg.c **** 		};
 303:Generated_Source\PSoC4/cyfitter_cfg.c **** 
 304:Generated_Source\PSoC4/cyfitter_cfg.c **** 		static const cy_cfg_addrvalue_t CYCODE cy_cfg_data_table[] = {
 305:Generated_Source\PSoC4/cyfitter_cfg.c **** 			{0xBAu, 0xC0u},
 306:Generated_Source\PSoC4/cyfitter_cfg.c **** 			{0xD8u, 0x04u},
 307:Generated_Source\PSoC4/cyfitter_cfg.c **** 			{0xDFu, 0x01u},
 308:Generated_Source\PSoC4/cyfitter_cfg.c **** 			{0x1Fu, 0x80u},
 309:Generated_Source\PSoC4/cyfitter_cfg.c **** 			{0xAFu, 0x80u},
 310:Generated_Source\PSoC4/cyfitter_cfg.c **** 			{0x57u, 0x20u},
 311:Generated_Source\PSoC4/cyfitter_cfg.c **** 			{0xD4u, 0x40u},
 312:Generated_Source\PSoC4/cyfitter_cfg.c **** 			{0xAFu, 0x20u},
 313:Generated_Source\PSoC4/cyfitter_cfg.c **** 			{0xEEu, 0x10u},
 314:Generated_Source\PSoC4/cyfitter_cfg.c **** 			{0x01u, 0x01u},
 315:Generated_Source\PSoC4/cyfitter_cfg.c **** 			{0x10u, 0x01u},
 316:Generated_Source\PSoC4/cyfitter_cfg.c **** 		};
 317:Generated_Source\PSoC4/cyfitter_cfg.c **** 
 318:Generated_Source\PSoC4/cyfitter_cfg.c **** 
 319:Generated_Source\PSoC4/cyfitter_cfg.c **** 
 320:Generated_Source\PSoC4/cyfitter_cfg.c **** 		CYPACKED typedef struct {
 321:Generated_Source\PSoC4/cyfitter_cfg.c **** 			void CYFAR *address;
 322:Generated_Source\PSoC4/cyfitter_cfg.c **** 			uint16 size;
 323:Generated_Source\PSoC4/cyfitter_cfg.c **** 		} CYPACKED_ATTR cfg_memset_t;
 324:Generated_Source\PSoC4/cyfitter_cfg.c **** 
 325:Generated_Source\PSoC4/cyfitter_cfg.c **** 		static const cfg_memset_t CYCODE cfg_memset_list[] = {
 326:Generated_Source\PSoC4/cyfitter_cfg.c **** 			/* address, size */
ARM GAS  C:\Users\Shashwat\AppData\Local\Temp\cczDx9zg.s 			page 11


 327:Generated_Source\PSoC4/cyfitter_cfg.c **** 			{(void CYFAR *)(CYDEV_UDB_P0_U0_BASE), 1024u},
 328:Generated_Source\PSoC4/cyfitter_cfg.c **** 			{(void CYFAR *)(CYDEV_UDB_DSI0_BASE), 1024u},
 329:Generated_Source\PSoC4/cyfitter_cfg.c **** 		};
 330:Generated_Source\PSoC4/cyfitter_cfg.c **** 
 331:Generated_Source\PSoC4/cyfitter_cfg.c **** 		uint8 CYDATA i;
 332:Generated_Source\PSoC4/cyfitter_cfg.c **** 
 333:Generated_Source\PSoC4/cyfitter_cfg.c **** 		/* Zero out critical memory blocks before beginning configuration */
 334:Generated_Source\PSoC4/cyfitter_cfg.c **** 		for (i = 0u; i < (sizeof(cfg_memset_list)/sizeof(cfg_memset_list[0])); i++)
 239              		.loc 1 334 0
 240 0088 0024     		movs	r4, #0
 241 008a 0FE0     		b	.L11
 242              	.LVL19:
 243              	.L12:
 244              	.LBB4:
 335:Generated_Source\PSoC4/cyfitter_cfg.c **** 		{
 336:Generated_Source\PSoC4/cyfitter_cfg.c **** 			const cfg_memset_t CYCODE * CYDATA ms = &cfg_memset_list[i];
 337:Generated_Source\PSoC4/cyfitter_cfg.c **** 			CYMEMZERO(ms->address, (size_t)(uint32)(ms->size));
 245              		.loc 1 337 0 discriminator 3
 246 008c 2A48     		ldr	r0, .L13
 247 008e 6200     		lsls	r2, r4, #1
 248 0090 1319     		adds	r3, r2, r4
 249 0092 5900     		lsls	r1, r3, #1
 250 0094 0B00     		movs	r3, r1
 251 0096 4118     		adds	r1, r0, r1
 252 0098 8988     		ldrh	r1, [r1, #4]
 253 009a 1A5A     		ldrh	r2, [r3, r0]
 254 009c C318     		adds	r3, r0, r3
 255 009e 5888     		ldrh	r0, [r3, #2]
 256 00a0 0004     		lsls	r0, r0, #16
 257 00a2 1043     		orrs	r0, r2
 258 00a4 FFF7FEFF 		bl	CYMEMZERO
 259              	.LVL20:
 260              	.LBE4:
 334:Generated_Source\PSoC4/cyfitter_cfg.c **** 		{
 261              		.loc 1 334 0 discriminator 3
 262 00a8 0134     		adds	r4, r4, #1
 263              	.LVL21:
 264 00aa E4B2     		uxtb	r4, r4
 265              	.LVL22:
 266              	.L11:
 334:Generated_Source\PSoC4/cyfitter_cfg.c **** 		{
 267              		.loc 1 334 0 is_stmt 0 discriminator 1
 268 00ac 012C     		cmp	r4, #1
 269 00ae EDD9     		bls	.L12
 338:Generated_Source\PSoC4/cyfitter_cfg.c **** 		}
 339:Generated_Source\PSoC4/cyfitter_cfg.c **** 
 340:Generated_Source\PSoC4/cyfitter_cfg.c **** 		cfg_write_bytes32(cy_cfg_addr_table, cy_cfg_data_table);
 270              		.loc 1 340 0 is_stmt 1
 271 00b0 2148     		ldr	r0, .L13
 272 00b2 0100     		movs	r1, r0
 273 00b4 0C31     		adds	r1, r1, #12
 274 00b6 2430     		adds	r0, r0, #36
 275 00b8 FFF7FEFF 		bl	cfg_write_bytes32
 276              	.LVL23:
 341:Generated_Source\PSoC4/cyfitter_cfg.c **** 
 342:Generated_Source\PSoC4/cyfitter_cfg.c **** 		/* HSIOM Starting address: CYDEV_HSIOM_BASE */
 343:Generated_Source\PSoC4/cyfitter_cfg.c **** 		CY_SET_REG32((void *)(CYDEV_HSIOM_BASE), 0x00003000u);
ARM GAS  C:\Users\Shashwat\AppData\Local\Temp\cczDx9zg.s 			page 12


 277              		.loc 1 343 0
 278 00bc C022     		movs	r2, #192
 279 00be 9201     		lsls	r2, r2, #6
 280 00c0 1E4B     		ldr	r3, .L13+4
 281 00c2 1A60     		str	r2, [r3]
 344:Generated_Source\PSoC4/cyfitter_cfg.c **** 		CY_SET_REG32((void *)(CYREG_HSIOM_PORT_SEL3), 0x0000EE00u);
 282              		.loc 1 344 0
 283 00c4 EE22     		movs	r2, #238
 284 00c6 1202     		lsls	r2, r2, #8
 285 00c8 1D4B     		ldr	r3, .L13+8
 286 00ca 1A60     		str	r2, [r3]
 345:Generated_Source\PSoC4/cyfitter_cfg.c **** 
 346:Generated_Source\PSoC4/cyfitter_cfg.c **** 		/* UDB_PA_0 Starting address: CYDEV_UDB_PA0_BASE */
 347:Generated_Source\PSoC4/cyfitter_cfg.c **** 		CY_SET_REG32((void *)(CYDEV_UDB_PA0_BASE), 0x00990000u);
 287              		.loc 1 347 0
 288 00cc 9923     		movs	r3, #153
 289 00ce 1B04     		lsls	r3, r3, #16
 290 00d0 1C4A     		ldr	r2, .L13+12
 291 00d2 1360     		str	r3, [r2]
 348:Generated_Source\PSoC4/cyfitter_cfg.c **** 		CY_SET_REG32((void *)(CYREG_UDB_PA0_CFG8), 0x00400000u);
 292              		.loc 1 348 0
 293 00d4 8021     		movs	r1, #128
 294 00d6 C903     		lsls	r1, r1, #15
 295 00d8 1B4A     		ldr	r2, .L13+16
 296 00da 1160     		str	r1, [r2]
 349:Generated_Source\PSoC4/cyfitter_cfg.c **** 
 350:Generated_Source\PSoC4/cyfitter_cfg.c **** 		/* UDB_PA_1 Starting address: CYDEV_UDB_PA1_BASE */
 351:Generated_Source\PSoC4/cyfitter_cfg.c **** 		CY_SET_REG32((void *)(CYDEV_UDB_PA1_BASE), 0x00990000u);
 297              		.loc 1 351 0
 298 00dc 1B4A     		ldr	r2, .L13+20
 299 00de 1360     		str	r3, [r2]
 352:Generated_Source\PSoC4/cyfitter_cfg.c **** 
 353:Generated_Source\PSoC4/cyfitter_cfg.c **** 		/* UDB_PA_2 Starting address: CYDEV_UDB_PA2_BASE */
 354:Generated_Source\PSoC4/cyfitter_cfg.c **** 		CY_SET_REG32((void *)(CYDEV_UDB_PA2_BASE), 0x00990000u);
 300              		.loc 1 354 0
 301 00e0 1B4A     		ldr	r2, .L13+24
 302 00e2 1360     		str	r3, [r2]
 355:Generated_Source\PSoC4/cyfitter_cfg.c **** 
 356:Generated_Source\PSoC4/cyfitter_cfg.c **** 		/* UDB_PA_3 Starting address: CYDEV_UDB_PA3_BASE */
 357:Generated_Source\PSoC4/cyfitter_cfg.c **** 		CY_SET_REG32((void *)(CYDEV_UDB_PA3_BASE), 0x00990000u);
 303              		.loc 1 357 0
 304 00e4 1B4A     		ldr	r2, .L13+28
 305 00e6 1360     		str	r3, [r2]
 358:Generated_Source\PSoC4/cyfitter_cfg.c **** 
 359:Generated_Source\PSoC4/cyfitter_cfg.c **** 		/* Enable UDB array and digital routing */
 360:Generated_Source\PSoC4/cyfitter_cfg.c **** 		CY_SET_XTND_REG8((void *)CYREG_UDB_UDBIF_WAIT_CFG, (uint8)((CY_GET_XTND_REG8((void *)CYREG_UDB_UD
 306              		.loc 1 360 0
 307 00e8 1B49     		ldr	r1, .L13+32
 308 00ea 0B78     		ldrb	r3, [r1]
 309 00ec 3C22     		movs	r2, #60
 310 00ee 9343     		bics	r3, r2
 311 00f0 1422     		movs	r2, #20
 312 00f2 1343     		orrs	r3, r2
 313 00f4 DBB2     		uxtb	r3, r3
 314 00f6 0B70     		strb	r3, [r1]
 361:Generated_Source\PSoC4/cyfitter_cfg.c **** 		CY_SET_XTND_REG8((void *)CYREG_UDB_UDBIF_BANK_CTL, (uint8)(CY_GET_XTND_REG8((void *)CYREG_UDB_UDB
 315              		.loc 1 361 0
ARM GAS  C:\Users\Shashwat\AppData\Local\Temp\cczDx9zg.s 			page 13


 316 00f8 184A     		ldr	r2, .L13+36
 317 00fa 1178     		ldrb	r1, [r2]
 318 00fc 1623     		movs	r3, #22
 319 00fe 0B43     		orrs	r3, r1
 320 0100 DBB2     		uxtb	r3, r3
 321 0102 1370     		strb	r3, [r2]
 322              	.LBE3:
 362:Generated_Source\PSoC4/cyfitter_cfg.c **** 	}
 363:Generated_Source\PSoC4/cyfitter_cfg.c **** 
 364:Generated_Source\PSoC4/cyfitter_cfg.c **** 	/* Perform second pass device configuration. These items must be configured in specific order afte
 365:Generated_Source\PSoC4/cyfitter_cfg.c **** 	/* IOPINS0_0 Starting address: CYDEV_PRT0_BASE */
 366:Generated_Source\PSoC4/cyfitter_cfg.c **** 	CY_SET_REG32((void *)(CYDEV_PRT0_BASE), 0x00000008u);
 323              		.loc 1 366 0
 324 0104 0823     		movs	r3, #8
 325 0106 164A     		ldr	r2, .L13+40
 326 0108 1360     		str	r3, [r2]
 367:Generated_Source\PSoC4/cyfitter_cfg.c **** 	CY_SET_REG32((void *)(CYREG_PRT0_PC), 0x00000C00u);
 327              		.loc 1 367 0
 328 010a C021     		movs	r1, #192
 329 010c 0901     		lsls	r1, r1, #4
 330 010e 154A     		ldr	r2, .L13+44
 331 0110 1160     		str	r1, [r2]
 368:Generated_Source\PSoC4/cyfitter_cfg.c **** 
 369:Generated_Source\PSoC4/cyfitter_cfg.c **** 	/* IOPINS0_1 Starting address: CYDEV_PRT1_BASE */
 370:Generated_Source\PSoC4/cyfitter_cfg.c **** 	CY_SET_REG32((void *)(CYDEV_PRT1_BASE), 0x00000040u);
 332              		.loc 1 370 0
 333 0112 4021     		movs	r1, #64
 334 0114 144A     		ldr	r2, .L13+48
 335 0116 1160     		str	r1, [r2]
 371:Generated_Source\PSoC4/cyfitter_cfg.c **** 	CY_SET_REG32((void *)(CYREG_PRT1_PC), 0x00180000u);
 336              		.loc 1 371 0
 337 0118 C021     		movs	r1, #192
 338 011a 4903     		lsls	r1, r1, #13
 339 011c 134A     		ldr	r2, .L13+52
 340 011e 1160     		str	r1, [r2]
 372:Generated_Source\PSoC4/cyfitter_cfg.c **** 
 373:Generated_Source\PSoC4/cyfitter_cfg.c **** 	/* IOPINS0_2 Starting address: CYDEV_PRT2_BASE */
 374:Generated_Source\PSoC4/cyfitter_cfg.c **** 	CY_SET_REG32((void *)(CYREG_PRT2_PC), 0x00000008u);
 341              		.loc 1 374 0
 342 0120 134A     		ldr	r2, .L13+56
 343 0122 1360     		str	r3, [r2]
 375:Generated_Source\PSoC4/cyfitter_cfg.c **** 
 376:Generated_Source\PSoC4/cyfitter_cfg.c **** 	/* IOPINS0_3 Starting address: CYDEV_PRT3_BASE */
 377:Generated_Source\PSoC4/cyfitter_cfg.c **** 	CY_SET_REG32((void *)(CYDEV_PRT3_BASE), 0x00000020u);
 344              		.loc 1 377 0
 345 0124 2022     		movs	r2, #32
 346 0126 134B     		ldr	r3, .L13+60
 347 0128 1A60     		str	r2, [r3]
 378:Generated_Source\PSoC4/cyfitter_cfg.c **** 	CY_SET_REG32((void *)(CYREG_PRT3_PC), 0x00030D80u);
 348              		.loc 1 378 0
 349 012a 134A     		ldr	r2, .L13+64
 350 012c 134B     		ldr	r3, .L13+68
 351 012e 1A60     		str	r2, [r3]
 379:Generated_Source\PSoC4/cyfitter_cfg.c **** 
 380:Generated_Source\PSoC4/cyfitter_cfg.c **** 
 381:Generated_Source\PSoC4/cyfitter_cfg.c **** 	/* Setup clocks based on selections from Clock DWR */
 382:Generated_Source\PSoC4/cyfitter_cfg.c **** 	ClockSetup();
ARM GAS  C:\Users\Shashwat\AppData\Local\Temp\cczDx9zg.s 			page 14


 352              		.loc 1 382 0
 353 0130 FFF766FF 		bl	ClockSetup
 354              	.LVL24:
 383:Generated_Source\PSoC4/cyfitter_cfg.c **** 
 384:Generated_Source\PSoC4/cyfitter_cfg.c **** 	/* Perform basic analog initialization to defaults */
 385:Generated_Source\PSoC4/cyfitter_cfg.c **** 	AnalogSetDefault();
 386:Generated_Source\PSoC4/cyfitter_cfg.c **** 
 387:Generated_Source\PSoC4/cyfitter_cfg.c **** }
 355              		.loc 1 387 0
 356              		@ sp needed
 357              	.LVL25:
 358 0134 10BD     		pop	{r4, pc}
 359              	.L14:
 360 0136 C046     		.align	2
 361              	.L13:
 362 0138 00000000 		.word	.LANCHOR0
 363 013c 00000140 		.word	1073807360
 364 0140 0C000140 		.word	1073807372
 365 0144 00500F40 		.word	1074745344
 366 0148 08500F40 		.word	1074745352
 367 014c 10500F40 		.word	1074745360
 368 0150 20500F40 		.word	1074745376
 369 0154 30500F40 		.word	1074745392
 370 0158 01700F40 		.word	1074753537
 371 015c 00700F40 		.word	1074753536
 372 0160 00000440 		.word	1074003968
 373 0164 08000440 		.word	1074003976
 374 0168 00010440 		.word	1074004224
 375 016c 08010440 		.word	1074004232
 376 0170 08020440 		.word	1074004488
 377 0174 00030440 		.word	1074004736
 378 0178 800D0300 		.word	200064
 379 017c 08030440 		.word	1074004744
 380              		.cfi_endproc
 381              	.LFE6:
 382              		.size	cyfitter_cfg, .-cyfitter_cfg
 383              		.section	.rodata
 384              		.align	2
 385              		.set	.LANCHOR0,. + 0
 386              		.type	cfg_memset_list.4870, %object
 387              		.size	cfg_memset_list.4870, 12
 388              	cfg_memset_list.4870:
 389 0000 00300F40 		.word	1074737152
 390 0004 0004     		.short	1024
 391 0006 00400F40 		.4byte	1074741248
 392 000a 0004     		.short	1024
 393              		.type	cy_cfg_data_table.4865, %object
 394              		.size	cy_cfg_data_table.4865, 22
 395              	cy_cfg_data_table.4865:
 396 000c BA       		.byte	-70
 397 000d C0       		.byte	-64
 398 000e D8       		.byte	-40
 399 000f 04       		.byte	4
 400 0010 DF       		.byte	-33
 401 0011 01       		.byte	1
 402 0012 1F       		.byte	31
 403 0013 80       		.byte	-128
ARM GAS  C:\Users\Shashwat\AppData\Local\Temp\cczDx9zg.s 			page 15


 404 0014 AF       		.byte	-81
 405 0015 80       		.byte	-128
 406 0016 57       		.byte	87
 407 0017 20       		.byte	32
 408 0018 D4       		.byte	-44
 409 0019 40       		.byte	64
 410 001a AF       		.byte	-81
 411 001b 20       		.byte	32
 412 001c EE       		.byte	-18
 413 001d 10       		.byte	16
 414 001e 01       		.byte	1
 415 001f 01       		.byte	1
 416 0020 10       		.byte	16
 417 0021 01       		.byte	1
 418 0022 0000     		.space	2
 419              		.type	cy_cfg_addr_table.4864, %object
 420              		.size	cy_cfg_addr_table.4864, 24
 421              	cy_cfg_addr_table.4864:
 422 0024 03300F40 		.word	1074737155
 423 0028 01310F40 		.word	1074737409
 424 002c 01330F40 		.word	1074737921
 425 0030 02400F40 		.word	1074741250
 426 0034 02410F40 		.word	1074741506
 427 0038 02600F40 		.word	1074749442
 428              		.text
 429              	.Letext0:
 430              		.file 2 "c:\\program files (x86)\\cypress\\psoc creator\\4.2\\psoc creator\\import\\gnu\\arm\\5.4.
 431              		.file 3 "Generated_Source\\PSoC4\\cytypes.h"
 432              		.file 4 "Generated_Source\\PSoC4\\CyLib.h"
 433              		.section	.debug_info,"",%progbits
 434              	.Ldebug_info0:
 435 0000 9C030000 		.4byte	0x39c
 436 0004 0400     		.2byte	0x4
 437 0006 00000000 		.4byte	.Ldebug_abbrev0
 438 000a 04       		.byte	0x4
 439 000b 01       		.uleb128 0x1
 440 000c 6C010000 		.4byte	.LASF39
 441 0010 0C       		.byte	0xc
 442 0011 99020000 		.4byte	.LASF40
 443 0015 77000000 		.4byte	.LASF41
 444 0019 00000000 		.4byte	.Ldebug_ranges0+0
 445 001d 00000000 		.4byte	0
 446 0021 00000000 		.4byte	.Ldebug_line0
 447 0025 02       		.uleb128 0x2
 448 0026 04       		.byte	0x4
 449 0027 05       		.byte	0x5
 450 0028 696E7400 		.ascii	"int\000"
 451 002c 03       		.uleb128 0x3
 452 002d 06000000 		.4byte	.LASF12
 453 0031 02       		.byte	0x2
 454 0032 D8       		.byte	0xd8
 455 0033 37000000 		.4byte	0x37
 456 0037 04       		.uleb128 0x4
 457 0038 04       		.byte	0x4
 458 0039 07       		.byte	0x7
 459 003a 33010000 		.4byte	.LASF0
 460 003e 04       		.uleb128 0x4
ARM GAS  C:\Users\Shashwat\AppData\Local\Temp\cczDx9zg.s 			page 16


 461 003f 08       		.byte	0x8
 462 0040 05       		.byte	0x5
 463 0041 2C020000 		.4byte	.LASF1
 464 0045 04       		.uleb128 0x4
 465 0046 08       		.byte	0x8
 466 0047 04       		.byte	0x4
 467 0048 81020000 		.4byte	.LASF2
 468 004c 04       		.uleb128 0x4
 469 004d 01       		.byte	0x1
 470 004e 06       		.byte	0x6
 471 004f 8D020000 		.4byte	.LASF3
 472 0053 04       		.uleb128 0x4
 473 0054 01       		.byte	0x1
 474 0055 08       		.byte	0x8
 475 0056 D5000000 		.4byte	.LASF4
 476 005a 04       		.uleb128 0x4
 477 005b 02       		.byte	0x2
 478 005c 05       		.byte	0x5
 479 005d 59020000 		.4byte	.LASF5
 480 0061 04       		.uleb128 0x4
 481 0062 02       		.byte	0x2
 482 0063 07       		.byte	0x7
 483 0064 19020000 		.4byte	.LASF6
 484 0068 04       		.uleb128 0x4
 485 0069 04       		.byte	0x4
 486 006a 05       		.byte	0x5
 487 006b 78020000 		.4byte	.LASF7
 488 006f 04       		.uleb128 0x4
 489 0070 04       		.byte	0x4
 490 0071 07       		.byte	0x7
 491 0072 B3000000 		.4byte	.LASF8
 492 0076 04       		.uleb128 0x4
 493 0077 08       		.byte	0x8
 494 0078 07       		.byte	0x7
 495 0079 55010000 		.4byte	.LASF9
 496 007d 04       		.uleb128 0x4
 497 007e 04       		.byte	0x4
 498 007f 07       		.byte	0x7
 499 0080 10020000 		.4byte	.LASF10
 500 0084 05       		.uleb128 0x5
 501 0085 04       		.byte	0x4
 502 0086 04       		.uleb128 0x4
 503 0087 01       		.byte	0x1
 504 0088 08       		.byte	0x8
 505 0089 3A020000 		.4byte	.LASF11
 506 008d 06       		.uleb128 0x6
 507 008e C5000000 		.4byte	.LASF13
 508 0092 03       		.byte	0x3
 509 0093 E401     		.2byte	0x1e4
 510 0095 53000000 		.4byte	0x53
 511 0099 06       		.uleb128 0x6
 512 009a 1A010000 		.4byte	.LASF14
 513 009e 03       		.byte	0x3
 514 009f E501     		.2byte	0x1e5
 515 00a1 61000000 		.4byte	0x61
 516 00a5 06       		.uleb128 0x6
 517 00a6 2C010000 		.4byte	.LASF15
ARM GAS  C:\Users\Shashwat\AppData\Local\Temp\cczDx9zg.s 			page 17


 518 00aa 03       		.byte	0x3
 519 00ab E601     		.2byte	0x1e6
 520 00ad 6F000000 		.4byte	0x6f
 521 00b1 04       		.uleb128 0x4
 522 00b2 04       		.byte	0x4
 523 00b3 04       		.byte	0x4
 524 00b4 57000000 		.4byte	.LASF16
 525 00b8 04       		.uleb128 0x4
 526 00b9 08       		.byte	0x8
 527 00ba 04       		.byte	0x4
 528 00bb EA000000 		.4byte	.LASF17
 529 00bf 06       		.uleb128 0x6
 530 00c0 72000000 		.4byte	.LASF18
 531 00c4 03       		.byte	0x3
 532 00c5 8E02     		.2byte	0x28e
 533 00c7 CB000000 		.4byte	0xcb
 534 00cb 07       		.uleb128 0x7
 535 00cc 8D000000 		.4byte	0x8d
 536 00d0 06       		.uleb128 0x6
 537 00d1 00000000 		.4byte	.LASF19
 538 00d5 03       		.byte	0x3
 539 00d6 9002     		.2byte	0x290
 540 00d8 DC000000 		.4byte	0xdc
 541 00dc 07       		.uleb128 0x7
 542 00dd A5000000 		.4byte	0xa5
 543 00e1 08       		.uleb128 0x8
 544 00e2 02       		.byte	0x2
 545 00e3 01       		.byte	0x1
 546 00e4 97       		.byte	0x97
 547 00e5 02010000 		.4byte	0x102
 548 00e9 09       		.uleb128 0x9
 549 00ea 52020000 		.4byte	.LASF20
 550 00ee 01       		.byte	0x1
 551 00ef 99       		.byte	0x99
 552 00f0 8D000000 		.4byte	0x8d
 553 00f4 00       		.byte	0
 554 00f5 09       		.uleb128 0x9
 555 00f6 1C000000 		.4byte	.LASF21
 556 00fa 01       		.byte	0x1
 557 00fb 9A       		.byte	0x9a
 558 00fc 8D000000 		.4byte	0x8d
 559 0100 01       		.byte	0x1
 560 0101 00       		.byte	0
 561 0102 03       		.uleb128 0x3
 562 0103 3F020000 		.4byte	.LASF22
 563 0107 01       		.byte	0x1
 564 0108 9B       		.byte	0x9b
 565 0109 E1000000 		.4byte	0xe1
 566 010d 0A       		.uleb128 0xa
 567 010e F1000000 		.4byte	.LASF27
 568 0112 01       		.byte	0x1
 569 0113 AE       		.byte	0xae
 570 0114 00000000 		.4byte	.LFB3
 571 0118 32000000 		.4byte	.LFE3-.LFB3
 572 011c 01       		.uleb128 0x1
 573 011d 9C       		.byte	0x9c
 574 011e 7F010000 		.4byte	0x17f
ARM GAS  C:\Users\Shashwat\AppData\Local\Temp\cczDx9zg.s 			page 18


 575 0122 0B       		.uleb128 0xb
 576 0123 0F010000 		.4byte	.LASF23
 577 0127 01       		.byte	0x1
 578 0128 AE       		.byte	0xae
 579 0129 7F010000 		.4byte	0x17f
 580 012d 01       		.uleb128 0x1
 581 012e 50       		.byte	0x50
 582 012f 0B       		.uleb128 0xb
 583 0130 21010000 		.4byte	.LASF24
 584 0134 01       		.byte	0x1
 585 0135 AE       		.byte	0xae
 586 0136 8A010000 		.4byte	0x18a
 587 013a 01       		.uleb128 0x1
 588 013b 51       		.byte	0x51
 589 013c 0C       		.uleb128 0xc
 590 013d 6900     		.ascii	"i\000"
 591 013f 01       		.byte	0x1
 592 0140 B1       		.byte	0xb1
 593 0141 A5000000 		.4byte	0xa5
 594 0145 00000000 		.4byte	.LLST0
 595 0149 0C       		.uleb128 0xc
 596 014a 6A00     		.ascii	"j\000"
 597 014c 01       		.byte	0x1
 598 014d B1       		.byte	0xb1
 599 014e A5000000 		.4byte	0xa5
 600 0152 1F000000 		.4byte	.LLST1
 601 0156 0D       		.uleb128 0xd
 602 0157 08000000 		.4byte	.LBB2
 603 015b 22000000 		.4byte	.LBE2-.LBB2
 604 015f 0E       		.uleb128 0xe
 605 0160 07020000 		.4byte	.LASF25
 606 0164 01       		.byte	0x1
 607 0165 B4       		.byte	0xb4
 608 0166 A5000000 		.4byte	0xa5
 609 016a 3E000000 		.4byte	.LLST2
 610 016e 0E       		.uleb128 0xe
 611 016f 22000000 		.4byte	.LASF26
 612 0173 01       		.byte	0x1
 613 0174 B5       		.byte	0xb5
 614 0175 8D000000 		.4byte	0x8d
 615 0179 51000000 		.4byte	.LLST3
 616 017d 00       		.byte	0
 617 017e 00       		.byte	0
 618 017f 0F       		.uleb128 0xf
 619 0180 04       		.byte	0x4
 620 0181 85010000 		.4byte	0x185
 621 0185 10       		.uleb128 0x10
 622 0186 A5000000 		.4byte	0xa5
 623 018a 0F       		.uleb128 0xf
 624 018b 04       		.byte	0x4
 625 018c 90010000 		.4byte	0x190
 626 0190 10       		.uleb128 0x10
 627 0191 02010000 		.4byte	0x102
 628 0195 0A       		.uleb128 0xa
 629 0196 CB000000 		.4byte	.LASF28
 630 019a 01       		.byte	0x1
 631 019b 4C       		.byte	0x4c
ARM GAS  C:\Users\Shashwat\AppData\Local\Temp\cczDx9zg.s 			page 19


 632 019c 00000000 		.4byte	.LFB0
 633 01a0 0C000000 		.4byte	.LFE0-.LFB0
 634 01a4 01       		.uleb128 0x1
 635 01a5 9C       		.byte	0x9c
 636 01a6 E2010000 		.4byte	0x1e2
 637 01aa 11       		.uleb128 0x11
 638 01ab 7300     		.ascii	"s\000"
 639 01ad 01       		.byte	0x1
 640 01ae 4C       		.byte	0x4c
 641 01af 84000000 		.4byte	0x84
 642 01b3 6F000000 		.4byte	.LLST4
 643 01b7 11       		.uleb128 0x11
 644 01b8 6E00     		.ascii	"n\000"
 645 01ba 01       		.byte	0x1
 646 01bb 4C       		.byte	0x4c
 647 01bc 2C000000 		.4byte	0x2c
 648 01c0 90000000 		.4byte	.LLST5
 649 01c4 12       		.uleb128 0x12
 650 01c5 0A000000 		.4byte	.LVL14
 651 01c9 75030000 		.4byte	0x375
 652 01cd 13       		.uleb128 0x13
 653 01ce 01       		.uleb128 0x1
 654 01cf 50       		.byte	0x50
 655 01d0 03       		.uleb128 0x3
 656 01d1 F3       		.byte	0xf3
 657 01d2 01       		.uleb128 0x1
 658 01d3 50       		.byte	0x50
 659 01d4 13       		.uleb128 0x13
 660 01d5 01       		.uleb128 0x1
 661 01d6 51       		.byte	0x51
 662 01d7 01       		.uleb128 0x1
 663 01d8 30       		.byte	0x30
 664 01d9 13       		.uleb128 0x13
 665 01da 01       		.uleb128 0x1
 666 01db 52       		.byte	0x52
 667 01dc 03       		.uleb128 0x3
 668 01dd F3       		.byte	0xf3
 669 01de 01       		.uleb128 0x1
 670 01df 51       		.byte	0x51
 671 01e0 00       		.byte	0
 672 01e1 00       		.byte	0
 673 01e2 0A       		.uleb128 0xa
 674 01e3 28000000 		.4byte	.LASF29
 675 01e7 01       		.byte	0x1
 676 01e8 D3       		.byte	0xd3
 677 01e9 00000000 		.4byte	.LFB4
 678 01ed 84000000 		.4byte	.LFE4-.LFB4
 679 01f1 01       		.uleb128 0x1
 680 01f2 9C       		.byte	0x9c
 681 01f3 2D020000 		.4byte	0x22d
 682 01f7 14       		.uleb128 0x14
 683 01f8 14000000 		.4byte	.LVL15
 684 01fc 7E030000 		.4byte	0x37e
 685 0200 0A020000 		.4byte	0x20a
 686 0204 13       		.uleb128 0x13
 687 0205 01       		.uleb128 0x1
 688 0206 50       		.byte	0x50
ARM GAS  C:\Users\Shashwat\AppData\Local\Temp\cczDx9zg.s 			page 20


 689 0207 01       		.uleb128 0x1
 690 0208 48       		.byte	0x48
 691 0209 00       		.byte	0
 692 020a 14       		.uleb128 0x14
 693 020b 48000000 		.4byte	.LVL16
 694 020f 89030000 		.4byte	0x389
 695 0213 1D020000 		.4byte	0x21d
 696 0217 13       		.uleb128 0x13
 697 0218 01       		.uleb128 0x1
 698 0219 50       		.byte	0x50
 699 021a 01       		.uleb128 0x1
 700 021b 39       		.byte	0x39
 701 021c 00       		.byte	0
 702 021d 12       		.uleb128 0x12
 703 021e 4E000000 		.4byte	.LVL17
 704 0222 94030000 		.4byte	0x394
 705 0226 13       		.uleb128 0x13
 706 0227 01       		.uleb128 0x1
 707 0228 50       		.byte	0x50
 708 0229 01       		.uleb128 0x1
 709 022a 39       		.byte	0x39
 710 022b 00       		.byte	0
 711 022c 00       		.byte	0
 712 022d 15       		.uleb128 0x15
 713 022e 40010000 		.4byte	.LASF42
 714 0232 01       		.byte	0x1
 715 0233 2101     		.2byte	0x121
 716 0235 84000000 		.4byte	.LFB6
 717 0239 FC000000 		.4byte	.LFE6-.LFB6
 718 023d 01       		.uleb128 0x1
 719 023e 9C       		.byte	0x9c
 720 023f 4B030000 		.4byte	0x34b
 721 0243 16       		.uleb128 0x16
 722 0244 88000000 		.4byte	.LBB3
 723 0248 7C000000 		.4byte	.LBE3-.LBB3
 724 024c 41030000 		.4byte	0x341
 725 0250 17       		.uleb128 0x17
 726 0251 33000000 		.4byte	.LASF30
 727 0255 01       		.byte	0x1
 728 0256 2701     		.2byte	0x127
 729 0258 5B030000 		.4byte	0x35b
 730 025c 05       		.uleb128 0x5
 731 025d 03       		.byte	0x3
 732 025e 24000000 		.4byte	cy_cfg_addr_table.4864
 733 0262 17       		.uleb128 0x17
 734 0263 45000000 		.4byte	.LASF31
 735 0267 01       		.byte	0x1
 736 0268 3001     		.2byte	0x130
 737 026a 70030000 		.4byte	0x370
 738 026e 05       		.uleb128 0x5
 739 026f 03       		.byte	0x3
 740 0270 0C000000 		.4byte	cy_cfg_data_table.4865
 741 0274 18       		.uleb128 0x18
 742 0275 06       		.byte	0x6
 743 0276 01       		.byte	0x1
 744 0277 4001     		.2byte	0x140
 745 0279 98020000 		.4byte	0x298
ARM GAS  C:\Users\Shashwat\AppData\Local\Temp\cczDx9zg.s 			page 21


 746 027d 19       		.uleb128 0x19
 747 027e 4D010000 		.4byte	.LASF32
 748 0282 01       		.byte	0x1
 749 0283 4101     		.2byte	0x141
 750 0285 84000000 		.4byte	0x84
 751 0289 00       		.byte	0
 752 028a 19       		.uleb128 0x19
 753 028b 6D000000 		.4byte	.LASF33
 754 028f 01       		.byte	0x1
 755 0290 4201     		.2byte	0x142
 756 0292 99000000 		.4byte	0x99
 757 0296 04       		.byte	0x4
 758 0297 00       		.byte	0
 759 0298 06       		.uleb128 0x6
 760 0299 FA010000 		.4byte	.LASF34
 761 029d 01       		.byte	0x1
 762 029e 4301     		.2byte	0x143
 763 02a0 74020000 		.4byte	0x274
 764 02a4 1A       		.uleb128 0x1a
 765 02a5 B4020000 		.4byte	0x2b4
 766 02a9 B4020000 		.4byte	0x2b4
 767 02ad 1B       		.uleb128 0x1b
 768 02ae 7D000000 		.4byte	0x7d
 769 02b2 01       		.byte	0x1
 770 02b3 00       		.byte	0
 771 02b4 10       		.uleb128 0x10
 772 02b5 98020000 		.4byte	0x298
 773 02b9 17       		.uleb128 0x17
 774 02ba 5D000000 		.4byte	.LASF35
 775 02be 01       		.byte	0x1
 776 02bf 4501     		.2byte	0x145
 777 02c1 CB020000 		.4byte	0x2cb
 778 02c5 05       		.uleb128 0x5
 779 02c6 03       		.byte	0x3
 780 02c7 00000000 		.4byte	cfg_memset_list.4870
 781 02cb 10       		.uleb128 0x10
 782 02cc A4020000 		.4byte	0x2a4
 783 02d0 1C       		.uleb128 0x1c
 784 02d1 6900     		.ascii	"i\000"
 785 02d3 01       		.byte	0x1
 786 02d4 4B01     		.2byte	0x14b
 787 02d6 8D000000 		.4byte	0x8d
 788 02da BC000000 		.4byte	.LLST6
 789 02de 16       		.uleb128 0x16
 790 02df 8C000000 		.4byte	.LBB4
 791 02e3 1C000000 		.4byte	.LBE4-.LBB4
 792 02e7 24030000 		.4byte	0x324
 793 02eb 1C       		.uleb128 0x1c
 794 02ec 6D7300   		.ascii	"ms\000"
 795 02ef 01       		.byte	0x1
 796 02f0 5001     		.2byte	0x150
 797 02f2 FA020000 		.4byte	0x2fa
 798 02f6 E6000000 		.4byte	.LLST7
 799 02fa 0F       		.uleb128 0xf
 800 02fb 04       		.byte	0x4
 801 02fc B4020000 		.4byte	0x2b4
 802 0300 12       		.uleb128 0x12
ARM GAS  C:\Users\Shashwat\AppData\Local\Temp\cczDx9zg.s 			page 22


 803 0301 A8000000 		.4byte	.LVL20
 804 0305 95010000 		.4byte	0x195
 805 0309 13       		.uleb128 0x13
 806 030a 01       		.uleb128 0x1
 807 030b 51       		.byte	0x51
 808 030c 15       		.uleb128 0x15
 809 030d 74       		.byte	0x74
 810 030e 00       		.sleb128 0
 811 030f 31       		.byte	0x31
 812 0310 24       		.byte	0x24
 813 0311 74       		.byte	0x74
 814 0312 00       		.sleb128 0
 815 0313 22       		.byte	0x22
 816 0314 31       		.byte	0x31
 817 0315 24       		.byte	0x24
 818 0316 03       		.byte	0x3
 819 0317 04000000 		.4byte	.LANCHOR0+4
 820 031b 22       		.byte	0x22
 821 031c 94       		.byte	0x94
 822 031d 02       		.byte	0x2
 823 031e 0A       		.byte	0xa
 824 031f FFFF     		.2byte	0xffff
 825 0321 1A       		.byte	0x1a
 826 0322 00       		.byte	0
 827 0323 00       		.byte	0
 828 0324 12       		.uleb128 0x12
 829 0325 BC000000 		.4byte	.LVL23
 830 0329 0D010000 		.4byte	0x10d
 831 032d 13       		.uleb128 0x13
 832 032e 01       		.uleb128 0x1
 833 032f 50       		.byte	0x50
 834 0330 05       		.uleb128 0x5
 835 0331 03       		.byte	0x3
 836 0332 24000000 		.4byte	.LANCHOR0+36
 837 0336 13       		.uleb128 0x13
 838 0337 01       		.uleb128 0x1
 839 0338 51       		.byte	0x51
 840 0339 05       		.uleb128 0x5
 841 033a 03       		.byte	0x3
 842 033b 0C000000 		.4byte	.LANCHOR0+12
 843 033f 00       		.byte	0
 844 0340 00       		.byte	0
 845 0341 1D       		.uleb128 0x1d
 846 0342 34010000 		.4byte	.LVL24
 847 0346 E2010000 		.4byte	0x1e2
 848 034a 00       		.byte	0
 849 034b 1A       		.uleb128 0x1a
 850 034c 85010000 		.4byte	0x185
 851 0350 5B030000 		.4byte	0x35b
 852 0354 1B       		.uleb128 0x1b
 853 0355 7D000000 		.4byte	0x7d
 854 0359 05       		.byte	0x5
 855 035a 00       		.byte	0
 856 035b 10       		.uleb128 0x10
 857 035c 4B030000 		.4byte	0x34b
 858 0360 1A       		.uleb128 0x1a
 859 0361 90010000 		.4byte	0x190
ARM GAS  C:\Users\Shashwat\AppData\Local\Temp\cczDx9zg.s 			page 23


 860 0365 70030000 		.4byte	0x370
 861 0369 1B       		.uleb128 0x1b
 862 036a 7D000000 		.4byte	0x7d
 863 036e 0A       		.byte	0xa
 864 036f 00       		.byte	0
 865 0370 10       		.uleb128 0x10
 866 0371 60030000 		.4byte	0x360
 867 0375 1E       		.uleb128 0x1e
 868 0376 E3000000 		.4byte	.LASF43
 869 037a E3000000 		.4byte	.LASF43
 870 037e 1F       		.uleb128 0x1f
 871 037f 63020000 		.4byte	.LASF36
 872 0383 63020000 		.4byte	.LASF36
 873 0387 04       		.byte	0x4
 874 0388 6C       		.byte	0x6c
 875 0389 1F       		.uleb128 0x1f
 876 038a 0D000000 		.4byte	.LASF37
 877 038e 0D000000 		.4byte	.LASF37
 878 0392 04       		.byte	0x4
 879 0393 BD       		.byte	0xbd
 880 0394 1F       		.uleb128 0x1f
 881 0395 03010000 		.4byte	.LASF38
 882 0399 03010000 		.4byte	.LASF38
 883 039d 04       		.byte	0x4
 884 039e C3       		.byte	0xc3
 885 039f 00       		.byte	0
 886              		.section	.debug_abbrev,"",%progbits
 887              	.Ldebug_abbrev0:
 888 0000 01       		.uleb128 0x1
 889 0001 11       		.uleb128 0x11
 890 0002 01       		.byte	0x1
 891 0003 25       		.uleb128 0x25
 892 0004 0E       		.uleb128 0xe
 893 0005 13       		.uleb128 0x13
 894 0006 0B       		.uleb128 0xb
 895 0007 03       		.uleb128 0x3
 896 0008 0E       		.uleb128 0xe
 897 0009 1B       		.uleb128 0x1b
 898 000a 0E       		.uleb128 0xe
 899 000b 55       		.uleb128 0x55
 900 000c 17       		.uleb128 0x17
 901 000d 11       		.uleb128 0x11
 902 000e 01       		.uleb128 0x1
 903 000f 10       		.uleb128 0x10
 904 0010 17       		.uleb128 0x17
 905 0011 00       		.byte	0
 906 0012 00       		.byte	0
 907 0013 02       		.uleb128 0x2
 908 0014 24       		.uleb128 0x24
 909 0015 00       		.byte	0
 910 0016 0B       		.uleb128 0xb
 911 0017 0B       		.uleb128 0xb
 912 0018 3E       		.uleb128 0x3e
 913 0019 0B       		.uleb128 0xb
 914 001a 03       		.uleb128 0x3
 915 001b 08       		.uleb128 0x8
 916 001c 00       		.byte	0
ARM GAS  C:\Users\Shashwat\AppData\Local\Temp\cczDx9zg.s 			page 24


 917 001d 00       		.byte	0
 918 001e 03       		.uleb128 0x3
 919 001f 16       		.uleb128 0x16
 920 0020 00       		.byte	0
 921 0021 03       		.uleb128 0x3
 922 0022 0E       		.uleb128 0xe
 923 0023 3A       		.uleb128 0x3a
 924 0024 0B       		.uleb128 0xb
 925 0025 3B       		.uleb128 0x3b
 926 0026 0B       		.uleb128 0xb
 927 0027 49       		.uleb128 0x49
 928 0028 13       		.uleb128 0x13
 929 0029 00       		.byte	0
 930 002a 00       		.byte	0
 931 002b 04       		.uleb128 0x4
 932 002c 24       		.uleb128 0x24
 933 002d 00       		.byte	0
 934 002e 0B       		.uleb128 0xb
 935 002f 0B       		.uleb128 0xb
 936 0030 3E       		.uleb128 0x3e
 937 0031 0B       		.uleb128 0xb
 938 0032 03       		.uleb128 0x3
 939 0033 0E       		.uleb128 0xe
 940 0034 00       		.byte	0
 941 0035 00       		.byte	0
 942 0036 05       		.uleb128 0x5
 943 0037 0F       		.uleb128 0xf
 944 0038 00       		.byte	0
 945 0039 0B       		.uleb128 0xb
 946 003a 0B       		.uleb128 0xb
 947 003b 00       		.byte	0
 948 003c 00       		.byte	0
 949 003d 06       		.uleb128 0x6
 950 003e 16       		.uleb128 0x16
 951 003f 00       		.byte	0
 952 0040 03       		.uleb128 0x3
 953 0041 0E       		.uleb128 0xe
 954 0042 3A       		.uleb128 0x3a
 955 0043 0B       		.uleb128 0xb
 956 0044 3B       		.uleb128 0x3b
 957 0045 05       		.uleb128 0x5
 958 0046 49       		.uleb128 0x49
 959 0047 13       		.uleb128 0x13
 960 0048 00       		.byte	0
 961 0049 00       		.byte	0
 962 004a 07       		.uleb128 0x7
 963 004b 35       		.uleb128 0x35
 964 004c 00       		.byte	0
 965 004d 49       		.uleb128 0x49
 966 004e 13       		.uleb128 0x13
 967 004f 00       		.byte	0
 968 0050 00       		.byte	0
 969 0051 08       		.uleb128 0x8
 970 0052 13       		.uleb128 0x13
 971 0053 01       		.byte	0x1
 972 0054 0B       		.uleb128 0xb
 973 0055 0B       		.uleb128 0xb
ARM GAS  C:\Users\Shashwat\AppData\Local\Temp\cczDx9zg.s 			page 25


 974 0056 3A       		.uleb128 0x3a
 975 0057 0B       		.uleb128 0xb
 976 0058 3B       		.uleb128 0x3b
 977 0059 0B       		.uleb128 0xb
 978 005a 01       		.uleb128 0x1
 979 005b 13       		.uleb128 0x13
 980 005c 00       		.byte	0
 981 005d 00       		.byte	0
 982 005e 09       		.uleb128 0x9
 983 005f 0D       		.uleb128 0xd
 984 0060 00       		.byte	0
 985 0061 03       		.uleb128 0x3
 986 0062 0E       		.uleb128 0xe
 987 0063 3A       		.uleb128 0x3a
 988 0064 0B       		.uleb128 0xb
 989 0065 3B       		.uleb128 0x3b
 990 0066 0B       		.uleb128 0xb
 991 0067 49       		.uleb128 0x49
 992 0068 13       		.uleb128 0x13
 993 0069 38       		.uleb128 0x38
 994 006a 0B       		.uleb128 0xb
 995 006b 00       		.byte	0
 996 006c 00       		.byte	0
 997 006d 0A       		.uleb128 0xa
 998 006e 2E       		.uleb128 0x2e
 999 006f 01       		.byte	0x1
 1000 0070 03       		.uleb128 0x3
 1001 0071 0E       		.uleb128 0xe
 1002 0072 3A       		.uleb128 0x3a
 1003 0073 0B       		.uleb128 0xb
 1004 0074 3B       		.uleb128 0x3b
 1005 0075 0B       		.uleb128 0xb
 1006 0076 27       		.uleb128 0x27
 1007 0077 19       		.uleb128 0x19
 1008 0078 11       		.uleb128 0x11
 1009 0079 01       		.uleb128 0x1
 1010 007a 12       		.uleb128 0x12
 1011 007b 06       		.uleb128 0x6
 1012 007c 40       		.uleb128 0x40
 1013 007d 18       		.uleb128 0x18
 1014 007e 9742     		.uleb128 0x2117
 1015 0080 19       		.uleb128 0x19
 1016 0081 01       		.uleb128 0x1
 1017 0082 13       		.uleb128 0x13
 1018 0083 00       		.byte	0
 1019 0084 00       		.byte	0
 1020 0085 0B       		.uleb128 0xb
 1021 0086 05       		.uleb128 0x5
 1022 0087 00       		.byte	0
 1023 0088 03       		.uleb128 0x3
 1024 0089 0E       		.uleb128 0xe
 1025 008a 3A       		.uleb128 0x3a
 1026 008b 0B       		.uleb128 0xb
 1027 008c 3B       		.uleb128 0x3b
 1028 008d 0B       		.uleb128 0xb
 1029 008e 49       		.uleb128 0x49
 1030 008f 13       		.uleb128 0x13
ARM GAS  C:\Users\Shashwat\AppData\Local\Temp\cczDx9zg.s 			page 26


 1031 0090 02       		.uleb128 0x2
 1032 0091 18       		.uleb128 0x18
 1033 0092 00       		.byte	0
 1034 0093 00       		.byte	0
 1035 0094 0C       		.uleb128 0xc
 1036 0095 34       		.uleb128 0x34
 1037 0096 00       		.byte	0
 1038 0097 03       		.uleb128 0x3
 1039 0098 08       		.uleb128 0x8
 1040 0099 3A       		.uleb128 0x3a
 1041 009a 0B       		.uleb128 0xb
 1042 009b 3B       		.uleb128 0x3b
 1043 009c 0B       		.uleb128 0xb
 1044 009d 49       		.uleb128 0x49
 1045 009e 13       		.uleb128 0x13
 1046 009f 02       		.uleb128 0x2
 1047 00a0 17       		.uleb128 0x17
 1048 00a1 00       		.byte	0
 1049 00a2 00       		.byte	0
 1050 00a3 0D       		.uleb128 0xd
 1051 00a4 0B       		.uleb128 0xb
 1052 00a5 01       		.byte	0x1
 1053 00a6 11       		.uleb128 0x11
 1054 00a7 01       		.uleb128 0x1
 1055 00a8 12       		.uleb128 0x12
 1056 00a9 06       		.uleb128 0x6
 1057 00aa 00       		.byte	0
 1058 00ab 00       		.byte	0
 1059 00ac 0E       		.uleb128 0xe
 1060 00ad 34       		.uleb128 0x34
 1061 00ae 00       		.byte	0
 1062 00af 03       		.uleb128 0x3
 1063 00b0 0E       		.uleb128 0xe
 1064 00b1 3A       		.uleb128 0x3a
 1065 00b2 0B       		.uleb128 0xb
 1066 00b3 3B       		.uleb128 0x3b
 1067 00b4 0B       		.uleb128 0xb
 1068 00b5 49       		.uleb128 0x49
 1069 00b6 13       		.uleb128 0x13
 1070 00b7 02       		.uleb128 0x2
 1071 00b8 17       		.uleb128 0x17
 1072 00b9 00       		.byte	0
 1073 00ba 00       		.byte	0
 1074 00bb 0F       		.uleb128 0xf
 1075 00bc 0F       		.uleb128 0xf
 1076 00bd 00       		.byte	0
 1077 00be 0B       		.uleb128 0xb
 1078 00bf 0B       		.uleb128 0xb
 1079 00c0 49       		.uleb128 0x49
 1080 00c1 13       		.uleb128 0x13
 1081 00c2 00       		.byte	0
 1082 00c3 00       		.byte	0
 1083 00c4 10       		.uleb128 0x10
 1084 00c5 26       		.uleb128 0x26
 1085 00c6 00       		.byte	0
 1086 00c7 49       		.uleb128 0x49
 1087 00c8 13       		.uleb128 0x13
ARM GAS  C:\Users\Shashwat\AppData\Local\Temp\cczDx9zg.s 			page 27


 1088 00c9 00       		.byte	0
 1089 00ca 00       		.byte	0
 1090 00cb 11       		.uleb128 0x11
 1091 00cc 05       		.uleb128 0x5
 1092 00cd 00       		.byte	0
 1093 00ce 03       		.uleb128 0x3
 1094 00cf 08       		.uleb128 0x8
 1095 00d0 3A       		.uleb128 0x3a
 1096 00d1 0B       		.uleb128 0xb
 1097 00d2 3B       		.uleb128 0x3b
 1098 00d3 0B       		.uleb128 0xb
 1099 00d4 49       		.uleb128 0x49
 1100 00d5 13       		.uleb128 0x13
 1101 00d6 02       		.uleb128 0x2
 1102 00d7 17       		.uleb128 0x17
 1103 00d8 00       		.byte	0
 1104 00d9 00       		.byte	0
 1105 00da 12       		.uleb128 0x12
 1106 00db 898201   		.uleb128 0x4109
 1107 00de 01       		.byte	0x1
 1108 00df 11       		.uleb128 0x11
 1109 00e0 01       		.uleb128 0x1
 1110 00e1 31       		.uleb128 0x31
 1111 00e2 13       		.uleb128 0x13
 1112 00e3 00       		.byte	0
 1113 00e4 00       		.byte	0
 1114 00e5 13       		.uleb128 0x13
 1115 00e6 8A8201   		.uleb128 0x410a
 1116 00e9 00       		.byte	0
 1117 00ea 02       		.uleb128 0x2
 1118 00eb 18       		.uleb128 0x18
 1119 00ec 9142     		.uleb128 0x2111
 1120 00ee 18       		.uleb128 0x18
 1121 00ef 00       		.byte	0
 1122 00f0 00       		.byte	0
 1123 00f1 14       		.uleb128 0x14
 1124 00f2 898201   		.uleb128 0x4109
 1125 00f5 01       		.byte	0x1
 1126 00f6 11       		.uleb128 0x11
 1127 00f7 01       		.uleb128 0x1
 1128 00f8 31       		.uleb128 0x31
 1129 00f9 13       		.uleb128 0x13
 1130 00fa 01       		.uleb128 0x1
 1131 00fb 13       		.uleb128 0x13
 1132 00fc 00       		.byte	0
 1133 00fd 00       		.byte	0
 1134 00fe 15       		.uleb128 0x15
 1135 00ff 2E       		.uleb128 0x2e
 1136 0100 01       		.byte	0x1
 1137 0101 3F       		.uleb128 0x3f
 1138 0102 19       		.uleb128 0x19
 1139 0103 03       		.uleb128 0x3
 1140 0104 0E       		.uleb128 0xe
 1141 0105 3A       		.uleb128 0x3a
 1142 0106 0B       		.uleb128 0xb
 1143 0107 3B       		.uleb128 0x3b
 1144 0108 05       		.uleb128 0x5
ARM GAS  C:\Users\Shashwat\AppData\Local\Temp\cczDx9zg.s 			page 28


 1145 0109 27       		.uleb128 0x27
 1146 010a 19       		.uleb128 0x19
 1147 010b 11       		.uleb128 0x11
 1148 010c 01       		.uleb128 0x1
 1149 010d 12       		.uleb128 0x12
 1150 010e 06       		.uleb128 0x6
 1151 010f 40       		.uleb128 0x40
 1152 0110 18       		.uleb128 0x18
 1153 0111 9742     		.uleb128 0x2117
 1154 0113 19       		.uleb128 0x19
 1155 0114 01       		.uleb128 0x1
 1156 0115 13       		.uleb128 0x13
 1157 0116 00       		.byte	0
 1158 0117 00       		.byte	0
 1159 0118 16       		.uleb128 0x16
 1160 0119 0B       		.uleb128 0xb
 1161 011a 01       		.byte	0x1
 1162 011b 11       		.uleb128 0x11
 1163 011c 01       		.uleb128 0x1
 1164 011d 12       		.uleb128 0x12
 1165 011e 06       		.uleb128 0x6
 1166 011f 01       		.uleb128 0x1
 1167 0120 13       		.uleb128 0x13
 1168 0121 00       		.byte	0
 1169 0122 00       		.byte	0
 1170 0123 17       		.uleb128 0x17
 1171 0124 34       		.uleb128 0x34
 1172 0125 00       		.byte	0
 1173 0126 03       		.uleb128 0x3
 1174 0127 0E       		.uleb128 0xe
 1175 0128 3A       		.uleb128 0x3a
 1176 0129 0B       		.uleb128 0xb
 1177 012a 3B       		.uleb128 0x3b
 1178 012b 05       		.uleb128 0x5
 1179 012c 49       		.uleb128 0x49
 1180 012d 13       		.uleb128 0x13
 1181 012e 02       		.uleb128 0x2
 1182 012f 18       		.uleb128 0x18
 1183 0130 00       		.byte	0
 1184 0131 00       		.byte	0
 1185 0132 18       		.uleb128 0x18
 1186 0133 13       		.uleb128 0x13
 1187 0134 01       		.byte	0x1
 1188 0135 0B       		.uleb128 0xb
 1189 0136 0B       		.uleb128 0xb
 1190 0137 3A       		.uleb128 0x3a
 1191 0138 0B       		.uleb128 0xb
 1192 0139 3B       		.uleb128 0x3b
 1193 013a 05       		.uleb128 0x5
 1194 013b 01       		.uleb128 0x1
 1195 013c 13       		.uleb128 0x13
 1196 013d 00       		.byte	0
 1197 013e 00       		.byte	0
 1198 013f 19       		.uleb128 0x19
 1199 0140 0D       		.uleb128 0xd
 1200 0141 00       		.byte	0
 1201 0142 03       		.uleb128 0x3
ARM GAS  C:\Users\Shashwat\AppData\Local\Temp\cczDx9zg.s 			page 29


 1202 0143 0E       		.uleb128 0xe
 1203 0144 3A       		.uleb128 0x3a
 1204 0145 0B       		.uleb128 0xb
 1205 0146 3B       		.uleb128 0x3b
 1206 0147 05       		.uleb128 0x5
 1207 0148 49       		.uleb128 0x49
 1208 0149 13       		.uleb128 0x13
 1209 014a 38       		.uleb128 0x38
 1210 014b 0B       		.uleb128 0xb
 1211 014c 00       		.byte	0
 1212 014d 00       		.byte	0
 1213 014e 1A       		.uleb128 0x1a
 1214 014f 01       		.uleb128 0x1
 1215 0150 01       		.byte	0x1
 1216 0151 49       		.uleb128 0x49
 1217 0152 13       		.uleb128 0x13
 1218 0153 01       		.uleb128 0x1
 1219 0154 13       		.uleb128 0x13
 1220 0155 00       		.byte	0
 1221 0156 00       		.byte	0
 1222 0157 1B       		.uleb128 0x1b
 1223 0158 21       		.uleb128 0x21
 1224 0159 00       		.byte	0
 1225 015a 49       		.uleb128 0x49
 1226 015b 13       		.uleb128 0x13
 1227 015c 2F       		.uleb128 0x2f
 1228 015d 0B       		.uleb128 0xb
 1229 015e 00       		.byte	0
 1230 015f 00       		.byte	0
 1231 0160 1C       		.uleb128 0x1c
 1232 0161 34       		.uleb128 0x34
 1233 0162 00       		.byte	0
 1234 0163 03       		.uleb128 0x3
 1235 0164 08       		.uleb128 0x8
 1236 0165 3A       		.uleb128 0x3a
 1237 0166 0B       		.uleb128 0xb
 1238 0167 3B       		.uleb128 0x3b
 1239 0168 05       		.uleb128 0x5
 1240 0169 49       		.uleb128 0x49
 1241 016a 13       		.uleb128 0x13
 1242 016b 02       		.uleb128 0x2
 1243 016c 17       		.uleb128 0x17
 1244 016d 00       		.byte	0
 1245 016e 00       		.byte	0
 1246 016f 1D       		.uleb128 0x1d
 1247 0170 898201   		.uleb128 0x4109
 1248 0173 00       		.byte	0
 1249 0174 11       		.uleb128 0x11
 1250 0175 01       		.uleb128 0x1
 1251 0176 31       		.uleb128 0x31
 1252 0177 13       		.uleb128 0x13
 1253 0178 00       		.byte	0
 1254 0179 00       		.byte	0
 1255 017a 1E       		.uleb128 0x1e
 1256 017b 2E       		.uleb128 0x2e
 1257 017c 00       		.byte	0
 1258 017d 3F       		.uleb128 0x3f
ARM GAS  C:\Users\Shashwat\AppData\Local\Temp\cczDx9zg.s 			page 30


 1259 017e 19       		.uleb128 0x19
 1260 017f 3C       		.uleb128 0x3c
 1261 0180 19       		.uleb128 0x19
 1262 0181 6E       		.uleb128 0x6e
 1263 0182 0E       		.uleb128 0xe
 1264 0183 03       		.uleb128 0x3
 1265 0184 0E       		.uleb128 0xe
 1266 0185 00       		.byte	0
 1267 0186 00       		.byte	0
 1268 0187 1F       		.uleb128 0x1f
 1269 0188 2E       		.uleb128 0x2e
 1270 0189 00       		.byte	0
 1271 018a 3F       		.uleb128 0x3f
 1272 018b 19       		.uleb128 0x19
 1273 018c 3C       		.uleb128 0x3c
 1274 018d 19       		.uleb128 0x19
 1275 018e 6E       		.uleb128 0x6e
 1276 018f 0E       		.uleb128 0xe
 1277 0190 03       		.uleb128 0x3
 1278 0191 0E       		.uleb128 0xe
 1279 0192 3A       		.uleb128 0x3a
 1280 0193 0B       		.uleb128 0xb
 1281 0194 3B       		.uleb128 0x3b
 1282 0195 0B       		.uleb128 0xb
 1283 0196 00       		.byte	0
 1284 0197 00       		.byte	0
 1285 0198 00       		.byte	0
 1286              		.section	.debug_loc,"",%progbits
 1287              	.Ldebug_loc0:
 1288              	.LLST0:
 1289 0000 02000000 		.4byte	.LVL1
 1290 0004 08000000 		.4byte	.LVL2
 1291 0008 0200     		.2byte	0x2
 1292 000a 30       		.byte	0x30
 1293 000b 9F       		.byte	0x9f
 1294 000c 08000000 		.4byte	.LVL2
 1295 0010 30000000 		.4byte	.LVL11
 1296 0014 0100     		.2byte	0x1
 1297 0016 57       		.byte	0x57
 1298 0017 00000000 		.4byte	0
 1299 001b 00000000 		.4byte	0
 1300              	.LLST1:
 1301 001f 02000000 		.4byte	.LVL1
 1302 0023 08000000 		.4byte	.LVL2
 1303 0027 0200     		.2byte	0x2
 1304 0029 30       		.byte	0x30
 1305 002a 9F       		.byte	0x9f
 1306 002b 08000000 		.4byte	.LVL2
 1307 002f 30000000 		.4byte	.LVL10
 1308 0033 0100     		.2byte	0x1
 1309 0035 55       		.byte	0x55
 1310 0036 00000000 		.4byte	0
 1311 003a 00000000 		.4byte	0
 1312              	.LLST2:
 1313 003e 0C000000 		.4byte	.LVL3
 1314 0042 2C000000 		.4byte	.LVL9
 1315 0046 0100     		.2byte	0x1
ARM GAS  C:\Users\Shashwat\AppData\Local\Temp\cczDx9zg.s 			page 31


 1316 0048 56       		.byte	0x56
 1317 0049 00000000 		.4byte	0
 1318 004d 00000000 		.4byte	0
 1319              	.LLST3:
 1320 0051 0E000000 		.4byte	.LVL4
 1321 0055 24000000 		.4byte	.LVL7
 1322 0059 0100     		.2byte	0x1
 1323 005b 53       		.byte	0x53
 1324 005c 26000000 		.4byte	.LVL8
 1325 0060 2C000000 		.4byte	.LVL9
 1326 0064 0100     		.2byte	0x1
 1327 0066 53       		.byte	0x53
 1328 0067 00000000 		.4byte	0
 1329 006b 00000000 		.4byte	0
 1330              	.LLST4:
 1331 006f 00000000 		.4byte	.LVL12
 1332 0073 09000000 		.4byte	.LVL14-1
 1333 0077 0100     		.2byte	0x1
 1334 0079 50       		.byte	0x50
 1335 007a 09000000 		.4byte	.LVL14-1
 1336 007e 0C000000 		.4byte	.LFE0
 1337 0082 0400     		.2byte	0x4
 1338 0084 F3       		.byte	0xf3
 1339 0085 01       		.uleb128 0x1
 1340 0086 50       		.byte	0x50
 1341 0087 9F       		.byte	0x9f
 1342 0088 00000000 		.4byte	0
 1343 008c 00000000 		.4byte	0
 1344              	.LLST5:
 1345 0090 00000000 		.4byte	.LVL12
 1346 0094 06000000 		.4byte	.LVL13
 1347 0098 0100     		.2byte	0x1
 1348 009a 51       		.byte	0x51
 1349 009b 06000000 		.4byte	.LVL13
 1350 009f 09000000 		.4byte	.LVL14-1
 1351 00a3 0100     		.2byte	0x1
 1352 00a5 52       		.byte	0x52
 1353 00a6 09000000 		.4byte	.LVL14-1
 1354 00aa 0C000000 		.4byte	.LFE0
 1355 00ae 0400     		.2byte	0x4
 1356 00b0 F3       		.byte	0xf3
 1357 00b1 01       		.uleb128 0x1
 1358 00b2 51       		.byte	0x51
 1359 00b3 9F       		.byte	0x9f
 1360 00b4 00000000 		.4byte	0
 1361 00b8 00000000 		.4byte	0
 1362              	.LLST6:
 1363 00bc 88000000 		.4byte	.LVL18
 1364 00c0 8C000000 		.4byte	.LVL19
 1365 00c4 0200     		.2byte	0x2
 1366 00c6 30       		.byte	0x30
 1367 00c7 9F       		.byte	0x9f
 1368 00c8 8C000000 		.4byte	.LVL19
 1369 00cc AA000000 		.4byte	.LVL21
 1370 00d0 0100     		.2byte	0x1
 1371 00d2 54       		.byte	0x54
 1372 00d3 AC000000 		.4byte	.LVL22
ARM GAS  C:\Users\Shashwat\AppData\Local\Temp\cczDx9zg.s 			page 32


 1373 00d7 34010000 		.4byte	.LVL25
 1374 00db 0100     		.2byte	0x1
 1375 00dd 54       		.byte	0x54
 1376 00de 00000000 		.4byte	0
 1377 00e2 00000000 		.4byte	0
 1378              	.LLST7:
 1379 00e6 8C000000 		.4byte	.LVL19
 1380 00ea AA000000 		.4byte	.LVL21
 1381 00ee 0B00     		.2byte	0xb
 1382 00f0 74       		.byte	0x74
 1383 00f1 00       		.sleb128 0
 1384 00f2 36       		.byte	0x36
 1385 00f3 1E       		.byte	0x1e
 1386 00f4 03       		.byte	0x3
 1387 00f5 00000000 		.4byte	cfg_memset_list.4870
 1388 00f9 22       		.byte	0x22
 1389 00fa 9F       		.byte	0x9f
 1390 00fb AA000000 		.4byte	.LVL21
 1391 00ff AC000000 		.4byte	.LVL22
 1392 0103 0B00     		.2byte	0xb
 1393 0105 74       		.byte	0x74
 1394 0106 7F       		.sleb128 -1
 1395 0107 36       		.byte	0x36
 1396 0108 1E       		.byte	0x1e
 1397 0109 03       		.byte	0x3
 1398 010a 00000000 		.4byte	cfg_memset_list.4870
 1399 010e 22       		.byte	0x22
 1400 010f 9F       		.byte	0x9f
 1401 0110 00000000 		.4byte	0
 1402 0114 00000000 		.4byte	0
 1403              		.section	.debug_aranges,"",%progbits
 1404 0000 34000000 		.4byte	0x34
 1405 0004 0200     		.2byte	0x2
 1406 0006 00000000 		.4byte	.Ldebug_info0
 1407 000a 04       		.byte	0x4
 1408 000b 00       		.byte	0
 1409 000c 0000     		.2byte	0
 1410 000e 0000     		.2byte	0
 1411 0010 00000000 		.4byte	.LFB3
 1412 0014 32000000 		.4byte	.LFE3-.LFB3
 1413 0018 00000000 		.4byte	.LFB0
 1414 001c 0C000000 		.4byte	.LFE0-.LFB0
 1415 0020 00000000 		.4byte	.LFB4
 1416 0024 84000000 		.4byte	.LFE4-.LFB4
 1417 0028 84000000 		.4byte	.LFB6
 1418 002c FC000000 		.4byte	.LFE6-.LFB6
 1419 0030 00000000 		.4byte	0
 1420 0034 00000000 		.4byte	0
 1421              		.section	.debug_ranges,"",%progbits
 1422              	.Ldebug_ranges0:
 1423 0000 00000000 		.4byte	.LFB3
 1424 0004 32000000 		.4byte	.LFE3
 1425 0008 00000000 		.4byte	.LFB0
 1426 000c 0C000000 		.4byte	.LFE0
 1427 0010 00000000 		.4byte	.LFB4
 1428 0014 84000000 		.4byte	.LFE4
 1429 0018 84000000 		.4byte	.LFB6
ARM GAS  C:\Users\Shashwat\AppData\Local\Temp\cczDx9zg.s 			page 33


 1430 001c 80010000 		.4byte	.LFE6
 1431 0020 00000000 		.4byte	0
 1432 0024 00000000 		.4byte	0
 1433              		.section	.debug_line,"",%progbits
 1434              	.Ldebug_line0:
 1435 0000 60010000 		.section	.debug_str,"MS",%progbits,1
 1435      0200D600 
 1435      00000201 
 1435      FB0E0D00 
 1435      01010101 
 1436              	.LASF19:
 1437 0000 72656733 		.ascii	"reg32\000"
 1437      3200
 1438              	.LASF12:
 1439 0006 73697A65 		.ascii	"size_t\000"
 1439      5F7400
 1440              	.LASF37:
 1441 000d 4379496E 		.ascii	"CyIntSetVector\000"
 1441      74536574 
 1441      56656374 
 1441      6F7200
 1442              	.LASF21:
 1443 001c 76616C75 		.ascii	"value\000"
 1443      6500
 1444              	.LASF26:
 1445 0022 636F756E 		.ascii	"count\000"
 1445      7400
 1446              	.LASF29:
 1447 0028 436C6F63 		.ascii	"ClockSetup\000"
 1447      6B536574 
 1447      757000
 1448              	.LASF30:
 1449 0033 63795F63 		.ascii	"cy_cfg_addr_table\000"
 1449      66675F61 
 1449      6464725F 
 1449      7461626C 
 1449      6500
 1450              	.LASF31:
 1451 0045 63795F63 		.ascii	"cy_cfg_data_table\000"
 1451      66675F64 
 1451      6174615F 
 1451      7461626C 
 1451      6500
 1452              	.LASF16:
 1453 0057 666C6F61 		.ascii	"float\000"
 1453      7400
 1454              	.LASF35:
 1455 005d 6366675F 		.ascii	"cfg_memset_list\000"
 1455      6D656D73 
 1455      65745F6C 
 1455      69737400 
 1456              	.LASF33:
 1457 006d 73697A65 		.ascii	"size\000"
 1457      00
 1458              	.LASF18:
 1459 0072 72656738 		.ascii	"reg8\000"
 1459      00
ARM GAS  C:\Users\Shashwat\AppData\Local\Temp\cczDx9zg.s 			page 34


 1460              	.LASF41:
 1461 0077 433A5C55 		.ascii	"C:\\Users\\Shashwat\\Documents\\PSoC Creator\\Empty"
 1461      73657273 
 1461      5C536861 
 1461      73687761 
 1461      745C446F 
 1462 00a5 5C42757A 		.ascii	"\\Buzzer.cydsn\000"
 1462      7A65722E 
 1462      63796473 
 1462      6E00
 1463              	.LASF8:
 1464 00b3 6C6F6E67 		.ascii	"long unsigned int\000"
 1464      20756E73 
 1464      69676E65 
 1464      6420696E 
 1464      7400
 1465              	.LASF13:
 1466 00c5 75696E74 		.ascii	"uint8\000"
 1466      3800
 1467              	.LASF28:
 1468 00cb 43594D45 		.ascii	"CYMEMZERO\000"
 1468      4D5A4552 
 1468      4F00
 1469              	.LASF4:
 1470 00d5 756E7369 		.ascii	"unsigned char\000"
 1470      676E6564 
 1470      20636861 
 1470      7200
 1471              	.LASF43:
 1472 00e3 6D656D73 		.ascii	"memset\000"
 1472      657400
 1473              	.LASF17:
 1474 00ea 646F7562 		.ascii	"double\000"
 1474      6C6500
 1475              	.LASF27:
 1476 00f1 6366675F 		.ascii	"cfg_write_bytes32\000"
 1476      77726974 
 1476      655F6279 
 1476      74657333 
 1476      3200
 1477              	.LASF38:
 1478 0103 4379496E 		.ascii	"CyIntEnable\000"
 1478      74456E61 
 1478      626C6500 
 1479              	.LASF23:
 1480 010f 61646472 		.ascii	"addr_table\000"
 1480      5F746162 
 1480      6C6500
 1481              	.LASF14:
 1482 011a 75696E74 		.ascii	"uint16\000"
 1482      313600
 1483              	.LASF24:
 1484 0121 64617461 		.ascii	"data_table\000"
 1484      5F746162 
 1484      6C6500
 1485              	.LASF15:
 1486 012c 75696E74 		.ascii	"uint32\000"
ARM GAS  C:\Users\Shashwat\AppData\Local\Temp\cczDx9zg.s 			page 35


 1486      333200
 1487              	.LASF0:
 1488 0133 756E7369 		.ascii	"unsigned int\000"
 1488      676E6564 
 1488      20696E74 
 1488      00
 1489              	.LASF42:
 1490 0140 63796669 		.ascii	"cyfitter_cfg\000"
 1490      74746572 
 1490      5F636667 
 1490      00
 1491              	.LASF32:
 1492 014d 61646472 		.ascii	"address\000"
 1492      65737300 
 1493              	.LASF9:
 1494 0155 6C6F6E67 		.ascii	"long long unsigned int\000"
 1494      206C6F6E 
 1494      6720756E 
 1494      7369676E 
 1494      65642069 
 1495              	.LASF39:
 1496 016c 474E5520 		.ascii	"GNU C11 5.4.1 20160609 (release) [ARM/embedded-5-br"
 1496      43313120 
 1496      352E342E 
 1496      31203230 
 1496      31363036 
 1497 019f 616E6368 		.ascii	"anch revision 237715] -mcpu=cortex-m0 -mthumb -g -O"
 1497      20726576 
 1497      6973696F 
 1497      6E203233 
 1497      37373135 
 1498 01d2 67202D66 		.ascii	"g -ffunction-sections -ffat-lto-objects\000"
 1498      66756E63 
 1498      74696F6E 
 1498      2D736563 
 1498      74696F6E 
 1499              	.LASF34:
 1500 01fa 6366675F 		.ascii	"cfg_memset_t\000"
 1500      6D656D73 
 1500      65745F74 
 1500      00
 1501              	.LASF25:
 1502 0207 62617365 		.ascii	"baseAddr\000"
 1502      41646472 
 1502      00
 1503              	.LASF10:
 1504 0210 73697A65 		.ascii	"sizetype\000"
 1504      74797065 
 1504      00
 1505              	.LASF6:
 1506 0219 73686F72 		.ascii	"short unsigned int\000"
 1506      7420756E 
 1506      7369676E 
 1506      65642069 
 1506      6E7400
 1507              	.LASF1:
 1508 022c 6C6F6E67 		.ascii	"long long int\000"
ARM GAS  C:\Users\Shashwat\AppData\Local\Temp\cczDx9zg.s 			page 36


 1508      206C6F6E 
 1508      6720696E 
 1508      7400
 1509              	.LASF11:
 1510 023a 63686172 		.ascii	"char\000"
 1510      00
 1511              	.LASF22:
 1512 023f 63795F63 		.ascii	"cy_cfg_addrvalue_t\000"
 1512      66675F61 
 1512      64647276 
 1512      616C7565 
 1512      5F7400
 1513              	.LASF20:
 1514 0252 6F666673 		.ascii	"offset\000"
 1514      657400
 1515              	.LASF5:
 1516 0259 73686F72 		.ascii	"short int\000"
 1516      7420696E 
 1516      7400
 1517              	.LASF36:
 1518 0263 43795379 		.ascii	"CySysClkWriteImoFreq\000"
 1518      73436C6B 
 1518      57726974 
 1518      65496D6F 
 1518      46726571 
 1519              	.LASF7:
 1520 0278 6C6F6E67 		.ascii	"long int\000"
 1520      20696E74 
 1520      00
 1521              	.LASF2:
 1522 0281 6C6F6E67 		.ascii	"long double\000"
 1522      20646F75 
 1522      626C6500 
 1523              	.LASF3:
 1524 028d 7369676E 		.ascii	"signed char\000"
 1524      65642063 
 1524      68617200 
 1525              	.LASF40:
 1526 0299 47656E65 		.ascii	"Generated_Source\\PSoC4\\cyfitter_cfg.c\000"
 1526      72617465 
 1526      645F536F 
 1526      75726365 
 1526      5C50536F 
 1527              		.ident	"GCC: (GNU Tools for ARM Embedded Processors) 5.4.1 20160609 (release) [ARM/embedded-5-bran
