ARM GAS  C:\Users\srhi\AppData\Local\Temp\ccjcvjvz.s 			page 1


   1              		.syntax unified
   2              		.cpu cortex-m0
   3              		.fpu softvfp
   4              		.eabi_attribute 20, 1
   5              		.eabi_attribute 21, 1
   6              		.eabi_attribute 23, 3
   7              		.eabi_attribute 24, 1
   8              		.eabi_attribute 25, 1
   9              		.eabi_attribute 26, 1
  10              		.eabi_attribute 30, 1
  11              		.eabi_attribute 34, 0
  12              		.eabi_attribute 18, 4
  13              		.thumb
  14              		.syntax unified
  15              		.file	"cyfitter_cfg.c"
  16              		.text
  17              	.Ltext0:
  18              		.cfi_sections	.debug_frame
  19              		.section	.text.cfg_write_bytes32,"ax",%progbits
  20              		.align	2
  21              		.code	16
  22              		.thumb_func
  23              		.type	cfg_write_bytes32, %function
  24              	cfg_write_bytes32:
  25              	.LFB3:
  26              		.file 1 "Generated_Source\\PSoC4\\cyfitter_cfg.c"
   1:Generated_Source\PSoC4/cyfitter_cfg.c **** 
   2:Generated_Source\PSoC4/cyfitter_cfg.c **** /*******************************************************************************
   3:Generated_Source\PSoC4/cyfitter_cfg.c **** * File Name: cyfitter_cfg.c
   4:Generated_Source\PSoC4/cyfitter_cfg.c **** * 
   5:Generated_Source\PSoC4/cyfitter_cfg.c **** * PSoC Creator  4.2
   6:Generated_Source\PSoC4/cyfitter_cfg.c **** *
   7:Generated_Source\PSoC4/cyfitter_cfg.c **** * Description:
   8:Generated_Source\PSoC4/cyfitter_cfg.c **** * This file contains device initialization code.
   9:Generated_Source\PSoC4/cyfitter_cfg.c **** * Except for the user defined sections in CyClockStartupError(), this file should not be modified.
  10:Generated_Source\PSoC4/cyfitter_cfg.c **** * This file is automatically generated by PSoC Creator.
  11:Generated_Source\PSoC4/cyfitter_cfg.c **** *
  12:Generated_Source\PSoC4/cyfitter_cfg.c **** ********************************************************************************
  13:Generated_Source\PSoC4/cyfitter_cfg.c **** * Copyright (c) 2007-2018 Cypress Semiconductor.  All rights reserved.
  14:Generated_Source\PSoC4/cyfitter_cfg.c **** * You may use this file only in accordance with the license, terms, conditions, 
  15:Generated_Source\PSoC4/cyfitter_cfg.c **** * disclaimers, and limitations in the end user license agreement accompanying 
  16:Generated_Source\PSoC4/cyfitter_cfg.c **** * the software package with which this file was provided.
  17:Generated_Source\PSoC4/cyfitter_cfg.c **** ********************************************************************************/
  18:Generated_Source\PSoC4/cyfitter_cfg.c **** 
  19:Generated_Source\PSoC4/cyfitter_cfg.c **** #include <string.h>
  20:Generated_Source\PSoC4/cyfitter_cfg.c **** #include "cytypes.h"
  21:Generated_Source\PSoC4/cyfitter_cfg.c **** #include "cydevice_trm.h"
  22:Generated_Source\PSoC4/cyfitter_cfg.c **** #include "cyfitter.h"
  23:Generated_Source\PSoC4/cyfitter_cfg.c **** #include "CyLib.h"
  24:Generated_Source\PSoC4/cyfitter_cfg.c **** #include "CyLFClk.h"
  25:Generated_Source\PSoC4/cyfitter_cfg.c **** #include "cyfitter_cfg.h"
  26:Generated_Source\PSoC4/cyfitter_cfg.c **** #include "cyapicallbacks.h"
  27:Generated_Source\PSoC4/cyfitter_cfg.c **** 
  28:Generated_Source\PSoC4/cyfitter_cfg.c **** 
  29:Generated_Source\PSoC4/cyfitter_cfg.c **** #if defined(__GNUC__) || defined(__ARMCC_VERSION)
  30:Generated_Source\PSoC4/cyfitter_cfg.c ****     #define CYPACKED 
  31:Generated_Source\PSoC4/cyfitter_cfg.c ****     #define CYPACKED_ATTR __attribute__ ((packed))
ARM GAS  C:\Users\srhi\AppData\Local\Temp\ccjcvjvz.s 			page 2


  32:Generated_Source\PSoC4/cyfitter_cfg.c ****     #define CYALIGNED __attribute__ ((aligned))
  33:Generated_Source\PSoC4/cyfitter_cfg.c ****     #define CY_CFG_UNUSED __attribute__ ((unused))
  34:Generated_Source\PSoC4/cyfitter_cfg.c ****     #ifndef CY_CFG_SECTION
  35:Generated_Source\PSoC4/cyfitter_cfg.c ****         #define CY_CFG_SECTION __attribute__ ((section(".psocinit")))
  36:Generated_Source\PSoC4/cyfitter_cfg.c ****     #endif
  37:Generated_Source\PSoC4/cyfitter_cfg.c ****     
  38:Generated_Source\PSoC4/cyfitter_cfg.c ****     #if defined(__ARMCC_VERSION)
  39:Generated_Source\PSoC4/cyfitter_cfg.c ****         #define CY_CFG_MEMORY_BARRIER() __memory_changed()
  40:Generated_Source\PSoC4/cyfitter_cfg.c ****     #else
  41:Generated_Source\PSoC4/cyfitter_cfg.c ****         #define CY_CFG_MEMORY_BARRIER() __sync_synchronize()
  42:Generated_Source\PSoC4/cyfitter_cfg.c ****     #endif
  43:Generated_Source\PSoC4/cyfitter_cfg.c ****     
  44:Generated_Source\PSoC4/cyfitter_cfg.c **** #elif defined(__ICCARM__)
  45:Generated_Source\PSoC4/cyfitter_cfg.c ****     #include <intrinsics.h>
  46:Generated_Source\PSoC4/cyfitter_cfg.c **** 
  47:Generated_Source\PSoC4/cyfitter_cfg.c ****     #define CYPACKED __packed
  48:Generated_Source\PSoC4/cyfitter_cfg.c ****     #define CYPACKED_ATTR 
  49:Generated_Source\PSoC4/cyfitter_cfg.c ****     #define CYALIGNED _Pragma("data_alignment=4")
  50:Generated_Source\PSoC4/cyfitter_cfg.c ****     #define CY_CFG_UNUSED _Pragma("diag_suppress=Pe177")
  51:Generated_Source\PSoC4/cyfitter_cfg.c ****     #define CY_CFG_SECTION _Pragma("location=\".psocinit\"")
  52:Generated_Source\PSoC4/cyfitter_cfg.c ****     
  53:Generated_Source\PSoC4/cyfitter_cfg.c ****     #define CY_CFG_MEMORY_BARRIER() __DMB()
  54:Generated_Source\PSoC4/cyfitter_cfg.c ****     
  55:Generated_Source\PSoC4/cyfitter_cfg.c **** #else
  56:Generated_Source\PSoC4/cyfitter_cfg.c ****     #error Unsupported toolchain
  57:Generated_Source\PSoC4/cyfitter_cfg.c **** #endif
  58:Generated_Source\PSoC4/cyfitter_cfg.c **** 
  59:Generated_Source\PSoC4/cyfitter_cfg.c **** #ifndef CYCODE
  60:Generated_Source\PSoC4/cyfitter_cfg.c ****     #define CYCODE
  61:Generated_Source\PSoC4/cyfitter_cfg.c **** #endif
  62:Generated_Source\PSoC4/cyfitter_cfg.c **** #ifndef CYDATA
  63:Generated_Source\PSoC4/cyfitter_cfg.c ****     #define CYDATA
  64:Generated_Source\PSoC4/cyfitter_cfg.c **** #endif
  65:Generated_Source\PSoC4/cyfitter_cfg.c **** #ifndef CYFAR
  66:Generated_Source\PSoC4/cyfitter_cfg.c ****     #define CYFAR
  67:Generated_Source\PSoC4/cyfitter_cfg.c **** #endif
  68:Generated_Source\PSoC4/cyfitter_cfg.c **** #ifndef CYXDATA
  69:Generated_Source\PSoC4/cyfitter_cfg.c ****     #define CYXDATA
  70:Generated_Source\PSoC4/cyfitter_cfg.c **** #endif
  71:Generated_Source\PSoC4/cyfitter_cfg.c **** 
  72:Generated_Source\PSoC4/cyfitter_cfg.c **** 
  73:Generated_Source\PSoC4/cyfitter_cfg.c **** CY_CFG_UNUSED
  74:Generated_Source\PSoC4/cyfitter_cfg.c **** static void CYMEMZERO(void *s, size_t n);
  75:Generated_Source\PSoC4/cyfitter_cfg.c **** CY_CFG_UNUSED
  76:Generated_Source\PSoC4/cyfitter_cfg.c **** static void CYMEMZERO(void *s, size_t n)
  77:Generated_Source\PSoC4/cyfitter_cfg.c **** {
  78:Generated_Source\PSoC4/cyfitter_cfg.c **** 	(void)memset(s, 0, n);
  79:Generated_Source\PSoC4/cyfitter_cfg.c **** }
  80:Generated_Source\PSoC4/cyfitter_cfg.c **** CY_CFG_UNUSED
  81:Generated_Source\PSoC4/cyfitter_cfg.c **** static void CYCONFIGCPY(void *dest, const void *src, size_t n);
  82:Generated_Source\PSoC4/cyfitter_cfg.c **** CY_CFG_UNUSED
  83:Generated_Source\PSoC4/cyfitter_cfg.c **** static void CYCONFIGCPY(void *dest, const void *src, size_t n)
  84:Generated_Source\PSoC4/cyfitter_cfg.c **** {
  85:Generated_Source\PSoC4/cyfitter_cfg.c **** 	(void)memcpy(dest, src, n);
  86:Generated_Source\PSoC4/cyfitter_cfg.c **** }
  87:Generated_Source\PSoC4/cyfitter_cfg.c **** CY_CFG_UNUSED
  88:Generated_Source\PSoC4/cyfitter_cfg.c **** static void CYCONFIGCPYCODE(void *dest, const void *src, size_t n);
ARM GAS  C:\Users\srhi\AppData\Local\Temp\ccjcvjvz.s 			page 3


  89:Generated_Source\PSoC4/cyfitter_cfg.c **** CY_CFG_UNUSED
  90:Generated_Source\PSoC4/cyfitter_cfg.c **** static void CYCONFIGCPYCODE(void *dest, const void *src, size_t n)
  91:Generated_Source\PSoC4/cyfitter_cfg.c **** {
  92:Generated_Source\PSoC4/cyfitter_cfg.c **** 	(void)memcpy(dest, src, n);
  93:Generated_Source\PSoC4/cyfitter_cfg.c **** }
  94:Generated_Source\PSoC4/cyfitter_cfg.c **** 
  95:Generated_Source\PSoC4/cyfitter_cfg.c **** 
  96:Generated_Source\PSoC4/cyfitter_cfg.c **** 
  97:Generated_Source\PSoC4/cyfitter_cfg.c **** 
  98:Generated_Source\PSoC4/cyfitter_cfg.c **** /* Clock startup error codes                                                   */
  99:Generated_Source\PSoC4/cyfitter_cfg.c **** #define CYCLOCKSTART_NO_ERROR    0u
 100:Generated_Source\PSoC4/cyfitter_cfg.c **** #define CYCLOCKSTART_XTAL_ERROR  1u
 101:Generated_Source\PSoC4/cyfitter_cfg.c **** #define CYCLOCKSTART_32KHZ_ERROR 2u
 102:Generated_Source\PSoC4/cyfitter_cfg.c **** #define CYCLOCKSTART_PLL_ERROR   3u
 103:Generated_Source\PSoC4/cyfitter_cfg.c **** #define CYCLOCKSTART_FLL_ERROR   4u
 104:Generated_Source\PSoC4/cyfitter_cfg.c **** #define CYCLOCKSTART_WCO_ERROR   5u
 105:Generated_Source\PSoC4/cyfitter_cfg.c **** 
 106:Generated_Source\PSoC4/cyfitter_cfg.c **** 
 107:Generated_Source\PSoC4/cyfitter_cfg.c **** #ifdef CY_NEED_CYCLOCKSTARTUPERROR
 108:Generated_Source\PSoC4/cyfitter_cfg.c **** /*******************************************************************************
 109:Generated_Source\PSoC4/cyfitter_cfg.c **** * Function Name: CyClockStartupError
 110:Generated_Source\PSoC4/cyfitter_cfg.c **** ********************************************************************************
 111:Generated_Source\PSoC4/cyfitter_cfg.c **** * Summary:
 112:Generated_Source\PSoC4/cyfitter_cfg.c **** *  If an error is encountered during clock configuration (crystal startup error,
 113:Generated_Source\PSoC4/cyfitter_cfg.c **** *  PLL lock error, etc.), the system will end up here.  Unless reimplemented by
 114:Generated_Source\PSoC4/cyfitter_cfg.c **** *  the customer, this function will stop in an infinite loop.
 115:Generated_Source\PSoC4/cyfitter_cfg.c **** *
 116:Generated_Source\PSoC4/cyfitter_cfg.c **** * Parameters:
 117:Generated_Source\PSoC4/cyfitter_cfg.c **** *   void
 118:Generated_Source\PSoC4/cyfitter_cfg.c **** *
 119:Generated_Source\PSoC4/cyfitter_cfg.c **** * Return:
 120:Generated_Source\PSoC4/cyfitter_cfg.c **** *   void
 121:Generated_Source\PSoC4/cyfitter_cfg.c **** *
 122:Generated_Source\PSoC4/cyfitter_cfg.c **** *******************************************************************************/
 123:Generated_Source\PSoC4/cyfitter_cfg.c **** CY_CFG_UNUSED
 124:Generated_Source\PSoC4/cyfitter_cfg.c **** static void CyClockStartupError(uint8 errorCode);
 125:Generated_Source\PSoC4/cyfitter_cfg.c **** CY_CFG_UNUSED
 126:Generated_Source\PSoC4/cyfitter_cfg.c **** static void CyClockStartupError(uint8 errorCode)
 127:Generated_Source\PSoC4/cyfitter_cfg.c **** {
 128:Generated_Source\PSoC4/cyfitter_cfg.c ****     /* To remove the compiler warning if errorCode not used.                */
 129:Generated_Source\PSoC4/cyfitter_cfg.c ****     errorCode = errorCode;
 130:Generated_Source\PSoC4/cyfitter_cfg.c **** 
 131:Generated_Source\PSoC4/cyfitter_cfg.c ****     /* If we have a clock startup error (bad MHz crystal, PLL lock, etc.),  */
 132:Generated_Source\PSoC4/cyfitter_cfg.c ****     /* we will end up here to allow the customer to implement something to  */
 133:Generated_Source\PSoC4/cyfitter_cfg.c ****     /* deal with the clock condition.                                       */
 134:Generated_Source\PSoC4/cyfitter_cfg.c **** 
 135:Generated_Source\PSoC4/cyfitter_cfg.c **** #ifdef CY_CFG_CLOCK_STARTUP_ERROR_CALLBACK
 136:Generated_Source\PSoC4/cyfitter_cfg.c ****     CY_CFG_Clock_Startup_ErrorCallback();
 137:Generated_Source\PSoC4/cyfitter_cfg.c **** #else
 138:Generated_Source\PSoC4/cyfitter_cfg.c ****     /*  If not using CY_CFG_CLOCK_STARTUP_ERROR_CALLBACK, place your clock startup code here. */
 139:Generated_Source\PSoC4/cyfitter_cfg.c ****     /* `#START CyClockStartupError` */
 140:Generated_Source\PSoC4/cyfitter_cfg.c **** 
 141:Generated_Source\PSoC4/cyfitter_cfg.c **** 
 142:Generated_Source\PSoC4/cyfitter_cfg.c **** 
 143:Generated_Source\PSoC4/cyfitter_cfg.c ****     /* `#END` */
 144:Generated_Source\PSoC4/cyfitter_cfg.c **** 
 145:Generated_Source\PSoC4/cyfitter_cfg.c ****     while(1) {}
ARM GAS  C:\Users\srhi\AppData\Local\Temp\ccjcvjvz.s 			page 4


 146:Generated_Source\PSoC4/cyfitter_cfg.c **** #endif /* CY_CFG_CLOCK_STARTUP_ERROR_CALLBACK */
 147:Generated_Source\PSoC4/cyfitter_cfg.c **** }
 148:Generated_Source\PSoC4/cyfitter_cfg.c **** #endif
 149:Generated_Source\PSoC4/cyfitter_cfg.c **** 
 150:Generated_Source\PSoC4/cyfitter_cfg.c **** #define CY_CFG_BASE_ADDR_COUNT 6u
 151:Generated_Source\PSoC4/cyfitter_cfg.c **** CYPACKED typedef struct
 152:Generated_Source\PSoC4/cyfitter_cfg.c **** {
 153:Generated_Source\PSoC4/cyfitter_cfg.c **** 	uint8 offset;
 154:Generated_Source\PSoC4/cyfitter_cfg.c **** 	uint8 value;
 155:Generated_Source\PSoC4/cyfitter_cfg.c **** } CYPACKED_ATTR cy_cfg_addrvalue_t;
 156:Generated_Source\PSoC4/cyfitter_cfg.c **** 
 157:Generated_Source\PSoC4/cyfitter_cfg.c **** 
 158:Generated_Source\PSoC4/cyfitter_cfg.c **** 
 159:Generated_Source\PSoC4/cyfitter_cfg.c **** /*******************************************************************************
 160:Generated_Source\PSoC4/cyfitter_cfg.c **** * Function Name: cfg_write_bytes32
 161:Generated_Source\PSoC4/cyfitter_cfg.c **** ********************************************************************************
 162:Generated_Source\PSoC4/cyfitter_cfg.c **** * Summary:
 163:Generated_Source\PSoC4/cyfitter_cfg.c **** *  This function is used for setting up the chip configuration areas that
 164:Generated_Source\PSoC4/cyfitter_cfg.c **** *  contain relatively sparse data.
 165:Generated_Source\PSoC4/cyfitter_cfg.c **** *
 166:Generated_Source\PSoC4/cyfitter_cfg.c **** * Parameters:
 167:Generated_Source\PSoC4/cyfitter_cfg.c **** *   void
 168:Generated_Source\PSoC4/cyfitter_cfg.c **** *
 169:Generated_Source\PSoC4/cyfitter_cfg.c **** * Return:
 170:Generated_Source\PSoC4/cyfitter_cfg.c **** *   void
 171:Generated_Source\PSoC4/cyfitter_cfg.c **** *
 172:Generated_Source\PSoC4/cyfitter_cfg.c **** *******************************************************************************/
 173:Generated_Source\PSoC4/cyfitter_cfg.c **** static void cfg_write_bytes32(const uint32 addr_table[], const cy_cfg_addrvalue_t data_table[]);
 174:Generated_Source\PSoC4/cyfitter_cfg.c **** static void cfg_write_bytes32(const uint32 addr_table[], const cy_cfg_addrvalue_t data_table[])
 175:Generated_Source\PSoC4/cyfitter_cfg.c **** {
  27              		.loc 1 175 0
  28              		.cfi_startproc
  29              		@ args = 0, pretend = 0, frame = 0
  30              		@ frame_needed = 0, uses_anonymous_args = 0
  31              	.LVL0:
  32 0000 F0B5     		push	{r4, r5, r6, r7, lr}
  33              		.cfi_def_cfa_offset 20
  34              		.cfi_offset 4, -20
  35              		.cfi_offset 5, -16
  36              		.cfi_offset 6, -12
  37              		.cfi_offset 7, -8
  38              		.cfi_offset 14, -4
  39              	.LVL1:
 176:Generated_Source\PSoC4/cyfitter_cfg.c **** 	/* For 32-bit little-endian architectures */
 177:Generated_Source\PSoC4/cyfitter_cfg.c **** 	uint32 i, j = 0u;
  40              		.loc 1 177 0
  41 0002 0025     		movs	r5, #0
 178:Generated_Source\PSoC4/cyfitter_cfg.c **** 	for (i = 0u; i < CY_CFG_BASE_ADDR_COUNT; i++)
  42              		.loc 1 178 0
  43 0004 0027     		movs	r7, #0
  44 0006 11E0     		b	.L2
  45              	.LVL2:
  46              	.L5:
  47              	.LBB2:
 179:Generated_Source\PSoC4/cyfitter_cfg.c **** 	{
 180:Generated_Source\PSoC4/cyfitter_cfg.c **** 		uint32 baseAddr = addr_table[i];
  48              		.loc 1 180 0
ARM GAS  C:\Users\srhi\AppData\Local\Temp\ccjcvjvz.s 			page 5


  49 0008 BB00     		lsls	r3, r7, #2
  50 000a C658     		ldr	r6, [r0, r3]
  51              	.LVL3:
 181:Generated_Source\PSoC4/cyfitter_cfg.c **** 		uint8 count = (uint8)baseAddr;
  52              		.loc 1 181 0
  53 000c F3B2     		uxtb	r3, r6
  54              	.LVL4:
 182:Generated_Source\PSoC4/cyfitter_cfg.c **** 		baseAddr &= 0xFFFFFF00u;
  55              		.loc 1 182 0
  56 000e FF22     		movs	r2, #255
  57 0010 9643     		bics	r6, r2
  58              	.LVL5:
 183:Generated_Source\PSoC4/cyfitter_cfg.c **** 		while (count != 0u)
  59              		.loc 1 183 0
  60 0012 08E0     		b	.L3
  61              	.L4:
 184:Generated_Source\PSoC4/cyfitter_cfg.c **** 		{
 185:Generated_Source\PSoC4/cyfitter_cfg.c **** 			CY_SET_REG8((void *)(baseAddr + data_table[j].offset), data_table[j].value);
  62              		.loc 1 185 0
  63 0014 6A00     		lsls	r2, r5, #1
  64 0016 8A18     		adds	r2, r1, r2
  65 0018 1478     		ldrb	r4, [r2]
  66 001a A419     		adds	r4, r4, r6
  67 001c 5278     		ldrb	r2, [r2, #1]
  68 001e 2270     		strb	r2, [r4]
 186:Generated_Source\PSoC4/cyfitter_cfg.c **** 			j++;
  69              		.loc 1 186 0
  70 0020 0135     		adds	r5, r5, #1
  71              	.LVL6:
 187:Generated_Source\PSoC4/cyfitter_cfg.c **** 			count--;
  72              		.loc 1 187 0
  73 0022 013B     		subs	r3, r3, #1
  74              	.LVL7:
  75 0024 DBB2     		uxtb	r3, r3
  76              	.LVL8:
  77              	.L3:
 183:Generated_Source\PSoC4/cyfitter_cfg.c **** 		{
  78              		.loc 1 183 0
  79 0026 002B     		cmp	r3, #0
  80 0028 F4D1     		bne	.L4
  81              	.LBE2:
 178:Generated_Source\PSoC4/cyfitter_cfg.c **** 	{
  82              		.loc 1 178 0 discriminator 2
  83 002a 0137     		adds	r7, r7, #1
  84              	.LVL9:
  85              	.L2:
 178:Generated_Source\PSoC4/cyfitter_cfg.c **** 	{
  86              		.loc 1 178 0 is_stmt 0 discriminator 1
  87 002c 052F     		cmp	r7, #5
  88 002e EBD9     		bls	.L5
 188:Generated_Source\PSoC4/cyfitter_cfg.c **** 		}
 189:Generated_Source\PSoC4/cyfitter_cfg.c **** 	}
 190:Generated_Source\PSoC4/cyfitter_cfg.c **** }
  89              		.loc 1 190 0 is_stmt 1
  90              		@ sp needed
  91              	.LVL10:
  92              	.LVL11:
ARM GAS  C:\Users\srhi\AppData\Local\Temp\ccjcvjvz.s 			page 6


  93 0030 F0BD     		pop	{r4, r5, r6, r7, pc}
  94              		.cfi_endproc
  95              	.LFE3:
  96              		.size	cfg_write_bytes32, .-cfg_write_bytes32
  97 0032 C046     		.section	.text.CYMEMZERO,"ax",%progbits
  98              		.align	2
  99              		.code	16
 100              		.thumb_func
 101              		.type	CYMEMZERO, %function
 102              	CYMEMZERO:
 103              	.LFB0:
  77:Generated_Source\PSoC4/cyfitter_cfg.c **** 	(void)memset(s, 0, n);
 104              		.loc 1 77 0
 105              		.cfi_startproc
 106              		@ args = 0, pretend = 0, frame = 0
 107              		@ frame_needed = 0, uses_anonymous_args = 0
 108              	.LVL12:
 109 0000 10B5     		push	{r4, lr}
 110              		.cfi_def_cfa_offset 8
 111              		.cfi_offset 4, -8
 112              		.cfi_offset 14, -4
 113 0002 0A00     		movs	r2, r1
  78:Generated_Source\PSoC4/cyfitter_cfg.c **** }
 114              		.loc 1 78 0
 115 0004 0021     		movs	r1, #0
 116              	.LVL13:
 117 0006 FFF7FEFF 		bl	memset
 118              	.LVL14:
  79:Generated_Source\PSoC4/cyfitter_cfg.c **** CY_CFG_UNUSED
 119              		.loc 1 79 0
 120              		@ sp needed
 121 000a 10BD     		pop	{r4, pc}
 122              		.cfi_endproc
 123              	.LFE0:
 124              		.size	CYMEMZERO, .-CYMEMZERO
 125              		.section	.psocinit,"ax",%progbits
 126              		.align	2
 127              		.code	16
 128              		.thumb_func
 129              		.type	ClockSetup, %function
 130              	ClockSetup:
 131              	.LFB4:
 191:Generated_Source\PSoC4/cyfitter_cfg.c **** 
 192:Generated_Source\PSoC4/cyfitter_cfg.c **** 
 193:Generated_Source\PSoC4/cyfitter_cfg.c **** /*******************************************************************************
 194:Generated_Source\PSoC4/cyfitter_cfg.c **** * Function Name: ClockSetup
 195:Generated_Source\PSoC4/cyfitter_cfg.c **** ********************************************************************************
 196:Generated_Source\PSoC4/cyfitter_cfg.c **** *
 197:Generated_Source\PSoC4/cyfitter_cfg.c **** * Summary:
 198:Generated_Source\PSoC4/cyfitter_cfg.c **** *   Performs the initialization of all of the clocks in the device based on the
 199:Generated_Source\PSoC4/cyfitter_cfg.c **** *   settings in the Clock tab of the DWR.  This includes enabling the requested
 200:Generated_Source\PSoC4/cyfitter_cfg.c **** *   clocks and setting the necessary dividers to produce the desired frequency. 
 201:Generated_Source\PSoC4/cyfitter_cfg.c **** *
 202:Generated_Source\PSoC4/cyfitter_cfg.c **** * Parameters:
 203:Generated_Source\PSoC4/cyfitter_cfg.c **** *   void
 204:Generated_Source\PSoC4/cyfitter_cfg.c **** *
 205:Generated_Source\PSoC4/cyfitter_cfg.c **** * Return:
ARM GAS  C:\Users\srhi\AppData\Local\Temp\ccjcvjvz.s 			page 7


 206:Generated_Source\PSoC4/cyfitter_cfg.c **** *   void
 207:Generated_Source\PSoC4/cyfitter_cfg.c **** *
 208:Generated_Source\PSoC4/cyfitter_cfg.c **** *******************************************************************************/
 209:Generated_Source\PSoC4/cyfitter_cfg.c **** static void ClockSetup(void);
 210:Generated_Source\PSoC4/cyfitter_cfg.c **** CY_CFG_SECTION
 211:Generated_Source\PSoC4/cyfitter_cfg.c **** static void ClockSetup(void)
 212:Generated_Source\PSoC4/cyfitter_cfg.c **** {
 132              		.loc 1 212 0
 133              		.cfi_startproc
 134              		@ args = 0, pretend = 0, frame = 0
 135              		@ frame_needed = 0, uses_anonymous_args = 0
 136 0000 70B5     		push	{r4, r5, r6, lr}
 137              		.cfi_def_cfa_offset 16
 138              		.cfi_offset 4, -16
 139              		.cfi_offset 5, -12
 140              		.cfi_offset 6, -8
 141              		.cfi_offset 14, -4
 213:Generated_Source\PSoC4/cyfitter_cfg.c **** 	/* Enable HALF_EN before trimming for the flash accelerator. */
 214:Generated_Source\PSoC4/cyfitter_cfg.c **** 	CY_SET_REG32((void CYXDATA *)(CYREG_CLK_SELECT), (CY_GET_REG32((void *)CYREG_CLK_SELECT) | 0x00040
 142              		.loc 1 214 0
 143 0002 164C     		ldr	r4, .L8
 144 0004 2368     		ldr	r3, [r4]
 145 0006 8022     		movs	r2, #128
 146 0008 D202     		lsls	r2, r2, #11
 147 000a 1343     		orrs	r3, r2
 148 000c 2360     		str	r3, [r4]
 215:Generated_Source\PSoC4/cyfitter_cfg.c **** 
 216:Generated_Source\PSoC4/cyfitter_cfg.c **** 	/* Setup and trim IMO based on desired frequency. */
 217:Generated_Source\PSoC4/cyfitter_cfg.c **** 	CySysClkWriteImoFreq(24u);
 149              		.loc 1 217 0
 150 000e 1820     		movs	r0, #24
 151 0010 FFF7FEFF 		bl	CySysClkWriteImoFreq
 152              	.LVL15:
 218:Generated_Source\PSoC4/cyfitter_cfg.c **** 
 219:Generated_Source\PSoC4/cyfitter_cfg.c **** 	/* Disable HALF_EN since it is not required at this IMO frequency. */
 220:Generated_Source\PSoC4/cyfitter_cfg.c **** 	CY_SET_REG32((void CYXDATA *)(CYREG_CLK_SELECT), (CY_GET_REG32((void *)CYREG_CLK_SELECT) & 0xFFFBF
 153              		.loc 1 220 0
 154 0014 2268     		ldr	r2, [r4]
 155 0016 124B     		ldr	r3, .L8+4
 156 0018 1340     		ands	r3, r2
 157 001a 2360     		str	r3, [r4]
 221:Generated_Source\PSoC4/cyfitter_cfg.c **** 	/* CYDEV_CLK_ILO_CONFIG Starting address: CYDEV_CLK_ILO_CONFIG */
 222:Generated_Source\PSoC4/cyfitter_cfg.c **** 	CY_SET_REG32((void *)(CYREG_CLK_ILO_CONFIG), 0x80000006u);
 158              		.loc 1 222 0
 159 001c 114A     		ldr	r2, .L8+8
 160 001e 124B     		ldr	r3, .L8+12
 161 0020 1A60     		str	r2, [r3]
 223:Generated_Source\PSoC4/cyfitter_cfg.c **** 
 224:Generated_Source\PSoC4/cyfitter_cfg.c **** 
 225:Generated_Source\PSoC4/cyfitter_cfg.c **** 	/* CYDEV_CLK_SELECT00 Starting address: CYDEV_CLK_SELECT00 */
 226:Generated_Source\PSoC4/cyfitter_cfg.c **** 	CY_SET_REG32((void *)(CYREG_CLK_SELECT03), 0x00000010u);
 162              		.loc 1 226 0
 163 0022 1022     		movs	r2, #16
 164 0024 114B     		ldr	r3, .L8+16
 165 0026 1A60     		str	r2, [r3]
 227:Generated_Source\PSoC4/cyfitter_cfg.c **** 	CY_SET_REG32((void *)(CYREG_CLK_SELECT12), 0x00000020u);
 166              		.loc 1 227 0
ARM GAS  C:\Users\srhi\AppData\Local\Temp\ccjcvjvz.s 			page 8


 167 0028 1032     		adds	r2, r2, #16
 168 002a 114B     		ldr	r3, .L8+20
 169 002c 1A60     		str	r2, [r3]
 228:Generated_Source\PSoC4/cyfitter_cfg.c **** 
 229:Generated_Source\PSoC4/cyfitter_cfg.c **** 	/* CYDEV_CLK_IMO_CONFIG Starting address: CYDEV_CLK_IMO_CONFIG */
 230:Generated_Source\PSoC4/cyfitter_cfg.c **** 	CY_SET_REG32((void *)(CYREG_CLK_IMO_CONFIG), 0x80000000u);
 170              		.loc 1 230 0
 171 002e 8022     		movs	r2, #128
 172 0030 1206     		lsls	r2, r2, #24
 173 0032 104B     		ldr	r3, .L8+24
 174 0034 1A60     		str	r2, [r3]
 231:Generated_Source\PSoC4/cyfitter_cfg.c **** 
 232:Generated_Source\PSoC4/cyfitter_cfg.c **** 	/* CYDEV_CLK_SELECT Starting address: CYDEV_CLK_SELECT */
 233:Generated_Source\PSoC4/cyfitter_cfg.c **** 	CY_SET_REG32((void *)(CYREG_CLK_SELECT), 0x00000000u);
 175              		.loc 1 233 0
 176 0036 0025     		movs	r5, #0
 177 0038 2560     		str	r5, [r4]
 234:Generated_Source\PSoC4/cyfitter_cfg.c **** 
 235:Generated_Source\PSoC4/cyfitter_cfg.c **** 	/* CYDEV_CLK_DIVIDER_A00 Starting address: CYDEV_CLK_DIVIDER_A00 */
 236:Generated_Source\PSoC4/cyfitter_cfg.c **** 	CY_SET_REG32((void *)(CYREG_CLK_DIVIDER_A00), 0x8000000Eu);
 178              		.loc 1 236 0
 179 003a 0F4A     		ldr	r2, .L8+28
 180 003c 0F4B     		ldr	r3, .L8+32
 181 003e 1A60     		str	r2, [r3]
 237:Generated_Source\PSoC4/cyfitter_cfg.c **** 
 238:Generated_Source\PSoC4/cyfitter_cfg.c **** 	/* CYDEV_CLK_DIVIDER_B00 Starting address: CYDEV_CLK_DIVIDER_B00 */
 239:Generated_Source\PSoC4/cyfitter_cfg.c **** 	CY_SET_REG32((void *)(CYREG_CLK_DIVIDER_B00), 0x800012BFu);
 182              		.loc 1 239 0
 183 0040 0F4A     		ldr	r2, .L8+36
 184 0042 104B     		ldr	r3, .L8+40
 185 0044 1A60     		str	r2, [r3]
 240:Generated_Source\PSoC4/cyfitter_cfg.c **** 
 241:Generated_Source\PSoC4/cyfitter_cfg.c **** 	(void)CyIntSetVector(9u, &CySysWdtIsr);
 186              		.loc 1 241 0
 187 0046 1049     		ldr	r1, .L8+44
 188 0048 0920     		movs	r0, #9
 189 004a FFF7FEFF 		bl	CyIntSetVector
 190              	.LVL16:
 242:Generated_Source\PSoC4/cyfitter_cfg.c **** 	CyIntEnable(9u);
 191              		.loc 1 242 0
 192 004e 0920     		movs	r0, #9
 193 0050 FFF7FEFF 		bl	CyIntEnable
 194              	.LVL17:
 243:Generated_Source\PSoC4/cyfitter_cfg.c **** 	CY_SET_REG32((void *)(CYREG_WDT_CONFIG), 0x00000000u);
 195              		.loc 1 243 0
 196 0054 0D4B     		ldr	r3, .L8+48
 197 0056 1D60     		str	r5, [r3]
 244:Generated_Source\PSoC4/cyfitter_cfg.c **** }
 198              		.loc 1 244 0
 199              		@ sp needed
 200 0058 70BD     		pop	{r4, r5, r6, pc}
 201              	.L9:
 202 005a C046     		.align	2
 203              	.L8:
 204 005c 00010B40 		.word	1074462976
 205 0060 FFFFFBFF 		.word	-262145
 206 0064 06000080 		.word	-2147483642
ARM GAS  C:\Users\srhi\AppData\Local\Temp\ccjcvjvz.s 			page 9


 207 0068 04010B40 		.word	1074462980
 208 006c 0C020240 		.word	1073873420
 209 0070 30020240 		.word	1073873456
 210 0074 08010B40 		.word	1074462984
 211 0078 0E000080 		.word	-2147483634
 212 007c 00000240 		.word	1073872896
 213 0080 BF120080 		.word	-2147478849
 214 0084 40000240 		.word	1073872960
 215 0088 00000000 		.word	CySysWdtIsr
 216 008c 0C020B40 		.word	1074463244
 217              		.cfi_endproc
 218              	.LFE4:
 219              		.size	ClockSetup, .-ClockSetup
 220              		.align	2
 221              		.global	cyfitter_cfg
 222              		.code	16
 223              		.thumb_func
 224              		.type	cyfitter_cfg, %function
 225              	cyfitter_cfg:
 226              	.LFB6:
 245:Generated_Source\PSoC4/cyfitter_cfg.c **** 
 246:Generated_Source\PSoC4/cyfitter_cfg.c **** 
 247:Generated_Source\PSoC4/cyfitter_cfg.c **** /* Analog API Functions */
 248:Generated_Source\PSoC4/cyfitter_cfg.c **** 
 249:Generated_Source\PSoC4/cyfitter_cfg.c **** 
 250:Generated_Source\PSoC4/cyfitter_cfg.c **** /*******************************************************************************
 251:Generated_Source\PSoC4/cyfitter_cfg.c **** * Function Name: AnalogSetDefault
 252:Generated_Source\PSoC4/cyfitter_cfg.c **** ********************************************************************************
 253:Generated_Source\PSoC4/cyfitter_cfg.c **** *
 254:Generated_Source\PSoC4/cyfitter_cfg.c **** * Summary:
 255:Generated_Source\PSoC4/cyfitter_cfg.c **** *  Sets up the analog portions of the chip to default values based on chip
 256:Generated_Source\PSoC4/cyfitter_cfg.c **** *  configuration options from the project.
 257:Generated_Source\PSoC4/cyfitter_cfg.c **** *
 258:Generated_Source\PSoC4/cyfitter_cfg.c **** * Parameters:
 259:Generated_Source\PSoC4/cyfitter_cfg.c **** *  void
 260:Generated_Source\PSoC4/cyfitter_cfg.c **** *
 261:Generated_Source\PSoC4/cyfitter_cfg.c **** * Return:
 262:Generated_Source\PSoC4/cyfitter_cfg.c **** *  void
 263:Generated_Source\PSoC4/cyfitter_cfg.c **** *
 264:Generated_Source\PSoC4/cyfitter_cfg.c **** *******************************************************************************/
 265:Generated_Source\PSoC4/cyfitter_cfg.c **** static void AnalogSetDefault(void);
 266:Generated_Source\PSoC4/cyfitter_cfg.c **** static void AnalogSetDefault(void)
 267:Generated_Source\PSoC4/cyfitter_cfg.c **** {
 268:Generated_Source\PSoC4/cyfitter_cfg.c **** }
 269:Generated_Source\PSoC4/cyfitter_cfg.c **** 
 270:Generated_Source\PSoC4/cyfitter_cfg.c **** 
 271:Generated_Source\PSoC4/cyfitter_cfg.c **** 
 272:Generated_Source\PSoC4/cyfitter_cfg.c **** 
 273:Generated_Source\PSoC4/cyfitter_cfg.c **** /*******************************************************************************
 274:Generated_Source\PSoC4/cyfitter_cfg.c **** * Function Name: cyfitter_cfg
 275:Generated_Source\PSoC4/cyfitter_cfg.c **** ********************************************************************************
 276:Generated_Source\PSoC4/cyfitter_cfg.c **** * Summary:
 277:Generated_Source\PSoC4/cyfitter_cfg.c **** *  This function is called by the start-up code for the selected device. It
 278:Generated_Source\PSoC4/cyfitter_cfg.c **** *  performs all of the necessary device configuration based on the design
 279:Generated_Source\PSoC4/cyfitter_cfg.c **** *  settings.  This includes settings from the Design Wide Resources (DWR) such
 280:Generated_Source\PSoC4/cyfitter_cfg.c **** *  as Clocks and Pins as well as any component configuration that is necessary.
 281:Generated_Source\PSoC4/cyfitter_cfg.c **** *
ARM GAS  C:\Users\srhi\AppData\Local\Temp\ccjcvjvz.s 			page 10


 282:Generated_Source\PSoC4/cyfitter_cfg.c **** * Parameters:
 283:Generated_Source\PSoC4/cyfitter_cfg.c **** *   void
 284:Generated_Source\PSoC4/cyfitter_cfg.c **** *
 285:Generated_Source\PSoC4/cyfitter_cfg.c **** * Return:
 286:Generated_Source\PSoC4/cyfitter_cfg.c **** *   void
 287:Generated_Source\PSoC4/cyfitter_cfg.c **** *
 288:Generated_Source\PSoC4/cyfitter_cfg.c **** *******************************************************************************/
 289:Generated_Source\PSoC4/cyfitter_cfg.c **** CY_CFG_SECTION
 290:Generated_Source\PSoC4/cyfitter_cfg.c **** void cyfitter_cfg(void)
 291:Generated_Source\PSoC4/cyfitter_cfg.c **** {
 227              		.loc 1 291 0
 228              		.cfi_startproc
 229              		@ args = 0, pretend = 0, frame = 0
 230              		@ frame_needed = 0, uses_anonymous_args = 0
 231 0090 10B5     		push	{r4, lr}
 232              		.cfi_def_cfa_offset 8
 233              		.cfi_offset 4, -8
 234              		.cfi_offset 14, -4
 292:Generated_Source\PSoC4/cyfitter_cfg.c **** 	/* Disable interrupts by default. Let user enable if/when they want. */
 293:Generated_Source\PSoC4/cyfitter_cfg.c **** 	CyGlobalIntDisable;
 235              		.loc 1 293 0
 236              		.syntax divided
 237              	@ 293 "Generated_Source\PSoC4\cyfitter_cfg.c" 1
 238 0092 72B6     		CPSID   i
 239              	@ 0 "" 2
 240              	.LVL18:
 241              		.thumb
 242              		.syntax unified
 243              	.LBB3:
 294:Generated_Source\PSoC4/cyfitter_cfg.c **** 
 295:Generated_Source\PSoC4/cyfitter_cfg.c **** 	{
 296:Generated_Source\PSoC4/cyfitter_cfg.c **** 		static const uint32 CYCODE cy_cfg_addr_table[] = {
 297:Generated_Source\PSoC4/cyfitter_cfg.c **** 			0x400F3210u, /* Base address: 0x400F3200 Count: 16 */
 298:Generated_Source\PSoC4/cyfitter_cfg.c **** 			0x400F3314u, /* Base address: 0x400F3300 Count: 20 */
 299:Generated_Source\PSoC4/cyfitter_cfg.c **** 			0x400F4003u, /* Base address: 0x400F4000 Count: 3 */
 300:Generated_Source\PSoC4/cyfitter_cfg.c **** 			0x400F4109u, /* Base address: 0x400F4100 Count: 9 */
 301:Generated_Source\PSoC4/cyfitter_cfg.c **** 			0x400F430Au, /* Base address: 0x400F4300 Count: 10 */
 302:Generated_Source\PSoC4/cyfitter_cfg.c **** 			0x400F6002u, /* Base address: 0x400F6000 Count: 2 */
 303:Generated_Source\PSoC4/cyfitter_cfg.c **** 		};
 304:Generated_Source\PSoC4/cyfitter_cfg.c **** 
 305:Generated_Source\PSoC4/cyfitter_cfg.c **** 		static const cy_cfg_addrvalue_t CYCODE cy_cfg_data_table[] = {
 306:Generated_Source\PSoC4/cyfitter_cfg.c **** 			{0x03u, 0x01u},
 307:Generated_Source\PSoC4/cyfitter_cfg.c **** 			{0x08u, 0x08u},
 308:Generated_Source\PSoC4/cyfitter_cfg.c **** 			{0x0Cu, 0x02u},
 309:Generated_Source\PSoC4/cyfitter_cfg.c **** 			{0x14u, 0x04u},
 310:Generated_Source\PSoC4/cyfitter_cfg.c **** 			{0x20u, 0x01u},
 311:Generated_Source\PSoC4/cyfitter_cfg.c **** 			{0x30u, 0x02u},
 312:Generated_Source\PSoC4/cyfitter_cfg.c **** 			{0x32u, 0x04u},
 313:Generated_Source\PSoC4/cyfitter_cfg.c **** 			{0x34u, 0x01u},
 314:Generated_Source\PSoC4/cyfitter_cfg.c **** 			{0x35u, 0x01u},
 315:Generated_Source\PSoC4/cyfitter_cfg.c **** 			{0x36u, 0x08u},
 316:Generated_Source\PSoC4/cyfitter_cfg.c **** 			{0x3Bu, 0x20u},
 317:Generated_Source\PSoC4/cyfitter_cfg.c **** 			{0x3Eu, 0x55u},
 318:Generated_Source\PSoC4/cyfitter_cfg.c **** 			{0x58u, 0x04u},
 319:Generated_Source\PSoC4/cyfitter_cfg.c **** 			{0x59u, 0x04u},
 320:Generated_Source\PSoC4/cyfitter_cfg.c **** 			{0x5Bu, 0x04u},
 321:Generated_Source\PSoC4/cyfitter_cfg.c **** 			{0x5Fu, 0x01u},
ARM GAS  C:\Users\srhi\AppData\Local\Temp\ccjcvjvz.s 			page 11


 322:Generated_Source\PSoC4/cyfitter_cfg.c **** 			{0x05u, 0x10u},
 323:Generated_Source\PSoC4/cyfitter_cfg.c **** 			{0x07u, 0x02u},
 324:Generated_Source\PSoC4/cyfitter_cfg.c **** 			{0x0Fu, 0x20u},
 325:Generated_Source\PSoC4/cyfitter_cfg.c **** 			{0x15u, 0x01u},
 326:Generated_Source\PSoC4/cyfitter_cfg.c **** 			{0x1Eu, 0xAAu},
 327:Generated_Source\PSoC4/cyfitter_cfg.c **** 			{0x27u, 0x04u},
 328:Generated_Source\PSoC4/cyfitter_cfg.c **** 			{0x3Fu, 0x01u},
 329:Generated_Source\PSoC4/cyfitter_cfg.c **** 			{0x5Eu, 0xAAu},
 330:Generated_Source\PSoC4/cyfitter_cfg.c **** 			{0x83u, 0x11u},
 331:Generated_Source\PSoC4/cyfitter_cfg.c **** 			{0x87u, 0x02u},
 332:Generated_Source\PSoC4/cyfitter_cfg.c **** 			{0x89u, 0x01u},
 333:Generated_Source\PSoC4/cyfitter_cfg.c **** 			{0x8Du, 0x10u},
 334:Generated_Source\PSoC4/cyfitter_cfg.c **** 			{0x8Fu, 0x04u},
 335:Generated_Source\PSoC4/cyfitter_cfg.c **** 			{0xC0u, 0xC0u},
 336:Generated_Source\PSoC4/cyfitter_cfg.c **** 			{0xC2u, 0x20u},
 337:Generated_Source\PSoC4/cyfitter_cfg.c **** 			{0xC4u, 0x10u},
 338:Generated_Source\PSoC4/cyfitter_cfg.c **** 			{0xCEu, 0x80u},
 339:Generated_Source\PSoC4/cyfitter_cfg.c **** 			{0xD6u, 0xF0u},
 340:Generated_Source\PSoC4/cyfitter_cfg.c **** 			{0xE0u, 0x40u},
 341:Generated_Source\PSoC4/cyfitter_cfg.c **** 			{0xE6u, 0x01u},
 342:Generated_Source\PSoC4/cyfitter_cfg.c **** 			{0x09u, 0x80u},
 343:Generated_Source\PSoC4/cyfitter_cfg.c **** 			{0x0Au, 0x20u},
 344:Generated_Source\PSoC4/cyfitter_cfg.c **** 			{0xC2u, 0x50u},
 345:Generated_Source\PSoC4/cyfitter_cfg.c **** 			{0x0Eu, 0x10u},
 346:Generated_Source\PSoC4/cyfitter_cfg.c **** 			{0x82u, 0x10u},
 347:Generated_Source\PSoC4/cyfitter_cfg.c **** 			{0x85u, 0x80u},
 348:Generated_Source\PSoC4/cyfitter_cfg.c **** 			{0x8Eu, 0x10u},
 349:Generated_Source\PSoC4/cyfitter_cfg.c **** 			{0x92u, 0x20u},
 350:Generated_Source\PSoC4/cyfitter_cfg.c **** 			{0xA1u, 0x80u},
 351:Generated_Source\PSoC4/cyfitter_cfg.c **** 			{0xC2u, 0x20u},
 352:Generated_Source\PSoC4/cyfitter_cfg.c **** 			{0xE0u, 0x80u},
 353:Generated_Source\PSoC4/cyfitter_cfg.c **** 			{0xE4u, 0x40u},
 354:Generated_Source\PSoC4/cyfitter_cfg.c **** 			{0x08u, 0x02u},
 355:Generated_Source\PSoC4/cyfitter_cfg.c **** 			{0x0Au, 0x01u},
 356:Generated_Source\PSoC4/cyfitter_cfg.c **** 			{0x62u, 0x04u},
 357:Generated_Source\PSoC4/cyfitter_cfg.c **** 			{0x80u, 0x02u},
 358:Generated_Source\PSoC4/cyfitter_cfg.c **** 			{0x8Au, 0x01u},
 359:Generated_Source\PSoC4/cyfitter_cfg.c **** 			{0x8Eu, 0x04u},
 360:Generated_Source\PSoC4/cyfitter_cfg.c **** 			{0xC2u, 0x0Au},
 361:Generated_Source\PSoC4/cyfitter_cfg.c **** 			{0xD8u, 0x02u},
 362:Generated_Source\PSoC4/cyfitter_cfg.c **** 			{0xE4u, 0x08u},
 363:Generated_Source\PSoC4/cyfitter_cfg.c **** 			{0xE6u, 0x01u},
 364:Generated_Source\PSoC4/cyfitter_cfg.c **** 			{0x01u, 0x01u},
 365:Generated_Source\PSoC4/cyfitter_cfg.c **** 			{0x10u, 0x01u},
 366:Generated_Source\PSoC4/cyfitter_cfg.c **** 		};
 367:Generated_Source\PSoC4/cyfitter_cfg.c **** 
 368:Generated_Source\PSoC4/cyfitter_cfg.c **** 
 369:Generated_Source\PSoC4/cyfitter_cfg.c **** 
 370:Generated_Source\PSoC4/cyfitter_cfg.c **** 		CYPACKED typedef struct {
 371:Generated_Source\PSoC4/cyfitter_cfg.c **** 			void CYFAR *address;
 372:Generated_Source\PSoC4/cyfitter_cfg.c **** 			uint16 size;
 373:Generated_Source\PSoC4/cyfitter_cfg.c **** 		} CYPACKED_ATTR cfg_memset_t;
 374:Generated_Source\PSoC4/cyfitter_cfg.c **** 
 375:Generated_Source\PSoC4/cyfitter_cfg.c **** 		static const cfg_memset_t CYCODE cfg_memset_list[] = {
 376:Generated_Source\PSoC4/cyfitter_cfg.c **** 			/* address, size */
 377:Generated_Source\PSoC4/cyfitter_cfg.c **** 			{(void CYFAR *)(CYDEV_UDB_P0_U0_BASE), 1024u},
 378:Generated_Source\PSoC4/cyfitter_cfg.c **** 			{(void CYFAR *)(CYDEV_UDB_DSI0_BASE), 1024u},
ARM GAS  C:\Users\srhi\AppData\Local\Temp\ccjcvjvz.s 			page 12


 379:Generated_Source\PSoC4/cyfitter_cfg.c **** 		};
 380:Generated_Source\PSoC4/cyfitter_cfg.c **** 
 381:Generated_Source\PSoC4/cyfitter_cfg.c **** 		uint8 CYDATA i;
 382:Generated_Source\PSoC4/cyfitter_cfg.c **** 
 383:Generated_Source\PSoC4/cyfitter_cfg.c **** 		/* Zero out critical memory blocks before beginning configuration */
 384:Generated_Source\PSoC4/cyfitter_cfg.c **** 		for (i = 0u; i < (sizeof(cfg_memset_list)/sizeof(cfg_memset_list[0])); i++)
 244              		.loc 1 384 0
 245 0094 0024     		movs	r4, #0
 246 0096 0FE0     		b	.L11
 247              	.LVL19:
 248              	.L12:
 249              	.LBB4:
 385:Generated_Source\PSoC4/cyfitter_cfg.c **** 		{
 386:Generated_Source\PSoC4/cyfitter_cfg.c **** 			const cfg_memset_t CYCODE * CYDATA ms = &cfg_memset_list[i];
 387:Generated_Source\PSoC4/cyfitter_cfg.c **** 			CYMEMZERO(ms->address, (size_t)(uint32)(ms->size));
 250              		.loc 1 387 0 discriminator 3
 251 0098 2748     		ldr	r0, .L13
 252 009a 6200     		lsls	r2, r4, #1
 253 009c 1319     		adds	r3, r2, r4
 254 009e 5900     		lsls	r1, r3, #1
 255 00a0 0B00     		movs	r3, r1
 256 00a2 4118     		adds	r1, r0, r1
 257 00a4 8988     		ldrh	r1, [r1, #4]
 258 00a6 1A5A     		ldrh	r2, [r3, r0]
 259 00a8 C318     		adds	r3, r0, r3
 260 00aa 5888     		ldrh	r0, [r3, #2]
 261 00ac 0004     		lsls	r0, r0, #16
 262 00ae 1043     		orrs	r0, r2
 263 00b0 FFF7FEFF 		bl	CYMEMZERO
 264              	.LVL20:
 265              	.LBE4:
 384:Generated_Source\PSoC4/cyfitter_cfg.c **** 		{
 266              		.loc 1 384 0 discriminator 3
 267 00b4 0134     		adds	r4, r4, #1
 268              	.LVL21:
 269 00b6 E4B2     		uxtb	r4, r4
 270              	.LVL22:
 271              	.L11:
 384:Generated_Source\PSoC4/cyfitter_cfg.c **** 		{
 272              		.loc 1 384 0 is_stmt 0 discriminator 1
 273 00b8 012C     		cmp	r4, #1
 274 00ba EDD9     		bls	.L12
 388:Generated_Source\PSoC4/cyfitter_cfg.c **** 		}
 389:Generated_Source\PSoC4/cyfitter_cfg.c **** 
 390:Generated_Source\PSoC4/cyfitter_cfg.c **** 		cfg_write_bytes32(cy_cfg_addr_table, cy_cfg_data_table);
 275              		.loc 1 390 0 is_stmt 1
 276 00bc 1E49     		ldr	r1, .L13
 277 00be 0C31     		adds	r1, r1, #12
 278 00c0 1E48     		ldr	r0, .L13+4
 279 00c2 0430     		adds	r0, r0, #4
 280 00c4 FFF7FEFF 		bl	cfg_write_bytes32
 281              	.LVL23:
 391:Generated_Source\PSoC4/cyfitter_cfg.c **** 
 392:Generated_Source\PSoC4/cyfitter_cfg.c **** 		/* HSIOM Starting address: CYDEV_HSIOM_BASE */
 393:Generated_Source\PSoC4/cyfitter_cfg.c **** 		CY_SET_REG32((void *)(CYREG_HSIOM_PORT_SEL3), 0x0030EEEEu);
 282              		.loc 1 393 0
 283 00c8 1D4A     		ldr	r2, .L13+8
ARM GAS  C:\Users\srhi\AppData\Local\Temp\ccjcvjvz.s 			page 13


 284 00ca 1E4B     		ldr	r3, .L13+12
 285 00cc 1A60     		str	r2, [r3]
 394:Generated_Source\PSoC4/cyfitter_cfg.c **** 
 395:Generated_Source\PSoC4/cyfitter_cfg.c **** 		/* UDB_PA_0 Starting address: CYDEV_UDB_PA0_BASE */
 396:Generated_Source\PSoC4/cyfitter_cfg.c **** 		CY_SET_REG32((void *)(CYDEV_UDB_PA0_BASE), 0x00990000u);
 286              		.loc 1 396 0
 287 00ce 9923     		movs	r3, #153
 288 00d0 1B04     		lsls	r3, r3, #16
 289 00d2 1D4A     		ldr	r2, .L13+16
 290 00d4 1360     		str	r3, [r2]
 397:Generated_Source\PSoC4/cyfitter_cfg.c **** 
 398:Generated_Source\PSoC4/cyfitter_cfg.c **** 		/* UDB_PA_1 Starting address: CYDEV_UDB_PA1_BASE */
 399:Generated_Source\PSoC4/cyfitter_cfg.c **** 		CY_SET_REG32((void *)(CYDEV_UDB_PA1_BASE), 0x00990000u);
 291              		.loc 1 399 0
 292 00d6 1D4A     		ldr	r2, .L13+20
 293 00d8 1360     		str	r3, [r2]
 400:Generated_Source\PSoC4/cyfitter_cfg.c **** 
 401:Generated_Source\PSoC4/cyfitter_cfg.c **** 		/* UDB_PA_2 Starting address: CYDEV_UDB_PA2_BASE */
 402:Generated_Source\PSoC4/cyfitter_cfg.c **** 		CY_SET_REG32((void *)(CYDEV_UDB_PA2_BASE), 0x00990000u);
 294              		.loc 1 402 0
 295 00da 1D4A     		ldr	r2, .L13+24
 296 00dc 1360     		str	r3, [r2]
 403:Generated_Source\PSoC4/cyfitter_cfg.c **** 
 404:Generated_Source\PSoC4/cyfitter_cfg.c **** 		/* UDB_PA_3 Starting address: CYDEV_UDB_PA3_BASE */
 405:Generated_Source\PSoC4/cyfitter_cfg.c **** 		CY_SET_REG32((void *)(CYDEV_UDB_PA3_BASE), 0x00990000u);
 297              		.loc 1 405 0
 298 00de 1D4A     		ldr	r2, .L13+28
 299 00e0 1360     		str	r3, [r2]
 406:Generated_Source\PSoC4/cyfitter_cfg.c **** 		CY_SET_REG32((void *)(CYREG_UDB_PA3_CFG8), 0x08000000u);
 300              		.loc 1 406 0
 301 00e2 8022     		movs	r2, #128
 302 00e4 1205     		lsls	r2, r2, #20
 303 00e6 1C4B     		ldr	r3, .L13+32
 304 00e8 1A60     		str	r2, [r3]
 407:Generated_Source\PSoC4/cyfitter_cfg.c **** 
 408:Generated_Source\PSoC4/cyfitter_cfg.c **** 		/* Enable UDB array and digital routing */
 409:Generated_Source\PSoC4/cyfitter_cfg.c **** 		CY_SET_XTND_REG8((void *)CYREG_UDB_UDBIF_WAIT_CFG, (uint8)((CY_GET_XTND_REG8((void *)CYREG_UDB_UD
 305              		.loc 1 409 0
 306 00ea 1C49     		ldr	r1, .L13+36
 307 00ec 0B78     		ldrb	r3, [r1]
 308 00ee 3C22     		movs	r2, #60
 309 00f0 9343     		bics	r3, r2
 310 00f2 1422     		movs	r2, #20
 311 00f4 1343     		orrs	r3, r2
 312 00f6 DBB2     		uxtb	r3, r3
 313 00f8 0B70     		strb	r3, [r1]
 410:Generated_Source\PSoC4/cyfitter_cfg.c **** 		CY_SET_XTND_REG8((void *)CYREG_UDB_UDBIF_BANK_CTL, (uint8)(CY_GET_XTND_REG8((void *)CYREG_UDB_UDB
 314              		.loc 1 410 0
 315 00fa 194A     		ldr	r2, .L13+40
 316 00fc 1178     		ldrb	r1, [r2]
 317 00fe 1623     		movs	r3, #22
 318 0100 0B43     		orrs	r3, r1
 319 0102 DBB2     		uxtb	r3, r3
 320 0104 1370     		strb	r3, [r2]
 321              	.LBE3:
 411:Generated_Source\PSoC4/cyfitter_cfg.c **** 	}
 412:Generated_Source\PSoC4/cyfitter_cfg.c **** 
ARM GAS  C:\Users\srhi\AppData\Local\Temp\ccjcvjvz.s 			page 14


 413:Generated_Source\PSoC4/cyfitter_cfg.c **** 	/* Perform second pass device configuration. These items must be configured in specific order afte
 414:Generated_Source\PSoC4/cyfitter_cfg.c **** 	/* IOPINS0_0 Starting address: CYDEV_PRT0_BASE */
 415:Generated_Source\PSoC4/cyfitter_cfg.c **** 	CY_SET_REG32((void *)(CYDEV_PRT0_BASE), 0x000000D0u);
 322              		.loc 1 415 0
 323 0106 D022     		movs	r2, #208
 324 0108 164B     		ldr	r3, .L13+44
 325 010a 1A60     		str	r2, [r3]
 416:Generated_Source\PSoC4/cyfitter_cfg.c **** 	CY_SET_REG32((void *)(CYREG_PRT0_PC), 0x004B2006u);
 326              		.loc 1 416 0
 327 010c 164A     		ldr	r2, .L13+48
 328 010e 174B     		ldr	r3, .L13+52
 329 0110 1A60     		str	r2, [r3]
 417:Generated_Source\PSoC4/cyfitter_cfg.c **** 
 418:Generated_Source\PSoC4/cyfitter_cfg.c **** 	/* IOPINS0_1 Starting address: CYDEV_PRT1_BASE */
 419:Generated_Source\PSoC4/cyfitter_cfg.c **** 	CY_SET_REG32((void *)(CYDEV_PRT1_BASE), 0x00000020u);
 330              		.loc 1 419 0
 331 0112 2022     		movs	r2, #32
 332 0114 164B     		ldr	r3, .L13+56
 333 0116 1A60     		str	r2, [r3]
 420:Generated_Source\PSoC4/cyfitter_cfg.c **** 	CY_SET_REG32((void *)(CYREG_PRT1_PC), 0x00010006u);
 334              		.loc 1 420 0
 335 0118 164A     		ldr	r2, .L13+60
 336 011a 174B     		ldr	r3, .L13+64
 337 011c 1A60     		str	r2, [r3]
 421:Generated_Source\PSoC4/cyfitter_cfg.c **** 
 422:Generated_Source\PSoC4/cyfitter_cfg.c **** 	/* IOPINS0_2 Starting address: CYDEV_PRT2_BASE */
 423:Generated_Source\PSoC4/cyfitter_cfg.c **** 	CY_SET_REG32((void *)(CYREG_PRT2_PC), 0x00DB6DB0u);
 338              		.loc 1 423 0
 339 011e 174A     		ldr	r2, .L13+68
 340 0120 174B     		ldr	r3, .L13+72
 341 0122 1A60     		str	r2, [r3]
 424:Generated_Source\PSoC4/cyfitter_cfg.c **** 
 425:Generated_Source\PSoC4/cyfitter_cfg.c **** 	/* IOPINS0_3 Starting address: CYDEV_PRT3_BASE */
 426:Generated_Source\PSoC4/cyfitter_cfg.c **** 	CY_SET_REG32((void *)(CYDEV_PRT3_BASE), 0x00000073u);
 342              		.loc 1 426 0
 343 0124 7322     		movs	r2, #115
 344 0126 174B     		ldr	r3, .L13+76
 345 0128 1A60     		str	r2, [r3]
 427:Generated_Source\PSoC4/cyfitter_cfg.c **** 	CY_SET_REG32((void *)(CYREG_PRT3_PC), 0x00CB2DA4u);
 346              		.loc 1 427 0
 347 012a 174A     		ldr	r2, .L13+80
 348 012c 174B     		ldr	r3, .L13+84
 349 012e 1A60     		str	r2, [r3]
 428:Generated_Source\PSoC4/cyfitter_cfg.c **** 
 429:Generated_Source\PSoC4/cyfitter_cfg.c **** 
 430:Generated_Source\PSoC4/cyfitter_cfg.c **** 	/* Setup clocks based on selections from Clock DWR */
 431:Generated_Source\PSoC4/cyfitter_cfg.c **** 	ClockSetup();
 350              		.loc 1 431 0
 351 0130 FFF766FF 		bl	ClockSetup
 352              	.LVL24:
 432:Generated_Source\PSoC4/cyfitter_cfg.c **** 
 433:Generated_Source\PSoC4/cyfitter_cfg.c **** 	/* Perform basic analog initialization to defaults */
 434:Generated_Source\PSoC4/cyfitter_cfg.c **** 	AnalogSetDefault();
 435:Generated_Source\PSoC4/cyfitter_cfg.c **** 
 436:Generated_Source\PSoC4/cyfitter_cfg.c **** }
 353              		.loc 1 436 0
 354              		@ sp needed
ARM GAS  C:\Users\srhi\AppData\Local\Temp\ccjcvjvz.s 			page 15


 355              	.LVL25:
 356 0134 10BD     		pop	{r4, pc}
 357              	.L14:
 358 0136 C046     		.align	2
 359              	.L13:
 360 0138 00000000 		.word	.LANCHOR0
 361 013c 80000000 		.word	.LANCHOR1
 362 0140 EEEE3000 		.word	3206894
 363 0144 0C000140 		.word	1073807372
 364 0148 00500F40 		.word	1074745344
 365 014c 10500F40 		.word	1074745360
 366 0150 20500F40 		.word	1074745376
 367 0154 30500F40 		.word	1074745392
 368 0158 38500F40 		.word	1074745400
 369 015c 01700F40 		.word	1074753537
 370 0160 00700F40 		.word	1074753536
 371 0164 00000440 		.word	1074003968
 372 0168 06204B00 		.word	4923398
 373 016c 08000440 		.word	1074003976
 374 0170 00010440 		.word	1074004224
 375 0174 06000100 		.word	65542
 376 0178 08010440 		.word	1074004232
 377 017c B06DDB00 		.word	14380464
 378 0180 08020440 		.word	1074004488
 379 0184 00030440 		.word	1074004736
 380 0188 A42DCB00 		.word	13315492
 381 018c 08030440 		.word	1074004744
 382              		.cfi_endproc
 383              	.LFE6:
 384              		.size	cyfitter_cfg, .-cyfitter_cfg
 385              		.section	.rodata
 386              		.align	2
 387              		.set	.LANCHOR0,. + 0
 388              		.set	.LANCHOR1,. + 128
 389              		.type	cfg_memset_list.4870, %object
 390              		.size	cfg_memset_list.4870, 12
 391              	cfg_memset_list.4870:
 392 0000 00300F40 		.word	1074737152
 393 0004 0004     		.short	1024
 394 0006 00400F40 		.4byte	1074741248
 395 000a 0004     		.short	1024
 396              		.type	cy_cfg_data_table.4865, %object
 397              		.size	cy_cfg_data_table.4865, 120
 398              	cy_cfg_data_table.4865:
 399 000c 03       		.byte	3
 400 000d 01       		.byte	1
 401 000e 08       		.byte	8
 402 000f 08       		.byte	8
 403 0010 0C       		.byte	12
 404 0011 02       		.byte	2
 405 0012 14       		.byte	20
 406 0013 04       		.byte	4
 407 0014 20       		.byte	32
 408 0015 01       		.byte	1
 409 0016 30       		.byte	48
 410 0017 02       		.byte	2
 411 0018 32       		.byte	50
ARM GAS  C:\Users\srhi\AppData\Local\Temp\ccjcvjvz.s 			page 16


 412 0019 04       		.byte	4
 413 001a 34       		.byte	52
 414 001b 01       		.byte	1
 415 001c 35       		.byte	53
 416 001d 01       		.byte	1
 417 001e 36       		.byte	54
 418 001f 08       		.byte	8
 419 0020 3B       		.byte	59
 420 0021 20       		.byte	32
 421 0022 3E       		.byte	62
 422 0023 55       		.byte	85
 423 0024 58       		.byte	88
 424 0025 04       		.byte	4
 425 0026 59       		.byte	89
 426 0027 04       		.byte	4
 427 0028 5B       		.byte	91
 428 0029 04       		.byte	4
 429 002a 5F       		.byte	95
 430 002b 01       		.byte	1
 431 002c 05       		.byte	5
 432 002d 10       		.byte	16
 433 002e 07       		.byte	7
 434 002f 02       		.byte	2
 435 0030 0F       		.byte	15
 436 0031 20       		.byte	32
 437 0032 15       		.byte	21
 438 0033 01       		.byte	1
 439 0034 1E       		.byte	30
 440 0035 AA       		.byte	-86
 441 0036 27       		.byte	39
 442 0037 04       		.byte	4
 443 0038 3F       		.byte	63
 444 0039 01       		.byte	1
 445 003a 5E       		.byte	94
 446 003b AA       		.byte	-86
 447 003c 83       		.byte	-125
 448 003d 11       		.byte	17
 449 003e 87       		.byte	-121
 450 003f 02       		.byte	2
 451 0040 89       		.byte	-119
 452 0041 01       		.byte	1
 453 0042 8D       		.byte	-115
 454 0043 10       		.byte	16
 455 0044 8F       		.byte	-113
 456 0045 04       		.byte	4
 457 0046 C0       		.byte	-64
 458 0047 C0       		.byte	-64
 459 0048 C2       		.byte	-62
 460 0049 20       		.byte	32
 461 004a C4       		.byte	-60
 462 004b 10       		.byte	16
 463 004c CE       		.byte	-50
 464 004d 80       		.byte	-128
 465 004e D6       		.byte	-42
 466 004f F0       		.byte	-16
 467 0050 E0       		.byte	-32
 468 0051 40       		.byte	64
ARM GAS  C:\Users\srhi\AppData\Local\Temp\ccjcvjvz.s 			page 17


 469 0052 E6       		.byte	-26
 470 0053 01       		.byte	1
 471 0054 09       		.byte	9
 472 0055 80       		.byte	-128
 473 0056 0A       		.byte	10
 474 0057 20       		.byte	32
 475 0058 C2       		.byte	-62
 476 0059 50       		.byte	80
 477 005a 0E       		.byte	14
 478 005b 10       		.byte	16
 479 005c 82       		.byte	-126
 480 005d 10       		.byte	16
 481 005e 85       		.byte	-123
 482 005f 80       		.byte	-128
 483 0060 8E       		.byte	-114
 484 0061 10       		.byte	16
 485 0062 92       		.byte	-110
 486 0063 20       		.byte	32
 487 0064 A1       		.byte	-95
 488 0065 80       		.byte	-128
 489 0066 C2       		.byte	-62
 490 0067 20       		.byte	32
 491 0068 E0       		.byte	-32
 492 0069 80       		.byte	-128
 493 006a E4       		.byte	-28
 494 006b 40       		.byte	64
 495 006c 08       		.byte	8
 496 006d 02       		.byte	2
 497 006e 0A       		.byte	10
 498 006f 01       		.byte	1
 499 0070 62       		.byte	98
 500 0071 04       		.byte	4
 501 0072 80       		.byte	-128
 502 0073 02       		.byte	2
 503 0074 8A       		.byte	-118
 504 0075 01       		.byte	1
 505 0076 8E       		.byte	-114
 506 0077 04       		.byte	4
 507 0078 C2       		.byte	-62
 508 0079 0A       		.byte	10
 509 007a D8       		.byte	-40
 510 007b 02       		.byte	2
 511 007c E4       		.byte	-28
 512 007d 08       		.byte	8
 513 007e E6       		.byte	-26
 514 007f 01       		.byte	1
 515 0080 01       		.byte	1
 516 0081 01       		.byte	1
 517 0082 10       		.byte	16
 518 0083 01       		.byte	1
 519              		.type	cy_cfg_addr_table.4864, %object
 520              		.size	cy_cfg_addr_table.4864, 24
 521              	cy_cfg_addr_table.4864:
 522 0084 10320F40 		.word	1074737680
 523 0088 14330F40 		.word	1074737940
 524 008c 03400F40 		.word	1074741251
 525 0090 09410F40 		.word	1074741513
ARM GAS  C:\Users\srhi\AppData\Local\Temp\ccjcvjvz.s 			page 18


 526 0094 0A430F40 		.word	1074742026
 527 0098 02600F40 		.word	1074749442
 528              		.text
 529              	.Letext0:
 530              		.file 2 "c:\\program files (x86)\\cypress\\psoc creator\\4.2\\psoc creator\\import\\gnu\\arm\\5.4.
 531              		.file 3 "Generated_Source\\PSoC4\\cytypes.h"
 532              		.file 4 "Generated_Source\\PSoC4\\CyLib.h"
 533              		.section	.debug_info,"",%progbits
 534              	.Ldebug_info0:
 535 0000 9C030000 		.4byte	0x39c
 536 0004 0400     		.2byte	0x4
 537 0006 00000000 		.4byte	.Ldebug_abbrev0
 538 000a 04       		.byte	0x4
 539 000b 01       		.uleb128 0x1
 540 000c 5C010000 		.4byte	.LASF39
 541 0010 0C       		.byte	0xc
 542 0011 89020000 		.4byte	.LASF40
 543 0015 0D000000 		.4byte	.LASF41
 544 0019 00000000 		.4byte	.Ldebug_ranges0+0
 545 001d 00000000 		.4byte	0
 546 0021 00000000 		.4byte	.Ldebug_line0
 547 0025 02       		.uleb128 0x2
 548 0026 04       		.byte	0x4
 549 0027 05       		.byte	0x5
 550 0028 696E7400 		.ascii	"int\000"
 551 002c 03       		.uleb128 0x3
 552 002d 06000000 		.4byte	.LASF12
 553 0031 02       		.byte	0x2
 554 0032 D8       		.byte	0xd8
 555 0033 37000000 		.4byte	0x37
 556 0037 04       		.uleb128 0x4
 557 0038 04       		.byte	0x4
 558 0039 07       		.byte	0x7
 559 003a 23010000 		.4byte	.LASF0
 560 003e 04       		.uleb128 0x4
 561 003f 08       		.byte	0x8
 562 0040 05       		.byte	0x5
 563 0041 1C020000 		.4byte	.LASF1
 564 0045 04       		.uleb128 0x4
 565 0046 08       		.byte	0x8
 566 0047 04       		.byte	0x4
 567 0048 71020000 		.4byte	.LASF2
 568 004c 04       		.uleb128 0x4
 569 004d 01       		.byte	0x1
 570 004e 06       		.byte	0x6
 571 004f 7D020000 		.4byte	.LASF3
 572 0053 04       		.uleb128 0x4
 573 0054 01       		.byte	0x1
 574 0055 08       		.byte	0x8
 575 0056 C5000000 		.4byte	.LASF4
 576 005a 04       		.uleb128 0x4
 577 005b 02       		.byte	0x2
 578 005c 05       		.byte	0x5
 579 005d 49020000 		.4byte	.LASF5
 580 0061 04       		.uleb128 0x4
 581 0062 02       		.byte	0x2
 582 0063 07       		.byte	0x7
ARM GAS  C:\Users\srhi\AppData\Local\Temp\ccjcvjvz.s 			page 19


 583 0064 09020000 		.4byte	.LASF6
 584 0068 04       		.uleb128 0x4
 585 0069 04       		.byte	0x4
 586 006a 05       		.byte	0x5
 587 006b 68020000 		.4byte	.LASF7
 588 006f 04       		.uleb128 0x4
 589 0070 04       		.byte	0x4
 590 0071 07       		.byte	0x7
 591 0072 A3000000 		.4byte	.LASF8
 592 0076 04       		.uleb128 0x4
 593 0077 08       		.byte	0x8
 594 0078 07       		.byte	0x7
 595 0079 45010000 		.4byte	.LASF9
 596 007d 04       		.uleb128 0x4
 597 007e 04       		.byte	0x4
 598 007f 07       		.byte	0x7
 599 0080 00020000 		.4byte	.LASF10
 600 0084 05       		.uleb128 0x5
 601 0085 04       		.byte	0x4
 602 0086 04       		.uleb128 0x4
 603 0087 01       		.byte	0x1
 604 0088 08       		.byte	0x8
 605 0089 2A020000 		.4byte	.LASF11
 606 008d 06       		.uleb128 0x6
 607 008e B5000000 		.4byte	.LASF13
 608 0092 03       		.byte	0x3
 609 0093 E401     		.2byte	0x1e4
 610 0095 53000000 		.4byte	0x53
 611 0099 06       		.uleb128 0x6
 612 009a 0A010000 		.4byte	.LASF14
 613 009e 03       		.byte	0x3
 614 009f E501     		.2byte	0x1e5
 615 00a1 61000000 		.4byte	0x61
 616 00a5 06       		.uleb128 0x6
 617 00a6 1C010000 		.4byte	.LASF15
 618 00aa 03       		.byte	0x3
 619 00ab E601     		.2byte	0x1e6
 620 00ad 6F000000 		.4byte	0x6f
 621 00b1 04       		.uleb128 0x4
 622 00b2 04       		.byte	0x4
 623 00b3 04       		.byte	0x4
 624 00b4 83000000 		.4byte	.LASF16
 625 00b8 04       		.uleb128 0x4
 626 00b9 08       		.byte	0x8
 627 00ba 04       		.byte	0x4
 628 00bb DA000000 		.4byte	.LASF17
 629 00bf 06       		.uleb128 0x6
 630 00c0 9E000000 		.4byte	.LASF18
 631 00c4 03       		.byte	0x3
 632 00c5 8E02     		.2byte	0x28e
 633 00c7 CB000000 		.4byte	0xcb
 634 00cb 07       		.uleb128 0x7
 635 00cc 8D000000 		.4byte	0x8d
 636 00d0 06       		.uleb128 0x6
 637 00d1 00000000 		.4byte	.LASF19
 638 00d5 03       		.byte	0x3
 639 00d6 9002     		.2byte	0x290
ARM GAS  C:\Users\srhi\AppData\Local\Temp\ccjcvjvz.s 			page 20


 640 00d8 DC000000 		.4byte	0xdc
 641 00dc 07       		.uleb128 0x7
 642 00dd A5000000 		.4byte	0xa5
 643 00e1 08       		.uleb128 0x8
 644 00e2 02       		.byte	0x2
 645 00e3 01       		.byte	0x1
 646 00e4 97       		.byte	0x97
 647 00e5 02010000 		.4byte	0x102
 648 00e9 09       		.uleb128 0x9
 649 00ea 42020000 		.4byte	.LASF20
 650 00ee 01       		.byte	0x1
 651 00ef 99       		.byte	0x99
 652 00f0 8D000000 		.4byte	0x8d
 653 00f4 00       		.byte	0
 654 00f5 09       		.uleb128 0x9
 655 00f6 48000000 		.4byte	.LASF21
 656 00fa 01       		.byte	0x1
 657 00fb 9A       		.byte	0x9a
 658 00fc 8D000000 		.4byte	0x8d
 659 0100 01       		.byte	0x1
 660 0101 00       		.byte	0
 661 0102 03       		.uleb128 0x3
 662 0103 2F020000 		.4byte	.LASF22
 663 0107 01       		.byte	0x1
 664 0108 9B       		.byte	0x9b
 665 0109 E1000000 		.4byte	0xe1
 666 010d 0A       		.uleb128 0xa
 667 010e E1000000 		.4byte	.LASF27
 668 0112 01       		.byte	0x1
 669 0113 AE       		.byte	0xae
 670 0114 00000000 		.4byte	.LFB3
 671 0118 32000000 		.4byte	.LFE3-.LFB3
 672 011c 01       		.uleb128 0x1
 673 011d 9C       		.byte	0x9c
 674 011e 7F010000 		.4byte	0x17f
 675 0122 0B       		.uleb128 0xb
 676 0123 FF000000 		.4byte	.LASF23
 677 0127 01       		.byte	0x1
 678 0128 AE       		.byte	0xae
 679 0129 7F010000 		.4byte	0x17f
 680 012d 01       		.uleb128 0x1
 681 012e 50       		.byte	0x50
 682 012f 0B       		.uleb128 0xb
 683 0130 11010000 		.4byte	.LASF24
 684 0134 01       		.byte	0x1
 685 0135 AE       		.byte	0xae
 686 0136 8A010000 		.4byte	0x18a
 687 013a 01       		.uleb128 0x1
 688 013b 51       		.byte	0x51
 689 013c 0C       		.uleb128 0xc
 690 013d 6900     		.ascii	"i\000"
 691 013f 01       		.byte	0x1
 692 0140 B1       		.byte	0xb1
 693 0141 A5000000 		.4byte	0xa5
 694 0145 00000000 		.4byte	.LLST0
 695 0149 0C       		.uleb128 0xc
 696 014a 6A00     		.ascii	"j\000"
ARM GAS  C:\Users\srhi\AppData\Local\Temp\ccjcvjvz.s 			page 21


 697 014c 01       		.byte	0x1
 698 014d B1       		.byte	0xb1
 699 014e A5000000 		.4byte	0xa5
 700 0152 1F000000 		.4byte	.LLST1
 701 0156 0D       		.uleb128 0xd
 702 0157 08000000 		.4byte	.LBB2
 703 015b 22000000 		.4byte	.LBE2-.LBB2
 704 015f 0E       		.uleb128 0xe
 705 0160 F7010000 		.4byte	.LASF25
 706 0164 01       		.byte	0x1
 707 0165 B4       		.byte	0xb4
 708 0166 A5000000 		.4byte	0xa5
 709 016a 3E000000 		.4byte	.LLST2
 710 016e 0E       		.uleb128 0xe
 711 016f 4E000000 		.4byte	.LASF26
 712 0173 01       		.byte	0x1
 713 0174 B5       		.byte	0xb5
 714 0175 8D000000 		.4byte	0x8d
 715 0179 51000000 		.4byte	.LLST3
 716 017d 00       		.byte	0
 717 017e 00       		.byte	0
 718 017f 0F       		.uleb128 0xf
 719 0180 04       		.byte	0x4
 720 0181 85010000 		.4byte	0x185
 721 0185 10       		.uleb128 0x10
 722 0186 A5000000 		.4byte	0xa5
 723 018a 0F       		.uleb128 0xf
 724 018b 04       		.byte	0x4
 725 018c 90010000 		.4byte	0x190
 726 0190 10       		.uleb128 0x10
 727 0191 02010000 		.4byte	0x102
 728 0195 0A       		.uleb128 0xa
 729 0196 BB000000 		.4byte	.LASF28
 730 019a 01       		.byte	0x1
 731 019b 4C       		.byte	0x4c
 732 019c 00000000 		.4byte	.LFB0
 733 01a0 0C000000 		.4byte	.LFE0-.LFB0
 734 01a4 01       		.uleb128 0x1
 735 01a5 9C       		.byte	0x9c
 736 01a6 E2010000 		.4byte	0x1e2
 737 01aa 11       		.uleb128 0x11
 738 01ab 7300     		.ascii	"s\000"
 739 01ad 01       		.byte	0x1
 740 01ae 4C       		.byte	0x4c
 741 01af 84000000 		.4byte	0x84
 742 01b3 6F000000 		.4byte	.LLST4
 743 01b7 11       		.uleb128 0x11
 744 01b8 6E00     		.ascii	"n\000"
 745 01ba 01       		.byte	0x1
 746 01bb 4C       		.byte	0x4c
 747 01bc 2C000000 		.4byte	0x2c
 748 01c0 90000000 		.4byte	.LLST5
 749 01c4 12       		.uleb128 0x12
 750 01c5 0A000000 		.4byte	.LVL14
 751 01c9 75030000 		.4byte	0x375
 752 01cd 13       		.uleb128 0x13
 753 01ce 01       		.uleb128 0x1
ARM GAS  C:\Users\srhi\AppData\Local\Temp\ccjcvjvz.s 			page 22


 754 01cf 50       		.byte	0x50
 755 01d0 03       		.uleb128 0x3
 756 01d1 F3       		.byte	0xf3
 757 01d2 01       		.uleb128 0x1
 758 01d3 50       		.byte	0x50
 759 01d4 13       		.uleb128 0x13
 760 01d5 01       		.uleb128 0x1
 761 01d6 51       		.byte	0x51
 762 01d7 01       		.uleb128 0x1
 763 01d8 30       		.byte	0x30
 764 01d9 13       		.uleb128 0x13
 765 01da 01       		.uleb128 0x1
 766 01db 52       		.byte	0x52
 767 01dc 03       		.uleb128 0x3
 768 01dd F3       		.byte	0xf3
 769 01de 01       		.uleb128 0x1
 770 01df 51       		.byte	0x51
 771 01e0 00       		.byte	0
 772 01e1 00       		.byte	0
 773 01e2 0A       		.uleb128 0xa
 774 01e3 54000000 		.4byte	.LASF29
 775 01e7 01       		.byte	0x1
 776 01e8 D3       		.byte	0xd3
 777 01e9 00000000 		.4byte	.LFB4
 778 01ed 90000000 		.4byte	.LFE4-.LFB4
 779 01f1 01       		.uleb128 0x1
 780 01f2 9C       		.byte	0x9c
 781 01f3 2D020000 		.4byte	0x22d
 782 01f7 14       		.uleb128 0x14
 783 01f8 14000000 		.4byte	.LVL15
 784 01fc 7E030000 		.4byte	0x37e
 785 0200 0A020000 		.4byte	0x20a
 786 0204 13       		.uleb128 0x13
 787 0205 01       		.uleb128 0x1
 788 0206 50       		.byte	0x50
 789 0207 01       		.uleb128 0x1
 790 0208 48       		.byte	0x48
 791 0209 00       		.byte	0
 792 020a 14       		.uleb128 0x14
 793 020b 4E000000 		.4byte	.LVL16
 794 020f 89030000 		.4byte	0x389
 795 0213 1D020000 		.4byte	0x21d
 796 0217 13       		.uleb128 0x13
 797 0218 01       		.uleb128 0x1
 798 0219 50       		.byte	0x50
 799 021a 01       		.uleb128 0x1
 800 021b 39       		.byte	0x39
 801 021c 00       		.byte	0
 802 021d 12       		.uleb128 0x12
 803 021e 54000000 		.4byte	.LVL17
 804 0222 94030000 		.4byte	0x394
 805 0226 13       		.uleb128 0x13
 806 0227 01       		.uleb128 0x1
 807 0228 50       		.byte	0x50
 808 0229 01       		.uleb128 0x1
 809 022a 39       		.byte	0x39
 810 022b 00       		.byte	0
ARM GAS  C:\Users\srhi\AppData\Local\Temp\ccjcvjvz.s 			page 23


 811 022c 00       		.byte	0
 812 022d 15       		.uleb128 0x15
 813 022e 30010000 		.4byte	.LASF42
 814 0232 01       		.byte	0x1
 815 0233 2201     		.2byte	0x122
 816 0235 90000000 		.4byte	.LFB6
 817 0239 00010000 		.4byte	.LFE6-.LFB6
 818 023d 01       		.uleb128 0x1
 819 023e 9C       		.byte	0x9c
 820 023f 4B030000 		.4byte	0x34b
 821 0243 16       		.uleb128 0x16
 822 0244 94000000 		.4byte	.LBB3
 823 0248 72000000 		.4byte	.LBE3-.LBB3
 824 024c 41030000 		.4byte	0x341
 825 0250 17       		.uleb128 0x17
 826 0251 5F000000 		.4byte	.LASF30
 827 0255 01       		.byte	0x1
 828 0256 2801     		.2byte	0x128
 829 0258 5B030000 		.4byte	0x35b
 830 025c 05       		.uleb128 0x5
 831 025d 03       		.byte	0x3
 832 025e 84000000 		.4byte	cy_cfg_addr_table.4864
 833 0262 17       		.uleb128 0x17
 834 0263 71000000 		.4byte	.LASF31
 835 0267 01       		.byte	0x1
 836 0268 3101     		.2byte	0x131
 837 026a 70030000 		.4byte	0x370
 838 026e 05       		.uleb128 0x5
 839 026f 03       		.byte	0x3
 840 0270 0C000000 		.4byte	cy_cfg_data_table.4865
 841 0274 18       		.uleb128 0x18
 842 0275 06       		.byte	0x6
 843 0276 01       		.byte	0x1
 844 0277 7201     		.2byte	0x172
 845 0279 98020000 		.4byte	0x298
 846 027d 19       		.uleb128 0x19
 847 027e 3D010000 		.4byte	.LASF32
 848 0282 01       		.byte	0x1
 849 0283 7301     		.2byte	0x173
 850 0285 84000000 		.4byte	0x84
 851 0289 00       		.byte	0
 852 028a 19       		.uleb128 0x19
 853 028b 99000000 		.4byte	.LASF33
 854 028f 01       		.byte	0x1
 855 0290 7401     		.2byte	0x174
 856 0292 99000000 		.4byte	0x99
 857 0296 04       		.byte	0x4
 858 0297 00       		.byte	0
 859 0298 06       		.uleb128 0x6
 860 0299 EA010000 		.4byte	.LASF34
 861 029d 01       		.byte	0x1
 862 029e 7501     		.2byte	0x175
 863 02a0 74020000 		.4byte	0x274
 864 02a4 1A       		.uleb128 0x1a
 865 02a5 B4020000 		.4byte	0x2b4
 866 02a9 B4020000 		.4byte	0x2b4
 867 02ad 1B       		.uleb128 0x1b
ARM GAS  C:\Users\srhi\AppData\Local\Temp\ccjcvjvz.s 			page 24


 868 02ae 7D000000 		.4byte	0x7d
 869 02b2 01       		.byte	0x1
 870 02b3 00       		.byte	0
 871 02b4 10       		.uleb128 0x10
 872 02b5 98020000 		.4byte	0x298
 873 02b9 17       		.uleb128 0x17
 874 02ba 89000000 		.4byte	.LASF35
 875 02be 01       		.byte	0x1
 876 02bf 7701     		.2byte	0x177
 877 02c1 CB020000 		.4byte	0x2cb
 878 02c5 05       		.uleb128 0x5
 879 02c6 03       		.byte	0x3
 880 02c7 00000000 		.4byte	cfg_memset_list.4870
 881 02cb 10       		.uleb128 0x10
 882 02cc A4020000 		.4byte	0x2a4
 883 02d0 1C       		.uleb128 0x1c
 884 02d1 6900     		.ascii	"i\000"
 885 02d3 01       		.byte	0x1
 886 02d4 7D01     		.2byte	0x17d
 887 02d6 8D000000 		.4byte	0x8d
 888 02da BC000000 		.4byte	.LLST6
 889 02de 16       		.uleb128 0x16
 890 02df 98000000 		.4byte	.LBB4
 891 02e3 1C000000 		.4byte	.LBE4-.LBB4
 892 02e7 24030000 		.4byte	0x324
 893 02eb 1C       		.uleb128 0x1c
 894 02ec 6D7300   		.ascii	"ms\000"
 895 02ef 01       		.byte	0x1
 896 02f0 8201     		.2byte	0x182
 897 02f2 FA020000 		.4byte	0x2fa
 898 02f6 E6000000 		.4byte	.LLST7
 899 02fa 0F       		.uleb128 0xf
 900 02fb 04       		.byte	0x4
 901 02fc B4020000 		.4byte	0x2b4
 902 0300 12       		.uleb128 0x12
 903 0301 B4000000 		.4byte	.LVL20
 904 0305 95010000 		.4byte	0x195
 905 0309 13       		.uleb128 0x13
 906 030a 01       		.uleb128 0x1
 907 030b 51       		.byte	0x51
 908 030c 15       		.uleb128 0x15
 909 030d 74       		.byte	0x74
 910 030e 00       		.sleb128 0
 911 030f 31       		.byte	0x31
 912 0310 24       		.byte	0x24
 913 0311 74       		.byte	0x74
 914 0312 00       		.sleb128 0
 915 0313 22       		.byte	0x22
 916 0314 31       		.byte	0x31
 917 0315 24       		.byte	0x24
 918 0316 03       		.byte	0x3
 919 0317 04000000 		.4byte	.LANCHOR0+4
 920 031b 22       		.byte	0x22
 921 031c 94       		.byte	0x94
 922 031d 02       		.byte	0x2
 923 031e 0A       		.byte	0xa
 924 031f FFFF     		.2byte	0xffff
ARM GAS  C:\Users\srhi\AppData\Local\Temp\ccjcvjvz.s 			page 25


 925 0321 1A       		.byte	0x1a
 926 0322 00       		.byte	0
 927 0323 00       		.byte	0
 928 0324 12       		.uleb128 0x12
 929 0325 C8000000 		.4byte	.LVL23
 930 0329 0D010000 		.4byte	0x10d
 931 032d 13       		.uleb128 0x13
 932 032e 01       		.uleb128 0x1
 933 032f 50       		.byte	0x50
 934 0330 05       		.uleb128 0x5
 935 0331 03       		.byte	0x3
 936 0332 84000000 		.4byte	.LANCHOR1+4
 937 0336 13       		.uleb128 0x13
 938 0337 01       		.uleb128 0x1
 939 0338 51       		.byte	0x51
 940 0339 05       		.uleb128 0x5
 941 033a 03       		.byte	0x3
 942 033b 0C000000 		.4byte	.LANCHOR0+12
 943 033f 00       		.byte	0
 944 0340 00       		.byte	0
 945 0341 1D       		.uleb128 0x1d
 946 0342 34010000 		.4byte	.LVL24
 947 0346 E2010000 		.4byte	0x1e2
 948 034a 00       		.byte	0
 949 034b 1A       		.uleb128 0x1a
 950 034c 85010000 		.4byte	0x185
 951 0350 5B030000 		.4byte	0x35b
 952 0354 1B       		.uleb128 0x1b
 953 0355 7D000000 		.4byte	0x7d
 954 0359 05       		.byte	0x5
 955 035a 00       		.byte	0
 956 035b 10       		.uleb128 0x10
 957 035c 4B030000 		.4byte	0x34b
 958 0360 1A       		.uleb128 0x1a
 959 0361 90010000 		.4byte	0x190
 960 0365 70030000 		.4byte	0x370
 961 0369 1B       		.uleb128 0x1b
 962 036a 7D000000 		.4byte	0x7d
 963 036e 3B       		.byte	0x3b
 964 036f 00       		.byte	0
 965 0370 10       		.uleb128 0x10
 966 0371 60030000 		.4byte	0x360
 967 0375 1E       		.uleb128 0x1e
 968 0376 D3000000 		.4byte	.LASF43
 969 037a D3000000 		.4byte	.LASF43
 970 037e 1F       		.uleb128 0x1f
 971 037f 53020000 		.4byte	.LASF36
 972 0383 53020000 		.4byte	.LASF36
 973 0387 04       		.byte	0x4
 974 0388 6C       		.byte	0x6c
 975 0389 1F       		.uleb128 0x1f
 976 038a 39000000 		.4byte	.LASF37
 977 038e 39000000 		.4byte	.LASF37
 978 0392 04       		.byte	0x4
 979 0393 BD       		.byte	0xbd
 980 0394 1F       		.uleb128 0x1f
 981 0395 F3000000 		.4byte	.LASF38
ARM GAS  C:\Users\srhi\AppData\Local\Temp\ccjcvjvz.s 			page 26


 982 0399 F3000000 		.4byte	.LASF38
 983 039d 04       		.byte	0x4
 984 039e C3       		.byte	0xc3
 985 039f 00       		.byte	0
 986              		.section	.debug_abbrev,"",%progbits
 987              	.Ldebug_abbrev0:
 988 0000 01       		.uleb128 0x1
 989 0001 11       		.uleb128 0x11
 990 0002 01       		.byte	0x1
 991 0003 25       		.uleb128 0x25
 992 0004 0E       		.uleb128 0xe
 993 0005 13       		.uleb128 0x13
 994 0006 0B       		.uleb128 0xb
 995 0007 03       		.uleb128 0x3
 996 0008 0E       		.uleb128 0xe
 997 0009 1B       		.uleb128 0x1b
 998 000a 0E       		.uleb128 0xe
 999 000b 55       		.uleb128 0x55
 1000 000c 17       		.uleb128 0x17
 1001 000d 11       		.uleb128 0x11
 1002 000e 01       		.uleb128 0x1
 1003 000f 10       		.uleb128 0x10
 1004 0010 17       		.uleb128 0x17
 1005 0011 00       		.byte	0
 1006 0012 00       		.byte	0
 1007 0013 02       		.uleb128 0x2
 1008 0014 24       		.uleb128 0x24
 1009 0015 00       		.byte	0
 1010 0016 0B       		.uleb128 0xb
 1011 0017 0B       		.uleb128 0xb
 1012 0018 3E       		.uleb128 0x3e
 1013 0019 0B       		.uleb128 0xb
 1014 001a 03       		.uleb128 0x3
 1015 001b 08       		.uleb128 0x8
 1016 001c 00       		.byte	0
 1017 001d 00       		.byte	0
 1018 001e 03       		.uleb128 0x3
 1019 001f 16       		.uleb128 0x16
 1020 0020 00       		.byte	0
 1021 0021 03       		.uleb128 0x3
 1022 0022 0E       		.uleb128 0xe
 1023 0023 3A       		.uleb128 0x3a
 1024 0024 0B       		.uleb128 0xb
 1025 0025 3B       		.uleb128 0x3b
 1026 0026 0B       		.uleb128 0xb
 1027 0027 49       		.uleb128 0x49
 1028 0028 13       		.uleb128 0x13
 1029 0029 00       		.byte	0
 1030 002a 00       		.byte	0
 1031 002b 04       		.uleb128 0x4
 1032 002c 24       		.uleb128 0x24
 1033 002d 00       		.byte	0
 1034 002e 0B       		.uleb128 0xb
 1035 002f 0B       		.uleb128 0xb
 1036 0030 3E       		.uleb128 0x3e
 1037 0031 0B       		.uleb128 0xb
 1038 0032 03       		.uleb128 0x3
ARM GAS  C:\Users\srhi\AppData\Local\Temp\ccjcvjvz.s 			page 27


 1039 0033 0E       		.uleb128 0xe
 1040 0034 00       		.byte	0
 1041 0035 00       		.byte	0
 1042 0036 05       		.uleb128 0x5
 1043 0037 0F       		.uleb128 0xf
 1044 0038 00       		.byte	0
 1045 0039 0B       		.uleb128 0xb
 1046 003a 0B       		.uleb128 0xb
 1047 003b 00       		.byte	0
 1048 003c 00       		.byte	0
 1049 003d 06       		.uleb128 0x6
 1050 003e 16       		.uleb128 0x16
 1051 003f 00       		.byte	0
 1052 0040 03       		.uleb128 0x3
 1053 0041 0E       		.uleb128 0xe
 1054 0042 3A       		.uleb128 0x3a
 1055 0043 0B       		.uleb128 0xb
 1056 0044 3B       		.uleb128 0x3b
 1057 0045 05       		.uleb128 0x5
 1058 0046 49       		.uleb128 0x49
 1059 0047 13       		.uleb128 0x13
 1060 0048 00       		.byte	0
 1061 0049 00       		.byte	0
 1062 004a 07       		.uleb128 0x7
 1063 004b 35       		.uleb128 0x35
 1064 004c 00       		.byte	0
 1065 004d 49       		.uleb128 0x49
 1066 004e 13       		.uleb128 0x13
 1067 004f 00       		.byte	0
 1068 0050 00       		.byte	0
 1069 0051 08       		.uleb128 0x8
 1070 0052 13       		.uleb128 0x13
 1071 0053 01       		.byte	0x1
 1072 0054 0B       		.uleb128 0xb
 1073 0055 0B       		.uleb128 0xb
 1074 0056 3A       		.uleb128 0x3a
 1075 0057 0B       		.uleb128 0xb
 1076 0058 3B       		.uleb128 0x3b
 1077 0059 0B       		.uleb128 0xb
 1078 005a 01       		.uleb128 0x1
 1079 005b 13       		.uleb128 0x13
 1080 005c 00       		.byte	0
 1081 005d 00       		.byte	0
 1082 005e 09       		.uleb128 0x9
 1083 005f 0D       		.uleb128 0xd
 1084 0060 00       		.byte	0
 1085 0061 03       		.uleb128 0x3
 1086 0062 0E       		.uleb128 0xe
 1087 0063 3A       		.uleb128 0x3a
 1088 0064 0B       		.uleb128 0xb
 1089 0065 3B       		.uleb128 0x3b
 1090 0066 0B       		.uleb128 0xb
 1091 0067 49       		.uleb128 0x49
 1092 0068 13       		.uleb128 0x13
 1093 0069 38       		.uleb128 0x38
 1094 006a 0B       		.uleb128 0xb
 1095 006b 00       		.byte	0
ARM GAS  C:\Users\srhi\AppData\Local\Temp\ccjcvjvz.s 			page 28


 1096 006c 00       		.byte	0
 1097 006d 0A       		.uleb128 0xa
 1098 006e 2E       		.uleb128 0x2e
 1099 006f 01       		.byte	0x1
 1100 0070 03       		.uleb128 0x3
 1101 0071 0E       		.uleb128 0xe
 1102 0072 3A       		.uleb128 0x3a
 1103 0073 0B       		.uleb128 0xb
 1104 0074 3B       		.uleb128 0x3b
 1105 0075 0B       		.uleb128 0xb
 1106 0076 27       		.uleb128 0x27
 1107 0077 19       		.uleb128 0x19
 1108 0078 11       		.uleb128 0x11
 1109 0079 01       		.uleb128 0x1
 1110 007a 12       		.uleb128 0x12
 1111 007b 06       		.uleb128 0x6
 1112 007c 40       		.uleb128 0x40
 1113 007d 18       		.uleb128 0x18
 1114 007e 9742     		.uleb128 0x2117
 1115 0080 19       		.uleb128 0x19
 1116 0081 01       		.uleb128 0x1
 1117 0082 13       		.uleb128 0x13
 1118 0083 00       		.byte	0
 1119 0084 00       		.byte	0
 1120 0085 0B       		.uleb128 0xb
 1121 0086 05       		.uleb128 0x5
 1122 0087 00       		.byte	0
 1123 0088 03       		.uleb128 0x3
 1124 0089 0E       		.uleb128 0xe
 1125 008a 3A       		.uleb128 0x3a
 1126 008b 0B       		.uleb128 0xb
 1127 008c 3B       		.uleb128 0x3b
 1128 008d 0B       		.uleb128 0xb
 1129 008e 49       		.uleb128 0x49
 1130 008f 13       		.uleb128 0x13
 1131 0090 02       		.uleb128 0x2
 1132 0091 18       		.uleb128 0x18
 1133 0092 00       		.byte	0
 1134 0093 00       		.byte	0
 1135 0094 0C       		.uleb128 0xc
 1136 0095 34       		.uleb128 0x34
 1137 0096 00       		.byte	0
 1138 0097 03       		.uleb128 0x3
 1139 0098 08       		.uleb128 0x8
 1140 0099 3A       		.uleb128 0x3a
 1141 009a 0B       		.uleb128 0xb
 1142 009b 3B       		.uleb128 0x3b
 1143 009c 0B       		.uleb128 0xb
 1144 009d 49       		.uleb128 0x49
 1145 009e 13       		.uleb128 0x13
 1146 009f 02       		.uleb128 0x2
 1147 00a0 17       		.uleb128 0x17
 1148 00a1 00       		.byte	0
 1149 00a2 00       		.byte	0
 1150 00a3 0D       		.uleb128 0xd
 1151 00a4 0B       		.uleb128 0xb
 1152 00a5 01       		.byte	0x1
ARM GAS  C:\Users\srhi\AppData\Local\Temp\ccjcvjvz.s 			page 29


 1153 00a6 11       		.uleb128 0x11
 1154 00a7 01       		.uleb128 0x1
 1155 00a8 12       		.uleb128 0x12
 1156 00a9 06       		.uleb128 0x6
 1157 00aa 00       		.byte	0
 1158 00ab 00       		.byte	0
 1159 00ac 0E       		.uleb128 0xe
 1160 00ad 34       		.uleb128 0x34
 1161 00ae 00       		.byte	0
 1162 00af 03       		.uleb128 0x3
 1163 00b0 0E       		.uleb128 0xe
 1164 00b1 3A       		.uleb128 0x3a
 1165 00b2 0B       		.uleb128 0xb
 1166 00b3 3B       		.uleb128 0x3b
 1167 00b4 0B       		.uleb128 0xb
 1168 00b5 49       		.uleb128 0x49
 1169 00b6 13       		.uleb128 0x13
 1170 00b7 02       		.uleb128 0x2
 1171 00b8 17       		.uleb128 0x17
 1172 00b9 00       		.byte	0
 1173 00ba 00       		.byte	0
 1174 00bb 0F       		.uleb128 0xf
 1175 00bc 0F       		.uleb128 0xf
 1176 00bd 00       		.byte	0
 1177 00be 0B       		.uleb128 0xb
 1178 00bf 0B       		.uleb128 0xb
 1179 00c0 49       		.uleb128 0x49
 1180 00c1 13       		.uleb128 0x13
 1181 00c2 00       		.byte	0
 1182 00c3 00       		.byte	0
 1183 00c4 10       		.uleb128 0x10
 1184 00c5 26       		.uleb128 0x26
 1185 00c6 00       		.byte	0
 1186 00c7 49       		.uleb128 0x49
 1187 00c8 13       		.uleb128 0x13
 1188 00c9 00       		.byte	0
 1189 00ca 00       		.byte	0
 1190 00cb 11       		.uleb128 0x11
 1191 00cc 05       		.uleb128 0x5
 1192 00cd 00       		.byte	0
 1193 00ce 03       		.uleb128 0x3
 1194 00cf 08       		.uleb128 0x8
 1195 00d0 3A       		.uleb128 0x3a
 1196 00d1 0B       		.uleb128 0xb
 1197 00d2 3B       		.uleb128 0x3b
 1198 00d3 0B       		.uleb128 0xb
 1199 00d4 49       		.uleb128 0x49
 1200 00d5 13       		.uleb128 0x13
 1201 00d6 02       		.uleb128 0x2
 1202 00d7 17       		.uleb128 0x17
 1203 00d8 00       		.byte	0
 1204 00d9 00       		.byte	0
 1205 00da 12       		.uleb128 0x12
 1206 00db 898201   		.uleb128 0x4109
 1207 00de 01       		.byte	0x1
 1208 00df 11       		.uleb128 0x11
 1209 00e0 01       		.uleb128 0x1
ARM GAS  C:\Users\srhi\AppData\Local\Temp\ccjcvjvz.s 			page 30


 1210 00e1 31       		.uleb128 0x31
 1211 00e2 13       		.uleb128 0x13
 1212 00e3 00       		.byte	0
 1213 00e4 00       		.byte	0
 1214 00e5 13       		.uleb128 0x13
 1215 00e6 8A8201   		.uleb128 0x410a
 1216 00e9 00       		.byte	0
 1217 00ea 02       		.uleb128 0x2
 1218 00eb 18       		.uleb128 0x18
 1219 00ec 9142     		.uleb128 0x2111
 1220 00ee 18       		.uleb128 0x18
 1221 00ef 00       		.byte	0
 1222 00f0 00       		.byte	0
 1223 00f1 14       		.uleb128 0x14
 1224 00f2 898201   		.uleb128 0x4109
 1225 00f5 01       		.byte	0x1
 1226 00f6 11       		.uleb128 0x11
 1227 00f7 01       		.uleb128 0x1
 1228 00f8 31       		.uleb128 0x31
 1229 00f9 13       		.uleb128 0x13
 1230 00fa 01       		.uleb128 0x1
 1231 00fb 13       		.uleb128 0x13
 1232 00fc 00       		.byte	0
 1233 00fd 00       		.byte	0
 1234 00fe 15       		.uleb128 0x15
 1235 00ff 2E       		.uleb128 0x2e
 1236 0100 01       		.byte	0x1
 1237 0101 3F       		.uleb128 0x3f
 1238 0102 19       		.uleb128 0x19
 1239 0103 03       		.uleb128 0x3
 1240 0104 0E       		.uleb128 0xe
 1241 0105 3A       		.uleb128 0x3a
 1242 0106 0B       		.uleb128 0xb
 1243 0107 3B       		.uleb128 0x3b
 1244 0108 05       		.uleb128 0x5
 1245 0109 27       		.uleb128 0x27
 1246 010a 19       		.uleb128 0x19
 1247 010b 11       		.uleb128 0x11
 1248 010c 01       		.uleb128 0x1
 1249 010d 12       		.uleb128 0x12
 1250 010e 06       		.uleb128 0x6
 1251 010f 40       		.uleb128 0x40
 1252 0110 18       		.uleb128 0x18
 1253 0111 9742     		.uleb128 0x2117
 1254 0113 19       		.uleb128 0x19
 1255 0114 01       		.uleb128 0x1
 1256 0115 13       		.uleb128 0x13
 1257 0116 00       		.byte	0
 1258 0117 00       		.byte	0
 1259 0118 16       		.uleb128 0x16
 1260 0119 0B       		.uleb128 0xb
 1261 011a 01       		.byte	0x1
 1262 011b 11       		.uleb128 0x11
 1263 011c 01       		.uleb128 0x1
 1264 011d 12       		.uleb128 0x12
 1265 011e 06       		.uleb128 0x6
 1266 011f 01       		.uleb128 0x1
ARM GAS  C:\Users\srhi\AppData\Local\Temp\ccjcvjvz.s 			page 31


 1267 0120 13       		.uleb128 0x13
 1268 0121 00       		.byte	0
 1269 0122 00       		.byte	0
 1270 0123 17       		.uleb128 0x17
 1271 0124 34       		.uleb128 0x34
 1272 0125 00       		.byte	0
 1273 0126 03       		.uleb128 0x3
 1274 0127 0E       		.uleb128 0xe
 1275 0128 3A       		.uleb128 0x3a
 1276 0129 0B       		.uleb128 0xb
 1277 012a 3B       		.uleb128 0x3b
 1278 012b 05       		.uleb128 0x5
 1279 012c 49       		.uleb128 0x49
 1280 012d 13       		.uleb128 0x13
 1281 012e 02       		.uleb128 0x2
 1282 012f 18       		.uleb128 0x18
 1283 0130 00       		.byte	0
 1284 0131 00       		.byte	0
 1285 0132 18       		.uleb128 0x18
 1286 0133 13       		.uleb128 0x13
 1287 0134 01       		.byte	0x1
 1288 0135 0B       		.uleb128 0xb
 1289 0136 0B       		.uleb128 0xb
 1290 0137 3A       		.uleb128 0x3a
 1291 0138 0B       		.uleb128 0xb
 1292 0139 3B       		.uleb128 0x3b
 1293 013a 05       		.uleb128 0x5
 1294 013b 01       		.uleb128 0x1
 1295 013c 13       		.uleb128 0x13
 1296 013d 00       		.byte	0
 1297 013e 00       		.byte	0
 1298 013f 19       		.uleb128 0x19
 1299 0140 0D       		.uleb128 0xd
 1300 0141 00       		.byte	0
 1301 0142 03       		.uleb128 0x3
 1302 0143 0E       		.uleb128 0xe
 1303 0144 3A       		.uleb128 0x3a
 1304 0145 0B       		.uleb128 0xb
 1305 0146 3B       		.uleb128 0x3b
 1306 0147 05       		.uleb128 0x5
 1307 0148 49       		.uleb128 0x49
 1308 0149 13       		.uleb128 0x13
 1309 014a 38       		.uleb128 0x38
 1310 014b 0B       		.uleb128 0xb
 1311 014c 00       		.byte	0
 1312 014d 00       		.byte	0
 1313 014e 1A       		.uleb128 0x1a
 1314 014f 01       		.uleb128 0x1
 1315 0150 01       		.byte	0x1
 1316 0151 49       		.uleb128 0x49
 1317 0152 13       		.uleb128 0x13
 1318 0153 01       		.uleb128 0x1
 1319 0154 13       		.uleb128 0x13
 1320 0155 00       		.byte	0
 1321 0156 00       		.byte	0
 1322 0157 1B       		.uleb128 0x1b
 1323 0158 21       		.uleb128 0x21
ARM GAS  C:\Users\srhi\AppData\Local\Temp\ccjcvjvz.s 			page 32


 1324 0159 00       		.byte	0
 1325 015a 49       		.uleb128 0x49
 1326 015b 13       		.uleb128 0x13
 1327 015c 2F       		.uleb128 0x2f
 1328 015d 0B       		.uleb128 0xb
 1329 015e 00       		.byte	0
 1330 015f 00       		.byte	0
 1331 0160 1C       		.uleb128 0x1c
 1332 0161 34       		.uleb128 0x34
 1333 0162 00       		.byte	0
 1334 0163 03       		.uleb128 0x3
 1335 0164 08       		.uleb128 0x8
 1336 0165 3A       		.uleb128 0x3a
 1337 0166 0B       		.uleb128 0xb
 1338 0167 3B       		.uleb128 0x3b
 1339 0168 05       		.uleb128 0x5
 1340 0169 49       		.uleb128 0x49
 1341 016a 13       		.uleb128 0x13
 1342 016b 02       		.uleb128 0x2
 1343 016c 17       		.uleb128 0x17
 1344 016d 00       		.byte	0
 1345 016e 00       		.byte	0
 1346 016f 1D       		.uleb128 0x1d
 1347 0170 898201   		.uleb128 0x4109
 1348 0173 00       		.byte	0
 1349 0174 11       		.uleb128 0x11
 1350 0175 01       		.uleb128 0x1
 1351 0176 31       		.uleb128 0x31
 1352 0177 13       		.uleb128 0x13
 1353 0178 00       		.byte	0
 1354 0179 00       		.byte	0
 1355 017a 1E       		.uleb128 0x1e
 1356 017b 2E       		.uleb128 0x2e
 1357 017c 00       		.byte	0
 1358 017d 3F       		.uleb128 0x3f
 1359 017e 19       		.uleb128 0x19
 1360 017f 3C       		.uleb128 0x3c
 1361 0180 19       		.uleb128 0x19
 1362 0181 6E       		.uleb128 0x6e
 1363 0182 0E       		.uleb128 0xe
 1364 0183 03       		.uleb128 0x3
 1365 0184 0E       		.uleb128 0xe
 1366 0185 00       		.byte	0
 1367 0186 00       		.byte	0
 1368 0187 1F       		.uleb128 0x1f
 1369 0188 2E       		.uleb128 0x2e
 1370 0189 00       		.byte	0
 1371 018a 3F       		.uleb128 0x3f
 1372 018b 19       		.uleb128 0x19
 1373 018c 3C       		.uleb128 0x3c
 1374 018d 19       		.uleb128 0x19
 1375 018e 6E       		.uleb128 0x6e
 1376 018f 0E       		.uleb128 0xe
 1377 0190 03       		.uleb128 0x3
 1378 0191 0E       		.uleb128 0xe
 1379 0192 3A       		.uleb128 0x3a
 1380 0193 0B       		.uleb128 0xb
ARM GAS  C:\Users\srhi\AppData\Local\Temp\ccjcvjvz.s 			page 33


 1381 0194 3B       		.uleb128 0x3b
 1382 0195 0B       		.uleb128 0xb
 1383 0196 00       		.byte	0
 1384 0197 00       		.byte	0
 1385 0198 00       		.byte	0
 1386              		.section	.debug_loc,"",%progbits
 1387              	.Ldebug_loc0:
 1388              	.LLST0:
 1389 0000 02000000 		.4byte	.LVL1
 1390 0004 08000000 		.4byte	.LVL2
 1391 0008 0200     		.2byte	0x2
 1392 000a 30       		.byte	0x30
 1393 000b 9F       		.byte	0x9f
 1394 000c 08000000 		.4byte	.LVL2
 1395 0010 30000000 		.4byte	.LVL11
 1396 0014 0100     		.2byte	0x1
 1397 0016 57       		.byte	0x57
 1398 0017 00000000 		.4byte	0
 1399 001b 00000000 		.4byte	0
 1400              	.LLST1:
 1401 001f 02000000 		.4byte	.LVL1
 1402 0023 08000000 		.4byte	.LVL2
 1403 0027 0200     		.2byte	0x2
 1404 0029 30       		.byte	0x30
 1405 002a 9F       		.byte	0x9f
 1406 002b 08000000 		.4byte	.LVL2
 1407 002f 30000000 		.4byte	.LVL10
 1408 0033 0100     		.2byte	0x1
 1409 0035 55       		.byte	0x55
 1410 0036 00000000 		.4byte	0
 1411 003a 00000000 		.4byte	0
 1412              	.LLST2:
 1413 003e 0C000000 		.4byte	.LVL3
 1414 0042 2C000000 		.4byte	.LVL9
 1415 0046 0100     		.2byte	0x1
 1416 0048 56       		.byte	0x56
 1417 0049 00000000 		.4byte	0
 1418 004d 00000000 		.4byte	0
 1419              	.LLST3:
 1420 0051 0E000000 		.4byte	.LVL4
 1421 0055 24000000 		.4byte	.LVL7
 1422 0059 0100     		.2byte	0x1
 1423 005b 53       		.byte	0x53
 1424 005c 26000000 		.4byte	.LVL8
 1425 0060 2C000000 		.4byte	.LVL9
 1426 0064 0100     		.2byte	0x1
 1427 0066 53       		.byte	0x53
 1428 0067 00000000 		.4byte	0
 1429 006b 00000000 		.4byte	0
 1430              	.LLST4:
 1431 006f 00000000 		.4byte	.LVL12
 1432 0073 09000000 		.4byte	.LVL14-1
 1433 0077 0100     		.2byte	0x1
 1434 0079 50       		.byte	0x50
 1435 007a 09000000 		.4byte	.LVL14-1
 1436 007e 0C000000 		.4byte	.LFE0
 1437 0082 0400     		.2byte	0x4
ARM GAS  C:\Users\srhi\AppData\Local\Temp\ccjcvjvz.s 			page 34


 1438 0084 F3       		.byte	0xf3
 1439 0085 01       		.uleb128 0x1
 1440 0086 50       		.byte	0x50
 1441 0087 9F       		.byte	0x9f
 1442 0088 00000000 		.4byte	0
 1443 008c 00000000 		.4byte	0
 1444              	.LLST5:
 1445 0090 00000000 		.4byte	.LVL12
 1446 0094 06000000 		.4byte	.LVL13
 1447 0098 0100     		.2byte	0x1
 1448 009a 51       		.byte	0x51
 1449 009b 06000000 		.4byte	.LVL13
 1450 009f 09000000 		.4byte	.LVL14-1
 1451 00a3 0100     		.2byte	0x1
 1452 00a5 52       		.byte	0x52
 1453 00a6 09000000 		.4byte	.LVL14-1
 1454 00aa 0C000000 		.4byte	.LFE0
 1455 00ae 0400     		.2byte	0x4
 1456 00b0 F3       		.byte	0xf3
 1457 00b1 01       		.uleb128 0x1
 1458 00b2 51       		.byte	0x51
 1459 00b3 9F       		.byte	0x9f
 1460 00b4 00000000 		.4byte	0
 1461 00b8 00000000 		.4byte	0
 1462              	.LLST6:
 1463 00bc 94000000 		.4byte	.LVL18
 1464 00c0 98000000 		.4byte	.LVL19
 1465 00c4 0200     		.2byte	0x2
 1466 00c6 30       		.byte	0x30
 1467 00c7 9F       		.byte	0x9f
 1468 00c8 98000000 		.4byte	.LVL19
 1469 00cc B6000000 		.4byte	.LVL21
 1470 00d0 0100     		.2byte	0x1
 1471 00d2 54       		.byte	0x54
 1472 00d3 B8000000 		.4byte	.LVL22
 1473 00d7 34010000 		.4byte	.LVL25
 1474 00db 0100     		.2byte	0x1
 1475 00dd 54       		.byte	0x54
 1476 00de 00000000 		.4byte	0
 1477 00e2 00000000 		.4byte	0
 1478              	.LLST7:
 1479 00e6 98000000 		.4byte	.LVL19
 1480 00ea B6000000 		.4byte	.LVL21
 1481 00ee 0B00     		.2byte	0xb
 1482 00f0 74       		.byte	0x74
 1483 00f1 00       		.sleb128 0
 1484 00f2 36       		.byte	0x36
 1485 00f3 1E       		.byte	0x1e
 1486 00f4 03       		.byte	0x3
 1487 00f5 00000000 		.4byte	cfg_memset_list.4870
 1488 00f9 22       		.byte	0x22
 1489 00fa 9F       		.byte	0x9f
 1490 00fb B6000000 		.4byte	.LVL21
 1491 00ff B8000000 		.4byte	.LVL22
 1492 0103 0B00     		.2byte	0xb
 1493 0105 74       		.byte	0x74
 1494 0106 7F       		.sleb128 -1
ARM GAS  C:\Users\srhi\AppData\Local\Temp\ccjcvjvz.s 			page 35


 1495 0107 36       		.byte	0x36
 1496 0108 1E       		.byte	0x1e
 1497 0109 03       		.byte	0x3
 1498 010a 00000000 		.4byte	cfg_memset_list.4870
 1499 010e 22       		.byte	0x22
 1500 010f 9F       		.byte	0x9f
 1501 0110 00000000 		.4byte	0
 1502 0114 00000000 		.4byte	0
 1503              		.section	.debug_aranges,"",%progbits
 1504 0000 34000000 		.4byte	0x34
 1505 0004 0200     		.2byte	0x2
 1506 0006 00000000 		.4byte	.Ldebug_info0
 1507 000a 04       		.byte	0x4
 1508 000b 00       		.byte	0
 1509 000c 0000     		.2byte	0
 1510 000e 0000     		.2byte	0
 1511 0010 00000000 		.4byte	.LFB3
 1512 0014 32000000 		.4byte	.LFE3-.LFB3
 1513 0018 00000000 		.4byte	.LFB0
 1514 001c 0C000000 		.4byte	.LFE0-.LFB0
 1515 0020 00000000 		.4byte	.LFB4
 1516 0024 90000000 		.4byte	.LFE4-.LFB4
 1517 0028 90000000 		.4byte	.LFB6
 1518 002c 00010000 		.4byte	.LFE6-.LFB6
 1519 0030 00000000 		.4byte	0
 1520 0034 00000000 		.4byte	0
 1521              		.section	.debug_ranges,"",%progbits
 1522              	.Ldebug_ranges0:
 1523 0000 00000000 		.4byte	.LFB3
 1524 0004 32000000 		.4byte	.LFE3
 1525 0008 00000000 		.4byte	.LFB0
 1526 000c 0C000000 		.4byte	.LFE0
 1527 0010 00000000 		.4byte	.LFB4
 1528 0014 90000000 		.4byte	.LFE4
 1529 0018 90000000 		.4byte	.LFB6
 1530 001c 90010000 		.4byte	.LFE6
 1531 0020 00000000 		.4byte	0
 1532 0024 00000000 		.4byte	0
 1533              		.section	.debug_line,"",%progbits
 1534              	.Ldebug_line0:
 1535 0000 61010000 		.section	.debug_str,"MS",%progbits,1
 1535      0200D600 
 1535      00000201 
 1535      FB0E0D00 
 1535      01010101 
 1536              	.LASF19:
 1537 0000 72656733 		.ascii	"reg32\000"
 1537      3200
 1538              	.LASF12:
 1539 0006 73697A65 		.ascii	"size_t\000"
 1539      5F7400
 1540              	.LASF41:
 1541 000d 433A5C55 		.ascii	"C:\\Users\\srhi\\Desktop\\PSOC\\FINAL_GAME.cydsn\000"
 1541      73657273 
 1541      5C737268 
 1541      695C4465 
 1541      736B746F 
ARM GAS  C:\Users\srhi\AppData\Local\Temp\ccjcvjvz.s 			page 36


 1542              	.LASF37:
 1543 0039 4379496E 		.ascii	"CyIntSetVector\000"
 1543      74536574 
 1543      56656374 
 1543      6F7200
 1544              	.LASF21:
 1545 0048 76616C75 		.ascii	"value\000"
 1545      6500
 1546              	.LASF26:
 1547 004e 636F756E 		.ascii	"count\000"
 1547      7400
 1548              	.LASF29:
 1549 0054 436C6F63 		.ascii	"ClockSetup\000"
 1549      6B536574 
 1549      757000
 1550              	.LASF30:
 1551 005f 63795F63 		.ascii	"cy_cfg_addr_table\000"
 1551      66675F61 
 1551      6464725F 
 1551      7461626C 
 1551      6500
 1552              	.LASF31:
 1553 0071 63795F63 		.ascii	"cy_cfg_data_table\000"
 1553      66675F64 
 1553      6174615F 
 1553      7461626C 
 1553      6500
 1554              	.LASF16:
 1555 0083 666C6F61 		.ascii	"float\000"
 1555      7400
 1556              	.LASF35:
 1557 0089 6366675F 		.ascii	"cfg_memset_list\000"
 1557      6D656D73 
 1557      65745F6C 
 1557      69737400 
 1558              	.LASF33:
 1559 0099 73697A65 		.ascii	"size\000"
 1559      00
 1560              	.LASF18:
 1561 009e 72656738 		.ascii	"reg8\000"
 1561      00
 1562              	.LASF8:
 1563 00a3 6C6F6E67 		.ascii	"long unsigned int\000"
 1563      20756E73 
 1563      69676E65 
 1563      6420696E 
 1563      7400
 1564              	.LASF13:
 1565 00b5 75696E74 		.ascii	"uint8\000"
 1565      3800
 1566              	.LASF28:
 1567 00bb 43594D45 		.ascii	"CYMEMZERO\000"
 1567      4D5A4552 
 1567      4F00
 1568              	.LASF4:
 1569 00c5 756E7369 		.ascii	"unsigned char\000"
 1569      676E6564 
ARM GAS  C:\Users\srhi\AppData\Local\Temp\ccjcvjvz.s 			page 37


 1569      20636861 
 1569      7200
 1570              	.LASF43:
 1571 00d3 6D656D73 		.ascii	"memset\000"
 1571      657400
 1572              	.LASF17:
 1573 00da 646F7562 		.ascii	"double\000"
 1573      6C6500
 1574              	.LASF27:
 1575 00e1 6366675F 		.ascii	"cfg_write_bytes32\000"
 1575      77726974 
 1575      655F6279 
 1575      74657333 
 1575      3200
 1576              	.LASF38:
 1577 00f3 4379496E 		.ascii	"CyIntEnable\000"
 1577      74456E61 
 1577      626C6500 
 1578              	.LASF23:
 1579 00ff 61646472 		.ascii	"addr_table\000"
 1579      5F746162 
 1579      6C6500
 1580              	.LASF14:
 1581 010a 75696E74 		.ascii	"uint16\000"
 1581      313600
 1582              	.LASF24:
 1583 0111 64617461 		.ascii	"data_table\000"
 1583      5F746162 
 1583      6C6500
 1584              	.LASF15:
 1585 011c 75696E74 		.ascii	"uint32\000"
 1585      333200
 1586              	.LASF0:
 1587 0123 756E7369 		.ascii	"unsigned int\000"
 1587      676E6564 
 1587      20696E74 
 1587      00
 1588              	.LASF42:
 1589 0130 63796669 		.ascii	"cyfitter_cfg\000"
 1589      74746572 
 1589      5F636667 
 1589      00
 1590              	.LASF32:
 1591 013d 61646472 		.ascii	"address\000"
 1591      65737300 
 1592              	.LASF9:
 1593 0145 6C6F6E67 		.ascii	"long long unsigned int\000"
 1593      206C6F6E 
 1593      6720756E 
 1593      7369676E 
 1593      65642069 
 1594              	.LASF39:
 1595 015c 474E5520 		.ascii	"GNU C11 5.4.1 20160609 (release) [ARM/embedded-5-br"
 1595      43313120 
 1595      352E342E 
 1595      31203230 
 1595      31363036 
ARM GAS  C:\Users\srhi\AppData\Local\Temp\ccjcvjvz.s 			page 38


 1596 018f 616E6368 		.ascii	"anch revision 237715] -mcpu=cortex-m0 -mthumb -g -O"
 1596      20726576 
 1596      6973696F 
 1596      6E203233 
 1596      37373135 
 1597 01c2 67202D66 		.ascii	"g -ffunction-sections -ffat-lto-objects\000"
 1597      66756E63 
 1597      74696F6E 
 1597      2D736563 
 1597      74696F6E 
 1598              	.LASF34:
 1599 01ea 6366675F 		.ascii	"cfg_memset_t\000"
 1599      6D656D73 
 1599      65745F74 
 1599      00
 1600              	.LASF25:
 1601 01f7 62617365 		.ascii	"baseAddr\000"
 1601      41646472 
 1601      00
 1602              	.LASF10:
 1603 0200 73697A65 		.ascii	"sizetype\000"
 1603      74797065 
 1603      00
 1604              	.LASF6:
 1605 0209 73686F72 		.ascii	"short unsigned int\000"
 1605      7420756E 
 1605      7369676E 
 1605      65642069 
 1605      6E7400
 1606              	.LASF1:
 1607 021c 6C6F6E67 		.ascii	"long long int\000"
 1607      206C6F6E 
 1607      6720696E 
 1607      7400
 1608              	.LASF11:
 1609 022a 63686172 		.ascii	"char\000"
 1609      00
 1610              	.LASF22:
 1611 022f 63795F63 		.ascii	"cy_cfg_addrvalue_t\000"
 1611      66675F61 
 1611      64647276 
 1611      616C7565 
 1611      5F7400
 1612              	.LASF20:
 1613 0242 6F666673 		.ascii	"offset\000"
 1613      657400
 1614              	.LASF5:
 1615 0249 73686F72 		.ascii	"short int\000"
 1615      7420696E 
 1615      7400
 1616              	.LASF36:
 1617 0253 43795379 		.ascii	"CySysClkWriteImoFreq\000"
 1617      73436C6B 
 1617      57726974 
 1617      65496D6F 
 1617      46726571 
 1618              	.LASF7:
ARM GAS  C:\Users\srhi\AppData\Local\Temp\ccjcvjvz.s 			page 39


 1619 0268 6C6F6E67 		.ascii	"long int\000"
 1619      20696E74 
 1619      00
 1620              	.LASF2:
 1621 0271 6C6F6E67 		.ascii	"long double\000"
 1621      20646F75 
 1621      626C6500 
 1622              	.LASF3:
 1623 027d 7369676E 		.ascii	"signed char\000"
 1623      65642063 
 1623      68617200 
 1624              	.LASF40:
 1625 0289 47656E65 		.ascii	"Generated_Source\\PSoC4\\cyfitter_cfg.c\000"
 1625      72617465 
 1625      645F536F 
 1625      75726365 
 1625      5C50536F 
 1626              		.ident	"GCC: (GNU Tools for ARM Embedded Processors) 5.4.1 20160609 (release) [ARM/embedded-5-bran
