ARM GAS  C:\Users\srhi\AppData\Local\Temp\ccYp926u.s 			page 1


   1              		.syntax unified
   2              		.cpu cortex-m0
   3              		.fpu softvfp
   4              		.eabi_attribute 20, 1
   5              		.eabi_attribute 21, 1
   6              		.eabi_attribute 23, 3
   7              		.eabi_attribute 24, 1
   8              		.eabi_attribute 25, 1
   9              		.eabi_attribute 26, 1
  10              		.eabi_attribute 30, 1
  11              		.eabi_attribute 34, 0
  12              		.eabi_attribute 18, 4
  13              		.thumb
  14              		.syntax unified
  15              		.file	"main.c"
  16              		.text
  17              	.Ltext0:
  18              		.cfi_sections	.debug_frame
  19              		.section	.text.read_buttons_and_set_buffer,"ax",%progbits
  20              		.align	2
  21              		.global	read_buttons_and_set_buffer
  22              		.code	16
  23              		.thumb_func
  24              		.type	read_buttons_and_set_buffer, %function
  25              	read_buttons_and_set_buffer:
  26              	.LFB32:
  27              		.file 1 "main.c"
   1:main.c        **** /* ========================================
   2:main.c        ****  *
   3:main.c        ****  * Copyright YOUR COMPANY, THE YEAR
   4:main.c        ****  * All Rights Reserved
   5:main.c        ****  * UNPUBLISHED, LICENSED SOFTWARE.
   6:main.c        ****  *
   7:main.c        ****  * CONFIDENTIAL AND PROPRIETARY INFORMATION
   8:main.c        ****  * WHICH IS THE PROPERTY OF your company.
   9:main.c        ****  *
  10:main.c        ****  * ========================================
  11:main.c        **** */
  12:main.c        **** #include "project.h"
  13:main.c        **** #define MAXPOTTENTIOMETER (2048)
  14:main.c        **** uint8 I2CReg[3] = { 0, 0, 0 }; 
  15:main.c        **** 
  16:main.c        **** void read_buttons_and_set_buffer(){
  28              		.loc 1 16 0
  29              		.cfi_startproc
  30              		@ args = 0, pretend = 0, frame = 0
  31              		@ frame_needed = 0, uses_anonymous_args = 0
  32 0000 10B5     		push	{r4, lr}
  33              		.cfi_def_cfa_offset 8
  34              		.cfi_offset 4, -8
  35              		.cfi_offset 14, -4
  17:main.c        ****     I2CReg[1] = Status_Register_Read();
  36              		.loc 1 17 0
  37 0002 FFF7FEFF 		bl	Status_Register_Read
  38              	.LVL0:
  39 0006 014B     		ldr	r3, .L2
  40 0008 5870     		strb	r0, [r3, #1]
ARM GAS  C:\Users\srhi\AppData\Local\Temp\ccYp926u.s 			page 2


  18:main.c        **** }
  41              		.loc 1 18 0
  42              		@ sp needed
  43 000a 10BD     		pop	{r4, pc}
  44              	.L3:
  45              		.align	2
  46              	.L2:
  47 000c 00000000 		.word	.LANCHOR0
  48              		.cfi_endproc
  49              	.LFE32:
  50              		.size	read_buttons_and_set_buffer, .-read_buttons_and_set_buffer
  51              		.section	.text.view_I2c_Buffer,"ax",%progbits
  52              		.align	2
  53              		.global	view_I2c_Buffer
  54              		.code	16
  55              		.thumb_func
  56              		.type	view_I2c_Buffer, %function
  57              	view_I2c_Buffer:
  58              	.LFB33:
  19:main.c        **** 
  20:main.c        **** void view_I2c_Buffer(){
  59              		.loc 1 20 0
  60              		.cfi_startproc
  61              		@ args = 0, pretend = 0, frame = 0
  62              		@ frame_needed = 0, uses_anonymous_args = 0
  63 0000 70B5     		push	{r4, r5, r6, lr}
  64              		.cfi_def_cfa_offset 16
  65              		.cfi_offset 4, -16
  66              		.cfi_offset 5, -12
  67              		.cfi_offset 6, -8
  68              		.cfi_offset 14, -4
  21:main.c        ****     LCD_Position(1,0);
  69              		.loc 1 21 0
  70 0002 0021     		movs	r1, #0
  71 0004 0120     		movs	r0, #1
  72 0006 FFF7FEFF 		bl	LCD_Position
  73              	.LVL1:
  22:main.c        ****     LCD_PrintNumber( I2CReg[0] );
  74              		.loc 1 22 0
  75 000a 094C     		ldr	r4, .L5
  76 000c 2078     		ldrb	r0, [r4]
  77 000e FFF7FEFF 		bl	LCD_PrintU32Number
  78              	.LVL2:
  23:main.c        ****     LCD_PrintString(" : ");
  79              		.loc 1 23 0
  80 0012 084D     		ldr	r5, .L5+4
  81 0014 2800     		movs	r0, r5
  82 0016 FFF7FEFF 		bl	LCD_PrintString
  83              	.LVL3:
  24:main.c        ****     LCD_PrintNumber( I2CReg [1] );
  84              		.loc 1 24 0
  85 001a 6078     		ldrb	r0, [r4, #1]
  86 001c FFF7FEFF 		bl	LCD_PrintU32Number
  87              	.LVL4:
  25:main.c        ****     LCD_PrintString(" : ");
  88              		.loc 1 25 0
  89 0020 2800     		movs	r0, r5
ARM GAS  C:\Users\srhi\AppData\Local\Temp\ccYp926u.s 			page 3


  90 0022 FFF7FEFF 		bl	LCD_PrintString
  91              	.LVL5:
  26:main.c        ****     LCD_PrintNumber( I2CReg [2] );
  92              		.loc 1 26 0
  93 0026 A078     		ldrb	r0, [r4, #2]
  94 0028 FFF7FEFF 		bl	LCD_PrintU32Number
  95              	.LVL6:
  27:main.c        **** }
  96              		.loc 1 27 0
  97              		@ sp needed
  98 002c 70BD     		pop	{r4, r5, r6, pc}
  99              	.L6:
 100 002e C046     		.align	2
 101              	.L5:
 102 0030 00000000 		.word	.LANCHOR0
 103 0034 00000000 		.word	.LC2
 104              		.cfi_endproc
 105              	.LFE33:
 106              		.size	view_I2c_Buffer, .-view_I2c_Buffer
 107              		.section	.text.check_wrong_type,"ax",%progbits
 108              		.align	2
 109              		.global	check_wrong_type
 110              		.code	16
 111              		.thumb_func
 112              		.type	check_wrong_type, %function
 113              	check_wrong_type:
 114              	.LFB34:
  28:main.c        **** 
  29:main.c        **** void check_wrong_type(){
 115              		.loc 1 29 0
 116              		.cfi_startproc
 117              		@ args = 0, pretend = 0, frame = 0
 118              		@ frame_needed = 0, uses_anonymous_args = 0
 119 0000 10B5     		push	{r4, lr}
 120              		.cfi_def_cfa_offset 8
 121              		.cfi_offset 4, -8
 122              		.cfi_offset 14, -4
  30:main.c        ****     if ( I2CReg[0] > 15 ){
 123              		.loc 1 30 0
 124 0002 064B     		ldr	r3, .L10
 125 0004 1B78     		ldrb	r3, [r3]
 126 0006 0F2B     		cmp	r3, #15
 127 0008 03D9     		bls	.L8
  31:main.c        ****         Pin_in_buzzer_Write( 1 );
 128              		.loc 1 31 0
 129 000a 0120     		movs	r0, #1
 130 000c FFF7FEFF 		bl	Pin_in_buzzer_Write
 131              	.LVL7:
 132 0010 02E0     		b	.L7
 133              	.L8:
  32:main.c        ****     }else {
  33:main.c        ****         Pin_in_buzzer_Write( 0 );
 134              		.loc 1 33 0
 135 0012 0020     		movs	r0, #0
 136 0014 FFF7FEFF 		bl	Pin_in_buzzer_Write
 137              	.LVL8:
 138              	.L7:
ARM GAS  C:\Users\srhi\AppData\Local\Temp\ccYp926u.s 			page 4


  34:main.c        ****     }
  35:main.c        **** }
 139              		.loc 1 35 0
 140              		@ sp needed
 141 0018 10BD     		pop	{r4, pc}
 142              	.L11:
 143 001a C046     		.align	2
 144              	.L10:
 145 001c 00000000 		.word	.LANCHOR0
 146              		.cfi_endproc
 147              	.LFE34:
 148              		.size	check_wrong_type, .-check_wrong_type
 149              		.section	.text.set_speed,"ax",%progbits
 150              		.align	2
 151              		.global	set_speed
 152              		.code	16
 153              		.thumb_func
 154              		.type	set_speed, %function
 155              	set_speed:
 156              	.LFB35:
  36:main.c        **** 
  37:main.c        **** void set_speed(){
 157              		.loc 1 37 0
 158              		.cfi_startproc
 159              		@ args = 0, pretend = 0, frame = 0
 160              		@ frame_needed = 0, uses_anonymous_args = 0
 161 0000 70B5     		push	{r4, r5, r6, lr}
 162              		.cfi_def_cfa_offset 16
 163              		.cfi_offset 4, -16
 164              		.cfi_offset 5, -12
 165              		.cfi_offset 6, -8
 166              		.cfi_offset 14, -4
  38:main.c        ****     LCD_Position(0,0);
 167              		.loc 1 38 0
 168 0002 0021     		movs	r1, #0
 169 0004 0020     		movs	r0, #0
 170 0006 FFF7FEFF 		bl	LCD_Position
 171              	.LVL9:
  39:main.c        ****     int32 ADCResult = ADC_CountsTo_mVolts(0, ADC_GetResult16(0));
 172              		.loc 1 39 0
 173 000a 0020     		movs	r0, #0
 174 000c FFF7FEFF 		bl	ADC_GetResult16
 175              	.LVL10:
 176 0010 0100     		movs	r1, r0
 177 0012 0020     		movs	r0, #0
 178 0014 FFF7FEFF 		bl	ADC_CountsTo_mVolts
 179              	.LVL11:
 180 0018 0400     		movs	r4, r0
 181              	.LVL12:
  40:main.c        ****     LCD_PrintString("Speed = ");
 182              		.loc 1 40 0
 183 001a 1048     		ldr	r0, .L16
 184              	.LVL13:
 185 001c FFF7FEFF 		bl	LCD_PrintString
 186              	.LVL14:
  41:main.c        ****     if ( ADCResult <= MAXPOTTENTIOMETER/3 ){
 187              		.loc 1 41 0
ARM GAS  C:\Users\srhi\AppData\Local\Temp\ccYp926u.s 			page 5


 188 0020 0F4B     		ldr	r3, .L16+4
 189 0022 9C42     		cmp	r4, r3
 190 0024 06DC     		bgt	.L13
  42:main.c        ****         I2CReg[2] = 1;
 191              		.loc 1 42 0
 192 0026 0122     		movs	r2, #1
 193 0028 0E4B     		ldr	r3, .L16+8
 194 002a 9A70     		strb	r2, [r3, #2]
  43:main.c        ****         LCD_PrintString("Slow");
 195              		.loc 1 43 0
 196 002c 0E48     		ldr	r0, .L16+12
 197 002e FFF7FEFF 		bl	LCD_PrintString
 198              	.LVL15:
 199 0032 12E0     		b	.L12
 200              	.L13:
  44:main.c        ****     }else if (ADCResult > MAXPOTTENTIOMETER / 3 && ADCResult <= (MAXPOTTENTIOMETER *2)/3){
 201              		.loc 1 44 0
 202 0034 0D4B     		ldr	r3, .L16+16
 203 0036 9C46     		mov	ip, r3
 204 0038 6444     		add	r4, r4, ip
 205              	.LVL16:
 206 003a 094B     		ldr	r3, .L16+4
 207 003c 9C42     		cmp	r4, r3
 208 003e 06D8     		bhi	.L15
  45:main.c        ****         I2CReg[2] = 2;
 209              		.loc 1 45 0
 210 0040 0222     		movs	r2, #2
 211 0042 084B     		ldr	r3, .L16+8
 212 0044 9A70     		strb	r2, [r3, #2]
  46:main.c        ****         LCD_PrintString("Medi");
 213              		.loc 1 46 0
 214 0046 0A48     		ldr	r0, .L16+20
 215 0048 FFF7FEFF 		bl	LCD_PrintString
 216              	.LVL17:
 217 004c 05E0     		b	.L12
 218              	.L15:
  47:main.c        ****     }else {
  48:main.c        ****         I2CReg[2] = 4;
 219              		.loc 1 48 0
 220 004e 0422     		movs	r2, #4
 221 0050 044B     		ldr	r3, .L16+8
 222 0052 9A70     		strb	r2, [r3, #2]
  49:main.c        ****         LCD_PrintString("Fast");
 223              		.loc 1 49 0
 224 0054 0748     		ldr	r0, .L16+24
 225 0056 FFF7FEFF 		bl	LCD_PrintString
 226              	.LVL18:
 227              	.L12:
  50:main.c        ****     }
  51:main.c        **** }
 228              		.loc 1 51 0
 229              		@ sp needed
 230 005a 70BD     		pop	{r4, r5, r6, pc}
 231              	.L17:
 232              		.align	2
 233              	.L16:
 234 005c 04000000 		.word	.LC5
ARM GAS  C:\Users\srhi\AppData\Local\Temp\ccYp926u.s 			page 6


 235 0060 AA020000 		.word	682
 236 0064 00000000 		.word	.LANCHOR0
 237 0068 10000000 		.word	.LC8
 238 006c 55FDFFFF 		.word	-683
 239 0070 18000000 		.word	.LC10
 240 0074 20000000 		.word	.LC12
 241              		.cfi_endproc
 242              	.LFE35:
 243              		.size	set_speed, .-set_speed
 244              		.section	.text.main,"ax",%progbits
 245              		.align	2
 246              		.global	main
 247              		.code	16
 248              		.thumb_func
 249              		.type	main, %function
 250              	main:
 251              	.LFB36:
  52:main.c        **** 
  53:main.c        **** int main(void)
  54:main.c        **** {
 252              		.loc 1 54 0
 253              		.cfi_startproc
 254              		@ Volatile: function does not return.
 255              		@ args = 0, pretend = 0, frame = 0
 256              		@ frame_needed = 0, uses_anonymous_args = 0
 257 0000 10B5     		push	{r4, lr}
 258              		.cfi_def_cfa_offset 8
 259              		.cfi_offset 4, -8
 260              		.cfi_offset 14, -4
  55:main.c        ****     CyGlobalIntEnable; /* Enable global interrupts. */
 261              		.loc 1 55 0
 262              		.syntax divided
 263              	@ 55 "main.c" 1
 264 0002 62B6     		CPSIE   i
 265              	@ 0 "" 2
  56:main.c        ****     
  57:main.c        ****     ADC_Start();
 266              		.loc 1 57 0
 267              		.thumb
 268              		.syntax unified
 269 0004 FFF7FEFF 		bl	ADC_Start
 270              	.LVL19:
  58:main.c        ****     ADC_StartConvert(); 
 271              		.loc 1 58 0
 272 0008 FFF7FEFF 		bl	ADC_StartConvert
 273              	.LVL20:
  59:main.c        ****     LCD_Start();
 274              		.loc 1 59 0
 275 000c FFF7FEFF 		bl	LCD_Start
 276              	.LVL21:
  60:main.c        ****     EZI2C_Start();
 277              		.loc 1 60 0
 278 0010 FFF7FEFF 		bl	EZI2C_Start
 279              	.LVL22:
  61:main.c        ****     EZI2C_EzI2CSetBuffer1(sizeof(I2CReg), 1, I2CReg);
 280              		.loc 1 61 0
 281 0014 064A     		ldr	r2, .L20
ARM GAS  C:\Users\srhi\AppData\Local\Temp\ccYp926u.s 			page 7


 282 0016 0121     		movs	r1, #1
 283 0018 0320     		movs	r0, #3
 284 001a FFF7FEFF 		bl	EZI2C_EzI2CSetBuffer1
 285              	.LVL23:
 286              	.L19:
  62:main.c        ****     
  63:main.c        ****     
  64:main.c        ****     for(;;)
  65:main.c        ****     {
  66:main.c        ****         /* Place your application code here. */
  67:main.c        ****         set_speed();
 287              		.loc 1 67 0 discriminator 1
 288 001e FFF7FEFF 		bl	set_speed
 289              	.LVL24:
  68:main.c        ****         view_I2c_Buffer();
 290              		.loc 1 68 0 discriminator 1
 291 0022 FFF7FEFF 		bl	view_I2c_Buffer
 292              	.LVL25:
  69:main.c        ****         check_wrong_type();
 293              		.loc 1 69 0 discriminator 1
 294 0026 FFF7FEFF 		bl	check_wrong_type
 295              	.LVL26:
  70:main.c        ****         read_buttons_and_set_buffer();      
 296              		.loc 1 70 0 discriminator 1
 297 002a FFF7FEFF 		bl	read_buttons_and_set_buffer
 298              	.LVL27:
 299 002e F6E7     		b	.L19
 300              	.L21:
 301              		.align	2
 302              	.L20:
 303 0030 00000000 		.word	.LANCHOR0
 304              		.cfi_endproc
 305              	.LFE36:
 306              		.size	main, .-main
 307              		.global	I2CReg
 308              		.section	.rodata.str1.4,"aMS",%progbits,1
 309              		.align	2
 310              	.LC2:
 311 0000 203A2000 		.ascii	" : \000"
 312              	.LC5:
 313 0004 53706565 		.ascii	"Speed = \000"
 313      64203D20 
 313      00
 314 000d 000000   		.space	3
 315              	.LC8:
 316 0010 536C6F77 		.ascii	"Slow\000"
 316      00
 317 0015 000000   		.space	3
 318              	.LC10:
 319 0018 4D656469 		.ascii	"Medi\000"
 319      00
 320 001d 000000   		.space	3
 321              	.LC12:
 322 0020 46617374 		.ascii	"Fast\000"
 322      00
 323              		.bss
 324              		.align	2
ARM GAS  C:\Users\srhi\AppData\Local\Temp\ccYp926u.s 			page 8


 325              		.set	.LANCHOR0,. + 0
 326              		.type	I2CReg, %object
 327              		.size	I2CReg, 3
 328              	I2CReg:
 329 0000 000000   		.space	3
 330              		.text
 331              	.Letext0:
 332              		.file 2 "Generated_Source\\PSoC4/cytypes.h"
 333              		.file 3 "Generated_Source\\PSoC4/Status_Register.h"
 334              		.file 4 "Generated_Source\\PSoC4/LCD.h"
 335              		.file 5 "Generated_Source\\PSoC4/Pin_in_buzzer.h"
 336              		.file 6 "Generated_Source\\PSoC4/ADC.h"
 337              		.file 7 "Generated_Source\\PSoC4/EZI2C.h"
 338              		.file 8 "Generated_Source\\PSoC4/EZI2C_EZI2C.h"
 339              		.section	.debug_info,"",%progbits
 340              	.Ldebug_info0:
 341 0000 5A030000 		.4byte	0x35a
 342 0004 0400     		.2byte	0x4
 343 0006 00000000 		.4byte	.Ldebug_abbrev0
 344 000a 04       		.byte	0x4
 345 000b 01       		.uleb128 0x1
 346 000c 8B010000 		.4byte	.LASF33
 347 0010 0C       		.byte	0xc
 348 0011 33020000 		.4byte	.LASF34
 349 0015 0E000000 		.4byte	.LASF35
 350 0019 00000000 		.4byte	.Ldebug_ranges0+0
 351 001d 00000000 		.4byte	0
 352 0021 00000000 		.4byte	.Ldebug_line0
 353 0025 02       		.uleb128 0x2
 354 0026 01       		.byte	0x1
 355 0027 06       		.byte	0x6
 356 0028 94020000 		.4byte	.LASF0
 357 002c 02       		.uleb128 0x2
 358 002d 01       		.byte	0x1
 359 002e 08       		.byte	0x8
 360 002f 78000000 		.4byte	.LASF1
 361 0033 02       		.uleb128 0x2
 362 0034 02       		.byte	0x2
 363 0035 05       		.byte	0x5
 364 0036 3F020000 		.4byte	.LASF2
 365 003a 02       		.uleb128 0x2
 366 003b 02       		.byte	0x2
 367 003c 07       		.byte	0x7
 368 003d 4E000000 		.4byte	.LASF3
 369 0041 02       		.uleb128 0x2
 370 0042 04       		.byte	0x4
 371 0043 05       		.byte	0x5
 372 0044 7F020000 		.4byte	.LASF4
 373 0048 02       		.uleb128 0x2
 374 0049 04       		.byte	0x4
 375 004a 07       		.byte	0x7
 376 004b 90000000 		.4byte	.LASF5
 377 004f 02       		.uleb128 0x2
 378 0050 08       		.byte	0x8
 379 0051 05       		.byte	0x5
 380 0052 00000000 		.4byte	.LASF6
 381 0056 02       		.uleb128 0x2
ARM GAS  C:\Users\srhi\AppData\Local\Temp\ccYp926u.s 			page 9


 382 0057 08       		.byte	0x8
 383 0058 07       		.byte	0x7
 384 0059 23010000 		.4byte	.LASF7
 385 005d 03       		.uleb128 0x3
 386 005e 04       		.byte	0x4
 387 005f 05       		.byte	0x5
 388 0060 696E7400 		.ascii	"int\000"
 389 0064 02       		.uleb128 0x2
 390 0065 04       		.byte	0x4
 391 0066 07       		.byte	0x7
 392 0067 16010000 		.4byte	.LASF8
 393 006b 04       		.uleb128 0x4
 394 006c 49020000 		.4byte	.LASF9
 395 0070 02       		.byte	0x2
 396 0071 E401     		.2byte	0x1e4
 397 0073 2C000000 		.4byte	0x2c
 398 0077 04       		.uleb128 0x4
 399 0078 0F010000 		.4byte	.LASF10
 400 007c 02       		.byte	0x2
 401 007d E501     		.2byte	0x1e5
 402 007f 3A000000 		.4byte	0x3a
 403 0083 04       		.uleb128 0x4
 404 0084 A2000000 		.4byte	.LASF11
 405 0088 02       		.byte	0x2
 406 0089 E901     		.2byte	0x1e9
 407 008b 41000000 		.4byte	0x41
 408 008f 02       		.uleb128 0x2
 409 0090 04       		.byte	0x4
 410 0091 04       		.byte	0x4
 411 0092 68000000 		.4byte	.LASF12
 412 0096 02       		.uleb128 0x2
 413 0097 08       		.byte	0x8
 414 0098 04       		.byte	0x4
 415 0099 E9000000 		.4byte	.LASF13
 416 009d 02       		.uleb128 0x2
 417 009e 01       		.byte	0x1
 418 009f 08       		.byte	0x8
 419 00a0 3A020000 		.4byte	.LASF14
 420 00a4 02       		.uleb128 0x2
 421 00a5 08       		.byte	0x8
 422 00a6 04       		.byte	0x4
 423 00a7 88020000 		.4byte	.LASF15
 424 00ab 02       		.uleb128 0x2
 425 00ac 04       		.byte	0x4
 426 00ad 07       		.byte	0x7
 427 00ae 19020000 		.4byte	.LASF16
 428 00b2 05       		.uleb128 0x5
 429 00b3 CD000000 		.4byte	.LASF17
 430 00b7 01       		.byte	0x1
 431 00b8 10       		.byte	0x10
 432 00b9 00000000 		.4byte	.LFB32
 433 00bd 10000000 		.4byte	.LFE32-.LFB32
 434 00c1 01       		.uleb128 0x1
 435 00c2 9C       		.byte	0x9c
 436 00c3 D1000000 		.4byte	0xd1
 437 00c7 06       		.uleb128 0x6
 438 00c8 06000000 		.4byte	.LVL0
ARM GAS  C:\Users\srhi\AppData\Local\Temp\ccYp926u.s 			page 10


 439 00cc D9020000 		.4byte	0x2d9
 440 00d0 00       		.byte	0
 441 00d1 05       		.uleb128 0x5
 442 00d2 4F020000 		.4byte	.LASF18
 443 00d6 01       		.byte	0x1
 444 00d7 14       		.byte	0x14
 445 00d8 00000000 		.4byte	.LFB33
 446 00dc 38000000 		.4byte	.LFE33-.LFB33
 447 00e0 01       		.uleb128 0x1
 448 00e1 9C       		.byte	0x9c
 449 00e2 42010000 		.4byte	0x142
 450 00e6 07       		.uleb128 0x7
 451 00e7 0A000000 		.4byte	.LVL1
 452 00eb E4020000 		.4byte	0x2e4
 453 00ef FE000000 		.4byte	0xfe
 454 00f3 08       		.uleb128 0x8
 455 00f4 01       		.uleb128 0x1
 456 00f5 50       		.byte	0x50
 457 00f6 01       		.uleb128 0x1
 458 00f7 31       		.byte	0x31
 459 00f8 08       		.uleb128 0x8
 460 00f9 01       		.uleb128 0x1
 461 00fa 51       		.byte	0x51
 462 00fb 01       		.uleb128 0x1
 463 00fc 30       		.byte	0x30
 464 00fd 00       		.byte	0
 465 00fe 06       		.uleb128 0x6
 466 00ff 12000000 		.4byte	.LVL2
 467 0103 EF020000 		.4byte	0x2ef
 468 0107 07       		.uleb128 0x7
 469 0108 1A000000 		.4byte	.LVL3
 470 010c FA020000 		.4byte	0x2fa
 471 0110 1B010000 		.4byte	0x11b
 472 0114 08       		.uleb128 0x8
 473 0115 01       		.uleb128 0x1
 474 0116 50       		.byte	0x50
 475 0117 02       		.uleb128 0x2
 476 0118 75       		.byte	0x75
 477 0119 00       		.sleb128 0
 478 011a 00       		.byte	0
 479 011b 06       		.uleb128 0x6
 480 011c 20000000 		.4byte	.LVL4
 481 0120 EF020000 		.4byte	0x2ef
 482 0124 07       		.uleb128 0x7
 483 0125 26000000 		.4byte	.LVL5
 484 0129 FA020000 		.4byte	0x2fa
 485 012d 38010000 		.4byte	0x138
 486 0131 08       		.uleb128 0x8
 487 0132 01       		.uleb128 0x1
 488 0133 50       		.byte	0x50
 489 0134 02       		.uleb128 0x2
 490 0135 75       		.byte	0x75
 491 0136 00       		.sleb128 0
 492 0137 00       		.byte	0
 493 0138 06       		.uleb128 0x6
 494 0139 2C000000 		.4byte	.LVL6
 495 013d EF020000 		.4byte	0x2ef
ARM GAS  C:\Users\srhi\AppData\Local\Temp\ccYp926u.s 			page 11


 496 0141 00       		.byte	0
 497 0142 05       		.uleb128 0x5
 498 0143 70010000 		.4byte	.LASF19
 499 0147 01       		.byte	0x1
 500 0148 1D       		.byte	0x1d
 501 0149 00000000 		.4byte	.LFB34
 502 014d 20000000 		.4byte	.LFE34-.LFB34
 503 0151 01       		.uleb128 0x1
 504 0152 9C       		.byte	0x9c
 505 0153 7A010000 		.4byte	0x17a
 506 0157 07       		.uleb128 0x7
 507 0158 10000000 		.4byte	.LVL7
 508 015c 05030000 		.4byte	0x305
 509 0160 6A010000 		.4byte	0x16a
 510 0164 08       		.uleb128 0x8
 511 0165 01       		.uleb128 0x1
 512 0166 50       		.byte	0x50
 513 0167 01       		.uleb128 0x1
 514 0168 31       		.byte	0x31
 515 0169 00       		.byte	0
 516 016a 09       		.uleb128 0x9
 517 016b 18000000 		.4byte	.LVL8
 518 016f 05030000 		.4byte	0x305
 519 0173 08       		.uleb128 0x8
 520 0174 01       		.uleb128 0x1
 521 0175 50       		.byte	0x50
 522 0176 01       		.uleb128 0x1
 523 0177 30       		.byte	0x30
 524 0178 00       		.byte	0
 525 0179 00       		.byte	0
 526 017a 05       		.uleb128 0x5
 527 017b 86000000 		.4byte	.LASF20
 528 017f 01       		.byte	0x1
 529 0180 25       		.byte	0x25
 530 0181 00000000 		.4byte	.LFB35
 531 0185 78000000 		.4byte	.LFE35-.LFB35
 532 0189 01       		.uleb128 0x1
 533 018a 9C       		.byte	0x9c
 534 018b 35020000 		.4byte	0x235
 535 018f 0A       		.uleb128 0xa
 536 0190 F0000000 		.4byte	.LASF36
 537 0194 01       		.byte	0x1
 538 0195 27       		.byte	0x27
 539 0196 83000000 		.4byte	0x83
 540 019a 00000000 		.4byte	.LLST0
 541 019e 07       		.uleb128 0x7
 542 019f 0A000000 		.4byte	.LVL9
 543 01a3 E4020000 		.4byte	0x2e4
 544 01a7 B6010000 		.4byte	0x1b6
 545 01ab 08       		.uleb128 0x8
 546 01ac 01       		.uleb128 0x1
 547 01ad 50       		.byte	0x50
 548 01ae 01       		.uleb128 0x1
 549 01af 30       		.byte	0x30
 550 01b0 08       		.uleb128 0x8
 551 01b1 01       		.uleb128 0x1
 552 01b2 51       		.byte	0x51
ARM GAS  C:\Users\srhi\AppData\Local\Temp\ccYp926u.s 			page 12


 553 01b3 01       		.uleb128 0x1
 554 01b4 30       		.byte	0x30
 555 01b5 00       		.byte	0
 556 01b6 07       		.uleb128 0x7
 557 01b7 10000000 		.4byte	.LVL10
 558 01bb 10030000 		.4byte	0x310
 559 01bf C9010000 		.4byte	0x1c9
 560 01c3 08       		.uleb128 0x8
 561 01c4 01       		.uleb128 0x1
 562 01c5 50       		.byte	0x50
 563 01c6 01       		.uleb128 0x1
 564 01c7 30       		.byte	0x30
 565 01c8 00       		.byte	0
 566 01c9 07       		.uleb128 0x7
 567 01ca 18000000 		.4byte	.LVL11
 568 01ce 1B030000 		.4byte	0x31b
 569 01d2 DC010000 		.4byte	0x1dc
 570 01d6 08       		.uleb128 0x8
 571 01d7 01       		.uleb128 0x1
 572 01d8 50       		.byte	0x50
 573 01d9 01       		.uleb128 0x1
 574 01da 30       		.byte	0x30
 575 01db 00       		.byte	0
 576 01dc 07       		.uleb128 0x7
 577 01dd 20000000 		.4byte	.LVL14
 578 01e1 FA020000 		.4byte	0x2fa
 579 01e5 F3010000 		.4byte	0x1f3
 580 01e9 08       		.uleb128 0x8
 581 01ea 01       		.uleb128 0x1
 582 01eb 50       		.byte	0x50
 583 01ec 05       		.uleb128 0x5
 584 01ed 03       		.byte	0x3
 585 01ee 04000000 		.4byte	.LC5
 586 01f2 00       		.byte	0
 587 01f3 07       		.uleb128 0x7
 588 01f4 32000000 		.4byte	.LVL15
 589 01f8 FA020000 		.4byte	0x2fa
 590 01fc 0A020000 		.4byte	0x20a
 591 0200 08       		.uleb128 0x8
 592 0201 01       		.uleb128 0x1
 593 0202 50       		.byte	0x50
 594 0203 05       		.uleb128 0x5
 595 0204 03       		.byte	0x3
 596 0205 10000000 		.4byte	.LC8
 597 0209 00       		.byte	0
 598 020a 07       		.uleb128 0x7
 599 020b 4C000000 		.4byte	.LVL17
 600 020f FA020000 		.4byte	0x2fa
 601 0213 21020000 		.4byte	0x221
 602 0217 08       		.uleb128 0x8
 603 0218 01       		.uleb128 0x1
 604 0219 50       		.byte	0x50
 605 021a 05       		.uleb128 0x5
 606 021b 03       		.byte	0x3
 607 021c 18000000 		.4byte	.LC10
 608 0220 00       		.byte	0
 609 0221 09       		.uleb128 0x9
ARM GAS  C:\Users\srhi\AppData\Local\Temp\ccYp926u.s 			page 13


 610 0222 5A000000 		.4byte	.LVL18
 611 0226 FA020000 		.4byte	0x2fa
 612 022a 08       		.uleb128 0x8
 613 022b 01       		.uleb128 0x1
 614 022c 50       		.byte	0x50
 615 022d 05       		.uleb128 0x5
 616 022e 03       		.byte	0x3
 617 022f 20000000 		.4byte	.LC12
 618 0233 00       		.byte	0
 619 0234 00       		.byte	0
 620 0235 0B       		.uleb128 0xb
 621 0236 FA000000 		.4byte	.LASF37
 622 023a 01       		.byte	0x1
 623 023b 35       		.byte	0x35
 624 023c 5D000000 		.4byte	0x5d
 625 0240 00000000 		.4byte	.LFB36
 626 0244 34000000 		.4byte	.LFE36-.LFB36
 627 0248 01       		.uleb128 0x1
 628 0249 9C       		.byte	0x9c
 629 024a B8020000 		.4byte	0x2b8
 630 024e 06       		.uleb128 0x6
 631 024f 08000000 		.4byte	.LVL19
 632 0253 26030000 		.4byte	0x326
 633 0257 06       		.uleb128 0x6
 634 0258 0C000000 		.4byte	.LVL20
 635 025c 31030000 		.4byte	0x331
 636 0260 06       		.uleb128 0x6
 637 0261 10000000 		.4byte	.LVL21
 638 0265 3C030000 		.4byte	0x33c
 639 0269 06       		.uleb128 0x6
 640 026a 14000000 		.4byte	.LVL22
 641 026e 47030000 		.4byte	0x347
 642 0272 07       		.uleb128 0x7
 643 0273 1E000000 		.4byte	.LVL23
 644 0277 52030000 		.4byte	0x352
 645 027b 93020000 		.4byte	0x293
 646 027f 08       		.uleb128 0x8
 647 0280 01       		.uleb128 0x1
 648 0281 50       		.byte	0x50
 649 0282 01       		.uleb128 0x1
 650 0283 33       		.byte	0x33
 651 0284 08       		.uleb128 0x8
 652 0285 01       		.uleb128 0x1
 653 0286 51       		.byte	0x51
 654 0287 01       		.uleb128 0x1
 655 0288 31       		.byte	0x31
 656 0289 08       		.uleb128 0x8
 657 028a 01       		.uleb128 0x1
 658 028b 52       		.byte	0x52
 659 028c 05       		.uleb128 0x5
 660 028d 03       		.byte	0x3
 661 028e 00000000 		.4byte	.LANCHOR0
 662 0292 00       		.byte	0
 663 0293 06       		.uleb128 0x6
 664 0294 22000000 		.4byte	.LVL24
 665 0298 7A010000 		.4byte	0x17a
 666 029c 06       		.uleb128 0x6
ARM GAS  C:\Users\srhi\AppData\Local\Temp\ccYp926u.s 			page 14


 667 029d 26000000 		.4byte	.LVL25
 668 02a1 D1000000 		.4byte	0xd1
 669 02a5 06       		.uleb128 0x6
 670 02a6 2A000000 		.4byte	.LVL26
 671 02aa 42010000 		.4byte	0x142
 672 02ae 06       		.uleb128 0x6
 673 02af 2E000000 		.4byte	.LVL27
 674 02b3 B2000000 		.4byte	0xb2
 675 02b7 00       		.byte	0
 676 02b8 0C       		.uleb128 0xc
 677 02b9 6B000000 		.4byte	0x6b
 678 02bd C8020000 		.4byte	0x2c8
 679 02c1 0D       		.uleb128 0xd
 680 02c2 AB000000 		.4byte	0xab
 681 02c6 02       		.byte	0x2
 682 02c7 00       		.byte	0
 683 02c8 0E       		.uleb128 0xe
 684 02c9 61000000 		.4byte	.LASF38
 685 02cd 01       		.byte	0x1
 686 02ce 0E       		.byte	0xe
 687 02cf B8020000 		.4byte	0x2b8
 688 02d3 05       		.uleb128 0x5
 689 02d4 03       		.byte	0x3
 690 02d5 00000000 		.4byte	I2CReg
 691 02d9 0F       		.uleb128 0xf
 692 02da A8000000 		.4byte	.LASF21
 693 02de A8000000 		.4byte	.LASF21
 694 02e2 03       		.byte	0x3
 695 02e3 30       		.byte	0x30
 696 02e4 0F       		.uleb128 0xf
 697 02e5 50010000 		.4byte	.LASF22
 698 02e9 50010000 		.4byte	.LASF22
 699 02ed 04       		.byte	0x4
 700 02ee 3D       		.byte	0x3d
 701 02ef 0F       		.uleb128 0xf
 702 02f0 5D010000 		.4byte	.LASF23
 703 02f4 5D010000 		.4byte	.LASF23
 704 02f8 04       		.byte	0x4
 705 02f9 61       		.byte	0x61
 706 02fa 0F       		.uleb128 0xf
 707 02fb FF000000 		.4byte	.LASF24
 708 02ff FF000000 		.4byte	.LASF24
 709 0303 04       		.byte	0x4
 710 0304 3C       		.byte	0x3c
 711 0305 0F       		.uleb128 0xf
 712 0306 5F020000 		.4byte	.LASF25
 713 030a 5F020000 		.4byte	.LASF25
 714 030e 05       		.byte	0x5
 715 030f 33       		.byte	0x33
 716 0310 0F       		.uleb128 0xf
 717 0311 BD000000 		.4byte	.LASF26
 718 0315 BD000000 		.4byte	.LASF26
 719 0319 06       		.byte	0x6
 720 031a A0       		.byte	0xa0
 721 031b 0F       		.uleb128 0xf
 722 031c 3A000000 		.4byte	.LASF27
 723 0320 3A000000 		.4byte	.LASF27
ARM GAS  C:\Users\srhi\AppData\Local\Temp\ccYp926u.s 			page 15


 724 0324 06       		.byte	0x6
 725 0325 AC       		.byte	0xac
 726 0326 0F       		.uleb128 0xf
 727 0327 81010000 		.4byte	.LASF28
 728 032b 81010000 		.4byte	.LASF28
 729 032f 06       		.byte	0x6
 730 0330 99       		.byte	0x99
 731 0331 0F       		.uleb128 0xf
 732 0332 22020000 		.4byte	.LASF29
 733 0336 22020000 		.4byte	.LASF29
 734 033a 06       		.byte	0x6
 735 033b 9D       		.byte	0x9d
 736 033c 0F       		.uleb128 0xf
 737 033d 6E000000 		.4byte	.LASF30
 738 0341 6E000000 		.4byte	.LASF30
 739 0345 04       		.byte	0x4
 740 0346 38       		.byte	0x38
 741 0347 0F       		.uleb128 0xf
 742 0348 73020000 		.4byte	.LASF31
 743 034c 73020000 		.4byte	.LASF31
 744 0350 07       		.byte	0x7
 745 0351 72       		.byte	0x72
 746 0352 0F       		.uleb128 0xf
 747 0353 3A010000 		.4byte	.LASF32
 748 0357 3A010000 		.4byte	.LASF32
 749 035b 08       		.byte	0x8
 750 035c A2       		.byte	0xa2
 751 035d 00       		.byte	0
 752              		.section	.debug_abbrev,"",%progbits
 753              	.Ldebug_abbrev0:
 754 0000 01       		.uleb128 0x1
 755 0001 11       		.uleb128 0x11
 756 0002 01       		.byte	0x1
 757 0003 25       		.uleb128 0x25
 758 0004 0E       		.uleb128 0xe
 759 0005 13       		.uleb128 0x13
 760 0006 0B       		.uleb128 0xb
 761 0007 03       		.uleb128 0x3
 762 0008 0E       		.uleb128 0xe
 763 0009 1B       		.uleb128 0x1b
 764 000a 0E       		.uleb128 0xe
 765 000b 55       		.uleb128 0x55
 766 000c 17       		.uleb128 0x17
 767 000d 11       		.uleb128 0x11
 768 000e 01       		.uleb128 0x1
 769 000f 10       		.uleb128 0x10
 770 0010 17       		.uleb128 0x17
 771 0011 00       		.byte	0
 772 0012 00       		.byte	0
 773 0013 02       		.uleb128 0x2
 774 0014 24       		.uleb128 0x24
 775 0015 00       		.byte	0
 776 0016 0B       		.uleb128 0xb
 777 0017 0B       		.uleb128 0xb
 778 0018 3E       		.uleb128 0x3e
 779 0019 0B       		.uleb128 0xb
 780 001a 03       		.uleb128 0x3
ARM GAS  C:\Users\srhi\AppData\Local\Temp\ccYp926u.s 			page 16


 781 001b 0E       		.uleb128 0xe
 782 001c 00       		.byte	0
 783 001d 00       		.byte	0
 784 001e 03       		.uleb128 0x3
 785 001f 24       		.uleb128 0x24
 786 0020 00       		.byte	0
 787 0021 0B       		.uleb128 0xb
 788 0022 0B       		.uleb128 0xb
 789 0023 3E       		.uleb128 0x3e
 790 0024 0B       		.uleb128 0xb
 791 0025 03       		.uleb128 0x3
 792 0026 08       		.uleb128 0x8
 793 0027 00       		.byte	0
 794 0028 00       		.byte	0
 795 0029 04       		.uleb128 0x4
 796 002a 16       		.uleb128 0x16
 797 002b 00       		.byte	0
 798 002c 03       		.uleb128 0x3
 799 002d 0E       		.uleb128 0xe
 800 002e 3A       		.uleb128 0x3a
 801 002f 0B       		.uleb128 0xb
 802 0030 3B       		.uleb128 0x3b
 803 0031 05       		.uleb128 0x5
 804 0032 49       		.uleb128 0x49
 805 0033 13       		.uleb128 0x13
 806 0034 00       		.byte	0
 807 0035 00       		.byte	0
 808 0036 05       		.uleb128 0x5
 809 0037 2E       		.uleb128 0x2e
 810 0038 01       		.byte	0x1
 811 0039 3F       		.uleb128 0x3f
 812 003a 19       		.uleb128 0x19
 813 003b 03       		.uleb128 0x3
 814 003c 0E       		.uleb128 0xe
 815 003d 3A       		.uleb128 0x3a
 816 003e 0B       		.uleb128 0xb
 817 003f 3B       		.uleb128 0x3b
 818 0040 0B       		.uleb128 0xb
 819 0041 11       		.uleb128 0x11
 820 0042 01       		.uleb128 0x1
 821 0043 12       		.uleb128 0x12
 822 0044 06       		.uleb128 0x6
 823 0045 40       		.uleb128 0x40
 824 0046 18       		.uleb128 0x18
 825 0047 9742     		.uleb128 0x2117
 826 0049 19       		.uleb128 0x19
 827 004a 01       		.uleb128 0x1
 828 004b 13       		.uleb128 0x13
 829 004c 00       		.byte	0
 830 004d 00       		.byte	0
 831 004e 06       		.uleb128 0x6
 832 004f 898201   		.uleb128 0x4109
 833 0052 00       		.byte	0
 834 0053 11       		.uleb128 0x11
 835 0054 01       		.uleb128 0x1
 836 0055 31       		.uleb128 0x31
 837 0056 13       		.uleb128 0x13
ARM GAS  C:\Users\srhi\AppData\Local\Temp\ccYp926u.s 			page 17


 838 0057 00       		.byte	0
 839 0058 00       		.byte	0
 840 0059 07       		.uleb128 0x7
 841 005a 898201   		.uleb128 0x4109
 842 005d 01       		.byte	0x1
 843 005e 11       		.uleb128 0x11
 844 005f 01       		.uleb128 0x1
 845 0060 31       		.uleb128 0x31
 846 0061 13       		.uleb128 0x13
 847 0062 01       		.uleb128 0x1
 848 0063 13       		.uleb128 0x13
 849 0064 00       		.byte	0
 850 0065 00       		.byte	0
 851 0066 08       		.uleb128 0x8
 852 0067 8A8201   		.uleb128 0x410a
 853 006a 00       		.byte	0
 854 006b 02       		.uleb128 0x2
 855 006c 18       		.uleb128 0x18
 856 006d 9142     		.uleb128 0x2111
 857 006f 18       		.uleb128 0x18
 858 0070 00       		.byte	0
 859 0071 00       		.byte	0
 860 0072 09       		.uleb128 0x9
 861 0073 898201   		.uleb128 0x4109
 862 0076 01       		.byte	0x1
 863 0077 11       		.uleb128 0x11
 864 0078 01       		.uleb128 0x1
 865 0079 31       		.uleb128 0x31
 866 007a 13       		.uleb128 0x13
 867 007b 00       		.byte	0
 868 007c 00       		.byte	0
 869 007d 0A       		.uleb128 0xa
 870 007e 34       		.uleb128 0x34
 871 007f 00       		.byte	0
 872 0080 03       		.uleb128 0x3
 873 0081 0E       		.uleb128 0xe
 874 0082 3A       		.uleb128 0x3a
 875 0083 0B       		.uleb128 0xb
 876 0084 3B       		.uleb128 0x3b
 877 0085 0B       		.uleb128 0xb
 878 0086 49       		.uleb128 0x49
 879 0087 13       		.uleb128 0x13
 880 0088 02       		.uleb128 0x2
 881 0089 17       		.uleb128 0x17
 882 008a 00       		.byte	0
 883 008b 00       		.byte	0
 884 008c 0B       		.uleb128 0xb
 885 008d 2E       		.uleb128 0x2e
 886 008e 01       		.byte	0x1
 887 008f 3F       		.uleb128 0x3f
 888 0090 19       		.uleb128 0x19
 889 0091 03       		.uleb128 0x3
 890 0092 0E       		.uleb128 0xe
 891 0093 3A       		.uleb128 0x3a
 892 0094 0B       		.uleb128 0xb
 893 0095 3B       		.uleb128 0x3b
 894 0096 0B       		.uleb128 0xb
ARM GAS  C:\Users\srhi\AppData\Local\Temp\ccYp926u.s 			page 18


 895 0097 27       		.uleb128 0x27
 896 0098 19       		.uleb128 0x19
 897 0099 49       		.uleb128 0x49
 898 009a 13       		.uleb128 0x13
 899 009b 8701     		.uleb128 0x87
 900 009d 19       		.uleb128 0x19
 901 009e 11       		.uleb128 0x11
 902 009f 01       		.uleb128 0x1
 903 00a0 12       		.uleb128 0x12
 904 00a1 06       		.uleb128 0x6
 905 00a2 40       		.uleb128 0x40
 906 00a3 18       		.uleb128 0x18
 907 00a4 9742     		.uleb128 0x2117
 908 00a6 19       		.uleb128 0x19
 909 00a7 01       		.uleb128 0x1
 910 00a8 13       		.uleb128 0x13
 911 00a9 00       		.byte	0
 912 00aa 00       		.byte	0
 913 00ab 0C       		.uleb128 0xc
 914 00ac 01       		.uleb128 0x1
 915 00ad 01       		.byte	0x1
 916 00ae 49       		.uleb128 0x49
 917 00af 13       		.uleb128 0x13
 918 00b0 01       		.uleb128 0x1
 919 00b1 13       		.uleb128 0x13
 920 00b2 00       		.byte	0
 921 00b3 00       		.byte	0
 922 00b4 0D       		.uleb128 0xd
 923 00b5 21       		.uleb128 0x21
 924 00b6 00       		.byte	0
 925 00b7 49       		.uleb128 0x49
 926 00b8 13       		.uleb128 0x13
 927 00b9 2F       		.uleb128 0x2f
 928 00ba 0B       		.uleb128 0xb
 929 00bb 00       		.byte	0
 930 00bc 00       		.byte	0
 931 00bd 0E       		.uleb128 0xe
 932 00be 34       		.uleb128 0x34
 933 00bf 00       		.byte	0
 934 00c0 03       		.uleb128 0x3
 935 00c1 0E       		.uleb128 0xe
 936 00c2 3A       		.uleb128 0x3a
 937 00c3 0B       		.uleb128 0xb
 938 00c4 3B       		.uleb128 0x3b
 939 00c5 0B       		.uleb128 0xb
 940 00c6 49       		.uleb128 0x49
 941 00c7 13       		.uleb128 0x13
 942 00c8 3F       		.uleb128 0x3f
 943 00c9 19       		.uleb128 0x19
 944 00ca 02       		.uleb128 0x2
 945 00cb 18       		.uleb128 0x18
 946 00cc 00       		.byte	0
 947 00cd 00       		.byte	0
 948 00ce 0F       		.uleb128 0xf
 949 00cf 2E       		.uleb128 0x2e
 950 00d0 00       		.byte	0
 951 00d1 3F       		.uleb128 0x3f
ARM GAS  C:\Users\srhi\AppData\Local\Temp\ccYp926u.s 			page 19


 952 00d2 19       		.uleb128 0x19
 953 00d3 3C       		.uleb128 0x3c
 954 00d4 19       		.uleb128 0x19
 955 00d5 6E       		.uleb128 0x6e
 956 00d6 0E       		.uleb128 0xe
 957 00d7 03       		.uleb128 0x3
 958 00d8 0E       		.uleb128 0xe
 959 00d9 3A       		.uleb128 0x3a
 960 00da 0B       		.uleb128 0xb
 961 00db 3B       		.uleb128 0x3b
 962 00dc 0B       		.uleb128 0xb
 963 00dd 00       		.byte	0
 964 00de 00       		.byte	0
 965 00df 00       		.byte	0
 966              		.section	.debug_loc,"",%progbits
 967              	.Ldebug_loc0:
 968              	.LLST0:
 969 0000 1A000000 		.4byte	.LVL12
 970 0004 1C000000 		.4byte	.LVL13
 971 0008 0100     		.2byte	0x1
 972 000a 50       		.byte	0x50
 973 000b 1C000000 		.4byte	.LVL13
 974 000f 3A000000 		.4byte	.LVL16
 975 0013 0100     		.2byte	0x1
 976 0015 54       		.byte	0x54
 977 0016 3A000000 		.4byte	.LVL16
 978 001a 5A000000 		.4byte	.LVL18
 979 001e 0400     		.2byte	0x4
 980 0020 74       		.byte	0x74
 981 0021 AB05     		.sleb128 683
 982 0023 9F       		.byte	0x9f
 983 0024 00000000 		.4byte	0
 984 0028 00000000 		.4byte	0
 985              		.section	.debug_aranges,"",%progbits
 986 0000 3C000000 		.4byte	0x3c
 987 0004 0200     		.2byte	0x2
 988 0006 00000000 		.4byte	.Ldebug_info0
 989 000a 04       		.byte	0x4
 990 000b 00       		.byte	0
 991 000c 0000     		.2byte	0
 992 000e 0000     		.2byte	0
 993 0010 00000000 		.4byte	.LFB32
 994 0014 10000000 		.4byte	.LFE32-.LFB32
 995 0018 00000000 		.4byte	.LFB33
 996 001c 38000000 		.4byte	.LFE33-.LFB33
 997 0020 00000000 		.4byte	.LFB34
 998 0024 20000000 		.4byte	.LFE34-.LFB34
 999 0028 00000000 		.4byte	.LFB35
 1000 002c 78000000 		.4byte	.LFE35-.LFB35
 1001 0030 00000000 		.4byte	.LFB36
 1002 0034 34000000 		.4byte	.LFE36-.LFB36
 1003 0038 00000000 		.4byte	0
 1004 003c 00000000 		.4byte	0
 1005              		.section	.debug_ranges,"",%progbits
 1006              	.Ldebug_ranges0:
 1007 0000 00000000 		.4byte	.LFB32
 1008 0004 10000000 		.4byte	.LFE32
ARM GAS  C:\Users\srhi\AppData\Local\Temp\ccYp926u.s 			page 20


 1009 0008 00000000 		.4byte	.LFB33
 1010 000c 38000000 		.4byte	.LFE33
 1011 0010 00000000 		.4byte	.LFB34
 1012 0014 20000000 		.4byte	.LFE34
 1013 0018 00000000 		.4byte	.LFB35
 1014 001c 78000000 		.4byte	.LFE35
 1015 0020 00000000 		.4byte	.LFB36
 1016 0024 34000000 		.4byte	.LFE36
 1017 0028 00000000 		.4byte	0
 1018 002c 00000000 		.4byte	0
 1019              		.section	.debug_line,"",%progbits
 1020              	.Ldebug_line0:
 1021 0000 1B010000 		.section	.debug_str,"MS",%progbits,1
 1021      02009700 
 1021      00000201 
 1021      FB0E0D00 
 1021      01010101 
 1022              	.LASF6:
 1023 0000 6C6F6E67 		.ascii	"long long int\000"
 1023      206C6F6E 
 1023      6720696E 
 1023      7400
 1024              	.LASF35:
 1025 000e 433A5C55 		.ascii	"C:\\Users\\srhi\\Desktop\\PSOC\\FINAL_GAME.cydsn\000"
 1025      73657273 
 1025      5C737268 
 1025      695C4465 
 1025      736B746F 
 1026              	.LASF27:
 1027 003a 4144435F 		.ascii	"ADC_CountsTo_mVolts\000"
 1027      436F756E 
 1027      7473546F 
 1027      5F6D566F 
 1027      6C747300 
 1028              	.LASF3:
 1029 004e 73686F72 		.ascii	"short unsigned int\000"
 1029      7420756E 
 1029      7369676E 
 1029      65642069 
 1029      6E7400
 1030              	.LASF38:
 1031 0061 49324352 		.ascii	"I2CReg\000"
 1031      656700
 1032              	.LASF12:
 1033 0068 666C6F61 		.ascii	"float\000"
 1033      7400
 1034              	.LASF30:
 1035 006e 4C43445F 		.ascii	"LCD_Start\000"
 1035      53746172 
 1035      7400
 1036              	.LASF1:
 1037 0078 756E7369 		.ascii	"unsigned char\000"
 1037      676E6564 
 1037      20636861 
 1037      7200
 1038              	.LASF20:
 1039 0086 7365745F 		.ascii	"set_speed\000"
ARM GAS  C:\Users\srhi\AppData\Local\Temp\ccYp926u.s 			page 21


 1039      73706565 
 1039      6400
 1040              	.LASF5:
 1041 0090 6C6F6E67 		.ascii	"long unsigned int\000"
 1041      20756E73 
 1041      69676E65 
 1041      6420696E 
 1041      7400
 1042              	.LASF11:
 1043 00a2 696E7433 		.ascii	"int32\000"
 1043      3200
 1044              	.LASF21:
 1045 00a8 53746174 		.ascii	"Status_Register_Read\000"
 1045      75735F52 
 1045      65676973 
 1045      7465725F 
 1045      52656164 
 1046              	.LASF26:
 1047 00bd 4144435F 		.ascii	"ADC_GetResult16\000"
 1047      47657452 
 1047      6573756C 
 1047      74313600 
 1048              	.LASF17:
 1049 00cd 72656164 		.ascii	"read_buttons_and_set_buffer\000"
 1049      5F627574 
 1049      746F6E73 
 1049      5F616E64 
 1049      5F736574 
 1050              	.LASF13:
 1051 00e9 646F7562 		.ascii	"double\000"
 1051      6C6500
 1052              	.LASF36:
 1053 00f0 41444352 		.ascii	"ADCResult\000"
 1053      6573756C 
 1053      7400
 1054              	.LASF37:
 1055 00fa 6D61696E 		.ascii	"main\000"
 1055      00
 1056              	.LASF24:
 1057 00ff 4C43445F 		.ascii	"LCD_PrintString\000"
 1057      5072696E 
 1057      74537472 
 1057      696E6700 
 1058              	.LASF10:
 1059 010f 75696E74 		.ascii	"uint16\000"
 1059      313600
 1060              	.LASF8:
 1061 0116 756E7369 		.ascii	"unsigned int\000"
 1061      676E6564 
 1061      20696E74 
 1061      00
 1062              	.LASF7:
 1063 0123 6C6F6E67 		.ascii	"long long unsigned int\000"
 1063      206C6F6E 
 1063      6720756E 
 1063      7369676E 
 1063      65642069 
ARM GAS  C:\Users\srhi\AppData\Local\Temp\ccYp926u.s 			page 22


 1064              	.LASF32:
 1065 013a 455A4932 		.ascii	"EZI2C_EzI2CSetBuffer1\000"
 1065      435F457A 
 1065      49324353 
 1065      65744275 
 1065      66666572 
 1066              	.LASF22:
 1067 0150 4C43445F 		.ascii	"LCD_Position\000"
 1067      506F7369 
 1067      74696F6E 
 1067      00
 1068              	.LASF23:
 1069 015d 4C43445F 		.ascii	"LCD_PrintU32Number\000"
 1069      5072696E 
 1069      74553332 
 1069      4E756D62 
 1069      657200
 1070              	.LASF19:
 1071 0170 63686563 		.ascii	"check_wrong_type\000"
 1071      6B5F7772 
 1071      6F6E675F 
 1071      74797065 
 1071      00
 1072              	.LASF28:
 1073 0181 4144435F 		.ascii	"ADC_Start\000"
 1073      53746172 
 1073      7400
 1074              	.LASF33:
 1075 018b 474E5520 		.ascii	"GNU C11 5.4.1 20160609 (release) [ARM/embedded-5-br"
 1075      43313120 
 1075      352E342E 
 1075      31203230 
 1075      31363036 
 1076 01be 616E6368 		.ascii	"anch revision 237715] -mcpu=cortex-m0 -mthumb -g -O"
 1076      20726576 
 1076      6973696F 
 1076      6E203233 
 1076      37373135 
 1077 01f1 67202D66 		.ascii	"g -ffunction-sections -ffat-lto-objects\000"
 1077      66756E63 
 1077      74696F6E 
 1077      2D736563 
 1077      74696F6E 
 1078              	.LASF16:
 1079 0219 73697A65 		.ascii	"sizetype\000"
 1079      74797065 
 1079      00
 1080              	.LASF29:
 1081 0222 4144435F 		.ascii	"ADC_StartConvert\000"
 1081      53746172 
 1081      74436F6E 
 1081      76657274 
 1081      00
 1082              	.LASF34:
 1083 0233 6D61696E 		.ascii	"main.c\000"
 1083      2E6300
 1084              	.LASF14:
ARM GAS  C:\Users\srhi\AppData\Local\Temp\ccYp926u.s 			page 23


 1085 023a 63686172 		.ascii	"char\000"
 1085      00
 1086              	.LASF2:
 1087 023f 73686F72 		.ascii	"short int\000"
 1087      7420696E 
 1087      7400
 1088              	.LASF9:
 1089 0249 75696E74 		.ascii	"uint8\000"
 1089      3800
 1090              	.LASF18:
 1091 024f 76696577 		.ascii	"view_I2c_Buffer\000"
 1091      5F493263 
 1091      5F427566 
 1091      66657200 
 1092              	.LASF25:
 1093 025f 50696E5F 		.ascii	"Pin_in_buzzer_Write\000"
 1093      696E5F62 
 1093      757A7A65 
 1093      725F5772 
 1093      69746500 
 1094              	.LASF31:
 1095 0273 455A4932 		.ascii	"EZI2C_Start\000"
 1095      435F5374 
 1095      61727400 
 1096              	.LASF4:
 1097 027f 6C6F6E67 		.ascii	"long int\000"
 1097      20696E74 
 1097      00
 1098              	.LASF15:
 1099 0288 6C6F6E67 		.ascii	"long double\000"
 1099      20646F75 
 1099      626C6500 
 1100              	.LASF0:
 1101 0294 7369676E 		.ascii	"signed char\000"
 1101      65642063 
 1101      68617200 
 1102              		.ident	"GCC: (GNU Tools for ARM Embedded Processors) 5.4.1 20160609 (release) [ARM/embedded-5-bran
