ARM GAS  C:\Users\srhi\AppData\Local\Temp\ccXHTb1A.s 			page 1


   1              		.syntax unified
   2              		.cpu cortex-m0
   3              		.fpu softvfp
   4              		.eabi_attribute 20, 1
   5              		.eabi_attribute 21, 1
   6              		.eabi_attribute 23, 3
   7              		.eabi_attribute 24, 1
   8              		.eabi_attribute 25, 1
   9              		.eabi_attribute 26, 1
  10              		.eabi_attribute 30, 1
  11              		.eabi_attribute 34, 0
  12              		.eabi_attribute 18, 4
  13              		.thumb
  14              		.syntax unified
  15              		.file	"main.c"
  16              		.text
  17              	.Ltext0:
  18              		.cfi_sections	.debug_frame
  19              		.section	.text.main,"ax",%progbits
  20              		.align	2
  21              		.global	main
  22              		.code	16
  23              		.thumb_func
  24              		.type	main, %function
  25              	main:
  26              	.LFB32:
  27              		.file 1 "main.c"
   1:main.c        **** /* ========================================
   2:main.c        ****  *
   3:main.c        ****  * Copyright YOUR COMPANY, THE YEAR
   4:main.c        ****  * All Rights Reserved
   5:main.c        ****  * UNPUBLISHED, LICENSED SOFTWARE.
   6:main.c        ****  *
   7:main.c        ****  * CONFIDENTIAL AND PROPRIETARY INFORMATION
   8:main.c        ****  * WHICH IS THE PROPERTY OF your company.
   9:main.c        ****  *
  10:main.c        ****  * ========================================
  11:main.c        **** */
  12:main.c        **** #include "project.h"
  13:main.c        **** 
  14:main.c        **** int main(void)
  15:main.c        **** {
  28              		.loc 1 15 0
  29              		.cfi_startproc
  30              		@ Volatile: function does not return.
  31              		@ args = 0, pretend = 0, frame = 0
  32              		@ frame_needed = 0, uses_anonymous_args = 0
  33 0000 10B5     		push	{r4, lr}
  34              		.cfi_def_cfa_offset 8
  35              		.cfi_offset 4, -8
  36              		.cfi_offset 14, -4
  16:main.c        ****     CyGlobalIntEnable; /* Enable global interrupts. */
  37              		.loc 1 16 0
  38              		.syntax divided
  39              	@ 16 "main.c" 1
  40 0002 62B6     		CPSIE   i
  41              	@ 0 "" 2
ARM GAS  C:\Users\srhi\AppData\Local\Temp\ccXHTb1A.s 			page 2


  17:main.c        ****     LCD_Start();
  42              		.loc 1 17 0
  43              		.thumb
  44              		.syntax unified
  45 0004 FFF7FEFF 		bl	LCD_Start
  46              	.LVL0:
  47              	.L2:
  18:main.c        ****     /* Place your initialization/startup code here (e.g. MyInst_Start()) */
  19:main.c        ****     
  20:main.c        ****     for(;;)
  21:main.c        ****     {
  22:main.c        ****         /* Place your application code here. */
  23:main.c        ****         
  24:main.c        ****         LCD_Position(0,0);
  48              		.loc 1 24 0 discriminator 1
  49 0008 0021     		movs	r1, #0
  50 000a 0020     		movs	r0, #0
  51 000c FFF7FEFF 		bl	LCD_Position
  52              	.LVL1:
  25:main.c        ****         
  26:main.c        ****         LCD_PrintString("ON  ");
  53              		.loc 1 26 0 discriminator 1
  54 0010 0448     		ldr	r0, .L3
  55 0012 FFF7FEFF 		bl	LCD_PrintString
  56              	.LVL2:
  27:main.c        ****         LCD_PrintNumber( ~ Status_Register_Read());
  57              		.loc 1 27 0 discriminator 1
  58 0016 FFF7FEFF 		bl	Status_Register_Read
  59              	.LVL3:
  60 001a C043     		mvns	r0, r0
  61 001c 80B2     		uxth	r0, r0
  62 001e FFF7FEFF 		bl	LCD_PrintU32Number
  63              	.LVL4:
  64 0022 F1E7     		b	.L2
  65              	.L4:
  66              		.align	2
  67              	.L3:
  68 0024 00000000 		.word	.LC0
  69              		.cfi_endproc
  70              	.LFE32:
  71              		.size	main, .-main
  72              		.section	.rodata.str1.4,"aMS",%progbits,1
  73              		.align	2
  74              	.LC0:
  75 0000 4F4E2020 		.ascii	"ON  \000"
  75      00
  76              		.text
  77              	.Letext0:
  78              		.file 2 "Generated_Source\\PSoC4/LCD.h"
  79              		.file 3 "Generated_Source\\PSoC4/Status_Register.h"
  80              		.file 4 "Generated_Source\\PSoC4/cytypes.h"
  81              		.section	.debug_info,"",%progbits
  82              	.Ldebug_info0:
  83 0000 32010000 		.4byte	0x132
  84 0004 0400     		.2byte	0x4
  85 0006 00000000 		.4byte	.Ldebug_abbrev0
  86 000a 04       		.byte	0x4
ARM GAS  C:\Users\srhi\AppData\Local\Temp\ccXHTb1A.s 			page 3


  87 000b 01       		.uleb128 0x1
  88 000c E9000000 		.4byte	.LASF19
  89 0010 0C       		.byte	0xc
  90 0011 4C000000 		.4byte	.LASF20
  91 0015 1B000000 		.4byte	.LASF21
  92 0019 00000000 		.4byte	.Ldebug_ranges0+0
  93 001d 00000000 		.4byte	0
  94 0021 00000000 		.4byte	.Ldebug_line0
  95 0025 02       		.uleb128 0x2
  96 0026 01       		.byte	0x1
  97 0027 06       		.byte	0x6
  98 0028 8A010000 		.4byte	.LASF0
  99 002c 02       		.uleb128 0x2
 100 002d 01       		.byte	0x1
 101 002e 08       		.byte	0x8
 102 002f 91000000 		.4byte	.LASF1
 103 0033 02       		.uleb128 0x2
 104 0034 02       		.byte	0x2
 105 0035 05       		.byte	0x5
 106 0036 A2010000 		.4byte	.LASF2
 107 003a 02       		.uleb128 0x2
 108 003b 02       		.byte	0x2
 109 003c 07       		.byte	0x7
 110 003d 77010000 		.4byte	.LASF3
 111 0041 02       		.uleb128 0x2
 112 0042 04       		.byte	0x4
 113 0043 05       		.byte	0x5
 114 0044 B7000000 		.4byte	.LASF4
 115 0048 02       		.uleb128 0x2
 116 0049 04       		.byte	0x4
 117 004a 07       		.byte	0x7
 118 004b 58000000 		.4byte	.LASF5
 119 004f 02       		.uleb128 0x2
 120 0050 08       		.byte	0x8
 121 0051 05       		.byte	0x5
 122 0052 00000000 		.4byte	.LASF6
 123 0056 02       		.uleb128 0x2
 124 0057 08       		.byte	0x8
 125 0058 07       		.byte	0x7
 126 0059 6A000000 		.4byte	.LASF7
 127 005d 03       		.uleb128 0x3
 128 005e 04       		.byte	0x4
 129 005f 05       		.byte	0x5
 130 0060 696E7400 		.ascii	"int\000"
 131 0064 02       		.uleb128 0x2
 132 0065 04       		.byte	0x4
 133 0066 07       		.byte	0x7
 134 0067 0E000000 		.4byte	.LASF8
 135 006b 04       		.uleb128 0x4
 136 006c AC010000 		.4byte	.LASF22
 137 0070 04       		.byte	0x4
 138 0071 E501     		.2byte	0x1e5
 139 0073 3A000000 		.4byte	0x3a
 140 0077 02       		.uleb128 0x2
 141 0078 04       		.byte	0x4
 142 0079 04       		.byte	0x4
 143 007a 8B000000 		.4byte	.LASF9
ARM GAS  C:\Users\srhi\AppData\Local\Temp\ccXHTb1A.s 			page 4


 144 007e 02       		.uleb128 0x2
 145 007f 08       		.byte	0x8
 146 0080 04       		.byte	0x4
 147 0081 C0000000 		.4byte	.LASF10
 148 0085 02       		.uleb128 0x2
 149 0086 01       		.byte	0x1
 150 0087 08       		.byte	0x8
 151 0088 9F000000 		.4byte	.LASF11
 152 008c 02       		.uleb128 0x2
 153 008d 08       		.byte	0x8
 154 008e 04       		.byte	0x4
 155 008f 96010000 		.4byte	.LASF12
 156 0093 02       		.uleb128 0x2
 157 0094 04       		.byte	0x4
 158 0095 07       		.byte	0x7
 159 0096 B3010000 		.4byte	.LASF13
 160 009a 05       		.uleb128 0x5
 161 009b 53000000 		.4byte	.LASF23
 162 009f 01       		.byte	0x1
 163 00a0 0E       		.byte	0xe
 164 00a1 5D000000 		.4byte	0x5d
 165 00a5 00000000 		.4byte	.LFB32
 166 00a9 28000000 		.4byte	.LFE32-.LFB32
 167 00ad 01       		.uleb128 0x1
 168 00ae 9C       		.byte	0x9c
 169 00af FE000000 		.4byte	0xfe
 170 00b3 06       		.uleb128 0x6
 171 00b4 08000000 		.4byte	.LVL0
 172 00b8 FE000000 		.4byte	0xfe
 173 00bc 07       		.uleb128 0x7
 174 00bd 10000000 		.4byte	.LVL1
 175 00c1 09010000 		.4byte	0x109
 176 00c5 D4000000 		.4byte	0xd4
 177 00c9 08       		.uleb128 0x8
 178 00ca 01       		.uleb128 0x1
 179 00cb 50       		.byte	0x50
 180 00cc 01       		.uleb128 0x1
 181 00cd 30       		.byte	0x30
 182 00ce 08       		.uleb128 0x8
 183 00cf 01       		.uleb128 0x1
 184 00d0 51       		.byte	0x51
 185 00d1 01       		.uleb128 0x1
 186 00d2 30       		.byte	0x30
 187 00d3 00       		.byte	0
 188 00d4 07       		.uleb128 0x7
 189 00d5 16000000 		.4byte	.LVL2
 190 00d9 14010000 		.4byte	0x114
 191 00dd EB000000 		.4byte	0xeb
 192 00e1 08       		.uleb128 0x8
 193 00e2 01       		.uleb128 0x1
 194 00e3 50       		.byte	0x50
 195 00e4 05       		.uleb128 0x5
 196 00e5 03       		.byte	0x3
 197 00e6 00000000 		.4byte	.LC0
 198 00ea 00       		.byte	0
 199 00eb 06       		.uleb128 0x6
 200 00ec 1A000000 		.4byte	.LVL3
ARM GAS  C:\Users\srhi\AppData\Local\Temp\ccXHTb1A.s 			page 5


 201 00f0 1F010000 		.4byte	0x11f
 202 00f4 06       		.uleb128 0x6
 203 00f5 22000000 		.4byte	.LVL4
 204 00f9 2A010000 		.4byte	0x12a
 205 00fd 00       		.byte	0
 206 00fe 09       		.uleb128 0x9
 207 00ff 81000000 		.4byte	.LASF14
 208 0103 81000000 		.4byte	.LASF14
 209 0107 02       		.byte	0x2
 210 0108 38       		.byte	0x38
 211 0109 09       		.uleb128 0x9
 212 010a C7000000 		.4byte	.LASF15
 213 010e C7000000 		.4byte	.LASF15
 214 0112 02       		.byte	0x2
 215 0113 3D       		.byte	0x3d
 216 0114 09       		.uleb128 0x9
 217 0115 BC010000 		.4byte	.LASF16
 218 0119 BC010000 		.4byte	.LASF16
 219 011d 02       		.byte	0x2
 220 011e 3C       		.byte	0x3c
 221 011f 09       		.uleb128 0x9
 222 0120 D4000000 		.4byte	.LASF17
 223 0124 D4000000 		.4byte	.LASF17
 224 0128 03       		.byte	0x3
 225 0129 30       		.byte	0x30
 226 012a 09       		.uleb128 0x9
 227 012b A4000000 		.4byte	.LASF18
 228 012f A4000000 		.4byte	.LASF18
 229 0133 02       		.byte	0x2
 230 0134 61       		.byte	0x61
 231 0135 00       		.byte	0
 232              		.section	.debug_abbrev,"",%progbits
 233              	.Ldebug_abbrev0:
 234 0000 01       		.uleb128 0x1
 235 0001 11       		.uleb128 0x11
 236 0002 01       		.byte	0x1
 237 0003 25       		.uleb128 0x25
 238 0004 0E       		.uleb128 0xe
 239 0005 13       		.uleb128 0x13
 240 0006 0B       		.uleb128 0xb
 241 0007 03       		.uleb128 0x3
 242 0008 0E       		.uleb128 0xe
 243 0009 1B       		.uleb128 0x1b
 244 000a 0E       		.uleb128 0xe
 245 000b 55       		.uleb128 0x55
 246 000c 17       		.uleb128 0x17
 247 000d 11       		.uleb128 0x11
 248 000e 01       		.uleb128 0x1
 249 000f 10       		.uleb128 0x10
 250 0010 17       		.uleb128 0x17
 251 0011 00       		.byte	0
 252 0012 00       		.byte	0
 253 0013 02       		.uleb128 0x2
 254 0014 24       		.uleb128 0x24
 255 0015 00       		.byte	0
 256 0016 0B       		.uleb128 0xb
 257 0017 0B       		.uleb128 0xb
ARM GAS  C:\Users\srhi\AppData\Local\Temp\ccXHTb1A.s 			page 6


 258 0018 3E       		.uleb128 0x3e
 259 0019 0B       		.uleb128 0xb
 260 001a 03       		.uleb128 0x3
 261 001b 0E       		.uleb128 0xe
 262 001c 00       		.byte	0
 263 001d 00       		.byte	0
 264 001e 03       		.uleb128 0x3
 265 001f 24       		.uleb128 0x24
 266 0020 00       		.byte	0
 267 0021 0B       		.uleb128 0xb
 268 0022 0B       		.uleb128 0xb
 269 0023 3E       		.uleb128 0x3e
 270 0024 0B       		.uleb128 0xb
 271 0025 03       		.uleb128 0x3
 272 0026 08       		.uleb128 0x8
 273 0027 00       		.byte	0
 274 0028 00       		.byte	0
 275 0029 04       		.uleb128 0x4
 276 002a 16       		.uleb128 0x16
 277 002b 00       		.byte	0
 278 002c 03       		.uleb128 0x3
 279 002d 0E       		.uleb128 0xe
 280 002e 3A       		.uleb128 0x3a
 281 002f 0B       		.uleb128 0xb
 282 0030 3B       		.uleb128 0x3b
 283 0031 05       		.uleb128 0x5
 284 0032 49       		.uleb128 0x49
 285 0033 13       		.uleb128 0x13
 286 0034 00       		.byte	0
 287 0035 00       		.byte	0
 288 0036 05       		.uleb128 0x5
 289 0037 2E       		.uleb128 0x2e
 290 0038 01       		.byte	0x1
 291 0039 3F       		.uleb128 0x3f
 292 003a 19       		.uleb128 0x19
 293 003b 03       		.uleb128 0x3
 294 003c 0E       		.uleb128 0xe
 295 003d 3A       		.uleb128 0x3a
 296 003e 0B       		.uleb128 0xb
 297 003f 3B       		.uleb128 0x3b
 298 0040 0B       		.uleb128 0xb
 299 0041 27       		.uleb128 0x27
 300 0042 19       		.uleb128 0x19
 301 0043 49       		.uleb128 0x49
 302 0044 13       		.uleb128 0x13
 303 0045 8701     		.uleb128 0x87
 304 0047 19       		.uleb128 0x19
 305 0048 11       		.uleb128 0x11
 306 0049 01       		.uleb128 0x1
 307 004a 12       		.uleb128 0x12
 308 004b 06       		.uleb128 0x6
 309 004c 40       		.uleb128 0x40
 310 004d 18       		.uleb128 0x18
 311 004e 9742     		.uleb128 0x2117
 312 0050 19       		.uleb128 0x19
 313 0051 01       		.uleb128 0x1
 314 0052 13       		.uleb128 0x13
ARM GAS  C:\Users\srhi\AppData\Local\Temp\ccXHTb1A.s 			page 7


 315 0053 00       		.byte	0
 316 0054 00       		.byte	0
 317 0055 06       		.uleb128 0x6
 318 0056 898201   		.uleb128 0x4109
 319 0059 00       		.byte	0
 320 005a 11       		.uleb128 0x11
 321 005b 01       		.uleb128 0x1
 322 005c 31       		.uleb128 0x31
 323 005d 13       		.uleb128 0x13
 324 005e 00       		.byte	0
 325 005f 00       		.byte	0
 326 0060 07       		.uleb128 0x7
 327 0061 898201   		.uleb128 0x4109
 328 0064 01       		.byte	0x1
 329 0065 11       		.uleb128 0x11
 330 0066 01       		.uleb128 0x1
 331 0067 31       		.uleb128 0x31
 332 0068 13       		.uleb128 0x13
 333 0069 01       		.uleb128 0x1
 334 006a 13       		.uleb128 0x13
 335 006b 00       		.byte	0
 336 006c 00       		.byte	0
 337 006d 08       		.uleb128 0x8
 338 006e 8A8201   		.uleb128 0x410a
 339 0071 00       		.byte	0
 340 0072 02       		.uleb128 0x2
 341 0073 18       		.uleb128 0x18
 342 0074 9142     		.uleb128 0x2111
 343 0076 18       		.uleb128 0x18
 344 0077 00       		.byte	0
 345 0078 00       		.byte	0
 346 0079 09       		.uleb128 0x9
 347 007a 2E       		.uleb128 0x2e
 348 007b 00       		.byte	0
 349 007c 3F       		.uleb128 0x3f
 350 007d 19       		.uleb128 0x19
 351 007e 3C       		.uleb128 0x3c
 352 007f 19       		.uleb128 0x19
 353 0080 6E       		.uleb128 0x6e
 354 0081 0E       		.uleb128 0xe
 355 0082 03       		.uleb128 0x3
 356 0083 0E       		.uleb128 0xe
 357 0084 3A       		.uleb128 0x3a
 358 0085 0B       		.uleb128 0xb
 359 0086 3B       		.uleb128 0x3b
 360 0087 0B       		.uleb128 0xb
 361 0088 00       		.byte	0
 362 0089 00       		.byte	0
 363 008a 00       		.byte	0
 364              		.section	.debug_aranges,"",%progbits
 365 0000 1C000000 		.4byte	0x1c
 366 0004 0200     		.2byte	0x2
 367 0006 00000000 		.4byte	.Ldebug_info0
 368 000a 04       		.byte	0x4
 369 000b 00       		.byte	0
 370 000c 0000     		.2byte	0
 371 000e 0000     		.2byte	0
ARM GAS  C:\Users\srhi\AppData\Local\Temp\ccXHTb1A.s 			page 8


 372 0010 00000000 		.4byte	.LFB32
 373 0014 28000000 		.4byte	.LFE32-.LFB32
 374 0018 00000000 		.4byte	0
 375 001c 00000000 		.4byte	0
 376              		.section	.debug_ranges,"",%progbits
 377              	.Ldebug_ranges0:
 378 0000 00000000 		.4byte	.LFB32
 379 0004 28000000 		.4byte	.LFE32
 380 0008 00000000 		.4byte	0
 381 000c 00000000 		.4byte	0
 382              		.section	.debug_line,"",%progbits
 383              	.Ldebug_line0:
 384 0000 85000000 		.section	.debug_str,"MS",%progbits,1
 384      02005F00 
 384      00000201 
 384      FB0E0D00 
 384      01010101 
 385              	.LASF6:
 386 0000 6C6F6E67 		.ascii	"long long int\000"
 386      206C6F6E 
 386      6720696E 
 386      7400
 387              	.LASF8:
 388 000e 756E7369 		.ascii	"unsigned int\000"
 388      676E6564 
 388      20696E74 
 388      00
 389              	.LASF21:
 390 001b 433A5C55 		.ascii	"C:\\Users\\srhi\\Desktop\\PSOC\\Status_Register.cyd"
 390      73657273 
 390      5C737268 
 390      695C4465 
 390      736B746F 
 391 0049 736E00   		.ascii	"sn\000"
 392              	.LASF20:
 393 004c 6D61696E 		.ascii	"main.c\000"
 393      2E6300
 394              	.LASF23:
 395 0053 6D61696E 		.ascii	"main\000"
 395      00
 396              	.LASF5:
 397 0058 6C6F6E67 		.ascii	"long unsigned int\000"
 397      20756E73 
 397      69676E65 
 397      6420696E 
 397      7400
 398              	.LASF7:
 399 006a 6C6F6E67 		.ascii	"long long unsigned int\000"
 399      206C6F6E 
 399      6720756E 
 399      7369676E 
 399      65642069 
 400              	.LASF14:
 401 0081 4C43445F 		.ascii	"LCD_Start\000"
 401      53746172 
 401      7400
 402              	.LASF9:
ARM GAS  C:\Users\srhi\AppData\Local\Temp\ccXHTb1A.s 			page 9


 403 008b 666C6F61 		.ascii	"float\000"
 403      7400
 404              	.LASF1:
 405 0091 756E7369 		.ascii	"unsigned char\000"
 405      676E6564 
 405      20636861 
 405      7200
 406              	.LASF11:
 407 009f 63686172 		.ascii	"char\000"
 407      00
 408              	.LASF18:
 409 00a4 4C43445F 		.ascii	"LCD_PrintU32Number\000"
 409      5072696E 
 409      74553332 
 409      4E756D62 
 409      657200
 410              	.LASF4:
 411 00b7 6C6F6E67 		.ascii	"long int\000"
 411      20696E74 
 411      00
 412              	.LASF10:
 413 00c0 646F7562 		.ascii	"double\000"
 413      6C6500
 414              	.LASF15:
 415 00c7 4C43445F 		.ascii	"LCD_Position\000"
 415      506F7369 
 415      74696F6E 
 415      00
 416              	.LASF17:
 417 00d4 53746174 		.ascii	"Status_Register_Read\000"
 417      75735F52 
 417      65676973 
 417      7465725F 
 417      52656164 
 418              	.LASF19:
 419 00e9 474E5520 		.ascii	"GNU C11 5.4.1 20160609 (release) [ARM/embedded-5-br"
 419      43313120 
 419      352E342E 
 419      31203230 
 419      31363036 
 420 011c 616E6368 		.ascii	"anch revision 237715] -mcpu=cortex-m0 -mthumb -g -O"
 420      20726576 
 420      6973696F 
 420      6E203233 
 420      37373135 
 421 014f 67202D66 		.ascii	"g -ffunction-sections -ffat-lto-objects\000"
 421      66756E63 
 421      74696F6E 
 421      2D736563 
 421      74696F6E 
 422              	.LASF3:
 423 0177 73686F72 		.ascii	"short unsigned int\000"
 423      7420756E 
 423      7369676E 
 423      65642069 
 423      6E7400
 424              	.LASF0:
ARM GAS  C:\Users\srhi\AppData\Local\Temp\ccXHTb1A.s 			page 10


 425 018a 7369676E 		.ascii	"signed char\000"
 425      65642063 
 425      68617200 
 426              	.LASF12:
 427 0196 6C6F6E67 		.ascii	"long double\000"
 427      20646F75 
 427      626C6500 
 428              	.LASF2:
 429 01a2 73686F72 		.ascii	"short int\000"
 429      7420696E 
 429      7400
 430              	.LASF22:
 431 01ac 75696E74 		.ascii	"uint16\000"
 431      313600
 432              	.LASF13:
 433 01b3 73697A65 		.ascii	"sizetype\000"
 433      74797065 
 433      00
 434              	.LASF16:
 435 01bc 4C43445F 		.ascii	"LCD_PrintString\000"
 435      5072696E 
 435      74537472 
 435      696E6700 
 436              		.ident	"GCC: (GNU Tools for ARM Embedded Processors) 5.4.1 20160609 (release) [ARM/embedded-5-bran
