ARM GAS  C:\Users\srhi\AppData\Local\Temp\cca5kMzZ.s 			page 1


   1              		.syntax unified
   2              		.cpu cortex-m0
   3              		.fpu softvfp
   4              		.eabi_attribute 20, 1
   5              		.eabi_attribute 21, 1
   6              		.eabi_attribute 23, 3
   7              		.eabi_attribute 24, 1
   8              		.eabi_attribute 25, 1
   9              		.eabi_attribute 26, 1
  10              		.eabi_attribute 30, 1
  11              		.eabi_attribute 34, 0
  12              		.eabi_attribute 18, 4
  13              		.thumb
  14              		.syntax unified
  15              		.file	"main.c"
  16              		.text
  17              	.Ltext0:
  18              		.cfi_sections	.debug_frame
  19              		.section	.text.main,"ax",%progbits
  20              		.align	2
  21              		.global	main
  22              		.code	16
  23              		.thumb_func
  24              		.type	main, %function
  25              	main:
  26              	.LFB32:
  27              		.file 1 "main.c"
   1:main.c        **** /* ========================================
   2:main.c        ****  *
   3:main.c        ****  * Copyright YOUR COMPANY, THE YEAR
   4:main.c        ****  * All Rights Reserved
   5:main.c        ****  * UNPUBLISHED, LICENSED SOFTWARE.
   6:main.c        ****  *
   7:main.c        ****  * CONFIDENTIAL AND PROPRIETARY INFORMATION
   8:main.c        ****  * WHICH IS THE PROPERTY OF your company.
   9:main.c        ****  *
  10:main.c        ****  * ========================================
  11:main.c        **** */
  12:main.c        **** #include "project.h"
  13:main.c        **** #define NUM_CHANNELS (2)
  14:main.c        **** 
  15:main.c        **** int main(void)
  16:main.c        **** {
  28              		.loc 1 16 0
  29              		.cfi_startproc
  30              		@ args = 0, pretend = 0, frame = 0
  31              		@ frame_needed = 0, uses_anonymous_args = 0
  32 0000 10B5     		push	{r4, lr}
  33              		.cfi_def_cfa_offset 8
  34              		.cfi_offset 4, -8
  35              		.cfi_offset 14, -4
  17:main.c        ****     CyGlobalIntEnable; /* Enable global interrupts. */
  36              		.loc 1 17 0
  37              		.syntax divided
  38              	@ 17 "main.c" 1
  39 0002 62B6     		CPSIE   i
  40              	@ 0 "" 2
ARM GAS  C:\Users\srhi\AppData\Local\Temp\cca5kMzZ.s 			page 2


  41              	.LVL0:
  18:main.c        ****     uint8 ctlval = 0;
  42              		.loc 1 18 0
  43              		.thumb
  44              		.syntax unified
  45 0004 0024     		movs	r4, #0
  46              	.LVL1:
  47              	.L3:
  19:main.c        ****     /* Place your initialization/startup code here (e.g. MyInst_Start()) */
  20:main.c        ****     for(;;)
  21:main.c        ****     {
  22:main.c        ****         /* Place your application code here. */
  23:main.c        ****         Control_Reg_Write(ctlval);
  48              		.loc 1 23 0
  49 0006 2000     		movs	r0, r4
  50 0008 FFF7FEFF 		bl	Control_Reg_Write
  51              	.LVL2:
  24:main.c        ****         ctlval++;
  52              		.loc 1 24 0
  53 000c 0134     		adds	r4, r4, #1
  54              	.LVL3:
  55 000e E4B2     		uxtb	r4, r4
  56              	.LVL4:
  25:main.c        ****         if (ctlval >= NUM_CHANNELS){
  57              		.loc 1 25 0
  58 0010 012C     		cmp	r4, #1
  59 0012 00D9     		bls	.L2
  26:main.c        ****             ctlval = 0;
  60              		.loc 1 26 0
  61 0014 0024     		movs	r4, #0
  62              	.LVL5:
  63              	.L2:
  27:main.c        ****         }
  28:main.c        ****         CyDelay(200);
  64              		.loc 1 28 0
  65 0016 C820     		movs	r0, #200
  66 0018 FFF7FEFF 		bl	CyDelay
  67              	.LVL6:
  29:main.c        ****     }
  68              		.loc 1 29 0
  69 001c F3E7     		b	.L3
  70              		.cfi_endproc
  71              	.LFE32:
  72              		.size	main, .-main
  73 001e C046     		.text
  74              	.Letext0:
  75              		.file 2 "Generated_Source\\PSoC4/Control_Reg.h"
  76              		.file 3 "Generated_Source\\PSoC4/CyLib.h"
  77              		.file 4 "Generated_Source\\PSoC4/cytypes.h"
  78              		.section	.debug_info,"",%progbits
  79              	.Ldebug_info0:
  80 0000 FA000000 		.4byte	0xfa
  81 0004 0400     		.2byte	0x4
  82 0006 00000000 		.4byte	.Ldebug_abbrev0
  83 000a 04       		.byte	0x4
  84 000b 01       		.uleb128 0x1
  85 000c A4000000 		.4byte	.LASF16
ARM GAS  C:\Users\srhi\AppData\Local\Temp\cca5kMzZ.s 			page 3


  86 0010 0C       		.byte	0xc
  87 0011 1B000000 		.4byte	.LASF17
  88 0015 63010000 		.4byte	.LASF18
  89 0019 00000000 		.4byte	.Ldebug_ranges0+0
  90 001d 00000000 		.4byte	0
  91 0021 00000000 		.4byte	.Ldebug_line0
  92 0025 02       		.uleb128 0x2
  93 0026 01       		.byte	0x1
  94 0027 06       		.byte	0x6
  95 0028 45010000 		.4byte	.LASF0
  96 002c 02       		.uleb128 0x2
  97 002d 01       		.byte	0x1
  98 002e 08       		.byte	0x8
  99 002f 77000000 		.4byte	.LASF1
 100 0033 02       		.uleb128 0x2
 101 0034 02       		.byte	0x2
 102 0035 05       		.byte	0x5
 103 0036 93000000 		.4byte	.LASF2
 104 003a 02       		.uleb128 0x2
 105 003b 02       		.byte	0x2
 106 003c 07       		.byte	0x7
 107 003d 32010000 		.4byte	.LASF3
 108 0041 02       		.uleb128 0x2
 109 0042 04       		.byte	0x4
 110 0043 05       		.byte	0x5
 111 0044 8A000000 		.4byte	.LASF4
 112 0048 02       		.uleb128 0x2
 113 0049 04       		.byte	0x4
 114 004a 07       		.byte	0x7
 115 004b 35000000 		.4byte	.LASF5
 116 004f 02       		.uleb128 0x2
 117 0050 08       		.byte	0x8
 118 0051 05       		.byte	0x5
 119 0052 00000000 		.4byte	.LASF6
 120 0056 02       		.uleb128 0x2
 121 0057 08       		.byte	0x8
 122 0058 07       		.byte	0x7
 123 0059 59000000 		.4byte	.LASF7
 124 005d 03       		.uleb128 0x3
 125 005e 04       		.byte	0x4
 126 005f 05       		.byte	0x5
 127 0060 696E7400 		.ascii	"int\000"
 128 0064 02       		.uleb128 0x2
 129 0065 04       		.byte	0x4
 130 0066 07       		.byte	0x7
 131 0067 0E000000 		.4byte	.LASF8
 132 006b 04       		.uleb128 0x4
 133 006c 2F000000 		.4byte	.LASF19
 134 0070 04       		.byte	0x4
 135 0071 E401     		.2byte	0x1e4
 136 0073 2C000000 		.4byte	0x2c
 137 0077 02       		.uleb128 0x2
 138 0078 04       		.byte	0x4
 139 0079 04       		.byte	0x4
 140 007a 5D010000 		.4byte	.LASF9
 141 007e 02       		.uleb128 0x2
 142 007f 08       		.byte	0x8
ARM GAS  C:\Users\srhi\AppData\Local\Temp\cca5kMzZ.s 			page 4


 143 0080 04       		.byte	0x4
 144 0081 9D000000 		.4byte	.LASF10
 145 0085 02       		.uleb128 0x2
 146 0086 01       		.byte	0x1
 147 0087 08       		.byte	0x8
 148 0088 85000000 		.4byte	.LASF11
 149 008c 02       		.uleb128 0x2
 150 008d 04       		.byte	0x4
 151 008e 07       		.byte	0x7
 152 008f B2010000 		.4byte	.LASF12
 153 0093 02       		.uleb128 0x2
 154 0094 08       		.byte	0x8
 155 0095 04       		.byte	0x4
 156 0096 51010000 		.4byte	.LASF13
 157 009a 05       		.uleb128 0x5
 158 009b 22000000 		.4byte	.LASF20
 159 009f 01       		.byte	0x1
 160 00a0 0F       		.byte	0xf
 161 00a1 5D000000 		.4byte	0x5d
 162 00a5 00000000 		.4byte	.LFB32
 163 00a9 1E000000 		.4byte	.LFE32-.LFB32
 164 00ad 01       		.uleb128 0x1
 165 00ae 9C       		.byte	0x9c
 166 00af E7000000 		.4byte	0xe7
 167 00b3 06       		.uleb128 0x6
 168 00b4 70000000 		.4byte	.LASF21
 169 00b8 01       		.byte	0x1
 170 00b9 12       		.byte	0x12
 171 00ba 6B000000 		.4byte	0x6b
 172 00be 00000000 		.4byte	.LLST0
 173 00c2 07       		.uleb128 0x7
 174 00c3 0C000000 		.4byte	.LVL2
 175 00c7 E7000000 		.4byte	0xe7
 176 00cb D6000000 		.4byte	0xd6
 177 00cf 08       		.uleb128 0x8
 178 00d0 01       		.uleb128 0x1
 179 00d1 50       		.byte	0x50
 180 00d2 02       		.uleb128 0x2
 181 00d3 74       		.byte	0x74
 182 00d4 00       		.sleb128 0
 183 00d5 00       		.byte	0
 184 00d6 09       		.uleb128 0x9
 185 00d7 1C000000 		.4byte	.LVL6
 186 00db F2000000 		.4byte	0xf2
 187 00df 08       		.uleb128 0x8
 188 00e0 01       		.uleb128 0x1
 189 00e1 50       		.byte	0x50
 190 00e2 02       		.uleb128 0x2
 191 00e3 08       		.byte	0x8
 192 00e4 C8       		.byte	0xc8
 193 00e5 00       		.byte	0
 194 00e6 00       		.byte	0
 195 00e7 0A       		.uleb128 0xa
 196 00e8 47000000 		.4byte	.LASF14
 197 00ec 47000000 		.4byte	.LASF14
 198 00f0 02       		.byte	0x2
 199 00f1 2F       		.byte	0x2f
ARM GAS  C:\Users\srhi\AppData\Local\Temp\cca5kMzZ.s 			page 5


 200 00f2 0A       		.uleb128 0xa
 201 00f3 27000000 		.4byte	.LASF15
 202 00f7 27000000 		.4byte	.LASF15
 203 00fb 03       		.byte	0x3
 204 00fc D9       		.byte	0xd9
 205 00fd 00       		.byte	0
 206              		.section	.debug_abbrev,"",%progbits
 207              	.Ldebug_abbrev0:
 208 0000 01       		.uleb128 0x1
 209 0001 11       		.uleb128 0x11
 210 0002 01       		.byte	0x1
 211 0003 25       		.uleb128 0x25
 212 0004 0E       		.uleb128 0xe
 213 0005 13       		.uleb128 0x13
 214 0006 0B       		.uleb128 0xb
 215 0007 03       		.uleb128 0x3
 216 0008 0E       		.uleb128 0xe
 217 0009 1B       		.uleb128 0x1b
 218 000a 0E       		.uleb128 0xe
 219 000b 55       		.uleb128 0x55
 220 000c 17       		.uleb128 0x17
 221 000d 11       		.uleb128 0x11
 222 000e 01       		.uleb128 0x1
 223 000f 10       		.uleb128 0x10
 224 0010 17       		.uleb128 0x17
 225 0011 00       		.byte	0
 226 0012 00       		.byte	0
 227 0013 02       		.uleb128 0x2
 228 0014 24       		.uleb128 0x24
 229 0015 00       		.byte	0
 230 0016 0B       		.uleb128 0xb
 231 0017 0B       		.uleb128 0xb
 232 0018 3E       		.uleb128 0x3e
 233 0019 0B       		.uleb128 0xb
 234 001a 03       		.uleb128 0x3
 235 001b 0E       		.uleb128 0xe
 236 001c 00       		.byte	0
 237 001d 00       		.byte	0
 238 001e 03       		.uleb128 0x3
 239 001f 24       		.uleb128 0x24
 240 0020 00       		.byte	0
 241 0021 0B       		.uleb128 0xb
 242 0022 0B       		.uleb128 0xb
 243 0023 3E       		.uleb128 0x3e
 244 0024 0B       		.uleb128 0xb
 245 0025 03       		.uleb128 0x3
 246 0026 08       		.uleb128 0x8
 247 0027 00       		.byte	0
 248 0028 00       		.byte	0
 249 0029 04       		.uleb128 0x4
 250 002a 16       		.uleb128 0x16
 251 002b 00       		.byte	0
 252 002c 03       		.uleb128 0x3
 253 002d 0E       		.uleb128 0xe
 254 002e 3A       		.uleb128 0x3a
 255 002f 0B       		.uleb128 0xb
 256 0030 3B       		.uleb128 0x3b
ARM GAS  C:\Users\srhi\AppData\Local\Temp\cca5kMzZ.s 			page 6


 257 0031 05       		.uleb128 0x5
 258 0032 49       		.uleb128 0x49
 259 0033 13       		.uleb128 0x13
 260 0034 00       		.byte	0
 261 0035 00       		.byte	0
 262 0036 05       		.uleb128 0x5
 263 0037 2E       		.uleb128 0x2e
 264 0038 01       		.byte	0x1
 265 0039 3F       		.uleb128 0x3f
 266 003a 19       		.uleb128 0x19
 267 003b 03       		.uleb128 0x3
 268 003c 0E       		.uleb128 0xe
 269 003d 3A       		.uleb128 0x3a
 270 003e 0B       		.uleb128 0xb
 271 003f 3B       		.uleb128 0x3b
 272 0040 0B       		.uleb128 0xb
 273 0041 27       		.uleb128 0x27
 274 0042 19       		.uleb128 0x19
 275 0043 49       		.uleb128 0x49
 276 0044 13       		.uleb128 0x13
 277 0045 8701     		.uleb128 0x87
 278 0047 19       		.uleb128 0x19
 279 0048 11       		.uleb128 0x11
 280 0049 01       		.uleb128 0x1
 281 004a 12       		.uleb128 0x12
 282 004b 06       		.uleb128 0x6
 283 004c 40       		.uleb128 0x40
 284 004d 18       		.uleb128 0x18
 285 004e 9742     		.uleb128 0x2117
 286 0050 19       		.uleb128 0x19
 287 0051 01       		.uleb128 0x1
 288 0052 13       		.uleb128 0x13
 289 0053 00       		.byte	0
 290 0054 00       		.byte	0
 291 0055 06       		.uleb128 0x6
 292 0056 34       		.uleb128 0x34
 293 0057 00       		.byte	0
 294 0058 03       		.uleb128 0x3
 295 0059 0E       		.uleb128 0xe
 296 005a 3A       		.uleb128 0x3a
 297 005b 0B       		.uleb128 0xb
 298 005c 3B       		.uleb128 0x3b
 299 005d 0B       		.uleb128 0xb
 300 005e 49       		.uleb128 0x49
 301 005f 13       		.uleb128 0x13
 302 0060 02       		.uleb128 0x2
 303 0061 17       		.uleb128 0x17
 304 0062 00       		.byte	0
 305 0063 00       		.byte	0
 306 0064 07       		.uleb128 0x7
 307 0065 898201   		.uleb128 0x4109
 308 0068 01       		.byte	0x1
 309 0069 11       		.uleb128 0x11
 310 006a 01       		.uleb128 0x1
 311 006b 31       		.uleb128 0x31
 312 006c 13       		.uleb128 0x13
 313 006d 01       		.uleb128 0x1
ARM GAS  C:\Users\srhi\AppData\Local\Temp\cca5kMzZ.s 			page 7


 314 006e 13       		.uleb128 0x13
 315 006f 00       		.byte	0
 316 0070 00       		.byte	0
 317 0071 08       		.uleb128 0x8
 318 0072 8A8201   		.uleb128 0x410a
 319 0075 00       		.byte	0
 320 0076 02       		.uleb128 0x2
 321 0077 18       		.uleb128 0x18
 322 0078 9142     		.uleb128 0x2111
 323 007a 18       		.uleb128 0x18
 324 007b 00       		.byte	0
 325 007c 00       		.byte	0
 326 007d 09       		.uleb128 0x9
 327 007e 898201   		.uleb128 0x4109
 328 0081 01       		.byte	0x1
 329 0082 11       		.uleb128 0x11
 330 0083 01       		.uleb128 0x1
 331 0084 31       		.uleb128 0x31
 332 0085 13       		.uleb128 0x13
 333 0086 00       		.byte	0
 334 0087 00       		.byte	0
 335 0088 0A       		.uleb128 0xa
 336 0089 2E       		.uleb128 0x2e
 337 008a 00       		.byte	0
 338 008b 3F       		.uleb128 0x3f
 339 008c 19       		.uleb128 0x19
 340 008d 3C       		.uleb128 0x3c
 341 008e 19       		.uleb128 0x19
 342 008f 6E       		.uleb128 0x6e
 343 0090 0E       		.uleb128 0xe
 344 0091 03       		.uleb128 0x3
 345 0092 0E       		.uleb128 0xe
 346 0093 3A       		.uleb128 0x3a
 347 0094 0B       		.uleb128 0xb
 348 0095 3B       		.uleb128 0x3b
 349 0096 0B       		.uleb128 0xb
 350 0097 00       		.byte	0
 351 0098 00       		.byte	0
 352 0099 00       		.byte	0
 353              		.section	.debug_loc,"",%progbits
 354              	.Ldebug_loc0:
 355              	.LLST0:
 356 0000 04000000 		.4byte	.LVL0
 357 0004 06000000 		.4byte	.LVL1
 358 0008 0200     		.2byte	0x2
 359 000a 30       		.byte	0x30
 360 000b 9F       		.byte	0x9f
 361 000c 06000000 		.4byte	.LVL1
 362 0010 0E000000 		.4byte	.LVL3
 363 0014 0100     		.2byte	0x1
 364 0016 54       		.byte	0x54
 365 0017 10000000 		.4byte	.LVL4
 366 001b 1E000000 		.4byte	.LFE32
 367 001f 0100     		.2byte	0x1
 368 0021 54       		.byte	0x54
 369 0022 00000000 		.4byte	0
 370 0026 00000000 		.4byte	0
ARM GAS  C:\Users\srhi\AppData\Local\Temp\cca5kMzZ.s 			page 8


 371              		.section	.debug_aranges,"",%progbits
 372 0000 1C000000 		.4byte	0x1c
 373 0004 0200     		.2byte	0x2
 374 0006 00000000 		.4byte	.Ldebug_info0
 375 000a 04       		.byte	0x4
 376 000b 00       		.byte	0
 377 000c 0000     		.2byte	0
 378 000e 0000     		.2byte	0
 379 0010 00000000 		.4byte	.LFB32
 380 0014 1E000000 		.4byte	.LFE32-.LFB32
 381 0018 00000000 		.4byte	0
 382 001c 00000000 		.4byte	0
 383              		.section	.debug_ranges,"",%progbits
 384              	.Ldebug_ranges0:
 385 0000 00000000 		.4byte	.LFB32
 386 0004 1E000000 		.4byte	.LFE32
 387 0008 00000000 		.4byte	0
 388 000c 00000000 		.4byte	0
 389              		.section	.debug_line,"",%progbits
 390              	.Ldebug_line0:
 391 0000 7A000000 		.section	.debug_str,"MS",%progbits,1
 391      02005D00 
 391      00000201 
 391      FB0E0D00 
 391      01010101 
 392              	.LASF6:
 393 0000 6C6F6E67 		.ascii	"long long int\000"
 393      206C6F6E 
 393      6720696E 
 393      7400
 394              	.LASF8:
 395 000e 756E7369 		.ascii	"unsigned int\000"
 395      676E6564 
 395      20696E74 
 395      00
 396              	.LASF17:
 397 001b 6D61696E 		.ascii	"main.c\000"
 397      2E6300
 398              	.LASF20:
 399 0022 6D61696E 		.ascii	"main\000"
 399      00
 400              	.LASF15:
 401 0027 43794465 		.ascii	"CyDelay\000"
 401      6C617900 
 402              	.LASF19:
 403 002f 75696E74 		.ascii	"uint8\000"
 403      3800
 404              	.LASF5:
 405 0035 6C6F6E67 		.ascii	"long unsigned int\000"
 405      20756E73 
 405      69676E65 
 405      6420696E 
 405      7400
 406              	.LASF14:
 407 0047 436F6E74 		.ascii	"Control_Reg_Write\000"
 407      726F6C5F 
 407      5265675F 
ARM GAS  C:\Users\srhi\AppData\Local\Temp\cca5kMzZ.s 			page 9


 407      57726974 
 407      6500
 408              	.LASF7:
 409 0059 6C6F6E67 		.ascii	"long long unsigned int\000"
 409      206C6F6E 
 409      6720756E 
 409      7369676E 
 409      65642069 
 410              	.LASF21:
 411 0070 63746C76 		.ascii	"ctlval\000"
 411      616C00
 412              	.LASF1:
 413 0077 756E7369 		.ascii	"unsigned char\000"
 413      676E6564 
 413      20636861 
 413      7200
 414              	.LASF11:
 415 0085 63686172 		.ascii	"char\000"
 415      00
 416              	.LASF4:
 417 008a 6C6F6E67 		.ascii	"long int\000"
 417      20696E74 
 417      00
 418              	.LASF2:
 419 0093 73686F72 		.ascii	"short int\000"
 419      7420696E 
 419      7400
 420              	.LASF10:
 421 009d 646F7562 		.ascii	"double\000"
 421      6C6500
 422              	.LASF16:
 423 00a4 474E5520 		.ascii	"GNU C11 5.4.1 20160609 (release) [ARM/embedded-5-br"
 423      43313120 
 423      352E342E 
 423      31203230 
 423      31363036 
 424 00d7 616E6368 		.ascii	"anch revision 237715] -mcpu=cortex-m0 -mthumb -g -O"
 424      20726576 
 424      6973696F 
 424      6E203233 
 424      37373135 
 425 010a 67202D66 		.ascii	"g -ffunction-sections -ffat-lto-objects\000"
 425      66756E63 
 425      74696F6E 
 425      2D736563 
 425      74696F6E 
 426              	.LASF3:
 427 0132 73686F72 		.ascii	"short unsigned int\000"
 427      7420756E 
 427      7369676E 
 427      65642069 
 427      6E7400
 428              	.LASF0:
 429 0145 7369676E 		.ascii	"signed char\000"
 429      65642063 
 429      68617200 
 430              	.LASF13:
ARM GAS  C:\Users\srhi\AppData\Local\Temp\cca5kMzZ.s 			page 10


 431 0151 6C6F6E67 		.ascii	"long double\000"
 431      20646F75 
 431      626C6500 
 432              	.LASF9:
 433 015d 666C6F61 		.ascii	"float\000"
 433      7400
 434              	.LASF18:
 435 0163 433A5C55 		.ascii	"C:\\Users\\srhi\\Desktop\\PSOC\\L72_Control_Registe"
 435      73657273 
 435      5C737268 
 435      695C4465 
 435      736B746F 
 436 0191 725F546F 		.ascii	"r_To_Buzzer_Switch_and LED.cydsn\000"
 436      5F42757A 
 436      7A65725F 
 436      53776974 
 436      63685F61 
 437              	.LASF12:
 438 01b2 73697A65 		.ascii	"sizetype\000"
 438      74797065 
 438      00
 439              		.ident	"GCC: (GNU Tools for ARM Embedded Processors) 5.4.1 20160609 (release) [ARM/embedded-5-bran
