ARM GAS  C:\Users\srhi\AppData\Local\Temp\ccWmlktj.s 			page 1


   1              		.syntax unified
   2              		.cpu cortex-m0
   3              		.fpu softvfp
   4              		.eabi_attribute 20, 1
   5              		.eabi_attribute 21, 1
   6              		.eabi_attribute 23, 3
   7              		.eabi_attribute 24, 1
   8              		.eabi_attribute 25, 1
   9              		.eabi_attribute 26, 1
  10              		.eabi_attribute 30, 1
  11              		.eabi_attribute 34, 0
  12              		.eabi_attribute 18, 4
  13              		.thumb
  14              		.syntax unified
  15              		.file	"cyfitter_cfg.c"
  16              		.text
  17              	.Ltext0:
  18              		.cfi_sections	.debug_frame
  19              		.section	.text.cfg_write_bytes32,"ax",%progbits
  20              		.align	2
  21              		.code	16
  22              		.thumb_func
  23              		.type	cfg_write_bytes32, %function
  24              	cfg_write_bytes32:
  25              	.LFB3:
  26              		.file 1 "Generated_Source\\PSoC4\\cyfitter_cfg.c"
   1:Generated_Source\PSoC4/cyfitter_cfg.c **** 
   2:Generated_Source\PSoC4/cyfitter_cfg.c **** /*******************************************************************************
   3:Generated_Source\PSoC4/cyfitter_cfg.c **** * File Name: cyfitter_cfg.c
   4:Generated_Source\PSoC4/cyfitter_cfg.c **** * 
   5:Generated_Source\PSoC4/cyfitter_cfg.c **** * PSoC Creator  4.2
   6:Generated_Source\PSoC4/cyfitter_cfg.c **** *
   7:Generated_Source\PSoC4/cyfitter_cfg.c **** * Description:
   8:Generated_Source\PSoC4/cyfitter_cfg.c **** * This file contains device initialization code.
   9:Generated_Source\PSoC4/cyfitter_cfg.c **** * Except for the user defined sections in CyClockStartupError(), this file should not be modified.
  10:Generated_Source\PSoC4/cyfitter_cfg.c **** * This file is automatically generated by PSoC Creator.
  11:Generated_Source\PSoC4/cyfitter_cfg.c **** *
  12:Generated_Source\PSoC4/cyfitter_cfg.c **** ********************************************************************************
  13:Generated_Source\PSoC4/cyfitter_cfg.c **** * Copyright (c) 2007-2018 Cypress Semiconductor.  All rights reserved.
  14:Generated_Source\PSoC4/cyfitter_cfg.c **** * You may use this file only in accordance with the license, terms, conditions, 
  15:Generated_Source\PSoC4/cyfitter_cfg.c **** * disclaimers, and limitations in the end user license agreement accompanying 
  16:Generated_Source\PSoC4/cyfitter_cfg.c **** * the software package with which this file was provided.
  17:Generated_Source\PSoC4/cyfitter_cfg.c **** ********************************************************************************/
  18:Generated_Source\PSoC4/cyfitter_cfg.c **** 
  19:Generated_Source\PSoC4/cyfitter_cfg.c **** #include <string.h>
  20:Generated_Source\PSoC4/cyfitter_cfg.c **** #include "cytypes.h"
  21:Generated_Source\PSoC4/cyfitter_cfg.c **** #include "cydevice_trm.h"
  22:Generated_Source\PSoC4/cyfitter_cfg.c **** #include "cyfitter.h"
  23:Generated_Source\PSoC4/cyfitter_cfg.c **** #include "CyLib.h"
  24:Generated_Source\PSoC4/cyfitter_cfg.c **** #include "CyLFClk.h"
  25:Generated_Source\PSoC4/cyfitter_cfg.c **** #include "cyfitter_cfg.h"
  26:Generated_Source\PSoC4/cyfitter_cfg.c **** #include "cyapicallbacks.h"
  27:Generated_Source\PSoC4/cyfitter_cfg.c **** 
  28:Generated_Source\PSoC4/cyfitter_cfg.c **** 
  29:Generated_Source\PSoC4/cyfitter_cfg.c **** #if defined(__GNUC__) || defined(__ARMCC_VERSION)
  30:Generated_Source\PSoC4/cyfitter_cfg.c ****     #define CYPACKED 
  31:Generated_Source\PSoC4/cyfitter_cfg.c ****     #define CYPACKED_ATTR __attribute__ ((packed))
ARM GAS  C:\Users\srhi\AppData\Local\Temp\ccWmlktj.s 			page 2


  32:Generated_Source\PSoC4/cyfitter_cfg.c ****     #define CYALIGNED __attribute__ ((aligned))
  33:Generated_Source\PSoC4/cyfitter_cfg.c ****     #define CY_CFG_UNUSED __attribute__ ((unused))
  34:Generated_Source\PSoC4/cyfitter_cfg.c ****     #ifndef CY_CFG_SECTION
  35:Generated_Source\PSoC4/cyfitter_cfg.c ****         #define CY_CFG_SECTION __attribute__ ((section(".psocinit")))
  36:Generated_Source\PSoC4/cyfitter_cfg.c ****     #endif
  37:Generated_Source\PSoC4/cyfitter_cfg.c ****     
  38:Generated_Source\PSoC4/cyfitter_cfg.c ****     #if defined(__ARMCC_VERSION)
  39:Generated_Source\PSoC4/cyfitter_cfg.c ****         #define CY_CFG_MEMORY_BARRIER() __memory_changed()
  40:Generated_Source\PSoC4/cyfitter_cfg.c ****     #else
  41:Generated_Source\PSoC4/cyfitter_cfg.c ****         #define CY_CFG_MEMORY_BARRIER() __sync_synchronize()
  42:Generated_Source\PSoC4/cyfitter_cfg.c ****     #endif
  43:Generated_Source\PSoC4/cyfitter_cfg.c ****     
  44:Generated_Source\PSoC4/cyfitter_cfg.c **** #elif defined(__ICCARM__)
  45:Generated_Source\PSoC4/cyfitter_cfg.c ****     #include <intrinsics.h>
  46:Generated_Source\PSoC4/cyfitter_cfg.c **** 
  47:Generated_Source\PSoC4/cyfitter_cfg.c ****     #define CYPACKED __packed
  48:Generated_Source\PSoC4/cyfitter_cfg.c ****     #define CYPACKED_ATTR 
  49:Generated_Source\PSoC4/cyfitter_cfg.c ****     #define CYALIGNED _Pragma("data_alignment=4")
  50:Generated_Source\PSoC4/cyfitter_cfg.c ****     #define CY_CFG_UNUSED _Pragma("diag_suppress=Pe177")
  51:Generated_Source\PSoC4/cyfitter_cfg.c ****     #define CY_CFG_SECTION _Pragma("location=\".psocinit\"")
  52:Generated_Source\PSoC4/cyfitter_cfg.c ****     
  53:Generated_Source\PSoC4/cyfitter_cfg.c ****     #define CY_CFG_MEMORY_BARRIER() __DMB()
  54:Generated_Source\PSoC4/cyfitter_cfg.c ****     
  55:Generated_Source\PSoC4/cyfitter_cfg.c **** #else
  56:Generated_Source\PSoC4/cyfitter_cfg.c ****     #error Unsupported toolchain
  57:Generated_Source\PSoC4/cyfitter_cfg.c **** #endif
  58:Generated_Source\PSoC4/cyfitter_cfg.c **** 
  59:Generated_Source\PSoC4/cyfitter_cfg.c **** #ifndef CYCODE
  60:Generated_Source\PSoC4/cyfitter_cfg.c ****     #define CYCODE
  61:Generated_Source\PSoC4/cyfitter_cfg.c **** #endif
  62:Generated_Source\PSoC4/cyfitter_cfg.c **** #ifndef CYDATA
  63:Generated_Source\PSoC4/cyfitter_cfg.c ****     #define CYDATA
  64:Generated_Source\PSoC4/cyfitter_cfg.c **** #endif
  65:Generated_Source\PSoC4/cyfitter_cfg.c **** #ifndef CYFAR
  66:Generated_Source\PSoC4/cyfitter_cfg.c ****     #define CYFAR
  67:Generated_Source\PSoC4/cyfitter_cfg.c **** #endif
  68:Generated_Source\PSoC4/cyfitter_cfg.c **** #ifndef CYXDATA
  69:Generated_Source\PSoC4/cyfitter_cfg.c ****     #define CYXDATA
  70:Generated_Source\PSoC4/cyfitter_cfg.c **** #endif
  71:Generated_Source\PSoC4/cyfitter_cfg.c **** 
  72:Generated_Source\PSoC4/cyfitter_cfg.c **** 
  73:Generated_Source\PSoC4/cyfitter_cfg.c **** CY_CFG_UNUSED
  74:Generated_Source\PSoC4/cyfitter_cfg.c **** static void CYMEMZERO(void *s, size_t n);
  75:Generated_Source\PSoC4/cyfitter_cfg.c **** CY_CFG_UNUSED
  76:Generated_Source\PSoC4/cyfitter_cfg.c **** static void CYMEMZERO(void *s, size_t n)
  77:Generated_Source\PSoC4/cyfitter_cfg.c **** {
  78:Generated_Source\PSoC4/cyfitter_cfg.c **** 	(void)memset(s, 0, n);
  79:Generated_Source\PSoC4/cyfitter_cfg.c **** }
  80:Generated_Source\PSoC4/cyfitter_cfg.c **** CY_CFG_UNUSED
  81:Generated_Source\PSoC4/cyfitter_cfg.c **** static void CYCONFIGCPY(void *dest, const void *src, size_t n);
  82:Generated_Source\PSoC4/cyfitter_cfg.c **** CY_CFG_UNUSED
  83:Generated_Source\PSoC4/cyfitter_cfg.c **** static void CYCONFIGCPY(void *dest, const void *src, size_t n)
  84:Generated_Source\PSoC4/cyfitter_cfg.c **** {
  85:Generated_Source\PSoC4/cyfitter_cfg.c **** 	(void)memcpy(dest, src, n);
  86:Generated_Source\PSoC4/cyfitter_cfg.c **** }
  87:Generated_Source\PSoC4/cyfitter_cfg.c **** CY_CFG_UNUSED
  88:Generated_Source\PSoC4/cyfitter_cfg.c **** static void CYCONFIGCPYCODE(void *dest, const void *src, size_t n);
ARM GAS  C:\Users\srhi\AppData\Local\Temp\ccWmlktj.s 			page 3


  89:Generated_Source\PSoC4/cyfitter_cfg.c **** CY_CFG_UNUSED
  90:Generated_Source\PSoC4/cyfitter_cfg.c **** static void CYCONFIGCPYCODE(void *dest, const void *src, size_t n)
  91:Generated_Source\PSoC4/cyfitter_cfg.c **** {
  92:Generated_Source\PSoC4/cyfitter_cfg.c **** 	(void)memcpy(dest, src, n);
  93:Generated_Source\PSoC4/cyfitter_cfg.c **** }
  94:Generated_Source\PSoC4/cyfitter_cfg.c **** 
  95:Generated_Source\PSoC4/cyfitter_cfg.c **** 
  96:Generated_Source\PSoC4/cyfitter_cfg.c **** 
  97:Generated_Source\PSoC4/cyfitter_cfg.c **** 
  98:Generated_Source\PSoC4/cyfitter_cfg.c **** /* Clock startup error codes                                                   */
  99:Generated_Source\PSoC4/cyfitter_cfg.c **** #define CYCLOCKSTART_NO_ERROR    0u
 100:Generated_Source\PSoC4/cyfitter_cfg.c **** #define CYCLOCKSTART_XTAL_ERROR  1u
 101:Generated_Source\PSoC4/cyfitter_cfg.c **** #define CYCLOCKSTART_32KHZ_ERROR 2u
 102:Generated_Source\PSoC4/cyfitter_cfg.c **** #define CYCLOCKSTART_PLL_ERROR   3u
 103:Generated_Source\PSoC4/cyfitter_cfg.c **** #define CYCLOCKSTART_FLL_ERROR   4u
 104:Generated_Source\PSoC4/cyfitter_cfg.c **** #define CYCLOCKSTART_WCO_ERROR   5u
 105:Generated_Source\PSoC4/cyfitter_cfg.c **** 
 106:Generated_Source\PSoC4/cyfitter_cfg.c **** 
 107:Generated_Source\PSoC4/cyfitter_cfg.c **** #ifdef CY_NEED_CYCLOCKSTARTUPERROR
 108:Generated_Source\PSoC4/cyfitter_cfg.c **** /*******************************************************************************
 109:Generated_Source\PSoC4/cyfitter_cfg.c **** * Function Name: CyClockStartupError
 110:Generated_Source\PSoC4/cyfitter_cfg.c **** ********************************************************************************
 111:Generated_Source\PSoC4/cyfitter_cfg.c **** * Summary:
 112:Generated_Source\PSoC4/cyfitter_cfg.c **** *  If an error is encountered during clock configuration (crystal startup error,
 113:Generated_Source\PSoC4/cyfitter_cfg.c **** *  PLL lock error, etc.), the system will end up here.  Unless reimplemented by
 114:Generated_Source\PSoC4/cyfitter_cfg.c **** *  the customer, this function will stop in an infinite loop.
 115:Generated_Source\PSoC4/cyfitter_cfg.c **** *
 116:Generated_Source\PSoC4/cyfitter_cfg.c **** * Parameters:
 117:Generated_Source\PSoC4/cyfitter_cfg.c **** *   void
 118:Generated_Source\PSoC4/cyfitter_cfg.c **** *
 119:Generated_Source\PSoC4/cyfitter_cfg.c **** * Return:
 120:Generated_Source\PSoC4/cyfitter_cfg.c **** *   void
 121:Generated_Source\PSoC4/cyfitter_cfg.c **** *
 122:Generated_Source\PSoC4/cyfitter_cfg.c **** *******************************************************************************/
 123:Generated_Source\PSoC4/cyfitter_cfg.c **** CY_CFG_UNUSED
 124:Generated_Source\PSoC4/cyfitter_cfg.c **** static void CyClockStartupError(uint8 errorCode);
 125:Generated_Source\PSoC4/cyfitter_cfg.c **** CY_CFG_UNUSED
 126:Generated_Source\PSoC4/cyfitter_cfg.c **** static void CyClockStartupError(uint8 errorCode)
 127:Generated_Source\PSoC4/cyfitter_cfg.c **** {
 128:Generated_Source\PSoC4/cyfitter_cfg.c ****     /* To remove the compiler warning if errorCode not used.                */
 129:Generated_Source\PSoC4/cyfitter_cfg.c ****     errorCode = errorCode;
 130:Generated_Source\PSoC4/cyfitter_cfg.c **** 
 131:Generated_Source\PSoC4/cyfitter_cfg.c ****     /* If we have a clock startup error (bad MHz crystal, PLL lock, etc.),  */
 132:Generated_Source\PSoC4/cyfitter_cfg.c ****     /* we will end up here to allow the customer to implement something to  */
 133:Generated_Source\PSoC4/cyfitter_cfg.c ****     /* deal with the clock condition.                                       */
 134:Generated_Source\PSoC4/cyfitter_cfg.c **** 
 135:Generated_Source\PSoC4/cyfitter_cfg.c **** #ifdef CY_CFG_CLOCK_STARTUP_ERROR_CALLBACK
 136:Generated_Source\PSoC4/cyfitter_cfg.c ****     CY_CFG_Clock_Startup_ErrorCallback();
 137:Generated_Source\PSoC4/cyfitter_cfg.c **** #else
 138:Generated_Source\PSoC4/cyfitter_cfg.c ****     /*  If not using CY_CFG_CLOCK_STARTUP_ERROR_CALLBACK, place your clock startup code here. */
 139:Generated_Source\PSoC4/cyfitter_cfg.c ****     /* `#START CyClockStartupError` */
 140:Generated_Source\PSoC4/cyfitter_cfg.c **** 
 141:Generated_Source\PSoC4/cyfitter_cfg.c **** 
 142:Generated_Source\PSoC4/cyfitter_cfg.c **** 
 143:Generated_Source\PSoC4/cyfitter_cfg.c ****     /* `#END` */
 144:Generated_Source\PSoC4/cyfitter_cfg.c **** 
 145:Generated_Source\PSoC4/cyfitter_cfg.c ****     while(1) {}
ARM GAS  C:\Users\srhi\AppData\Local\Temp\ccWmlktj.s 			page 4


 146:Generated_Source\PSoC4/cyfitter_cfg.c **** #endif /* CY_CFG_CLOCK_STARTUP_ERROR_CALLBACK */
 147:Generated_Source\PSoC4/cyfitter_cfg.c **** }
 148:Generated_Source\PSoC4/cyfitter_cfg.c **** #endif
 149:Generated_Source\PSoC4/cyfitter_cfg.c **** 
 150:Generated_Source\PSoC4/cyfitter_cfg.c **** #define CY_CFG_BASE_ADDR_COUNT 6u
 151:Generated_Source\PSoC4/cyfitter_cfg.c **** CYPACKED typedef struct
 152:Generated_Source\PSoC4/cyfitter_cfg.c **** {
 153:Generated_Source\PSoC4/cyfitter_cfg.c **** 	uint8 offset;
 154:Generated_Source\PSoC4/cyfitter_cfg.c **** 	uint8 value;
 155:Generated_Source\PSoC4/cyfitter_cfg.c **** } CYPACKED_ATTR cy_cfg_addrvalue_t;
 156:Generated_Source\PSoC4/cyfitter_cfg.c **** 
 157:Generated_Source\PSoC4/cyfitter_cfg.c **** 
 158:Generated_Source\PSoC4/cyfitter_cfg.c **** 
 159:Generated_Source\PSoC4/cyfitter_cfg.c **** /*******************************************************************************
 160:Generated_Source\PSoC4/cyfitter_cfg.c **** * Function Name: cfg_write_bytes32
 161:Generated_Source\PSoC4/cyfitter_cfg.c **** ********************************************************************************
 162:Generated_Source\PSoC4/cyfitter_cfg.c **** * Summary:
 163:Generated_Source\PSoC4/cyfitter_cfg.c **** *  This function is used for setting up the chip configuration areas that
 164:Generated_Source\PSoC4/cyfitter_cfg.c **** *  contain relatively sparse data.
 165:Generated_Source\PSoC4/cyfitter_cfg.c **** *
 166:Generated_Source\PSoC4/cyfitter_cfg.c **** * Parameters:
 167:Generated_Source\PSoC4/cyfitter_cfg.c **** *   void
 168:Generated_Source\PSoC4/cyfitter_cfg.c **** *
 169:Generated_Source\PSoC4/cyfitter_cfg.c **** * Return:
 170:Generated_Source\PSoC4/cyfitter_cfg.c **** *   void
 171:Generated_Source\PSoC4/cyfitter_cfg.c **** *
 172:Generated_Source\PSoC4/cyfitter_cfg.c **** *******************************************************************************/
 173:Generated_Source\PSoC4/cyfitter_cfg.c **** static void cfg_write_bytes32(const uint32 addr_table[], const cy_cfg_addrvalue_t data_table[]);
 174:Generated_Source\PSoC4/cyfitter_cfg.c **** static void cfg_write_bytes32(const uint32 addr_table[], const cy_cfg_addrvalue_t data_table[])
 175:Generated_Source\PSoC4/cyfitter_cfg.c **** {
  27              		.loc 1 175 0
  28              		.cfi_startproc
  29              		@ args = 0, pretend = 0, frame = 0
  30              		@ frame_needed = 0, uses_anonymous_args = 0
  31              	.LVL0:
  32 0000 F0B5     		push	{r4, r5, r6, r7, lr}
  33              		.cfi_def_cfa_offset 20
  34              		.cfi_offset 4, -20
  35              		.cfi_offset 5, -16
  36              		.cfi_offset 6, -12
  37              		.cfi_offset 7, -8
  38              		.cfi_offset 14, -4
  39              	.LVL1:
 176:Generated_Source\PSoC4/cyfitter_cfg.c **** 	/* For 32-bit little-endian architectures */
 177:Generated_Source\PSoC4/cyfitter_cfg.c **** 	uint32 i, j = 0u;
  40              		.loc 1 177 0
  41 0002 0025     		movs	r5, #0
 178:Generated_Source\PSoC4/cyfitter_cfg.c **** 	for (i = 0u; i < CY_CFG_BASE_ADDR_COUNT; i++)
  42              		.loc 1 178 0
  43 0004 0027     		movs	r7, #0
  44 0006 11E0     		b	.L2
  45              	.LVL2:
  46              	.L5:
  47              	.LBB2:
 179:Generated_Source\PSoC4/cyfitter_cfg.c **** 	{
 180:Generated_Source\PSoC4/cyfitter_cfg.c **** 		uint32 baseAddr = addr_table[i];
  48              		.loc 1 180 0
ARM GAS  C:\Users\srhi\AppData\Local\Temp\ccWmlktj.s 			page 5


  49 0008 BB00     		lsls	r3, r7, #2
  50 000a C658     		ldr	r6, [r0, r3]
  51              	.LVL3:
 181:Generated_Source\PSoC4/cyfitter_cfg.c **** 		uint8 count = (uint8)baseAddr;
  52              		.loc 1 181 0
  53 000c F3B2     		uxtb	r3, r6
  54              	.LVL4:
 182:Generated_Source\PSoC4/cyfitter_cfg.c **** 		baseAddr &= 0xFFFFFF00u;
  55              		.loc 1 182 0
  56 000e FF22     		movs	r2, #255
  57 0010 9643     		bics	r6, r2
  58              	.LVL5:
 183:Generated_Source\PSoC4/cyfitter_cfg.c **** 		while (count != 0u)
  59              		.loc 1 183 0
  60 0012 08E0     		b	.L3
  61              	.L4:
 184:Generated_Source\PSoC4/cyfitter_cfg.c **** 		{
 185:Generated_Source\PSoC4/cyfitter_cfg.c **** 			CY_SET_REG8((void *)(baseAddr + data_table[j].offset), data_table[j].value);
  62              		.loc 1 185 0
  63 0014 6A00     		lsls	r2, r5, #1
  64 0016 8A18     		adds	r2, r1, r2
  65 0018 1478     		ldrb	r4, [r2]
  66 001a A419     		adds	r4, r4, r6
  67 001c 5278     		ldrb	r2, [r2, #1]
  68 001e 2270     		strb	r2, [r4]
 186:Generated_Source\PSoC4/cyfitter_cfg.c **** 			j++;
  69              		.loc 1 186 0
  70 0020 0135     		adds	r5, r5, #1
  71              	.LVL6:
 187:Generated_Source\PSoC4/cyfitter_cfg.c **** 			count--;
  72              		.loc 1 187 0
  73 0022 013B     		subs	r3, r3, #1
  74              	.LVL7:
  75 0024 DBB2     		uxtb	r3, r3
  76              	.LVL8:
  77              	.L3:
 183:Generated_Source\PSoC4/cyfitter_cfg.c **** 		{
  78              		.loc 1 183 0
  79 0026 002B     		cmp	r3, #0
  80 0028 F4D1     		bne	.L4
  81              	.LBE2:
 178:Generated_Source\PSoC4/cyfitter_cfg.c **** 	{
  82              		.loc 1 178 0 discriminator 2
  83 002a 0137     		adds	r7, r7, #1
  84              	.LVL9:
  85              	.L2:
 178:Generated_Source\PSoC4/cyfitter_cfg.c **** 	{
  86              		.loc 1 178 0 is_stmt 0 discriminator 1
  87 002c 052F     		cmp	r7, #5
  88 002e EBD9     		bls	.L5
 188:Generated_Source\PSoC4/cyfitter_cfg.c **** 		}
 189:Generated_Source\PSoC4/cyfitter_cfg.c **** 	}
 190:Generated_Source\PSoC4/cyfitter_cfg.c **** }
  89              		.loc 1 190 0 is_stmt 1
  90              		@ sp needed
  91              	.LVL10:
  92              	.LVL11:
ARM GAS  C:\Users\srhi\AppData\Local\Temp\ccWmlktj.s 			page 6


  93 0030 F0BD     		pop	{r4, r5, r6, r7, pc}
  94              		.cfi_endproc
  95              	.LFE3:
  96              		.size	cfg_write_bytes32, .-cfg_write_bytes32
  97 0032 C046     		.section	.text.CYMEMZERO,"ax",%progbits
  98              		.align	2
  99              		.code	16
 100              		.thumb_func
 101              		.type	CYMEMZERO, %function
 102              	CYMEMZERO:
 103              	.LFB0:
  77:Generated_Source\PSoC4/cyfitter_cfg.c **** 	(void)memset(s, 0, n);
 104              		.loc 1 77 0
 105              		.cfi_startproc
 106              		@ args = 0, pretend = 0, frame = 0
 107              		@ frame_needed = 0, uses_anonymous_args = 0
 108              	.LVL12:
 109 0000 10B5     		push	{r4, lr}
 110              		.cfi_def_cfa_offset 8
 111              		.cfi_offset 4, -8
 112              		.cfi_offset 14, -4
 113 0002 0A00     		movs	r2, r1
  78:Generated_Source\PSoC4/cyfitter_cfg.c **** }
 114              		.loc 1 78 0
 115 0004 0021     		movs	r1, #0
 116              	.LVL13:
 117 0006 FFF7FEFF 		bl	memset
 118              	.LVL14:
  79:Generated_Source\PSoC4/cyfitter_cfg.c **** CY_CFG_UNUSED
 119              		.loc 1 79 0
 120              		@ sp needed
 121 000a 10BD     		pop	{r4, pc}
 122              		.cfi_endproc
 123              	.LFE0:
 124              		.size	CYMEMZERO, .-CYMEMZERO
 125              		.section	.psocinit,"ax",%progbits
 126              		.align	2
 127              		.code	16
 128              		.thumb_func
 129              		.type	ClockSetup, %function
 130              	ClockSetup:
 131              	.LFB4:
 191:Generated_Source\PSoC4/cyfitter_cfg.c **** 
 192:Generated_Source\PSoC4/cyfitter_cfg.c **** 
 193:Generated_Source\PSoC4/cyfitter_cfg.c **** /*******************************************************************************
 194:Generated_Source\PSoC4/cyfitter_cfg.c **** * Function Name: ClockSetup
 195:Generated_Source\PSoC4/cyfitter_cfg.c **** ********************************************************************************
 196:Generated_Source\PSoC4/cyfitter_cfg.c **** *
 197:Generated_Source\PSoC4/cyfitter_cfg.c **** * Summary:
 198:Generated_Source\PSoC4/cyfitter_cfg.c **** *   Performs the initialization of all of the clocks in the device based on the
 199:Generated_Source\PSoC4/cyfitter_cfg.c **** *   settings in the Clock tab of the DWR.  This includes enabling the requested
 200:Generated_Source\PSoC4/cyfitter_cfg.c **** *   clocks and setting the necessary dividers to produce the desired frequency. 
 201:Generated_Source\PSoC4/cyfitter_cfg.c **** *
 202:Generated_Source\PSoC4/cyfitter_cfg.c **** * Parameters:
 203:Generated_Source\PSoC4/cyfitter_cfg.c **** *   void
 204:Generated_Source\PSoC4/cyfitter_cfg.c **** *
 205:Generated_Source\PSoC4/cyfitter_cfg.c **** * Return:
ARM GAS  C:\Users\srhi\AppData\Local\Temp\ccWmlktj.s 			page 7


 206:Generated_Source\PSoC4/cyfitter_cfg.c **** *   void
 207:Generated_Source\PSoC4/cyfitter_cfg.c **** *
 208:Generated_Source\PSoC4/cyfitter_cfg.c **** *******************************************************************************/
 209:Generated_Source\PSoC4/cyfitter_cfg.c **** static void ClockSetup(void);
 210:Generated_Source\PSoC4/cyfitter_cfg.c **** CY_CFG_SECTION
 211:Generated_Source\PSoC4/cyfitter_cfg.c **** static void ClockSetup(void)
 212:Generated_Source\PSoC4/cyfitter_cfg.c **** {
 132              		.loc 1 212 0
 133              		.cfi_startproc
 134              		@ args = 0, pretend = 0, frame = 0
 135              		@ frame_needed = 0, uses_anonymous_args = 0
 136 0000 70B5     		push	{r4, r5, r6, lr}
 137              		.cfi_def_cfa_offset 16
 138              		.cfi_offset 4, -16
 139              		.cfi_offset 5, -12
 140              		.cfi_offset 6, -8
 141              		.cfi_offset 14, -4
 213:Generated_Source\PSoC4/cyfitter_cfg.c **** 	/* Enable HALF_EN before trimming for the flash accelerator. */
 214:Generated_Source\PSoC4/cyfitter_cfg.c **** 	CY_SET_REG32((void CYXDATA *)(CYREG_CLK_SELECT), (CY_GET_REG32((void *)CYREG_CLK_SELECT) | 0x00040
 142              		.loc 1 214 0
 143 0002 0F4C     		ldr	r4, .L8
 144 0004 2368     		ldr	r3, [r4]
 145 0006 8022     		movs	r2, #128
 146 0008 D202     		lsls	r2, r2, #11
 147 000a 1343     		orrs	r3, r2
 148 000c 2360     		str	r3, [r4]
 215:Generated_Source\PSoC4/cyfitter_cfg.c **** 
 216:Generated_Source\PSoC4/cyfitter_cfg.c **** 	/* Setup and trim IMO based on desired frequency. */
 217:Generated_Source\PSoC4/cyfitter_cfg.c **** 	CySysClkWriteImoFreq(24u);
 149              		.loc 1 217 0
 150 000e 1820     		movs	r0, #24
 151 0010 FFF7FEFF 		bl	CySysClkWriteImoFreq
 152              	.LVL15:
 218:Generated_Source\PSoC4/cyfitter_cfg.c **** 
 219:Generated_Source\PSoC4/cyfitter_cfg.c **** 	/* Disable HALF_EN since it is not required at this IMO frequency. */
 220:Generated_Source\PSoC4/cyfitter_cfg.c **** 	CY_SET_REG32((void CYXDATA *)(CYREG_CLK_SELECT), (CY_GET_REG32((void *)CYREG_CLK_SELECT) & 0xFFFBF
 153              		.loc 1 220 0
 154 0014 2268     		ldr	r2, [r4]
 155 0016 0B4B     		ldr	r3, .L8+4
 156 0018 1340     		ands	r3, r2
 157 001a 2360     		str	r3, [r4]
 221:Generated_Source\PSoC4/cyfitter_cfg.c **** 	/* CYDEV_CLK_ILO_CONFIG Starting address: CYDEV_CLK_ILO_CONFIG */
 222:Generated_Source\PSoC4/cyfitter_cfg.c **** 	CY_SET_REG32((void *)(CYREG_CLK_ILO_CONFIG), 0x80000006u);
 158              		.loc 1 222 0
 159 001c 0A4A     		ldr	r2, .L8+8
 160 001e 0B4B     		ldr	r3, .L8+12
 161 0020 1A60     		str	r2, [r3]
 223:Generated_Source\PSoC4/cyfitter_cfg.c **** 
 224:Generated_Source\PSoC4/cyfitter_cfg.c **** 
 225:Generated_Source\PSoC4/cyfitter_cfg.c **** 	/* CYDEV_CLK_IMO_CONFIG Starting address: CYDEV_CLK_IMO_CONFIG */
 226:Generated_Source\PSoC4/cyfitter_cfg.c **** 	CY_SET_REG32((void *)(CYREG_CLK_IMO_CONFIG), 0x80000000u);
 162              		.loc 1 226 0
 163 0022 063A     		subs	r2, r2, #6
 164 0024 0A4B     		ldr	r3, .L8+16
 165 0026 1A60     		str	r2, [r3]
 227:Generated_Source\PSoC4/cyfitter_cfg.c **** 
 228:Generated_Source\PSoC4/cyfitter_cfg.c **** 	/* CYDEV_CLK_SELECT Starting address: CYDEV_CLK_SELECT */
ARM GAS  C:\Users\srhi\AppData\Local\Temp\ccWmlktj.s 			page 8


 229:Generated_Source\PSoC4/cyfitter_cfg.c **** 	CY_SET_REG32((void *)(CYREG_CLK_SELECT), 0x00000000u);
 166              		.loc 1 229 0
 167 0028 0025     		movs	r5, #0
 168 002a 2560     		str	r5, [r4]
 230:Generated_Source\PSoC4/cyfitter_cfg.c **** 
 231:Generated_Source\PSoC4/cyfitter_cfg.c **** 	(void)CyIntSetVector(9u, &CySysWdtIsr);
 169              		.loc 1 231 0
 170 002c 0949     		ldr	r1, .L8+20
 171 002e 0920     		movs	r0, #9
 172 0030 FFF7FEFF 		bl	CyIntSetVector
 173              	.LVL16:
 232:Generated_Source\PSoC4/cyfitter_cfg.c **** 	CyIntEnable(9u);
 174              		.loc 1 232 0
 175 0034 0920     		movs	r0, #9
 176 0036 FFF7FEFF 		bl	CyIntEnable
 177              	.LVL17:
 233:Generated_Source\PSoC4/cyfitter_cfg.c **** 	CY_SET_REG32((void *)(CYREG_WDT_CONFIG), 0x00000000u);
 178              		.loc 1 233 0
 179 003a 074B     		ldr	r3, .L8+24
 180 003c 1D60     		str	r5, [r3]
 234:Generated_Source\PSoC4/cyfitter_cfg.c **** }
 181              		.loc 1 234 0
 182              		@ sp needed
 183 003e 70BD     		pop	{r4, r5, r6, pc}
 184              	.L9:
 185              		.align	2
 186              	.L8:
 187 0040 00010B40 		.word	1074462976
 188 0044 FFFFFBFF 		.word	-262145
 189 0048 06000080 		.word	-2147483642
 190 004c 04010B40 		.word	1074462980
 191 0050 08010B40 		.word	1074462984
 192 0054 00000000 		.word	CySysWdtIsr
 193 0058 0C020B40 		.word	1074463244
 194              		.cfi_endproc
 195              	.LFE4:
 196              		.size	ClockSetup, .-ClockSetup
 197              		.align	2
 198              		.global	cyfitter_cfg
 199              		.code	16
 200              		.thumb_func
 201              		.type	cyfitter_cfg, %function
 202              	cyfitter_cfg:
 203              	.LFB6:
 235:Generated_Source\PSoC4/cyfitter_cfg.c **** 
 236:Generated_Source\PSoC4/cyfitter_cfg.c **** 
 237:Generated_Source\PSoC4/cyfitter_cfg.c **** /* Analog API Functions */
 238:Generated_Source\PSoC4/cyfitter_cfg.c **** 
 239:Generated_Source\PSoC4/cyfitter_cfg.c **** 
 240:Generated_Source\PSoC4/cyfitter_cfg.c **** /*******************************************************************************
 241:Generated_Source\PSoC4/cyfitter_cfg.c **** * Function Name: AnalogSetDefault
 242:Generated_Source\PSoC4/cyfitter_cfg.c **** ********************************************************************************
 243:Generated_Source\PSoC4/cyfitter_cfg.c **** *
 244:Generated_Source\PSoC4/cyfitter_cfg.c **** * Summary:
 245:Generated_Source\PSoC4/cyfitter_cfg.c **** *  Sets up the analog portions of the chip to default values based on chip
 246:Generated_Source\PSoC4/cyfitter_cfg.c **** *  configuration options from the project.
 247:Generated_Source\PSoC4/cyfitter_cfg.c **** *
ARM GAS  C:\Users\srhi\AppData\Local\Temp\ccWmlktj.s 			page 9


 248:Generated_Source\PSoC4/cyfitter_cfg.c **** * Parameters:
 249:Generated_Source\PSoC4/cyfitter_cfg.c **** *  void
 250:Generated_Source\PSoC4/cyfitter_cfg.c **** *
 251:Generated_Source\PSoC4/cyfitter_cfg.c **** * Return:
 252:Generated_Source\PSoC4/cyfitter_cfg.c **** *  void
 253:Generated_Source\PSoC4/cyfitter_cfg.c **** *
 254:Generated_Source\PSoC4/cyfitter_cfg.c **** *******************************************************************************/
 255:Generated_Source\PSoC4/cyfitter_cfg.c **** static void AnalogSetDefault(void);
 256:Generated_Source\PSoC4/cyfitter_cfg.c **** static void AnalogSetDefault(void)
 257:Generated_Source\PSoC4/cyfitter_cfg.c **** {
 258:Generated_Source\PSoC4/cyfitter_cfg.c **** }
 259:Generated_Source\PSoC4/cyfitter_cfg.c **** 
 260:Generated_Source\PSoC4/cyfitter_cfg.c **** 
 261:Generated_Source\PSoC4/cyfitter_cfg.c **** 
 262:Generated_Source\PSoC4/cyfitter_cfg.c **** 
 263:Generated_Source\PSoC4/cyfitter_cfg.c **** /*******************************************************************************
 264:Generated_Source\PSoC4/cyfitter_cfg.c **** * Function Name: cyfitter_cfg
 265:Generated_Source\PSoC4/cyfitter_cfg.c **** ********************************************************************************
 266:Generated_Source\PSoC4/cyfitter_cfg.c **** * Summary:
 267:Generated_Source\PSoC4/cyfitter_cfg.c **** *  This function is called by the start-up code for the selected device. It
 268:Generated_Source\PSoC4/cyfitter_cfg.c **** *  performs all of the necessary device configuration based on the design
 269:Generated_Source\PSoC4/cyfitter_cfg.c **** *  settings.  This includes settings from the Design Wide Resources (DWR) such
 270:Generated_Source\PSoC4/cyfitter_cfg.c **** *  as Clocks and Pins as well as any component configuration that is necessary.
 271:Generated_Source\PSoC4/cyfitter_cfg.c **** *
 272:Generated_Source\PSoC4/cyfitter_cfg.c **** * Parameters:
 273:Generated_Source\PSoC4/cyfitter_cfg.c **** *   void
 274:Generated_Source\PSoC4/cyfitter_cfg.c **** *
 275:Generated_Source\PSoC4/cyfitter_cfg.c **** * Return:
 276:Generated_Source\PSoC4/cyfitter_cfg.c **** *   void
 277:Generated_Source\PSoC4/cyfitter_cfg.c **** *
 278:Generated_Source\PSoC4/cyfitter_cfg.c **** *******************************************************************************/
 279:Generated_Source\PSoC4/cyfitter_cfg.c **** CY_CFG_SECTION
 280:Generated_Source\PSoC4/cyfitter_cfg.c **** void cyfitter_cfg(void)
 281:Generated_Source\PSoC4/cyfitter_cfg.c **** {
 204              		.loc 1 281 0
 205              		.cfi_startproc
 206              		@ args = 0, pretend = 0, frame = 0
 207              		@ frame_needed = 0, uses_anonymous_args = 0
 208 005c 10B5     		push	{r4, lr}
 209              		.cfi_def_cfa_offset 8
 210              		.cfi_offset 4, -8
 211              		.cfi_offset 14, -4
 282:Generated_Source\PSoC4/cyfitter_cfg.c **** 	/* Disable interrupts by default. Let user enable if/when they want. */
 283:Generated_Source\PSoC4/cyfitter_cfg.c **** 	CyGlobalIntDisable;
 212              		.loc 1 283 0
 213              		.syntax divided
 214              	@ 283 "Generated_Source\PSoC4\cyfitter_cfg.c" 1
 215 005e 72B6     		CPSID   i
 216              	@ 0 "" 2
 217              	.LVL18:
 218              		.thumb
 219              		.syntax unified
 220              	.LBB3:
 284:Generated_Source\PSoC4/cyfitter_cfg.c **** 
 285:Generated_Source\PSoC4/cyfitter_cfg.c **** 	{
 286:Generated_Source\PSoC4/cyfitter_cfg.c **** 		static const uint32 CYCODE cy_cfg_addr_table[] = {
 287:Generated_Source\PSoC4/cyfitter_cfg.c **** 			0x400F3102u, /* Base address: 0x400F3100 Count: 2 */
ARM GAS  C:\Users\srhi\AppData\Local\Temp\ccWmlktj.s 			page 10


 288:Generated_Source\PSoC4/cyfitter_cfg.c **** 			0x400F320Cu, /* Base address: 0x400F3200 Count: 12 */
 289:Generated_Source\PSoC4/cyfitter_cfg.c **** 			0x400F330Fu, /* Base address: 0x400F3300 Count: 15 */
 290:Generated_Source\PSoC4/cyfitter_cfg.c **** 			0x400F4004u, /* Base address: 0x400F4000 Count: 4 */
 291:Generated_Source\PSoC4/cyfitter_cfg.c **** 			0x400F4102u, /* Base address: 0x400F4100 Count: 2 */
 292:Generated_Source\PSoC4/cyfitter_cfg.c **** 			0x400F4305u, /* Base address: 0x400F4300 Count: 5 */
 293:Generated_Source\PSoC4/cyfitter_cfg.c **** 		};
 294:Generated_Source\PSoC4/cyfitter_cfg.c **** 
 295:Generated_Source\PSoC4/cyfitter_cfg.c **** 		static const cy_cfg_addrvalue_t CYCODE cy_cfg_data_table[] = {
 296:Generated_Source\PSoC4/cyfitter_cfg.c **** 			{0x8Cu, 0x08u},
 297:Generated_Source\PSoC4/cyfitter_cfg.c **** 			{0xE4u, 0x10u},
 298:Generated_Source\PSoC4/cyfitter_cfg.c **** 			{0x04u, 0x02u},
 299:Generated_Source\PSoC4/cyfitter_cfg.c **** 			{0x08u, 0x04u},
 300:Generated_Source\PSoC4/cyfitter_cfg.c **** 			{0x14u, 0x08u},
 301:Generated_Source\PSoC4/cyfitter_cfg.c **** 			{0x2Cu, 0x01u},
 302:Generated_Source\PSoC4/cyfitter_cfg.c **** 			{0x30u, 0x02u},
 303:Generated_Source\PSoC4/cyfitter_cfg.c **** 			{0x32u, 0x04u},
 304:Generated_Source\PSoC4/cyfitter_cfg.c **** 			{0x34u, 0x01u},
 305:Generated_Source\PSoC4/cyfitter_cfg.c **** 			{0x36u, 0x08u},
 306:Generated_Source\PSoC4/cyfitter_cfg.c **** 			{0x3Eu, 0x55u},
 307:Generated_Source\PSoC4/cyfitter_cfg.c **** 			{0x58u, 0x04u},
 308:Generated_Source\PSoC4/cyfitter_cfg.c **** 			{0x5Bu, 0x04u},
 309:Generated_Source\PSoC4/cyfitter_cfg.c **** 			{0x5Fu, 0x01u},
 310:Generated_Source\PSoC4/cyfitter_cfg.c **** 			{0x05u, 0x28u},
 311:Generated_Source\PSoC4/cyfitter_cfg.c **** 			{0x0Cu, 0x08u},
 312:Generated_Source\PSoC4/cyfitter_cfg.c **** 			{0x17u, 0x80u},
 313:Generated_Source\PSoC4/cyfitter_cfg.c **** 			{0x1Eu, 0xAAu},
 314:Generated_Source\PSoC4/cyfitter_cfg.c **** 			{0x5Eu, 0xAAu},
 315:Generated_Source\PSoC4/cyfitter_cfg.c **** 			{0x85u, 0x20u},
 316:Generated_Source\PSoC4/cyfitter_cfg.c **** 			{0x8Fu, 0x80u},
 317:Generated_Source\PSoC4/cyfitter_cfg.c **** 			{0x99u, 0x08u},
 318:Generated_Source\PSoC4/cyfitter_cfg.c **** 			{0xA0u, 0x08u},
 319:Generated_Source\PSoC4/cyfitter_cfg.c **** 			{0xA9u, 0x08u},
 320:Generated_Source\PSoC4/cyfitter_cfg.c **** 			{0xC0u, 0x60u},
 321:Generated_Source\PSoC4/cyfitter_cfg.c **** 			{0xC2u, 0x20u},
 322:Generated_Source\PSoC4/cyfitter_cfg.c **** 			{0xC4u, 0x80u},
 323:Generated_Source\PSoC4/cyfitter_cfg.c **** 			{0xD6u, 0xF0u},
 324:Generated_Source\PSoC4/cyfitter_cfg.c **** 			{0xE6u, 0x02u},
 325:Generated_Source\PSoC4/cyfitter_cfg.c **** 			{0x09u, 0x08u},
 326:Generated_Source\PSoC4/cyfitter_cfg.c **** 			{0x0Bu, 0x02u},
 327:Generated_Source\PSoC4/cyfitter_cfg.c **** 			{0x8Du, 0x08u},
 328:Generated_Source\PSoC4/cyfitter_cfg.c **** 			{0xC2u, 0x50u},
 329:Generated_Source\PSoC4/cyfitter_cfg.c **** 			{0xABu, 0x01u},
 330:Generated_Source\PSoC4/cyfitter_cfg.c **** 			{0xECu, 0x20u},
 331:Generated_Source\PSoC4/cyfitter_cfg.c **** 			{0x0Bu, 0x41u},
 332:Generated_Source\PSoC4/cyfitter_cfg.c **** 			{0x87u, 0x40u},
 333:Generated_Source\PSoC4/cyfitter_cfg.c **** 			{0x8Fu, 0x01u},
 334:Generated_Source\PSoC4/cyfitter_cfg.c **** 			{0xC2u, 0x0Au},
 335:Generated_Source\PSoC4/cyfitter_cfg.c **** 			{0xE6u, 0x08u},
 336:Generated_Source\PSoC4/cyfitter_cfg.c **** 		};
 337:Generated_Source\PSoC4/cyfitter_cfg.c **** 
 338:Generated_Source\PSoC4/cyfitter_cfg.c **** 
 339:Generated_Source\PSoC4/cyfitter_cfg.c **** 
 340:Generated_Source\PSoC4/cyfitter_cfg.c **** 		CYPACKED typedef struct {
 341:Generated_Source\PSoC4/cyfitter_cfg.c **** 			void CYFAR *address;
 342:Generated_Source\PSoC4/cyfitter_cfg.c **** 			uint16 size;
 343:Generated_Source\PSoC4/cyfitter_cfg.c **** 		} CYPACKED_ATTR cfg_memset_t;
 344:Generated_Source\PSoC4/cyfitter_cfg.c **** 
ARM GAS  C:\Users\srhi\AppData\Local\Temp\ccWmlktj.s 			page 11


 345:Generated_Source\PSoC4/cyfitter_cfg.c **** 		static const cfg_memset_t CYCODE cfg_memset_list[] = {
 346:Generated_Source\PSoC4/cyfitter_cfg.c **** 			/* address, size */
 347:Generated_Source\PSoC4/cyfitter_cfg.c **** 			{(void CYFAR *)(CYDEV_UDB_P0_U0_BASE), 1024u},
 348:Generated_Source\PSoC4/cyfitter_cfg.c **** 			{(void CYFAR *)(CYDEV_UDB_DSI0_BASE), 1024u},
 349:Generated_Source\PSoC4/cyfitter_cfg.c **** 		};
 350:Generated_Source\PSoC4/cyfitter_cfg.c **** 
 351:Generated_Source\PSoC4/cyfitter_cfg.c **** 		uint8 CYDATA i;
 352:Generated_Source\PSoC4/cyfitter_cfg.c **** 
 353:Generated_Source\PSoC4/cyfitter_cfg.c **** 		/* Zero out critical memory blocks before beginning configuration */
 354:Generated_Source\PSoC4/cyfitter_cfg.c **** 		for (i = 0u; i < (sizeof(cfg_memset_list)/sizeof(cfg_memset_list[0])); i++)
 221              		.loc 1 354 0
 222 0060 0024     		movs	r4, #0
 223 0062 0FE0     		b	.L11
 224              	.LVL19:
 225              	.L12:
 226              	.LBB4:
 355:Generated_Source\PSoC4/cyfitter_cfg.c **** 		{
 356:Generated_Source\PSoC4/cyfitter_cfg.c **** 			const cfg_memset_t CYCODE * CYDATA ms = &cfg_memset_list[i];
 357:Generated_Source\PSoC4/cyfitter_cfg.c **** 			CYMEMZERO(ms->address, (size_t)(uint32)(ms->size));
 227              		.loc 1 357 0 discriminator 3
 228 0064 2148     		ldr	r0, .L13
 229 0066 6200     		lsls	r2, r4, #1
 230 0068 1319     		adds	r3, r2, r4
 231 006a 5900     		lsls	r1, r3, #1
 232 006c 0B00     		movs	r3, r1
 233 006e 4118     		adds	r1, r0, r1
 234 0070 8988     		ldrh	r1, [r1, #4]
 235 0072 1A5A     		ldrh	r2, [r3, r0]
 236 0074 C318     		adds	r3, r0, r3
 237 0076 5888     		ldrh	r0, [r3, #2]
 238 0078 0004     		lsls	r0, r0, #16
 239 007a 1043     		orrs	r0, r2
 240 007c FFF7FEFF 		bl	CYMEMZERO
 241              	.LVL20:
 242              	.LBE4:
 354:Generated_Source\PSoC4/cyfitter_cfg.c **** 		{
 243              		.loc 1 354 0 discriminator 3
 244 0080 0134     		adds	r4, r4, #1
 245              	.LVL21:
 246 0082 E4B2     		uxtb	r4, r4
 247              	.LVL22:
 248              	.L11:
 354:Generated_Source\PSoC4/cyfitter_cfg.c **** 		{
 249              		.loc 1 354 0 is_stmt 0 discriminator 1
 250 0084 012C     		cmp	r4, #1
 251 0086 EDD9     		bls	.L12
 358:Generated_Source\PSoC4/cyfitter_cfg.c **** 		}
 359:Generated_Source\PSoC4/cyfitter_cfg.c **** 
 360:Generated_Source\PSoC4/cyfitter_cfg.c **** 		cfg_write_bytes32(cy_cfg_addr_table, cy_cfg_data_table);
 252              		.loc 1 360 0 is_stmt 1
 253 0088 1848     		ldr	r0, .L13
 254 008a 0100     		movs	r1, r0
 255 008c 0C31     		adds	r1, r1, #12
 256 008e 5C30     		adds	r0, r0, #92
 257 0090 FFF7FEFF 		bl	cfg_write_bytes32
 258              	.LVL23:
 361:Generated_Source\PSoC4/cyfitter_cfg.c **** 
ARM GAS  C:\Users\srhi\AppData\Local\Temp\ccWmlktj.s 			page 12


 362:Generated_Source\PSoC4/cyfitter_cfg.c **** 		/* HSIOM Starting address: CYDEV_HSIOM_BASE */
 363:Generated_Source\PSoC4/cyfitter_cfg.c **** 		CY_SET_REG32((void *)(CYREG_HSIOM_PORT_SEL3), 0x0000EE00u);
 259              		.loc 1 363 0
 260 0094 EE22     		movs	r2, #238
 261 0096 1202     		lsls	r2, r2, #8
 262 0098 154B     		ldr	r3, .L13+4
 263 009a 1A60     		str	r2, [r3]
 364:Generated_Source\PSoC4/cyfitter_cfg.c **** 
 365:Generated_Source\PSoC4/cyfitter_cfg.c **** 		/* UDB_PA_0 Starting address: CYDEV_UDB_PA0_BASE */
 366:Generated_Source\PSoC4/cyfitter_cfg.c **** 		CY_SET_REG32((void *)(CYDEV_UDB_PA0_BASE), 0x00990000u);
 264              		.loc 1 366 0
 265 009c 9923     		movs	r3, #153
 266 009e 1B04     		lsls	r3, r3, #16
 267 00a0 144A     		ldr	r2, .L13+8
 268 00a2 1360     		str	r3, [r2]
 367:Generated_Source\PSoC4/cyfitter_cfg.c **** 
 368:Generated_Source\PSoC4/cyfitter_cfg.c **** 		/* UDB_PA_2 Starting address: CYDEV_UDB_PA2_BASE */
 369:Generated_Source\PSoC4/cyfitter_cfg.c **** 		CY_SET_REG32((void *)(CYDEV_UDB_PA2_BASE), 0x00990000u);
 269              		.loc 1 369 0
 270 00a4 144A     		ldr	r2, .L13+12
 271 00a6 1360     		str	r3, [r2]
 370:Generated_Source\PSoC4/cyfitter_cfg.c **** 
 371:Generated_Source\PSoC4/cyfitter_cfg.c **** 		/* UDB_PA_3 Starting address: CYDEV_UDB_PA3_BASE */
 372:Generated_Source\PSoC4/cyfitter_cfg.c **** 		CY_SET_REG32((void *)(CYDEV_UDB_PA3_BASE), 0x00990000u);
 272              		.loc 1 372 0
 273 00a8 144A     		ldr	r2, .L13+16
 274 00aa 1360     		str	r3, [r2]
 373:Generated_Source\PSoC4/cyfitter_cfg.c **** 
 374:Generated_Source\PSoC4/cyfitter_cfg.c **** 		/* Enable UDB array and digital routing */
 375:Generated_Source\PSoC4/cyfitter_cfg.c **** 		CY_SET_XTND_REG8((void *)CYREG_UDB_UDBIF_WAIT_CFG, (uint8)((CY_GET_XTND_REG8((void *)CYREG_UDB_UD
 275              		.loc 1 375 0
 276 00ac 1449     		ldr	r1, .L13+20
 277 00ae 0B78     		ldrb	r3, [r1]
 278 00b0 3C22     		movs	r2, #60
 279 00b2 9343     		bics	r3, r2
 280 00b4 1422     		movs	r2, #20
 281 00b6 1343     		orrs	r3, r2
 282 00b8 DBB2     		uxtb	r3, r3
 283 00ba 0B70     		strb	r3, [r1]
 376:Generated_Source\PSoC4/cyfitter_cfg.c **** 		CY_SET_XTND_REG8((void *)CYREG_UDB_UDBIF_BANK_CTL, (uint8)(CY_GET_XTND_REG8((void *)CYREG_UDB_UDB
 284              		.loc 1 376 0
 285 00bc 114A     		ldr	r2, .L13+24
 286 00be 1178     		ldrb	r1, [r2]
 287 00c0 1623     		movs	r3, #22
 288 00c2 0B43     		orrs	r3, r1
 289 00c4 DBB2     		uxtb	r3, r3
 290 00c6 1370     		strb	r3, [r2]
 291              	.LBE3:
 377:Generated_Source\PSoC4/cyfitter_cfg.c **** 	}
 378:Generated_Source\PSoC4/cyfitter_cfg.c **** 
 379:Generated_Source\PSoC4/cyfitter_cfg.c **** 	/* Perform second pass device configuration. These items must be configured in specific order afte
 380:Generated_Source\PSoC4/cyfitter_cfg.c **** 	/* IOPINS0_0 Starting address: CYDEV_PRT0_BASE */
 381:Generated_Source\PSoC4/cyfitter_cfg.c **** 	CY_SET_REG32((void *)(CYDEV_PRT0_BASE), 0x00000050u);
 292              		.loc 1 381 0
 293 00c8 5023     		movs	r3, #80
 294 00ca 0F4A     		ldr	r2, .L13+28
 295 00cc 1360     		str	r3, [r2]
ARM GAS  C:\Users\srhi\AppData\Local\Temp\ccWmlktj.s 			page 13


 382:Generated_Source\PSoC4/cyfitter_cfg.c **** 	CY_SET_REG32((void *)(CYREG_PRT0_PC), 0x00082000u);
 296              		.loc 1 382 0
 297 00ce 8221     		movs	r1, #130
 298 00d0 0903     		lsls	r1, r1, #12
 299 00d2 0E4A     		ldr	r2, .L13+32
 300 00d4 1160     		str	r1, [r2]
 383:Generated_Source\PSoC4/cyfitter_cfg.c **** 
 384:Generated_Source\PSoC4/cyfitter_cfg.c **** 	/* IOPINS0_2 Starting address: CYDEV_PRT2_BASE */
 385:Generated_Source\PSoC4/cyfitter_cfg.c **** 	CY_SET_REG32((void *)(CYREG_PRT2_PC), 0x00DB6DB0u);
 301              		.loc 1 385 0
 302 00d6 0E49     		ldr	r1, .L13+36
 303 00d8 0E4A     		ldr	r2, .L13+40
 304 00da 1160     		str	r1, [r2]
 386:Generated_Source\PSoC4/cyfitter_cfg.c **** 
 387:Generated_Source\PSoC4/cyfitter_cfg.c **** 	/* IOPINS0_3 Starting address: CYDEV_PRT3_BASE */
 388:Generated_Source\PSoC4/cyfitter_cfg.c **** 	CY_SET_REG32((void *)(CYDEV_PRT3_BASE), 0x00000050u);
 305              		.loc 1 388 0
 306 00dc 0E4A     		ldr	r2, .L13+44
 307 00de 1360     		str	r3, [r2]
 389:Generated_Source\PSoC4/cyfitter_cfg.c **** 	CY_SET_REG32((void *)(CYREG_PRT3_PC), 0x00082D80u);
 308              		.loc 1 389 0
 309 00e0 0E4A     		ldr	r2, .L13+48
 310 00e2 0F4B     		ldr	r3, .L13+52
 311 00e4 1A60     		str	r2, [r3]
 390:Generated_Source\PSoC4/cyfitter_cfg.c **** 
 391:Generated_Source\PSoC4/cyfitter_cfg.c **** 
 392:Generated_Source\PSoC4/cyfitter_cfg.c **** 	/* Setup clocks based on selections from Clock DWR */
 393:Generated_Source\PSoC4/cyfitter_cfg.c **** 	ClockSetup();
 312              		.loc 1 393 0
 313 00e6 FFF78BFF 		bl	ClockSetup
 314              	.LVL24:
 394:Generated_Source\PSoC4/cyfitter_cfg.c **** 
 395:Generated_Source\PSoC4/cyfitter_cfg.c **** 	/* Perform basic analog initialization to defaults */
 396:Generated_Source\PSoC4/cyfitter_cfg.c **** 	AnalogSetDefault();
 397:Generated_Source\PSoC4/cyfitter_cfg.c **** 
 398:Generated_Source\PSoC4/cyfitter_cfg.c **** }
 315              		.loc 1 398 0
 316              		@ sp needed
 317              	.LVL25:
 318 00ea 10BD     		pop	{r4, pc}
 319              	.L14:
 320              		.align	2
 321              	.L13:
 322 00ec 00000000 		.word	.LANCHOR0
 323 00f0 0C000140 		.word	1073807372
 324 00f4 00500F40 		.word	1074745344
 325 00f8 20500F40 		.word	1074745376
 326 00fc 30500F40 		.word	1074745392
 327 0100 01700F40 		.word	1074753537
 328 0104 00700F40 		.word	1074753536
 329 0108 00000440 		.word	1074003968
 330 010c 08000440 		.word	1074003976
 331 0110 B06DDB00 		.word	14380464
 332 0114 08020440 		.word	1074004488
 333 0118 00030440 		.word	1074004736
 334 011c 802D0800 		.word	535936
 335 0120 08030440 		.word	1074004744
ARM GAS  C:\Users\srhi\AppData\Local\Temp\ccWmlktj.s 			page 14


 336              		.cfi_endproc
 337              	.LFE6:
 338              		.size	cyfitter_cfg, .-cyfitter_cfg
 339              		.section	.rodata
 340              		.align	2
 341              		.set	.LANCHOR0,. + 0
 342              		.type	cfg_memset_list.4870, %object
 343              		.size	cfg_memset_list.4870, 12
 344              	cfg_memset_list.4870:
 345 0000 00300F40 		.word	1074737152
 346 0004 0004     		.short	1024
 347 0006 00400F40 		.4byte	1074741248
 348 000a 0004     		.short	1024
 349              		.type	cy_cfg_data_table.4865, %object
 350              		.size	cy_cfg_data_table.4865, 80
 351              	cy_cfg_data_table.4865:
 352 000c 8C       		.byte	-116
 353 000d 08       		.byte	8
 354 000e E4       		.byte	-28
 355 000f 10       		.byte	16
 356 0010 04       		.byte	4
 357 0011 02       		.byte	2
 358 0012 08       		.byte	8
 359 0013 04       		.byte	4
 360 0014 14       		.byte	20
 361 0015 08       		.byte	8
 362 0016 2C       		.byte	44
 363 0017 01       		.byte	1
 364 0018 30       		.byte	48
 365 0019 02       		.byte	2
 366 001a 32       		.byte	50
 367 001b 04       		.byte	4
 368 001c 34       		.byte	52
 369 001d 01       		.byte	1
 370 001e 36       		.byte	54
 371 001f 08       		.byte	8
 372 0020 3E       		.byte	62
 373 0021 55       		.byte	85
 374 0022 58       		.byte	88
 375 0023 04       		.byte	4
 376 0024 5B       		.byte	91
 377 0025 04       		.byte	4
 378 0026 5F       		.byte	95
 379 0027 01       		.byte	1
 380 0028 05       		.byte	5
 381 0029 28       		.byte	40
 382 002a 0C       		.byte	12
 383 002b 08       		.byte	8
 384 002c 17       		.byte	23
 385 002d 80       		.byte	-128
 386 002e 1E       		.byte	30
 387 002f AA       		.byte	-86
 388 0030 5E       		.byte	94
 389 0031 AA       		.byte	-86
 390 0032 85       		.byte	-123
 391 0033 20       		.byte	32
 392 0034 8F       		.byte	-113
ARM GAS  C:\Users\srhi\AppData\Local\Temp\ccWmlktj.s 			page 15


 393 0035 80       		.byte	-128
 394 0036 99       		.byte	-103
 395 0037 08       		.byte	8
 396 0038 A0       		.byte	-96
 397 0039 08       		.byte	8
 398 003a A9       		.byte	-87
 399 003b 08       		.byte	8
 400 003c C0       		.byte	-64
 401 003d 60       		.byte	96
 402 003e C2       		.byte	-62
 403 003f 20       		.byte	32
 404 0040 C4       		.byte	-60
 405 0041 80       		.byte	-128
 406 0042 D6       		.byte	-42
 407 0043 F0       		.byte	-16
 408 0044 E6       		.byte	-26
 409 0045 02       		.byte	2
 410 0046 09       		.byte	9
 411 0047 08       		.byte	8
 412 0048 0B       		.byte	11
 413 0049 02       		.byte	2
 414 004a 8D       		.byte	-115
 415 004b 08       		.byte	8
 416 004c C2       		.byte	-62
 417 004d 50       		.byte	80
 418 004e AB       		.byte	-85
 419 004f 01       		.byte	1
 420 0050 EC       		.byte	-20
 421 0051 20       		.byte	32
 422 0052 0B       		.byte	11
 423 0053 41       		.byte	65
 424 0054 87       		.byte	-121
 425 0055 40       		.byte	64
 426 0056 8F       		.byte	-113
 427 0057 01       		.byte	1
 428 0058 C2       		.byte	-62
 429 0059 0A       		.byte	10
 430 005a E6       		.byte	-26
 431 005b 08       		.byte	8
 432              		.type	cy_cfg_addr_table.4864, %object
 433              		.size	cy_cfg_addr_table.4864, 24
 434              	cy_cfg_addr_table.4864:
 435 005c 02310F40 		.word	1074737410
 436 0060 0C320F40 		.word	1074737676
 437 0064 0F330F40 		.word	1074737935
 438 0068 04400F40 		.word	1074741252
 439 006c 02410F40 		.word	1074741506
 440 0070 05430F40 		.word	1074742021
 441              		.text
 442              	.Letext0:
 443              		.file 2 "c:\\program files (x86)\\cypress\\psoc creator\\4.2\\psoc creator\\import\\gnu\\arm\\5.4.
 444              		.file 3 "Generated_Source\\PSoC4\\cytypes.h"
 445              		.file 4 "Generated_Source\\PSoC4\\CyLib.h"
 446              		.section	.debug_info,"",%progbits
 447              	.Ldebug_info0:
 448 0000 9C030000 		.4byte	0x39c
 449 0004 0400     		.2byte	0x4
ARM GAS  C:\Users\srhi\AppData\Local\Temp\ccWmlktj.s 			page 16


 450 0006 00000000 		.4byte	.Ldebug_abbrev0
 451 000a 04       		.byte	0x4
 452 000b 01       		.uleb128 0x1
 453 000c 68010000 		.4byte	.LASF39
 454 0010 0C       		.byte	0xc
 455 0011 95020000 		.4byte	.LASF40
 456 0015 6D000000 		.4byte	.LASF41
 457 0019 00000000 		.4byte	.Ldebug_ranges0+0
 458 001d 00000000 		.4byte	0
 459 0021 00000000 		.4byte	.Ldebug_line0
 460 0025 02       		.uleb128 0x2
 461 0026 04       		.byte	0x4
 462 0027 05       		.byte	0x5
 463 0028 696E7400 		.ascii	"int\000"
 464 002c 03       		.uleb128 0x3
 465 002d 06000000 		.4byte	.LASF12
 466 0031 02       		.byte	0x2
 467 0032 D8       		.byte	0xd8
 468 0033 37000000 		.4byte	0x37
 469 0037 04       		.uleb128 0x4
 470 0038 04       		.byte	0x4
 471 0039 07       		.byte	0x7
 472 003a 2F010000 		.4byte	.LASF0
 473 003e 04       		.uleb128 0x4
 474 003f 08       		.byte	0x8
 475 0040 05       		.byte	0x5
 476 0041 28020000 		.4byte	.LASF1
 477 0045 04       		.uleb128 0x4
 478 0046 08       		.byte	0x8
 479 0047 04       		.byte	0x4
 480 0048 7D020000 		.4byte	.LASF2
 481 004c 04       		.uleb128 0x4
 482 004d 01       		.byte	0x1
 483 004e 06       		.byte	0x6
 484 004f 89020000 		.4byte	.LASF3
 485 0053 04       		.uleb128 0x4
 486 0054 01       		.byte	0x1
 487 0055 08       		.byte	0x8
 488 0056 D1000000 		.4byte	.LASF4
 489 005a 04       		.uleb128 0x4
 490 005b 02       		.byte	0x2
 491 005c 05       		.byte	0x5
 492 005d 55020000 		.4byte	.LASF5
 493 0061 04       		.uleb128 0x4
 494 0062 02       		.byte	0x2
 495 0063 07       		.byte	0x7
 496 0064 15020000 		.4byte	.LASF6
 497 0068 04       		.uleb128 0x4
 498 0069 04       		.byte	0x4
 499 006a 05       		.byte	0x5
 500 006b 74020000 		.4byte	.LASF7
 501 006f 04       		.uleb128 0x4
 502 0070 04       		.byte	0x4
 503 0071 07       		.byte	0x7
 504 0072 AF000000 		.4byte	.LASF8
 505 0076 04       		.uleb128 0x4
 506 0077 08       		.byte	0x8
ARM GAS  C:\Users\srhi\AppData\Local\Temp\ccWmlktj.s 			page 17


 507 0078 07       		.byte	0x7
 508 0079 51010000 		.4byte	.LASF9
 509 007d 04       		.uleb128 0x4
 510 007e 04       		.byte	0x4
 511 007f 07       		.byte	0x7
 512 0080 0C020000 		.4byte	.LASF10
 513 0084 05       		.uleb128 0x5
 514 0085 04       		.byte	0x4
 515 0086 04       		.uleb128 0x4
 516 0087 01       		.byte	0x1
 517 0088 08       		.byte	0x8
 518 0089 36020000 		.4byte	.LASF11
 519 008d 06       		.uleb128 0x6
 520 008e C1000000 		.4byte	.LASF13
 521 0092 03       		.byte	0x3
 522 0093 E401     		.2byte	0x1e4
 523 0095 53000000 		.4byte	0x53
 524 0099 06       		.uleb128 0x6
 525 009a 16010000 		.4byte	.LASF14
 526 009e 03       		.byte	0x3
 527 009f E501     		.2byte	0x1e5
 528 00a1 61000000 		.4byte	0x61
 529 00a5 06       		.uleb128 0x6
 530 00a6 28010000 		.4byte	.LASF15
 531 00aa 03       		.byte	0x3
 532 00ab E601     		.2byte	0x1e6
 533 00ad 6F000000 		.4byte	0x6f
 534 00b1 04       		.uleb128 0x4
 535 00b2 04       		.byte	0x4
 536 00b3 04       		.byte	0x4
 537 00b4 57000000 		.4byte	.LASF16
 538 00b8 04       		.uleb128 0x4
 539 00b9 08       		.byte	0x8
 540 00ba 04       		.byte	0x4
 541 00bb E6000000 		.4byte	.LASF17
 542 00bf 06       		.uleb128 0x6
 543 00c0 AA000000 		.4byte	.LASF18
 544 00c4 03       		.byte	0x3
 545 00c5 8E02     		.2byte	0x28e
 546 00c7 CB000000 		.4byte	0xcb
 547 00cb 07       		.uleb128 0x7
 548 00cc 8D000000 		.4byte	0x8d
 549 00d0 06       		.uleb128 0x6
 550 00d1 00000000 		.4byte	.LASF19
 551 00d5 03       		.byte	0x3
 552 00d6 9002     		.2byte	0x290
 553 00d8 DC000000 		.4byte	0xdc
 554 00dc 07       		.uleb128 0x7
 555 00dd A5000000 		.4byte	0xa5
 556 00e1 08       		.uleb128 0x8
 557 00e2 02       		.byte	0x2
 558 00e3 01       		.byte	0x1
 559 00e4 97       		.byte	0x97
 560 00e5 02010000 		.4byte	0x102
 561 00e9 09       		.uleb128 0x9
 562 00ea 4E020000 		.4byte	.LASF20
 563 00ee 01       		.byte	0x1
ARM GAS  C:\Users\srhi\AppData\Local\Temp\ccWmlktj.s 			page 18


 564 00ef 99       		.byte	0x99
 565 00f0 8D000000 		.4byte	0x8d
 566 00f4 00       		.byte	0
 567 00f5 09       		.uleb128 0x9
 568 00f6 1C000000 		.4byte	.LASF21
 569 00fa 01       		.byte	0x1
 570 00fb 9A       		.byte	0x9a
 571 00fc 8D000000 		.4byte	0x8d
 572 0100 01       		.byte	0x1
 573 0101 00       		.byte	0
 574 0102 03       		.uleb128 0x3
 575 0103 3B020000 		.4byte	.LASF22
 576 0107 01       		.byte	0x1
 577 0108 9B       		.byte	0x9b
 578 0109 E1000000 		.4byte	0xe1
 579 010d 0A       		.uleb128 0xa
 580 010e ED000000 		.4byte	.LASF27
 581 0112 01       		.byte	0x1
 582 0113 AE       		.byte	0xae
 583 0114 00000000 		.4byte	.LFB3
 584 0118 32000000 		.4byte	.LFE3-.LFB3
 585 011c 01       		.uleb128 0x1
 586 011d 9C       		.byte	0x9c
 587 011e 7F010000 		.4byte	0x17f
 588 0122 0B       		.uleb128 0xb
 589 0123 0B010000 		.4byte	.LASF23
 590 0127 01       		.byte	0x1
 591 0128 AE       		.byte	0xae
 592 0129 7F010000 		.4byte	0x17f
 593 012d 01       		.uleb128 0x1
 594 012e 50       		.byte	0x50
 595 012f 0B       		.uleb128 0xb
 596 0130 1D010000 		.4byte	.LASF24
 597 0134 01       		.byte	0x1
 598 0135 AE       		.byte	0xae
 599 0136 8A010000 		.4byte	0x18a
 600 013a 01       		.uleb128 0x1
 601 013b 51       		.byte	0x51
 602 013c 0C       		.uleb128 0xc
 603 013d 6900     		.ascii	"i\000"
 604 013f 01       		.byte	0x1
 605 0140 B1       		.byte	0xb1
 606 0141 A5000000 		.4byte	0xa5
 607 0145 00000000 		.4byte	.LLST0
 608 0149 0C       		.uleb128 0xc
 609 014a 6A00     		.ascii	"j\000"
 610 014c 01       		.byte	0x1
 611 014d B1       		.byte	0xb1
 612 014e A5000000 		.4byte	0xa5
 613 0152 1F000000 		.4byte	.LLST1
 614 0156 0D       		.uleb128 0xd
 615 0157 08000000 		.4byte	.LBB2
 616 015b 22000000 		.4byte	.LBE2-.LBB2
 617 015f 0E       		.uleb128 0xe
 618 0160 03020000 		.4byte	.LASF25
 619 0164 01       		.byte	0x1
 620 0165 B4       		.byte	0xb4
ARM GAS  C:\Users\srhi\AppData\Local\Temp\ccWmlktj.s 			page 19


 621 0166 A5000000 		.4byte	0xa5
 622 016a 3E000000 		.4byte	.LLST2
 623 016e 0E       		.uleb128 0xe
 624 016f 22000000 		.4byte	.LASF26
 625 0173 01       		.byte	0x1
 626 0174 B5       		.byte	0xb5
 627 0175 8D000000 		.4byte	0x8d
 628 0179 51000000 		.4byte	.LLST3
 629 017d 00       		.byte	0
 630 017e 00       		.byte	0
 631 017f 0F       		.uleb128 0xf
 632 0180 04       		.byte	0x4
 633 0181 85010000 		.4byte	0x185
 634 0185 10       		.uleb128 0x10
 635 0186 A5000000 		.4byte	0xa5
 636 018a 0F       		.uleb128 0xf
 637 018b 04       		.byte	0x4
 638 018c 90010000 		.4byte	0x190
 639 0190 10       		.uleb128 0x10
 640 0191 02010000 		.4byte	0x102
 641 0195 0A       		.uleb128 0xa
 642 0196 C7000000 		.4byte	.LASF28
 643 019a 01       		.byte	0x1
 644 019b 4C       		.byte	0x4c
 645 019c 00000000 		.4byte	.LFB0
 646 01a0 0C000000 		.4byte	.LFE0-.LFB0
 647 01a4 01       		.uleb128 0x1
 648 01a5 9C       		.byte	0x9c
 649 01a6 E2010000 		.4byte	0x1e2
 650 01aa 11       		.uleb128 0x11
 651 01ab 7300     		.ascii	"s\000"
 652 01ad 01       		.byte	0x1
 653 01ae 4C       		.byte	0x4c
 654 01af 84000000 		.4byte	0x84
 655 01b3 6F000000 		.4byte	.LLST4
 656 01b7 11       		.uleb128 0x11
 657 01b8 6E00     		.ascii	"n\000"
 658 01ba 01       		.byte	0x1
 659 01bb 4C       		.byte	0x4c
 660 01bc 2C000000 		.4byte	0x2c
 661 01c0 90000000 		.4byte	.LLST5
 662 01c4 12       		.uleb128 0x12
 663 01c5 0A000000 		.4byte	.LVL14
 664 01c9 75030000 		.4byte	0x375
 665 01cd 13       		.uleb128 0x13
 666 01ce 01       		.uleb128 0x1
 667 01cf 50       		.byte	0x50
 668 01d0 03       		.uleb128 0x3
 669 01d1 F3       		.byte	0xf3
 670 01d2 01       		.uleb128 0x1
 671 01d3 50       		.byte	0x50
 672 01d4 13       		.uleb128 0x13
 673 01d5 01       		.uleb128 0x1
 674 01d6 51       		.byte	0x51
 675 01d7 01       		.uleb128 0x1
 676 01d8 30       		.byte	0x30
 677 01d9 13       		.uleb128 0x13
ARM GAS  C:\Users\srhi\AppData\Local\Temp\ccWmlktj.s 			page 20


 678 01da 01       		.uleb128 0x1
 679 01db 52       		.byte	0x52
 680 01dc 03       		.uleb128 0x3
 681 01dd F3       		.byte	0xf3
 682 01de 01       		.uleb128 0x1
 683 01df 51       		.byte	0x51
 684 01e0 00       		.byte	0
 685 01e1 00       		.byte	0
 686 01e2 0A       		.uleb128 0xa
 687 01e3 28000000 		.4byte	.LASF29
 688 01e7 01       		.byte	0x1
 689 01e8 D3       		.byte	0xd3
 690 01e9 00000000 		.4byte	.LFB4
 691 01ed 5C000000 		.4byte	.LFE4-.LFB4
 692 01f1 01       		.uleb128 0x1
 693 01f2 9C       		.byte	0x9c
 694 01f3 2D020000 		.4byte	0x22d
 695 01f7 14       		.uleb128 0x14
 696 01f8 14000000 		.4byte	.LVL15
 697 01fc 7E030000 		.4byte	0x37e
 698 0200 0A020000 		.4byte	0x20a
 699 0204 13       		.uleb128 0x13
 700 0205 01       		.uleb128 0x1
 701 0206 50       		.byte	0x50
 702 0207 01       		.uleb128 0x1
 703 0208 48       		.byte	0x48
 704 0209 00       		.byte	0
 705 020a 14       		.uleb128 0x14
 706 020b 34000000 		.4byte	.LVL16
 707 020f 89030000 		.4byte	0x389
 708 0213 1D020000 		.4byte	0x21d
 709 0217 13       		.uleb128 0x13
 710 0218 01       		.uleb128 0x1
 711 0219 50       		.byte	0x50
 712 021a 01       		.uleb128 0x1
 713 021b 39       		.byte	0x39
 714 021c 00       		.byte	0
 715 021d 12       		.uleb128 0x12
 716 021e 3A000000 		.4byte	.LVL17
 717 0222 94030000 		.4byte	0x394
 718 0226 13       		.uleb128 0x13
 719 0227 01       		.uleb128 0x1
 720 0228 50       		.byte	0x50
 721 0229 01       		.uleb128 0x1
 722 022a 39       		.byte	0x39
 723 022b 00       		.byte	0
 724 022c 00       		.byte	0
 725 022d 15       		.uleb128 0x15
 726 022e 3C010000 		.4byte	.LASF42
 727 0232 01       		.byte	0x1
 728 0233 1801     		.2byte	0x118
 729 0235 5C000000 		.4byte	.LFB6
 730 0239 C8000000 		.4byte	.LFE6-.LFB6
 731 023d 01       		.uleb128 0x1
 732 023e 9C       		.byte	0x9c
 733 023f 4B030000 		.4byte	0x34b
 734 0243 16       		.uleb128 0x16
ARM GAS  C:\Users\srhi\AppData\Local\Temp\ccWmlktj.s 			page 21


 735 0244 60000000 		.4byte	.LBB3
 736 0248 68000000 		.4byte	.LBE3-.LBB3
 737 024c 41030000 		.4byte	0x341
 738 0250 17       		.uleb128 0x17
 739 0251 33000000 		.4byte	.LASF30
 740 0255 01       		.byte	0x1
 741 0256 1E01     		.2byte	0x11e
 742 0258 5B030000 		.4byte	0x35b
 743 025c 05       		.uleb128 0x5
 744 025d 03       		.byte	0x3
 745 025e 5C000000 		.4byte	cy_cfg_addr_table.4864
 746 0262 17       		.uleb128 0x17
 747 0263 45000000 		.4byte	.LASF31
 748 0267 01       		.byte	0x1
 749 0268 2701     		.2byte	0x127
 750 026a 70030000 		.4byte	0x370
 751 026e 05       		.uleb128 0x5
 752 026f 03       		.byte	0x3
 753 0270 0C000000 		.4byte	cy_cfg_data_table.4865
 754 0274 18       		.uleb128 0x18
 755 0275 06       		.byte	0x6
 756 0276 01       		.byte	0x1
 757 0277 5401     		.2byte	0x154
 758 0279 98020000 		.4byte	0x298
 759 027d 19       		.uleb128 0x19
 760 027e 49010000 		.4byte	.LASF32
 761 0282 01       		.byte	0x1
 762 0283 5501     		.2byte	0x155
 763 0285 84000000 		.4byte	0x84
 764 0289 00       		.byte	0
 765 028a 19       		.uleb128 0x19
 766 028b BB020000 		.4byte	.LASF33
 767 028f 01       		.byte	0x1
 768 0290 5601     		.2byte	0x156
 769 0292 99000000 		.4byte	0x99
 770 0296 04       		.byte	0x4
 771 0297 00       		.byte	0
 772 0298 06       		.uleb128 0x6
 773 0299 F6010000 		.4byte	.LASF34
 774 029d 01       		.byte	0x1
 775 029e 5701     		.2byte	0x157
 776 02a0 74020000 		.4byte	0x274
 777 02a4 1A       		.uleb128 0x1a
 778 02a5 B4020000 		.4byte	0x2b4
 779 02a9 B4020000 		.4byte	0x2b4
 780 02ad 1B       		.uleb128 0x1b
 781 02ae 7D000000 		.4byte	0x7d
 782 02b2 01       		.byte	0x1
 783 02b3 00       		.byte	0
 784 02b4 10       		.uleb128 0x10
 785 02b5 98020000 		.4byte	0x298
 786 02b9 17       		.uleb128 0x17
 787 02ba 5D000000 		.4byte	.LASF35
 788 02be 01       		.byte	0x1
 789 02bf 5901     		.2byte	0x159
 790 02c1 CB020000 		.4byte	0x2cb
 791 02c5 05       		.uleb128 0x5
ARM GAS  C:\Users\srhi\AppData\Local\Temp\ccWmlktj.s 			page 22


 792 02c6 03       		.byte	0x3
 793 02c7 00000000 		.4byte	cfg_memset_list.4870
 794 02cb 10       		.uleb128 0x10
 795 02cc A4020000 		.4byte	0x2a4
 796 02d0 1C       		.uleb128 0x1c
 797 02d1 6900     		.ascii	"i\000"
 798 02d3 01       		.byte	0x1
 799 02d4 5F01     		.2byte	0x15f
 800 02d6 8D000000 		.4byte	0x8d
 801 02da BC000000 		.4byte	.LLST6
 802 02de 16       		.uleb128 0x16
 803 02df 64000000 		.4byte	.LBB4
 804 02e3 1C000000 		.4byte	.LBE4-.LBB4
 805 02e7 24030000 		.4byte	0x324
 806 02eb 1C       		.uleb128 0x1c
 807 02ec 6D7300   		.ascii	"ms\000"
 808 02ef 01       		.byte	0x1
 809 02f0 6401     		.2byte	0x164
 810 02f2 FA020000 		.4byte	0x2fa
 811 02f6 E6000000 		.4byte	.LLST7
 812 02fa 0F       		.uleb128 0xf
 813 02fb 04       		.byte	0x4
 814 02fc B4020000 		.4byte	0x2b4
 815 0300 12       		.uleb128 0x12
 816 0301 80000000 		.4byte	.LVL20
 817 0305 95010000 		.4byte	0x195
 818 0309 13       		.uleb128 0x13
 819 030a 01       		.uleb128 0x1
 820 030b 51       		.byte	0x51
 821 030c 15       		.uleb128 0x15
 822 030d 74       		.byte	0x74
 823 030e 00       		.sleb128 0
 824 030f 31       		.byte	0x31
 825 0310 24       		.byte	0x24
 826 0311 74       		.byte	0x74
 827 0312 00       		.sleb128 0
 828 0313 22       		.byte	0x22
 829 0314 31       		.byte	0x31
 830 0315 24       		.byte	0x24
 831 0316 03       		.byte	0x3
 832 0317 04000000 		.4byte	.LANCHOR0+4
 833 031b 22       		.byte	0x22
 834 031c 94       		.byte	0x94
 835 031d 02       		.byte	0x2
 836 031e 0A       		.byte	0xa
 837 031f FFFF     		.2byte	0xffff
 838 0321 1A       		.byte	0x1a
 839 0322 00       		.byte	0
 840 0323 00       		.byte	0
 841 0324 12       		.uleb128 0x12
 842 0325 94000000 		.4byte	.LVL23
 843 0329 0D010000 		.4byte	0x10d
 844 032d 13       		.uleb128 0x13
 845 032e 01       		.uleb128 0x1
 846 032f 50       		.byte	0x50
 847 0330 05       		.uleb128 0x5
 848 0331 03       		.byte	0x3
ARM GAS  C:\Users\srhi\AppData\Local\Temp\ccWmlktj.s 			page 23


 849 0332 5C000000 		.4byte	.LANCHOR0+92
 850 0336 13       		.uleb128 0x13
 851 0337 01       		.uleb128 0x1
 852 0338 51       		.byte	0x51
 853 0339 05       		.uleb128 0x5
 854 033a 03       		.byte	0x3
 855 033b 0C000000 		.4byte	.LANCHOR0+12
 856 033f 00       		.byte	0
 857 0340 00       		.byte	0
 858 0341 1D       		.uleb128 0x1d
 859 0342 EA000000 		.4byte	.LVL24
 860 0346 E2010000 		.4byte	0x1e2
 861 034a 00       		.byte	0
 862 034b 1A       		.uleb128 0x1a
 863 034c 85010000 		.4byte	0x185
 864 0350 5B030000 		.4byte	0x35b
 865 0354 1B       		.uleb128 0x1b
 866 0355 7D000000 		.4byte	0x7d
 867 0359 05       		.byte	0x5
 868 035a 00       		.byte	0
 869 035b 10       		.uleb128 0x10
 870 035c 4B030000 		.4byte	0x34b
 871 0360 1A       		.uleb128 0x1a
 872 0361 90010000 		.4byte	0x190
 873 0365 70030000 		.4byte	0x370
 874 0369 1B       		.uleb128 0x1b
 875 036a 7D000000 		.4byte	0x7d
 876 036e 27       		.byte	0x27
 877 036f 00       		.byte	0
 878 0370 10       		.uleb128 0x10
 879 0371 60030000 		.4byte	0x360
 880 0375 1E       		.uleb128 0x1e
 881 0376 DF000000 		.4byte	.LASF43
 882 037a DF000000 		.4byte	.LASF43
 883 037e 1F       		.uleb128 0x1f
 884 037f 5F020000 		.4byte	.LASF36
 885 0383 5F020000 		.4byte	.LASF36
 886 0387 04       		.byte	0x4
 887 0388 6C       		.byte	0x6c
 888 0389 1F       		.uleb128 0x1f
 889 038a 0D000000 		.4byte	.LASF37
 890 038e 0D000000 		.4byte	.LASF37
 891 0392 04       		.byte	0x4
 892 0393 BD       		.byte	0xbd
 893 0394 1F       		.uleb128 0x1f
 894 0395 FF000000 		.4byte	.LASF38
 895 0399 FF000000 		.4byte	.LASF38
 896 039d 04       		.byte	0x4
 897 039e C3       		.byte	0xc3
 898 039f 00       		.byte	0
 899              		.section	.debug_abbrev,"",%progbits
 900              	.Ldebug_abbrev0:
 901 0000 01       		.uleb128 0x1
 902 0001 11       		.uleb128 0x11
 903 0002 01       		.byte	0x1
 904 0003 25       		.uleb128 0x25
 905 0004 0E       		.uleb128 0xe
ARM GAS  C:\Users\srhi\AppData\Local\Temp\ccWmlktj.s 			page 24


 906 0005 13       		.uleb128 0x13
 907 0006 0B       		.uleb128 0xb
 908 0007 03       		.uleb128 0x3
 909 0008 0E       		.uleb128 0xe
 910 0009 1B       		.uleb128 0x1b
 911 000a 0E       		.uleb128 0xe
 912 000b 55       		.uleb128 0x55
 913 000c 17       		.uleb128 0x17
 914 000d 11       		.uleb128 0x11
 915 000e 01       		.uleb128 0x1
 916 000f 10       		.uleb128 0x10
 917 0010 17       		.uleb128 0x17
 918 0011 00       		.byte	0
 919 0012 00       		.byte	0
 920 0013 02       		.uleb128 0x2
 921 0014 24       		.uleb128 0x24
 922 0015 00       		.byte	0
 923 0016 0B       		.uleb128 0xb
 924 0017 0B       		.uleb128 0xb
 925 0018 3E       		.uleb128 0x3e
 926 0019 0B       		.uleb128 0xb
 927 001a 03       		.uleb128 0x3
 928 001b 08       		.uleb128 0x8
 929 001c 00       		.byte	0
 930 001d 00       		.byte	0
 931 001e 03       		.uleb128 0x3
 932 001f 16       		.uleb128 0x16
 933 0020 00       		.byte	0
 934 0021 03       		.uleb128 0x3
 935 0022 0E       		.uleb128 0xe
 936 0023 3A       		.uleb128 0x3a
 937 0024 0B       		.uleb128 0xb
 938 0025 3B       		.uleb128 0x3b
 939 0026 0B       		.uleb128 0xb
 940 0027 49       		.uleb128 0x49
 941 0028 13       		.uleb128 0x13
 942 0029 00       		.byte	0
 943 002a 00       		.byte	0
 944 002b 04       		.uleb128 0x4
 945 002c 24       		.uleb128 0x24
 946 002d 00       		.byte	0
 947 002e 0B       		.uleb128 0xb
 948 002f 0B       		.uleb128 0xb
 949 0030 3E       		.uleb128 0x3e
 950 0031 0B       		.uleb128 0xb
 951 0032 03       		.uleb128 0x3
 952 0033 0E       		.uleb128 0xe
 953 0034 00       		.byte	0
 954 0035 00       		.byte	0
 955 0036 05       		.uleb128 0x5
 956 0037 0F       		.uleb128 0xf
 957 0038 00       		.byte	0
 958 0039 0B       		.uleb128 0xb
 959 003a 0B       		.uleb128 0xb
 960 003b 00       		.byte	0
 961 003c 00       		.byte	0
 962 003d 06       		.uleb128 0x6
ARM GAS  C:\Users\srhi\AppData\Local\Temp\ccWmlktj.s 			page 25


 963 003e 16       		.uleb128 0x16
 964 003f 00       		.byte	0
 965 0040 03       		.uleb128 0x3
 966 0041 0E       		.uleb128 0xe
 967 0042 3A       		.uleb128 0x3a
 968 0043 0B       		.uleb128 0xb
 969 0044 3B       		.uleb128 0x3b
 970 0045 05       		.uleb128 0x5
 971 0046 49       		.uleb128 0x49
 972 0047 13       		.uleb128 0x13
 973 0048 00       		.byte	0
 974 0049 00       		.byte	0
 975 004a 07       		.uleb128 0x7
 976 004b 35       		.uleb128 0x35
 977 004c 00       		.byte	0
 978 004d 49       		.uleb128 0x49
 979 004e 13       		.uleb128 0x13
 980 004f 00       		.byte	0
 981 0050 00       		.byte	0
 982 0051 08       		.uleb128 0x8
 983 0052 13       		.uleb128 0x13
 984 0053 01       		.byte	0x1
 985 0054 0B       		.uleb128 0xb
 986 0055 0B       		.uleb128 0xb
 987 0056 3A       		.uleb128 0x3a
 988 0057 0B       		.uleb128 0xb
 989 0058 3B       		.uleb128 0x3b
 990 0059 0B       		.uleb128 0xb
 991 005a 01       		.uleb128 0x1
 992 005b 13       		.uleb128 0x13
 993 005c 00       		.byte	0
 994 005d 00       		.byte	0
 995 005e 09       		.uleb128 0x9
 996 005f 0D       		.uleb128 0xd
 997 0060 00       		.byte	0
 998 0061 03       		.uleb128 0x3
 999 0062 0E       		.uleb128 0xe
 1000 0063 3A       		.uleb128 0x3a
 1001 0064 0B       		.uleb128 0xb
 1002 0065 3B       		.uleb128 0x3b
 1003 0066 0B       		.uleb128 0xb
 1004 0067 49       		.uleb128 0x49
 1005 0068 13       		.uleb128 0x13
 1006 0069 38       		.uleb128 0x38
 1007 006a 0B       		.uleb128 0xb
 1008 006b 00       		.byte	0
 1009 006c 00       		.byte	0
 1010 006d 0A       		.uleb128 0xa
 1011 006e 2E       		.uleb128 0x2e
 1012 006f 01       		.byte	0x1
 1013 0070 03       		.uleb128 0x3
 1014 0071 0E       		.uleb128 0xe
 1015 0072 3A       		.uleb128 0x3a
 1016 0073 0B       		.uleb128 0xb
 1017 0074 3B       		.uleb128 0x3b
 1018 0075 0B       		.uleb128 0xb
 1019 0076 27       		.uleb128 0x27
ARM GAS  C:\Users\srhi\AppData\Local\Temp\ccWmlktj.s 			page 26


 1020 0077 19       		.uleb128 0x19
 1021 0078 11       		.uleb128 0x11
 1022 0079 01       		.uleb128 0x1
 1023 007a 12       		.uleb128 0x12
 1024 007b 06       		.uleb128 0x6
 1025 007c 40       		.uleb128 0x40
 1026 007d 18       		.uleb128 0x18
 1027 007e 9742     		.uleb128 0x2117
 1028 0080 19       		.uleb128 0x19
 1029 0081 01       		.uleb128 0x1
 1030 0082 13       		.uleb128 0x13
 1031 0083 00       		.byte	0
 1032 0084 00       		.byte	0
 1033 0085 0B       		.uleb128 0xb
 1034 0086 05       		.uleb128 0x5
 1035 0087 00       		.byte	0
 1036 0088 03       		.uleb128 0x3
 1037 0089 0E       		.uleb128 0xe
 1038 008a 3A       		.uleb128 0x3a
 1039 008b 0B       		.uleb128 0xb
 1040 008c 3B       		.uleb128 0x3b
 1041 008d 0B       		.uleb128 0xb
 1042 008e 49       		.uleb128 0x49
 1043 008f 13       		.uleb128 0x13
 1044 0090 02       		.uleb128 0x2
 1045 0091 18       		.uleb128 0x18
 1046 0092 00       		.byte	0
 1047 0093 00       		.byte	0
 1048 0094 0C       		.uleb128 0xc
 1049 0095 34       		.uleb128 0x34
 1050 0096 00       		.byte	0
 1051 0097 03       		.uleb128 0x3
 1052 0098 08       		.uleb128 0x8
 1053 0099 3A       		.uleb128 0x3a
 1054 009a 0B       		.uleb128 0xb
 1055 009b 3B       		.uleb128 0x3b
 1056 009c 0B       		.uleb128 0xb
 1057 009d 49       		.uleb128 0x49
 1058 009e 13       		.uleb128 0x13
 1059 009f 02       		.uleb128 0x2
 1060 00a0 17       		.uleb128 0x17
 1061 00a1 00       		.byte	0
 1062 00a2 00       		.byte	0
 1063 00a3 0D       		.uleb128 0xd
 1064 00a4 0B       		.uleb128 0xb
 1065 00a5 01       		.byte	0x1
 1066 00a6 11       		.uleb128 0x11
 1067 00a7 01       		.uleb128 0x1
 1068 00a8 12       		.uleb128 0x12
 1069 00a9 06       		.uleb128 0x6
 1070 00aa 00       		.byte	0
 1071 00ab 00       		.byte	0
 1072 00ac 0E       		.uleb128 0xe
 1073 00ad 34       		.uleb128 0x34
 1074 00ae 00       		.byte	0
 1075 00af 03       		.uleb128 0x3
 1076 00b0 0E       		.uleb128 0xe
ARM GAS  C:\Users\srhi\AppData\Local\Temp\ccWmlktj.s 			page 27


 1077 00b1 3A       		.uleb128 0x3a
 1078 00b2 0B       		.uleb128 0xb
 1079 00b3 3B       		.uleb128 0x3b
 1080 00b4 0B       		.uleb128 0xb
 1081 00b5 49       		.uleb128 0x49
 1082 00b6 13       		.uleb128 0x13
 1083 00b7 02       		.uleb128 0x2
 1084 00b8 17       		.uleb128 0x17
 1085 00b9 00       		.byte	0
 1086 00ba 00       		.byte	0
 1087 00bb 0F       		.uleb128 0xf
 1088 00bc 0F       		.uleb128 0xf
 1089 00bd 00       		.byte	0
 1090 00be 0B       		.uleb128 0xb
 1091 00bf 0B       		.uleb128 0xb
 1092 00c0 49       		.uleb128 0x49
 1093 00c1 13       		.uleb128 0x13
 1094 00c2 00       		.byte	0
 1095 00c3 00       		.byte	0
 1096 00c4 10       		.uleb128 0x10
 1097 00c5 26       		.uleb128 0x26
 1098 00c6 00       		.byte	0
 1099 00c7 49       		.uleb128 0x49
 1100 00c8 13       		.uleb128 0x13
 1101 00c9 00       		.byte	0
 1102 00ca 00       		.byte	0
 1103 00cb 11       		.uleb128 0x11
 1104 00cc 05       		.uleb128 0x5
 1105 00cd 00       		.byte	0
 1106 00ce 03       		.uleb128 0x3
 1107 00cf 08       		.uleb128 0x8
 1108 00d0 3A       		.uleb128 0x3a
 1109 00d1 0B       		.uleb128 0xb
 1110 00d2 3B       		.uleb128 0x3b
 1111 00d3 0B       		.uleb128 0xb
 1112 00d4 49       		.uleb128 0x49
 1113 00d5 13       		.uleb128 0x13
 1114 00d6 02       		.uleb128 0x2
 1115 00d7 17       		.uleb128 0x17
 1116 00d8 00       		.byte	0
 1117 00d9 00       		.byte	0
 1118 00da 12       		.uleb128 0x12
 1119 00db 898201   		.uleb128 0x4109
 1120 00de 01       		.byte	0x1
 1121 00df 11       		.uleb128 0x11
 1122 00e0 01       		.uleb128 0x1
 1123 00e1 31       		.uleb128 0x31
 1124 00e2 13       		.uleb128 0x13
 1125 00e3 00       		.byte	0
 1126 00e4 00       		.byte	0
 1127 00e5 13       		.uleb128 0x13
 1128 00e6 8A8201   		.uleb128 0x410a
 1129 00e9 00       		.byte	0
 1130 00ea 02       		.uleb128 0x2
 1131 00eb 18       		.uleb128 0x18
 1132 00ec 9142     		.uleb128 0x2111
 1133 00ee 18       		.uleb128 0x18
ARM GAS  C:\Users\srhi\AppData\Local\Temp\ccWmlktj.s 			page 28


 1134 00ef 00       		.byte	0
 1135 00f0 00       		.byte	0
 1136 00f1 14       		.uleb128 0x14
 1137 00f2 898201   		.uleb128 0x4109
 1138 00f5 01       		.byte	0x1
 1139 00f6 11       		.uleb128 0x11
 1140 00f7 01       		.uleb128 0x1
 1141 00f8 31       		.uleb128 0x31
 1142 00f9 13       		.uleb128 0x13
 1143 00fa 01       		.uleb128 0x1
 1144 00fb 13       		.uleb128 0x13
 1145 00fc 00       		.byte	0
 1146 00fd 00       		.byte	0
 1147 00fe 15       		.uleb128 0x15
 1148 00ff 2E       		.uleb128 0x2e
 1149 0100 01       		.byte	0x1
 1150 0101 3F       		.uleb128 0x3f
 1151 0102 19       		.uleb128 0x19
 1152 0103 03       		.uleb128 0x3
 1153 0104 0E       		.uleb128 0xe
 1154 0105 3A       		.uleb128 0x3a
 1155 0106 0B       		.uleb128 0xb
 1156 0107 3B       		.uleb128 0x3b
 1157 0108 05       		.uleb128 0x5
 1158 0109 27       		.uleb128 0x27
 1159 010a 19       		.uleb128 0x19
 1160 010b 11       		.uleb128 0x11
 1161 010c 01       		.uleb128 0x1
 1162 010d 12       		.uleb128 0x12
 1163 010e 06       		.uleb128 0x6
 1164 010f 40       		.uleb128 0x40
 1165 0110 18       		.uleb128 0x18
 1166 0111 9742     		.uleb128 0x2117
 1167 0113 19       		.uleb128 0x19
 1168 0114 01       		.uleb128 0x1
 1169 0115 13       		.uleb128 0x13
 1170 0116 00       		.byte	0
 1171 0117 00       		.byte	0
 1172 0118 16       		.uleb128 0x16
 1173 0119 0B       		.uleb128 0xb
 1174 011a 01       		.byte	0x1
 1175 011b 11       		.uleb128 0x11
 1176 011c 01       		.uleb128 0x1
 1177 011d 12       		.uleb128 0x12
 1178 011e 06       		.uleb128 0x6
 1179 011f 01       		.uleb128 0x1
 1180 0120 13       		.uleb128 0x13
 1181 0121 00       		.byte	0
 1182 0122 00       		.byte	0
 1183 0123 17       		.uleb128 0x17
 1184 0124 34       		.uleb128 0x34
 1185 0125 00       		.byte	0
 1186 0126 03       		.uleb128 0x3
 1187 0127 0E       		.uleb128 0xe
 1188 0128 3A       		.uleb128 0x3a
 1189 0129 0B       		.uleb128 0xb
 1190 012a 3B       		.uleb128 0x3b
ARM GAS  C:\Users\srhi\AppData\Local\Temp\ccWmlktj.s 			page 29


 1191 012b 05       		.uleb128 0x5
 1192 012c 49       		.uleb128 0x49
 1193 012d 13       		.uleb128 0x13
 1194 012e 02       		.uleb128 0x2
 1195 012f 18       		.uleb128 0x18
 1196 0130 00       		.byte	0
 1197 0131 00       		.byte	0
 1198 0132 18       		.uleb128 0x18
 1199 0133 13       		.uleb128 0x13
 1200 0134 01       		.byte	0x1
 1201 0135 0B       		.uleb128 0xb
 1202 0136 0B       		.uleb128 0xb
 1203 0137 3A       		.uleb128 0x3a
 1204 0138 0B       		.uleb128 0xb
 1205 0139 3B       		.uleb128 0x3b
 1206 013a 05       		.uleb128 0x5
 1207 013b 01       		.uleb128 0x1
 1208 013c 13       		.uleb128 0x13
 1209 013d 00       		.byte	0
 1210 013e 00       		.byte	0
 1211 013f 19       		.uleb128 0x19
 1212 0140 0D       		.uleb128 0xd
 1213 0141 00       		.byte	0
 1214 0142 03       		.uleb128 0x3
 1215 0143 0E       		.uleb128 0xe
 1216 0144 3A       		.uleb128 0x3a
 1217 0145 0B       		.uleb128 0xb
 1218 0146 3B       		.uleb128 0x3b
 1219 0147 05       		.uleb128 0x5
 1220 0148 49       		.uleb128 0x49
 1221 0149 13       		.uleb128 0x13
 1222 014a 38       		.uleb128 0x38
 1223 014b 0B       		.uleb128 0xb
 1224 014c 00       		.byte	0
 1225 014d 00       		.byte	0
 1226 014e 1A       		.uleb128 0x1a
 1227 014f 01       		.uleb128 0x1
 1228 0150 01       		.byte	0x1
 1229 0151 49       		.uleb128 0x49
 1230 0152 13       		.uleb128 0x13
 1231 0153 01       		.uleb128 0x1
 1232 0154 13       		.uleb128 0x13
 1233 0155 00       		.byte	0
 1234 0156 00       		.byte	0
 1235 0157 1B       		.uleb128 0x1b
 1236 0158 21       		.uleb128 0x21
 1237 0159 00       		.byte	0
 1238 015a 49       		.uleb128 0x49
 1239 015b 13       		.uleb128 0x13
 1240 015c 2F       		.uleb128 0x2f
 1241 015d 0B       		.uleb128 0xb
 1242 015e 00       		.byte	0
 1243 015f 00       		.byte	0
 1244 0160 1C       		.uleb128 0x1c
 1245 0161 34       		.uleb128 0x34
 1246 0162 00       		.byte	0
 1247 0163 03       		.uleb128 0x3
ARM GAS  C:\Users\srhi\AppData\Local\Temp\ccWmlktj.s 			page 30


 1248 0164 08       		.uleb128 0x8
 1249 0165 3A       		.uleb128 0x3a
 1250 0166 0B       		.uleb128 0xb
 1251 0167 3B       		.uleb128 0x3b
 1252 0168 05       		.uleb128 0x5
 1253 0169 49       		.uleb128 0x49
 1254 016a 13       		.uleb128 0x13
 1255 016b 02       		.uleb128 0x2
 1256 016c 17       		.uleb128 0x17
 1257 016d 00       		.byte	0
 1258 016e 00       		.byte	0
 1259 016f 1D       		.uleb128 0x1d
 1260 0170 898201   		.uleb128 0x4109
 1261 0173 00       		.byte	0
 1262 0174 11       		.uleb128 0x11
 1263 0175 01       		.uleb128 0x1
 1264 0176 31       		.uleb128 0x31
 1265 0177 13       		.uleb128 0x13
 1266 0178 00       		.byte	0
 1267 0179 00       		.byte	0
 1268 017a 1E       		.uleb128 0x1e
 1269 017b 2E       		.uleb128 0x2e
 1270 017c 00       		.byte	0
 1271 017d 3F       		.uleb128 0x3f
 1272 017e 19       		.uleb128 0x19
 1273 017f 3C       		.uleb128 0x3c
 1274 0180 19       		.uleb128 0x19
 1275 0181 6E       		.uleb128 0x6e
 1276 0182 0E       		.uleb128 0xe
 1277 0183 03       		.uleb128 0x3
 1278 0184 0E       		.uleb128 0xe
 1279 0185 00       		.byte	0
 1280 0186 00       		.byte	0
 1281 0187 1F       		.uleb128 0x1f
 1282 0188 2E       		.uleb128 0x2e
 1283 0189 00       		.byte	0
 1284 018a 3F       		.uleb128 0x3f
 1285 018b 19       		.uleb128 0x19
 1286 018c 3C       		.uleb128 0x3c
 1287 018d 19       		.uleb128 0x19
 1288 018e 6E       		.uleb128 0x6e
 1289 018f 0E       		.uleb128 0xe
 1290 0190 03       		.uleb128 0x3
 1291 0191 0E       		.uleb128 0xe
 1292 0192 3A       		.uleb128 0x3a
 1293 0193 0B       		.uleb128 0xb
 1294 0194 3B       		.uleb128 0x3b
 1295 0195 0B       		.uleb128 0xb
 1296 0196 00       		.byte	0
 1297 0197 00       		.byte	0
 1298 0198 00       		.byte	0
 1299              		.section	.debug_loc,"",%progbits
 1300              	.Ldebug_loc0:
 1301              	.LLST0:
 1302 0000 02000000 		.4byte	.LVL1
 1303 0004 08000000 		.4byte	.LVL2
 1304 0008 0200     		.2byte	0x2
ARM GAS  C:\Users\srhi\AppData\Local\Temp\ccWmlktj.s 			page 31


 1305 000a 30       		.byte	0x30
 1306 000b 9F       		.byte	0x9f
 1307 000c 08000000 		.4byte	.LVL2
 1308 0010 30000000 		.4byte	.LVL11
 1309 0014 0100     		.2byte	0x1
 1310 0016 57       		.byte	0x57
 1311 0017 00000000 		.4byte	0
 1312 001b 00000000 		.4byte	0
 1313              	.LLST1:
 1314 001f 02000000 		.4byte	.LVL1
 1315 0023 08000000 		.4byte	.LVL2
 1316 0027 0200     		.2byte	0x2
 1317 0029 30       		.byte	0x30
 1318 002a 9F       		.byte	0x9f
 1319 002b 08000000 		.4byte	.LVL2
 1320 002f 30000000 		.4byte	.LVL10
 1321 0033 0100     		.2byte	0x1
 1322 0035 55       		.byte	0x55
 1323 0036 00000000 		.4byte	0
 1324 003a 00000000 		.4byte	0
 1325              	.LLST2:
 1326 003e 0C000000 		.4byte	.LVL3
 1327 0042 2C000000 		.4byte	.LVL9
 1328 0046 0100     		.2byte	0x1
 1329 0048 56       		.byte	0x56
 1330 0049 00000000 		.4byte	0
 1331 004d 00000000 		.4byte	0
 1332              	.LLST3:
 1333 0051 0E000000 		.4byte	.LVL4
 1334 0055 24000000 		.4byte	.LVL7
 1335 0059 0100     		.2byte	0x1
 1336 005b 53       		.byte	0x53
 1337 005c 26000000 		.4byte	.LVL8
 1338 0060 2C000000 		.4byte	.LVL9
 1339 0064 0100     		.2byte	0x1
 1340 0066 53       		.byte	0x53
 1341 0067 00000000 		.4byte	0
 1342 006b 00000000 		.4byte	0
 1343              	.LLST4:
 1344 006f 00000000 		.4byte	.LVL12
 1345 0073 09000000 		.4byte	.LVL14-1
 1346 0077 0100     		.2byte	0x1
 1347 0079 50       		.byte	0x50
 1348 007a 09000000 		.4byte	.LVL14-1
 1349 007e 0C000000 		.4byte	.LFE0
 1350 0082 0400     		.2byte	0x4
 1351 0084 F3       		.byte	0xf3
 1352 0085 01       		.uleb128 0x1
 1353 0086 50       		.byte	0x50
 1354 0087 9F       		.byte	0x9f
 1355 0088 00000000 		.4byte	0
 1356 008c 00000000 		.4byte	0
 1357              	.LLST5:
 1358 0090 00000000 		.4byte	.LVL12
 1359 0094 06000000 		.4byte	.LVL13
 1360 0098 0100     		.2byte	0x1
 1361 009a 51       		.byte	0x51
ARM GAS  C:\Users\srhi\AppData\Local\Temp\ccWmlktj.s 			page 32


 1362 009b 06000000 		.4byte	.LVL13
 1363 009f 09000000 		.4byte	.LVL14-1
 1364 00a3 0100     		.2byte	0x1
 1365 00a5 52       		.byte	0x52
 1366 00a6 09000000 		.4byte	.LVL14-1
 1367 00aa 0C000000 		.4byte	.LFE0
 1368 00ae 0400     		.2byte	0x4
 1369 00b0 F3       		.byte	0xf3
 1370 00b1 01       		.uleb128 0x1
 1371 00b2 51       		.byte	0x51
 1372 00b3 9F       		.byte	0x9f
 1373 00b4 00000000 		.4byte	0
 1374 00b8 00000000 		.4byte	0
 1375              	.LLST6:
 1376 00bc 60000000 		.4byte	.LVL18
 1377 00c0 64000000 		.4byte	.LVL19
 1378 00c4 0200     		.2byte	0x2
 1379 00c6 30       		.byte	0x30
 1380 00c7 9F       		.byte	0x9f
 1381 00c8 64000000 		.4byte	.LVL19
 1382 00cc 82000000 		.4byte	.LVL21
 1383 00d0 0100     		.2byte	0x1
 1384 00d2 54       		.byte	0x54
 1385 00d3 84000000 		.4byte	.LVL22
 1386 00d7 EA000000 		.4byte	.LVL25
 1387 00db 0100     		.2byte	0x1
 1388 00dd 54       		.byte	0x54
 1389 00de 00000000 		.4byte	0
 1390 00e2 00000000 		.4byte	0
 1391              	.LLST7:
 1392 00e6 64000000 		.4byte	.LVL19
 1393 00ea 82000000 		.4byte	.LVL21
 1394 00ee 0B00     		.2byte	0xb
 1395 00f0 74       		.byte	0x74
 1396 00f1 00       		.sleb128 0
 1397 00f2 36       		.byte	0x36
 1398 00f3 1E       		.byte	0x1e
 1399 00f4 03       		.byte	0x3
 1400 00f5 00000000 		.4byte	cfg_memset_list.4870
 1401 00f9 22       		.byte	0x22
 1402 00fa 9F       		.byte	0x9f
 1403 00fb 82000000 		.4byte	.LVL21
 1404 00ff 84000000 		.4byte	.LVL22
 1405 0103 0B00     		.2byte	0xb
 1406 0105 74       		.byte	0x74
 1407 0106 7F       		.sleb128 -1
 1408 0107 36       		.byte	0x36
 1409 0108 1E       		.byte	0x1e
 1410 0109 03       		.byte	0x3
 1411 010a 00000000 		.4byte	cfg_memset_list.4870
 1412 010e 22       		.byte	0x22
 1413 010f 9F       		.byte	0x9f
 1414 0110 00000000 		.4byte	0
 1415 0114 00000000 		.4byte	0
 1416              		.section	.debug_aranges,"",%progbits
 1417 0000 34000000 		.4byte	0x34
 1418 0004 0200     		.2byte	0x2
ARM GAS  C:\Users\srhi\AppData\Local\Temp\ccWmlktj.s 			page 33


 1419 0006 00000000 		.4byte	.Ldebug_info0
 1420 000a 04       		.byte	0x4
 1421 000b 00       		.byte	0
 1422 000c 0000     		.2byte	0
 1423 000e 0000     		.2byte	0
 1424 0010 00000000 		.4byte	.LFB3
 1425 0014 32000000 		.4byte	.LFE3-.LFB3
 1426 0018 00000000 		.4byte	.LFB0
 1427 001c 0C000000 		.4byte	.LFE0-.LFB0
 1428 0020 00000000 		.4byte	.LFB4
 1429 0024 5C000000 		.4byte	.LFE4-.LFB4
 1430 0028 5C000000 		.4byte	.LFB6
 1431 002c C8000000 		.4byte	.LFE6-.LFB6
 1432 0030 00000000 		.4byte	0
 1433 0034 00000000 		.4byte	0
 1434              		.section	.debug_ranges,"",%progbits
 1435              	.Ldebug_ranges0:
 1436 0000 00000000 		.4byte	.LFB3
 1437 0004 32000000 		.4byte	.LFE3
 1438 0008 00000000 		.4byte	.LFB0
 1439 000c 0C000000 		.4byte	.LFE0
 1440 0010 00000000 		.4byte	.LFB4
 1441 0014 5C000000 		.4byte	.LFE4
 1442 0018 5C000000 		.4byte	.LFB6
 1443 001c 24010000 		.4byte	.LFE6
 1444 0020 00000000 		.4byte	0
 1445 0024 00000000 		.4byte	0
 1446              		.section	.debug_line,"",%progbits
 1447              	.Ldebug_line0:
 1448 0000 58010000 		.section	.debug_str,"MS",%progbits,1
 1448      0200D600 
 1448      00000201 
 1448      FB0E0D00 
 1448      01010101 
 1449              	.LASF19:
 1450 0000 72656733 		.ascii	"reg32\000"
 1450      3200
 1451              	.LASF12:
 1452 0006 73697A65 		.ascii	"size_t\000"
 1452      5F7400
 1453              	.LASF37:
 1454 000d 4379496E 		.ascii	"CyIntSetVector\000"
 1454      74536574 
 1454      56656374 
 1454      6F7200
 1455              	.LASF21:
 1456 001c 76616C75 		.ascii	"value\000"
 1456      6500
 1457              	.LASF26:
 1458 0022 636F756E 		.ascii	"count\000"
 1458      7400
 1459              	.LASF29:
 1460 0028 436C6F63 		.ascii	"ClockSetup\000"
 1460      6B536574 
 1460      757000
 1461              	.LASF30:
 1462 0033 63795F63 		.ascii	"cy_cfg_addr_table\000"
ARM GAS  C:\Users\srhi\AppData\Local\Temp\ccWmlktj.s 			page 34


 1462      66675F61 
 1462      6464725F 
 1462      7461626C 
 1462      6500
 1463              	.LASF31:
 1464 0045 63795F63 		.ascii	"cy_cfg_data_table\000"
 1464      66675F64 
 1464      6174615F 
 1464      7461626C 
 1464      6500
 1465              	.LASF16:
 1466 0057 666C6F61 		.ascii	"float\000"
 1466      7400
 1467              	.LASF35:
 1468 005d 6366675F 		.ascii	"cfg_memset_list\000"
 1468      6D656D73 
 1468      65745F6C 
 1468      69737400 
 1469              	.LASF41:
 1470 006d 433A5C55 		.ascii	"C:\\Users\\srhi\\Desktop\\PSOC\\L823_Status_Registe"
 1470      73657273 
 1470      5C737268 
 1470      695C4465 
 1470      736B746F 
 1471 009b 725F696E 		.ascii	"r_invert.cydsn\000"
 1471      76657274 
 1471      2E637964 
 1471      736E00
 1472              	.LASF18:
 1473 00aa 72656738 		.ascii	"reg8\000"
 1473      00
 1474              	.LASF8:
 1475 00af 6C6F6E67 		.ascii	"long unsigned int\000"
 1475      20756E73 
 1475      69676E65 
 1475      6420696E 
 1475      7400
 1476              	.LASF13:
 1477 00c1 75696E74 		.ascii	"uint8\000"
 1477      3800
 1478              	.LASF28:
 1479 00c7 43594D45 		.ascii	"CYMEMZERO\000"
 1479      4D5A4552 
 1479      4F00
 1480              	.LASF4:
 1481 00d1 756E7369 		.ascii	"unsigned char\000"
 1481      676E6564 
 1481      20636861 
 1481      7200
 1482              	.LASF43:
 1483 00df 6D656D73 		.ascii	"memset\000"
 1483      657400
 1484              	.LASF17:
 1485 00e6 646F7562 		.ascii	"double\000"
 1485      6C6500
 1486              	.LASF27:
 1487 00ed 6366675F 		.ascii	"cfg_write_bytes32\000"
ARM GAS  C:\Users\srhi\AppData\Local\Temp\ccWmlktj.s 			page 35


 1487      77726974 
 1487      655F6279 
 1487      74657333 
 1487      3200
 1488              	.LASF38:
 1489 00ff 4379496E 		.ascii	"CyIntEnable\000"
 1489      74456E61 
 1489      626C6500 
 1490              	.LASF23:
 1491 010b 61646472 		.ascii	"addr_table\000"
 1491      5F746162 
 1491      6C6500
 1492              	.LASF14:
 1493 0116 75696E74 		.ascii	"uint16\000"
 1493      313600
 1494              	.LASF24:
 1495 011d 64617461 		.ascii	"data_table\000"
 1495      5F746162 
 1495      6C6500
 1496              	.LASF15:
 1497 0128 75696E74 		.ascii	"uint32\000"
 1497      333200
 1498              	.LASF0:
 1499 012f 756E7369 		.ascii	"unsigned int\000"
 1499      676E6564 
 1499      20696E74 
 1499      00
 1500              	.LASF42:
 1501 013c 63796669 		.ascii	"cyfitter_cfg\000"
 1501      74746572 
 1501      5F636667 
 1501      00
 1502              	.LASF32:
 1503 0149 61646472 		.ascii	"address\000"
 1503      65737300 
 1504              	.LASF9:
 1505 0151 6C6F6E67 		.ascii	"long long unsigned int\000"
 1505      206C6F6E 
 1505      6720756E 
 1505      7369676E 
 1505      65642069 
 1506              	.LASF39:
 1507 0168 474E5520 		.ascii	"GNU C11 5.4.1 20160609 (release) [ARM/embedded-5-br"
 1507      43313120 
 1507      352E342E 
 1507      31203230 
 1507      31363036 
 1508 019b 616E6368 		.ascii	"anch revision 237715] -mcpu=cortex-m0 -mthumb -g -O"
 1508      20726576 
 1508      6973696F 
 1508      6E203233 
 1508      37373135 
 1509 01ce 67202D66 		.ascii	"g -ffunction-sections -ffat-lto-objects\000"
 1509      66756E63 
 1509      74696F6E 
 1509      2D736563 
 1509      74696F6E 
ARM GAS  C:\Users\srhi\AppData\Local\Temp\ccWmlktj.s 			page 36


 1510              	.LASF34:
 1511 01f6 6366675F 		.ascii	"cfg_memset_t\000"
 1511      6D656D73 
 1511      65745F74 
 1511      00
 1512              	.LASF25:
 1513 0203 62617365 		.ascii	"baseAddr\000"
 1513      41646472 
 1513      00
 1514              	.LASF10:
 1515 020c 73697A65 		.ascii	"sizetype\000"
 1515      74797065 
 1515      00
 1516              	.LASF6:
 1517 0215 73686F72 		.ascii	"short unsigned int\000"
 1517      7420756E 
 1517      7369676E 
 1517      65642069 
 1517      6E7400
 1518              	.LASF1:
 1519 0228 6C6F6E67 		.ascii	"long long int\000"
 1519      206C6F6E 
 1519      6720696E 
 1519      7400
 1520              	.LASF11:
 1521 0236 63686172 		.ascii	"char\000"
 1521      00
 1522              	.LASF22:
 1523 023b 63795F63 		.ascii	"cy_cfg_addrvalue_t\000"
 1523      66675F61 
 1523      64647276 
 1523      616C7565 
 1523      5F7400
 1524              	.LASF20:
 1525 024e 6F666673 		.ascii	"offset\000"
 1525      657400
 1526              	.LASF5:
 1527 0255 73686F72 		.ascii	"short int\000"
 1527      7420696E 
 1527      7400
 1528              	.LASF36:
 1529 025f 43795379 		.ascii	"CySysClkWriteImoFreq\000"
 1529      73436C6B 
 1529      57726974 
 1529      65496D6F 
 1529      46726571 
 1530              	.LASF7:
 1531 0274 6C6F6E67 		.ascii	"long int\000"
 1531      20696E74 
 1531      00
 1532              	.LASF2:
 1533 027d 6C6F6E67 		.ascii	"long double\000"
 1533      20646F75 
 1533      626C6500 
 1534              	.LASF3:
 1535 0289 7369676E 		.ascii	"signed char\000"
 1535      65642063 
ARM GAS  C:\Users\srhi\AppData\Local\Temp\ccWmlktj.s 			page 37


 1535      68617200 
 1536              	.LASF40:
 1537 0295 47656E65 		.ascii	"Generated_Source\\PSoC4\\cyfitter_cfg.c\000"
 1537      72617465 
 1537      645F536F 
 1537      75726365 
 1537      5C50536F 
 1538              	.LASF33:
 1539 02bb 73697A65 		.ascii	"size\000"
 1539      00
 1540              		.ident	"GCC: (GNU Tools for ARM Embedded Processors) 5.4.1 20160609 (release) [ARM/embedded-5-bran
