ARM GAS  C:\Users\srhi\AppData\Local\Temp\ccbWPuOv.s 			page 1


   1              		.syntax unified
   2              		.cpu cortex-m0
   3              		.fpu softvfp
   4              		.eabi_attribute 20, 1
   5              		.eabi_attribute 21, 1
   6              		.eabi_attribute 23, 3
   7              		.eabi_attribute 24, 1
   8              		.eabi_attribute 25, 1
   9              		.eabi_attribute 26, 1
  10              		.eabi_attribute 30, 1
  11              		.eabi_attribute 34, 0
  12              		.eabi_attribute 18, 4
  13              		.thumb
  14              		.syntax unified
  15              		.file	"main.c"
  16              		.text
  17              	.Ltext0:
  18              		.cfi_sections	.debug_frame
  19              		.section	.text.main,"ax",%progbits
  20              		.align	2
  21              		.global	main
  22              		.code	16
  23              		.thumb_func
  24              		.type	main, %function
  25              	main:
  26              	.LFB32:
  27              		.file 1 "main.c"
   1:main.c        **** /* ========================================
   2:main.c        **** /* ========================================
   3:main.c        ****  *
   4:main.c        ****  * Copyright YOUR COMPANY, THE YEAR
   5:main.c        ****  * All Rights Reserved
   6:main.c        ****  * UNPUBLISHED, LICENSED SOFTWARE.
   7:main.c        ****  *
   8:main.c        ****  * CONFIDENTIAL AND PROPRIETARY INFORMATION
   9:main.c        ****  * WHICH IS THE PROPERTY OF your company.
  10:main.c        ****  *
  11:main.c        ****  * ========================================
  12:main.c        **** */
  13:main.c        **** #include "project.h"
  14:main.c        **** 
  15:main.c        **** int main(void)
  16:main.c        **** {
  28              		.loc 1 16 0
  29              		.cfi_startproc
  30              		@ args = 0, pretend = 0, frame = 0
  31              		@ frame_needed = 0, uses_anonymous_args = 0
  32 0000 10B5     		push	{r4, lr}
  33              		.cfi_def_cfa_offset 8
  34              		.cfi_offset 4, -8
  35              		.cfi_offset 14, -4
  17:main.c        ****     CyGlobalIntEnable; /* Enable global interrupts. */
  36              		.loc 1 17 0
  37              		.syntax divided
  38              	@ 17 "main.c" 1
  39 0002 62B6     		CPSIE   i
  40              	@ 0 "" 2
ARM GAS  C:\Users\srhi\AppData\Local\Temp\ccbWPuOv.s 			page 2


  18:main.c        ****     LCD_Start();
  41              		.loc 1 18 0
  42              		.thumb
  43              		.syntax unified
  44 0004 FFF7FEFF 		bl	LCD_Start
  45              	.LVL0:
  46              	.L3:
  16:main.c        ****     CyGlobalIntEnable; /* Enable global interrupts. */
  47              		.loc 1 16 0
  48 0008 0024     		movs	r4, #0
  49              	.LVL1:
  50              	.L2:
  19:main.c        ****     /* Place your initialization/startup code here (e.g. MyInst_Start()) */
  20:main.c        ****     int i =0;
  21:main.c        ****     for(;;)
  22:main.c        ****     {
  23:main.c        ****         /* Place your application code here. */
  24:main.c        ****         /* Place your application code here. */
  25:main.c        ****         
  26:main.c        ****         LCD_Position(0,0);
  51              		.loc 1 26 0
  52 000a 0021     		movs	r1, #0
  53 000c 0020     		movs	r0, #0
  54 000e FFF7FEFF 		bl	LCD_Position
  55              	.LVL2:
  27:main.c        ****         
  28:main.c        ****         //LCD_PrintString("ON  ");
  29:main.c        ****         LCD_PrintNumber( Status_Register_Read());
  56              		.loc 1 29 0
  57 0012 FFF7FEFF 		bl	Status_Register_Read
  58              	.LVL3:
  59 0016 FFF7FEFF 		bl	LCD_PrintU32Number
  60              	.LVL4:
  30:main.c        ****         i++;
  61              		.loc 1 30 0
  62 001a 0134     		adds	r4, r4, #1
  63              	.LVL5:
  31:main.c        ****         if (i==1000){
  64              		.loc 1 31 0
  65 001c FA23     		movs	r3, #250
  66 001e 9B00     		lsls	r3, r3, #2
  67 0020 9C42     		cmp	r4, r3
  68 0022 F2D1     		bne	.L2
  32:main.c        ****             LCD_ClearDisplay();        
  69              		.loc 1 32 0
  70 0024 0120     		movs	r0, #1
  71 0026 FFF7FEFF 		bl	LCD_WriteControl
  72              	.LVL6:
  73 002a EDE7     		b	.L3
  74              		.cfi_endproc
  75              	.LFE32:
  76              		.size	main, .-main
  77              		.text
  78              	.Letext0:
  79              		.file 2 "Generated_Source\\PSoC4/LCD.h"
  80              		.file 3 "Generated_Source\\PSoC4/Status_Register.h"
  81              		.file 4 "Generated_Source\\PSoC4/cytypes.h"
ARM GAS  C:\Users\srhi\AppData\Local\Temp\ccbWPuOv.s 			page 3


  82              		.section	.debug_info,"",%progbits
  83              	.Ldebug_info0:
  84 0000 37010000 		.4byte	0x137
  85 0004 0400     		.2byte	0x4
  86 0006 00000000 		.4byte	.Ldebug_abbrev0
  87 000a 04       		.byte	0x4
  88 000b 01       		.uleb128 0x1
  89 000c 06010000 		.4byte	.LASF19
  90 0010 0C       		.byte	0xc
  91 0011 25000000 		.4byte	.LASF20
  92 0015 5A000000 		.4byte	.LASF21
  93 0019 00000000 		.4byte	.Ldebug_ranges0+0
  94 001d 00000000 		.4byte	0
  95 0021 00000000 		.4byte	.Ldebug_line0
  96 0025 02       		.uleb128 0x2
  97 0026 01       		.byte	0x1
  98 0027 06       		.byte	0x6
  99 0028 A7010000 		.4byte	.LASF0
 100 002c 02       		.uleb128 0x2
 101 002d 01       		.byte	0x1
 102 002e 08       		.byte	0x8
 103 002f AE000000 		.4byte	.LASF1
 104 0033 02       		.uleb128 0x2
 105 0034 02       		.byte	0x2
 106 0035 05       		.byte	0x5
 107 0036 BF010000 		.4byte	.LASF2
 108 003a 02       		.uleb128 0x2
 109 003b 02       		.byte	0x2
 110 003c 07       		.byte	0x7
 111 003d 94010000 		.4byte	.LASF3
 112 0041 02       		.uleb128 0x2
 113 0042 04       		.byte	0x4
 114 0043 05       		.byte	0x5
 115 0044 D4000000 		.4byte	.LASF4
 116 0048 02       		.uleb128 0x2
 117 0049 04       		.byte	0x4
 118 004a 07       		.byte	0x7
 119 004b 31000000 		.4byte	.LASF5
 120 004f 02       		.uleb128 0x2
 121 0050 08       		.byte	0x8
 122 0051 05       		.byte	0x5
 123 0052 00000000 		.4byte	.LASF6
 124 0056 02       		.uleb128 0x2
 125 0057 08       		.byte	0x8
 126 0058 07       		.byte	0x7
 127 0059 43000000 		.4byte	.LASF7
 128 005d 03       		.uleb128 0x3
 129 005e 04       		.byte	0x4
 130 005f 05       		.byte	0x5
 131 0060 696E7400 		.ascii	"int\000"
 132 0064 02       		.uleb128 0x2
 133 0065 04       		.byte	0x4
 134 0066 07       		.byte	0x7
 135 0067 0E000000 		.4byte	.LASF8
 136 006b 04       		.uleb128 0x4
 137 006c C9010000 		.4byte	.LASF22
 138 0070 04       		.byte	0x4
ARM GAS  C:\Users\srhi\AppData\Local\Temp\ccbWPuOv.s 			page 4


 139 0071 E501     		.2byte	0x1e5
 140 0073 3A000000 		.4byte	0x3a
 141 0077 02       		.uleb128 0x2
 142 0078 04       		.byte	0x4
 143 0079 04       		.byte	0x4
 144 007a 97000000 		.4byte	.LASF9
 145 007e 02       		.uleb128 0x2
 146 007f 08       		.byte	0x8
 147 0080 04       		.byte	0x4
 148 0081 DD000000 		.4byte	.LASF10
 149 0085 02       		.uleb128 0x2
 150 0086 01       		.byte	0x1
 151 0087 08       		.byte	0x8
 152 0088 BC000000 		.4byte	.LASF11
 153 008c 02       		.uleb128 0x2
 154 008d 08       		.byte	0x8
 155 008e 04       		.byte	0x4
 156 008f B3010000 		.4byte	.LASF12
 157 0093 02       		.uleb128 0x2
 158 0094 04       		.byte	0x4
 159 0095 07       		.byte	0x7
 160 0096 D0010000 		.4byte	.LASF13
 161 009a 05       		.uleb128 0x5
 162 009b 2C000000 		.4byte	.LASF23
 163 009f 01       		.byte	0x1
 164 00a0 0F       		.byte	0xf
 165 00a1 5D000000 		.4byte	0x5d
 166 00a5 00000000 		.4byte	.LFB32
 167 00a9 2C000000 		.4byte	.LFE32-.LFB32
 168 00ad 01       		.uleb128 0x1
 169 00ae 9C       		.byte	0x9c
 170 00af 03010000 		.4byte	0x103
 171 00b3 06       		.uleb128 0x6
 172 00b4 6900     		.ascii	"i\000"
 173 00b6 01       		.byte	0x1
 174 00b7 14       		.byte	0x14
 175 00b8 5D000000 		.4byte	0x5d
 176 00bc 00000000 		.4byte	.LLST0
 177 00c0 07       		.uleb128 0x7
 178 00c1 08000000 		.4byte	.LVL0
 179 00c5 03010000 		.4byte	0x103
 180 00c9 08       		.uleb128 0x8
 181 00ca 12000000 		.4byte	.LVL2
 182 00ce 0E010000 		.4byte	0x10e
 183 00d2 E1000000 		.4byte	0xe1
 184 00d6 09       		.uleb128 0x9
 185 00d7 01       		.uleb128 0x1
 186 00d8 50       		.byte	0x50
 187 00d9 01       		.uleb128 0x1
 188 00da 30       		.byte	0x30
 189 00db 09       		.uleb128 0x9
 190 00dc 01       		.uleb128 0x1
 191 00dd 51       		.byte	0x51
 192 00de 01       		.uleb128 0x1
 193 00df 30       		.byte	0x30
 194 00e0 00       		.byte	0
 195 00e1 07       		.uleb128 0x7
ARM GAS  C:\Users\srhi\AppData\Local\Temp\ccbWPuOv.s 			page 5


 196 00e2 16000000 		.4byte	.LVL3
 197 00e6 19010000 		.4byte	0x119
 198 00ea 07       		.uleb128 0x7
 199 00eb 1A000000 		.4byte	.LVL4
 200 00ef 24010000 		.4byte	0x124
 201 00f3 0A       		.uleb128 0xa
 202 00f4 2A000000 		.4byte	.LVL6
 203 00f8 2F010000 		.4byte	0x12f
 204 00fc 09       		.uleb128 0x9
 205 00fd 01       		.uleb128 0x1
 206 00fe 50       		.byte	0x50
 207 00ff 01       		.uleb128 0x1
 208 0100 31       		.byte	0x31
 209 0101 00       		.byte	0
 210 0102 00       		.byte	0
 211 0103 0B       		.uleb128 0xb
 212 0104 1B000000 		.4byte	.LASF14
 213 0108 1B000000 		.4byte	.LASF14
 214 010c 02       		.byte	0x2
 215 010d 38       		.byte	0x38
 216 010e 0B       		.uleb128 0xb
 217 010f E4000000 		.4byte	.LASF15
 218 0113 E4000000 		.4byte	.LASF15
 219 0117 02       		.byte	0x2
 220 0118 3D       		.byte	0x3d
 221 0119 0B       		.uleb128 0xb
 222 011a F1000000 		.4byte	.LASF16
 223 011e F1000000 		.4byte	.LASF16
 224 0122 03       		.byte	0x3
 225 0123 30       		.byte	0x30
 226 0124 0B       		.uleb128 0xb
 227 0125 C1000000 		.4byte	.LASF17
 228 0129 C1000000 		.4byte	.LASF17
 229 012d 02       		.byte	0x2
 230 012e 61       		.byte	0x61
 231 012f 0B       		.uleb128 0xb
 232 0130 9D000000 		.4byte	.LASF18
 233 0134 9D000000 		.4byte	.LASF18
 234 0138 02       		.byte	0x2
 235 0139 3A       		.byte	0x3a
 236 013a 00       		.byte	0
 237              		.section	.debug_abbrev,"",%progbits
 238              	.Ldebug_abbrev0:
 239 0000 01       		.uleb128 0x1
 240 0001 11       		.uleb128 0x11
 241 0002 01       		.byte	0x1
 242 0003 25       		.uleb128 0x25
 243 0004 0E       		.uleb128 0xe
 244 0005 13       		.uleb128 0x13
 245 0006 0B       		.uleb128 0xb
 246 0007 03       		.uleb128 0x3
 247 0008 0E       		.uleb128 0xe
 248 0009 1B       		.uleb128 0x1b
 249 000a 0E       		.uleb128 0xe
 250 000b 55       		.uleb128 0x55
 251 000c 17       		.uleb128 0x17
 252 000d 11       		.uleb128 0x11
ARM GAS  C:\Users\srhi\AppData\Local\Temp\ccbWPuOv.s 			page 6


 253 000e 01       		.uleb128 0x1
 254 000f 10       		.uleb128 0x10
 255 0010 17       		.uleb128 0x17
 256 0011 00       		.byte	0
 257 0012 00       		.byte	0
 258 0013 02       		.uleb128 0x2
 259 0014 24       		.uleb128 0x24
 260 0015 00       		.byte	0
 261 0016 0B       		.uleb128 0xb
 262 0017 0B       		.uleb128 0xb
 263 0018 3E       		.uleb128 0x3e
 264 0019 0B       		.uleb128 0xb
 265 001a 03       		.uleb128 0x3
 266 001b 0E       		.uleb128 0xe
 267 001c 00       		.byte	0
 268 001d 00       		.byte	0
 269 001e 03       		.uleb128 0x3
 270 001f 24       		.uleb128 0x24
 271 0020 00       		.byte	0
 272 0021 0B       		.uleb128 0xb
 273 0022 0B       		.uleb128 0xb
 274 0023 3E       		.uleb128 0x3e
 275 0024 0B       		.uleb128 0xb
 276 0025 03       		.uleb128 0x3
 277 0026 08       		.uleb128 0x8
 278 0027 00       		.byte	0
 279 0028 00       		.byte	0
 280 0029 04       		.uleb128 0x4
 281 002a 16       		.uleb128 0x16
 282 002b 00       		.byte	0
 283 002c 03       		.uleb128 0x3
 284 002d 0E       		.uleb128 0xe
 285 002e 3A       		.uleb128 0x3a
 286 002f 0B       		.uleb128 0xb
 287 0030 3B       		.uleb128 0x3b
 288 0031 05       		.uleb128 0x5
 289 0032 49       		.uleb128 0x49
 290 0033 13       		.uleb128 0x13
 291 0034 00       		.byte	0
 292 0035 00       		.byte	0
 293 0036 05       		.uleb128 0x5
 294 0037 2E       		.uleb128 0x2e
 295 0038 01       		.byte	0x1
 296 0039 3F       		.uleb128 0x3f
 297 003a 19       		.uleb128 0x19
 298 003b 03       		.uleb128 0x3
 299 003c 0E       		.uleb128 0xe
 300 003d 3A       		.uleb128 0x3a
 301 003e 0B       		.uleb128 0xb
 302 003f 3B       		.uleb128 0x3b
 303 0040 0B       		.uleb128 0xb
 304 0041 27       		.uleb128 0x27
 305 0042 19       		.uleb128 0x19
 306 0043 49       		.uleb128 0x49
 307 0044 13       		.uleb128 0x13
 308 0045 8701     		.uleb128 0x87
 309 0047 19       		.uleb128 0x19
ARM GAS  C:\Users\srhi\AppData\Local\Temp\ccbWPuOv.s 			page 7


 310 0048 11       		.uleb128 0x11
 311 0049 01       		.uleb128 0x1
 312 004a 12       		.uleb128 0x12
 313 004b 06       		.uleb128 0x6
 314 004c 40       		.uleb128 0x40
 315 004d 18       		.uleb128 0x18
 316 004e 9742     		.uleb128 0x2117
 317 0050 19       		.uleb128 0x19
 318 0051 01       		.uleb128 0x1
 319 0052 13       		.uleb128 0x13
 320 0053 00       		.byte	0
 321 0054 00       		.byte	0
 322 0055 06       		.uleb128 0x6
 323 0056 34       		.uleb128 0x34
 324 0057 00       		.byte	0
 325 0058 03       		.uleb128 0x3
 326 0059 08       		.uleb128 0x8
 327 005a 3A       		.uleb128 0x3a
 328 005b 0B       		.uleb128 0xb
 329 005c 3B       		.uleb128 0x3b
 330 005d 0B       		.uleb128 0xb
 331 005e 49       		.uleb128 0x49
 332 005f 13       		.uleb128 0x13
 333 0060 02       		.uleb128 0x2
 334 0061 17       		.uleb128 0x17
 335 0062 00       		.byte	0
 336 0063 00       		.byte	0
 337 0064 07       		.uleb128 0x7
 338 0065 898201   		.uleb128 0x4109
 339 0068 00       		.byte	0
 340 0069 11       		.uleb128 0x11
 341 006a 01       		.uleb128 0x1
 342 006b 31       		.uleb128 0x31
 343 006c 13       		.uleb128 0x13
 344 006d 00       		.byte	0
 345 006e 00       		.byte	0
 346 006f 08       		.uleb128 0x8
 347 0070 898201   		.uleb128 0x4109
 348 0073 01       		.byte	0x1
 349 0074 11       		.uleb128 0x11
 350 0075 01       		.uleb128 0x1
 351 0076 31       		.uleb128 0x31
 352 0077 13       		.uleb128 0x13
 353 0078 01       		.uleb128 0x1
 354 0079 13       		.uleb128 0x13
 355 007a 00       		.byte	0
 356 007b 00       		.byte	0
 357 007c 09       		.uleb128 0x9
 358 007d 8A8201   		.uleb128 0x410a
 359 0080 00       		.byte	0
 360 0081 02       		.uleb128 0x2
 361 0082 18       		.uleb128 0x18
 362 0083 9142     		.uleb128 0x2111
 363 0085 18       		.uleb128 0x18
 364 0086 00       		.byte	0
 365 0087 00       		.byte	0
 366 0088 0A       		.uleb128 0xa
ARM GAS  C:\Users\srhi\AppData\Local\Temp\ccbWPuOv.s 			page 8


 367 0089 898201   		.uleb128 0x4109
 368 008c 01       		.byte	0x1
 369 008d 11       		.uleb128 0x11
 370 008e 01       		.uleb128 0x1
 371 008f 31       		.uleb128 0x31
 372 0090 13       		.uleb128 0x13
 373 0091 00       		.byte	0
 374 0092 00       		.byte	0
 375 0093 0B       		.uleb128 0xb
 376 0094 2E       		.uleb128 0x2e
 377 0095 00       		.byte	0
 378 0096 3F       		.uleb128 0x3f
 379 0097 19       		.uleb128 0x19
 380 0098 3C       		.uleb128 0x3c
 381 0099 19       		.uleb128 0x19
 382 009a 6E       		.uleb128 0x6e
 383 009b 0E       		.uleb128 0xe
 384 009c 03       		.uleb128 0x3
 385 009d 0E       		.uleb128 0xe
 386 009e 3A       		.uleb128 0x3a
 387 009f 0B       		.uleb128 0xb
 388 00a0 3B       		.uleb128 0x3b
 389 00a1 0B       		.uleb128 0xb
 390 00a2 00       		.byte	0
 391 00a3 00       		.byte	0
 392 00a4 00       		.byte	0
 393              		.section	.debug_loc,"",%progbits
 394              	.Ldebug_loc0:
 395              	.LLST0:
 396 0000 08000000 		.4byte	.LVL0
 397 0004 0A000000 		.4byte	.LVL1
 398 0008 0200     		.2byte	0x2
 399 000a 30       		.byte	0x30
 400 000b 9F       		.byte	0x9f
 401 000c 0A000000 		.4byte	.LVL1
 402 0010 2A000000 		.4byte	.LVL6
 403 0014 0100     		.2byte	0x1
 404 0016 54       		.byte	0x54
 405 0017 2A000000 		.4byte	.LVL6
 406 001b 2C000000 		.4byte	.LFE32
 407 001f 0200     		.2byte	0x2
 408 0021 30       		.byte	0x30
 409 0022 9F       		.byte	0x9f
 410 0023 00000000 		.4byte	0
 411 0027 00000000 		.4byte	0
 412              		.section	.debug_aranges,"",%progbits
 413 0000 1C000000 		.4byte	0x1c
 414 0004 0200     		.2byte	0x2
 415 0006 00000000 		.4byte	.Ldebug_info0
 416 000a 04       		.byte	0x4
 417 000b 00       		.byte	0
 418 000c 0000     		.2byte	0
 419 000e 0000     		.2byte	0
 420 0010 00000000 		.4byte	.LFB32
 421 0014 2C000000 		.4byte	.LFE32-.LFB32
 422 0018 00000000 		.4byte	0
 423 001c 00000000 		.4byte	0
ARM GAS  C:\Users\srhi\AppData\Local\Temp\ccbWPuOv.s 			page 9


 424              		.section	.debug_ranges,"",%progbits
 425              	.Ldebug_ranges0:
 426 0000 00000000 		.4byte	.LFB32
 427 0004 2C000000 		.4byte	.LFE32
 428 0008 00000000 		.4byte	0
 429 000c 00000000 		.4byte	0
 430              		.section	.debug_line,"",%progbits
 431              	.Ldebug_line0:
 432 0000 7E000000 		.section	.debug_str,"MS",%progbits,1
 432      02005F00 
 432      00000201 
 432      FB0E0D00 
 432      01010101 
 433              	.LASF6:
 434 0000 6C6F6E67 		.ascii	"long long int\000"
 434      206C6F6E 
 434      6720696E 
 434      7400
 435              	.LASF8:
 436 000e 756E7369 		.ascii	"unsigned int\000"
 436      676E6564 
 436      20696E74 
 436      00
 437              	.LASF14:
 438 001b 4C43445F 		.ascii	"LCD_Start\000"
 438      53746172 
 438      7400
 439              	.LASF20:
 440 0025 6D61696E 		.ascii	"main.c\000"
 440      2E6300
 441              	.LASF23:
 442 002c 6D61696E 		.ascii	"main\000"
 442      00
 443              	.LASF5:
 444 0031 6C6F6E67 		.ascii	"long unsigned int\000"
 444      20756E73 
 444      69676E65 
 444      6420696E 
 444      7400
 445              	.LASF7:
 446 0043 6C6F6E67 		.ascii	"long long unsigned int\000"
 446      206C6F6E 
 446      6720756E 
 446      7369676E 
 446      65642069 
 447              	.LASF21:
 448 005a 433A5C55 		.ascii	"C:\\Users\\srhi\\Desktop\\PSOC\\L823_Status_Registe"
 448      73657273 
 448      5C737268 
 448      695C4465 
 448      736B746F 
 449 0088 725F696E 		.ascii	"r_invert.cydsn\000"
 449      76657274 
 449      2E637964 
 449      736E00
 450              	.LASF9:
 451 0097 666C6F61 		.ascii	"float\000"
ARM GAS  C:\Users\srhi\AppData\Local\Temp\ccbWPuOv.s 			page 10


 451      7400
 452              	.LASF18:
 453 009d 4C43445F 		.ascii	"LCD_WriteControl\000"
 453      57726974 
 453      65436F6E 
 453      74726F6C 
 453      00
 454              	.LASF1:
 455 00ae 756E7369 		.ascii	"unsigned char\000"
 455      676E6564 
 455      20636861 
 455      7200
 456              	.LASF11:
 457 00bc 63686172 		.ascii	"char\000"
 457      00
 458              	.LASF17:
 459 00c1 4C43445F 		.ascii	"LCD_PrintU32Number\000"
 459      5072696E 
 459      74553332 
 459      4E756D62 
 459      657200
 460              	.LASF4:
 461 00d4 6C6F6E67 		.ascii	"long int\000"
 461      20696E74 
 461      00
 462              	.LASF10:
 463 00dd 646F7562 		.ascii	"double\000"
 463      6C6500
 464              	.LASF15:
 465 00e4 4C43445F 		.ascii	"LCD_Position\000"
 465      506F7369 
 465      74696F6E 
 465      00
 466              	.LASF16:
 467 00f1 53746174 		.ascii	"Status_Register_Read\000"
 467      75735F52 
 467      65676973 
 467      7465725F 
 467      52656164 
 468              	.LASF19:
 469 0106 474E5520 		.ascii	"GNU C11 5.4.1 20160609 (release) [ARM/embedded-5-br"
 469      43313120 
 469      352E342E 
 469      31203230 
 469      31363036 
 470 0139 616E6368 		.ascii	"anch revision 237715] -mcpu=cortex-m0 -mthumb -g -O"
 470      20726576 
 470      6973696F 
 470      6E203233 
 470      37373135 
 471 016c 67202D66 		.ascii	"g -ffunction-sections -ffat-lto-objects\000"
 471      66756E63 
 471      74696F6E 
 471      2D736563 
 471      74696F6E 
 472              	.LASF3:
 473 0194 73686F72 		.ascii	"short unsigned int\000"
ARM GAS  C:\Users\srhi\AppData\Local\Temp\ccbWPuOv.s 			page 11


 473      7420756E 
 473      7369676E 
 473      65642069 
 473      6E7400
 474              	.LASF0:
 475 01a7 7369676E 		.ascii	"signed char\000"
 475      65642063 
 475      68617200 
 476              	.LASF12:
 477 01b3 6C6F6E67 		.ascii	"long double\000"
 477      20646F75 
 477      626C6500 
 478              	.LASF2:
 479 01bf 73686F72 		.ascii	"short int\000"
 479      7420696E 
 479      7400
 480              	.LASF22:
 481 01c9 75696E74 		.ascii	"uint16\000"
 481      313600
 482              	.LASF13:
 483 01d0 73697A65 		.ascii	"sizetype\000"
 483      74797065 
 483      00
 484              		.ident	"GCC: (GNU Tools for ARM Embedded Processors) 5.4.1 20160609 (release) [ARM/embedded-5-bran
