ARM GAS  C:\Users\Shashwat\AppData\Local\Temp\ccsjkO7I.s 			page 1


   1              		.syntax unified
   2              		.cpu cortex-m0
   3              		.fpu softvfp
   4              		.eabi_attribute 20, 1
   5              		.eabi_attribute 21, 1
   6              		.eabi_attribute 23, 3
   7              		.eabi_attribute 24, 1
   8              		.eabi_attribute 25, 1
   9              		.eabi_attribute 26, 1
  10              		.eabi_attribute 30, 1
  11              		.eabi_attribute 34, 0
  12              		.eabi_attribute 18, 4
  13              		.thumb
  14              		.syntax unified
  15              		.file	"cyfitter_cfg.c"
  16              		.text
  17              	.Ltext0:
  18              		.cfi_sections	.debug_frame
  19              		.section	.text.cfg_write_bytes32,"ax",%progbits
  20              		.align	2
  21              		.code	16
  22              		.thumb_func
  23              		.type	cfg_write_bytes32, %function
  24              	cfg_write_bytes32:
  25              	.LFB3:
  26              		.file 1 "Generated_Source\\PSoC4\\cyfitter_cfg.c"
   1:Generated_Source\PSoC4/cyfitter_cfg.c **** 
   2:Generated_Source\PSoC4/cyfitter_cfg.c **** /*******************************************************************************
   3:Generated_Source\PSoC4/cyfitter_cfg.c **** * File Name: cyfitter_cfg.c
   4:Generated_Source\PSoC4/cyfitter_cfg.c **** * 
   5:Generated_Source\PSoC4/cyfitter_cfg.c **** * PSoC Creator  4.2
   6:Generated_Source\PSoC4/cyfitter_cfg.c **** *
   7:Generated_Source\PSoC4/cyfitter_cfg.c **** * Description:
   8:Generated_Source\PSoC4/cyfitter_cfg.c **** * This file contains device initialization code.
   9:Generated_Source\PSoC4/cyfitter_cfg.c **** * Except for the user defined sections in CyClockStartupError(), this file should not be modified.
  10:Generated_Source\PSoC4/cyfitter_cfg.c **** * This file is automatically generated by PSoC Creator.
  11:Generated_Source\PSoC4/cyfitter_cfg.c **** *
  12:Generated_Source\PSoC4/cyfitter_cfg.c **** ********************************************************************************
  13:Generated_Source\PSoC4/cyfitter_cfg.c **** * Copyright (c) 2007-2018 Cypress Semiconductor.  All rights reserved.
  14:Generated_Source\PSoC4/cyfitter_cfg.c **** * You may use this file only in accordance with the license, terms, conditions, 
  15:Generated_Source\PSoC4/cyfitter_cfg.c **** * disclaimers, and limitations in the end user license agreement accompanying 
  16:Generated_Source\PSoC4/cyfitter_cfg.c **** * the software package with which this file was provided.
  17:Generated_Source\PSoC4/cyfitter_cfg.c **** ********************************************************************************/
  18:Generated_Source\PSoC4/cyfitter_cfg.c **** 
  19:Generated_Source\PSoC4/cyfitter_cfg.c **** #include <string.h>
  20:Generated_Source\PSoC4/cyfitter_cfg.c **** #include "cytypes.h"
  21:Generated_Source\PSoC4/cyfitter_cfg.c **** #include "cydevice_trm.h"
  22:Generated_Source\PSoC4/cyfitter_cfg.c **** #include "cyfitter.h"
  23:Generated_Source\PSoC4/cyfitter_cfg.c **** #include "CyLib.h"
  24:Generated_Source\PSoC4/cyfitter_cfg.c **** #include "CyLFClk.h"
  25:Generated_Source\PSoC4/cyfitter_cfg.c **** #include "cyfitter_cfg.h"
  26:Generated_Source\PSoC4/cyfitter_cfg.c **** #include "cyapicallbacks.h"
  27:Generated_Source\PSoC4/cyfitter_cfg.c **** 
  28:Generated_Source\PSoC4/cyfitter_cfg.c **** 
  29:Generated_Source\PSoC4/cyfitter_cfg.c **** #if defined(__GNUC__) || defined(__ARMCC_VERSION)
  30:Generated_Source\PSoC4/cyfitter_cfg.c ****     #define CYPACKED 
  31:Generated_Source\PSoC4/cyfitter_cfg.c ****     #define CYPACKED_ATTR __attribute__ ((packed))
ARM GAS  C:\Users\Shashwat\AppData\Local\Temp\ccsjkO7I.s 			page 2


  32:Generated_Source\PSoC4/cyfitter_cfg.c ****     #define CYALIGNED __attribute__ ((aligned))
  33:Generated_Source\PSoC4/cyfitter_cfg.c ****     #define CY_CFG_UNUSED __attribute__ ((unused))
  34:Generated_Source\PSoC4/cyfitter_cfg.c ****     #ifndef CY_CFG_SECTION
  35:Generated_Source\PSoC4/cyfitter_cfg.c ****         #define CY_CFG_SECTION __attribute__ ((section(".psocinit")))
  36:Generated_Source\PSoC4/cyfitter_cfg.c ****     #endif
  37:Generated_Source\PSoC4/cyfitter_cfg.c ****     
  38:Generated_Source\PSoC4/cyfitter_cfg.c ****     #if defined(__ARMCC_VERSION)
  39:Generated_Source\PSoC4/cyfitter_cfg.c ****         #define CY_CFG_MEMORY_BARRIER() __memory_changed()
  40:Generated_Source\PSoC4/cyfitter_cfg.c ****     #else
  41:Generated_Source\PSoC4/cyfitter_cfg.c ****         #define CY_CFG_MEMORY_BARRIER() __sync_synchronize()
  42:Generated_Source\PSoC4/cyfitter_cfg.c ****     #endif
  43:Generated_Source\PSoC4/cyfitter_cfg.c ****     
  44:Generated_Source\PSoC4/cyfitter_cfg.c **** #elif defined(__ICCARM__)
  45:Generated_Source\PSoC4/cyfitter_cfg.c ****     #include <intrinsics.h>
  46:Generated_Source\PSoC4/cyfitter_cfg.c **** 
  47:Generated_Source\PSoC4/cyfitter_cfg.c ****     #define CYPACKED __packed
  48:Generated_Source\PSoC4/cyfitter_cfg.c ****     #define CYPACKED_ATTR 
  49:Generated_Source\PSoC4/cyfitter_cfg.c ****     #define CYALIGNED _Pragma("data_alignment=4")
  50:Generated_Source\PSoC4/cyfitter_cfg.c ****     #define CY_CFG_UNUSED _Pragma("diag_suppress=Pe177")
  51:Generated_Source\PSoC4/cyfitter_cfg.c ****     #define CY_CFG_SECTION _Pragma("location=\".psocinit\"")
  52:Generated_Source\PSoC4/cyfitter_cfg.c ****     
  53:Generated_Source\PSoC4/cyfitter_cfg.c ****     #define CY_CFG_MEMORY_BARRIER() __DMB()
  54:Generated_Source\PSoC4/cyfitter_cfg.c ****     
  55:Generated_Source\PSoC4/cyfitter_cfg.c **** #else
  56:Generated_Source\PSoC4/cyfitter_cfg.c ****     #error Unsupported toolchain
  57:Generated_Source\PSoC4/cyfitter_cfg.c **** #endif
  58:Generated_Source\PSoC4/cyfitter_cfg.c **** 
  59:Generated_Source\PSoC4/cyfitter_cfg.c **** #ifndef CYCODE
  60:Generated_Source\PSoC4/cyfitter_cfg.c ****     #define CYCODE
  61:Generated_Source\PSoC4/cyfitter_cfg.c **** #endif
  62:Generated_Source\PSoC4/cyfitter_cfg.c **** #ifndef CYDATA
  63:Generated_Source\PSoC4/cyfitter_cfg.c ****     #define CYDATA
  64:Generated_Source\PSoC4/cyfitter_cfg.c **** #endif
  65:Generated_Source\PSoC4/cyfitter_cfg.c **** #ifndef CYFAR
  66:Generated_Source\PSoC4/cyfitter_cfg.c ****     #define CYFAR
  67:Generated_Source\PSoC4/cyfitter_cfg.c **** #endif
  68:Generated_Source\PSoC4/cyfitter_cfg.c **** #ifndef CYXDATA
  69:Generated_Source\PSoC4/cyfitter_cfg.c ****     #define CYXDATA
  70:Generated_Source\PSoC4/cyfitter_cfg.c **** #endif
  71:Generated_Source\PSoC4/cyfitter_cfg.c **** 
  72:Generated_Source\PSoC4/cyfitter_cfg.c **** 
  73:Generated_Source\PSoC4/cyfitter_cfg.c **** CY_CFG_UNUSED
  74:Generated_Source\PSoC4/cyfitter_cfg.c **** static void CYMEMZERO(void *s, size_t n);
  75:Generated_Source\PSoC4/cyfitter_cfg.c **** CY_CFG_UNUSED
  76:Generated_Source\PSoC4/cyfitter_cfg.c **** static void CYMEMZERO(void *s, size_t n)
  77:Generated_Source\PSoC4/cyfitter_cfg.c **** {
  78:Generated_Source\PSoC4/cyfitter_cfg.c **** 	(void)memset(s, 0, n);
  79:Generated_Source\PSoC4/cyfitter_cfg.c **** }
  80:Generated_Source\PSoC4/cyfitter_cfg.c **** CY_CFG_UNUSED
  81:Generated_Source\PSoC4/cyfitter_cfg.c **** static void CYCONFIGCPY(void *dest, const void *src, size_t n);
  82:Generated_Source\PSoC4/cyfitter_cfg.c **** CY_CFG_UNUSED
  83:Generated_Source\PSoC4/cyfitter_cfg.c **** static void CYCONFIGCPY(void *dest, const void *src, size_t n)
  84:Generated_Source\PSoC4/cyfitter_cfg.c **** {
  85:Generated_Source\PSoC4/cyfitter_cfg.c **** 	(void)memcpy(dest, src, n);
  86:Generated_Source\PSoC4/cyfitter_cfg.c **** }
  87:Generated_Source\PSoC4/cyfitter_cfg.c **** CY_CFG_UNUSED
  88:Generated_Source\PSoC4/cyfitter_cfg.c **** static void CYCONFIGCPYCODE(void *dest, const void *src, size_t n);
ARM GAS  C:\Users\Shashwat\AppData\Local\Temp\ccsjkO7I.s 			page 3


  89:Generated_Source\PSoC4/cyfitter_cfg.c **** CY_CFG_UNUSED
  90:Generated_Source\PSoC4/cyfitter_cfg.c **** static void CYCONFIGCPYCODE(void *dest, const void *src, size_t n)
  91:Generated_Source\PSoC4/cyfitter_cfg.c **** {
  92:Generated_Source\PSoC4/cyfitter_cfg.c **** 	(void)memcpy(dest, src, n);
  93:Generated_Source\PSoC4/cyfitter_cfg.c **** }
  94:Generated_Source\PSoC4/cyfitter_cfg.c **** 
  95:Generated_Source\PSoC4/cyfitter_cfg.c **** 
  96:Generated_Source\PSoC4/cyfitter_cfg.c **** 
  97:Generated_Source\PSoC4/cyfitter_cfg.c **** 
  98:Generated_Source\PSoC4/cyfitter_cfg.c **** /* Clock startup error codes                                                   */
  99:Generated_Source\PSoC4/cyfitter_cfg.c **** #define CYCLOCKSTART_NO_ERROR    0u
 100:Generated_Source\PSoC4/cyfitter_cfg.c **** #define CYCLOCKSTART_XTAL_ERROR  1u
 101:Generated_Source\PSoC4/cyfitter_cfg.c **** #define CYCLOCKSTART_32KHZ_ERROR 2u
 102:Generated_Source\PSoC4/cyfitter_cfg.c **** #define CYCLOCKSTART_PLL_ERROR   3u
 103:Generated_Source\PSoC4/cyfitter_cfg.c **** #define CYCLOCKSTART_FLL_ERROR   4u
 104:Generated_Source\PSoC4/cyfitter_cfg.c **** #define CYCLOCKSTART_WCO_ERROR   5u
 105:Generated_Source\PSoC4/cyfitter_cfg.c **** 
 106:Generated_Source\PSoC4/cyfitter_cfg.c **** 
 107:Generated_Source\PSoC4/cyfitter_cfg.c **** #ifdef CY_NEED_CYCLOCKSTARTUPERROR
 108:Generated_Source\PSoC4/cyfitter_cfg.c **** /*******************************************************************************
 109:Generated_Source\PSoC4/cyfitter_cfg.c **** * Function Name: CyClockStartupError
 110:Generated_Source\PSoC4/cyfitter_cfg.c **** ********************************************************************************
 111:Generated_Source\PSoC4/cyfitter_cfg.c **** * Summary:
 112:Generated_Source\PSoC4/cyfitter_cfg.c **** *  If an error is encountered during clock configuration (crystal startup error,
 113:Generated_Source\PSoC4/cyfitter_cfg.c **** *  PLL lock error, etc.), the system will end up here.  Unless reimplemented by
 114:Generated_Source\PSoC4/cyfitter_cfg.c **** *  the customer, this function will stop in an infinite loop.
 115:Generated_Source\PSoC4/cyfitter_cfg.c **** *
 116:Generated_Source\PSoC4/cyfitter_cfg.c **** * Parameters:
 117:Generated_Source\PSoC4/cyfitter_cfg.c **** *   void
 118:Generated_Source\PSoC4/cyfitter_cfg.c **** *
 119:Generated_Source\PSoC4/cyfitter_cfg.c **** * Return:
 120:Generated_Source\PSoC4/cyfitter_cfg.c **** *   void
 121:Generated_Source\PSoC4/cyfitter_cfg.c **** *
 122:Generated_Source\PSoC4/cyfitter_cfg.c **** *******************************************************************************/
 123:Generated_Source\PSoC4/cyfitter_cfg.c **** CY_CFG_UNUSED
 124:Generated_Source\PSoC4/cyfitter_cfg.c **** static void CyClockStartupError(uint8 errorCode);
 125:Generated_Source\PSoC4/cyfitter_cfg.c **** CY_CFG_UNUSED
 126:Generated_Source\PSoC4/cyfitter_cfg.c **** static void CyClockStartupError(uint8 errorCode)
 127:Generated_Source\PSoC4/cyfitter_cfg.c **** {
 128:Generated_Source\PSoC4/cyfitter_cfg.c ****     /* To remove the compiler warning if errorCode not used.                */
 129:Generated_Source\PSoC4/cyfitter_cfg.c ****     errorCode = errorCode;
 130:Generated_Source\PSoC4/cyfitter_cfg.c **** 
 131:Generated_Source\PSoC4/cyfitter_cfg.c ****     /* If we have a clock startup error (bad MHz crystal, PLL lock, etc.),  */
 132:Generated_Source\PSoC4/cyfitter_cfg.c ****     /* we will end up here to allow the customer to implement something to  */
 133:Generated_Source\PSoC4/cyfitter_cfg.c ****     /* deal with the clock condition.                                       */
 134:Generated_Source\PSoC4/cyfitter_cfg.c **** 
 135:Generated_Source\PSoC4/cyfitter_cfg.c **** #ifdef CY_CFG_CLOCK_STARTUP_ERROR_CALLBACK
 136:Generated_Source\PSoC4/cyfitter_cfg.c ****     CY_CFG_Clock_Startup_ErrorCallback();
 137:Generated_Source\PSoC4/cyfitter_cfg.c **** #else
 138:Generated_Source\PSoC4/cyfitter_cfg.c ****     /*  If not using CY_CFG_CLOCK_STARTUP_ERROR_CALLBACK, place your clock startup code here. */
 139:Generated_Source\PSoC4/cyfitter_cfg.c ****     /* `#START CyClockStartupError` */
 140:Generated_Source\PSoC4/cyfitter_cfg.c **** 
 141:Generated_Source\PSoC4/cyfitter_cfg.c **** 
 142:Generated_Source\PSoC4/cyfitter_cfg.c **** 
 143:Generated_Source\PSoC4/cyfitter_cfg.c ****     /* `#END` */
 144:Generated_Source\PSoC4/cyfitter_cfg.c **** 
 145:Generated_Source\PSoC4/cyfitter_cfg.c ****     while(1) {}
ARM GAS  C:\Users\Shashwat\AppData\Local\Temp\ccsjkO7I.s 			page 4


 146:Generated_Source\PSoC4/cyfitter_cfg.c **** #endif /* CY_CFG_CLOCK_STARTUP_ERROR_CALLBACK */
 147:Generated_Source\PSoC4/cyfitter_cfg.c **** }
 148:Generated_Source\PSoC4/cyfitter_cfg.c **** #endif
 149:Generated_Source\PSoC4/cyfitter_cfg.c **** 
 150:Generated_Source\PSoC4/cyfitter_cfg.c **** #define CY_CFG_BASE_ADDR_COUNT 6u
 151:Generated_Source\PSoC4/cyfitter_cfg.c **** CYPACKED typedef struct
 152:Generated_Source\PSoC4/cyfitter_cfg.c **** {
 153:Generated_Source\PSoC4/cyfitter_cfg.c **** 	uint8 offset;
 154:Generated_Source\PSoC4/cyfitter_cfg.c **** 	uint8 value;
 155:Generated_Source\PSoC4/cyfitter_cfg.c **** } CYPACKED_ATTR cy_cfg_addrvalue_t;
 156:Generated_Source\PSoC4/cyfitter_cfg.c **** 
 157:Generated_Source\PSoC4/cyfitter_cfg.c **** 
 158:Generated_Source\PSoC4/cyfitter_cfg.c **** 
 159:Generated_Source\PSoC4/cyfitter_cfg.c **** /*******************************************************************************
 160:Generated_Source\PSoC4/cyfitter_cfg.c **** * Function Name: cfg_write_bytes32
 161:Generated_Source\PSoC4/cyfitter_cfg.c **** ********************************************************************************
 162:Generated_Source\PSoC4/cyfitter_cfg.c **** * Summary:
 163:Generated_Source\PSoC4/cyfitter_cfg.c **** *  This function is used for setting up the chip configuration areas that
 164:Generated_Source\PSoC4/cyfitter_cfg.c **** *  contain relatively sparse data.
 165:Generated_Source\PSoC4/cyfitter_cfg.c **** *
 166:Generated_Source\PSoC4/cyfitter_cfg.c **** * Parameters:
 167:Generated_Source\PSoC4/cyfitter_cfg.c **** *   void
 168:Generated_Source\PSoC4/cyfitter_cfg.c **** *
 169:Generated_Source\PSoC4/cyfitter_cfg.c **** * Return:
 170:Generated_Source\PSoC4/cyfitter_cfg.c **** *   void
 171:Generated_Source\PSoC4/cyfitter_cfg.c **** *
 172:Generated_Source\PSoC4/cyfitter_cfg.c **** *******************************************************************************/
 173:Generated_Source\PSoC4/cyfitter_cfg.c **** static void cfg_write_bytes32(const uint32 addr_table[], const cy_cfg_addrvalue_t data_table[]);
 174:Generated_Source\PSoC4/cyfitter_cfg.c **** static void cfg_write_bytes32(const uint32 addr_table[], const cy_cfg_addrvalue_t data_table[])
 175:Generated_Source\PSoC4/cyfitter_cfg.c **** {
  27              		.loc 1 175 0
  28              		.cfi_startproc
  29              		@ args = 0, pretend = 0, frame = 0
  30              		@ frame_needed = 0, uses_anonymous_args = 0
  31              	.LVL0:
  32 0000 F0B5     		push	{r4, r5, r6, r7, lr}
  33              		.cfi_def_cfa_offset 20
  34              		.cfi_offset 4, -20
  35              		.cfi_offset 5, -16
  36              		.cfi_offset 6, -12
  37              		.cfi_offset 7, -8
  38              		.cfi_offset 14, -4
  39              	.LVL1:
 176:Generated_Source\PSoC4/cyfitter_cfg.c **** 	/* For 32-bit little-endian architectures */
 177:Generated_Source\PSoC4/cyfitter_cfg.c **** 	uint32 i, j = 0u;
  40              		.loc 1 177 0
  41 0002 0025     		movs	r5, #0
 178:Generated_Source\PSoC4/cyfitter_cfg.c **** 	for (i = 0u; i < CY_CFG_BASE_ADDR_COUNT; i++)
  42              		.loc 1 178 0
  43 0004 0027     		movs	r7, #0
  44 0006 11E0     		b	.L2
  45              	.LVL2:
  46              	.L5:
  47              	.LBB2:
 179:Generated_Source\PSoC4/cyfitter_cfg.c **** 	{
 180:Generated_Source\PSoC4/cyfitter_cfg.c **** 		uint32 baseAddr = addr_table[i];
  48              		.loc 1 180 0
ARM GAS  C:\Users\Shashwat\AppData\Local\Temp\ccsjkO7I.s 			page 5


  49 0008 BB00     		lsls	r3, r7, #2
  50 000a C658     		ldr	r6, [r0, r3]
  51              	.LVL3:
 181:Generated_Source\PSoC4/cyfitter_cfg.c **** 		uint8 count = (uint8)baseAddr;
  52              		.loc 1 181 0
  53 000c F3B2     		uxtb	r3, r6
  54              	.LVL4:
 182:Generated_Source\PSoC4/cyfitter_cfg.c **** 		baseAddr &= 0xFFFFFF00u;
  55              		.loc 1 182 0
  56 000e FF22     		movs	r2, #255
  57 0010 9643     		bics	r6, r2
  58              	.LVL5:
 183:Generated_Source\PSoC4/cyfitter_cfg.c **** 		while (count != 0u)
  59              		.loc 1 183 0
  60 0012 08E0     		b	.L3
  61              	.L4:
 184:Generated_Source\PSoC4/cyfitter_cfg.c **** 		{
 185:Generated_Source\PSoC4/cyfitter_cfg.c **** 			CY_SET_REG8((void *)(baseAddr + data_table[j].offset), data_table[j].value);
  62              		.loc 1 185 0
  63 0014 6A00     		lsls	r2, r5, #1
  64 0016 8A18     		adds	r2, r1, r2
  65 0018 1478     		ldrb	r4, [r2]
  66 001a A419     		adds	r4, r4, r6
  67 001c 5278     		ldrb	r2, [r2, #1]
  68 001e 2270     		strb	r2, [r4]
 186:Generated_Source\PSoC4/cyfitter_cfg.c **** 			j++;
  69              		.loc 1 186 0
  70 0020 0135     		adds	r5, r5, #1
  71              	.LVL6:
 187:Generated_Source\PSoC4/cyfitter_cfg.c **** 			count--;
  72              		.loc 1 187 0
  73 0022 013B     		subs	r3, r3, #1
  74              	.LVL7:
  75 0024 DBB2     		uxtb	r3, r3
  76              	.LVL8:
  77              	.L3:
 183:Generated_Source\PSoC4/cyfitter_cfg.c **** 		{
  78              		.loc 1 183 0
  79 0026 002B     		cmp	r3, #0
  80 0028 F4D1     		bne	.L4
  81              	.LBE2:
 178:Generated_Source\PSoC4/cyfitter_cfg.c **** 	{
  82              		.loc 1 178 0 discriminator 2
  83 002a 0137     		adds	r7, r7, #1
  84              	.LVL9:
  85              	.L2:
 178:Generated_Source\PSoC4/cyfitter_cfg.c **** 	{
  86              		.loc 1 178 0 is_stmt 0 discriminator 1
  87 002c 052F     		cmp	r7, #5
  88 002e EBD9     		bls	.L5
 188:Generated_Source\PSoC4/cyfitter_cfg.c **** 		}
 189:Generated_Source\PSoC4/cyfitter_cfg.c **** 	}
 190:Generated_Source\PSoC4/cyfitter_cfg.c **** }
  89              		.loc 1 190 0 is_stmt 1
  90              		@ sp needed
  91              	.LVL10:
  92              	.LVL11:
ARM GAS  C:\Users\Shashwat\AppData\Local\Temp\ccsjkO7I.s 			page 6


  93 0030 F0BD     		pop	{r4, r5, r6, r7, pc}
  94              		.cfi_endproc
  95              	.LFE3:
  96              		.size	cfg_write_bytes32, .-cfg_write_bytes32
  97 0032 C046     		.section	.text.CYMEMZERO,"ax",%progbits
  98              		.align	2
  99              		.code	16
 100              		.thumb_func
 101              		.type	CYMEMZERO, %function
 102              	CYMEMZERO:
 103              	.LFB0:
  77:Generated_Source\PSoC4/cyfitter_cfg.c **** 	(void)memset(s, 0, n);
 104              		.loc 1 77 0
 105              		.cfi_startproc
 106              		@ args = 0, pretend = 0, frame = 0
 107              		@ frame_needed = 0, uses_anonymous_args = 0
 108              	.LVL12:
 109 0000 10B5     		push	{r4, lr}
 110              		.cfi_def_cfa_offset 8
 111              		.cfi_offset 4, -8
 112              		.cfi_offset 14, -4
 113 0002 0A00     		movs	r2, r1
  78:Generated_Source\PSoC4/cyfitter_cfg.c **** }
 114              		.loc 1 78 0
 115 0004 0021     		movs	r1, #0
 116              	.LVL13:
 117 0006 FFF7FEFF 		bl	memset
 118              	.LVL14:
  79:Generated_Source\PSoC4/cyfitter_cfg.c **** CY_CFG_UNUSED
 119              		.loc 1 79 0
 120              		@ sp needed
 121 000a 10BD     		pop	{r4, pc}
 122              		.cfi_endproc
 123              	.LFE0:
 124              		.size	CYMEMZERO, .-CYMEMZERO
 125              		.section	.psocinit,"ax",%progbits
 126              		.align	2
 127              		.code	16
 128              		.thumb_func
 129              		.type	ClockSetup, %function
 130              	ClockSetup:
 131              	.LFB4:
 191:Generated_Source\PSoC4/cyfitter_cfg.c **** 
 192:Generated_Source\PSoC4/cyfitter_cfg.c **** 
 193:Generated_Source\PSoC4/cyfitter_cfg.c **** /*******************************************************************************
 194:Generated_Source\PSoC4/cyfitter_cfg.c **** * Function Name: ClockSetup
 195:Generated_Source\PSoC4/cyfitter_cfg.c **** ********************************************************************************
 196:Generated_Source\PSoC4/cyfitter_cfg.c **** *
 197:Generated_Source\PSoC4/cyfitter_cfg.c **** * Summary:
 198:Generated_Source\PSoC4/cyfitter_cfg.c **** *   Performs the initialization of all of the clocks in the device based on the
 199:Generated_Source\PSoC4/cyfitter_cfg.c **** *   settings in the Clock tab of the DWR.  This includes enabling the requested
 200:Generated_Source\PSoC4/cyfitter_cfg.c **** *   clocks and setting the necessary dividers to produce the desired frequency. 
 201:Generated_Source\PSoC4/cyfitter_cfg.c **** *
 202:Generated_Source\PSoC4/cyfitter_cfg.c **** * Parameters:
 203:Generated_Source\PSoC4/cyfitter_cfg.c **** *   void
 204:Generated_Source\PSoC4/cyfitter_cfg.c **** *
 205:Generated_Source\PSoC4/cyfitter_cfg.c **** * Return:
ARM GAS  C:\Users\Shashwat\AppData\Local\Temp\ccsjkO7I.s 			page 7


 206:Generated_Source\PSoC4/cyfitter_cfg.c **** *   void
 207:Generated_Source\PSoC4/cyfitter_cfg.c **** *
 208:Generated_Source\PSoC4/cyfitter_cfg.c **** *******************************************************************************/
 209:Generated_Source\PSoC4/cyfitter_cfg.c **** static void ClockSetup(void);
 210:Generated_Source\PSoC4/cyfitter_cfg.c **** CY_CFG_SECTION
 211:Generated_Source\PSoC4/cyfitter_cfg.c **** static void ClockSetup(void)
 212:Generated_Source\PSoC4/cyfitter_cfg.c **** {
 132              		.loc 1 212 0
 133              		.cfi_startproc
 134              		@ args = 0, pretend = 0, frame = 0
 135              		@ frame_needed = 0, uses_anonymous_args = 0
 136 0000 70B5     		push	{r4, r5, r6, lr}
 137              		.cfi_def_cfa_offset 16
 138              		.cfi_offset 4, -16
 139              		.cfi_offset 5, -12
 140              		.cfi_offset 6, -8
 141              		.cfi_offset 14, -4
 213:Generated_Source\PSoC4/cyfitter_cfg.c **** 	/* Enable HALF_EN before trimming for the flash accelerator. */
 214:Generated_Source\PSoC4/cyfitter_cfg.c **** 	CY_SET_REG32((void CYXDATA *)(CYREG_CLK_SELECT), (CY_GET_REG32((void *)CYREG_CLK_SELECT) | 0x00040
 142              		.loc 1 214 0
 143 0002 144C     		ldr	r4, .L8
 144 0004 2368     		ldr	r3, [r4]
 145 0006 8022     		movs	r2, #128
 146 0008 D202     		lsls	r2, r2, #11
 147 000a 1343     		orrs	r3, r2
 148 000c 2360     		str	r3, [r4]
 215:Generated_Source\PSoC4/cyfitter_cfg.c **** 
 216:Generated_Source\PSoC4/cyfitter_cfg.c **** 	/* Setup and trim IMO based on desired frequency. */
 217:Generated_Source\PSoC4/cyfitter_cfg.c **** 	CySysClkWriteImoFreq(24u);
 149              		.loc 1 217 0
 150 000e 1820     		movs	r0, #24
 151 0010 FFF7FEFF 		bl	CySysClkWriteImoFreq
 152              	.LVL15:
 218:Generated_Source\PSoC4/cyfitter_cfg.c **** 
 219:Generated_Source\PSoC4/cyfitter_cfg.c **** 	/* Disable HALF_EN since it is not required at this IMO frequency. */
 220:Generated_Source\PSoC4/cyfitter_cfg.c **** 	CY_SET_REG32((void CYXDATA *)(CYREG_CLK_SELECT), (CY_GET_REG32((void *)CYREG_CLK_SELECT) & 0xFFFBF
 153              		.loc 1 220 0
 154 0014 2268     		ldr	r2, [r4]
 155 0016 104B     		ldr	r3, .L8+4
 156 0018 1340     		ands	r3, r2
 157 001a 2360     		str	r3, [r4]
 221:Generated_Source\PSoC4/cyfitter_cfg.c **** 	/* CYDEV_CLK_ILO_CONFIG Starting address: CYDEV_CLK_ILO_CONFIG */
 222:Generated_Source\PSoC4/cyfitter_cfg.c **** 	CY_SET_REG32((void *)(CYREG_CLK_ILO_CONFIG), 0x80000006u);
 158              		.loc 1 222 0
 159 001c 0F4A     		ldr	r2, .L8+8
 160 001e 104B     		ldr	r3, .L8+12
 161 0020 1A60     		str	r2, [r3]
 223:Generated_Source\PSoC4/cyfitter_cfg.c **** 
 224:Generated_Source\PSoC4/cyfitter_cfg.c **** 
 225:Generated_Source\PSoC4/cyfitter_cfg.c **** 	/* CYDEV_CLK_SELECT00 Starting address: CYDEV_CLK_SELECT00 */
 226:Generated_Source\PSoC4/cyfitter_cfg.c **** 	CY_SET_REG32((void *)(CYREG_CLK_SELECT12), 0x00000020u);
 162              		.loc 1 226 0
 163 0022 2022     		movs	r2, #32
 164 0024 0F4B     		ldr	r3, .L8+16
 165 0026 1A60     		str	r2, [r3]
 227:Generated_Source\PSoC4/cyfitter_cfg.c **** 
 228:Generated_Source\PSoC4/cyfitter_cfg.c **** 	/* CYDEV_CLK_IMO_CONFIG Starting address: CYDEV_CLK_IMO_CONFIG */
ARM GAS  C:\Users\Shashwat\AppData\Local\Temp\ccsjkO7I.s 			page 8


 229:Generated_Source\PSoC4/cyfitter_cfg.c **** 	CY_SET_REG32((void *)(CYREG_CLK_IMO_CONFIG), 0x80000000u);
 166              		.loc 1 229 0
 167 0028 8022     		movs	r2, #128
 168 002a 1206     		lsls	r2, r2, #24
 169 002c 0E4B     		ldr	r3, .L8+20
 170 002e 1A60     		str	r2, [r3]
 230:Generated_Source\PSoC4/cyfitter_cfg.c **** 
 231:Generated_Source\PSoC4/cyfitter_cfg.c **** 	/* CYDEV_CLK_SELECT Starting address: CYDEV_CLK_SELECT */
 232:Generated_Source\PSoC4/cyfitter_cfg.c **** 	CY_SET_REG32((void *)(CYREG_CLK_SELECT), 0x00000000u);
 171              		.loc 1 232 0
 172 0030 0025     		movs	r5, #0
 173 0032 2560     		str	r5, [r4]
 233:Generated_Source\PSoC4/cyfitter_cfg.c **** 
 234:Generated_Source\PSoC4/cyfitter_cfg.c **** 	/* CYDEV_CLK_DIVIDER_A00 Starting address: CYDEV_CLK_DIVIDER_A00 */
 235:Generated_Source\PSoC4/cyfitter_cfg.c **** 	CY_SET_REG32((void *)(CYREG_CLK_DIVIDER_A00), 0x8000063Fu);
 174              		.loc 1 235 0
 175 0034 0D4A     		ldr	r2, .L8+24
 176 0036 0E4B     		ldr	r3, .L8+28
 177 0038 1A60     		str	r2, [r3]
 236:Generated_Source\PSoC4/cyfitter_cfg.c **** 
 237:Generated_Source\PSoC4/cyfitter_cfg.c **** 	/* CYDEV_CLK_DIVIDER_B00 Starting address: CYDEV_CLK_DIVIDER_B00 */
 238:Generated_Source\PSoC4/cyfitter_cfg.c **** 	CY_SET_REG32((void *)(CYREG_CLK_DIVIDER_B00), 0xC00005DBu);
 178              		.loc 1 238 0
 179 003a 0E4A     		ldr	r2, .L8+32
 180 003c 0E4B     		ldr	r3, .L8+36
 181 003e 1A60     		str	r2, [r3]
 239:Generated_Source\PSoC4/cyfitter_cfg.c **** 
 240:Generated_Source\PSoC4/cyfitter_cfg.c **** 	(void)CyIntSetVector(9u, &CySysWdtIsr);
 182              		.loc 1 240 0
 183 0040 0E49     		ldr	r1, .L8+40
 184 0042 0920     		movs	r0, #9
 185 0044 FFF7FEFF 		bl	CyIntSetVector
 186              	.LVL16:
 241:Generated_Source\PSoC4/cyfitter_cfg.c **** 	CyIntEnable(9u);
 187              		.loc 1 241 0
 188 0048 0920     		movs	r0, #9
 189 004a FFF7FEFF 		bl	CyIntEnable
 190              	.LVL17:
 242:Generated_Source\PSoC4/cyfitter_cfg.c **** 	CY_SET_REG32((void *)(CYREG_WDT_CONFIG), 0x00000000u);
 191              		.loc 1 242 0
 192 004e 0C4B     		ldr	r3, .L8+44
 193 0050 1D60     		str	r5, [r3]
 243:Generated_Source\PSoC4/cyfitter_cfg.c **** }
 194              		.loc 1 243 0
 195              		@ sp needed
 196 0052 70BD     		pop	{r4, r5, r6, pc}
 197              	.L9:
 198              		.align	2
 199              	.L8:
 200 0054 00010B40 		.word	1074462976
 201 0058 FFFFFBFF 		.word	-262145
 202 005c 06000080 		.word	-2147483642
 203 0060 04010B40 		.word	1074462980
 204 0064 30020240 		.word	1073873456
 205 0068 08010B40 		.word	1074462984
 206 006c 3F060080 		.word	-2147482049
 207 0070 00000240 		.word	1073872896
ARM GAS  C:\Users\Shashwat\AppData\Local\Temp\ccsjkO7I.s 			page 9


 208 0074 DB0500C0 		.word	-1073740325
 209 0078 40000240 		.word	1073872960
 210 007c 00000000 		.word	CySysWdtIsr
 211 0080 0C020B40 		.word	1074463244
 212              		.cfi_endproc
 213              	.LFE4:
 214              		.size	ClockSetup, .-ClockSetup
 215              		.align	2
 216              		.global	cyfitter_cfg
 217              		.code	16
 218              		.thumb_func
 219              		.type	cyfitter_cfg, %function
 220              	cyfitter_cfg:
 221              	.LFB6:
 244:Generated_Source\PSoC4/cyfitter_cfg.c **** 
 245:Generated_Source\PSoC4/cyfitter_cfg.c **** 
 246:Generated_Source\PSoC4/cyfitter_cfg.c **** /* Analog API Functions */
 247:Generated_Source\PSoC4/cyfitter_cfg.c **** 
 248:Generated_Source\PSoC4/cyfitter_cfg.c **** 
 249:Generated_Source\PSoC4/cyfitter_cfg.c **** /*******************************************************************************
 250:Generated_Source\PSoC4/cyfitter_cfg.c **** * Function Name: AnalogSetDefault
 251:Generated_Source\PSoC4/cyfitter_cfg.c **** ********************************************************************************
 252:Generated_Source\PSoC4/cyfitter_cfg.c **** *
 253:Generated_Source\PSoC4/cyfitter_cfg.c **** * Summary:
 254:Generated_Source\PSoC4/cyfitter_cfg.c **** *  Sets up the analog portions of the chip to default values based on chip
 255:Generated_Source\PSoC4/cyfitter_cfg.c **** *  configuration options from the project.
 256:Generated_Source\PSoC4/cyfitter_cfg.c **** *
 257:Generated_Source\PSoC4/cyfitter_cfg.c **** * Parameters:
 258:Generated_Source\PSoC4/cyfitter_cfg.c **** *  void
 259:Generated_Source\PSoC4/cyfitter_cfg.c **** *
 260:Generated_Source\PSoC4/cyfitter_cfg.c **** * Return:
 261:Generated_Source\PSoC4/cyfitter_cfg.c **** *  void
 262:Generated_Source\PSoC4/cyfitter_cfg.c **** *
 263:Generated_Source\PSoC4/cyfitter_cfg.c **** *******************************************************************************/
 264:Generated_Source\PSoC4/cyfitter_cfg.c **** static void AnalogSetDefault(void);
 265:Generated_Source\PSoC4/cyfitter_cfg.c **** static void AnalogSetDefault(void)
 266:Generated_Source\PSoC4/cyfitter_cfg.c **** {
 267:Generated_Source\PSoC4/cyfitter_cfg.c **** }
 268:Generated_Source\PSoC4/cyfitter_cfg.c **** 
 269:Generated_Source\PSoC4/cyfitter_cfg.c **** 
 270:Generated_Source\PSoC4/cyfitter_cfg.c **** 
 271:Generated_Source\PSoC4/cyfitter_cfg.c **** 
 272:Generated_Source\PSoC4/cyfitter_cfg.c **** /*******************************************************************************
 273:Generated_Source\PSoC4/cyfitter_cfg.c **** * Function Name: cyfitter_cfg
 274:Generated_Source\PSoC4/cyfitter_cfg.c **** ********************************************************************************
 275:Generated_Source\PSoC4/cyfitter_cfg.c **** * Summary:
 276:Generated_Source\PSoC4/cyfitter_cfg.c **** *  This function is called by the start-up code for the selected device. It
 277:Generated_Source\PSoC4/cyfitter_cfg.c **** *  performs all of the necessary device configuration based on the design
 278:Generated_Source\PSoC4/cyfitter_cfg.c **** *  settings.  This includes settings from the Design Wide Resources (DWR) such
 279:Generated_Source\PSoC4/cyfitter_cfg.c **** *  as Clocks and Pins as well as any component configuration that is necessary.
 280:Generated_Source\PSoC4/cyfitter_cfg.c **** *
 281:Generated_Source\PSoC4/cyfitter_cfg.c **** * Parameters:
 282:Generated_Source\PSoC4/cyfitter_cfg.c **** *   void
 283:Generated_Source\PSoC4/cyfitter_cfg.c **** *
 284:Generated_Source\PSoC4/cyfitter_cfg.c **** * Return:
 285:Generated_Source\PSoC4/cyfitter_cfg.c **** *   void
 286:Generated_Source\PSoC4/cyfitter_cfg.c **** *
ARM GAS  C:\Users\Shashwat\AppData\Local\Temp\ccsjkO7I.s 			page 10


 287:Generated_Source\PSoC4/cyfitter_cfg.c **** *******************************************************************************/
 288:Generated_Source\PSoC4/cyfitter_cfg.c **** CY_CFG_SECTION
 289:Generated_Source\PSoC4/cyfitter_cfg.c **** void cyfitter_cfg(void)
 290:Generated_Source\PSoC4/cyfitter_cfg.c **** {
 222              		.loc 1 290 0
 223              		.cfi_startproc
 224              		@ args = 0, pretend = 0, frame = 0
 225              		@ frame_needed = 0, uses_anonymous_args = 0
 226 0084 10B5     		push	{r4, lr}
 227              		.cfi_def_cfa_offset 8
 228              		.cfi_offset 4, -8
 229              		.cfi_offset 14, -4
 291:Generated_Source\PSoC4/cyfitter_cfg.c **** 	/* Disable interrupts by default. Let user enable if/when they want. */
 292:Generated_Source\PSoC4/cyfitter_cfg.c **** 	CyGlobalIntDisable;
 230              		.loc 1 292 0
 231              		.syntax divided
 232              	@ 292 "Generated_Source\PSoC4\cyfitter_cfg.c" 1
 233 0086 72B6     		CPSID   i
 234              	@ 0 "" 2
 235              	.LVL18:
 236              		.thumb
 237              		.syntax unified
 238              	.LBB3:
 293:Generated_Source\PSoC4/cyfitter_cfg.c **** 
 294:Generated_Source\PSoC4/cyfitter_cfg.c **** 	{
 295:Generated_Source\PSoC4/cyfitter_cfg.c **** 		static const uint32 CYCODE cy_cfg_addr_table[] = {
 296:Generated_Source\PSoC4/cyfitter_cfg.c **** 			0x400F3003u, /* Base address: 0x400F3000 Count: 3 */
 297:Generated_Source\PSoC4/cyfitter_cfg.c **** 			0x400F3101u, /* Base address: 0x400F3100 Count: 1 */
 298:Generated_Source\PSoC4/cyfitter_cfg.c **** 			0x400F3301u, /* Base address: 0x400F3300 Count: 1 */
 299:Generated_Source\PSoC4/cyfitter_cfg.c **** 			0x400F4002u, /* Base address: 0x400F4000 Count: 2 */
 300:Generated_Source\PSoC4/cyfitter_cfg.c **** 			0x400F4102u, /* Base address: 0x400F4100 Count: 2 */
 301:Generated_Source\PSoC4/cyfitter_cfg.c **** 			0x400F6002u, /* Base address: 0x400F6000 Count: 2 */
 302:Generated_Source\PSoC4/cyfitter_cfg.c **** 		};
 303:Generated_Source\PSoC4/cyfitter_cfg.c **** 
 304:Generated_Source\PSoC4/cyfitter_cfg.c **** 		static const cy_cfg_addrvalue_t CYCODE cy_cfg_data_table[] = {
 305:Generated_Source\PSoC4/cyfitter_cfg.c **** 			{0xBAu, 0xC0u},
 306:Generated_Source\PSoC4/cyfitter_cfg.c **** 			{0xD8u, 0x04u},
 307:Generated_Source\PSoC4/cyfitter_cfg.c **** 			{0xDFu, 0x01u},
 308:Generated_Source\PSoC4/cyfitter_cfg.c **** 			{0x1Fu, 0x80u},
 309:Generated_Source\PSoC4/cyfitter_cfg.c **** 			{0xAFu, 0x80u},
 310:Generated_Source\PSoC4/cyfitter_cfg.c **** 			{0x57u, 0x20u},
 311:Generated_Source\PSoC4/cyfitter_cfg.c **** 			{0xD4u, 0x40u},
 312:Generated_Source\PSoC4/cyfitter_cfg.c **** 			{0xAFu, 0x20u},
 313:Generated_Source\PSoC4/cyfitter_cfg.c **** 			{0xEEu, 0x10u},
 314:Generated_Source\PSoC4/cyfitter_cfg.c **** 			{0x01u, 0x01u},
 315:Generated_Source\PSoC4/cyfitter_cfg.c **** 			{0x10u, 0x01u},
 316:Generated_Source\PSoC4/cyfitter_cfg.c **** 		};
 317:Generated_Source\PSoC4/cyfitter_cfg.c **** 
 318:Generated_Source\PSoC4/cyfitter_cfg.c **** 
 319:Generated_Source\PSoC4/cyfitter_cfg.c **** 
 320:Generated_Source\PSoC4/cyfitter_cfg.c **** 		CYPACKED typedef struct {
 321:Generated_Source\PSoC4/cyfitter_cfg.c **** 			void CYFAR *address;
 322:Generated_Source\PSoC4/cyfitter_cfg.c **** 			uint16 size;
 323:Generated_Source\PSoC4/cyfitter_cfg.c **** 		} CYPACKED_ATTR cfg_memset_t;
 324:Generated_Source\PSoC4/cyfitter_cfg.c **** 
 325:Generated_Source\PSoC4/cyfitter_cfg.c **** 		static const cfg_memset_t CYCODE cfg_memset_list[] = {
 326:Generated_Source\PSoC4/cyfitter_cfg.c **** 			/* address, size */
ARM GAS  C:\Users\Shashwat\AppData\Local\Temp\ccsjkO7I.s 			page 11


 327:Generated_Source\PSoC4/cyfitter_cfg.c **** 			{(void CYFAR *)(CYDEV_UDB_P0_U0_BASE), 1024u},
 328:Generated_Source\PSoC4/cyfitter_cfg.c **** 			{(void CYFAR *)(CYDEV_UDB_DSI0_BASE), 1024u},
 329:Generated_Source\PSoC4/cyfitter_cfg.c **** 		};
 330:Generated_Source\PSoC4/cyfitter_cfg.c **** 
 331:Generated_Source\PSoC4/cyfitter_cfg.c **** 		uint8 CYDATA i;
 332:Generated_Source\PSoC4/cyfitter_cfg.c **** 
 333:Generated_Source\PSoC4/cyfitter_cfg.c **** 		/* Zero out critical memory blocks before beginning configuration */
 334:Generated_Source\PSoC4/cyfitter_cfg.c **** 		for (i = 0u; i < (sizeof(cfg_memset_list)/sizeof(cfg_memset_list[0])); i++)
 239              		.loc 1 334 0
 240 0088 0024     		movs	r4, #0
 241 008a 0FE0     		b	.L11
 242              	.LVL19:
 243              	.L12:
 244              	.LBB4:
 335:Generated_Source\PSoC4/cyfitter_cfg.c **** 		{
 336:Generated_Source\PSoC4/cyfitter_cfg.c **** 			const cfg_memset_t CYCODE * CYDATA ms = &cfg_memset_list[i];
 337:Generated_Source\PSoC4/cyfitter_cfg.c **** 			CYMEMZERO(ms->address, (size_t)(uint32)(ms->size));
 245              		.loc 1 337 0 discriminator 3
 246 008c 2648     		ldr	r0, .L13
 247 008e 6200     		lsls	r2, r4, #1
 248 0090 1319     		adds	r3, r2, r4
 249 0092 5900     		lsls	r1, r3, #1
 250 0094 0B00     		movs	r3, r1
 251 0096 4118     		adds	r1, r0, r1
 252 0098 8988     		ldrh	r1, [r1, #4]
 253 009a 1A5A     		ldrh	r2, [r3, r0]
 254 009c C318     		adds	r3, r0, r3
 255 009e 5888     		ldrh	r0, [r3, #2]
 256 00a0 0004     		lsls	r0, r0, #16
 257 00a2 1043     		orrs	r0, r2
 258 00a4 FFF7FEFF 		bl	CYMEMZERO
 259              	.LVL20:
 260              	.LBE4:
 334:Generated_Source\PSoC4/cyfitter_cfg.c **** 		{
 261              		.loc 1 334 0 discriminator 3
 262 00a8 0134     		adds	r4, r4, #1
 263              	.LVL21:
 264 00aa E4B2     		uxtb	r4, r4
 265              	.LVL22:
 266              	.L11:
 334:Generated_Source\PSoC4/cyfitter_cfg.c **** 		{
 267              		.loc 1 334 0 is_stmt 0 discriminator 1
 268 00ac 012C     		cmp	r4, #1
 269 00ae EDD9     		bls	.L12
 338:Generated_Source\PSoC4/cyfitter_cfg.c **** 		}
 339:Generated_Source\PSoC4/cyfitter_cfg.c **** 
 340:Generated_Source\PSoC4/cyfitter_cfg.c **** 		cfg_write_bytes32(cy_cfg_addr_table, cy_cfg_data_table);
 270              		.loc 1 340 0 is_stmt 1
 271 00b0 1D48     		ldr	r0, .L13
 272 00b2 0100     		movs	r1, r0
 273 00b4 0C31     		adds	r1, r1, #12
 274 00b6 2430     		adds	r0, r0, #36
 275 00b8 FFF7FEFF 		bl	cfg_write_bytes32
 276              	.LVL23:
 341:Generated_Source\PSoC4/cyfitter_cfg.c **** 
 342:Generated_Source\PSoC4/cyfitter_cfg.c **** 		/* HSIOM Starting address: CYDEV_HSIOM_BASE */
 343:Generated_Source\PSoC4/cyfitter_cfg.c **** 		CY_SET_REG32((void *)(CYDEV_HSIOM_BASE), 0x00003000u);
ARM GAS  C:\Users\Shashwat\AppData\Local\Temp\ccsjkO7I.s 			page 12


 277              		.loc 1 343 0
 278 00bc C022     		movs	r2, #192
 279 00be 9201     		lsls	r2, r2, #6
 280 00c0 1A4B     		ldr	r3, .L13+4
 281 00c2 1A60     		str	r2, [r3]
 344:Generated_Source\PSoC4/cyfitter_cfg.c **** 		CY_SET_REG32((void *)(CYREG_HSIOM_PORT_SEL3), 0x0000EE00u);
 282              		.loc 1 344 0
 283 00c4 EE22     		movs	r2, #238
 284 00c6 1202     		lsls	r2, r2, #8
 285 00c8 194B     		ldr	r3, .L13+8
 286 00ca 1A60     		str	r2, [r3]
 345:Generated_Source\PSoC4/cyfitter_cfg.c **** 
 346:Generated_Source\PSoC4/cyfitter_cfg.c **** 		/* UDB_PA_0 Starting address: CYDEV_UDB_PA0_BASE */
 347:Generated_Source\PSoC4/cyfitter_cfg.c **** 		CY_SET_REG32((void *)(CYDEV_UDB_PA0_BASE), 0x00990000u);
 287              		.loc 1 347 0
 288 00cc 9923     		movs	r3, #153
 289 00ce 1B04     		lsls	r3, r3, #16
 290 00d0 184A     		ldr	r2, .L13+12
 291 00d2 1360     		str	r3, [r2]
 348:Generated_Source\PSoC4/cyfitter_cfg.c **** 		CY_SET_REG32((void *)(CYREG_UDB_PA0_CFG8), 0x00400000u);
 292              		.loc 1 348 0
 293 00d4 8021     		movs	r1, #128
 294 00d6 C903     		lsls	r1, r1, #15
 295 00d8 174A     		ldr	r2, .L13+16
 296 00da 1160     		str	r1, [r2]
 349:Generated_Source\PSoC4/cyfitter_cfg.c **** 
 350:Generated_Source\PSoC4/cyfitter_cfg.c **** 		/* UDB_PA_1 Starting address: CYDEV_UDB_PA1_BASE */
 351:Generated_Source\PSoC4/cyfitter_cfg.c **** 		CY_SET_REG32((void *)(CYDEV_UDB_PA1_BASE), 0x00990000u);
 297              		.loc 1 351 0
 298 00dc 174A     		ldr	r2, .L13+20
 299 00de 1360     		str	r3, [r2]
 352:Generated_Source\PSoC4/cyfitter_cfg.c **** 
 353:Generated_Source\PSoC4/cyfitter_cfg.c **** 		/* UDB_PA_3 Starting address: CYDEV_UDB_PA3_BASE */
 354:Generated_Source\PSoC4/cyfitter_cfg.c **** 		CY_SET_REG32((void *)(CYDEV_UDB_PA3_BASE), 0x00990000u);
 300              		.loc 1 354 0
 301 00e0 174A     		ldr	r2, .L13+24
 302 00e2 1360     		str	r3, [r2]
 355:Generated_Source\PSoC4/cyfitter_cfg.c **** 
 356:Generated_Source\PSoC4/cyfitter_cfg.c **** 		/* Enable UDB array and digital routing */
 357:Generated_Source\PSoC4/cyfitter_cfg.c **** 		CY_SET_XTND_REG8((void *)CYREG_UDB_UDBIF_WAIT_CFG, (uint8)((CY_GET_XTND_REG8((void *)CYREG_UDB_UD
 303              		.loc 1 357 0
 304 00e4 1749     		ldr	r1, .L13+28
 305 00e6 0B78     		ldrb	r3, [r1]
 306 00e8 3C22     		movs	r2, #60
 307 00ea 9343     		bics	r3, r2
 308 00ec 1422     		movs	r2, #20
 309 00ee 1343     		orrs	r3, r2
 310 00f0 DBB2     		uxtb	r3, r3
 311 00f2 0B70     		strb	r3, [r1]
 358:Generated_Source\PSoC4/cyfitter_cfg.c **** 		CY_SET_XTND_REG8((void *)CYREG_UDB_UDBIF_BANK_CTL, (uint8)(CY_GET_XTND_REG8((void *)CYREG_UDB_UDB
 312              		.loc 1 358 0
 313 00f4 144A     		ldr	r2, .L13+32
 314 00f6 1178     		ldrb	r1, [r2]
 315 00f8 1623     		movs	r3, #22
 316 00fa 0B43     		orrs	r3, r1
 317 00fc DBB2     		uxtb	r3, r3
 318 00fe 1370     		strb	r3, [r2]
ARM GAS  C:\Users\Shashwat\AppData\Local\Temp\ccsjkO7I.s 			page 13


 319              	.LBE3:
 359:Generated_Source\PSoC4/cyfitter_cfg.c **** 	}
 360:Generated_Source\PSoC4/cyfitter_cfg.c **** 
 361:Generated_Source\PSoC4/cyfitter_cfg.c **** 	/* Perform second pass device configuration. These items must be configured in specific order afte
 362:Generated_Source\PSoC4/cyfitter_cfg.c **** 	/* IOPINS0_0 Starting address: CYDEV_PRT0_BASE */
 363:Generated_Source\PSoC4/cyfitter_cfg.c **** 	CY_SET_REG32((void *)(CYDEV_PRT0_BASE), 0x0000000Cu);
 320              		.loc 1 363 0
 321 0100 0C22     		movs	r2, #12
 322 0102 124B     		ldr	r3, .L13+36
 323 0104 1A60     		str	r2, [r3]
 364:Generated_Source\PSoC4/cyfitter_cfg.c **** 	CY_SET_REG32((void *)(CYREG_PRT0_PC), 0x00000D80u);
 324              		.loc 1 364 0
 325 0106 D823     		movs	r3, #216
 326 0108 1B01     		lsls	r3, r3, #4
 327 010a 114A     		ldr	r2, .L13+40
 328 010c 1360     		str	r3, [r2]
 365:Generated_Source\PSoC4/cyfitter_cfg.c **** 
 366:Generated_Source\PSoC4/cyfitter_cfg.c **** 	/* IOPINS0_1 Starting address: CYDEV_PRT1_BASE */
 367:Generated_Source\PSoC4/cyfitter_cfg.c **** 	CY_SET_REG32((void *)(CYDEV_PRT1_BASE), 0x00000040u);
 329              		.loc 1 367 0
 330 010e 4021     		movs	r1, #64
 331 0110 104A     		ldr	r2, .L13+44
 332 0112 1160     		str	r1, [r2]
 368:Generated_Source\PSoC4/cyfitter_cfg.c **** 	CY_SET_REG32((void *)(CYREG_PRT1_PC), 0x00180000u);
 333              		.loc 1 368 0
 334 0114 C021     		movs	r1, #192
 335 0116 4903     		lsls	r1, r1, #13
 336 0118 0F4A     		ldr	r2, .L13+48
 337 011a 1160     		str	r1, [r2]
 369:Generated_Source\PSoC4/cyfitter_cfg.c **** 
 370:Generated_Source\PSoC4/cyfitter_cfg.c **** 	/* IOPINS0_3 Starting address: CYDEV_PRT3_BASE */
 371:Generated_Source\PSoC4/cyfitter_cfg.c **** 	CY_SET_REG32((void *)(CYREG_PRT3_PC), 0x00000D80u);
 338              		.loc 1 371 0
 339 011c 0F4A     		ldr	r2, .L13+52
 340 011e 1360     		str	r3, [r2]
 372:Generated_Source\PSoC4/cyfitter_cfg.c **** 
 373:Generated_Source\PSoC4/cyfitter_cfg.c **** 
 374:Generated_Source\PSoC4/cyfitter_cfg.c **** 	/* Setup clocks based on selections from Clock DWR */
 375:Generated_Source\PSoC4/cyfitter_cfg.c **** 	ClockSetup();
 341              		.loc 1 375 0
 342 0120 FFF76EFF 		bl	ClockSetup
 343              	.LVL24:
 376:Generated_Source\PSoC4/cyfitter_cfg.c **** 
 377:Generated_Source\PSoC4/cyfitter_cfg.c **** 	/* Perform basic analog initialization to defaults */
 378:Generated_Source\PSoC4/cyfitter_cfg.c **** 	AnalogSetDefault();
 379:Generated_Source\PSoC4/cyfitter_cfg.c **** 
 380:Generated_Source\PSoC4/cyfitter_cfg.c **** }
 344              		.loc 1 380 0
 345              		@ sp needed
 346              	.LVL25:
 347 0124 10BD     		pop	{r4, pc}
 348              	.L14:
 349 0126 C046     		.align	2
 350              	.L13:
 351 0128 00000000 		.word	.LANCHOR0
 352 012c 00000140 		.word	1073807360
 353 0130 0C000140 		.word	1073807372
ARM GAS  C:\Users\Shashwat\AppData\Local\Temp\ccsjkO7I.s 			page 14


 354 0134 00500F40 		.word	1074745344
 355 0138 08500F40 		.word	1074745352
 356 013c 10500F40 		.word	1074745360
 357 0140 30500F40 		.word	1074745392
 358 0144 01700F40 		.word	1074753537
 359 0148 00700F40 		.word	1074753536
 360 014c 00000440 		.word	1074003968
 361 0150 08000440 		.word	1074003976
 362 0154 00010440 		.word	1074004224
 363 0158 08010440 		.word	1074004232
 364 015c 08030440 		.word	1074004744
 365              		.cfi_endproc
 366              	.LFE6:
 367              		.size	cyfitter_cfg, .-cyfitter_cfg
 368              		.section	.rodata
 369              		.align	2
 370              		.set	.LANCHOR0,. + 0
 371              		.type	cfg_memset_list.4870, %object
 372              		.size	cfg_memset_list.4870, 12
 373              	cfg_memset_list.4870:
 374 0000 00300F40 		.word	1074737152
 375 0004 0004     		.short	1024
 376 0006 00400F40 		.4byte	1074741248
 377 000a 0004     		.short	1024
 378              		.type	cy_cfg_data_table.4865, %object
 379              		.size	cy_cfg_data_table.4865, 22
 380              	cy_cfg_data_table.4865:
 381 000c BA       		.byte	-70
 382 000d C0       		.byte	-64
 383 000e D8       		.byte	-40
 384 000f 04       		.byte	4
 385 0010 DF       		.byte	-33
 386 0011 01       		.byte	1
 387 0012 1F       		.byte	31
 388 0013 80       		.byte	-128
 389 0014 AF       		.byte	-81
 390 0015 80       		.byte	-128
 391 0016 57       		.byte	87
 392 0017 20       		.byte	32
 393 0018 D4       		.byte	-44
 394 0019 40       		.byte	64
 395 001a AF       		.byte	-81
 396 001b 20       		.byte	32
 397 001c EE       		.byte	-18
 398 001d 10       		.byte	16
 399 001e 01       		.byte	1
 400 001f 01       		.byte	1
 401 0020 10       		.byte	16
 402 0021 01       		.byte	1
 403 0022 0000     		.space	2
 404              		.type	cy_cfg_addr_table.4864, %object
 405              		.size	cy_cfg_addr_table.4864, 24
 406              	cy_cfg_addr_table.4864:
 407 0024 03300F40 		.word	1074737155
 408 0028 01310F40 		.word	1074737409
 409 002c 01330F40 		.word	1074737921
 410 0030 02400F40 		.word	1074741250
ARM GAS  C:\Users\Shashwat\AppData\Local\Temp\ccsjkO7I.s 			page 15


 411 0034 02410F40 		.word	1074741506
 412 0038 02600F40 		.word	1074749442
 413              		.text
 414              	.Letext0:
 415              		.file 2 "c:\\program files (x86)\\cypress\\psoc creator\\4.2\\psoc creator\\import\\gnu\\arm\\5.4.
 416              		.file 3 "Generated_Source\\PSoC4\\cytypes.h"
 417              		.file 4 "Generated_Source\\PSoC4\\CyLib.h"
 418              		.section	.debug_info,"",%progbits
 419              	.Ldebug_info0:
 420 0000 9C030000 		.4byte	0x39c
 421 0004 0400     		.2byte	0x4
 422 0006 00000000 		.4byte	.Ldebug_abbrev0
 423 000a 04       		.byte	0x4
 424 000b 01       		.uleb128 0x1
 425 000c 30010000 		.4byte	.LASF39
 426 0010 0C       		.byte	0xc
 427 0011 A3020000 		.4byte	.LASF40
 428 0015 3C020000 		.4byte	.LASF41
 429 0019 00000000 		.4byte	.Ldebug_ranges0+0
 430 001d 00000000 		.4byte	0
 431 0021 00000000 		.4byte	.Ldebug_line0
 432 0025 02       		.uleb128 0x2
 433 0026 04       		.byte	0x4
 434 0027 05       		.byte	0x5
 435 0028 696E7400 		.ascii	"int\000"
 436 002c 03       		.uleb128 0x3
 437 002d 06000000 		.4byte	.LASF12
 438 0031 02       		.byte	0x2
 439 0032 D8       		.byte	0xd8
 440 0033 37000000 		.4byte	0x37
 441 0037 04       		.uleb128 0x4
 442 0038 04       		.byte	0x4
 443 0039 07       		.byte	0x7
 444 003a F7000000 		.4byte	.LASF0
 445 003e 04       		.uleb128 0x4
 446 003f 08       		.byte	0x8
 447 0040 05       		.byte	0x5
 448 0041 F0010000 		.4byte	.LASF1
 449 0045 04       		.uleb128 0x4
 450 0046 08       		.byte	0x8
 451 0047 04       		.byte	0x4
 452 0048 8B020000 		.4byte	.LASF2
 453 004c 04       		.uleb128 0x4
 454 004d 01       		.byte	0x1
 455 004e 06       		.byte	0x6
 456 004f 97020000 		.4byte	.LASF3
 457 0053 04       		.uleb128 0x4
 458 0054 01       		.byte	0x1
 459 0055 08       		.byte	0x8
 460 0056 99000000 		.4byte	.LASF4
 461 005a 04       		.uleb128 0x4
 462 005b 02       		.byte	0x2
 463 005c 05       		.byte	0x5
 464 005d 1D020000 		.4byte	.LASF5
 465 0061 04       		.uleb128 0x4
 466 0062 02       		.byte	0x2
 467 0063 07       		.byte	0x7
ARM GAS  C:\Users\Shashwat\AppData\Local\Temp\ccsjkO7I.s 			page 16


 468 0064 DD010000 		.4byte	.LASF6
 469 0068 04       		.uleb128 0x4
 470 0069 04       		.byte	0x4
 471 006a 05       		.byte	0x5
 472 006b 82020000 		.4byte	.LASF7
 473 006f 04       		.uleb128 0x4
 474 0070 04       		.byte	0x4
 475 0071 07       		.byte	0x7
 476 0072 77000000 		.4byte	.LASF8
 477 0076 04       		.uleb128 0x4
 478 0077 08       		.byte	0x8
 479 0078 07       		.byte	0x7
 480 0079 19010000 		.4byte	.LASF9
 481 007d 04       		.uleb128 0x4
 482 007e 04       		.byte	0x4
 483 007f 07       		.byte	0x7
 484 0080 D4010000 		.4byte	.LASF10
 485 0084 05       		.uleb128 0x5
 486 0085 04       		.byte	0x4
 487 0086 04       		.uleb128 0x4
 488 0087 01       		.byte	0x1
 489 0088 08       		.byte	0x8
 490 0089 FE010000 		.4byte	.LASF11
 491 008d 06       		.uleb128 0x6
 492 008e 89000000 		.4byte	.LASF13
 493 0092 03       		.byte	0x3
 494 0093 E401     		.2byte	0x1e4
 495 0095 53000000 		.4byte	0x53
 496 0099 06       		.uleb128 0x6
 497 009a DE000000 		.4byte	.LASF14
 498 009e 03       		.byte	0x3
 499 009f E501     		.2byte	0x1e5
 500 00a1 61000000 		.4byte	0x61
 501 00a5 06       		.uleb128 0x6
 502 00a6 F0000000 		.4byte	.LASF15
 503 00aa 03       		.byte	0x3
 504 00ab E601     		.2byte	0x1e6
 505 00ad 6F000000 		.4byte	0x6f
 506 00b1 04       		.uleb128 0x4
 507 00b2 04       		.byte	0x4
 508 00b3 04       		.byte	0x4
 509 00b4 57000000 		.4byte	.LASF16
 510 00b8 04       		.uleb128 0x4
 511 00b9 08       		.byte	0x8
 512 00ba 04       		.byte	0x4
 513 00bb AE000000 		.4byte	.LASF17
 514 00bf 06       		.uleb128 0x6
 515 00c0 72000000 		.4byte	.LASF18
 516 00c4 03       		.byte	0x3
 517 00c5 8E02     		.2byte	0x28e
 518 00c7 CB000000 		.4byte	0xcb
 519 00cb 07       		.uleb128 0x7
 520 00cc 8D000000 		.4byte	0x8d
 521 00d0 06       		.uleb128 0x6
 522 00d1 00000000 		.4byte	.LASF19
 523 00d5 03       		.byte	0x3
 524 00d6 9002     		.2byte	0x290
ARM GAS  C:\Users\Shashwat\AppData\Local\Temp\ccsjkO7I.s 			page 17


 525 00d8 DC000000 		.4byte	0xdc
 526 00dc 07       		.uleb128 0x7
 527 00dd A5000000 		.4byte	0xa5
 528 00e1 08       		.uleb128 0x8
 529 00e2 02       		.byte	0x2
 530 00e3 01       		.byte	0x1
 531 00e4 97       		.byte	0x97
 532 00e5 02010000 		.4byte	0x102
 533 00e9 09       		.uleb128 0x9
 534 00ea 16020000 		.4byte	.LASF20
 535 00ee 01       		.byte	0x1
 536 00ef 99       		.byte	0x99
 537 00f0 8D000000 		.4byte	0x8d
 538 00f4 00       		.byte	0
 539 00f5 09       		.uleb128 0x9
 540 00f6 1C000000 		.4byte	.LASF21
 541 00fa 01       		.byte	0x1
 542 00fb 9A       		.byte	0x9a
 543 00fc 8D000000 		.4byte	0x8d
 544 0100 01       		.byte	0x1
 545 0101 00       		.byte	0
 546 0102 03       		.uleb128 0x3
 547 0103 03020000 		.4byte	.LASF22
 548 0107 01       		.byte	0x1
 549 0108 9B       		.byte	0x9b
 550 0109 E1000000 		.4byte	0xe1
 551 010d 0A       		.uleb128 0xa
 552 010e B5000000 		.4byte	.LASF27
 553 0112 01       		.byte	0x1
 554 0113 AE       		.byte	0xae
 555 0114 00000000 		.4byte	.LFB3
 556 0118 32000000 		.4byte	.LFE3-.LFB3
 557 011c 01       		.uleb128 0x1
 558 011d 9C       		.byte	0x9c
 559 011e 7F010000 		.4byte	0x17f
 560 0122 0B       		.uleb128 0xb
 561 0123 D3000000 		.4byte	.LASF23
 562 0127 01       		.byte	0x1
 563 0128 AE       		.byte	0xae
 564 0129 7F010000 		.4byte	0x17f
 565 012d 01       		.uleb128 0x1
 566 012e 50       		.byte	0x50
 567 012f 0B       		.uleb128 0xb
 568 0130 E5000000 		.4byte	.LASF24
 569 0134 01       		.byte	0x1
 570 0135 AE       		.byte	0xae
 571 0136 8A010000 		.4byte	0x18a
 572 013a 01       		.uleb128 0x1
 573 013b 51       		.byte	0x51
 574 013c 0C       		.uleb128 0xc
 575 013d 6900     		.ascii	"i\000"
 576 013f 01       		.byte	0x1
 577 0140 B1       		.byte	0xb1
 578 0141 A5000000 		.4byte	0xa5
 579 0145 00000000 		.4byte	.LLST0
 580 0149 0C       		.uleb128 0xc
 581 014a 6A00     		.ascii	"j\000"
ARM GAS  C:\Users\Shashwat\AppData\Local\Temp\ccsjkO7I.s 			page 18


 582 014c 01       		.byte	0x1
 583 014d B1       		.byte	0xb1
 584 014e A5000000 		.4byte	0xa5
 585 0152 1F000000 		.4byte	.LLST1
 586 0156 0D       		.uleb128 0xd
 587 0157 08000000 		.4byte	.LBB2
 588 015b 22000000 		.4byte	.LBE2-.LBB2
 589 015f 0E       		.uleb128 0xe
 590 0160 CB010000 		.4byte	.LASF25
 591 0164 01       		.byte	0x1
 592 0165 B4       		.byte	0xb4
 593 0166 A5000000 		.4byte	0xa5
 594 016a 3E000000 		.4byte	.LLST2
 595 016e 0E       		.uleb128 0xe
 596 016f 22000000 		.4byte	.LASF26
 597 0173 01       		.byte	0x1
 598 0174 B5       		.byte	0xb5
 599 0175 8D000000 		.4byte	0x8d
 600 0179 51000000 		.4byte	.LLST3
 601 017d 00       		.byte	0
 602 017e 00       		.byte	0
 603 017f 0F       		.uleb128 0xf
 604 0180 04       		.byte	0x4
 605 0181 85010000 		.4byte	0x185
 606 0185 10       		.uleb128 0x10
 607 0186 A5000000 		.4byte	0xa5
 608 018a 0F       		.uleb128 0xf
 609 018b 04       		.byte	0x4
 610 018c 90010000 		.4byte	0x190
 611 0190 10       		.uleb128 0x10
 612 0191 02010000 		.4byte	0x102
 613 0195 0A       		.uleb128 0xa
 614 0196 8F000000 		.4byte	.LASF28
 615 019a 01       		.byte	0x1
 616 019b 4C       		.byte	0x4c
 617 019c 00000000 		.4byte	.LFB0
 618 01a0 0C000000 		.4byte	.LFE0-.LFB0
 619 01a4 01       		.uleb128 0x1
 620 01a5 9C       		.byte	0x9c
 621 01a6 E2010000 		.4byte	0x1e2
 622 01aa 11       		.uleb128 0x11
 623 01ab 7300     		.ascii	"s\000"
 624 01ad 01       		.byte	0x1
 625 01ae 4C       		.byte	0x4c
 626 01af 84000000 		.4byte	0x84
 627 01b3 6F000000 		.4byte	.LLST4
 628 01b7 11       		.uleb128 0x11
 629 01b8 6E00     		.ascii	"n\000"
 630 01ba 01       		.byte	0x1
 631 01bb 4C       		.byte	0x4c
 632 01bc 2C000000 		.4byte	0x2c
 633 01c0 90000000 		.4byte	.LLST5
 634 01c4 12       		.uleb128 0x12
 635 01c5 0A000000 		.4byte	.LVL14
 636 01c9 75030000 		.4byte	0x375
 637 01cd 13       		.uleb128 0x13
 638 01ce 01       		.uleb128 0x1
ARM GAS  C:\Users\Shashwat\AppData\Local\Temp\ccsjkO7I.s 			page 19


 639 01cf 50       		.byte	0x50
 640 01d0 03       		.uleb128 0x3
 641 01d1 F3       		.byte	0xf3
 642 01d2 01       		.uleb128 0x1
 643 01d3 50       		.byte	0x50
 644 01d4 13       		.uleb128 0x13
 645 01d5 01       		.uleb128 0x1
 646 01d6 51       		.byte	0x51
 647 01d7 01       		.uleb128 0x1
 648 01d8 30       		.byte	0x30
 649 01d9 13       		.uleb128 0x13
 650 01da 01       		.uleb128 0x1
 651 01db 52       		.byte	0x52
 652 01dc 03       		.uleb128 0x3
 653 01dd F3       		.byte	0xf3
 654 01de 01       		.uleb128 0x1
 655 01df 51       		.byte	0x51
 656 01e0 00       		.byte	0
 657 01e1 00       		.byte	0
 658 01e2 0A       		.uleb128 0xa
 659 01e3 28000000 		.4byte	.LASF29
 660 01e7 01       		.byte	0x1
 661 01e8 D3       		.byte	0xd3
 662 01e9 00000000 		.4byte	.LFB4
 663 01ed 84000000 		.4byte	.LFE4-.LFB4
 664 01f1 01       		.uleb128 0x1
 665 01f2 9C       		.byte	0x9c
 666 01f3 2D020000 		.4byte	0x22d
 667 01f7 14       		.uleb128 0x14
 668 01f8 14000000 		.4byte	.LVL15
 669 01fc 7E030000 		.4byte	0x37e
 670 0200 0A020000 		.4byte	0x20a
 671 0204 13       		.uleb128 0x13
 672 0205 01       		.uleb128 0x1
 673 0206 50       		.byte	0x50
 674 0207 01       		.uleb128 0x1
 675 0208 48       		.byte	0x48
 676 0209 00       		.byte	0
 677 020a 14       		.uleb128 0x14
 678 020b 48000000 		.4byte	.LVL16
 679 020f 89030000 		.4byte	0x389
 680 0213 1D020000 		.4byte	0x21d
 681 0217 13       		.uleb128 0x13
 682 0218 01       		.uleb128 0x1
 683 0219 50       		.byte	0x50
 684 021a 01       		.uleb128 0x1
 685 021b 39       		.byte	0x39
 686 021c 00       		.byte	0
 687 021d 12       		.uleb128 0x12
 688 021e 4E000000 		.4byte	.LVL17
 689 0222 94030000 		.4byte	0x394
 690 0226 13       		.uleb128 0x13
 691 0227 01       		.uleb128 0x1
 692 0228 50       		.byte	0x50
 693 0229 01       		.uleb128 0x1
 694 022a 39       		.byte	0x39
 695 022b 00       		.byte	0
ARM GAS  C:\Users\Shashwat\AppData\Local\Temp\ccsjkO7I.s 			page 20


 696 022c 00       		.byte	0
 697 022d 15       		.uleb128 0x15
 698 022e 04010000 		.4byte	.LASF42
 699 0232 01       		.byte	0x1
 700 0233 2101     		.2byte	0x121
 701 0235 84000000 		.4byte	.LFB6
 702 0239 DC000000 		.4byte	.LFE6-.LFB6
 703 023d 01       		.uleb128 0x1
 704 023e 9C       		.byte	0x9c
 705 023f 4B030000 		.4byte	0x34b
 706 0243 16       		.uleb128 0x16
 707 0244 88000000 		.4byte	.LBB3
 708 0248 78000000 		.4byte	.LBE3-.LBB3
 709 024c 41030000 		.4byte	0x341
 710 0250 17       		.uleb128 0x17
 711 0251 33000000 		.4byte	.LASF30
 712 0255 01       		.byte	0x1
 713 0256 2701     		.2byte	0x127
 714 0258 5B030000 		.4byte	0x35b
 715 025c 05       		.uleb128 0x5
 716 025d 03       		.byte	0x3
 717 025e 24000000 		.4byte	cy_cfg_addr_table.4864
 718 0262 17       		.uleb128 0x17
 719 0263 45000000 		.4byte	.LASF31
 720 0267 01       		.byte	0x1
 721 0268 3001     		.2byte	0x130
 722 026a 70030000 		.4byte	0x370
 723 026e 05       		.uleb128 0x5
 724 026f 03       		.byte	0x3
 725 0270 0C000000 		.4byte	cy_cfg_data_table.4865
 726 0274 18       		.uleb128 0x18
 727 0275 06       		.byte	0x6
 728 0276 01       		.byte	0x1
 729 0277 4001     		.2byte	0x140
 730 0279 98020000 		.4byte	0x298
 731 027d 19       		.uleb128 0x19
 732 027e 11010000 		.4byte	.LASF32
 733 0282 01       		.byte	0x1
 734 0283 4101     		.2byte	0x141
 735 0285 84000000 		.4byte	0x84
 736 0289 00       		.byte	0
 737 028a 19       		.uleb128 0x19
 738 028b 6D000000 		.4byte	.LASF33
 739 028f 01       		.byte	0x1
 740 0290 4201     		.2byte	0x142
 741 0292 99000000 		.4byte	0x99
 742 0296 04       		.byte	0x4
 743 0297 00       		.byte	0
 744 0298 06       		.uleb128 0x6
 745 0299 BE010000 		.4byte	.LASF34
 746 029d 01       		.byte	0x1
 747 029e 4301     		.2byte	0x143
 748 02a0 74020000 		.4byte	0x274
 749 02a4 1A       		.uleb128 0x1a
 750 02a5 B4020000 		.4byte	0x2b4
 751 02a9 B4020000 		.4byte	0x2b4
 752 02ad 1B       		.uleb128 0x1b
ARM GAS  C:\Users\Shashwat\AppData\Local\Temp\ccsjkO7I.s 			page 21


 753 02ae 7D000000 		.4byte	0x7d
 754 02b2 01       		.byte	0x1
 755 02b3 00       		.byte	0
 756 02b4 10       		.uleb128 0x10
 757 02b5 98020000 		.4byte	0x298
 758 02b9 17       		.uleb128 0x17
 759 02ba 5D000000 		.4byte	.LASF35
 760 02be 01       		.byte	0x1
 761 02bf 4501     		.2byte	0x145
 762 02c1 CB020000 		.4byte	0x2cb
 763 02c5 05       		.uleb128 0x5
 764 02c6 03       		.byte	0x3
 765 02c7 00000000 		.4byte	cfg_memset_list.4870
 766 02cb 10       		.uleb128 0x10
 767 02cc A4020000 		.4byte	0x2a4
 768 02d0 1C       		.uleb128 0x1c
 769 02d1 6900     		.ascii	"i\000"
 770 02d3 01       		.byte	0x1
 771 02d4 4B01     		.2byte	0x14b
 772 02d6 8D000000 		.4byte	0x8d
 773 02da BC000000 		.4byte	.LLST6
 774 02de 16       		.uleb128 0x16
 775 02df 8C000000 		.4byte	.LBB4
 776 02e3 1C000000 		.4byte	.LBE4-.LBB4
 777 02e7 24030000 		.4byte	0x324
 778 02eb 1C       		.uleb128 0x1c
 779 02ec 6D7300   		.ascii	"ms\000"
 780 02ef 01       		.byte	0x1
 781 02f0 5001     		.2byte	0x150
 782 02f2 FA020000 		.4byte	0x2fa
 783 02f6 E6000000 		.4byte	.LLST7
 784 02fa 0F       		.uleb128 0xf
 785 02fb 04       		.byte	0x4
 786 02fc B4020000 		.4byte	0x2b4
 787 0300 12       		.uleb128 0x12
 788 0301 A8000000 		.4byte	.LVL20
 789 0305 95010000 		.4byte	0x195
 790 0309 13       		.uleb128 0x13
 791 030a 01       		.uleb128 0x1
 792 030b 51       		.byte	0x51
 793 030c 15       		.uleb128 0x15
 794 030d 74       		.byte	0x74
 795 030e 00       		.sleb128 0
 796 030f 31       		.byte	0x31
 797 0310 24       		.byte	0x24
 798 0311 74       		.byte	0x74
 799 0312 00       		.sleb128 0
 800 0313 22       		.byte	0x22
 801 0314 31       		.byte	0x31
 802 0315 24       		.byte	0x24
 803 0316 03       		.byte	0x3
 804 0317 04000000 		.4byte	.LANCHOR0+4
 805 031b 22       		.byte	0x22
 806 031c 94       		.byte	0x94
 807 031d 02       		.byte	0x2
 808 031e 0A       		.byte	0xa
 809 031f FFFF     		.2byte	0xffff
ARM GAS  C:\Users\Shashwat\AppData\Local\Temp\ccsjkO7I.s 			page 22


 810 0321 1A       		.byte	0x1a
 811 0322 00       		.byte	0
 812 0323 00       		.byte	0
 813 0324 12       		.uleb128 0x12
 814 0325 BC000000 		.4byte	.LVL23
 815 0329 0D010000 		.4byte	0x10d
 816 032d 13       		.uleb128 0x13
 817 032e 01       		.uleb128 0x1
 818 032f 50       		.byte	0x50
 819 0330 05       		.uleb128 0x5
 820 0331 03       		.byte	0x3
 821 0332 24000000 		.4byte	.LANCHOR0+36
 822 0336 13       		.uleb128 0x13
 823 0337 01       		.uleb128 0x1
 824 0338 51       		.byte	0x51
 825 0339 05       		.uleb128 0x5
 826 033a 03       		.byte	0x3
 827 033b 0C000000 		.4byte	.LANCHOR0+12
 828 033f 00       		.byte	0
 829 0340 00       		.byte	0
 830 0341 1D       		.uleb128 0x1d
 831 0342 24010000 		.4byte	.LVL24
 832 0346 E2010000 		.4byte	0x1e2
 833 034a 00       		.byte	0
 834 034b 1A       		.uleb128 0x1a
 835 034c 85010000 		.4byte	0x185
 836 0350 5B030000 		.4byte	0x35b
 837 0354 1B       		.uleb128 0x1b
 838 0355 7D000000 		.4byte	0x7d
 839 0359 05       		.byte	0x5
 840 035a 00       		.byte	0
 841 035b 10       		.uleb128 0x10
 842 035c 4B030000 		.4byte	0x34b
 843 0360 1A       		.uleb128 0x1a
 844 0361 90010000 		.4byte	0x190
 845 0365 70030000 		.4byte	0x370
 846 0369 1B       		.uleb128 0x1b
 847 036a 7D000000 		.4byte	0x7d
 848 036e 0A       		.byte	0xa
 849 036f 00       		.byte	0
 850 0370 10       		.uleb128 0x10
 851 0371 60030000 		.4byte	0x360
 852 0375 1E       		.uleb128 0x1e
 853 0376 A7000000 		.4byte	.LASF43
 854 037a A7000000 		.4byte	.LASF43
 855 037e 1F       		.uleb128 0x1f
 856 037f 27020000 		.4byte	.LASF36
 857 0383 27020000 		.4byte	.LASF36
 858 0387 04       		.byte	0x4
 859 0388 6C       		.byte	0x6c
 860 0389 1F       		.uleb128 0x1f
 861 038a 0D000000 		.4byte	.LASF37
 862 038e 0D000000 		.4byte	.LASF37
 863 0392 04       		.byte	0x4
 864 0393 BD       		.byte	0xbd
 865 0394 1F       		.uleb128 0x1f
 866 0395 C7000000 		.4byte	.LASF38
ARM GAS  C:\Users\Shashwat\AppData\Local\Temp\ccsjkO7I.s 			page 23


 867 0399 C7000000 		.4byte	.LASF38
 868 039d 04       		.byte	0x4
 869 039e C3       		.byte	0xc3
 870 039f 00       		.byte	0
 871              		.section	.debug_abbrev,"",%progbits
 872              	.Ldebug_abbrev0:
 873 0000 01       		.uleb128 0x1
 874 0001 11       		.uleb128 0x11
 875 0002 01       		.byte	0x1
 876 0003 25       		.uleb128 0x25
 877 0004 0E       		.uleb128 0xe
 878 0005 13       		.uleb128 0x13
 879 0006 0B       		.uleb128 0xb
 880 0007 03       		.uleb128 0x3
 881 0008 0E       		.uleb128 0xe
 882 0009 1B       		.uleb128 0x1b
 883 000a 0E       		.uleb128 0xe
 884 000b 55       		.uleb128 0x55
 885 000c 17       		.uleb128 0x17
 886 000d 11       		.uleb128 0x11
 887 000e 01       		.uleb128 0x1
 888 000f 10       		.uleb128 0x10
 889 0010 17       		.uleb128 0x17
 890 0011 00       		.byte	0
 891 0012 00       		.byte	0
 892 0013 02       		.uleb128 0x2
 893 0014 24       		.uleb128 0x24
 894 0015 00       		.byte	0
 895 0016 0B       		.uleb128 0xb
 896 0017 0B       		.uleb128 0xb
 897 0018 3E       		.uleb128 0x3e
 898 0019 0B       		.uleb128 0xb
 899 001a 03       		.uleb128 0x3
 900 001b 08       		.uleb128 0x8
 901 001c 00       		.byte	0
 902 001d 00       		.byte	0
 903 001e 03       		.uleb128 0x3
 904 001f 16       		.uleb128 0x16
 905 0020 00       		.byte	0
 906 0021 03       		.uleb128 0x3
 907 0022 0E       		.uleb128 0xe
 908 0023 3A       		.uleb128 0x3a
 909 0024 0B       		.uleb128 0xb
 910 0025 3B       		.uleb128 0x3b
 911 0026 0B       		.uleb128 0xb
 912 0027 49       		.uleb128 0x49
 913 0028 13       		.uleb128 0x13
 914 0029 00       		.byte	0
 915 002a 00       		.byte	0
 916 002b 04       		.uleb128 0x4
 917 002c 24       		.uleb128 0x24
 918 002d 00       		.byte	0
 919 002e 0B       		.uleb128 0xb
 920 002f 0B       		.uleb128 0xb
 921 0030 3E       		.uleb128 0x3e
 922 0031 0B       		.uleb128 0xb
 923 0032 03       		.uleb128 0x3
ARM GAS  C:\Users\Shashwat\AppData\Local\Temp\ccsjkO7I.s 			page 24


 924 0033 0E       		.uleb128 0xe
 925 0034 00       		.byte	0
 926 0035 00       		.byte	0
 927 0036 05       		.uleb128 0x5
 928 0037 0F       		.uleb128 0xf
 929 0038 00       		.byte	0
 930 0039 0B       		.uleb128 0xb
 931 003a 0B       		.uleb128 0xb
 932 003b 00       		.byte	0
 933 003c 00       		.byte	0
 934 003d 06       		.uleb128 0x6
 935 003e 16       		.uleb128 0x16
 936 003f 00       		.byte	0
 937 0040 03       		.uleb128 0x3
 938 0041 0E       		.uleb128 0xe
 939 0042 3A       		.uleb128 0x3a
 940 0043 0B       		.uleb128 0xb
 941 0044 3B       		.uleb128 0x3b
 942 0045 05       		.uleb128 0x5
 943 0046 49       		.uleb128 0x49
 944 0047 13       		.uleb128 0x13
 945 0048 00       		.byte	0
 946 0049 00       		.byte	0
 947 004a 07       		.uleb128 0x7
 948 004b 35       		.uleb128 0x35
 949 004c 00       		.byte	0
 950 004d 49       		.uleb128 0x49
 951 004e 13       		.uleb128 0x13
 952 004f 00       		.byte	0
 953 0050 00       		.byte	0
 954 0051 08       		.uleb128 0x8
 955 0052 13       		.uleb128 0x13
 956 0053 01       		.byte	0x1
 957 0054 0B       		.uleb128 0xb
 958 0055 0B       		.uleb128 0xb
 959 0056 3A       		.uleb128 0x3a
 960 0057 0B       		.uleb128 0xb
 961 0058 3B       		.uleb128 0x3b
 962 0059 0B       		.uleb128 0xb
 963 005a 01       		.uleb128 0x1
 964 005b 13       		.uleb128 0x13
 965 005c 00       		.byte	0
 966 005d 00       		.byte	0
 967 005e 09       		.uleb128 0x9
 968 005f 0D       		.uleb128 0xd
 969 0060 00       		.byte	0
 970 0061 03       		.uleb128 0x3
 971 0062 0E       		.uleb128 0xe
 972 0063 3A       		.uleb128 0x3a
 973 0064 0B       		.uleb128 0xb
 974 0065 3B       		.uleb128 0x3b
 975 0066 0B       		.uleb128 0xb
 976 0067 49       		.uleb128 0x49
 977 0068 13       		.uleb128 0x13
 978 0069 38       		.uleb128 0x38
 979 006a 0B       		.uleb128 0xb
 980 006b 00       		.byte	0
ARM GAS  C:\Users\Shashwat\AppData\Local\Temp\ccsjkO7I.s 			page 25


 981 006c 00       		.byte	0
 982 006d 0A       		.uleb128 0xa
 983 006e 2E       		.uleb128 0x2e
 984 006f 01       		.byte	0x1
 985 0070 03       		.uleb128 0x3
 986 0071 0E       		.uleb128 0xe
 987 0072 3A       		.uleb128 0x3a
 988 0073 0B       		.uleb128 0xb
 989 0074 3B       		.uleb128 0x3b
 990 0075 0B       		.uleb128 0xb
 991 0076 27       		.uleb128 0x27
 992 0077 19       		.uleb128 0x19
 993 0078 11       		.uleb128 0x11
 994 0079 01       		.uleb128 0x1
 995 007a 12       		.uleb128 0x12
 996 007b 06       		.uleb128 0x6
 997 007c 40       		.uleb128 0x40
 998 007d 18       		.uleb128 0x18
 999 007e 9742     		.uleb128 0x2117
 1000 0080 19       		.uleb128 0x19
 1001 0081 01       		.uleb128 0x1
 1002 0082 13       		.uleb128 0x13
 1003 0083 00       		.byte	0
 1004 0084 00       		.byte	0
 1005 0085 0B       		.uleb128 0xb
 1006 0086 05       		.uleb128 0x5
 1007 0087 00       		.byte	0
 1008 0088 03       		.uleb128 0x3
 1009 0089 0E       		.uleb128 0xe
 1010 008a 3A       		.uleb128 0x3a
 1011 008b 0B       		.uleb128 0xb
 1012 008c 3B       		.uleb128 0x3b
 1013 008d 0B       		.uleb128 0xb
 1014 008e 49       		.uleb128 0x49
 1015 008f 13       		.uleb128 0x13
 1016 0090 02       		.uleb128 0x2
 1017 0091 18       		.uleb128 0x18
 1018 0092 00       		.byte	0
 1019 0093 00       		.byte	0
 1020 0094 0C       		.uleb128 0xc
 1021 0095 34       		.uleb128 0x34
 1022 0096 00       		.byte	0
 1023 0097 03       		.uleb128 0x3
 1024 0098 08       		.uleb128 0x8
 1025 0099 3A       		.uleb128 0x3a
 1026 009a 0B       		.uleb128 0xb
 1027 009b 3B       		.uleb128 0x3b
 1028 009c 0B       		.uleb128 0xb
 1029 009d 49       		.uleb128 0x49
 1030 009e 13       		.uleb128 0x13
 1031 009f 02       		.uleb128 0x2
 1032 00a0 17       		.uleb128 0x17
 1033 00a1 00       		.byte	0
 1034 00a2 00       		.byte	0
 1035 00a3 0D       		.uleb128 0xd
 1036 00a4 0B       		.uleb128 0xb
 1037 00a5 01       		.byte	0x1
ARM GAS  C:\Users\Shashwat\AppData\Local\Temp\ccsjkO7I.s 			page 26


 1038 00a6 11       		.uleb128 0x11
 1039 00a7 01       		.uleb128 0x1
 1040 00a8 12       		.uleb128 0x12
 1041 00a9 06       		.uleb128 0x6
 1042 00aa 00       		.byte	0
 1043 00ab 00       		.byte	0
 1044 00ac 0E       		.uleb128 0xe
 1045 00ad 34       		.uleb128 0x34
 1046 00ae 00       		.byte	0
 1047 00af 03       		.uleb128 0x3
 1048 00b0 0E       		.uleb128 0xe
 1049 00b1 3A       		.uleb128 0x3a
 1050 00b2 0B       		.uleb128 0xb
 1051 00b3 3B       		.uleb128 0x3b
 1052 00b4 0B       		.uleb128 0xb
 1053 00b5 49       		.uleb128 0x49
 1054 00b6 13       		.uleb128 0x13
 1055 00b7 02       		.uleb128 0x2
 1056 00b8 17       		.uleb128 0x17
 1057 00b9 00       		.byte	0
 1058 00ba 00       		.byte	0
 1059 00bb 0F       		.uleb128 0xf
 1060 00bc 0F       		.uleb128 0xf
 1061 00bd 00       		.byte	0
 1062 00be 0B       		.uleb128 0xb
 1063 00bf 0B       		.uleb128 0xb
 1064 00c0 49       		.uleb128 0x49
 1065 00c1 13       		.uleb128 0x13
 1066 00c2 00       		.byte	0
 1067 00c3 00       		.byte	0
 1068 00c4 10       		.uleb128 0x10
 1069 00c5 26       		.uleb128 0x26
 1070 00c6 00       		.byte	0
 1071 00c7 49       		.uleb128 0x49
 1072 00c8 13       		.uleb128 0x13
 1073 00c9 00       		.byte	0
 1074 00ca 00       		.byte	0
 1075 00cb 11       		.uleb128 0x11
 1076 00cc 05       		.uleb128 0x5
 1077 00cd 00       		.byte	0
 1078 00ce 03       		.uleb128 0x3
 1079 00cf 08       		.uleb128 0x8
 1080 00d0 3A       		.uleb128 0x3a
 1081 00d1 0B       		.uleb128 0xb
 1082 00d2 3B       		.uleb128 0x3b
 1083 00d3 0B       		.uleb128 0xb
 1084 00d4 49       		.uleb128 0x49
 1085 00d5 13       		.uleb128 0x13
 1086 00d6 02       		.uleb128 0x2
 1087 00d7 17       		.uleb128 0x17
 1088 00d8 00       		.byte	0
 1089 00d9 00       		.byte	0
 1090 00da 12       		.uleb128 0x12
 1091 00db 898201   		.uleb128 0x4109
 1092 00de 01       		.byte	0x1
 1093 00df 11       		.uleb128 0x11
 1094 00e0 01       		.uleb128 0x1
ARM GAS  C:\Users\Shashwat\AppData\Local\Temp\ccsjkO7I.s 			page 27


 1095 00e1 31       		.uleb128 0x31
 1096 00e2 13       		.uleb128 0x13
 1097 00e3 00       		.byte	0
 1098 00e4 00       		.byte	0
 1099 00e5 13       		.uleb128 0x13
 1100 00e6 8A8201   		.uleb128 0x410a
 1101 00e9 00       		.byte	0
 1102 00ea 02       		.uleb128 0x2
 1103 00eb 18       		.uleb128 0x18
 1104 00ec 9142     		.uleb128 0x2111
 1105 00ee 18       		.uleb128 0x18
 1106 00ef 00       		.byte	0
 1107 00f0 00       		.byte	0
 1108 00f1 14       		.uleb128 0x14
 1109 00f2 898201   		.uleb128 0x4109
 1110 00f5 01       		.byte	0x1
 1111 00f6 11       		.uleb128 0x11
 1112 00f7 01       		.uleb128 0x1
 1113 00f8 31       		.uleb128 0x31
 1114 00f9 13       		.uleb128 0x13
 1115 00fa 01       		.uleb128 0x1
 1116 00fb 13       		.uleb128 0x13
 1117 00fc 00       		.byte	0
 1118 00fd 00       		.byte	0
 1119 00fe 15       		.uleb128 0x15
 1120 00ff 2E       		.uleb128 0x2e
 1121 0100 01       		.byte	0x1
 1122 0101 3F       		.uleb128 0x3f
 1123 0102 19       		.uleb128 0x19
 1124 0103 03       		.uleb128 0x3
 1125 0104 0E       		.uleb128 0xe
 1126 0105 3A       		.uleb128 0x3a
 1127 0106 0B       		.uleb128 0xb
 1128 0107 3B       		.uleb128 0x3b
 1129 0108 05       		.uleb128 0x5
 1130 0109 27       		.uleb128 0x27
 1131 010a 19       		.uleb128 0x19
 1132 010b 11       		.uleb128 0x11
 1133 010c 01       		.uleb128 0x1
 1134 010d 12       		.uleb128 0x12
 1135 010e 06       		.uleb128 0x6
 1136 010f 40       		.uleb128 0x40
 1137 0110 18       		.uleb128 0x18
 1138 0111 9742     		.uleb128 0x2117
 1139 0113 19       		.uleb128 0x19
 1140 0114 01       		.uleb128 0x1
 1141 0115 13       		.uleb128 0x13
 1142 0116 00       		.byte	0
 1143 0117 00       		.byte	0
 1144 0118 16       		.uleb128 0x16
 1145 0119 0B       		.uleb128 0xb
 1146 011a 01       		.byte	0x1
 1147 011b 11       		.uleb128 0x11
 1148 011c 01       		.uleb128 0x1
 1149 011d 12       		.uleb128 0x12
 1150 011e 06       		.uleb128 0x6
 1151 011f 01       		.uleb128 0x1
ARM GAS  C:\Users\Shashwat\AppData\Local\Temp\ccsjkO7I.s 			page 28


 1152 0120 13       		.uleb128 0x13
 1153 0121 00       		.byte	0
 1154 0122 00       		.byte	0
 1155 0123 17       		.uleb128 0x17
 1156 0124 34       		.uleb128 0x34
 1157 0125 00       		.byte	0
 1158 0126 03       		.uleb128 0x3
 1159 0127 0E       		.uleb128 0xe
 1160 0128 3A       		.uleb128 0x3a
 1161 0129 0B       		.uleb128 0xb
 1162 012a 3B       		.uleb128 0x3b
 1163 012b 05       		.uleb128 0x5
 1164 012c 49       		.uleb128 0x49
 1165 012d 13       		.uleb128 0x13
 1166 012e 02       		.uleb128 0x2
 1167 012f 18       		.uleb128 0x18
 1168 0130 00       		.byte	0
 1169 0131 00       		.byte	0
 1170 0132 18       		.uleb128 0x18
 1171 0133 13       		.uleb128 0x13
 1172 0134 01       		.byte	0x1
 1173 0135 0B       		.uleb128 0xb
 1174 0136 0B       		.uleb128 0xb
 1175 0137 3A       		.uleb128 0x3a
 1176 0138 0B       		.uleb128 0xb
 1177 0139 3B       		.uleb128 0x3b
 1178 013a 05       		.uleb128 0x5
 1179 013b 01       		.uleb128 0x1
 1180 013c 13       		.uleb128 0x13
 1181 013d 00       		.byte	0
 1182 013e 00       		.byte	0
 1183 013f 19       		.uleb128 0x19
 1184 0140 0D       		.uleb128 0xd
 1185 0141 00       		.byte	0
 1186 0142 03       		.uleb128 0x3
 1187 0143 0E       		.uleb128 0xe
 1188 0144 3A       		.uleb128 0x3a
 1189 0145 0B       		.uleb128 0xb
 1190 0146 3B       		.uleb128 0x3b
 1191 0147 05       		.uleb128 0x5
 1192 0148 49       		.uleb128 0x49
 1193 0149 13       		.uleb128 0x13
 1194 014a 38       		.uleb128 0x38
 1195 014b 0B       		.uleb128 0xb
 1196 014c 00       		.byte	0
 1197 014d 00       		.byte	0
 1198 014e 1A       		.uleb128 0x1a
 1199 014f 01       		.uleb128 0x1
 1200 0150 01       		.byte	0x1
 1201 0151 49       		.uleb128 0x49
 1202 0152 13       		.uleb128 0x13
 1203 0153 01       		.uleb128 0x1
 1204 0154 13       		.uleb128 0x13
 1205 0155 00       		.byte	0
 1206 0156 00       		.byte	0
 1207 0157 1B       		.uleb128 0x1b
 1208 0158 21       		.uleb128 0x21
ARM GAS  C:\Users\Shashwat\AppData\Local\Temp\ccsjkO7I.s 			page 29


 1209 0159 00       		.byte	0
 1210 015a 49       		.uleb128 0x49
 1211 015b 13       		.uleb128 0x13
 1212 015c 2F       		.uleb128 0x2f
 1213 015d 0B       		.uleb128 0xb
 1214 015e 00       		.byte	0
 1215 015f 00       		.byte	0
 1216 0160 1C       		.uleb128 0x1c
 1217 0161 34       		.uleb128 0x34
 1218 0162 00       		.byte	0
 1219 0163 03       		.uleb128 0x3
 1220 0164 08       		.uleb128 0x8
 1221 0165 3A       		.uleb128 0x3a
 1222 0166 0B       		.uleb128 0xb
 1223 0167 3B       		.uleb128 0x3b
 1224 0168 05       		.uleb128 0x5
 1225 0169 49       		.uleb128 0x49
 1226 016a 13       		.uleb128 0x13
 1227 016b 02       		.uleb128 0x2
 1228 016c 17       		.uleb128 0x17
 1229 016d 00       		.byte	0
 1230 016e 00       		.byte	0
 1231 016f 1D       		.uleb128 0x1d
 1232 0170 898201   		.uleb128 0x4109
 1233 0173 00       		.byte	0
 1234 0174 11       		.uleb128 0x11
 1235 0175 01       		.uleb128 0x1
 1236 0176 31       		.uleb128 0x31
 1237 0177 13       		.uleb128 0x13
 1238 0178 00       		.byte	0
 1239 0179 00       		.byte	0
 1240 017a 1E       		.uleb128 0x1e
 1241 017b 2E       		.uleb128 0x2e
 1242 017c 00       		.byte	0
 1243 017d 3F       		.uleb128 0x3f
 1244 017e 19       		.uleb128 0x19
 1245 017f 3C       		.uleb128 0x3c
 1246 0180 19       		.uleb128 0x19
 1247 0181 6E       		.uleb128 0x6e
 1248 0182 0E       		.uleb128 0xe
 1249 0183 03       		.uleb128 0x3
 1250 0184 0E       		.uleb128 0xe
 1251 0185 00       		.byte	0
 1252 0186 00       		.byte	0
 1253 0187 1F       		.uleb128 0x1f
 1254 0188 2E       		.uleb128 0x2e
 1255 0189 00       		.byte	0
 1256 018a 3F       		.uleb128 0x3f
 1257 018b 19       		.uleb128 0x19
 1258 018c 3C       		.uleb128 0x3c
 1259 018d 19       		.uleb128 0x19
 1260 018e 6E       		.uleb128 0x6e
 1261 018f 0E       		.uleb128 0xe
 1262 0190 03       		.uleb128 0x3
 1263 0191 0E       		.uleb128 0xe
 1264 0192 3A       		.uleb128 0x3a
 1265 0193 0B       		.uleb128 0xb
ARM GAS  C:\Users\Shashwat\AppData\Local\Temp\ccsjkO7I.s 			page 30


 1266 0194 3B       		.uleb128 0x3b
 1267 0195 0B       		.uleb128 0xb
 1268 0196 00       		.byte	0
 1269 0197 00       		.byte	0
 1270 0198 00       		.byte	0
 1271              		.section	.debug_loc,"",%progbits
 1272              	.Ldebug_loc0:
 1273              	.LLST0:
 1274 0000 02000000 		.4byte	.LVL1
 1275 0004 08000000 		.4byte	.LVL2
 1276 0008 0200     		.2byte	0x2
 1277 000a 30       		.byte	0x30
 1278 000b 9F       		.byte	0x9f
 1279 000c 08000000 		.4byte	.LVL2
 1280 0010 30000000 		.4byte	.LVL11
 1281 0014 0100     		.2byte	0x1
 1282 0016 57       		.byte	0x57
 1283 0017 00000000 		.4byte	0
 1284 001b 00000000 		.4byte	0
 1285              	.LLST1:
 1286 001f 02000000 		.4byte	.LVL1
 1287 0023 08000000 		.4byte	.LVL2
 1288 0027 0200     		.2byte	0x2
 1289 0029 30       		.byte	0x30
 1290 002a 9F       		.byte	0x9f
 1291 002b 08000000 		.4byte	.LVL2
 1292 002f 30000000 		.4byte	.LVL10
 1293 0033 0100     		.2byte	0x1
 1294 0035 55       		.byte	0x55
 1295 0036 00000000 		.4byte	0
 1296 003a 00000000 		.4byte	0
 1297              	.LLST2:
 1298 003e 0C000000 		.4byte	.LVL3
 1299 0042 2C000000 		.4byte	.LVL9
 1300 0046 0100     		.2byte	0x1
 1301 0048 56       		.byte	0x56
 1302 0049 00000000 		.4byte	0
 1303 004d 00000000 		.4byte	0
 1304              	.LLST3:
 1305 0051 0E000000 		.4byte	.LVL4
 1306 0055 24000000 		.4byte	.LVL7
 1307 0059 0100     		.2byte	0x1
 1308 005b 53       		.byte	0x53
 1309 005c 26000000 		.4byte	.LVL8
 1310 0060 2C000000 		.4byte	.LVL9
 1311 0064 0100     		.2byte	0x1
 1312 0066 53       		.byte	0x53
 1313 0067 00000000 		.4byte	0
 1314 006b 00000000 		.4byte	0
 1315              	.LLST4:
 1316 006f 00000000 		.4byte	.LVL12
 1317 0073 09000000 		.4byte	.LVL14-1
 1318 0077 0100     		.2byte	0x1
 1319 0079 50       		.byte	0x50
 1320 007a 09000000 		.4byte	.LVL14-1
 1321 007e 0C000000 		.4byte	.LFE0
 1322 0082 0400     		.2byte	0x4
ARM GAS  C:\Users\Shashwat\AppData\Local\Temp\ccsjkO7I.s 			page 31


 1323 0084 F3       		.byte	0xf3
 1324 0085 01       		.uleb128 0x1
 1325 0086 50       		.byte	0x50
 1326 0087 9F       		.byte	0x9f
 1327 0088 00000000 		.4byte	0
 1328 008c 00000000 		.4byte	0
 1329              	.LLST5:
 1330 0090 00000000 		.4byte	.LVL12
 1331 0094 06000000 		.4byte	.LVL13
 1332 0098 0100     		.2byte	0x1
 1333 009a 51       		.byte	0x51
 1334 009b 06000000 		.4byte	.LVL13
 1335 009f 09000000 		.4byte	.LVL14-1
 1336 00a3 0100     		.2byte	0x1
 1337 00a5 52       		.byte	0x52
 1338 00a6 09000000 		.4byte	.LVL14-1
 1339 00aa 0C000000 		.4byte	.LFE0
 1340 00ae 0400     		.2byte	0x4
 1341 00b0 F3       		.byte	0xf3
 1342 00b1 01       		.uleb128 0x1
 1343 00b2 51       		.byte	0x51
 1344 00b3 9F       		.byte	0x9f
 1345 00b4 00000000 		.4byte	0
 1346 00b8 00000000 		.4byte	0
 1347              	.LLST6:
 1348 00bc 88000000 		.4byte	.LVL18
 1349 00c0 8C000000 		.4byte	.LVL19
 1350 00c4 0200     		.2byte	0x2
 1351 00c6 30       		.byte	0x30
 1352 00c7 9F       		.byte	0x9f
 1353 00c8 8C000000 		.4byte	.LVL19
 1354 00cc AA000000 		.4byte	.LVL21
 1355 00d0 0100     		.2byte	0x1
 1356 00d2 54       		.byte	0x54
 1357 00d3 AC000000 		.4byte	.LVL22
 1358 00d7 24010000 		.4byte	.LVL25
 1359 00db 0100     		.2byte	0x1
 1360 00dd 54       		.byte	0x54
 1361 00de 00000000 		.4byte	0
 1362 00e2 00000000 		.4byte	0
 1363              	.LLST7:
 1364 00e6 8C000000 		.4byte	.LVL19
 1365 00ea AA000000 		.4byte	.LVL21
 1366 00ee 0B00     		.2byte	0xb
 1367 00f0 74       		.byte	0x74
 1368 00f1 00       		.sleb128 0
 1369 00f2 36       		.byte	0x36
 1370 00f3 1E       		.byte	0x1e
 1371 00f4 03       		.byte	0x3
 1372 00f5 00000000 		.4byte	cfg_memset_list.4870
 1373 00f9 22       		.byte	0x22
 1374 00fa 9F       		.byte	0x9f
 1375 00fb AA000000 		.4byte	.LVL21
 1376 00ff AC000000 		.4byte	.LVL22
 1377 0103 0B00     		.2byte	0xb
 1378 0105 74       		.byte	0x74
 1379 0106 7F       		.sleb128 -1
ARM GAS  C:\Users\Shashwat\AppData\Local\Temp\ccsjkO7I.s 			page 32


 1380 0107 36       		.byte	0x36
 1381 0108 1E       		.byte	0x1e
 1382 0109 03       		.byte	0x3
 1383 010a 00000000 		.4byte	cfg_memset_list.4870
 1384 010e 22       		.byte	0x22
 1385 010f 9F       		.byte	0x9f
 1386 0110 00000000 		.4byte	0
 1387 0114 00000000 		.4byte	0
 1388              		.section	.debug_aranges,"",%progbits
 1389 0000 34000000 		.4byte	0x34
 1390 0004 0200     		.2byte	0x2
 1391 0006 00000000 		.4byte	.Ldebug_info0
 1392 000a 04       		.byte	0x4
 1393 000b 00       		.byte	0
 1394 000c 0000     		.2byte	0
 1395 000e 0000     		.2byte	0
 1396 0010 00000000 		.4byte	.LFB3
 1397 0014 32000000 		.4byte	.LFE3-.LFB3
 1398 0018 00000000 		.4byte	.LFB0
 1399 001c 0C000000 		.4byte	.LFE0-.LFB0
 1400 0020 00000000 		.4byte	.LFB4
 1401 0024 84000000 		.4byte	.LFE4-.LFB4
 1402 0028 84000000 		.4byte	.LFB6
 1403 002c DC000000 		.4byte	.LFE6-.LFB6
 1404 0030 00000000 		.4byte	0
 1405 0034 00000000 		.4byte	0
 1406              		.section	.debug_ranges,"",%progbits
 1407              	.Ldebug_ranges0:
 1408 0000 00000000 		.4byte	.LFB3
 1409 0004 32000000 		.4byte	.LFE3
 1410 0008 00000000 		.4byte	.LFB0
 1411 000c 0C000000 		.4byte	.LFE0
 1412 0010 00000000 		.4byte	.LFB4
 1413 0014 84000000 		.4byte	.LFE4
 1414 0018 84000000 		.4byte	.LFB6
 1415 001c 60010000 		.4byte	.LFE6
 1416 0020 00000000 		.4byte	0
 1417 0024 00000000 		.4byte	0
 1418              		.section	.debug_line,"",%progbits
 1419              	.Ldebug_line0:
 1420 0000 5D010000 		.section	.debug_str,"MS",%progbits,1
 1420      0200D600 
 1420      00000201 
 1420      FB0E0D00 
 1420      01010101 
 1421              	.LASF19:
 1422 0000 72656733 		.ascii	"reg32\000"
 1422      3200
 1423              	.LASF12:
 1424 0006 73697A65 		.ascii	"size_t\000"
 1424      5F7400
 1425              	.LASF37:
 1426 000d 4379496E 		.ascii	"CyIntSetVector\000"
 1426      74536574 
 1426      56656374 
 1426      6F7200
 1427              	.LASF21:
ARM GAS  C:\Users\Shashwat\AppData\Local\Temp\ccsjkO7I.s 			page 33


 1428 001c 76616C75 		.ascii	"value\000"
 1428      6500
 1429              	.LASF26:
 1430 0022 636F756E 		.ascii	"count\000"
 1430      7400
 1431              	.LASF29:
 1432 0028 436C6F63 		.ascii	"ClockSetup\000"
 1432      6B536574 
 1432      757000
 1433              	.LASF30:
 1434 0033 63795F63 		.ascii	"cy_cfg_addr_table\000"
 1434      66675F61 
 1434      6464725F 
 1434      7461626C 
 1434      6500
 1435              	.LASF31:
 1436 0045 63795F63 		.ascii	"cy_cfg_data_table\000"
 1436      66675F64 
 1436      6174615F 
 1436      7461626C 
 1436      6500
 1437              	.LASF16:
 1438 0057 666C6F61 		.ascii	"float\000"
 1438      7400
 1439              	.LASF35:
 1440 005d 6366675F 		.ascii	"cfg_memset_list\000"
 1440      6D656D73 
 1440      65745F6C 
 1440      69737400 
 1441              	.LASF33:
 1442 006d 73697A65 		.ascii	"size\000"
 1442      00
 1443              	.LASF18:
 1444 0072 72656738 		.ascii	"reg8\000"
 1444      00
 1445              	.LASF8:
 1446 0077 6C6F6E67 		.ascii	"long unsigned int\000"
 1446      20756E73 
 1446      69676E65 
 1446      6420696E 
 1446      7400
 1447              	.LASF13:
 1448 0089 75696E74 		.ascii	"uint8\000"
 1448      3800
 1449              	.LASF28:
 1450 008f 43594D45 		.ascii	"CYMEMZERO\000"
 1450      4D5A4552 
 1450      4F00
 1451              	.LASF4:
 1452 0099 756E7369 		.ascii	"unsigned char\000"
 1452      676E6564 
 1452      20636861 
 1452      7200
 1453              	.LASF43:
 1454 00a7 6D656D73 		.ascii	"memset\000"
 1454      657400
 1455              	.LASF17:
ARM GAS  C:\Users\Shashwat\AppData\Local\Temp\ccsjkO7I.s 			page 34


 1456 00ae 646F7562 		.ascii	"double\000"
 1456      6C6500
 1457              	.LASF27:
 1458 00b5 6366675F 		.ascii	"cfg_write_bytes32\000"
 1458      77726974 
 1458      655F6279 
 1458      74657333 
 1458      3200
 1459              	.LASF38:
 1460 00c7 4379496E 		.ascii	"CyIntEnable\000"
 1460      74456E61 
 1460      626C6500 
 1461              	.LASF23:
 1462 00d3 61646472 		.ascii	"addr_table\000"
 1462      5F746162 
 1462      6C6500
 1463              	.LASF14:
 1464 00de 75696E74 		.ascii	"uint16\000"
 1464      313600
 1465              	.LASF24:
 1466 00e5 64617461 		.ascii	"data_table\000"
 1466      5F746162 
 1466      6C6500
 1467              	.LASF15:
 1468 00f0 75696E74 		.ascii	"uint32\000"
 1468      333200
 1469              	.LASF0:
 1470 00f7 756E7369 		.ascii	"unsigned int\000"
 1470      676E6564 
 1470      20696E74 
 1470      00
 1471              	.LASF42:
 1472 0104 63796669 		.ascii	"cyfitter_cfg\000"
 1472      74746572 
 1472      5F636667 
 1472      00
 1473              	.LASF32:
 1474 0111 61646472 		.ascii	"address\000"
 1474      65737300 
 1475              	.LASF9:
 1476 0119 6C6F6E67 		.ascii	"long long unsigned int\000"
 1476      206C6F6E 
 1476      6720756E 
 1476      7369676E 
 1476      65642069 
 1477              	.LASF39:
 1478 0130 474E5520 		.ascii	"GNU C11 5.4.1 20160609 (release) [ARM/embedded-5-br"
 1478      43313120 
 1478      352E342E 
 1478      31203230 
 1478      31363036 
 1479 0163 616E6368 		.ascii	"anch revision 237715] -mcpu=cortex-m0 -mthumb -g -O"
 1479      20726576 
 1479      6973696F 
 1479      6E203233 
 1479      37373135 
 1480 0196 67202D66 		.ascii	"g -ffunction-sections -ffat-lto-objects\000"
ARM GAS  C:\Users\Shashwat\AppData\Local\Temp\ccsjkO7I.s 			page 35


 1480      66756E63 
 1480      74696F6E 
 1480      2D736563 
 1480      74696F6E 
 1481              	.LASF34:
 1482 01be 6366675F 		.ascii	"cfg_memset_t\000"
 1482      6D656D73 
 1482      65745F74 
 1482      00
 1483              	.LASF25:
 1484 01cb 62617365 		.ascii	"baseAddr\000"
 1484      41646472 
 1484      00
 1485              	.LASF10:
 1486 01d4 73697A65 		.ascii	"sizetype\000"
 1486      74797065 
 1486      00
 1487              	.LASF6:
 1488 01dd 73686F72 		.ascii	"short unsigned int\000"
 1488      7420756E 
 1488      7369676E 
 1488      65642069 
 1488      6E7400
 1489              	.LASF1:
 1490 01f0 6C6F6E67 		.ascii	"long long int\000"
 1490      206C6F6E 
 1490      6720696E 
 1490      7400
 1491              	.LASF11:
 1492 01fe 63686172 		.ascii	"char\000"
 1492      00
 1493              	.LASF22:
 1494 0203 63795F63 		.ascii	"cy_cfg_addrvalue_t\000"
 1494      66675F61 
 1494      64647276 
 1494      616C7565 
 1494      5F7400
 1495              	.LASF20:
 1496 0216 6F666673 		.ascii	"offset\000"
 1496      657400
 1497              	.LASF5:
 1498 021d 73686F72 		.ascii	"short int\000"
 1498      7420696E 
 1498      7400
 1499              	.LASF36:
 1500 0227 43795379 		.ascii	"CySysClkWriteImoFreq\000"
 1500      73436C6B 
 1500      57726974 
 1500      65496D6F 
 1500      46726571 
 1501              	.LASF41:
 1502 023c 433A5C55 		.ascii	"C:\\Users\\Shashwat\\Documents\\PSoC Creator\\Empty"
 1502      73657273 
 1502      5C536861 
 1502      73687761 
 1502      745C446F 
 1503 026a 5C426C69 		.ascii	"\\Blink_With_Clock.cydsn\000"
ARM GAS  C:\Users\Shashwat\AppData\Local\Temp\ccsjkO7I.s 			page 36


 1503      6E6B5F57 
 1503      6974685F 
 1503      436C6F63 
 1503      6B2E6379 
 1504              	.LASF7:
 1505 0282 6C6F6E67 		.ascii	"long int\000"
 1505      20696E74 
 1505      00
 1506              	.LASF2:
 1507 028b 6C6F6E67 		.ascii	"long double\000"
 1507      20646F75 
 1507      626C6500 
 1508              	.LASF3:
 1509 0297 7369676E 		.ascii	"signed char\000"
 1509      65642063 
 1509      68617200 
 1510              	.LASF40:
 1511 02a3 47656E65 		.ascii	"Generated_Source\\PSoC4\\cyfitter_cfg.c\000"
 1511      72617465 
 1511      645F536F 
 1511      75726365 
 1511      5C50536F 
 1512              		.ident	"GCC: (GNU Tools for ARM Embedded Processors) 5.4.1 20160609 (release) [ARM/embedded-5-bran
