ARM GAS  C:\Users\srhi\AppData\Local\Temp\ccEpy3FB.s 			page 1


   1              		.syntax unified
   2              		.cpu cortex-m0
   3              		.fpu softvfp
   4              		.eabi_attribute 20, 1
   5              		.eabi_attribute 21, 1
   6              		.eabi_attribute 23, 3
   7              		.eabi_attribute 24, 1
   8              		.eabi_attribute 25, 1
   9              		.eabi_attribute 26, 1
  10              		.eabi_attribute 30, 1
  11              		.eabi_attribute 34, 0
  12              		.eabi_attribute 18, 4
  13              		.thumb
  14              		.syntax unified
  15              		.file	"main.c"
  16              		.text
  17              	.Ltext0:
  18              		.cfi_sections	.debug_frame
  19              		.section	.text.l42,"ax",%progbits
  20              		.align	2
  21              		.global	l42
  22              		.code	16
  23              		.thumb_func
  24              		.type	l42, %function
  25              	l42:
  26              	.LFB32:
  27              		.file 1 "main.c"
   1:main.c        **** /* ========================================
   2:main.c        ****  *
   3:main.c        ****  * Copyright YOUR COMPANY, THE YEAR
   4:main.c        ****  * All Rights Reserved
   5:main.c        ****  * UNPUBLISHED, LICENSED SOFTWARE.
   6:main.c        ****  *
   7:main.c        ****  * CONFIDENTIAL AND PROPRIETARY INFORMATION
   8:main.c        ****  * WHICH IS THE PROPERTY OF your company.
   9:main.c        ****  *
  10:main.c        ****  * ========================================
  11:main.c        **** */
  12:main.c        **** #include "project.h"
  13:main.c        **** #define ON (0)
  14:main.c        **** #define OFF (1)
  15:main.c        **** void l42(){
  28              		.loc 1 15 0
  29              		.cfi_startproc
  30              		@ Volatile: function does not return.
  31              		@ args = 0, pretend = 0, frame = 0
  32              		@ frame_needed = 0, uses_anonymous_args = 0
  33 0000 10B5     		push	{r4, lr}
  34              		.cfi_def_cfa_offset 8
  35              		.cfi_offset 4, -8
  36              		.cfi_offset 14, -4
  37              	.L2:
  16:main.c        ****     for(;;)
  17:main.c        ****     {
  18:main.c        ****         /* Place your application code here. */
  19:main.c        ****         if ( button_Read() == OFF ){
  38              		.loc 1 19 0
ARM GAS  C:\Users\srhi\AppData\Local\Temp\ccEpy3FB.s 			page 2


  39 0002 FFF7FEFF 		bl	button_Read
  40              	.LVL0:
  41 0006 0128     		cmp	r0, #1
  42 0008 03D1     		bne	.L3
  20:main.c        ****             Pin_blue_Write( ON );
  43              		.loc 1 20 0
  44 000a 0020     		movs	r0, #0
  45 000c FFF7FEFF 		bl	Pin_blue_Write
  46              	.LVL1:
  47 0010 F7E7     		b	.L2
  48              	.L3:
  21:main.c        ****         }else {
  22:main.c        ****             Pin_blue_Write( OFF );
  49              		.loc 1 22 0
  50 0012 0120     		movs	r0, #1
  51 0014 FFF7FEFF 		bl	Pin_blue_Write
  52              	.LVL2:
  53 0018 F3E7     		b	.L2
  54              		.cfi_endproc
  55              	.LFE32:
  56              		.size	l42, .-l42
  57 001a C046     		.section	.text.main,"ax",%progbits
  58              		.align	2
  59              		.global	main
  60              		.code	16
  61              		.thumb_func
  62              		.type	main, %function
  63              	main:
  64              	.LFB33:
  23:main.c        ****         }
  24:main.c        ****     }
  25:main.c        **** }
  26:main.c        ****     
  27:main.c        **** int main(void)
  28:main.c        **** {
  65              		.loc 1 28 0
  66              		.cfi_startproc
  67              		@ Volatile: function does not return.
  68              		@ args = 0, pretend = 0, frame = 0
  69              		@ frame_needed = 0, uses_anonymous_args = 0
  70 0000 10B5     		push	{r4, lr}
  71              		.cfi_def_cfa_offset 8
  72              		.cfi_offset 4, -8
  73              		.cfi_offset 14, -4
  29:main.c        ****     CyGlobalIntEnable; /* Enable global interrupts. */
  74              		.loc 1 29 0
  75              		.syntax divided
  76              	@ 29 "main.c" 1
  77 0002 62B6     		CPSIE   i
  78              	@ 0 "" 2
  79              		.thumb
  80              		.syntax unified
  81              	.L6:
  30:main.c        **** 
  31:main.c        ****     /* Place your initialization/startup code here (e.g. MyInst_Start()) */
  32:main.c        ****     //Pin_green_Write( ON );
  33:main.c        ****     for(;;)
ARM GAS  C:\Users\srhi\AppData\Local\Temp\ccEpy3FB.s 			page 3


  34:main.c        ****     {
  35:main.c        ****         /* Place your application code here. */
  36:main.c        ****         if ( button_Read() == ON ){
  82              		.loc 1 36 0
  83 0004 FFF7FEFF 		bl	button_Read
  84              	.LVL3:
  85 0008 0028     		cmp	r0, #0
  86 000a 02D1     		bne	.L7
  37:main.c        ****             Pin_blue_Write( ON );
  87              		.loc 1 37 0
  88 000c FFF7FEFF 		bl	Pin_blue_Write
  89              	.LVL4:
  90 0010 F8E7     		b	.L6
  91              	.L7:
  38:main.c        ****         }else {
  39:main.c        ****             Pin_blue_Write( OFF );
  92              		.loc 1 39 0
  93 0012 0120     		movs	r0, #1
  94 0014 FFF7FEFF 		bl	Pin_blue_Write
  95              	.LVL5:
  96 0018 F4E7     		b	.L6
  97              		.cfi_endproc
  98              	.LFE33:
  99              		.size	main, .-main
 100 001a C046     		.text
 101              	.Letext0:
 102              		.file 2 "Generated_Source\\PSoC4/button.h"
 103              		.file 3 "Generated_Source\\PSoC4/Pin_blue.h"
 104              		.section	.debug_info,"",%progbits
 105              	.Ldebug_info0:
 106 0000 1D010000 		.4byte	0x11d
 107 0004 0400     		.2byte	0x4
 108 0006 00000000 		.4byte	.Ldebug_abbrev0
 109 000a 04       		.byte	0x4
 110 000b 01       		.uleb128 0x1
 111 000c CA000000 		.4byte	.LASF16
 112 0010 0C       		.byte	0xc
 113 0011 1B000000 		.4byte	.LASF17
 114 0015 71000000 		.4byte	.LASF18
 115 0019 00000000 		.4byte	.Ldebug_ranges0+0
 116 001d 00000000 		.4byte	0
 117 0021 00000000 		.4byte	.Ldebug_line0
 118 0025 02       		.uleb128 0x2
 119 0026 01       		.byte	0x1
 120 0027 06       		.byte	0x6
 121 0028 6B010000 		.4byte	.LASF0
 122 002c 02       		.uleb128 0x2
 123 002d 01       		.byte	0x1
 124 002e 08       		.byte	0x8
 125 002f A7000000 		.4byte	.LASF1
 126 0033 02       		.uleb128 0x2
 127 0034 02       		.byte	0x2
 128 0035 05       		.byte	0x5
 129 0036 8C010000 		.4byte	.LASF2
 130 003a 02       		.uleb128 0x2
 131 003b 02       		.byte	0x2
 132 003c 07       		.byte	0x7
ARM GAS  C:\Users\srhi\AppData\Local\Temp\ccEpy3FB.s 			page 4


 133 003d 58010000 		.4byte	.LASF3
 134 0041 02       		.uleb128 0x2
 135 0042 04       		.byte	0x4
 136 0043 05       		.byte	0x5
 137 0044 BA000000 		.4byte	.LASF4
 138 0048 02       		.uleb128 0x2
 139 0049 04       		.byte	0x4
 140 004a 07       		.byte	0x7
 141 004b 36000000 		.4byte	.LASF5
 142 004f 02       		.uleb128 0x2
 143 0050 08       		.byte	0x8
 144 0051 05       		.byte	0x5
 145 0052 00000000 		.4byte	.LASF6
 146 0056 02       		.uleb128 0x2
 147 0057 08       		.byte	0x8
 148 0058 07       		.byte	0x7
 149 0059 48000000 		.4byte	.LASF7
 150 005d 03       		.uleb128 0x3
 151 005e 04       		.byte	0x4
 152 005f 05       		.byte	0x5
 153 0060 696E7400 		.ascii	"int\000"
 154 0064 02       		.uleb128 0x2
 155 0065 04       		.byte	0x4
 156 0066 07       		.byte	0x7
 157 0067 0E000000 		.4byte	.LASF8
 158 006b 02       		.uleb128 0x2
 159 006c 04       		.byte	0x4
 160 006d 04       		.byte	0x4
 161 006e 6B000000 		.4byte	.LASF9
 162 0072 02       		.uleb128 0x2
 163 0073 08       		.byte	0x8
 164 0074 04       		.byte	0x4
 165 0075 C3000000 		.4byte	.LASF10
 166 0079 02       		.uleb128 0x2
 167 007a 01       		.byte	0x1
 168 007b 08       		.byte	0x8
 169 007c B5000000 		.4byte	.LASF11
 170 0080 02       		.uleb128 0x2
 171 0081 04       		.byte	0x4
 172 0082 07       		.byte	0x7
 173 0083 83010000 		.4byte	.LASF12
 174 0087 02       		.uleb128 0x2
 175 0088 08       		.byte	0x8
 176 0089 04       		.byte	0x4
 177 008a 77010000 		.4byte	.LASF13
 178 008e 04       		.uleb128 0x4
 179 008f 6C343200 		.ascii	"l42\000"
 180 0093 01       		.byte	0x1
 181 0094 0F       		.byte	0xf
 182 0095 00000000 		.4byte	.LFB32
 183 0099 1A000000 		.4byte	.LFE32-.LFB32
 184 009d 01       		.uleb128 0x1
 185 009e 9C       		.byte	0x9c
 186 009f CF000000 		.4byte	0xcf
 187 00a3 05       		.uleb128 0x5
 188 00a4 06000000 		.4byte	.LVL0
 189 00a8 0A010000 		.4byte	0x10a
ARM GAS  C:\Users\srhi\AppData\Local\Temp\ccEpy3FB.s 			page 5


 190 00ac 06       		.uleb128 0x6
 191 00ad 10000000 		.4byte	.LVL1
 192 00b1 15010000 		.4byte	0x115
 193 00b5 BF000000 		.4byte	0xbf
 194 00b9 07       		.uleb128 0x7
 195 00ba 01       		.uleb128 0x1
 196 00bb 50       		.byte	0x50
 197 00bc 01       		.uleb128 0x1
 198 00bd 30       		.byte	0x30
 199 00be 00       		.byte	0
 200 00bf 08       		.uleb128 0x8
 201 00c0 18000000 		.4byte	.LVL2
 202 00c4 15010000 		.4byte	0x115
 203 00c8 07       		.uleb128 0x7
 204 00c9 01       		.uleb128 0x1
 205 00ca 50       		.byte	0x50
 206 00cb 01       		.uleb128 0x1
 207 00cc 31       		.byte	0x31
 208 00cd 00       		.byte	0
 209 00ce 00       		.byte	0
 210 00cf 09       		.uleb128 0x9
 211 00d0 22000000 		.4byte	.LASF19
 212 00d4 01       		.byte	0x1
 213 00d5 1B       		.byte	0x1b
 214 00d6 5D000000 		.4byte	0x5d
 215 00da 00000000 		.4byte	.LFB33
 216 00de 1A000000 		.4byte	.LFE33-.LFB33
 217 00e2 01       		.uleb128 0x1
 218 00e3 9C       		.byte	0x9c
 219 00e4 0A010000 		.4byte	0x10a
 220 00e8 05       		.uleb128 0x5
 221 00e9 08000000 		.4byte	.LVL3
 222 00ed 0A010000 		.4byte	0x10a
 223 00f1 05       		.uleb128 0x5
 224 00f2 10000000 		.4byte	.LVL4
 225 00f6 15010000 		.4byte	0x115
 226 00fa 08       		.uleb128 0x8
 227 00fb 18000000 		.4byte	.LVL5
 228 00ff 15010000 		.4byte	0x115
 229 0103 07       		.uleb128 0x7
 230 0104 01       		.uleb128 0x1
 231 0105 50       		.byte	0x50
 232 0106 01       		.uleb128 0x1
 233 0107 31       		.byte	0x31
 234 0108 00       		.byte	0
 235 0109 00       		.byte	0
 236 010a 0A       		.uleb128 0xa
 237 010b 5F000000 		.4byte	.LASF14
 238 010f 5F000000 		.4byte	.LASF14
 239 0113 02       		.byte	0x2
 240 0114 32       		.byte	0x32
 241 0115 0A       		.uleb128 0xa
 242 0116 27000000 		.4byte	.LASF15
 243 011a 27000000 		.4byte	.LASF15
 244 011e 03       		.byte	0x3
 245 011f 33       		.byte	0x33
 246 0120 00       		.byte	0
ARM GAS  C:\Users\srhi\AppData\Local\Temp\ccEpy3FB.s 			page 6


 247              		.section	.debug_abbrev,"",%progbits
 248              	.Ldebug_abbrev0:
 249 0000 01       		.uleb128 0x1
 250 0001 11       		.uleb128 0x11
 251 0002 01       		.byte	0x1
 252 0003 25       		.uleb128 0x25
 253 0004 0E       		.uleb128 0xe
 254 0005 13       		.uleb128 0x13
 255 0006 0B       		.uleb128 0xb
 256 0007 03       		.uleb128 0x3
 257 0008 0E       		.uleb128 0xe
 258 0009 1B       		.uleb128 0x1b
 259 000a 0E       		.uleb128 0xe
 260 000b 55       		.uleb128 0x55
 261 000c 17       		.uleb128 0x17
 262 000d 11       		.uleb128 0x11
 263 000e 01       		.uleb128 0x1
 264 000f 10       		.uleb128 0x10
 265 0010 17       		.uleb128 0x17
 266 0011 00       		.byte	0
 267 0012 00       		.byte	0
 268 0013 02       		.uleb128 0x2
 269 0014 24       		.uleb128 0x24
 270 0015 00       		.byte	0
 271 0016 0B       		.uleb128 0xb
 272 0017 0B       		.uleb128 0xb
 273 0018 3E       		.uleb128 0x3e
 274 0019 0B       		.uleb128 0xb
 275 001a 03       		.uleb128 0x3
 276 001b 0E       		.uleb128 0xe
 277 001c 00       		.byte	0
 278 001d 00       		.byte	0
 279 001e 03       		.uleb128 0x3
 280 001f 24       		.uleb128 0x24
 281 0020 00       		.byte	0
 282 0021 0B       		.uleb128 0xb
 283 0022 0B       		.uleb128 0xb
 284 0023 3E       		.uleb128 0x3e
 285 0024 0B       		.uleb128 0xb
 286 0025 03       		.uleb128 0x3
 287 0026 08       		.uleb128 0x8
 288 0027 00       		.byte	0
 289 0028 00       		.byte	0
 290 0029 04       		.uleb128 0x4
 291 002a 2E       		.uleb128 0x2e
 292 002b 01       		.byte	0x1
 293 002c 3F       		.uleb128 0x3f
 294 002d 19       		.uleb128 0x19
 295 002e 03       		.uleb128 0x3
 296 002f 08       		.uleb128 0x8
 297 0030 3A       		.uleb128 0x3a
 298 0031 0B       		.uleb128 0xb
 299 0032 3B       		.uleb128 0x3b
 300 0033 0B       		.uleb128 0xb
 301 0034 8701     		.uleb128 0x87
 302 0036 19       		.uleb128 0x19
 303 0037 11       		.uleb128 0x11
ARM GAS  C:\Users\srhi\AppData\Local\Temp\ccEpy3FB.s 			page 7


 304 0038 01       		.uleb128 0x1
 305 0039 12       		.uleb128 0x12
 306 003a 06       		.uleb128 0x6
 307 003b 40       		.uleb128 0x40
 308 003c 18       		.uleb128 0x18
 309 003d 9742     		.uleb128 0x2117
 310 003f 19       		.uleb128 0x19
 311 0040 01       		.uleb128 0x1
 312 0041 13       		.uleb128 0x13
 313 0042 00       		.byte	0
 314 0043 00       		.byte	0
 315 0044 05       		.uleb128 0x5
 316 0045 898201   		.uleb128 0x4109
 317 0048 00       		.byte	0
 318 0049 11       		.uleb128 0x11
 319 004a 01       		.uleb128 0x1
 320 004b 31       		.uleb128 0x31
 321 004c 13       		.uleb128 0x13
 322 004d 00       		.byte	0
 323 004e 00       		.byte	0
 324 004f 06       		.uleb128 0x6
 325 0050 898201   		.uleb128 0x4109
 326 0053 01       		.byte	0x1
 327 0054 11       		.uleb128 0x11
 328 0055 01       		.uleb128 0x1
 329 0056 31       		.uleb128 0x31
 330 0057 13       		.uleb128 0x13
 331 0058 01       		.uleb128 0x1
 332 0059 13       		.uleb128 0x13
 333 005a 00       		.byte	0
 334 005b 00       		.byte	0
 335 005c 07       		.uleb128 0x7
 336 005d 8A8201   		.uleb128 0x410a
 337 0060 00       		.byte	0
 338 0061 02       		.uleb128 0x2
 339 0062 18       		.uleb128 0x18
 340 0063 9142     		.uleb128 0x2111
 341 0065 18       		.uleb128 0x18
 342 0066 00       		.byte	0
 343 0067 00       		.byte	0
 344 0068 08       		.uleb128 0x8
 345 0069 898201   		.uleb128 0x4109
 346 006c 01       		.byte	0x1
 347 006d 11       		.uleb128 0x11
 348 006e 01       		.uleb128 0x1
 349 006f 31       		.uleb128 0x31
 350 0070 13       		.uleb128 0x13
 351 0071 00       		.byte	0
 352 0072 00       		.byte	0
 353 0073 09       		.uleb128 0x9
 354 0074 2E       		.uleb128 0x2e
 355 0075 01       		.byte	0x1
 356 0076 3F       		.uleb128 0x3f
 357 0077 19       		.uleb128 0x19
 358 0078 03       		.uleb128 0x3
 359 0079 0E       		.uleb128 0xe
 360 007a 3A       		.uleb128 0x3a
ARM GAS  C:\Users\srhi\AppData\Local\Temp\ccEpy3FB.s 			page 8


 361 007b 0B       		.uleb128 0xb
 362 007c 3B       		.uleb128 0x3b
 363 007d 0B       		.uleb128 0xb
 364 007e 27       		.uleb128 0x27
 365 007f 19       		.uleb128 0x19
 366 0080 49       		.uleb128 0x49
 367 0081 13       		.uleb128 0x13
 368 0082 8701     		.uleb128 0x87
 369 0084 19       		.uleb128 0x19
 370 0085 11       		.uleb128 0x11
 371 0086 01       		.uleb128 0x1
 372 0087 12       		.uleb128 0x12
 373 0088 06       		.uleb128 0x6
 374 0089 40       		.uleb128 0x40
 375 008a 18       		.uleb128 0x18
 376 008b 9742     		.uleb128 0x2117
 377 008d 19       		.uleb128 0x19
 378 008e 01       		.uleb128 0x1
 379 008f 13       		.uleb128 0x13
 380 0090 00       		.byte	0
 381 0091 00       		.byte	0
 382 0092 0A       		.uleb128 0xa
 383 0093 2E       		.uleb128 0x2e
 384 0094 00       		.byte	0
 385 0095 3F       		.uleb128 0x3f
 386 0096 19       		.uleb128 0x19
 387 0097 3C       		.uleb128 0x3c
 388 0098 19       		.uleb128 0x19
 389 0099 6E       		.uleb128 0x6e
 390 009a 0E       		.uleb128 0xe
 391 009b 03       		.uleb128 0x3
 392 009c 0E       		.uleb128 0xe
 393 009d 3A       		.uleb128 0x3a
 394 009e 0B       		.uleb128 0xb
 395 009f 3B       		.uleb128 0x3b
 396 00a0 0B       		.uleb128 0xb
 397 00a1 00       		.byte	0
 398 00a2 00       		.byte	0
 399 00a3 00       		.byte	0
 400              		.section	.debug_aranges,"",%progbits
 401 0000 24000000 		.4byte	0x24
 402 0004 0200     		.2byte	0x2
 403 0006 00000000 		.4byte	.Ldebug_info0
 404 000a 04       		.byte	0x4
 405 000b 00       		.byte	0
 406 000c 0000     		.2byte	0
 407 000e 0000     		.2byte	0
 408 0010 00000000 		.4byte	.LFB32
 409 0014 1A000000 		.4byte	.LFE32-.LFB32
 410 0018 00000000 		.4byte	.LFB33
 411 001c 1A000000 		.4byte	.LFE33-.LFB33
 412 0020 00000000 		.4byte	0
 413 0024 00000000 		.4byte	0
 414              		.section	.debug_ranges,"",%progbits
 415              	.Ldebug_ranges0:
 416 0000 00000000 		.4byte	.LFB32
 417 0004 1A000000 		.4byte	.LFE32
ARM GAS  C:\Users\srhi\AppData\Local\Temp\ccEpy3FB.s 			page 9


 418 0008 00000000 		.4byte	.LFB33
 419 000c 1A000000 		.4byte	.LFE33
 420 0010 00000000 		.4byte	0
 421 0014 00000000 		.4byte	0
 422              		.section	.debug_line,"",%progbits
 423              	.Ldebug_line0:
 424 0000 79000000 		.section	.debug_str,"MS",%progbits,1
 424      02004E00 
 424      00000201 
 424      FB0E0D00 
 424      01010101 
 425              	.LASF6:
 426 0000 6C6F6E67 		.ascii	"long long int\000"
 426      206C6F6E 
 426      6720696E 
 426      7400
 427              	.LASF8:
 428 000e 756E7369 		.ascii	"unsigned int\000"
 428      676E6564 
 428      20696E74 
 428      00
 429              	.LASF17:
 430 001b 6D61696E 		.ascii	"main.c\000"
 430      2E6300
 431              	.LASF19:
 432 0022 6D61696E 		.ascii	"main\000"
 432      00
 433              	.LASF15:
 434 0027 50696E5F 		.ascii	"Pin_blue_Write\000"
 434      626C7565 
 434      5F577269 
 434      746500
 435              	.LASF5:
 436 0036 6C6F6E67 		.ascii	"long unsigned int\000"
 436      20756E73 
 436      69676E65 
 436      6420696E 
 436      7400
 437              	.LASF7:
 438 0048 6C6F6E67 		.ascii	"long long unsigned int\000"
 438      206C6F6E 
 438      6720756E 
 438      7369676E 
 438      65642069 
 439              	.LASF14:
 440 005f 62757474 		.ascii	"button_Read\000"
 440      6F6E5F52 
 440      65616400 
 441              	.LASF9:
 442 006b 666C6F61 		.ascii	"float\000"
 442      7400
 443              	.LASF18:
 444 0071 433A5C55 		.ascii	"C:\\Users\\srhi\\Desktop\\PSOC\\L4_Blink_with_butto"
 444      73657273 
 444      5C737268 
 444      695C4465 
 444      736B746F 
ARM GAS  C:\Users\srhi\AppData\Local\Temp\ccEpy3FB.s 			page 10


 445 009f 6E2E6379 		.ascii	"n.cydsn\000"
 445      64736E00 
 446              	.LASF1:
 447 00a7 756E7369 		.ascii	"unsigned char\000"
 447      676E6564 
 447      20636861 
 447      7200
 448              	.LASF11:
 449 00b5 63686172 		.ascii	"char\000"
 449      00
 450              	.LASF4:
 451 00ba 6C6F6E67 		.ascii	"long int\000"
 451      20696E74 
 451      00
 452              	.LASF10:
 453 00c3 646F7562 		.ascii	"double\000"
 453      6C6500
 454              	.LASF16:
 455 00ca 474E5520 		.ascii	"GNU C11 5.4.1 20160609 (release) [ARM/embedded-5-br"
 455      43313120 
 455      352E342E 
 455      31203230 
 455      31363036 
 456 00fd 616E6368 		.ascii	"anch revision 237715] -mcpu=cortex-m0 -mthumb -g -O"
 456      20726576 
 456      6973696F 
 456      6E203233 
 456      37373135 
 457 0130 67202D66 		.ascii	"g -ffunction-sections -ffat-lto-objects\000"
 457      66756E63 
 457      74696F6E 
 457      2D736563 
 457      74696F6E 
 458              	.LASF3:
 459 0158 73686F72 		.ascii	"short unsigned int\000"
 459      7420756E 
 459      7369676E 
 459      65642069 
 459      6E7400
 460              	.LASF0:
 461 016b 7369676E 		.ascii	"signed char\000"
 461      65642063 
 461      68617200 
 462              	.LASF13:
 463 0177 6C6F6E67 		.ascii	"long double\000"
 463      20646F75 
 463      626C6500 
 464              	.LASF12:
 465 0183 73697A65 		.ascii	"sizetype\000"
 465      74797065 
 465      00
 466              	.LASF2:
 467 018c 73686F72 		.ascii	"short int\000"
 467      7420696E 
 467      7400
 468              		.ident	"GCC: (GNU Tools for ARM Embedded Processors) 5.4.1 20160609 (release) [ARM/embedded-5-bran
