ARM GAS  C:\Users\srhi\AppData\Local\Temp\cck8clVU.s 			page 1


   1              		.syntax unified
   2              		.cpu cortex-m0
   3              		.fpu softvfp
   4              		.eabi_attribute 20, 1
   5              		.eabi_attribute 21, 1
   6              		.eabi_attribute 23, 3
   7              		.eabi_attribute 24, 1
   8              		.eabi_attribute 25, 1
   9              		.eabi_attribute 26, 1
  10              		.eabi_attribute 30, 1
  11              		.eabi_attribute 34, 0
  12              		.eabi_attribute 18, 4
  13              		.thumb
  14              		.syntax unified
  15              		.file	"cyfitter_cfg.c"
  16              		.text
  17              	.Ltext0:
  18              		.cfi_sections	.debug_frame
  19              		.section	.text.CYMEMZERO,"ax",%progbits
  20              		.align	2
  21              		.code	16
  22              		.thumb_func
  23              		.type	CYMEMZERO, %function
  24              	CYMEMZERO:
  25              	.LFB0:
  26              		.file 1 "Generated_Source\\PSoC4\\cyfitter_cfg.c"
   1:Generated_Source\PSoC4/cyfitter_cfg.c **** 
   2:Generated_Source\PSoC4/cyfitter_cfg.c **** /*******************************************************************************
   3:Generated_Source\PSoC4/cyfitter_cfg.c **** * File Name: cyfitter_cfg.c
   4:Generated_Source\PSoC4/cyfitter_cfg.c **** * 
   5:Generated_Source\PSoC4/cyfitter_cfg.c **** * PSoC Creator  4.2
   6:Generated_Source\PSoC4/cyfitter_cfg.c **** *
   7:Generated_Source\PSoC4/cyfitter_cfg.c **** * Description:
   8:Generated_Source\PSoC4/cyfitter_cfg.c **** * This file contains device initialization code.
   9:Generated_Source\PSoC4/cyfitter_cfg.c **** * Except for the user defined sections in CyClockStartupError(), this file should not be modified.
  10:Generated_Source\PSoC4/cyfitter_cfg.c **** * This file is automatically generated by PSoC Creator.
  11:Generated_Source\PSoC4/cyfitter_cfg.c **** *
  12:Generated_Source\PSoC4/cyfitter_cfg.c **** ********************************************************************************
  13:Generated_Source\PSoC4/cyfitter_cfg.c **** * Copyright (c) 2007-2018 Cypress Semiconductor.  All rights reserved.
  14:Generated_Source\PSoC4/cyfitter_cfg.c **** * You may use this file only in accordance with the license, terms, conditions, 
  15:Generated_Source\PSoC4/cyfitter_cfg.c **** * disclaimers, and limitations in the end user license agreement accompanying 
  16:Generated_Source\PSoC4/cyfitter_cfg.c **** * the software package with which this file was provided.
  17:Generated_Source\PSoC4/cyfitter_cfg.c **** ********************************************************************************/
  18:Generated_Source\PSoC4/cyfitter_cfg.c **** 
  19:Generated_Source\PSoC4/cyfitter_cfg.c **** #include <string.h>
  20:Generated_Source\PSoC4/cyfitter_cfg.c **** #include "cytypes.h"
  21:Generated_Source\PSoC4/cyfitter_cfg.c **** #include "cydevice_trm.h"
  22:Generated_Source\PSoC4/cyfitter_cfg.c **** #include "cyfitter.h"
  23:Generated_Source\PSoC4/cyfitter_cfg.c **** #include "CyLib.h"
  24:Generated_Source\PSoC4/cyfitter_cfg.c **** #include "CyLFClk.h"
  25:Generated_Source\PSoC4/cyfitter_cfg.c **** #include "cyfitter_cfg.h"
  26:Generated_Source\PSoC4/cyfitter_cfg.c **** #include "cyapicallbacks.h"
  27:Generated_Source\PSoC4/cyfitter_cfg.c **** 
  28:Generated_Source\PSoC4/cyfitter_cfg.c **** 
  29:Generated_Source\PSoC4/cyfitter_cfg.c **** #if defined(__GNUC__) || defined(__ARMCC_VERSION)
  30:Generated_Source\PSoC4/cyfitter_cfg.c ****     #define CYPACKED 
  31:Generated_Source\PSoC4/cyfitter_cfg.c ****     #define CYPACKED_ATTR __attribute__ ((packed))
ARM GAS  C:\Users\srhi\AppData\Local\Temp\cck8clVU.s 			page 2


  32:Generated_Source\PSoC4/cyfitter_cfg.c ****     #define CYALIGNED __attribute__ ((aligned))
  33:Generated_Source\PSoC4/cyfitter_cfg.c ****     #define CY_CFG_UNUSED __attribute__ ((unused))
  34:Generated_Source\PSoC4/cyfitter_cfg.c ****     #ifndef CY_CFG_SECTION
  35:Generated_Source\PSoC4/cyfitter_cfg.c ****         #define CY_CFG_SECTION __attribute__ ((section(".psocinit")))
  36:Generated_Source\PSoC4/cyfitter_cfg.c ****     #endif
  37:Generated_Source\PSoC4/cyfitter_cfg.c ****     
  38:Generated_Source\PSoC4/cyfitter_cfg.c ****     #if defined(__ARMCC_VERSION)
  39:Generated_Source\PSoC4/cyfitter_cfg.c ****         #define CY_CFG_MEMORY_BARRIER() __memory_changed()
  40:Generated_Source\PSoC4/cyfitter_cfg.c ****     #else
  41:Generated_Source\PSoC4/cyfitter_cfg.c ****         #define CY_CFG_MEMORY_BARRIER() __sync_synchronize()
  42:Generated_Source\PSoC4/cyfitter_cfg.c ****     #endif
  43:Generated_Source\PSoC4/cyfitter_cfg.c ****     
  44:Generated_Source\PSoC4/cyfitter_cfg.c **** #elif defined(__ICCARM__)
  45:Generated_Source\PSoC4/cyfitter_cfg.c ****     #include <intrinsics.h>
  46:Generated_Source\PSoC4/cyfitter_cfg.c **** 
  47:Generated_Source\PSoC4/cyfitter_cfg.c ****     #define CYPACKED __packed
  48:Generated_Source\PSoC4/cyfitter_cfg.c ****     #define CYPACKED_ATTR 
  49:Generated_Source\PSoC4/cyfitter_cfg.c ****     #define CYALIGNED _Pragma("data_alignment=4")
  50:Generated_Source\PSoC4/cyfitter_cfg.c ****     #define CY_CFG_UNUSED _Pragma("diag_suppress=Pe177")
  51:Generated_Source\PSoC4/cyfitter_cfg.c ****     #define CY_CFG_SECTION _Pragma("location=\".psocinit\"")
  52:Generated_Source\PSoC4/cyfitter_cfg.c ****     
  53:Generated_Source\PSoC4/cyfitter_cfg.c ****     #define CY_CFG_MEMORY_BARRIER() __DMB()
  54:Generated_Source\PSoC4/cyfitter_cfg.c ****     
  55:Generated_Source\PSoC4/cyfitter_cfg.c **** #else
  56:Generated_Source\PSoC4/cyfitter_cfg.c ****     #error Unsupported toolchain
  57:Generated_Source\PSoC4/cyfitter_cfg.c **** #endif
  58:Generated_Source\PSoC4/cyfitter_cfg.c **** 
  59:Generated_Source\PSoC4/cyfitter_cfg.c **** #ifndef CYCODE
  60:Generated_Source\PSoC4/cyfitter_cfg.c ****     #define CYCODE
  61:Generated_Source\PSoC4/cyfitter_cfg.c **** #endif
  62:Generated_Source\PSoC4/cyfitter_cfg.c **** #ifndef CYDATA
  63:Generated_Source\PSoC4/cyfitter_cfg.c ****     #define CYDATA
  64:Generated_Source\PSoC4/cyfitter_cfg.c **** #endif
  65:Generated_Source\PSoC4/cyfitter_cfg.c **** #ifndef CYFAR
  66:Generated_Source\PSoC4/cyfitter_cfg.c ****     #define CYFAR
  67:Generated_Source\PSoC4/cyfitter_cfg.c **** #endif
  68:Generated_Source\PSoC4/cyfitter_cfg.c **** #ifndef CYXDATA
  69:Generated_Source\PSoC4/cyfitter_cfg.c ****     #define CYXDATA
  70:Generated_Source\PSoC4/cyfitter_cfg.c **** #endif
  71:Generated_Source\PSoC4/cyfitter_cfg.c **** 
  72:Generated_Source\PSoC4/cyfitter_cfg.c **** 
  73:Generated_Source\PSoC4/cyfitter_cfg.c **** CY_CFG_UNUSED
  74:Generated_Source\PSoC4/cyfitter_cfg.c **** static void CYMEMZERO(void *s, size_t n);
  75:Generated_Source\PSoC4/cyfitter_cfg.c **** CY_CFG_UNUSED
  76:Generated_Source\PSoC4/cyfitter_cfg.c **** static void CYMEMZERO(void *s, size_t n)
  77:Generated_Source\PSoC4/cyfitter_cfg.c **** {
  27              		.loc 1 77 0
  28              		.cfi_startproc
  29              		@ args = 0, pretend = 0, frame = 0
  30              		@ frame_needed = 0, uses_anonymous_args = 0
  31              	.LVL0:
  32 0000 10B5     		push	{r4, lr}
  33              		.cfi_def_cfa_offset 8
  34              		.cfi_offset 4, -8
  35              		.cfi_offset 14, -4
  36 0002 0A00     		movs	r2, r1
  78:Generated_Source\PSoC4/cyfitter_cfg.c **** 	(void)memset(s, 0, n);
ARM GAS  C:\Users\srhi\AppData\Local\Temp\cck8clVU.s 			page 3


  37              		.loc 1 78 0
  38 0004 0021     		movs	r1, #0
  39              	.LVL1:
  40 0006 FFF7FEFF 		bl	memset
  41              	.LVL2:
  79:Generated_Source\PSoC4/cyfitter_cfg.c **** }
  42              		.loc 1 79 0
  43              		@ sp needed
  44 000a 10BD     		pop	{r4, pc}
  45              		.cfi_endproc
  46              	.LFE0:
  47              		.size	CYMEMZERO, .-CYMEMZERO
  48              		.section	.psocinit,"ax",%progbits
  49              		.align	2
  50              		.code	16
  51              		.thumb_func
  52              		.type	ClockSetup, %function
  53              	ClockSetup:
  54              	.LFB3:
  80:Generated_Source\PSoC4/cyfitter_cfg.c **** CY_CFG_UNUSED
  81:Generated_Source\PSoC4/cyfitter_cfg.c **** static void CYCONFIGCPY(void *dest, const void *src, size_t n);
  82:Generated_Source\PSoC4/cyfitter_cfg.c **** CY_CFG_UNUSED
  83:Generated_Source\PSoC4/cyfitter_cfg.c **** static void CYCONFIGCPY(void *dest, const void *src, size_t n)
  84:Generated_Source\PSoC4/cyfitter_cfg.c **** {
  85:Generated_Source\PSoC4/cyfitter_cfg.c **** 	(void)memcpy(dest, src, n);
  86:Generated_Source\PSoC4/cyfitter_cfg.c **** }
  87:Generated_Source\PSoC4/cyfitter_cfg.c **** CY_CFG_UNUSED
  88:Generated_Source\PSoC4/cyfitter_cfg.c **** static void CYCONFIGCPYCODE(void *dest, const void *src, size_t n);
  89:Generated_Source\PSoC4/cyfitter_cfg.c **** CY_CFG_UNUSED
  90:Generated_Source\PSoC4/cyfitter_cfg.c **** static void CYCONFIGCPYCODE(void *dest, const void *src, size_t n)
  91:Generated_Source\PSoC4/cyfitter_cfg.c **** {
  92:Generated_Source\PSoC4/cyfitter_cfg.c **** 	(void)memcpy(dest, src, n);
  93:Generated_Source\PSoC4/cyfitter_cfg.c **** }
  94:Generated_Source\PSoC4/cyfitter_cfg.c **** 
  95:Generated_Source\PSoC4/cyfitter_cfg.c **** 
  96:Generated_Source\PSoC4/cyfitter_cfg.c **** 
  97:Generated_Source\PSoC4/cyfitter_cfg.c **** 
  98:Generated_Source\PSoC4/cyfitter_cfg.c **** /* Clock startup error codes                                                   */
  99:Generated_Source\PSoC4/cyfitter_cfg.c **** #define CYCLOCKSTART_NO_ERROR    0u
 100:Generated_Source\PSoC4/cyfitter_cfg.c **** #define CYCLOCKSTART_XTAL_ERROR  1u
 101:Generated_Source\PSoC4/cyfitter_cfg.c **** #define CYCLOCKSTART_32KHZ_ERROR 2u
 102:Generated_Source\PSoC4/cyfitter_cfg.c **** #define CYCLOCKSTART_PLL_ERROR   3u
 103:Generated_Source\PSoC4/cyfitter_cfg.c **** #define CYCLOCKSTART_FLL_ERROR   4u
 104:Generated_Source\PSoC4/cyfitter_cfg.c **** #define CYCLOCKSTART_WCO_ERROR   5u
 105:Generated_Source\PSoC4/cyfitter_cfg.c **** 
 106:Generated_Source\PSoC4/cyfitter_cfg.c **** 
 107:Generated_Source\PSoC4/cyfitter_cfg.c **** #ifdef CY_NEED_CYCLOCKSTARTUPERROR
 108:Generated_Source\PSoC4/cyfitter_cfg.c **** /*******************************************************************************
 109:Generated_Source\PSoC4/cyfitter_cfg.c **** * Function Name: CyClockStartupError
 110:Generated_Source\PSoC4/cyfitter_cfg.c **** ********************************************************************************
 111:Generated_Source\PSoC4/cyfitter_cfg.c **** * Summary:
 112:Generated_Source\PSoC4/cyfitter_cfg.c **** *  If an error is encountered during clock configuration (crystal startup error,
 113:Generated_Source\PSoC4/cyfitter_cfg.c **** *  PLL lock error, etc.), the system will end up here.  Unless reimplemented by
 114:Generated_Source\PSoC4/cyfitter_cfg.c **** *  the customer, this function will stop in an infinite loop.
 115:Generated_Source\PSoC4/cyfitter_cfg.c **** *
 116:Generated_Source\PSoC4/cyfitter_cfg.c **** * Parameters:
 117:Generated_Source\PSoC4/cyfitter_cfg.c **** *   void
ARM GAS  C:\Users\srhi\AppData\Local\Temp\cck8clVU.s 			page 4


 118:Generated_Source\PSoC4/cyfitter_cfg.c **** *
 119:Generated_Source\PSoC4/cyfitter_cfg.c **** * Return:
 120:Generated_Source\PSoC4/cyfitter_cfg.c **** *   void
 121:Generated_Source\PSoC4/cyfitter_cfg.c **** *
 122:Generated_Source\PSoC4/cyfitter_cfg.c **** *******************************************************************************/
 123:Generated_Source\PSoC4/cyfitter_cfg.c **** CY_CFG_UNUSED
 124:Generated_Source\PSoC4/cyfitter_cfg.c **** static void CyClockStartupError(uint8 errorCode);
 125:Generated_Source\PSoC4/cyfitter_cfg.c **** CY_CFG_UNUSED
 126:Generated_Source\PSoC4/cyfitter_cfg.c **** static void CyClockStartupError(uint8 errorCode)
 127:Generated_Source\PSoC4/cyfitter_cfg.c **** {
 128:Generated_Source\PSoC4/cyfitter_cfg.c ****     /* To remove the compiler warning if errorCode not used.                */
 129:Generated_Source\PSoC4/cyfitter_cfg.c ****     errorCode = errorCode;
 130:Generated_Source\PSoC4/cyfitter_cfg.c **** 
 131:Generated_Source\PSoC4/cyfitter_cfg.c ****     /* If we have a clock startup error (bad MHz crystal, PLL lock, etc.),  */
 132:Generated_Source\PSoC4/cyfitter_cfg.c ****     /* we will end up here to allow the customer to implement something to  */
 133:Generated_Source\PSoC4/cyfitter_cfg.c ****     /* deal with the clock condition.                                       */
 134:Generated_Source\PSoC4/cyfitter_cfg.c **** 
 135:Generated_Source\PSoC4/cyfitter_cfg.c **** #ifdef CY_CFG_CLOCK_STARTUP_ERROR_CALLBACK
 136:Generated_Source\PSoC4/cyfitter_cfg.c ****     CY_CFG_Clock_Startup_ErrorCallback();
 137:Generated_Source\PSoC4/cyfitter_cfg.c **** #else
 138:Generated_Source\PSoC4/cyfitter_cfg.c ****     /*  If not using CY_CFG_CLOCK_STARTUP_ERROR_CALLBACK, place your clock startup code here. */
 139:Generated_Source\PSoC4/cyfitter_cfg.c ****     /* `#START CyClockStartupError` */
 140:Generated_Source\PSoC4/cyfitter_cfg.c **** 
 141:Generated_Source\PSoC4/cyfitter_cfg.c **** 
 142:Generated_Source\PSoC4/cyfitter_cfg.c **** 
 143:Generated_Source\PSoC4/cyfitter_cfg.c ****     /* `#END` */
 144:Generated_Source\PSoC4/cyfitter_cfg.c **** 
 145:Generated_Source\PSoC4/cyfitter_cfg.c ****     while(1) {}
 146:Generated_Source\PSoC4/cyfitter_cfg.c **** #endif /* CY_CFG_CLOCK_STARTUP_ERROR_CALLBACK */
 147:Generated_Source\PSoC4/cyfitter_cfg.c **** }
 148:Generated_Source\PSoC4/cyfitter_cfg.c **** #endif
 149:Generated_Source\PSoC4/cyfitter_cfg.c **** 
 150:Generated_Source\PSoC4/cyfitter_cfg.c **** 
 151:Generated_Source\PSoC4/cyfitter_cfg.c **** 
 152:Generated_Source\PSoC4/cyfitter_cfg.c **** /*******************************************************************************
 153:Generated_Source\PSoC4/cyfitter_cfg.c **** * Function Name: ClockSetup
 154:Generated_Source\PSoC4/cyfitter_cfg.c **** ********************************************************************************
 155:Generated_Source\PSoC4/cyfitter_cfg.c **** *
 156:Generated_Source\PSoC4/cyfitter_cfg.c **** * Summary:
 157:Generated_Source\PSoC4/cyfitter_cfg.c **** *   Performs the initialization of all of the clocks in the device based on the
 158:Generated_Source\PSoC4/cyfitter_cfg.c **** *   settings in the Clock tab of the DWR.  This includes enabling the requested
 159:Generated_Source\PSoC4/cyfitter_cfg.c **** *   clocks and setting the necessary dividers to produce the desired frequency. 
 160:Generated_Source\PSoC4/cyfitter_cfg.c **** *
 161:Generated_Source\PSoC4/cyfitter_cfg.c **** * Parameters:
 162:Generated_Source\PSoC4/cyfitter_cfg.c **** *   void
 163:Generated_Source\PSoC4/cyfitter_cfg.c **** *
 164:Generated_Source\PSoC4/cyfitter_cfg.c **** * Return:
 165:Generated_Source\PSoC4/cyfitter_cfg.c **** *   void
 166:Generated_Source\PSoC4/cyfitter_cfg.c **** *
 167:Generated_Source\PSoC4/cyfitter_cfg.c **** *******************************************************************************/
 168:Generated_Source\PSoC4/cyfitter_cfg.c **** static void ClockSetup(void);
 169:Generated_Source\PSoC4/cyfitter_cfg.c **** CY_CFG_SECTION
 170:Generated_Source\PSoC4/cyfitter_cfg.c **** static void ClockSetup(void)
 171:Generated_Source\PSoC4/cyfitter_cfg.c **** {
  55              		.loc 1 171 0
  56              		.cfi_startproc
  57              		@ args = 0, pretend = 0, frame = 0
ARM GAS  C:\Users\srhi\AppData\Local\Temp\cck8clVU.s 			page 5


  58              		@ frame_needed = 0, uses_anonymous_args = 0
  59 0000 70B5     		push	{r4, r5, r6, lr}
  60              		.cfi_def_cfa_offset 16
  61              		.cfi_offset 4, -16
  62              		.cfi_offset 5, -12
  63              		.cfi_offset 6, -8
  64              		.cfi_offset 14, -4
 172:Generated_Source\PSoC4/cyfitter_cfg.c **** 	/* Enable HALF_EN before trimming for the flash accelerator. */
 173:Generated_Source\PSoC4/cyfitter_cfg.c **** 	CY_SET_REG32((void CYXDATA *)(CYREG_CLK_SELECT), (CY_GET_REG32((void *)CYREG_CLK_SELECT) | 0x00040
  65              		.loc 1 173 0
  66 0002 164C     		ldr	r4, .L3
  67 0004 2368     		ldr	r3, [r4]
  68 0006 8022     		movs	r2, #128
  69 0008 D202     		lsls	r2, r2, #11
  70 000a 1343     		orrs	r3, r2
  71 000c 2360     		str	r3, [r4]
 174:Generated_Source\PSoC4/cyfitter_cfg.c **** 
 175:Generated_Source\PSoC4/cyfitter_cfg.c **** 	/* Setup and trim IMO based on desired frequency. */
 176:Generated_Source\PSoC4/cyfitter_cfg.c **** 	CySysClkWriteImoFreq(24u);
  72              		.loc 1 176 0
  73 000e 1820     		movs	r0, #24
  74 0010 FFF7FEFF 		bl	CySysClkWriteImoFreq
  75              	.LVL3:
 177:Generated_Source\PSoC4/cyfitter_cfg.c **** 
 178:Generated_Source\PSoC4/cyfitter_cfg.c **** 	/* Disable HALF_EN since it is not required at this IMO frequency. */
 179:Generated_Source\PSoC4/cyfitter_cfg.c **** 	CY_SET_REG32((void CYXDATA *)(CYREG_CLK_SELECT), (CY_GET_REG32((void *)CYREG_CLK_SELECT) & 0xFFFBF
  76              		.loc 1 179 0
  77 0014 2268     		ldr	r2, [r4]
  78 0016 124B     		ldr	r3, .L3+4
  79 0018 1340     		ands	r3, r2
  80 001a 2360     		str	r3, [r4]
 180:Generated_Source\PSoC4/cyfitter_cfg.c **** 	/* CYDEV_CLK_ILO_CONFIG Starting address: CYDEV_CLK_ILO_CONFIG */
 181:Generated_Source\PSoC4/cyfitter_cfg.c **** 	CY_SET_REG32((void *)(CYREG_CLK_ILO_CONFIG), 0x80000006u);
  81              		.loc 1 181 0
  82 001c 114A     		ldr	r2, .L3+8
  83 001e 124B     		ldr	r3, .L3+12
  84 0020 1A60     		str	r2, [r3]
 182:Generated_Source\PSoC4/cyfitter_cfg.c **** 
 183:Generated_Source\PSoC4/cyfitter_cfg.c **** 
 184:Generated_Source\PSoC4/cyfitter_cfg.c **** 	/* CYDEV_CLK_SELECT00 Starting address: CYDEV_CLK_SELECT00 */
 185:Generated_Source\PSoC4/cyfitter_cfg.c **** 	CY_SET_REG32((void *)(CYREG_CLK_SELECT03), 0x00000010u);
  85              		.loc 1 185 0
  86 0022 1022     		movs	r2, #16
  87 0024 114B     		ldr	r3, .L3+16
  88 0026 1A60     		str	r2, [r3]
 186:Generated_Source\PSoC4/cyfitter_cfg.c **** 	CY_SET_REG32((void *)(CYREG_CLK_SELECT07), 0x00000020u);
  89              		.loc 1 186 0
  90 0028 1032     		adds	r2, r2, #16
  91 002a 114B     		ldr	r3, .L3+20
  92 002c 1A60     		str	r2, [r3]
 187:Generated_Source\PSoC4/cyfitter_cfg.c **** 
 188:Generated_Source\PSoC4/cyfitter_cfg.c **** 	/* CYDEV_CLK_IMO_CONFIG Starting address: CYDEV_CLK_IMO_CONFIG */
 189:Generated_Source\PSoC4/cyfitter_cfg.c **** 	CY_SET_REG32((void *)(CYREG_CLK_IMO_CONFIG), 0x82000000u);
  93              		.loc 1 189 0
  94 002e 8222     		movs	r2, #130
  95 0030 1206     		lsls	r2, r2, #24
  96 0032 104B     		ldr	r3, .L3+24
ARM GAS  C:\Users\srhi\AppData\Local\Temp\cck8clVU.s 			page 6


  97 0034 1A60     		str	r2, [r3]
 190:Generated_Source\PSoC4/cyfitter_cfg.c **** 
 191:Generated_Source\PSoC4/cyfitter_cfg.c **** 	/* CYDEV_CLK_SELECT Starting address: CYDEV_CLK_SELECT */
 192:Generated_Source\PSoC4/cyfitter_cfg.c **** 	CY_SET_REG32((void *)(CYREG_CLK_SELECT), 0x00000000u);
  98              		.loc 1 192 0
  99 0036 0025     		movs	r5, #0
 100 0038 2560     		str	r5, [r4]
 193:Generated_Source\PSoC4/cyfitter_cfg.c **** 
 194:Generated_Source\PSoC4/cyfitter_cfg.c **** 	/* CYDEV_CLK_DIVIDER_A00 Starting address: CYDEV_CLK_DIVIDER_A00 */
 195:Generated_Source\PSoC4/cyfitter_cfg.c **** 	CY_SET_REG32((void *)(CYREG_CLK_DIVIDER_A00), 0x8000000Eu);
 101              		.loc 1 195 0
 102 003a 0F4A     		ldr	r2, .L3+28
 103 003c 0F4B     		ldr	r3, .L3+32
 104 003e 1A60     		str	r2, [r3]
 196:Generated_Source\PSoC4/cyfitter_cfg.c **** 
 197:Generated_Source\PSoC4/cyfitter_cfg.c **** 	/* CYDEV_CLK_DIVIDER_B00 Starting address: CYDEV_CLK_DIVIDER_B00 */
 198:Generated_Source\PSoC4/cyfitter_cfg.c **** 	CY_SET_REG32((void *)(CYREG_CLK_DIVIDER_B00), 0x80000014u);
 105              		.loc 1 198 0
 106 0040 0F4A     		ldr	r2, .L3+36
 107 0042 104B     		ldr	r3, .L3+40
 108 0044 1A60     		str	r2, [r3]
 199:Generated_Source\PSoC4/cyfitter_cfg.c **** 
 200:Generated_Source\PSoC4/cyfitter_cfg.c **** 	(void)CyIntSetVector(9u, &CySysWdtIsr);
 109              		.loc 1 200 0
 110 0046 1049     		ldr	r1, .L3+44
 111 0048 0920     		movs	r0, #9
 112 004a FFF7FEFF 		bl	CyIntSetVector
 113              	.LVL4:
 201:Generated_Source\PSoC4/cyfitter_cfg.c **** 	CyIntEnable(9u);
 114              		.loc 1 201 0
 115 004e 0920     		movs	r0, #9
 116 0050 FFF7FEFF 		bl	CyIntEnable
 117              	.LVL5:
 202:Generated_Source\PSoC4/cyfitter_cfg.c **** 	CY_SET_REG32((void *)(CYREG_WDT_CONFIG), 0x00000000u);
 118              		.loc 1 202 0
 119 0054 0D4B     		ldr	r3, .L3+48
 120 0056 1D60     		str	r5, [r3]
 203:Generated_Source\PSoC4/cyfitter_cfg.c **** }
 121              		.loc 1 203 0
 122              		@ sp needed
 123 0058 70BD     		pop	{r4, r5, r6, pc}
 124              	.L4:
 125 005a C046     		.align	2
 126              	.L3:
 127 005c 00010B40 		.word	1074462976
 128 0060 FFFFFBFF 		.word	-262145
 129 0064 06000080 		.word	-2147483642
 130 0068 04010B40 		.word	1074462980
 131 006c 0C020240 		.word	1073873420
 132 0070 1C020240 		.word	1073873436
 133 0074 08010B40 		.word	1074462984
 134 0078 0E000080 		.word	-2147483634
 135 007c 00000240 		.word	1073872896
 136 0080 14000080 		.word	-2147483628
 137 0084 40000240 		.word	1073872960
 138 0088 00000000 		.word	CySysWdtIsr
 139 008c 0C020B40 		.word	1074463244
ARM GAS  C:\Users\srhi\AppData\Local\Temp\cck8clVU.s 			page 7


 140              		.cfi_endproc
 141              	.LFE3:
 142              		.size	ClockSetup, .-ClockSetup
 143              		.section	.text.SetAnalogRoutingPumps,"ax",%progbits
 144              		.align	2
 145              		.global	SetAnalogRoutingPumps
 146              		.code	16
 147              		.thumb_func
 148              		.type	SetAnalogRoutingPumps, %function
 149              	SetAnalogRoutingPumps:
 150              	.LFB5:
 204:Generated_Source\PSoC4/cyfitter_cfg.c **** 
 205:Generated_Source\PSoC4/cyfitter_cfg.c **** 
 206:Generated_Source\PSoC4/cyfitter_cfg.c **** /* Analog API Functions */
 207:Generated_Source\PSoC4/cyfitter_cfg.c **** 
 208:Generated_Source\PSoC4/cyfitter_cfg.c **** 
 209:Generated_Source\PSoC4/cyfitter_cfg.c **** /*******************************************************************************
 210:Generated_Source\PSoC4/cyfitter_cfg.c **** * Function Name: AnalogSetDefault
 211:Generated_Source\PSoC4/cyfitter_cfg.c **** ********************************************************************************
 212:Generated_Source\PSoC4/cyfitter_cfg.c **** *
 213:Generated_Source\PSoC4/cyfitter_cfg.c **** * Summary:
 214:Generated_Source\PSoC4/cyfitter_cfg.c **** *  Sets up the analog portions of the chip to default values based on chip
 215:Generated_Source\PSoC4/cyfitter_cfg.c **** *  configuration options from the project.
 216:Generated_Source\PSoC4/cyfitter_cfg.c **** *
 217:Generated_Source\PSoC4/cyfitter_cfg.c **** * Parameters:
 218:Generated_Source\PSoC4/cyfitter_cfg.c **** *  void
 219:Generated_Source\PSoC4/cyfitter_cfg.c **** *
 220:Generated_Source\PSoC4/cyfitter_cfg.c **** * Return:
 221:Generated_Source\PSoC4/cyfitter_cfg.c **** *  void
 222:Generated_Source\PSoC4/cyfitter_cfg.c **** *
 223:Generated_Source\PSoC4/cyfitter_cfg.c **** *******************************************************************************/
 224:Generated_Source\PSoC4/cyfitter_cfg.c **** static void AnalogSetDefault(void);
 225:Generated_Source\PSoC4/cyfitter_cfg.c **** static void AnalogSetDefault(void)
 226:Generated_Source\PSoC4/cyfitter_cfg.c **** {
 227:Generated_Source\PSoC4/cyfitter_cfg.c **** 	CY_SET_XTND_REG32((void CYFAR *)CYREG_SAR_MUX_SWITCH0, 0x00000001u);
 228:Generated_Source\PSoC4/cyfitter_cfg.c **** 	SetAnalogRoutingPumps(1);
 229:Generated_Source\PSoC4/cyfitter_cfg.c **** }
 230:Generated_Source\PSoC4/cyfitter_cfg.c **** 
 231:Generated_Source\PSoC4/cyfitter_cfg.c **** 
 232:Generated_Source\PSoC4/cyfitter_cfg.c **** /*******************************************************************************
 233:Generated_Source\PSoC4/cyfitter_cfg.c **** * Function Name: SetAnalogRoutingPumps
 234:Generated_Source\PSoC4/cyfitter_cfg.c **** ********************************************************************************
 235:Generated_Source\PSoC4/cyfitter_cfg.c **** *
 236:Generated_Source\PSoC4/cyfitter_cfg.c **** * Summary:
 237:Generated_Source\PSoC4/cyfitter_cfg.c **** * Enables or disables the analog pumps feeding analog routing switches.
 238:Generated_Source\PSoC4/cyfitter_cfg.c **** * Intended to be called at startup, based on the Vdda system configuration;
 239:Generated_Source\PSoC4/cyfitter_cfg.c **** * may be called during operation when the user informs us that the Vdda voltage crossed the pump th
 240:Generated_Source\PSoC4/cyfitter_cfg.c **** *
 241:Generated_Source\PSoC4/cyfitter_cfg.c **** * Parameters:
 242:Generated_Source\PSoC4/cyfitter_cfg.c **** *  enabled - 1 to enable the pumps, 0 to disable the pumps
 243:Generated_Source\PSoC4/cyfitter_cfg.c **** *
 244:Generated_Source\PSoC4/cyfitter_cfg.c **** * Return:
 245:Generated_Source\PSoC4/cyfitter_cfg.c **** *  void
 246:Generated_Source\PSoC4/cyfitter_cfg.c **** *
 247:Generated_Source\PSoC4/cyfitter_cfg.c **** *******************************************************************************/
 248:Generated_Source\PSoC4/cyfitter_cfg.c **** void SetAnalogRoutingPumps(uint8 enabled)
 249:Generated_Source\PSoC4/cyfitter_cfg.c **** {
ARM GAS  C:\Users\srhi\AppData\Local\Temp\cck8clVU.s 			page 8


 151              		.loc 1 249 0
 152              		.cfi_startproc
 153              		@ args = 0, pretend = 0, frame = 0
 154              		@ frame_needed = 0, uses_anonymous_args = 0
 155              		@ link register save eliminated.
 156              	.LVL6:
 250:Generated_Source\PSoC4/cyfitter_cfg.c **** 	uint32 regValue = CY_GET_XTND_REG32((void *)(CYREG_SAR_PUMP_CTRL));
 157              		.loc 1 250 0
 158 0000 064B     		ldr	r3, .L8
 159 0002 1B68     		ldr	r3, [r3]
 160              	.LVL7:
 251:Generated_Source\PSoC4/cyfitter_cfg.c **** 	if (enabled != 0u)
 161              		.loc 1 251 0
 162 0004 0028     		cmp	r0, #0
 163 0006 03D0     		beq	.L6
 252:Generated_Source\PSoC4/cyfitter_cfg.c **** 	{
 253:Generated_Source\PSoC4/cyfitter_cfg.c **** 		regValue |= 0x80000000u;
 164              		.loc 1 253 0
 165 0008 8022     		movs	r2, #128
 166 000a 1206     		lsls	r2, r2, #24
 167 000c 1343     		orrs	r3, r2
 168              	.LVL8:
 169 000e 01E0     		b	.L7
 170              	.L6:
 254:Generated_Source\PSoC4/cyfitter_cfg.c **** 	}
 255:Generated_Source\PSoC4/cyfitter_cfg.c **** 	else
 256:Generated_Source\PSoC4/cyfitter_cfg.c **** 	{
 257:Generated_Source\PSoC4/cyfitter_cfg.c **** 		regValue &= ~0x80000000u;
 171              		.loc 1 257 0
 172 0010 5B00     		lsls	r3, r3, #1
 173              	.LVL9:
 174 0012 5B08     		lsrs	r3, r3, #1
 175              	.LVL10:
 176              	.L7:
 258:Generated_Source\PSoC4/cyfitter_cfg.c **** 	}
 259:Generated_Source\PSoC4/cyfitter_cfg.c **** 	CY_SET_XTND_REG32((void *)(CYREG_SAR_PUMP_CTRL), regValue);
 177              		.loc 1 259 0
 178 0014 014A     		ldr	r2, .L8
 179 0016 1360     		str	r3, [r2]
 260:Generated_Source\PSoC4/cyfitter_cfg.c **** }
 180              		.loc 1 260 0
 181              		@ sp needed
 182 0018 7047     		bx	lr
 183              	.L9:
 184 001a C046     		.align	2
 185              	.L8:
 186 001c 80031A40 		.word	1075446656
 187              		.cfi_endproc
 188              	.LFE5:
 189              		.size	SetAnalogRoutingPumps, .-SetAnalogRoutingPumps
 190              		.section	.text.AnalogSetDefault,"ax",%progbits
 191              		.align	2
 192              		.code	16
 193              		.thumb_func
 194              		.type	AnalogSetDefault, %function
 195              	AnalogSetDefault:
 196              	.LFB4:
ARM GAS  C:\Users\srhi\AppData\Local\Temp\cck8clVU.s 			page 9


 226:Generated_Source\PSoC4/cyfitter_cfg.c **** 	CY_SET_XTND_REG32((void CYFAR *)CYREG_SAR_MUX_SWITCH0, 0x00000001u);
 197              		.loc 1 226 0
 198              		.cfi_startproc
 199              		@ args = 0, pretend = 0, frame = 0
 200              		@ frame_needed = 0, uses_anonymous_args = 0
 201 0000 10B5     		push	{r4, lr}
 202              		.cfi_def_cfa_offset 8
 203              		.cfi_offset 4, -8
 204              		.cfi_offset 14, -4
 227:Generated_Source\PSoC4/cyfitter_cfg.c **** 	SetAnalogRoutingPumps(1);
 205              		.loc 1 227 0
 206 0002 0122     		movs	r2, #1
 207 0004 024B     		ldr	r3, .L11
 208 0006 1A60     		str	r2, [r3]
 228:Generated_Source\PSoC4/cyfitter_cfg.c **** }
 209              		.loc 1 228 0
 210 0008 0120     		movs	r0, #1
 211 000a FFF7FEFF 		bl	SetAnalogRoutingPumps
 212              	.LVL11:
 229:Generated_Source\PSoC4/cyfitter_cfg.c **** 
 213              		.loc 1 229 0
 214              		@ sp needed
 215 000e 10BD     		pop	{r4, pc}
 216              	.L12:
 217              		.align	2
 218              	.L11:
 219 0010 00031A40 		.word	1075446528
 220              		.cfi_endproc
 221              	.LFE4:
 222              		.size	AnalogSetDefault, .-AnalogSetDefault
 223              		.section	.psocinit
 224              		.align	2
 225              		.global	cyfitter_cfg
 226              		.code	16
 227              		.thumb_func
 228              		.type	cyfitter_cfg, %function
 229              	cyfitter_cfg:
 230              	.LFB6:
 261:Generated_Source\PSoC4/cyfitter_cfg.c **** 
 262:Generated_Source\PSoC4/cyfitter_cfg.c **** 
 263:Generated_Source\PSoC4/cyfitter_cfg.c **** 
 264:Generated_Source\PSoC4/cyfitter_cfg.c **** 
 265:Generated_Source\PSoC4/cyfitter_cfg.c **** /*******************************************************************************
 266:Generated_Source\PSoC4/cyfitter_cfg.c **** * Function Name: cyfitter_cfg
 267:Generated_Source\PSoC4/cyfitter_cfg.c **** ********************************************************************************
 268:Generated_Source\PSoC4/cyfitter_cfg.c **** * Summary:
 269:Generated_Source\PSoC4/cyfitter_cfg.c **** *  This function is called by the start-up code for the selected device. It
 270:Generated_Source\PSoC4/cyfitter_cfg.c **** *  performs all of the necessary device configuration based on the design
 271:Generated_Source\PSoC4/cyfitter_cfg.c **** *  settings.  This includes settings from the Design Wide Resources (DWR) such
 272:Generated_Source\PSoC4/cyfitter_cfg.c **** *  as Clocks and Pins as well as any component configuration that is necessary.
 273:Generated_Source\PSoC4/cyfitter_cfg.c **** *
 274:Generated_Source\PSoC4/cyfitter_cfg.c **** * Parameters:
 275:Generated_Source\PSoC4/cyfitter_cfg.c **** *   void
 276:Generated_Source\PSoC4/cyfitter_cfg.c **** *
 277:Generated_Source\PSoC4/cyfitter_cfg.c **** * Return:
 278:Generated_Source\PSoC4/cyfitter_cfg.c **** *   void
 279:Generated_Source\PSoC4/cyfitter_cfg.c **** *
ARM GAS  C:\Users\srhi\AppData\Local\Temp\cck8clVU.s 			page 10


 280:Generated_Source\PSoC4/cyfitter_cfg.c **** *******************************************************************************/
 281:Generated_Source\PSoC4/cyfitter_cfg.c **** CY_CFG_SECTION
 282:Generated_Source\PSoC4/cyfitter_cfg.c **** void cyfitter_cfg(void)
 283:Generated_Source\PSoC4/cyfitter_cfg.c **** {
 231              		.loc 1 283 0
 232              		.cfi_startproc
 233              		@ args = 0, pretend = 0, frame = 0
 234              		@ frame_needed = 0, uses_anonymous_args = 0
 235 0090 10B5     		push	{r4, lr}
 236              		.cfi_def_cfa_offset 8
 237              		.cfi_offset 4, -8
 238              		.cfi_offset 14, -4
 284:Generated_Source\PSoC4/cyfitter_cfg.c **** 	/* Disable interrupts by default. Let user enable if/when they want. */
 285:Generated_Source\PSoC4/cyfitter_cfg.c **** 	CyGlobalIntDisable;
 239              		.loc 1 285 0
 240              		.syntax divided
 241              	@ 285 "Generated_Source\PSoC4\cyfitter_cfg.c" 1
 242 0092 72B6     		CPSID   i
 243              	@ 0 "" 2
 244              	.LVL12:
 245              		.thumb
 246              		.syntax unified
 247              	.LBB2:
 286:Generated_Source\PSoC4/cyfitter_cfg.c **** 
 287:Generated_Source\PSoC4/cyfitter_cfg.c **** 	{
 288:Generated_Source\PSoC4/cyfitter_cfg.c **** 
 289:Generated_Source\PSoC4/cyfitter_cfg.c **** 		CYPACKED typedef struct {
 290:Generated_Source\PSoC4/cyfitter_cfg.c **** 			void CYFAR *address;
 291:Generated_Source\PSoC4/cyfitter_cfg.c **** 			uint16 size;
 292:Generated_Source\PSoC4/cyfitter_cfg.c **** 		} CYPACKED_ATTR cfg_memset_t;
 293:Generated_Source\PSoC4/cyfitter_cfg.c **** 
 294:Generated_Source\PSoC4/cyfitter_cfg.c **** 		static const cfg_memset_t CYCODE cfg_memset_list[] = {
 295:Generated_Source\PSoC4/cyfitter_cfg.c **** 			/* address, size */
 296:Generated_Source\PSoC4/cyfitter_cfg.c **** 			{(void CYFAR *)(CYDEV_UDB_P0_U0_BASE), 1024u},
 297:Generated_Source\PSoC4/cyfitter_cfg.c **** 			{(void CYFAR *)(CYDEV_UDB_DSI0_BASE), 1024u},
 298:Generated_Source\PSoC4/cyfitter_cfg.c **** 		};
 299:Generated_Source\PSoC4/cyfitter_cfg.c **** 
 300:Generated_Source\PSoC4/cyfitter_cfg.c **** 		uint8 CYDATA i;
 301:Generated_Source\PSoC4/cyfitter_cfg.c **** 
 302:Generated_Source\PSoC4/cyfitter_cfg.c **** 		/* Zero out critical memory blocks before beginning configuration */
 303:Generated_Source\PSoC4/cyfitter_cfg.c **** 		for (i = 0u; i < (sizeof(cfg_memset_list)/sizeof(cfg_memset_list[0])); i++)
 248              		.loc 1 303 0
 249 0094 0024     		movs	r4, #0
 250 0096 0FE0     		b	.L14
 251              	.LVL13:
 252              	.L15:
 253              	.LBB3:
 304:Generated_Source\PSoC4/cyfitter_cfg.c **** 		{
 305:Generated_Source\PSoC4/cyfitter_cfg.c **** 			const cfg_memset_t CYCODE * CYDATA ms = &cfg_memset_list[i];
 306:Generated_Source\PSoC4/cyfitter_cfg.c **** 			CYMEMZERO(ms->address, (size_t)(uint32)(ms->size));
 254              		.loc 1 306 0 discriminator 3
 255 0098 1948     		ldr	r0, .L16
 256 009a 6200     		lsls	r2, r4, #1
 257 009c 1319     		adds	r3, r2, r4
 258 009e 5900     		lsls	r1, r3, #1
 259 00a0 0B00     		movs	r3, r1
 260 00a2 4118     		adds	r1, r0, r1
ARM GAS  C:\Users\srhi\AppData\Local\Temp\cck8clVU.s 			page 11


 261 00a4 8988     		ldrh	r1, [r1, #4]
 262 00a6 1A5A     		ldrh	r2, [r3, r0]
 263 00a8 C318     		adds	r3, r0, r3
 264 00aa 5888     		ldrh	r0, [r3, #2]
 265 00ac 0004     		lsls	r0, r0, #16
 266 00ae 1043     		orrs	r0, r2
 267 00b0 FFF7FEFF 		bl	CYMEMZERO
 268              	.LVL14:
 269              	.LBE3:
 303:Generated_Source\PSoC4/cyfitter_cfg.c **** 		{
 270              		.loc 1 303 0 discriminator 3
 271 00b4 0134     		adds	r4, r4, #1
 272              	.LVL15:
 273 00b6 E4B2     		uxtb	r4, r4
 274              	.LVL16:
 275              	.L14:
 303:Generated_Source\PSoC4/cyfitter_cfg.c **** 		{
 276              		.loc 1 303 0 is_stmt 0 discriminator 1
 277 00b8 012C     		cmp	r4, #1
 278 00ba EDD9     		bls	.L15
 307:Generated_Source\PSoC4/cyfitter_cfg.c **** 		}
 308:Generated_Source\PSoC4/cyfitter_cfg.c **** 
 309:Generated_Source\PSoC4/cyfitter_cfg.c **** 		/* HSIOM Starting address: CYDEV_HSIOM_BASE */
 310:Generated_Source\PSoC4/cyfitter_cfg.c **** 		CY_SET_REG32((void *)(CYREG_HSIOM_PORT_SEL3), 0x0000EEEEu);
 279              		.loc 1 310 0 is_stmt 1
 280 00bc 114A     		ldr	r2, .L16+4
 281 00be 124B     		ldr	r3, .L16+8
 282 00c0 1A60     		str	r2, [r3]
 311:Generated_Source\PSoC4/cyfitter_cfg.c **** 
 312:Generated_Source\PSoC4/cyfitter_cfg.c **** 		/* UDB_PA_2 Starting address: CYDEV_UDB_PA2_BASE */
 313:Generated_Source\PSoC4/cyfitter_cfg.c **** 		CY_SET_REG32((void *)(CYDEV_UDB_PA2_BASE), 0x00990000u);
 283              		.loc 1 313 0
 284 00c2 9923     		movs	r3, #153
 285 00c4 1B04     		lsls	r3, r3, #16
 286 00c6 114A     		ldr	r2, .L16+12
 287 00c8 1360     		str	r3, [r2]
 314:Generated_Source\PSoC4/cyfitter_cfg.c **** 
 315:Generated_Source\PSoC4/cyfitter_cfg.c **** 		/* UDB_PA_3 Starting address: CYDEV_UDB_PA3_BASE */
 316:Generated_Source\PSoC4/cyfitter_cfg.c **** 		CY_SET_REG32((void *)(CYDEV_UDB_PA3_BASE), 0x00990000u);
 288              		.loc 1 316 0
 289 00ca 114A     		ldr	r2, .L16+16
 290 00cc 1360     		str	r3, [r2]
 317:Generated_Source\PSoC4/cyfitter_cfg.c **** 
 318:Generated_Source\PSoC4/cyfitter_cfg.c **** 		/* Enable digital routing */
 319:Generated_Source\PSoC4/cyfitter_cfg.c **** 		CY_SET_XTND_REG8((void *)CYREG_UDB_UDBIF_BANK_CTL, (uint8)(CY_GET_XTND_REG8((void *)CYREG_UDB_UDB
 291              		.loc 1 319 0
 292 00ce 114A     		ldr	r2, .L16+20
 293 00d0 1178     		ldrb	r1, [r2]
 294 00d2 0623     		movs	r3, #6
 295 00d4 0B43     		orrs	r3, r1
 296 00d6 DBB2     		uxtb	r3, r3
 297 00d8 1370     		strb	r3, [r2]
 298              	.LBE2:
 320:Generated_Source\PSoC4/cyfitter_cfg.c **** 	}
 321:Generated_Source\PSoC4/cyfitter_cfg.c **** 
 322:Generated_Source\PSoC4/cyfitter_cfg.c **** 	/* Perform second pass device configuration. These items must be configured in specific order afte
 323:Generated_Source\PSoC4/cyfitter_cfg.c **** 	/* IOPINS0_2 Starting address: CYDEV_PRT2_BASE */
ARM GAS  C:\Users\srhi\AppData\Local\Temp\cck8clVU.s 			page 12


 324:Generated_Source\PSoC4/cyfitter_cfg.c **** 	CY_SET_REG32((void *)(CYDEV_PRT2_BASE), 0x00000001u);
 299              		.loc 1 324 0
 300 00da 0123     		movs	r3, #1
 301 00dc 0E4A     		ldr	r2, .L16+24
 302 00de 1360     		str	r3, [r2]
 325:Generated_Source\PSoC4/cyfitter_cfg.c **** 	CY_SET_REG32((void *)(CYREG_PRT2_PC), 0x00DB6DB0u);
 303              		.loc 1 325 0
 304 00e0 0E49     		ldr	r1, .L16+28
 305 00e2 0F4A     		ldr	r2, .L16+32
 306 00e4 1160     		str	r1, [r2]
 326:Generated_Source\PSoC4/cyfitter_cfg.c **** 	CY_SET_REG32((void *)(CYREG_PRT2_PC2), 0x00000001u);
 307              		.loc 1 326 0
 308 00e6 0F4A     		ldr	r2, .L16+36
 309 00e8 1360     		str	r3, [r2]
 327:Generated_Source\PSoC4/cyfitter_cfg.c **** 
 328:Generated_Source\PSoC4/cyfitter_cfg.c **** 	/* IOPINS0_3 Starting address: CYDEV_PRT3_BASE */
 329:Generated_Source\PSoC4/cyfitter_cfg.c **** 	CY_SET_REG32((void *)(CYDEV_PRT3_BASE), 0x00000003u);
 310              		.loc 1 329 0
 311 00ea 0322     		movs	r2, #3
 312 00ec 0E4B     		ldr	r3, .L16+40
 313 00ee 1A60     		str	r2, [r3]
 330:Generated_Source\PSoC4/cyfitter_cfg.c **** 	CY_SET_REG32((void *)(CYREG_PRT3_PC), 0x00000DA4u);
 314              		.loc 1 330 0
 315 00f0 0E4A     		ldr	r2, .L16+44
 316 00f2 0F4B     		ldr	r3, .L16+48
 317 00f4 1A60     		str	r2, [r3]
 331:Generated_Source\PSoC4/cyfitter_cfg.c **** 
 332:Generated_Source\PSoC4/cyfitter_cfg.c **** 
 333:Generated_Source\PSoC4/cyfitter_cfg.c **** 	/* Setup clocks based on selections from Clock DWR */
 334:Generated_Source\PSoC4/cyfitter_cfg.c **** 	ClockSetup();
 318              		.loc 1 334 0
 319 00f6 FFF783FF 		bl	ClockSetup
 320              	.LVL17:
 335:Generated_Source\PSoC4/cyfitter_cfg.c **** 
 336:Generated_Source\PSoC4/cyfitter_cfg.c **** 	/* Perform basic analog initialization to defaults */
 337:Generated_Source\PSoC4/cyfitter_cfg.c **** 	AnalogSetDefault();
 321              		.loc 1 337 0
 322 00fa FFF7FEFF 		bl	AnalogSetDefault
 323              	.LVL18:
 338:Generated_Source\PSoC4/cyfitter_cfg.c **** 
 339:Generated_Source\PSoC4/cyfitter_cfg.c **** }
 324              		.loc 1 339 0
 325              		@ sp needed
 326              	.LVL19:
 327 00fe 10BD     		pop	{r4, pc}
 328              	.L17:
 329              		.align	2
 330              	.L16:
 331 0100 00000000 		.word	.LANCHOR0
 332 0104 EEEE0000 		.word	61166
 333 0108 0C000140 		.word	1073807372
 334 010c 20500F40 		.word	1074745376
 335 0110 30500F40 		.word	1074745392
 336 0114 00700F40 		.word	1074753536
 337 0118 00020440 		.word	1074004480
 338 011c B06DDB00 		.word	14380464
 339 0120 08020440 		.word	1074004488
ARM GAS  C:\Users\srhi\AppData\Local\Temp\cck8clVU.s 			page 13


 340 0124 18020440 		.word	1074004504
 341 0128 00030440 		.word	1074004736
 342 012c A40D0000 		.word	3492
 343 0130 08030440 		.word	1074004744
 344              		.cfi_endproc
 345              	.LFE6:
 346              		.size	cyfitter_cfg, .-cyfitter_cfg
 347              		.section	.rodata
 348              		.align	2
 349              		.set	.LANCHOR0,. + 0
 350              		.type	cfg_memset_list.4853, %object
 351              		.size	cfg_memset_list.4853, 12
 352              	cfg_memset_list.4853:
 353 0000 00300F40 		.word	1074737152
 354 0004 0004     		.short	1024
 355 0006 00400F40 		.4byte	1074741248
 356 000a 0004     		.short	1024
 357              		.text
 358              	.Letext0:
 359              		.file 2 "c:\\program files (x86)\\cypress\\psoc creator\\4.2\\psoc creator\\import\\gnu\\arm\\5.4.
 360              		.file 3 "Generated_Source\\PSoC4\\cytypes.h"
 361              		.file 4 "Generated_Source\\PSoC4\\CyLib.h"
 362              		.section	.debug_info,"",%progbits
 363              	.Ldebug_info0:
 364 0000 DA020000 		.4byte	0x2da
 365 0004 0400     		.2byte	0x4
 366 0006 00000000 		.4byte	.Ldebug_abbrev0
 367 000a 04       		.byte	0x4
 368 000b 01       		.uleb128 0x1
 369 000c 4F010000 		.4byte	.LASF34
 370 0010 0C       		.byte	0xc
 371 0011 4E020000 		.4byte	.LASF35
 372 0015 12010000 		.4byte	.LASF36
 373 0019 00000000 		.4byte	.Ldebug_ranges0+0
 374 001d 00000000 		.4byte	0
 375 0021 00000000 		.4byte	.Ldebug_line0
 376 0025 02       		.uleb128 0x2
 377 0026 04       		.byte	0x4
 378 0027 05       		.byte	0x5
 379 0028 696E7400 		.ascii	"int\000"
 380 002c 03       		.uleb128 0x3
 381 002d 06000000 		.4byte	.LASF12
 382 0031 02       		.byte	0x2
 383 0032 D8       		.byte	0xd8
 384 0033 37000000 		.4byte	0x37
 385 0037 04       		.uleb128 0x4
 386 0038 04       		.byte	0x4
 387 0039 07       		.byte	0x7
 388 003a D9000000 		.4byte	.LASF0
 389 003e 04       		.uleb128 0x4
 390 003f 08       		.byte	0x8
 391 0040 05       		.byte	0x5
 392 0041 F3010000 		.4byte	.LASF1
 393 0045 04       		.uleb128 0x4
 394 0046 08       		.byte	0x8
 395 0047 04       		.byte	0x4
 396 0048 36020000 		.4byte	.LASF2
ARM GAS  C:\Users\srhi\AppData\Local\Temp\cck8clVU.s 			page 14


 397 004c 04       		.uleb128 0x4
 398 004d 01       		.byte	0x1
 399 004e 06       		.byte	0x6
 400 004f 42020000 		.4byte	.LASF3
 401 0053 04       		.uleb128 0x4
 402 0054 01       		.byte	0x1
 403 0055 08       		.byte	0x8
 404 0056 A3000000 		.4byte	.LASF4
 405 005a 04       		.uleb128 0x4
 406 005b 02       		.byte	0x2
 407 005c 05       		.byte	0x5
 408 005d 0E020000 		.4byte	.LASF5
 409 0061 04       		.uleb128 0x4
 410 0062 02       		.byte	0x2
 411 0063 07       		.byte	0x7
 412 0064 48000000 		.4byte	.LASF6
 413 0068 04       		.uleb128 0x4
 414 0069 04       		.byte	0x4
 415 006a 05       		.byte	0x5
 416 006b 2D020000 		.4byte	.LASF7
 417 006f 04       		.uleb128 0x4
 418 0070 04       		.byte	0x4
 419 0071 07       		.byte	0x7
 420 0072 6B000000 		.4byte	.LASF8
 421 0076 04       		.uleb128 0x4
 422 0077 08       		.byte	0x8
 423 0078 07       		.byte	0x7
 424 0079 FB000000 		.4byte	.LASF9
 425 007d 04       		.uleb128 0x4
 426 007e 04       		.byte	0x4
 427 007f 07       		.byte	0x7
 428 0080 EA010000 		.4byte	.LASF10
 429 0084 05       		.uleb128 0x5
 430 0085 04       		.byte	0x4
 431 0086 04       		.uleb128 0x4
 432 0087 01       		.byte	0x1
 433 0088 08       		.byte	0x8
 434 0089 01020000 		.4byte	.LASF11
 435 008d 06       		.uleb128 0x6
 436 008e 7D000000 		.4byte	.LASF13
 437 0092 03       		.byte	0x3
 438 0093 E401     		.2byte	0x1e4
 439 0095 53000000 		.4byte	0x53
 440 0099 06       		.uleb128 0x6
 441 009a CB000000 		.4byte	.LASF14
 442 009e 03       		.byte	0x3
 443 009f E501     		.2byte	0x1e5
 444 00a1 61000000 		.4byte	0x61
 445 00a5 06       		.uleb128 0x6
 446 00a6 D2000000 		.4byte	.LASF15
 447 00aa 03       		.byte	0x3
 448 00ab E601     		.2byte	0x1e6
 449 00ad 6F000000 		.4byte	0x6f
 450 00b1 04       		.uleb128 0x4
 451 00b2 04       		.byte	0x4
 452 00b3 04       		.byte	0x4
 453 00b4 5B000000 		.4byte	.LASF16
ARM GAS  C:\Users\srhi\AppData\Local\Temp\cck8clVU.s 			page 15


 454 00b8 04       		.uleb128 0x4
 455 00b9 08       		.byte	0x8
 456 00ba 04       		.byte	0x4
 457 00bb B8000000 		.4byte	.LASF17
 458 00bf 06       		.uleb128 0x6
 459 00c0 66000000 		.4byte	.LASF18
 460 00c4 03       		.byte	0x3
 461 00c5 8E02     		.2byte	0x28e
 462 00c7 CB000000 		.4byte	0xcb
 463 00cb 07       		.uleb128 0x7
 464 00cc 8D000000 		.4byte	0x8d
 465 00d0 06       		.uleb128 0x6
 466 00d1 00000000 		.4byte	.LASF19
 467 00d5 03       		.byte	0x3
 468 00d6 9002     		.2byte	0x290
 469 00d8 DC000000 		.4byte	0xdc
 470 00dc 07       		.uleb128 0x7
 471 00dd A5000000 		.4byte	0xa5
 472 00e1 08       		.uleb128 0x8
 473 00e2 83000000 		.4byte	.LASF20
 474 00e6 01       		.byte	0x1
 475 00e7 4C       		.byte	0x4c
 476 00e8 00000000 		.4byte	.LFB0
 477 00ec 0C000000 		.4byte	.LFE0-.LFB0
 478 00f0 01       		.uleb128 0x1
 479 00f1 9C       		.byte	0x9c
 480 00f2 2E010000 		.4byte	0x12e
 481 00f6 09       		.uleb128 0x9
 482 00f7 7300     		.ascii	"s\000"
 483 00f9 01       		.byte	0x1
 484 00fa 4C       		.byte	0x4c
 485 00fb 84000000 		.4byte	0x84
 486 00ff 00000000 		.4byte	.LLST0
 487 0103 09       		.uleb128 0x9
 488 0104 6E00     		.ascii	"n\000"
 489 0106 01       		.byte	0x1
 490 0107 4C       		.byte	0x4c
 491 0108 2C000000 		.4byte	0x2c
 492 010c 21000000 		.4byte	.LLST1
 493 0110 0A       		.uleb128 0xa
 494 0111 0A000000 		.4byte	.LVL2
 495 0115 B3020000 		.4byte	0x2b3
 496 0119 0B       		.uleb128 0xb
 497 011a 01       		.uleb128 0x1
 498 011b 50       		.byte	0x50
 499 011c 03       		.uleb128 0x3
 500 011d F3       		.byte	0xf3
 501 011e 01       		.uleb128 0x1
 502 011f 50       		.byte	0x50
 503 0120 0B       		.uleb128 0xb
 504 0121 01       		.uleb128 0x1
 505 0122 51       		.byte	0x51
 506 0123 01       		.uleb128 0x1
 507 0124 30       		.byte	0x30
 508 0125 0B       		.uleb128 0xb
 509 0126 01       		.uleb128 0x1
 510 0127 52       		.byte	0x52
ARM GAS  C:\Users\srhi\AppData\Local\Temp\cck8clVU.s 			page 16


 511 0128 03       		.uleb128 0x3
 512 0129 F3       		.byte	0xf3
 513 012a 01       		.uleb128 0x1
 514 012b 51       		.byte	0x51
 515 012c 00       		.byte	0
 516 012d 00       		.byte	0
 517 012e 08       		.uleb128 0x8
 518 012f 3D000000 		.4byte	.LASF21
 519 0133 01       		.byte	0x1
 520 0134 AA       		.byte	0xaa
 521 0135 00000000 		.4byte	.LFB3
 522 0139 90000000 		.4byte	.LFE3-.LFB3
 523 013d 01       		.uleb128 0x1
 524 013e 9C       		.byte	0x9c
 525 013f 79010000 		.4byte	0x179
 526 0143 0C       		.uleb128 0xc
 527 0144 14000000 		.4byte	.LVL3
 528 0148 BC020000 		.4byte	0x2bc
 529 014c 56010000 		.4byte	0x156
 530 0150 0B       		.uleb128 0xb
 531 0151 01       		.uleb128 0x1
 532 0152 50       		.byte	0x50
 533 0153 01       		.uleb128 0x1
 534 0154 48       		.byte	0x48
 535 0155 00       		.byte	0
 536 0156 0C       		.uleb128 0xc
 537 0157 4E000000 		.4byte	.LVL4
 538 015b C7020000 		.4byte	0x2c7
 539 015f 69010000 		.4byte	0x169
 540 0163 0B       		.uleb128 0xb
 541 0164 01       		.uleb128 0x1
 542 0165 50       		.byte	0x50
 543 0166 01       		.uleb128 0x1
 544 0167 39       		.byte	0x39
 545 0168 00       		.byte	0
 546 0169 0A       		.uleb128 0xa
 547 016a 54000000 		.4byte	.LVL5
 548 016e D2020000 		.4byte	0x2d2
 549 0172 0B       		.uleb128 0xb
 550 0173 01       		.uleb128 0x1
 551 0174 50       		.byte	0x50
 552 0175 01       		.uleb128 0x1
 553 0176 39       		.byte	0x39
 554 0177 00       		.byte	0
 555 0178 00       		.byte	0
 556 0179 0D       		.uleb128 0xd
 557 017a 8D000000 		.4byte	.LASF24
 558 017e 01       		.byte	0x1
 559 017f F8       		.byte	0xf8
 560 0180 00000000 		.4byte	.LFB5
 561 0184 20000000 		.4byte	.LFE5-.LFB5
 562 0188 01       		.uleb128 0x1
 563 0189 9C       		.byte	0x9c
 564 018a AB010000 		.4byte	0x1ab
 565 018e 0E       		.uleb128 0xe
 566 018f 06020000 		.4byte	.LASF22
 567 0193 01       		.byte	0x1
ARM GAS  C:\Users\srhi\AppData\Local\Temp\cck8clVU.s 			page 17


 568 0194 F8       		.byte	0xf8
 569 0195 8D000000 		.4byte	0x8d
 570 0199 01       		.uleb128 0x1
 571 019a 50       		.byte	0x50
 572 019b 0F       		.uleb128 0xf
 573 019c 74020000 		.4byte	.LASF29
 574 01a0 01       		.byte	0x1
 575 01a1 FA       		.byte	0xfa
 576 01a2 A5000000 		.4byte	0xa5
 577 01a6 4D000000 		.4byte	.LLST2
 578 01aa 00       		.byte	0
 579 01ab 08       		.uleb128 0x8
 580 01ac 0D000000 		.4byte	.LASF23
 581 01b0 01       		.byte	0x1
 582 01b1 E1       		.byte	0xe1
 583 01b2 00000000 		.4byte	.LFB4
 584 01b6 14000000 		.4byte	.LFE4-.LFB4
 585 01ba 01       		.uleb128 0x1
 586 01bb 9C       		.byte	0x9c
 587 01bc D0010000 		.4byte	0x1d0
 588 01c0 0A       		.uleb128 0xa
 589 01c1 0E000000 		.4byte	.LVL11
 590 01c5 79010000 		.4byte	0x179
 591 01c9 0B       		.uleb128 0xb
 592 01ca 01       		.uleb128 0x1
 593 01cb 50       		.byte	0x50
 594 01cc 01       		.uleb128 0x1
 595 01cd 31       		.byte	0x31
 596 01ce 00       		.byte	0
 597 01cf 00       		.byte	0
 598 01d0 10       		.uleb128 0x10
 599 01d1 E6000000 		.4byte	.LASF25
 600 01d5 01       		.byte	0x1
 601 01d6 1A01     		.2byte	0x11a
 602 01d8 90000000 		.4byte	.LFB6
 603 01dc A4000000 		.4byte	.LFE6-.LFB6
 604 01e0 01       		.uleb128 0x1
 605 01e1 9C       		.byte	0x9c
 606 01e2 B3020000 		.4byte	0x2b3
 607 01e6 11       		.uleb128 0x11
 608 01e7 94000000 		.4byte	.LBB2
 609 01eb 46000000 		.4byte	.LBE2-.LBB2
 610 01ef A0020000 		.4byte	0x2a0
 611 01f3 12       		.uleb128 0x12
 612 01f4 06       		.byte	0x6
 613 01f5 01       		.byte	0x1
 614 01f6 2101     		.2byte	0x121
 615 01f8 17020000 		.4byte	0x217
 616 01fc 13       		.uleb128 0x13
 617 01fd F3000000 		.4byte	.LASF26
 618 0201 01       		.byte	0x1
 619 0202 2201     		.2byte	0x122
 620 0204 84000000 		.4byte	0x84
 621 0208 00       		.byte	0
 622 0209 13       		.uleb128 0x13
 623 020a 61000000 		.4byte	.LASF27
 624 020e 01       		.byte	0x1
ARM GAS  C:\Users\srhi\AppData\Local\Temp\cck8clVU.s 			page 18


 625 020f 2301     		.2byte	0x123
 626 0211 99000000 		.4byte	0x99
 627 0215 04       		.byte	0x4
 628 0216 00       		.byte	0
 629 0217 06       		.uleb128 0x6
 630 0218 DD010000 		.4byte	.LASF28
 631 021c 01       		.byte	0x1
 632 021d 2401     		.2byte	0x124
 633 021f F3010000 		.4byte	0x1f3
 634 0223 14       		.uleb128 0x14
 635 0224 33020000 		.4byte	0x233
 636 0228 33020000 		.4byte	0x233
 637 022c 15       		.uleb128 0x15
 638 022d 7D000000 		.4byte	0x7d
 639 0231 01       		.byte	0x1
 640 0232 00       		.byte	0
 641 0233 16       		.uleb128 0x16
 642 0234 17020000 		.4byte	0x217
 643 0238 17       		.uleb128 0x17
 644 0239 2D000000 		.4byte	.LASF30
 645 023d 01       		.byte	0x1
 646 023e 2601     		.2byte	0x126
 647 0240 4A020000 		.4byte	0x24a
 648 0244 05       		.uleb128 0x5
 649 0245 03       		.byte	0x3
 650 0246 00000000 		.4byte	cfg_memset_list.4853
 651 024a 16       		.uleb128 0x16
 652 024b 23020000 		.4byte	0x223
 653 024f 18       		.uleb128 0x18
 654 0250 6900     		.ascii	"i\000"
 655 0252 01       		.byte	0x1
 656 0253 2C01     		.2byte	0x12c
 657 0255 8D000000 		.4byte	0x8d
 658 0259 6B000000 		.4byte	.LLST3
 659 025d 19       		.uleb128 0x19
 660 025e 98000000 		.4byte	.LBB3
 661 0262 1C000000 		.4byte	.LBE3-.LBB3
 662 0266 18       		.uleb128 0x18
 663 0267 6D7300   		.ascii	"ms\000"
 664 026a 01       		.byte	0x1
 665 026b 3101     		.2byte	0x131
 666 026d 75020000 		.4byte	0x275
 667 0271 95000000 		.4byte	.LLST4
 668 0275 1A       		.uleb128 0x1a
 669 0276 04       		.byte	0x4
 670 0277 33020000 		.4byte	0x233
 671 027b 0A       		.uleb128 0xa
 672 027c B4000000 		.4byte	.LVL14
 673 0280 E1000000 		.4byte	0xe1
 674 0284 0B       		.uleb128 0xb
 675 0285 01       		.uleb128 0x1
 676 0286 51       		.byte	0x51
 677 0287 15       		.uleb128 0x15
 678 0288 74       		.byte	0x74
 679 0289 00       		.sleb128 0
 680 028a 31       		.byte	0x31
 681 028b 24       		.byte	0x24
ARM GAS  C:\Users\srhi\AppData\Local\Temp\cck8clVU.s 			page 19


 682 028c 74       		.byte	0x74
 683 028d 00       		.sleb128 0
 684 028e 22       		.byte	0x22
 685 028f 31       		.byte	0x31
 686 0290 24       		.byte	0x24
 687 0291 03       		.byte	0x3
 688 0292 04000000 		.4byte	.LANCHOR0+4
 689 0296 22       		.byte	0x22
 690 0297 94       		.byte	0x94
 691 0298 02       		.byte	0x2
 692 0299 0A       		.byte	0xa
 693 029a FFFF     		.2byte	0xffff
 694 029c 1A       		.byte	0x1a
 695 029d 00       		.byte	0
 696 029e 00       		.byte	0
 697 029f 00       		.byte	0
 698 02a0 1B       		.uleb128 0x1b
 699 02a1 FA000000 		.4byte	.LVL17
 700 02a5 2E010000 		.4byte	0x12e
 701 02a9 1B       		.uleb128 0x1b
 702 02aa FE000000 		.4byte	.LVL18
 703 02ae AB010000 		.4byte	0x1ab
 704 02b2 00       		.byte	0
 705 02b3 1C       		.uleb128 0x1c
 706 02b4 B1000000 		.4byte	.LASF37
 707 02b8 B1000000 		.4byte	.LASF37
 708 02bc 1D       		.uleb128 0x1d
 709 02bd 18020000 		.4byte	.LASF31
 710 02c1 18020000 		.4byte	.LASF31
 711 02c5 04       		.byte	0x4
 712 02c6 6C       		.byte	0x6c
 713 02c7 1D       		.uleb128 0x1d
 714 02c8 1E000000 		.4byte	.LASF32
 715 02cc 1E000000 		.4byte	.LASF32
 716 02d0 04       		.byte	0x4
 717 02d1 BD       		.byte	0xbd
 718 02d2 1D       		.uleb128 0x1d
 719 02d3 BF000000 		.4byte	.LASF33
 720 02d7 BF000000 		.4byte	.LASF33
 721 02db 04       		.byte	0x4
 722 02dc C3       		.byte	0xc3
 723 02dd 00       		.byte	0
 724              		.section	.debug_abbrev,"",%progbits
 725              	.Ldebug_abbrev0:
 726 0000 01       		.uleb128 0x1
 727 0001 11       		.uleb128 0x11
 728 0002 01       		.byte	0x1
 729 0003 25       		.uleb128 0x25
 730 0004 0E       		.uleb128 0xe
 731 0005 13       		.uleb128 0x13
 732 0006 0B       		.uleb128 0xb
 733 0007 03       		.uleb128 0x3
 734 0008 0E       		.uleb128 0xe
 735 0009 1B       		.uleb128 0x1b
 736 000a 0E       		.uleb128 0xe
 737 000b 55       		.uleb128 0x55
 738 000c 17       		.uleb128 0x17
ARM GAS  C:\Users\srhi\AppData\Local\Temp\cck8clVU.s 			page 20


 739 000d 11       		.uleb128 0x11
 740 000e 01       		.uleb128 0x1
 741 000f 10       		.uleb128 0x10
 742 0010 17       		.uleb128 0x17
 743 0011 00       		.byte	0
 744 0012 00       		.byte	0
 745 0013 02       		.uleb128 0x2
 746 0014 24       		.uleb128 0x24
 747 0015 00       		.byte	0
 748 0016 0B       		.uleb128 0xb
 749 0017 0B       		.uleb128 0xb
 750 0018 3E       		.uleb128 0x3e
 751 0019 0B       		.uleb128 0xb
 752 001a 03       		.uleb128 0x3
 753 001b 08       		.uleb128 0x8
 754 001c 00       		.byte	0
 755 001d 00       		.byte	0
 756 001e 03       		.uleb128 0x3
 757 001f 16       		.uleb128 0x16
 758 0020 00       		.byte	0
 759 0021 03       		.uleb128 0x3
 760 0022 0E       		.uleb128 0xe
 761 0023 3A       		.uleb128 0x3a
 762 0024 0B       		.uleb128 0xb
 763 0025 3B       		.uleb128 0x3b
 764 0026 0B       		.uleb128 0xb
 765 0027 49       		.uleb128 0x49
 766 0028 13       		.uleb128 0x13
 767 0029 00       		.byte	0
 768 002a 00       		.byte	0
 769 002b 04       		.uleb128 0x4
 770 002c 24       		.uleb128 0x24
 771 002d 00       		.byte	0
 772 002e 0B       		.uleb128 0xb
 773 002f 0B       		.uleb128 0xb
 774 0030 3E       		.uleb128 0x3e
 775 0031 0B       		.uleb128 0xb
 776 0032 03       		.uleb128 0x3
 777 0033 0E       		.uleb128 0xe
 778 0034 00       		.byte	0
 779 0035 00       		.byte	0
 780 0036 05       		.uleb128 0x5
 781 0037 0F       		.uleb128 0xf
 782 0038 00       		.byte	0
 783 0039 0B       		.uleb128 0xb
 784 003a 0B       		.uleb128 0xb
 785 003b 00       		.byte	0
 786 003c 00       		.byte	0
 787 003d 06       		.uleb128 0x6
 788 003e 16       		.uleb128 0x16
 789 003f 00       		.byte	0
 790 0040 03       		.uleb128 0x3
 791 0041 0E       		.uleb128 0xe
 792 0042 3A       		.uleb128 0x3a
 793 0043 0B       		.uleb128 0xb
 794 0044 3B       		.uleb128 0x3b
 795 0045 05       		.uleb128 0x5
ARM GAS  C:\Users\srhi\AppData\Local\Temp\cck8clVU.s 			page 21


 796 0046 49       		.uleb128 0x49
 797 0047 13       		.uleb128 0x13
 798 0048 00       		.byte	0
 799 0049 00       		.byte	0
 800 004a 07       		.uleb128 0x7
 801 004b 35       		.uleb128 0x35
 802 004c 00       		.byte	0
 803 004d 49       		.uleb128 0x49
 804 004e 13       		.uleb128 0x13
 805 004f 00       		.byte	0
 806 0050 00       		.byte	0
 807 0051 08       		.uleb128 0x8
 808 0052 2E       		.uleb128 0x2e
 809 0053 01       		.byte	0x1
 810 0054 03       		.uleb128 0x3
 811 0055 0E       		.uleb128 0xe
 812 0056 3A       		.uleb128 0x3a
 813 0057 0B       		.uleb128 0xb
 814 0058 3B       		.uleb128 0x3b
 815 0059 0B       		.uleb128 0xb
 816 005a 27       		.uleb128 0x27
 817 005b 19       		.uleb128 0x19
 818 005c 11       		.uleb128 0x11
 819 005d 01       		.uleb128 0x1
 820 005e 12       		.uleb128 0x12
 821 005f 06       		.uleb128 0x6
 822 0060 40       		.uleb128 0x40
 823 0061 18       		.uleb128 0x18
 824 0062 9742     		.uleb128 0x2117
 825 0064 19       		.uleb128 0x19
 826 0065 01       		.uleb128 0x1
 827 0066 13       		.uleb128 0x13
 828 0067 00       		.byte	0
 829 0068 00       		.byte	0
 830 0069 09       		.uleb128 0x9
 831 006a 05       		.uleb128 0x5
 832 006b 00       		.byte	0
 833 006c 03       		.uleb128 0x3
 834 006d 08       		.uleb128 0x8
 835 006e 3A       		.uleb128 0x3a
 836 006f 0B       		.uleb128 0xb
 837 0070 3B       		.uleb128 0x3b
 838 0071 0B       		.uleb128 0xb
 839 0072 49       		.uleb128 0x49
 840 0073 13       		.uleb128 0x13
 841 0074 02       		.uleb128 0x2
 842 0075 17       		.uleb128 0x17
 843 0076 00       		.byte	0
 844 0077 00       		.byte	0
 845 0078 0A       		.uleb128 0xa
 846 0079 898201   		.uleb128 0x4109
 847 007c 01       		.byte	0x1
 848 007d 11       		.uleb128 0x11
 849 007e 01       		.uleb128 0x1
 850 007f 31       		.uleb128 0x31
 851 0080 13       		.uleb128 0x13
 852 0081 00       		.byte	0
ARM GAS  C:\Users\srhi\AppData\Local\Temp\cck8clVU.s 			page 22


 853 0082 00       		.byte	0
 854 0083 0B       		.uleb128 0xb
 855 0084 8A8201   		.uleb128 0x410a
 856 0087 00       		.byte	0
 857 0088 02       		.uleb128 0x2
 858 0089 18       		.uleb128 0x18
 859 008a 9142     		.uleb128 0x2111
 860 008c 18       		.uleb128 0x18
 861 008d 00       		.byte	0
 862 008e 00       		.byte	0
 863 008f 0C       		.uleb128 0xc
 864 0090 898201   		.uleb128 0x4109
 865 0093 01       		.byte	0x1
 866 0094 11       		.uleb128 0x11
 867 0095 01       		.uleb128 0x1
 868 0096 31       		.uleb128 0x31
 869 0097 13       		.uleb128 0x13
 870 0098 01       		.uleb128 0x1
 871 0099 13       		.uleb128 0x13
 872 009a 00       		.byte	0
 873 009b 00       		.byte	0
 874 009c 0D       		.uleb128 0xd
 875 009d 2E       		.uleb128 0x2e
 876 009e 01       		.byte	0x1
 877 009f 3F       		.uleb128 0x3f
 878 00a0 19       		.uleb128 0x19
 879 00a1 03       		.uleb128 0x3
 880 00a2 0E       		.uleb128 0xe
 881 00a3 3A       		.uleb128 0x3a
 882 00a4 0B       		.uleb128 0xb
 883 00a5 3B       		.uleb128 0x3b
 884 00a6 0B       		.uleb128 0xb
 885 00a7 27       		.uleb128 0x27
 886 00a8 19       		.uleb128 0x19
 887 00a9 11       		.uleb128 0x11
 888 00aa 01       		.uleb128 0x1
 889 00ab 12       		.uleb128 0x12
 890 00ac 06       		.uleb128 0x6
 891 00ad 40       		.uleb128 0x40
 892 00ae 18       		.uleb128 0x18
 893 00af 9742     		.uleb128 0x2117
 894 00b1 19       		.uleb128 0x19
 895 00b2 01       		.uleb128 0x1
 896 00b3 13       		.uleb128 0x13
 897 00b4 00       		.byte	0
 898 00b5 00       		.byte	0
 899 00b6 0E       		.uleb128 0xe
 900 00b7 05       		.uleb128 0x5
 901 00b8 00       		.byte	0
 902 00b9 03       		.uleb128 0x3
 903 00ba 0E       		.uleb128 0xe
 904 00bb 3A       		.uleb128 0x3a
 905 00bc 0B       		.uleb128 0xb
 906 00bd 3B       		.uleb128 0x3b
 907 00be 0B       		.uleb128 0xb
 908 00bf 49       		.uleb128 0x49
 909 00c0 13       		.uleb128 0x13
ARM GAS  C:\Users\srhi\AppData\Local\Temp\cck8clVU.s 			page 23


 910 00c1 02       		.uleb128 0x2
 911 00c2 18       		.uleb128 0x18
 912 00c3 00       		.byte	0
 913 00c4 00       		.byte	0
 914 00c5 0F       		.uleb128 0xf
 915 00c6 34       		.uleb128 0x34
 916 00c7 00       		.byte	0
 917 00c8 03       		.uleb128 0x3
 918 00c9 0E       		.uleb128 0xe
 919 00ca 3A       		.uleb128 0x3a
 920 00cb 0B       		.uleb128 0xb
 921 00cc 3B       		.uleb128 0x3b
 922 00cd 0B       		.uleb128 0xb
 923 00ce 49       		.uleb128 0x49
 924 00cf 13       		.uleb128 0x13
 925 00d0 02       		.uleb128 0x2
 926 00d1 17       		.uleb128 0x17
 927 00d2 00       		.byte	0
 928 00d3 00       		.byte	0
 929 00d4 10       		.uleb128 0x10
 930 00d5 2E       		.uleb128 0x2e
 931 00d6 01       		.byte	0x1
 932 00d7 3F       		.uleb128 0x3f
 933 00d8 19       		.uleb128 0x19
 934 00d9 03       		.uleb128 0x3
 935 00da 0E       		.uleb128 0xe
 936 00db 3A       		.uleb128 0x3a
 937 00dc 0B       		.uleb128 0xb
 938 00dd 3B       		.uleb128 0x3b
 939 00de 05       		.uleb128 0x5
 940 00df 27       		.uleb128 0x27
 941 00e0 19       		.uleb128 0x19
 942 00e1 11       		.uleb128 0x11
 943 00e2 01       		.uleb128 0x1
 944 00e3 12       		.uleb128 0x12
 945 00e4 06       		.uleb128 0x6
 946 00e5 40       		.uleb128 0x40
 947 00e6 18       		.uleb128 0x18
 948 00e7 9742     		.uleb128 0x2117
 949 00e9 19       		.uleb128 0x19
 950 00ea 01       		.uleb128 0x1
 951 00eb 13       		.uleb128 0x13
 952 00ec 00       		.byte	0
 953 00ed 00       		.byte	0
 954 00ee 11       		.uleb128 0x11
 955 00ef 0B       		.uleb128 0xb
 956 00f0 01       		.byte	0x1
 957 00f1 11       		.uleb128 0x11
 958 00f2 01       		.uleb128 0x1
 959 00f3 12       		.uleb128 0x12
 960 00f4 06       		.uleb128 0x6
 961 00f5 01       		.uleb128 0x1
 962 00f6 13       		.uleb128 0x13
 963 00f7 00       		.byte	0
 964 00f8 00       		.byte	0
 965 00f9 12       		.uleb128 0x12
 966 00fa 13       		.uleb128 0x13
ARM GAS  C:\Users\srhi\AppData\Local\Temp\cck8clVU.s 			page 24


 967 00fb 01       		.byte	0x1
 968 00fc 0B       		.uleb128 0xb
 969 00fd 0B       		.uleb128 0xb
 970 00fe 3A       		.uleb128 0x3a
 971 00ff 0B       		.uleb128 0xb
 972 0100 3B       		.uleb128 0x3b
 973 0101 05       		.uleb128 0x5
 974 0102 01       		.uleb128 0x1
 975 0103 13       		.uleb128 0x13
 976 0104 00       		.byte	0
 977 0105 00       		.byte	0
 978 0106 13       		.uleb128 0x13
 979 0107 0D       		.uleb128 0xd
 980 0108 00       		.byte	0
 981 0109 03       		.uleb128 0x3
 982 010a 0E       		.uleb128 0xe
 983 010b 3A       		.uleb128 0x3a
 984 010c 0B       		.uleb128 0xb
 985 010d 3B       		.uleb128 0x3b
 986 010e 05       		.uleb128 0x5
 987 010f 49       		.uleb128 0x49
 988 0110 13       		.uleb128 0x13
 989 0111 38       		.uleb128 0x38
 990 0112 0B       		.uleb128 0xb
 991 0113 00       		.byte	0
 992 0114 00       		.byte	0
 993 0115 14       		.uleb128 0x14
 994 0116 01       		.uleb128 0x1
 995 0117 01       		.byte	0x1
 996 0118 49       		.uleb128 0x49
 997 0119 13       		.uleb128 0x13
 998 011a 01       		.uleb128 0x1
 999 011b 13       		.uleb128 0x13
 1000 011c 00       		.byte	0
 1001 011d 00       		.byte	0
 1002 011e 15       		.uleb128 0x15
 1003 011f 21       		.uleb128 0x21
 1004 0120 00       		.byte	0
 1005 0121 49       		.uleb128 0x49
 1006 0122 13       		.uleb128 0x13
 1007 0123 2F       		.uleb128 0x2f
 1008 0124 0B       		.uleb128 0xb
 1009 0125 00       		.byte	0
 1010 0126 00       		.byte	0
 1011 0127 16       		.uleb128 0x16
 1012 0128 26       		.uleb128 0x26
 1013 0129 00       		.byte	0
 1014 012a 49       		.uleb128 0x49
 1015 012b 13       		.uleb128 0x13
 1016 012c 00       		.byte	0
 1017 012d 00       		.byte	0
 1018 012e 17       		.uleb128 0x17
 1019 012f 34       		.uleb128 0x34
 1020 0130 00       		.byte	0
 1021 0131 03       		.uleb128 0x3
 1022 0132 0E       		.uleb128 0xe
 1023 0133 3A       		.uleb128 0x3a
ARM GAS  C:\Users\srhi\AppData\Local\Temp\cck8clVU.s 			page 25


 1024 0134 0B       		.uleb128 0xb
 1025 0135 3B       		.uleb128 0x3b
 1026 0136 05       		.uleb128 0x5
 1027 0137 49       		.uleb128 0x49
 1028 0138 13       		.uleb128 0x13
 1029 0139 02       		.uleb128 0x2
 1030 013a 18       		.uleb128 0x18
 1031 013b 00       		.byte	0
 1032 013c 00       		.byte	0
 1033 013d 18       		.uleb128 0x18
 1034 013e 34       		.uleb128 0x34
 1035 013f 00       		.byte	0
 1036 0140 03       		.uleb128 0x3
 1037 0141 08       		.uleb128 0x8
 1038 0142 3A       		.uleb128 0x3a
 1039 0143 0B       		.uleb128 0xb
 1040 0144 3B       		.uleb128 0x3b
 1041 0145 05       		.uleb128 0x5
 1042 0146 49       		.uleb128 0x49
 1043 0147 13       		.uleb128 0x13
 1044 0148 02       		.uleb128 0x2
 1045 0149 17       		.uleb128 0x17
 1046 014a 00       		.byte	0
 1047 014b 00       		.byte	0
 1048 014c 19       		.uleb128 0x19
 1049 014d 0B       		.uleb128 0xb
 1050 014e 01       		.byte	0x1
 1051 014f 11       		.uleb128 0x11
 1052 0150 01       		.uleb128 0x1
 1053 0151 12       		.uleb128 0x12
 1054 0152 06       		.uleb128 0x6
 1055 0153 00       		.byte	0
 1056 0154 00       		.byte	0
 1057 0155 1A       		.uleb128 0x1a
 1058 0156 0F       		.uleb128 0xf
 1059 0157 00       		.byte	0
 1060 0158 0B       		.uleb128 0xb
 1061 0159 0B       		.uleb128 0xb
 1062 015a 49       		.uleb128 0x49
 1063 015b 13       		.uleb128 0x13
 1064 015c 00       		.byte	0
 1065 015d 00       		.byte	0
 1066 015e 1B       		.uleb128 0x1b
 1067 015f 898201   		.uleb128 0x4109
 1068 0162 00       		.byte	0
 1069 0163 11       		.uleb128 0x11
 1070 0164 01       		.uleb128 0x1
 1071 0165 31       		.uleb128 0x31
 1072 0166 13       		.uleb128 0x13
 1073 0167 00       		.byte	0
 1074 0168 00       		.byte	0
 1075 0169 1C       		.uleb128 0x1c
 1076 016a 2E       		.uleb128 0x2e
 1077 016b 00       		.byte	0
 1078 016c 3F       		.uleb128 0x3f
 1079 016d 19       		.uleb128 0x19
 1080 016e 3C       		.uleb128 0x3c
ARM GAS  C:\Users\srhi\AppData\Local\Temp\cck8clVU.s 			page 26


 1081 016f 19       		.uleb128 0x19
 1082 0170 6E       		.uleb128 0x6e
 1083 0171 0E       		.uleb128 0xe
 1084 0172 03       		.uleb128 0x3
 1085 0173 0E       		.uleb128 0xe
 1086 0174 00       		.byte	0
 1087 0175 00       		.byte	0
 1088 0176 1D       		.uleb128 0x1d
 1089 0177 2E       		.uleb128 0x2e
 1090 0178 00       		.byte	0
 1091 0179 3F       		.uleb128 0x3f
 1092 017a 19       		.uleb128 0x19
 1093 017b 3C       		.uleb128 0x3c
 1094 017c 19       		.uleb128 0x19
 1095 017d 6E       		.uleb128 0x6e
 1096 017e 0E       		.uleb128 0xe
 1097 017f 03       		.uleb128 0x3
 1098 0180 0E       		.uleb128 0xe
 1099 0181 3A       		.uleb128 0x3a
 1100 0182 0B       		.uleb128 0xb
 1101 0183 3B       		.uleb128 0x3b
 1102 0184 0B       		.uleb128 0xb
 1103 0185 00       		.byte	0
 1104 0186 00       		.byte	0
 1105 0187 00       		.byte	0
 1106              		.section	.debug_loc,"",%progbits
 1107              	.Ldebug_loc0:
 1108              	.LLST0:
 1109 0000 00000000 		.4byte	.LVL0
 1110 0004 09000000 		.4byte	.LVL2-1
 1111 0008 0100     		.2byte	0x1
 1112 000a 50       		.byte	0x50
 1113 000b 09000000 		.4byte	.LVL2-1
 1114 000f 0C000000 		.4byte	.LFE0
 1115 0013 0400     		.2byte	0x4
 1116 0015 F3       		.byte	0xf3
 1117 0016 01       		.uleb128 0x1
 1118 0017 50       		.byte	0x50
 1119 0018 9F       		.byte	0x9f
 1120 0019 00000000 		.4byte	0
 1121 001d 00000000 		.4byte	0
 1122              	.LLST1:
 1123 0021 00000000 		.4byte	.LVL0
 1124 0025 06000000 		.4byte	.LVL1
 1125 0029 0100     		.2byte	0x1
 1126 002b 51       		.byte	0x51
 1127 002c 06000000 		.4byte	.LVL1
 1128 0030 09000000 		.4byte	.LVL2-1
 1129 0034 0100     		.2byte	0x1
 1130 0036 52       		.byte	0x52
 1131 0037 09000000 		.4byte	.LVL2-1
 1132 003b 0C000000 		.4byte	.LFE0
 1133 003f 0400     		.2byte	0x4
 1134 0041 F3       		.byte	0xf3
 1135 0042 01       		.uleb128 0x1
 1136 0043 51       		.byte	0x51
 1137 0044 9F       		.byte	0x9f
ARM GAS  C:\Users\srhi\AppData\Local\Temp\cck8clVU.s 			page 27


 1138 0045 00000000 		.4byte	0
 1139 0049 00000000 		.4byte	0
 1140              	.LLST2:
 1141 004d 04000000 		.4byte	.LVL7
 1142 0051 12000000 		.4byte	.LVL9
 1143 0055 0100     		.2byte	0x1
 1144 0057 53       		.byte	0x53
 1145 0058 14000000 		.4byte	.LVL10
 1146 005c 20000000 		.4byte	.LFE5
 1147 0060 0100     		.2byte	0x1
 1148 0062 53       		.byte	0x53
 1149 0063 00000000 		.4byte	0
 1150 0067 00000000 		.4byte	0
 1151              	.LLST3:
 1152 006b 94000000 		.4byte	.LVL12
 1153 006f 98000000 		.4byte	.LVL13
 1154 0073 0200     		.2byte	0x2
 1155 0075 30       		.byte	0x30
 1156 0076 9F       		.byte	0x9f
 1157 0077 98000000 		.4byte	.LVL13
 1158 007b B6000000 		.4byte	.LVL15
 1159 007f 0100     		.2byte	0x1
 1160 0081 54       		.byte	0x54
 1161 0082 B8000000 		.4byte	.LVL16
 1162 0086 FE000000 		.4byte	.LVL19
 1163 008a 0100     		.2byte	0x1
 1164 008c 54       		.byte	0x54
 1165 008d 00000000 		.4byte	0
 1166 0091 00000000 		.4byte	0
 1167              	.LLST4:
 1168 0095 98000000 		.4byte	.LVL13
 1169 0099 B6000000 		.4byte	.LVL15
 1170 009d 0B00     		.2byte	0xb
 1171 009f 74       		.byte	0x74
 1172 00a0 00       		.sleb128 0
 1173 00a1 36       		.byte	0x36
 1174 00a2 1E       		.byte	0x1e
 1175 00a3 03       		.byte	0x3
 1176 00a4 00000000 		.4byte	cfg_memset_list.4853
 1177 00a8 22       		.byte	0x22
 1178 00a9 9F       		.byte	0x9f
 1179 00aa B6000000 		.4byte	.LVL15
 1180 00ae B8000000 		.4byte	.LVL16
 1181 00b2 0B00     		.2byte	0xb
 1182 00b4 74       		.byte	0x74
 1183 00b5 7F       		.sleb128 -1
 1184 00b6 36       		.byte	0x36
 1185 00b7 1E       		.byte	0x1e
 1186 00b8 03       		.byte	0x3
 1187 00b9 00000000 		.4byte	cfg_memset_list.4853
 1188 00bd 22       		.byte	0x22
 1189 00be 9F       		.byte	0x9f
 1190 00bf 00000000 		.4byte	0
 1191 00c3 00000000 		.4byte	0
 1192              		.section	.debug_aranges,"",%progbits
 1193 0000 3C000000 		.4byte	0x3c
 1194 0004 0200     		.2byte	0x2
ARM GAS  C:\Users\srhi\AppData\Local\Temp\cck8clVU.s 			page 28


 1195 0006 00000000 		.4byte	.Ldebug_info0
 1196 000a 04       		.byte	0x4
 1197 000b 00       		.byte	0
 1198 000c 0000     		.2byte	0
 1199 000e 0000     		.2byte	0
 1200 0010 00000000 		.4byte	.LFB0
 1201 0014 0C000000 		.4byte	.LFE0-.LFB0
 1202 0018 00000000 		.4byte	.LFB3
 1203 001c 90000000 		.4byte	.LFE3-.LFB3
 1204 0020 00000000 		.4byte	.LFB5
 1205 0024 20000000 		.4byte	.LFE5-.LFB5
 1206 0028 00000000 		.4byte	.LFB4
 1207 002c 14000000 		.4byte	.LFE4-.LFB4
 1208 0030 90000000 		.4byte	.LFB6
 1209 0034 A4000000 		.4byte	.LFE6-.LFB6
 1210 0038 00000000 		.4byte	0
 1211 003c 00000000 		.4byte	0
 1212              		.section	.debug_ranges,"",%progbits
 1213              	.Ldebug_ranges0:
 1214 0000 00000000 		.4byte	.LFB0
 1215 0004 0C000000 		.4byte	.LFE0
 1216 0008 00000000 		.4byte	.LFB3
 1217 000c 90000000 		.4byte	.LFE3
 1218 0010 00000000 		.4byte	.LFB5
 1219 0014 20000000 		.4byte	.LFE5
 1220 0018 00000000 		.4byte	.LFB4
 1221 001c 14000000 		.4byte	.LFE4
 1222 0020 90000000 		.4byte	.LFB6
 1223 0024 34010000 		.4byte	.LFE6
 1224 0028 00000000 		.4byte	0
 1225 002c 00000000 		.4byte	0
 1226              		.section	.debug_line,"",%progbits
 1227              	.Ldebug_line0:
 1228 0000 5B010000 		.section	.debug_str,"MS",%progbits,1
 1228      0200D600 
 1228      00000201 
 1228      FB0E0D00 
 1228      01010101 
 1229              	.LASF19:
 1230 0000 72656733 		.ascii	"reg32\000"
 1230      3200
 1231              	.LASF12:
 1232 0006 73697A65 		.ascii	"size_t\000"
 1232      5F7400
 1233              	.LASF23:
 1234 000d 416E616C 		.ascii	"AnalogSetDefault\000"
 1234      6F675365 
 1234      74446566 
 1234      61756C74 
 1234      00
 1235              	.LASF32:
 1236 001e 4379496E 		.ascii	"CyIntSetVector\000"
 1236      74536574 
 1236      56656374 
 1236      6F7200
 1237              	.LASF30:
 1238 002d 6366675F 		.ascii	"cfg_memset_list\000"
ARM GAS  C:\Users\srhi\AppData\Local\Temp\cck8clVU.s 			page 29


 1238      6D656D73 
 1238      65745F6C 
 1238      69737400 
 1239              	.LASF21:
 1240 003d 436C6F63 		.ascii	"ClockSetup\000"
 1240      6B536574 
 1240      757000
 1241              	.LASF6:
 1242 0048 73686F72 		.ascii	"short unsigned int\000"
 1242      7420756E 
 1242      7369676E 
 1242      65642069 
 1242      6E7400
 1243              	.LASF16:
 1244 005b 666C6F61 		.ascii	"float\000"
 1244      7400
 1245              	.LASF27:
 1246 0061 73697A65 		.ascii	"size\000"
 1246      00
 1247              	.LASF18:
 1248 0066 72656738 		.ascii	"reg8\000"
 1248      00
 1249              	.LASF8:
 1250 006b 6C6F6E67 		.ascii	"long unsigned int\000"
 1250      20756E73 
 1250      69676E65 
 1250      6420696E 
 1250      7400
 1251              	.LASF13:
 1252 007d 75696E74 		.ascii	"uint8\000"
 1252      3800
 1253              	.LASF20:
 1254 0083 43594D45 		.ascii	"CYMEMZERO\000"
 1254      4D5A4552 
 1254      4F00
 1255              	.LASF24:
 1256 008d 53657441 		.ascii	"SetAnalogRoutingPumps\000"
 1256      6E616C6F 
 1256      67526F75 
 1256      74696E67 
 1256      50756D70 
 1257              	.LASF4:
 1258 00a3 756E7369 		.ascii	"unsigned char\000"
 1258      676E6564 
 1258      20636861 
 1258      7200
 1259              	.LASF37:
 1260 00b1 6D656D73 		.ascii	"memset\000"
 1260      657400
 1261              	.LASF17:
 1262 00b8 646F7562 		.ascii	"double\000"
 1262      6C6500
 1263              	.LASF33:
 1264 00bf 4379496E 		.ascii	"CyIntEnable\000"
 1264      74456E61 
 1264      626C6500 
 1265              	.LASF14:
ARM GAS  C:\Users\srhi\AppData\Local\Temp\cck8clVU.s 			page 30


 1266 00cb 75696E74 		.ascii	"uint16\000"
 1266      313600
 1267              	.LASF15:
 1268 00d2 75696E74 		.ascii	"uint32\000"
 1268      333200
 1269              	.LASF0:
 1270 00d9 756E7369 		.ascii	"unsigned int\000"
 1270      676E6564 
 1270      20696E74 
 1270      00
 1271              	.LASF25:
 1272 00e6 63796669 		.ascii	"cyfitter_cfg\000"
 1272      74746572 
 1272      5F636667 
 1272      00
 1273              	.LASF26:
 1274 00f3 61646472 		.ascii	"address\000"
 1274      65737300 
 1275              	.LASF9:
 1276 00fb 6C6F6E67 		.ascii	"long long unsigned int\000"
 1276      206C6F6E 
 1276      6720756E 
 1276      7369676E 
 1276      65642069 
 1277              	.LASF36:
 1278 0112 433A5C55 		.ascii	"C:\\Users\\srhi\\Desktop\\PSOC\\EZI2C_BRIDGE_CONTRO"
 1278      73657273 
 1278      5C737268 
 1278      695C4465 
 1278      736B746F 
 1279 0140 4C5F5041 		.ascii	"L_PANNEL.cydsn\000"
 1279      4E4E454C 
 1279      2E637964 
 1279      736E00
 1280              	.LASF34:
 1281 014f 474E5520 		.ascii	"GNU C11 5.4.1 20160609 (release) [ARM/embedded-5-br"
 1281      43313120 
 1281      352E342E 
 1281      31203230 
 1281      31363036 
 1282 0182 616E6368 		.ascii	"anch revision 237715] -mcpu=cortex-m0 -mthumb -g -O"
 1282      20726576 
 1282      6973696F 
 1282      6E203233 
 1282      37373135 
 1283 01b5 67202D66 		.ascii	"g -ffunction-sections -ffat-lto-objects\000"
 1283      66756E63 
 1283      74696F6E 
 1283      2D736563 
 1283      74696F6E 
 1284              	.LASF28:
 1285 01dd 6366675F 		.ascii	"cfg_memset_t\000"
 1285      6D656D73 
 1285      65745F74 
 1285      00
 1286              	.LASF10:
 1287 01ea 73697A65 		.ascii	"sizetype\000"
ARM GAS  C:\Users\srhi\AppData\Local\Temp\cck8clVU.s 			page 31


 1287      74797065 
 1287      00
 1288              	.LASF1:
 1289 01f3 6C6F6E67 		.ascii	"long long int\000"
 1289      206C6F6E 
 1289      6720696E 
 1289      7400
 1290              	.LASF11:
 1291 0201 63686172 		.ascii	"char\000"
 1291      00
 1292              	.LASF22:
 1293 0206 656E6162 		.ascii	"enabled\000"
 1293      6C656400 
 1294              	.LASF5:
 1295 020e 73686F72 		.ascii	"short int\000"
 1295      7420696E 
 1295      7400
 1296              	.LASF31:
 1297 0218 43795379 		.ascii	"CySysClkWriteImoFreq\000"
 1297      73436C6B 
 1297      57726974 
 1297      65496D6F 
 1297      46726571 
 1298              	.LASF7:
 1299 022d 6C6F6E67 		.ascii	"long int\000"
 1299      20696E74 
 1299      00
 1300              	.LASF2:
 1301 0236 6C6F6E67 		.ascii	"long double\000"
 1301      20646F75 
 1301      626C6500 
 1302              	.LASF3:
 1303 0242 7369676E 		.ascii	"signed char\000"
 1303      65642063 
 1303      68617200 
 1304              	.LASF35:
 1305 024e 47656E65 		.ascii	"Generated_Source\\PSoC4\\cyfitter_cfg.c\000"
 1305      72617465 
 1305      645F536F 
 1305      75726365 
 1305      5C50536F 
 1306              	.LASF29:
 1307 0274 72656756 		.ascii	"regValue\000"
 1307      616C7565 
 1307      00
 1308              		.ident	"GCC: (GNU Tools for ARM Embedded Processors) 5.4.1 20160609 (release) [ARM/embedded-5-bran
