ARM GAS  C:\Users\srhi\AppData\Local\Temp\cckScGCp.s 			page 1


   1              		.syntax unified
   2              		.cpu cortex-m0
   3              		.fpu softvfp
   4              		.eabi_attribute 20, 1
   5              		.eabi_attribute 21, 1
   6              		.eabi_attribute 23, 3
   7              		.eabi_attribute 24, 1
   8              		.eabi_attribute 25, 1
   9              		.eabi_attribute 26, 1
  10              		.eabi_attribute 30, 1
  11              		.eabi_attribute 34, 0
  12              		.eabi_attribute 18, 4
  13              		.thumb
  14              		.syntax unified
  15              		.file	"main.c"
  16              		.text
  17              	.Ltext0:
  18              		.cfi_sections	.debug_frame
  19              		.section	.text.main,"ax",%progbits
  20              		.align	2
  21              		.global	main
  22              		.code	16
  23              		.thumb_func
  24              		.type	main, %function
  25              	main:
  26              	.LFB32:
  27              		.file 1 "main.c"
   1:main.c        **** /* ========================================
   2:main.c        ****  *
   3:main.c        ****  * Copyright YOUR COMPANY, THE YEAR
   4:main.c        ****  * All Rights Reserved
   5:main.c        ****  * UNPUBLISHED, LICENSED SOFTWARE.
   6:main.c        ****  *
   7:main.c        ****  * CONFIDENTIAL AND PROPRIETARY INFORMATION
   8:main.c        ****  * WHICH IS THE PROPERTY OF your company.
   9:main.c        ****  *
  10:main.c        ****  * ========================================
  11:main.c        **** */
  12:main.c        **** #include "project.h"
  13:main.c        **** #define POT_CHAN (0)
  14:main.c        **** int main(void)
  15:main.c        **** {
  28              		.loc 1 15 0
  29              		.cfi_startproc
  30              		@ args = 0, pretend = 0, frame = 8
  31              		@ frame_needed = 0, uses_anonymous_args = 0
  32 0000 30B5     		push	{r4, r5, lr}
  33              		.cfi_def_cfa_offset 12
  34              		.cfi_offset 4, -12
  35              		.cfi_offset 5, -8
  36              		.cfi_offset 14, -4
  37 0002 83B0     		sub	sp, sp, #12
  38              		.cfi_def_cfa_offset 24
  16:main.c        ****     uint16 ADCResult;
  17:main.c        ****     uint8 I2CReg[2] = {0,0};
  39              		.loc 1 17 0
  40 0004 01AC     		add	r4, sp, #4
ARM GAS  C:\Users\srhi\AppData\Local\Temp\cckScGCp.s 			page 2


  41 0006 0023     		movs	r3, #0
  42 0008 2370     		strb	r3, [r4]
  43 000a 6370     		strb	r3, [r4, #1]
  18:main.c        ****     
  19:main.c        ****     ADC_Start();
  44              		.loc 1 19 0
  45 000c FFF7FEFF 		bl	ADC_Start
  46              	.LVL0:
  20:main.c        ****     ADC_StartConvert();
  47              		.loc 1 20 0
  48 0010 FFF7FEFF 		bl	ADC_StartConvert
  49              	.LVL1:
  21:main.c        ****     LCD_Start();
  50              		.loc 1 21 0
  51 0014 FFF7FEFF 		bl	LCD_Start
  52              	.LVL2:
  22:main.c        ****     EZI2C_Start();
  53              		.loc 1 22 0
  54 0018 FFF7FEFF 		bl	EZI2C_Start
  55              	.LVL3:
  23:main.c        ****     EZI2C_EzI2CSetBuffer1(sizeof(I2CReg), 0, I2CReg);
  56              		.loc 1 23 0
  57 001c 2200     		movs	r2, r4
  58 001e 0021     		movs	r1, #0
  59 0020 0220     		movs	r0, #2
  60 0022 FFF7FEFF 		bl	EZI2C_EzI2CSetBuffer1
  61              	.LVL4:
  24:main.c        ****     CyGlobalIntEnable; /* Enable global interrupts. */
  62              		.loc 1 24 0
  63              		.syntax divided
  64              	@ 24 "main.c" 1
  65 0026 62B6     		CPSIE   i
  66              	@ 0 "" 2
  67              		.thumb
  68              		.syntax unified
  69              	.L2:
  25:main.c        **** 
  26:main.c        ****     /* Place your initialization/startup code here (e.g. MyInst_Start()) */
  27:main.c        **** 
  28:main.c        ****     for(;;)
  29:main.c        ****     {
  30:main.c        ****         /* Place your application code here. */
  31:main.c        ****         ADCResult = ADC_CountsTo_mVolts(POT_CHAN, ADC_GetResult16(POT_CHAN));
  70              		.loc 1 31 0 discriminator 1
  71 0028 0020     		movs	r0, #0
  72 002a FFF7FEFF 		bl	ADC_GetResult16
  73              	.LVL5:
  74 002e 0100     		movs	r1, r0
  75 0030 0020     		movs	r0, #0
  76 0032 FFF7FEFF 		bl	ADC_CountsTo_mVolts
  77              	.LVL6:
  78 0036 0500     		movs	r5, r0
  79 0038 84B2     		uxth	r4, r0
  80              	.LVL7:
  32:main.c        ****         
  33:main.c        ****         LCD_Position(0,0);
  81              		.loc 1 33 0 discriminator 1
ARM GAS  C:\Users\srhi\AppData\Local\Temp\cckScGCp.s 			page 3


  82 003a 0021     		movs	r1, #0
  83 003c 0020     		movs	r0, #0
  84 003e FFF7FEFF 		bl	LCD_Position
  85              	.LVL8:
  34:main.c        ****         LCD_PrintNumber(ADCResult);
  86              		.loc 1 34 0 discriminator 1
  87 0042 2000     		movs	r0, r4
  88 0044 FFF7FEFF 		bl	LCD_PrintU32Number
  89              	.LVL9:
  35:main.c        ****         LCD_PrintString("mv ");
  90              		.loc 1 35 0 discriminator 1
  91 0048 0348     		ldr	r0, .L3
  92 004a FFF7FEFF 		bl	LCD_PrintString
  93              	.LVL10:
  36:main.c        ****         
  37:main.c        ****         I2CReg[0] = HI8(ADCResult);
  94              		.loc 1 37 0 discriminator 1
  95 004e 240A     		lsrs	r4, r4, #8
  96              	.LVL11:
  97 0050 01AB     		add	r3, sp, #4
  98 0052 1C70     		strb	r4, [r3]
  38:main.c        ****         I2CReg[1] = LO8(ADCResult);
  99              		.loc 1 38 0 discriminator 1
 100 0054 5D70     		strb	r5, [r3, #1]
 101 0056 E7E7     		b	.L2
 102              	.L4:
 103              		.align	2
 104              	.L3:
 105 0058 00000000 		.word	.LC0
 106              		.cfi_endproc
 107              	.LFE32:
 108              		.size	main, .-main
 109              		.section	.rodata.str1.4,"aMS",%progbits,1
 110              		.align	2
 111              	.LC0:
 112 0000 6D762000 		.ascii	"mv \000"
 113              		.text
 114              	.Letext0:
 115              		.file 2 "Generated_Source\\PSoC4/cytypes.h"
 116              		.file 3 "Generated_Source\\PSoC4/ADC.h"
 117              		.file 4 "Generated_Source\\PSoC4/LCD.h"
 118              		.file 5 "Generated_Source\\PSoC4/EZI2C.h"
 119              		.file 6 "Generated_Source\\PSoC4/EZI2C_EZI2C.h"
 120              		.section	.debug_info,"",%progbits
 121              	.Ldebug_info0:
 122 0000 FF010000 		.4byte	0x1ff
 123 0004 0400     		.2byte	0x4
 124 0006 00000000 		.4byte	.Ldebug_abbrev0
 125 000a 04       		.byte	0x4
 126 000b 01       		.uleb128 0x1
 127 000c 50010000 		.4byte	.LASF28
 128 0010 0C       		.byte	0xc
 129 0011 F8010000 		.4byte	.LASF29
 130 0015 13010000 		.4byte	.LASF30
 131 0019 00000000 		.4byte	.Ldebug_ranges0+0
 132 001d 00000000 		.4byte	0
 133 0021 00000000 		.4byte	.Ldebug_line0
ARM GAS  C:\Users\srhi\AppData\Local\Temp\cckScGCp.s 			page 4


 134 0025 02       		.uleb128 0x2
 135 0026 01       		.byte	0x1
 136 0027 06       		.byte	0x6
 137 0028 2F020000 		.4byte	.LASF0
 138 002c 02       		.uleb128 0x2
 139 002d 01       		.byte	0x1
 140 002e 08       		.byte	0x8
 141 002f 4C000000 		.4byte	.LASF1
 142 0033 02       		.uleb128 0x2
 143 0034 02       		.byte	0x2
 144 0035 05       		.byte	0x5
 145 0036 04020000 		.4byte	.LASF2
 146 003a 02       		.uleb128 0x2
 147 003b 02       		.byte	0x2
 148 003c 07       		.byte	0x7
 149 003d 22000000 		.4byte	.LASF3
 150 0041 02       		.uleb128 0x2
 151 0042 04       		.byte	0x4
 152 0043 05       		.byte	0x5
 153 0044 1A020000 		.4byte	.LASF4
 154 0048 02       		.uleb128 0x2
 155 0049 04       		.byte	0x4
 156 004a 07       		.byte	0x7
 157 004b 5A000000 		.4byte	.LASF5
 158 004f 02       		.uleb128 0x2
 159 0050 08       		.byte	0x8
 160 0051 05       		.byte	0x5
 161 0052 00000000 		.4byte	.LASF6
 162 0056 02       		.uleb128 0x2
 163 0057 08       		.byte	0x8
 164 0058 07       		.byte	0x7
 165 0059 BC000000 		.4byte	.LASF7
 166 005d 03       		.uleb128 0x3
 167 005e 04       		.byte	0x4
 168 005f 05       		.byte	0x5
 169 0060 696E7400 		.ascii	"int\000"
 170 0064 02       		.uleb128 0x2
 171 0065 04       		.byte	0x4
 172 0066 07       		.byte	0x7
 173 0067 AF000000 		.4byte	.LASF8
 174 006b 04       		.uleb128 0x4
 175 006c 6C000000 		.4byte	.LASF9
 176 0070 02       		.byte	0x2
 177 0071 E401     		.2byte	0x1e4
 178 0073 2C000000 		.4byte	0x2c
 179 0077 04       		.uleb128 0x4
 180 0078 A8000000 		.4byte	.LASF10
 181 007c 02       		.byte	0x2
 182 007d E501     		.2byte	0x1e5
 183 007f 3A000000 		.4byte	0x3a
 184 0083 02       		.uleb128 0x2
 185 0084 04       		.byte	0x4
 186 0085 04       		.byte	0x4
 187 0086 3C000000 		.4byte	.LASF11
 188 008a 02       		.uleb128 0x2
 189 008b 08       		.byte	0x8
 190 008c 04       		.byte	0x4
ARM GAS  C:\Users\srhi\AppData\Local\Temp\cckScGCp.s 			page 5


 191 008d 82000000 		.4byte	.LASF12
 192 0091 02       		.uleb128 0x2
 193 0092 01       		.byte	0x1
 194 0093 08       		.byte	0x8
 195 0094 FF010000 		.4byte	.LASF13
 196 0098 02       		.uleb128 0x2
 197 0099 08       		.byte	0x8
 198 009a 04       		.byte	0x4
 199 009b 23020000 		.4byte	.LASF14
 200 009f 02       		.uleb128 0x2
 201 00a0 04       		.byte	0x4
 202 00a1 07       		.byte	0x7
 203 00a2 DE010000 		.4byte	.LASF15
 204 00a6 05       		.uleb128 0x5
 205 00a7 93000000 		.4byte	.LASF31
 206 00ab 01       		.byte	0x1
 207 00ac 0E       		.byte	0xe
 208 00ad 5D000000 		.4byte	0x5d
 209 00b1 00000000 		.4byte	.LFB32
 210 00b5 5C000000 		.4byte	.LFE32-.LFB32
 211 00b9 01       		.uleb128 0x1
 212 00ba 9C       		.byte	0x9c
 213 00bb 84010000 		.4byte	0x184
 214 00bf 06       		.uleb128 0x6
 215 00c0 89000000 		.4byte	.LASF16
 216 00c4 01       		.byte	0x1
 217 00c5 10       		.byte	0x10
 218 00c6 77000000 		.4byte	0x77
 219 00ca 00000000 		.4byte	.LLST0
 220 00ce 07       		.uleb128 0x7
 221 00cf 35000000 		.4byte	.LASF17
 222 00d3 01       		.byte	0x1
 223 00d4 11       		.byte	0x11
 224 00d5 84010000 		.4byte	0x184
 225 00d9 02       		.uleb128 0x2
 226 00da 91       		.byte	0x91
 227 00db 6C       		.sleb128 -20
 228 00dc 08       		.uleb128 0x8
 229 00dd 10000000 		.4byte	.LVL0
 230 00e1 94010000 		.4byte	0x194
 231 00e5 08       		.uleb128 0x8
 232 00e6 14000000 		.4byte	.LVL1
 233 00ea 9F010000 		.4byte	0x19f
 234 00ee 08       		.uleb128 0x8
 235 00ef 18000000 		.4byte	.LVL2
 236 00f3 AA010000 		.4byte	0x1aa
 237 00f7 08       		.uleb128 0x8
 238 00f8 1C000000 		.4byte	.LVL3
 239 00fc B5010000 		.4byte	0x1b5
 240 0100 09       		.uleb128 0x9
 241 0101 26000000 		.4byte	.LVL4
 242 0105 C0010000 		.4byte	0x1c0
 243 0109 1E010000 		.4byte	0x11e
 244 010d 0A       		.uleb128 0xa
 245 010e 01       		.uleb128 0x1
 246 010f 50       		.byte	0x50
 247 0110 01       		.uleb128 0x1
ARM GAS  C:\Users\srhi\AppData\Local\Temp\cckScGCp.s 			page 6


 248 0111 32       		.byte	0x32
 249 0112 0A       		.uleb128 0xa
 250 0113 01       		.uleb128 0x1
 251 0114 51       		.byte	0x51
 252 0115 01       		.uleb128 0x1
 253 0116 30       		.byte	0x30
 254 0117 0A       		.uleb128 0xa
 255 0118 01       		.uleb128 0x1
 256 0119 52       		.byte	0x52
 257 011a 02       		.uleb128 0x2
 258 011b 74       		.byte	0x74
 259 011c 00       		.sleb128 0
 260 011d 00       		.byte	0
 261 011e 09       		.uleb128 0x9
 262 011f 2E000000 		.4byte	.LVL5
 263 0123 CB010000 		.4byte	0x1cb
 264 0127 31010000 		.4byte	0x131
 265 012b 0A       		.uleb128 0xa
 266 012c 01       		.uleb128 0x1
 267 012d 50       		.byte	0x50
 268 012e 01       		.uleb128 0x1
 269 012f 30       		.byte	0x30
 270 0130 00       		.byte	0
 271 0131 09       		.uleb128 0x9
 272 0132 36000000 		.4byte	.LVL6
 273 0136 D6010000 		.4byte	0x1d6
 274 013a 44010000 		.4byte	0x144
 275 013e 0A       		.uleb128 0xa
 276 013f 01       		.uleb128 0x1
 277 0140 50       		.byte	0x50
 278 0141 01       		.uleb128 0x1
 279 0142 30       		.byte	0x30
 280 0143 00       		.byte	0
 281 0144 09       		.uleb128 0x9
 282 0145 42000000 		.4byte	.LVL8
 283 0149 E1010000 		.4byte	0x1e1
 284 014d 5C010000 		.4byte	0x15c
 285 0151 0A       		.uleb128 0xa
 286 0152 01       		.uleb128 0x1
 287 0153 50       		.byte	0x50
 288 0154 01       		.uleb128 0x1
 289 0155 30       		.byte	0x30
 290 0156 0A       		.uleb128 0xa
 291 0157 01       		.uleb128 0x1
 292 0158 51       		.byte	0x51
 293 0159 01       		.uleb128 0x1
 294 015a 30       		.byte	0x30
 295 015b 00       		.byte	0
 296 015c 09       		.uleb128 0x9
 297 015d 48000000 		.4byte	.LVL9
 298 0161 EC010000 		.4byte	0x1ec
 299 0165 70010000 		.4byte	0x170
 300 0169 0A       		.uleb128 0xa
 301 016a 01       		.uleb128 0x1
 302 016b 50       		.byte	0x50
 303 016c 02       		.uleb128 0x2
 304 016d 74       		.byte	0x74
ARM GAS  C:\Users\srhi\AppData\Local\Temp\cckScGCp.s 			page 7


 305 016e 00       		.sleb128 0
 306 016f 00       		.byte	0
 307 0170 0B       		.uleb128 0xb
 308 0171 4E000000 		.4byte	.LVL10
 309 0175 F7010000 		.4byte	0x1f7
 310 0179 0A       		.uleb128 0xa
 311 017a 01       		.uleb128 0x1
 312 017b 50       		.byte	0x50
 313 017c 05       		.uleb128 0x5
 314 017d 03       		.byte	0x3
 315 017e 00000000 		.4byte	.LC0
 316 0182 00       		.byte	0
 317 0183 00       		.byte	0
 318 0184 0C       		.uleb128 0xc
 319 0185 6B000000 		.4byte	0x6b
 320 0189 94010000 		.4byte	0x194
 321 018d 0D       		.uleb128 0xd
 322 018e 9F000000 		.4byte	0x9f
 323 0192 01       		.byte	0x1
 324 0193 00       		.byte	0
 325 0194 0E       		.uleb128 0xe
 326 0195 09010000 		.4byte	.LASF18
 327 0199 09010000 		.4byte	.LASF18
 328 019d 03       		.byte	0x3
 329 019e 99       		.byte	0x99
 330 019f 0E       		.uleb128 0xe
 331 01a0 E7010000 		.4byte	.LASF19
 332 01a4 E7010000 		.4byte	.LASF19
 333 01a8 03       		.byte	0x3
 334 01a9 9D       		.byte	0x9d
 335 01aa 0E       		.uleb128 0xe
 336 01ab 42000000 		.4byte	.LASF20
 337 01af 42000000 		.4byte	.LASF20
 338 01b3 04       		.byte	0x4
 339 01b4 38       		.byte	0x38
 340 01b5 0E       		.uleb128 0xe
 341 01b6 0E020000 		.4byte	.LASF21
 342 01ba 0E020000 		.4byte	.LASF21
 343 01be 05       		.byte	0x5
 344 01bf 72       		.byte	0x72
 345 01c0 0E       		.uleb128 0xe
 346 01c1 D3000000 		.4byte	.LASF22
 347 01c5 D3000000 		.4byte	.LASF22
 348 01c9 06       		.byte	0x6
 349 01ca A2       		.byte	0xa2
 350 01cb 0E       		.uleb128 0xe
 351 01cc 72000000 		.4byte	.LASF23
 352 01d0 72000000 		.4byte	.LASF23
 353 01d4 03       		.byte	0x3
 354 01d5 A0       		.byte	0xa0
 355 01d6 0E       		.uleb128 0xe
 356 01d7 0E000000 		.4byte	.LASF24
 357 01db 0E000000 		.4byte	.LASF24
 358 01df 03       		.byte	0x3
 359 01e0 AC       		.byte	0xac
 360 01e1 0E       		.uleb128 0xe
 361 01e2 E9000000 		.4byte	.LASF25
ARM GAS  C:\Users\srhi\AppData\Local\Temp\cckScGCp.s 			page 8


 362 01e6 E9000000 		.4byte	.LASF25
 363 01ea 04       		.byte	0x4
 364 01eb 3D       		.byte	0x3d
 365 01ec 0E       		.uleb128 0xe
 366 01ed F6000000 		.4byte	.LASF26
 367 01f1 F6000000 		.4byte	.LASF26
 368 01f5 04       		.byte	0x4
 369 01f6 61       		.byte	0x61
 370 01f7 0E       		.uleb128 0xe
 371 01f8 98000000 		.4byte	.LASF27
 372 01fc 98000000 		.4byte	.LASF27
 373 0200 04       		.byte	0x4
 374 0201 3C       		.byte	0x3c
 375 0202 00       		.byte	0
 376              		.section	.debug_abbrev,"",%progbits
 377              	.Ldebug_abbrev0:
 378 0000 01       		.uleb128 0x1
 379 0001 11       		.uleb128 0x11
 380 0002 01       		.byte	0x1
 381 0003 25       		.uleb128 0x25
 382 0004 0E       		.uleb128 0xe
 383 0005 13       		.uleb128 0x13
 384 0006 0B       		.uleb128 0xb
 385 0007 03       		.uleb128 0x3
 386 0008 0E       		.uleb128 0xe
 387 0009 1B       		.uleb128 0x1b
 388 000a 0E       		.uleb128 0xe
 389 000b 55       		.uleb128 0x55
 390 000c 17       		.uleb128 0x17
 391 000d 11       		.uleb128 0x11
 392 000e 01       		.uleb128 0x1
 393 000f 10       		.uleb128 0x10
 394 0010 17       		.uleb128 0x17
 395 0011 00       		.byte	0
 396 0012 00       		.byte	0
 397 0013 02       		.uleb128 0x2
 398 0014 24       		.uleb128 0x24
 399 0015 00       		.byte	0
 400 0016 0B       		.uleb128 0xb
 401 0017 0B       		.uleb128 0xb
 402 0018 3E       		.uleb128 0x3e
 403 0019 0B       		.uleb128 0xb
 404 001a 03       		.uleb128 0x3
 405 001b 0E       		.uleb128 0xe
 406 001c 00       		.byte	0
 407 001d 00       		.byte	0
 408 001e 03       		.uleb128 0x3
 409 001f 24       		.uleb128 0x24
 410 0020 00       		.byte	0
 411 0021 0B       		.uleb128 0xb
 412 0022 0B       		.uleb128 0xb
 413 0023 3E       		.uleb128 0x3e
 414 0024 0B       		.uleb128 0xb
 415 0025 03       		.uleb128 0x3
 416 0026 08       		.uleb128 0x8
 417 0027 00       		.byte	0
 418 0028 00       		.byte	0
ARM GAS  C:\Users\srhi\AppData\Local\Temp\cckScGCp.s 			page 9


 419 0029 04       		.uleb128 0x4
 420 002a 16       		.uleb128 0x16
 421 002b 00       		.byte	0
 422 002c 03       		.uleb128 0x3
 423 002d 0E       		.uleb128 0xe
 424 002e 3A       		.uleb128 0x3a
 425 002f 0B       		.uleb128 0xb
 426 0030 3B       		.uleb128 0x3b
 427 0031 05       		.uleb128 0x5
 428 0032 49       		.uleb128 0x49
 429 0033 13       		.uleb128 0x13
 430 0034 00       		.byte	0
 431 0035 00       		.byte	0
 432 0036 05       		.uleb128 0x5
 433 0037 2E       		.uleb128 0x2e
 434 0038 01       		.byte	0x1
 435 0039 3F       		.uleb128 0x3f
 436 003a 19       		.uleb128 0x19
 437 003b 03       		.uleb128 0x3
 438 003c 0E       		.uleb128 0xe
 439 003d 3A       		.uleb128 0x3a
 440 003e 0B       		.uleb128 0xb
 441 003f 3B       		.uleb128 0x3b
 442 0040 0B       		.uleb128 0xb
 443 0041 27       		.uleb128 0x27
 444 0042 19       		.uleb128 0x19
 445 0043 49       		.uleb128 0x49
 446 0044 13       		.uleb128 0x13
 447 0045 8701     		.uleb128 0x87
 448 0047 19       		.uleb128 0x19
 449 0048 11       		.uleb128 0x11
 450 0049 01       		.uleb128 0x1
 451 004a 12       		.uleb128 0x12
 452 004b 06       		.uleb128 0x6
 453 004c 40       		.uleb128 0x40
 454 004d 18       		.uleb128 0x18
 455 004e 9742     		.uleb128 0x2117
 456 0050 19       		.uleb128 0x19
 457 0051 01       		.uleb128 0x1
 458 0052 13       		.uleb128 0x13
 459 0053 00       		.byte	0
 460 0054 00       		.byte	0
 461 0055 06       		.uleb128 0x6
 462 0056 34       		.uleb128 0x34
 463 0057 00       		.byte	0
 464 0058 03       		.uleb128 0x3
 465 0059 0E       		.uleb128 0xe
 466 005a 3A       		.uleb128 0x3a
 467 005b 0B       		.uleb128 0xb
 468 005c 3B       		.uleb128 0x3b
 469 005d 0B       		.uleb128 0xb
 470 005e 49       		.uleb128 0x49
 471 005f 13       		.uleb128 0x13
 472 0060 02       		.uleb128 0x2
 473 0061 17       		.uleb128 0x17
 474 0062 00       		.byte	0
 475 0063 00       		.byte	0
ARM GAS  C:\Users\srhi\AppData\Local\Temp\cckScGCp.s 			page 10


 476 0064 07       		.uleb128 0x7
 477 0065 34       		.uleb128 0x34
 478 0066 00       		.byte	0
 479 0067 03       		.uleb128 0x3
 480 0068 0E       		.uleb128 0xe
 481 0069 3A       		.uleb128 0x3a
 482 006a 0B       		.uleb128 0xb
 483 006b 3B       		.uleb128 0x3b
 484 006c 0B       		.uleb128 0xb
 485 006d 49       		.uleb128 0x49
 486 006e 13       		.uleb128 0x13
 487 006f 02       		.uleb128 0x2
 488 0070 18       		.uleb128 0x18
 489 0071 00       		.byte	0
 490 0072 00       		.byte	0
 491 0073 08       		.uleb128 0x8
 492 0074 898201   		.uleb128 0x4109
 493 0077 00       		.byte	0
 494 0078 11       		.uleb128 0x11
 495 0079 01       		.uleb128 0x1
 496 007a 31       		.uleb128 0x31
 497 007b 13       		.uleb128 0x13
 498 007c 00       		.byte	0
 499 007d 00       		.byte	0
 500 007e 09       		.uleb128 0x9
 501 007f 898201   		.uleb128 0x4109
 502 0082 01       		.byte	0x1
 503 0083 11       		.uleb128 0x11
 504 0084 01       		.uleb128 0x1
 505 0085 31       		.uleb128 0x31
 506 0086 13       		.uleb128 0x13
 507 0087 01       		.uleb128 0x1
 508 0088 13       		.uleb128 0x13
 509 0089 00       		.byte	0
 510 008a 00       		.byte	0
 511 008b 0A       		.uleb128 0xa
 512 008c 8A8201   		.uleb128 0x410a
 513 008f 00       		.byte	0
 514 0090 02       		.uleb128 0x2
 515 0091 18       		.uleb128 0x18
 516 0092 9142     		.uleb128 0x2111
 517 0094 18       		.uleb128 0x18
 518 0095 00       		.byte	0
 519 0096 00       		.byte	0
 520 0097 0B       		.uleb128 0xb
 521 0098 898201   		.uleb128 0x4109
 522 009b 01       		.byte	0x1
 523 009c 11       		.uleb128 0x11
 524 009d 01       		.uleb128 0x1
 525 009e 31       		.uleb128 0x31
 526 009f 13       		.uleb128 0x13
 527 00a0 00       		.byte	0
 528 00a1 00       		.byte	0
 529 00a2 0C       		.uleb128 0xc
 530 00a3 01       		.uleb128 0x1
 531 00a4 01       		.byte	0x1
 532 00a5 49       		.uleb128 0x49
ARM GAS  C:\Users\srhi\AppData\Local\Temp\cckScGCp.s 			page 11


 533 00a6 13       		.uleb128 0x13
 534 00a7 01       		.uleb128 0x1
 535 00a8 13       		.uleb128 0x13
 536 00a9 00       		.byte	0
 537 00aa 00       		.byte	0
 538 00ab 0D       		.uleb128 0xd
 539 00ac 21       		.uleb128 0x21
 540 00ad 00       		.byte	0
 541 00ae 49       		.uleb128 0x49
 542 00af 13       		.uleb128 0x13
 543 00b0 2F       		.uleb128 0x2f
 544 00b1 0B       		.uleb128 0xb
 545 00b2 00       		.byte	0
 546 00b3 00       		.byte	0
 547 00b4 0E       		.uleb128 0xe
 548 00b5 2E       		.uleb128 0x2e
 549 00b6 00       		.byte	0
 550 00b7 3F       		.uleb128 0x3f
 551 00b8 19       		.uleb128 0x19
 552 00b9 3C       		.uleb128 0x3c
 553 00ba 19       		.uleb128 0x19
 554 00bb 6E       		.uleb128 0x6e
 555 00bc 0E       		.uleb128 0xe
 556 00bd 03       		.uleb128 0x3
 557 00be 0E       		.uleb128 0xe
 558 00bf 3A       		.uleb128 0x3a
 559 00c0 0B       		.uleb128 0xb
 560 00c1 3B       		.uleb128 0x3b
 561 00c2 0B       		.uleb128 0xb
 562 00c3 00       		.byte	0
 563 00c4 00       		.byte	0
 564 00c5 00       		.byte	0
 565              		.section	.debug_loc,"",%progbits
 566              	.Ldebug_loc0:
 567              	.LLST0:
 568 0000 3A000000 		.4byte	.LVL7
 569 0004 50000000 		.4byte	.LVL11
 570 0008 0100     		.2byte	0x1
 571 000a 54       		.byte	0x54
 572 000b 00000000 		.4byte	0
 573 000f 00000000 		.4byte	0
 574              		.section	.debug_aranges,"",%progbits
 575 0000 1C000000 		.4byte	0x1c
 576 0004 0200     		.2byte	0x2
 577 0006 00000000 		.4byte	.Ldebug_info0
 578 000a 04       		.byte	0x4
 579 000b 00       		.byte	0
 580 000c 0000     		.2byte	0
 581 000e 0000     		.2byte	0
 582 0010 00000000 		.4byte	.LFB32
 583 0014 5C000000 		.4byte	.LFE32-.LFB32
 584 0018 00000000 		.4byte	0
 585 001c 00000000 		.4byte	0
 586              		.section	.debug_ranges,"",%progbits
 587              	.Ldebug_ranges0:
 588 0000 00000000 		.4byte	.LFB32
 589 0004 5C000000 		.4byte	.LFE32
ARM GAS  C:\Users\srhi\AppData\Local\Temp\cckScGCp.s 			page 12


 590 0008 00000000 		.4byte	0
 591 000c 00000000 		.4byte	0
 592              		.section	.debug_line,"",%progbits
 593              	.Ldebug_line0:
 594 0000 A9000000 		.section	.debug_str,"MS",%progbits,1
 594      02006F00 
 594      00000201 
 594      FB0E0D00 
 594      01010101 
 595              	.LASF6:
 596 0000 6C6F6E67 		.ascii	"long long int\000"
 596      206C6F6E 
 596      6720696E 
 596      7400
 597              	.LASF24:
 598 000e 4144435F 		.ascii	"ADC_CountsTo_mVolts\000"
 598      436F756E 
 598      7473546F 
 598      5F6D566F 
 598      6C747300 
 599              	.LASF3:
 600 0022 73686F72 		.ascii	"short unsigned int\000"
 600      7420756E 
 600      7369676E 
 600      65642069 
 600      6E7400
 601              	.LASF17:
 602 0035 49324352 		.ascii	"I2CReg\000"
 602      656700
 603              	.LASF11:
 604 003c 666C6F61 		.ascii	"float\000"
 604      7400
 605              	.LASF20:
 606 0042 4C43445F 		.ascii	"LCD_Start\000"
 606      53746172 
 606      7400
 607              	.LASF1:
 608 004c 756E7369 		.ascii	"unsigned char\000"
 608      676E6564 
 608      20636861 
 608      7200
 609              	.LASF5:
 610 005a 6C6F6E67 		.ascii	"long unsigned int\000"
 610      20756E73 
 610      69676E65 
 610      6420696E 
 610      7400
 611              	.LASF9:
 612 006c 75696E74 		.ascii	"uint8\000"
 612      3800
 613              	.LASF23:
 614 0072 4144435F 		.ascii	"ADC_GetResult16\000"
 614      47657452 
 614      6573756C 
 614      74313600 
 615              	.LASF12:
 616 0082 646F7562 		.ascii	"double\000"
ARM GAS  C:\Users\srhi\AppData\Local\Temp\cckScGCp.s 			page 13


 616      6C6500
 617              	.LASF16:
 618 0089 41444352 		.ascii	"ADCResult\000"
 618      6573756C 
 618      7400
 619              	.LASF31:
 620 0093 6D61696E 		.ascii	"main\000"
 620      00
 621              	.LASF27:
 622 0098 4C43445F 		.ascii	"LCD_PrintString\000"
 622      5072696E 
 622      74537472 
 622      696E6700 
 623              	.LASF10:
 624 00a8 75696E74 		.ascii	"uint16\000"
 624      313600
 625              	.LASF8:
 626 00af 756E7369 		.ascii	"unsigned int\000"
 626      676E6564 
 626      20696E74 
 626      00
 627              	.LASF7:
 628 00bc 6C6F6E67 		.ascii	"long long unsigned int\000"
 628      206C6F6E 
 628      6720756E 
 628      7369676E 
 628      65642069 
 629              	.LASF22:
 630 00d3 455A4932 		.ascii	"EZI2C_EzI2CSetBuffer1\000"
 630      435F457A 
 630      49324353 
 630      65744275 
 630      66666572 
 631              	.LASF25:
 632 00e9 4C43445F 		.ascii	"LCD_Position\000"
 632      506F7369 
 632      74696F6E 
 632      00
 633              	.LASF26:
 634 00f6 4C43445F 		.ascii	"LCD_PrintU32Number\000"
 634      5072696E 
 634      74553332 
 634      4E756D62 
 634      657200
 635              	.LASF18:
 636 0109 4144435F 		.ascii	"ADC_Start\000"
 636      53746172 
 636      7400
 637              	.LASF30:
 638 0113 433A5C55 		.ascii	"C:\\Users\\srhi\\Desktop\\PSOC\\EZI2C_BRIDGE_CONTRO"
 638      73657273 
 638      5C737268 
 638      695C4465 
 638      736B746F 
 639 0141 4C5F5041 		.ascii	"L_PANNEL.cydsn\000"
 639      4E4E454C 
 639      2E637964 
ARM GAS  C:\Users\srhi\AppData\Local\Temp\cckScGCp.s 			page 14


 639      736E00
 640              	.LASF28:
 641 0150 474E5520 		.ascii	"GNU C11 5.4.1 20160609 (release) [ARM/embedded-5-br"
 641      43313120 
 641      352E342E 
 641      31203230 
 641      31363036 
 642 0183 616E6368 		.ascii	"anch revision 237715] -mcpu=cortex-m0 -mthumb -g -O"
 642      20726576 
 642      6973696F 
 642      6E203233 
 642      37373135 
 643 01b6 67202D66 		.ascii	"g -ffunction-sections -ffat-lto-objects\000"
 643      66756E63 
 643      74696F6E 
 643      2D736563 
 643      74696F6E 
 644              	.LASF15:
 645 01de 73697A65 		.ascii	"sizetype\000"
 645      74797065 
 645      00
 646              	.LASF19:
 647 01e7 4144435F 		.ascii	"ADC_StartConvert\000"
 647      53746172 
 647      74436F6E 
 647      76657274 
 647      00
 648              	.LASF29:
 649 01f8 6D61696E 		.ascii	"main.c\000"
 649      2E6300
 650              	.LASF13:
 651 01ff 63686172 		.ascii	"char\000"
 651      00
 652              	.LASF2:
 653 0204 73686F72 		.ascii	"short int\000"
 653      7420696E 
 653      7400
 654              	.LASF21:
 655 020e 455A4932 		.ascii	"EZI2C_Start\000"
 655      435F5374 
 655      61727400 
 656              	.LASF4:
 657 021a 6C6F6E67 		.ascii	"long int\000"
 657      20696E74 
 657      00
 658              	.LASF14:
 659 0223 6C6F6E67 		.ascii	"long double\000"
 659      20646F75 
 659      626C6500 
 660              	.LASF0:
 661 022f 7369676E 		.ascii	"signed char\000"
 661      65642063 
 661      68617200 
 662              		.ident	"GCC: (GNU Tools for ARM Embedded Processors) 5.4.1 20160609 (release) [ARM/embedded-5-bran
