--------------- Build Started: 01/31/2019 10:54:41 Project: L72_Control_Register_To_Buzzer_Switch_and LED, Configuration: ARM GCC 5.4-2016-q2-update Debug ---------------
cydsfit.exe -.appdatapath "C:\Users\srhi\AppData\Local\Cypress Semiconductor\PSoC Creator\4.2" -.fdsnotice -.fdswarpdepfile=warp_dependencies.txt -.fdselabdepfile=elab_dependencies.txt -.fdsbldfile=generated_files.txt -.fdsreffile=referenced_files.txt -p "C:\Users\srhi\Desktop\PSOC\L72_Control_Register_To_Buzzer_Switch_and LED.cydsn\L72_Control_Register_To_Buzzer_Switch_and LED.cyprj" -d CY8C4245AXI-483 -s "C:\Users\srhi\Desktop\PSOC\L72_Control_Register_To_Buzzer_Switch_and LED.cydsn\Generated_Source\PSoC4" -- -yv2 -q10 -ygs -o2 -v3 -.fftcfgtype=LE
Elaborating Design...
HDL Generation...
Synthesis...
Tech Mapping...
Analog Placement...
Analog Routing...
Analog Code Generation...
Digital Placement...
Digital Routing...
Bitstream Generation...
Bitstream Verification...
Static timing analysis...
API Generation...
Dependency Generation...
Cleanup...
arm-none-eabi-gcc.exe -mcpu=cortex-m0 -mthumb -I. -IGenerated_Source\PSoC4 -Wa,-alh=.\CortexM0\ARM_GCC_541\Debug/cyfitter_cfg.lst -g -D DEBUG -D CY_CORE_ID=0 -Wall -ffunction-sections -ffat-lto-objects -Og -c Generated_Source\PSoC4\cyfitter_cfg.c -o .\CortexM0\ARM_GCC_541\Debug\cyfitter_cfg.o
arm-none-eabi-ar.exe -rs ".\CortexM0\ARM_GCC_541\Debug\L72_Control_Register_To_Buzzer_Switch_and LED.a" .\CortexM0\ARM_GCC_541\Debug\Pin_green.o .\CortexM0\ARM_GCC_541\Debug\Pin_green_PM.o .\CortexM0\ARM_GCC_541\Debug\Pin_red.o .\CortexM0\ARM_GCC_541\Debug\Pin_red_PM.o .\CortexM0\ARM_GCC_541\Debug\CyFlash.o .\CortexM0\ARM_GCC_541\Debug\CyLib.o .\CortexM0\ARM_GCC_541\Debug\cyPm.o .\CortexM0\ARM_GCC_541\Debug\cyutils.o .\CortexM0\ARM_GCC_541\Debug\CyLFClk.o .\CortexM0\ARM_GCC_541\Debug\cy_em_eeprom.o .\CortexM0\ARM_GCC_541\Debug\Pin_Buzzer.o .\CortexM0\ARM_GCC_541\Debug\Pin_Buzzer_PM.o .\CortexM0\ARM_GCC_541\Debug\Clock_1.o .\CortexM0\ARM_GCC_541\Debug\Clock_2.o .\CortexM0\ARM_GCC_541\Debug\Control_Reg.o .\CortexM0\ARM_GCC_541\Debug\Control_Reg_PM.o .\CortexM0\ARM_GCC_541\Debug\CyBootAsmGnu.o
arm-none-eabi-ar.exe: creating .\CortexM0\ARM_GCC_541\Debug\L72_Control_Register_To_Buzzer_Switch_and LED.a
arm-none-eabi-gcc.exe -Wl,--start-group -o "C:\Users\srhi\Desktop\PSOC\L72_Control_Register_To_Buzzer_Switch_and LED.cydsn\CortexM0\ARM_GCC_541\Debug\L72_Control_Register_To_Buzzer_Switch_and LED.elf" .\CortexM0\ARM_GCC_541\Debug\main.o .\CortexM0\ARM_GCC_541\Debug\cyfitter_cfg.o .\CortexM0\ARM_GCC_541\Debug\cymetadata.o .\CortexM0\ARM_GCC_541\Debug\Cm0Start.o ".\CortexM0\ARM_GCC_541\Debug\L72_Control_Register_To_Buzzer_Switch_and LED.a" -mcpu=cortex-m0 -mthumb -L Generated_Source\PSoC4 "-Wl,-Map,.\CortexM0\ARM_GCC_541\Debug/L72_Control_Register_To_Buzzer_Switch_and LED.map" -T Generated_Source\PSoC4\cm0gcc.ld -specs=nano.specs -Wl,--gc-sections -g -ffunction-sections -Og -ffat-lto-objects -Wl,--end-group
cyelftool.exe -C "C:\Users\srhi\Desktop\PSOC\L72_Control_Register_To_Buzzer_Switch_and LED.cydsn\CortexM0\ARM_GCC_541\Debug\L72_Control_Register_To_Buzzer_Switch_and LED.elf" --flash_row_size 128 --flash_size 32768 --flash_offset 0x00000000
No ELF section .cychecksum found, creating one
Application checksum calculated and stored in ELF section .cychecksum
Checksum calculated and stored in ELF section .cymeta
cyelftool.exe -S "C:\Users\srhi\Desktop\PSOC\L72_Control_Register_To_Buzzer_Switch_and LED.cydsn\CortexM0\ARM_GCC_541\Debug\L72_Control_Register_To_Buzzer_Switch_and LED.elf"
Flash used: 2120 of 32768 bytes (6.5 %).
SRAM used: 1536 of 4096 bytes (37.5 %). Stack: 1024 bytes. Heap: 128 bytes.
--------------- Build Succeeded: 01/31/2019 10:54:54 ---------------
