ARM GAS  C:\Users\Shashwat\AppData\Local\Temp\ccDw3cbT.s 			page 1


   1              		.syntax unified
   2              		.cpu cortex-m0
   3              		.fpu softvfp
   4              		.eabi_attribute 20, 1
   5              		.eabi_attribute 21, 1
   6              		.eabi_attribute 23, 3
   7              		.eabi_attribute 24, 1
   8              		.eabi_attribute 25, 1
   9              		.eabi_attribute 26, 1
  10              		.eabi_attribute 30, 1
  11              		.eabi_attribute 34, 0
  12              		.eabi_attribute 18, 4
  13              		.thumb
  14              		.syntax unified
  15              		.file	"main.c"
  16              		.text
  17              	.Ltext0:
  18              		.cfi_sections	.debug_frame
  19              		.section	.text.main,"ax",%progbits
  20              		.align	2
  21              		.global	main
  22              		.code	16
  23              		.thumb_func
  24              		.type	main, %function
  25              	main:
  26              	.LFB32:
  27              		.file 1 "main.c"
   1:main.c        **** /* ========================================
   2:main.c        ****  *
   3:main.c        ****  * Copyright YOUR COMPANY, THE YEAR
   4:main.c        ****  * All Rights Reserved
   5:main.c        ****  * UNPUBLISHED, LICENSED SOFTWARE.
   6:main.c        ****  *
   7:main.c        ****  * CONFIDENTIAL AND PROPRIETARY INFORMATION
   8:main.c        ****  * WHICH IS THE PROPERTY OF your company.
   9:main.c        ****  *
  10:main.c        ****  * ========================================
  11:main.c        **** */
  12:main.c        **** #include "project.h"
  13:main.c        **** #define ON (0)
  14:main.c        **** #define OFF (1)
  15:main.c        **** int main(void)
  16:main.c        **** {
  28              		.loc 1 16 0
  29              		.cfi_startproc
  30              		@ Volatile: function does not return.
  31              		@ args = 0, pretend = 0, frame = 0
  32              		@ frame_needed = 0, uses_anonymous_args = 0
  33 0000 10B5     		push	{r4, lr}
  34              		.cfi_def_cfa_offset 8
  35              		.cfi_offset 4, -8
  36              		.cfi_offset 14, -4
  17:main.c        ****     CyGlobalIntEnable; /* Enable global interrupts. */
  37              		.loc 1 17 0
  38              		.syntax divided
  39              	@ 17 "main.c" 1
  40 0002 62B6     		CPSIE   i
ARM GAS  C:\Users\Shashwat\AppData\Local\Temp\ccDw3cbT.s 			page 2


  41              	@ 0 "" 2
  42              		.thumb
  43              		.syntax unified
  44              	.L2:
  18:main.c        **** 
  19:main.c        ****     /* Place your initialization/startup code here (e.g. MyInst_Start()) */
  20:main.c        ****     //Pin_green_Write( ON );
  21:main.c        ****     for(;;)
  22:main.c        ****     {
  23:main.c        ****         /* Place your application code here. */
  24:main.c        ****         /*Pin_blue_Write( ON );
  25:main.c        ****         CyDelay(500);*/
  26:main.c        ****         
  27:main.c        ****         //Pin_green_Write( button_Read() );
  28:main.c        ****         if ( button_Read() == ON ){
  45              		.loc 1 28 0
  46 0004 FFF7FEFF 		bl	button_Read
  47              	.LVL0:
  48 0008 0028     		cmp	r0, #0
  49 000a 05D1     		bne	.L3
  29:main.c        ****             Pin_blue_Write( ON );
  50              		.loc 1 29 0
  51 000c FFF7FEFF 		bl	Pin_blue_Write
  52              	.LVL1:
  30:main.c        ****             Pin_green_Write( OFF );
  53              		.loc 1 30 0
  54 0010 0120     		movs	r0, #1
  55 0012 FFF7FEFF 		bl	Pin_green_Write
  56              	.LVL2:
  57 0016 F5E7     		b	.L2
  58              	.L3:
  31:main.c        ****         }else {
  32:main.c        ****             Pin_blue_Write( OFF );
  59              		.loc 1 32 0
  60 0018 0120     		movs	r0, #1
  61 001a FFF7FEFF 		bl	Pin_blue_Write
  62              	.LVL3:
  33:main.c        ****             Pin_green_Write( ON );
  63              		.loc 1 33 0
  64 001e 0020     		movs	r0, #0
  65 0020 FFF7FEFF 		bl	Pin_green_Write
  66              	.LVL4:
  67 0024 EEE7     		b	.L2
  68              		.cfi_endproc
  69              	.LFE32:
  70              		.size	main, .-main
  71 0026 C046     		.text
  72              	.Letext0:
  73              		.file 2 "Generated_Source\\PSoC4/button.h"
  74              		.file 3 "Generated_Source\\PSoC4/Pin_blue.h"
  75              		.file 4 "Generated_Source\\PSoC4/Pin_green.h"
  76              		.section	.debug_info,"",%progbits
  77              	.Ldebug_info0:
  78 0000 0D010000 		.4byte	0x10d
  79 0004 0400     		.2byte	0x4
  80 0006 00000000 		.4byte	.Ldebug_abbrev0
  81 000a 04       		.byte	0x4
ARM GAS  C:\Users\Shashwat\AppData\Local\Temp\ccDw3cbT.s 			page 3


  82 000b 01       		.uleb128 0x1
  83 000c EB000000 		.4byte	.LASF17
  84 0010 0C       		.byte	0xc
  85 0011 1B000000 		.4byte	.LASF18
  86 0015 48000000 		.4byte	.LASF19
  87 0019 00000000 		.4byte	.Ldebug_ranges0+0
  88 001d 00000000 		.4byte	0
  89 0021 00000000 		.4byte	.Ldebug_line0
  90 0025 02       		.uleb128 0x2
  91 0026 01       		.byte	0x1
  92 0027 06       		.byte	0x6
  93 0028 8C010000 		.4byte	.LASF0
  94 002c 02       		.uleb128 0x2
  95 002d 01       		.byte	0x1
  96 002e 08       		.byte	0x8
  97 002f B8000000 		.4byte	.LASF1
  98 0033 02       		.uleb128 0x2
  99 0034 02       		.byte	0x2
 100 0035 05       		.byte	0x5
 101 0036 A4010000 		.4byte	.LASF2
 102 003a 02       		.uleb128 0x2
 103 003b 02       		.byte	0x2
 104 003c 07       		.byte	0x7
 105 003d 79010000 		.4byte	.LASF3
 106 0041 02       		.uleb128 0x2
 107 0042 04       		.byte	0x4
 108 0043 05       		.byte	0x5
 109 0044 CB000000 		.4byte	.LASF4
 110 0048 02       		.uleb128 0x2
 111 0049 04       		.byte	0x4
 112 004a 07       		.byte	0x7
 113 004b 36000000 		.4byte	.LASF5
 114 004f 02       		.uleb128 0x2
 115 0050 08       		.byte	0x8
 116 0051 05       		.byte	0x5
 117 0052 00000000 		.4byte	.LASF6
 118 0056 02       		.uleb128 0x2
 119 0057 08       		.byte	0x8
 120 0058 07       		.byte	0x7
 121 0059 A1000000 		.4byte	.LASF7
 122 005d 03       		.uleb128 0x3
 123 005e 04       		.byte	0x4
 124 005f 05       		.byte	0x5
 125 0060 696E7400 		.ascii	"int\000"
 126 0064 02       		.uleb128 0x2
 127 0065 04       		.byte	0x4
 128 0066 07       		.byte	0x7
 129 0067 0E000000 		.4byte	.LASF8
 130 006b 02       		.uleb128 0x2
 131 006c 04       		.byte	0x4
 132 006d 04       		.byte	0x4
 133 006e 9B000000 		.4byte	.LASF9
 134 0072 02       		.uleb128 0x2
 135 0073 08       		.byte	0x8
 136 0074 04       		.byte	0x4
 137 0075 E4000000 		.4byte	.LASF10
 138 0079 02       		.uleb128 0x2
ARM GAS  C:\Users\Shashwat\AppData\Local\Temp\ccDw3cbT.s 			page 4


 139 007a 01       		.byte	0x1
 140 007b 08       		.byte	0x8
 141 007c C6000000 		.4byte	.LASF11
 142 0080 02       		.uleb128 0x2
 143 0081 04       		.byte	0x4
 144 0082 07       		.byte	0x7
 145 0083 AE010000 		.4byte	.LASF12
 146 0087 02       		.uleb128 0x2
 147 0088 08       		.byte	0x8
 148 0089 04       		.byte	0x4
 149 008a 98010000 		.4byte	.LASF13
 150 008e 04       		.uleb128 0x4
 151 008f 22000000 		.4byte	.LASF20
 152 0093 01       		.byte	0x1
 153 0094 0F       		.byte	0xf
 154 0095 5D000000 		.4byte	0x5d
 155 0099 00000000 		.4byte	.LFB32
 156 009d 26000000 		.4byte	.LFE32-.LFB32
 157 00a1 01       		.uleb128 0x1
 158 00a2 9C       		.byte	0x9c
 159 00a3 EF000000 		.4byte	0xef
 160 00a7 05       		.uleb128 0x5
 161 00a8 08000000 		.4byte	.LVL0
 162 00ac EF000000 		.4byte	0xef
 163 00b0 05       		.uleb128 0x5
 164 00b1 10000000 		.4byte	.LVL1
 165 00b5 FA000000 		.4byte	0xfa
 166 00b9 06       		.uleb128 0x6
 167 00ba 16000000 		.4byte	.LVL2
 168 00be 05010000 		.4byte	0x105
 169 00c2 CC000000 		.4byte	0xcc
 170 00c6 07       		.uleb128 0x7
 171 00c7 01       		.uleb128 0x1
 172 00c8 50       		.byte	0x50
 173 00c9 01       		.uleb128 0x1
 174 00ca 31       		.byte	0x31
 175 00cb 00       		.byte	0
 176 00cc 06       		.uleb128 0x6
 177 00cd 1E000000 		.4byte	.LVL3
 178 00d1 FA000000 		.4byte	0xfa
 179 00d5 DF000000 		.4byte	0xdf
 180 00d9 07       		.uleb128 0x7
 181 00da 01       		.uleb128 0x1
 182 00db 50       		.byte	0x50
 183 00dc 01       		.uleb128 0x1
 184 00dd 31       		.byte	0x31
 185 00de 00       		.byte	0
 186 00df 08       		.uleb128 0x8
 187 00e0 24000000 		.4byte	.LVL4
 188 00e4 05010000 		.4byte	0x105
 189 00e8 07       		.uleb128 0x7
 190 00e9 01       		.uleb128 0x1
 191 00ea 50       		.byte	0x50
 192 00eb 01       		.uleb128 0x1
 193 00ec 30       		.byte	0x30
 194 00ed 00       		.byte	0
 195 00ee 00       		.byte	0
ARM GAS  C:\Users\Shashwat\AppData\Local\Temp\ccDw3cbT.s 			page 5


 196 00ef 09       		.uleb128 0x9
 197 00f0 8F000000 		.4byte	.LASF14
 198 00f4 8F000000 		.4byte	.LASF14
 199 00f8 02       		.byte	0x2
 200 00f9 32       		.byte	0x32
 201 00fa 09       		.uleb128 0x9
 202 00fb 27000000 		.4byte	.LASF15
 203 00ff 27000000 		.4byte	.LASF15
 204 0103 03       		.byte	0x3
 205 0104 33       		.byte	0x33
 206 0105 09       		.uleb128 0x9
 207 0106 D4000000 		.4byte	.LASF16
 208 010a D4000000 		.4byte	.LASF16
 209 010e 04       		.byte	0x4
 210 010f 33       		.byte	0x33
 211 0110 00       		.byte	0
 212              		.section	.debug_abbrev,"",%progbits
 213              	.Ldebug_abbrev0:
 214 0000 01       		.uleb128 0x1
 215 0001 11       		.uleb128 0x11
 216 0002 01       		.byte	0x1
 217 0003 25       		.uleb128 0x25
 218 0004 0E       		.uleb128 0xe
 219 0005 13       		.uleb128 0x13
 220 0006 0B       		.uleb128 0xb
 221 0007 03       		.uleb128 0x3
 222 0008 0E       		.uleb128 0xe
 223 0009 1B       		.uleb128 0x1b
 224 000a 0E       		.uleb128 0xe
 225 000b 55       		.uleb128 0x55
 226 000c 17       		.uleb128 0x17
 227 000d 11       		.uleb128 0x11
 228 000e 01       		.uleb128 0x1
 229 000f 10       		.uleb128 0x10
 230 0010 17       		.uleb128 0x17
 231 0011 00       		.byte	0
 232 0012 00       		.byte	0
 233 0013 02       		.uleb128 0x2
 234 0014 24       		.uleb128 0x24
 235 0015 00       		.byte	0
 236 0016 0B       		.uleb128 0xb
 237 0017 0B       		.uleb128 0xb
 238 0018 3E       		.uleb128 0x3e
 239 0019 0B       		.uleb128 0xb
 240 001a 03       		.uleb128 0x3
 241 001b 0E       		.uleb128 0xe
 242 001c 00       		.byte	0
 243 001d 00       		.byte	0
 244 001e 03       		.uleb128 0x3
 245 001f 24       		.uleb128 0x24
 246 0020 00       		.byte	0
 247 0021 0B       		.uleb128 0xb
 248 0022 0B       		.uleb128 0xb
 249 0023 3E       		.uleb128 0x3e
 250 0024 0B       		.uleb128 0xb
 251 0025 03       		.uleb128 0x3
 252 0026 08       		.uleb128 0x8
ARM GAS  C:\Users\Shashwat\AppData\Local\Temp\ccDw3cbT.s 			page 6


 253 0027 00       		.byte	0
 254 0028 00       		.byte	0
 255 0029 04       		.uleb128 0x4
 256 002a 2E       		.uleb128 0x2e
 257 002b 01       		.byte	0x1
 258 002c 3F       		.uleb128 0x3f
 259 002d 19       		.uleb128 0x19
 260 002e 03       		.uleb128 0x3
 261 002f 0E       		.uleb128 0xe
 262 0030 3A       		.uleb128 0x3a
 263 0031 0B       		.uleb128 0xb
 264 0032 3B       		.uleb128 0x3b
 265 0033 0B       		.uleb128 0xb
 266 0034 27       		.uleb128 0x27
 267 0035 19       		.uleb128 0x19
 268 0036 49       		.uleb128 0x49
 269 0037 13       		.uleb128 0x13
 270 0038 8701     		.uleb128 0x87
 271 003a 19       		.uleb128 0x19
 272 003b 11       		.uleb128 0x11
 273 003c 01       		.uleb128 0x1
 274 003d 12       		.uleb128 0x12
 275 003e 06       		.uleb128 0x6
 276 003f 40       		.uleb128 0x40
 277 0040 18       		.uleb128 0x18
 278 0041 9742     		.uleb128 0x2117
 279 0043 19       		.uleb128 0x19
 280 0044 01       		.uleb128 0x1
 281 0045 13       		.uleb128 0x13
 282 0046 00       		.byte	0
 283 0047 00       		.byte	0
 284 0048 05       		.uleb128 0x5
 285 0049 898201   		.uleb128 0x4109
 286 004c 00       		.byte	0
 287 004d 11       		.uleb128 0x11
 288 004e 01       		.uleb128 0x1
 289 004f 31       		.uleb128 0x31
 290 0050 13       		.uleb128 0x13
 291 0051 00       		.byte	0
 292 0052 00       		.byte	0
 293 0053 06       		.uleb128 0x6
 294 0054 898201   		.uleb128 0x4109
 295 0057 01       		.byte	0x1
 296 0058 11       		.uleb128 0x11
 297 0059 01       		.uleb128 0x1
 298 005a 31       		.uleb128 0x31
 299 005b 13       		.uleb128 0x13
 300 005c 01       		.uleb128 0x1
 301 005d 13       		.uleb128 0x13
 302 005e 00       		.byte	0
 303 005f 00       		.byte	0
 304 0060 07       		.uleb128 0x7
 305 0061 8A8201   		.uleb128 0x410a
 306 0064 00       		.byte	0
 307 0065 02       		.uleb128 0x2
 308 0066 18       		.uleb128 0x18
 309 0067 9142     		.uleb128 0x2111
ARM GAS  C:\Users\Shashwat\AppData\Local\Temp\ccDw3cbT.s 			page 7


 310 0069 18       		.uleb128 0x18
 311 006a 00       		.byte	0
 312 006b 00       		.byte	0
 313 006c 08       		.uleb128 0x8
 314 006d 898201   		.uleb128 0x4109
 315 0070 01       		.byte	0x1
 316 0071 11       		.uleb128 0x11
 317 0072 01       		.uleb128 0x1
 318 0073 31       		.uleb128 0x31
 319 0074 13       		.uleb128 0x13
 320 0075 00       		.byte	0
 321 0076 00       		.byte	0
 322 0077 09       		.uleb128 0x9
 323 0078 2E       		.uleb128 0x2e
 324 0079 00       		.byte	0
 325 007a 3F       		.uleb128 0x3f
 326 007b 19       		.uleb128 0x19
 327 007c 3C       		.uleb128 0x3c
 328 007d 19       		.uleb128 0x19
 329 007e 6E       		.uleb128 0x6e
 330 007f 0E       		.uleb128 0xe
 331 0080 03       		.uleb128 0x3
 332 0081 0E       		.uleb128 0xe
 333 0082 3A       		.uleb128 0x3a
 334 0083 0B       		.uleb128 0xb
 335 0084 3B       		.uleb128 0x3b
 336 0085 0B       		.uleb128 0xb
 337 0086 00       		.byte	0
 338 0087 00       		.byte	0
 339 0088 00       		.byte	0
 340              		.section	.debug_aranges,"",%progbits
 341 0000 1C000000 		.4byte	0x1c
 342 0004 0200     		.2byte	0x2
 343 0006 00000000 		.4byte	.Ldebug_info0
 344 000a 04       		.byte	0x4
 345 000b 00       		.byte	0
 346 000c 0000     		.2byte	0
 347 000e 0000     		.2byte	0
 348 0010 00000000 		.4byte	.LFB32
 349 0014 26000000 		.4byte	.LFE32-.LFB32
 350 0018 00000000 		.4byte	0
 351 001c 00000000 		.4byte	0
 352              		.section	.debug_ranges,"",%progbits
 353              	.Ldebug_ranges0:
 354 0000 00000000 		.4byte	.LFB32
 355 0004 26000000 		.4byte	.LFE32
 356 0008 00000000 		.4byte	0
 357 000c 00000000 		.4byte	0
 358              		.section	.debug_line,"",%progbits
 359              	.Ldebug_line0:
 360 0000 7A000000 		.section	.debug_str,"MS",%progbits,1
 360      02005D00 
 360      00000201 
 360      FB0E0D00 
 360      01010101 
 361              	.LASF6:
 362 0000 6C6F6E67 		.ascii	"long long int\000"
ARM GAS  C:\Users\Shashwat\AppData\Local\Temp\ccDw3cbT.s 			page 8


 362      206C6F6E 
 362      6720696E 
 362      7400
 363              	.LASF8:
 364 000e 756E7369 		.ascii	"unsigned int\000"
 364      676E6564 
 364      20696E74 
 364      00
 365              	.LASF18:
 366 001b 6D61696E 		.ascii	"main.c\000"
 366      2E6300
 367              	.LASF20:
 368 0022 6D61696E 		.ascii	"main\000"
 368      00
 369              	.LASF15:
 370 0027 50696E5F 		.ascii	"Pin_blue_Write\000"
 370      626C7565 
 370      5F577269 
 370      746500
 371              	.LASF5:
 372 0036 6C6F6E67 		.ascii	"long unsigned int\000"
 372      20756E73 
 372      69676E65 
 372      6420696E 
 372      7400
 373              	.LASF19:
 374 0048 433A5C55 		.ascii	"C:\\Users\\Shashwat\\Documents\\PSoC Creator\\Empty"
 374      73657273 
 374      5C536861 
 374      73687761 
 374      745C446F 
 375 0076 5C426C69 		.ascii	"\\Blink_with_button.cydsn\000"
 375      6E6B5F77 
 375      6974685F 
 375      62757474 
 375      6F6E2E63 
 376              	.LASF14:
 377 008f 62757474 		.ascii	"button_Read\000"
 377      6F6E5F52 
 377      65616400 
 378              	.LASF9:
 379 009b 666C6F61 		.ascii	"float\000"
 379      7400
 380              	.LASF7:
 381 00a1 6C6F6E67 		.ascii	"long long unsigned int\000"
 381      206C6F6E 
 381      6720756E 
 381      7369676E 
 381      65642069 
 382              	.LASF1:
 383 00b8 756E7369 		.ascii	"unsigned char\000"
 383      676E6564 
 383      20636861 
 383      7200
 384              	.LASF11:
 385 00c6 63686172 		.ascii	"char\000"
 385      00
ARM GAS  C:\Users\Shashwat\AppData\Local\Temp\ccDw3cbT.s 			page 9


 386              	.LASF4:
 387 00cb 6C6F6E67 		.ascii	"long int\000"
 387      20696E74 
 387      00
 388              	.LASF16:
 389 00d4 50696E5F 		.ascii	"Pin_green_Write\000"
 389      67726565 
 389      6E5F5772 
 389      69746500 
 390              	.LASF10:
 391 00e4 646F7562 		.ascii	"double\000"
 391      6C6500
 392              	.LASF17:
 393 00eb 474E5520 		.ascii	"GNU C11 5.4.1 20160609 (release) [ARM/embedded-5-br"
 393      43313120 
 393      352E342E 
 393      31203230 
 393      31363036 
 394 011e 616E6368 		.ascii	"anch revision 237715] -mcpu=cortex-m0 -mthumb -g -O"
 394      20726576 
 394      6973696F 
 394      6E203233 
 394      37373135 
 395 0151 67202D66 		.ascii	"g -ffunction-sections -ffat-lto-objects\000"
 395      66756E63 
 395      74696F6E 
 395      2D736563 
 395      74696F6E 
 396              	.LASF3:
 397 0179 73686F72 		.ascii	"short unsigned int\000"
 397      7420756E 
 397      7369676E 
 397      65642069 
 397      6E7400
 398              	.LASF0:
 399 018c 7369676E 		.ascii	"signed char\000"
 399      65642063 
 399      68617200 
 400              	.LASF13:
 401 0198 6C6F6E67 		.ascii	"long double\000"
 401      20646F75 
 401      626C6500 
 402              	.LASF2:
 403 01a4 73686F72 		.ascii	"short int\000"
 403      7420696E 
 403      7400
 404              	.LASF12:
 405 01ae 73697A65 		.ascii	"sizetype\000"
 405      74797065 
 405      00
 406              		.ident	"GCC: (GNU Tools for ARM Embedded Processors) 5.4.1 20160609 (release) [ARM/embedded-5-bran
