ARM GAS  C:\Users\srhi\AppData\Local\Temp\ccQ8wua6.s 			page 1


   1              		.syntax unified
   2              		.cpu cortex-m0
   3              		.fpu softvfp
   4              		.eabi_attribute 20, 1
   5              		.eabi_attribute 21, 1
   6              		.eabi_attribute 23, 3
   7              		.eabi_attribute 24, 1
   8              		.eabi_attribute 25, 1
   9              		.eabi_attribute 26, 1
  10              		.eabi_attribute 30, 1
  11              		.eabi_attribute 34, 0
  12              		.eabi_attribute 18, 4
  13              		.thumb
  14              		.syntax unified
  15              		.file	"main.c"
  16              		.text
  17              	.Ltext0:
  18              		.cfi_sections	.debug_frame
  19              		.section	.text.main,"ax",%progbits
  20              		.align	2
  21              		.global	main
  22              		.code	16
  23              		.thumb_func
  24              		.type	main, %function
  25              	main:
  26              	.LFB32:
  27              		.file 1 "main.c"
   1:main.c        **** /* ========================================
   2:main.c        **** /* ========================================
   3:main.c        ****  *
   4:main.c        ****  * Copyright YOUR COMPANY, THE YEAR
   5:main.c        ****  * All Rights Reserved
   6:main.c        ****  * UNPUBLISHED, LICENSED SOFTWARE.
   7:main.c        ****  *
   8:main.c        ****  * CONFIDENTIAL AND PROPRIETARY INFORMATION
   9:main.c        ****  * WHICH IS THE PROPERTY OF your company.
  10:main.c        ****  *
  11:main.c        ****  * ========================================
  12:main.c        **** */
  13:main.c        **** #include "project.h"
  14:main.c        **** 
  15:main.c        **** int main(void)
  16:main.c        **** {
  28              		.loc 1 16 0
  29              		.cfi_startproc
  30              		@ Volatile: function does not return.
  31              		@ args = 0, pretend = 0, frame = 0
  32              		@ frame_needed = 0, uses_anonymous_args = 0
  33 0000 10B5     		push	{r4, lr}
  34              		.cfi_def_cfa_offset 8
  35              		.cfi_offset 4, -8
  36              		.cfi_offset 14, -4
  17:main.c        ****     CyGlobalIntEnable; /* Enable global interrupts. */
  37              		.loc 1 17 0
  38              		.syntax divided
  39              	@ 17 "main.c" 1
  40 0002 62B6     		CPSIE   i
ARM GAS  C:\Users\srhi\AppData\Local\Temp\ccQ8wua6.s 			page 2


  41              	@ 0 "" 2
  18:main.c        ****     LCD_Start();
  42              		.loc 1 18 0
  43              		.thumb
  44              		.syntax unified
  45 0004 FFF7FEFF 		bl	LCD_Start
  46              	.LVL0:
  47              	.L2:
  19:main.c        ****     /* Place your initialization/startup code here (e.g. MyInst_Start()) */
  20:main.c        ****     
  21:main.c        ****     for(;;)
  22:main.c        ****     {
  23:main.c        ****         /* Place your application code here. */
  24:main.c        ****         /* Place your application code here. */
  25:main.c        ****         
  26:main.c        ****         LCD_Position(0,0);
  48              		.loc 1 26 0 discriminator 1
  49 0008 0021     		movs	r1, #0
  50 000a 0020     		movs	r0, #0
  51 000c FFF7FEFF 		bl	LCD_Position
  52              	.LVL1:
  27:main.c        ****         
  28:main.c        ****         LCD_PrintString("ON  ");
  53              		.loc 1 28 0 discriminator 1
  54 0010 0F48     		ldr	r0, .L3
  55 0012 FFF7FEFF 		bl	LCD_PrintString
  56              	.LVL2:
  29:main.c        ****         Button1_Write( ~ Button1_Read());
  57              		.loc 1 29 0 discriminator 1
  58 0016 FFF7FEFF 		bl	Button1_Read
  59              	.LVL3:
  60 001a C043     		mvns	r0, r0
  61 001c C0B2     		uxtb	r0, r0
  62 001e FFF7FEFF 		bl	Button1_Write
  63              	.LVL4:
  30:main.c        ****         Button2_Write( ~ Button2_Read());
  64              		.loc 1 30 0 discriminator 1
  65 0022 FFF7FEFF 		bl	Button2_Read
  66              	.LVL5:
  67 0026 C043     		mvns	r0, r0
  68 0028 C0B2     		uxtb	r0, r0
  69 002a FFF7FEFF 		bl	Button2_Write
  70              	.LVL6:
  31:main.c        ****         Button3_Write( ~ Button3_Read());
  71              		.loc 1 31 0 discriminator 1
  72 002e FFF7FEFF 		bl	Button3_Read
  73              	.LVL7:
  74 0032 C043     		mvns	r0, r0
  75 0034 C0B2     		uxtb	r0, r0
  76 0036 FFF7FEFF 		bl	Button3_Write
  77              	.LVL8:
  32:main.c        ****         Button4_Write( ~ Button4_Read());
  78              		.loc 1 32 0 discriminator 1
  79 003a FFF7FEFF 		bl	Button4_Read
  80              	.LVL9:
  81 003e C043     		mvns	r0, r0
  82 0040 C0B2     		uxtb	r0, r0
ARM GAS  C:\Users\srhi\AppData\Local\Temp\ccQ8wua6.s 			page 3


  83 0042 FFF7FEFF 		bl	Button4_Write
  84              	.LVL10:
  33:main.c        ****         LCD_PrintNumber( Status_Register_Read());
  85              		.loc 1 33 0 discriminator 1
  86 0046 FFF7FEFF 		bl	Status_Register_Read
  87              	.LVL11:
  88 004a FFF7FEFF 		bl	LCD_PrintU32Number
  89              	.LVL12:
  90 004e DBE7     		b	.L2
  91              	.L4:
  92              		.align	2
  93              	.L3:
  94 0050 00000000 		.word	.LC0
  95              		.cfi_endproc
  96              	.LFE32:
  97              		.size	main, .-main
  98              		.section	.rodata.str1.4,"aMS",%progbits,1
  99              		.align	2
 100              	.LC0:
 101 0000 4F4E2020 		.ascii	"ON  \000"
 101      00
 102              		.text
 103              	.Letext0:
 104              		.file 2 "Generated_Source\\PSoC4/LCD.h"
 105              		.file 3 "Generated_Source\\PSoC4/Button1.h"
 106              		.file 4 "Generated_Source\\PSoC4/Button2.h"
 107              		.file 5 "Generated_Source\\PSoC4/Button3.h"
 108              		.file 6 "Generated_Source\\PSoC4/Button4.h"
 109              		.file 7 "Generated_Source\\PSoC4/Status_Register.h"
 110              		.file 8 "Generated_Source\\PSoC4/cytypes.h"
 111              		.section	.debug_info,"",%progbits
 112              	.Ldebug_info0:
 113 0000 D2010000 		.4byte	0x1d2
 114 0004 0400     		.2byte	0x4
 115 0006 00000000 		.4byte	.Ldebug_abbrev0
 116 000a 04       		.byte	0x4
 117 000b 01       		.uleb128 0x1
 118 000c 38010000 		.4byte	.LASF27
 119 0010 0C       		.byte	0xc
 120 0011 EB010000 		.4byte	.LASF28
 121 0015 00000000 		.4byte	.LASF29
 122 0019 00000000 		.4byte	.Ldebug_ranges0+0
 123 001d 00000000 		.4byte	0
 124 0021 00000000 		.4byte	.Ldebug_line0
 125 0025 02       		.uleb128 0x2
 126 0026 01       		.byte	0x1
 127 0027 06       		.byte	0x6
 128 0028 32020000 		.4byte	.LASF0
 129 002c 02       		.uleb128 0x2
 130 002d 01       		.byte	0x1
 131 002e 08       		.byte	0x8
 132 002f 6F000000 		.4byte	.LASF1
 133 0033 02       		.uleb128 0x2
 134 0034 02       		.byte	0x2
 135 0035 05       		.byte	0x5
 136 0036 05020000 		.4byte	.LASF2
 137 003a 02       		.uleb128 0x2
ARM GAS  C:\Users\srhi\AppData\Local\Temp\ccQ8wua6.s 			page 4


 138 003b 02       		.byte	0x2
 139 003c 07       		.byte	0x7
 140 003d 9C000000 		.4byte	.LASF3
 141 0041 02       		.uleb128 0x2
 142 0042 04       		.byte	0x4
 143 0043 05       		.byte	0x5
 144 0044 1D020000 		.4byte	.LASF4
 145 0048 02       		.uleb128 0x2
 146 0049 04       		.byte	0x4
 147 004a 07       		.byte	0x7
 148 004b 8A000000 		.4byte	.LASF5
 149 004f 02       		.uleb128 0x2
 150 0050 08       		.byte	0x8
 151 0051 05       		.byte	0x5
 152 0052 DD010000 		.4byte	.LASF6
 153 0056 02       		.uleb128 0x2
 154 0057 08       		.byte	0x8
 155 0058 07       		.byte	0x7
 156 0059 01010000 		.4byte	.LASF7
 157 005d 03       		.uleb128 0x3
 158 005e 04       		.byte	0x4
 159 005f 05       		.byte	0x5
 160 0060 696E7400 		.ascii	"int\000"
 161 0064 02       		.uleb128 0x2
 162 0065 04       		.byte	0x4
 163 0066 07       		.byte	0x7
 164 0067 E7000000 		.4byte	.LASF8
 165 006b 04       		.uleb128 0x4
 166 006c E0000000 		.4byte	.LASF30
 167 0070 08       		.byte	0x8
 168 0071 E501     		.2byte	0x1e5
 169 0073 3A000000 		.4byte	0x3a
 170 0077 02       		.uleb128 0x2
 171 0078 04       		.byte	0x4
 172 0079 04       		.byte	0x4
 173 007a 5F000000 		.4byte	.LASF9
 174 007e 02       		.uleb128 0x2
 175 007f 08       		.byte	0x8
 176 0080 04       		.byte	0x4
 177 0081 C4000000 		.4byte	.LASF10
 178 0085 02       		.uleb128 0x2
 179 0086 01       		.byte	0x1
 180 0087 08       		.byte	0x8
 181 0088 F2010000 		.4byte	.LASF11
 182 008c 02       		.uleb128 0x2
 183 008d 08       		.byte	0x8
 184 008e 04       		.byte	0x4
 185 008f 26020000 		.4byte	.LASF12
 186 0093 02       		.uleb128 0x2
 187 0094 04       		.byte	0x4
 188 0095 07       		.byte	0x7
 189 0096 D4010000 		.4byte	.LASF13
 190 009a 05       		.uleb128 0x5
 191 009b CB000000 		.4byte	.LASF31
 192 009f 01       		.byte	0x1
 193 00a0 0F       		.byte	0xf
 194 00a1 5D000000 		.4byte	0x5d
ARM GAS  C:\Users\srhi\AppData\Local\Temp\ccQ8wua6.s 			page 5


 195 00a5 00000000 		.4byte	.LFB32
 196 00a9 54000000 		.4byte	.LFE32-.LFB32
 197 00ad 01       		.uleb128 0x1
 198 00ae 9C       		.byte	0x9c
 199 00af 46010000 		.4byte	0x146
 200 00b3 06       		.uleb128 0x6
 201 00b4 08000000 		.4byte	.LVL0
 202 00b8 46010000 		.4byte	0x146
 203 00bc 07       		.uleb128 0x7
 204 00bd 10000000 		.4byte	.LVL1
 205 00c1 51010000 		.4byte	0x151
 206 00c5 D4000000 		.4byte	0xd4
 207 00c9 08       		.uleb128 0x8
 208 00ca 01       		.uleb128 0x1
 209 00cb 50       		.byte	0x50
 210 00cc 01       		.uleb128 0x1
 211 00cd 30       		.byte	0x30
 212 00ce 08       		.uleb128 0x8
 213 00cf 01       		.uleb128 0x1
 214 00d0 51       		.byte	0x51
 215 00d1 01       		.uleb128 0x1
 216 00d2 30       		.byte	0x30
 217 00d3 00       		.byte	0
 218 00d4 07       		.uleb128 0x7
 219 00d5 16000000 		.4byte	.LVL2
 220 00d9 5C010000 		.4byte	0x15c
 221 00dd EB000000 		.4byte	0xeb
 222 00e1 08       		.uleb128 0x8
 223 00e2 01       		.uleb128 0x1
 224 00e3 50       		.byte	0x50
 225 00e4 05       		.uleb128 0x5
 226 00e5 03       		.byte	0x3
 227 00e6 00000000 		.4byte	.LC0
 228 00ea 00       		.byte	0
 229 00eb 06       		.uleb128 0x6
 230 00ec 1A000000 		.4byte	.LVL3
 231 00f0 67010000 		.4byte	0x167
 232 00f4 06       		.uleb128 0x6
 233 00f5 22000000 		.4byte	.LVL4
 234 00f9 72010000 		.4byte	0x172
 235 00fd 06       		.uleb128 0x6
 236 00fe 26000000 		.4byte	.LVL5
 237 0102 7D010000 		.4byte	0x17d
 238 0106 06       		.uleb128 0x6
 239 0107 2E000000 		.4byte	.LVL6
 240 010b 88010000 		.4byte	0x188
 241 010f 06       		.uleb128 0x6
 242 0110 32000000 		.4byte	.LVL7
 243 0114 93010000 		.4byte	0x193
 244 0118 06       		.uleb128 0x6
 245 0119 3A000000 		.4byte	.LVL8
 246 011d 9E010000 		.4byte	0x19e
 247 0121 06       		.uleb128 0x6
 248 0122 3E000000 		.4byte	.LVL9
 249 0126 A9010000 		.4byte	0x1a9
 250 012a 06       		.uleb128 0x6
 251 012b 46000000 		.4byte	.LVL10
ARM GAS  C:\Users\srhi\AppData\Local\Temp\ccQ8wua6.s 			page 6


 252 012f B4010000 		.4byte	0x1b4
 253 0133 06       		.uleb128 0x6
 254 0134 4A000000 		.4byte	.LVL11
 255 0138 BF010000 		.4byte	0x1bf
 256 013c 06       		.uleb128 0x6
 257 013d 4E000000 		.4byte	.LVL12
 258 0141 CA010000 		.4byte	0x1ca
 259 0145 00       		.byte	0
 260 0146 09       		.uleb128 0x9
 261 0147 65000000 		.4byte	.LASF14
 262 014b 65000000 		.4byte	.LASF14
 263 014f 02       		.byte	0x2
 264 0150 38       		.byte	0x38
 265 0151 09       		.uleb128 0x9
 266 0152 18010000 		.4byte	.LASF15
 267 0156 18010000 		.4byte	.LASF15
 268 015a 02       		.byte	0x2
 269 015b 3D       		.byte	0x3d
 270 015c 09       		.uleb128 0x9
 271 015d D0000000 		.4byte	.LASF16
 272 0161 D0000000 		.4byte	.LASF16
 273 0165 02       		.byte	0x2
 274 0166 3C       		.byte	0x3c
 275 0167 09       		.uleb128 0x9
 276 0168 52000000 		.4byte	.LASF17
 277 016c 52000000 		.4byte	.LASF17
 278 0170 03       		.byte	0x3
 279 0171 32       		.byte	0x32
 280 0172 09       		.uleb128 0x9
 281 0173 C6010000 		.4byte	.LASF18
 282 0177 C6010000 		.4byte	.LASF18
 283 017b 03       		.byte	0x3
 284 017c 33       		.byte	0x33
 285 017d 09       		.uleb128 0x9
 286 017e 7D000000 		.4byte	.LASF19
 287 0182 7D000000 		.4byte	.LASF19
 288 0186 04       		.byte	0x4
 289 0187 32       		.byte	0x32
 290 0188 09       		.uleb128 0x9
 291 0189 F7010000 		.4byte	.LASF20
 292 018d F7010000 		.4byte	.LASF20
 293 0191 04       		.byte	0x4
 294 0192 33       		.byte	0x33
 295 0193 09       		.uleb128 0x9
 296 0194 45000000 		.4byte	.LASF21
 297 0198 45000000 		.4byte	.LASF21
 298 019c 05       		.byte	0x5
 299 019d 32       		.byte	0x32
 300 019e 09       		.uleb128 0x9
 301 019f 0F020000 		.4byte	.LASF22
 302 01a3 0F020000 		.4byte	.LASF22
 303 01a7 05       		.byte	0x5
 304 01a8 33       		.byte	0x33
 305 01a9 09       		.uleb128 0x9
 306 01aa F4000000 		.4byte	.LASF23
 307 01ae F4000000 		.4byte	.LASF23
 308 01b2 06       		.byte	0x6
ARM GAS  C:\Users\srhi\AppData\Local\Temp\ccQ8wua6.s 			page 7


 309 01b3 32       		.byte	0x32
 310 01b4 09       		.uleb128 0x9
 311 01b5 3E020000 		.4byte	.LASF24
 312 01b9 3E020000 		.4byte	.LASF24
 313 01bd 06       		.byte	0x6
 314 01be 33       		.byte	0x33
 315 01bf 09       		.uleb128 0x9
 316 01c0 AF000000 		.4byte	.LASF25
 317 01c4 AF000000 		.4byte	.LASF25
 318 01c8 07       		.byte	0x7
 319 01c9 30       		.byte	0x30
 320 01ca 09       		.uleb128 0x9
 321 01cb 25010000 		.4byte	.LASF26
 322 01cf 25010000 		.4byte	.LASF26
 323 01d3 02       		.byte	0x2
 324 01d4 61       		.byte	0x61
 325 01d5 00       		.byte	0
 326              		.section	.debug_abbrev,"",%progbits
 327              	.Ldebug_abbrev0:
 328 0000 01       		.uleb128 0x1
 329 0001 11       		.uleb128 0x11
 330 0002 01       		.byte	0x1
 331 0003 25       		.uleb128 0x25
 332 0004 0E       		.uleb128 0xe
 333 0005 13       		.uleb128 0x13
 334 0006 0B       		.uleb128 0xb
 335 0007 03       		.uleb128 0x3
 336 0008 0E       		.uleb128 0xe
 337 0009 1B       		.uleb128 0x1b
 338 000a 0E       		.uleb128 0xe
 339 000b 55       		.uleb128 0x55
 340 000c 17       		.uleb128 0x17
 341 000d 11       		.uleb128 0x11
 342 000e 01       		.uleb128 0x1
 343 000f 10       		.uleb128 0x10
 344 0010 17       		.uleb128 0x17
 345 0011 00       		.byte	0
 346 0012 00       		.byte	0
 347 0013 02       		.uleb128 0x2
 348 0014 24       		.uleb128 0x24
 349 0015 00       		.byte	0
 350 0016 0B       		.uleb128 0xb
 351 0017 0B       		.uleb128 0xb
 352 0018 3E       		.uleb128 0x3e
 353 0019 0B       		.uleb128 0xb
 354 001a 03       		.uleb128 0x3
 355 001b 0E       		.uleb128 0xe
 356 001c 00       		.byte	0
 357 001d 00       		.byte	0
 358 001e 03       		.uleb128 0x3
 359 001f 24       		.uleb128 0x24
 360 0020 00       		.byte	0
 361 0021 0B       		.uleb128 0xb
 362 0022 0B       		.uleb128 0xb
 363 0023 3E       		.uleb128 0x3e
 364 0024 0B       		.uleb128 0xb
 365 0025 03       		.uleb128 0x3
ARM GAS  C:\Users\srhi\AppData\Local\Temp\ccQ8wua6.s 			page 8


 366 0026 08       		.uleb128 0x8
 367 0027 00       		.byte	0
 368 0028 00       		.byte	0
 369 0029 04       		.uleb128 0x4
 370 002a 16       		.uleb128 0x16
 371 002b 00       		.byte	0
 372 002c 03       		.uleb128 0x3
 373 002d 0E       		.uleb128 0xe
 374 002e 3A       		.uleb128 0x3a
 375 002f 0B       		.uleb128 0xb
 376 0030 3B       		.uleb128 0x3b
 377 0031 05       		.uleb128 0x5
 378 0032 49       		.uleb128 0x49
 379 0033 13       		.uleb128 0x13
 380 0034 00       		.byte	0
 381 0035 00       		.byte	0
 382 0036 05       		.uleb128 0x5
 383 0037 2E       		.uleb128 0x2e
 384 0038 01       		.byte	0x1
 385 0039 3F       		.uleb128 0x3f
 386 003a 19       		.uleb128 0x19
 387 003b 03       		.uleb128 0x3
 388 003c 0E       		.uleb128 0xe
 389 003d 3A       		.uleb128 0x3a
 390 003e 0B       		.uleb128 0xb
 391 003f 3B       		.uleb128 0x3b
 392 0040 0B       		.uleb128 0xb
 393 0041 27       		.uleb128 0x27
 394 0042 19       		.uleb128 0x19
 395 0043 49       		.uleb128 0x49
 396 0044 13       		.uleb128 0x13
 397 0045 8701     		.uleb128 0x87
 398 0047 19       		.uleb128 0x19
 399 0048 11       		.uleb128 0x11
 400 0049 01       		.uleb128 0x1
 401 004a 12       		.uleb128 0x12
 402 004b 06       		.uleb128 0x6
 403 004c 40       		.uleb128 0x40
 404 004d 18       		.uleb128 0x18
 405 004e 9742     		.uleb128 0x2117
 406 0050 19       		.uleb128 0x19
 407 0051 01       		.uleb128 0x1
 408 0052 13       		.uleb128 0x13
 409 0053 00       		.byte	0
 410 0054 00       		.byte	0
 411 0055 06       		.uleb128 0x6
 412 0056 898201   		.uleb128 0x4109
 413 0059 00       		.byte	0
 414 005a 11       		.uleb128 0x11
 415 005b 01       		.uleb128 0x1
 416 005c 31       		.uleb128 0x31
 417 005d 13       		.uleb128 0x13
 418 005e 00       		.byte	0
 419 005f 00       		.byte	0
 420 0060 07       		.uleb128 0x7
 421 0061 898201   		.uleb128 0x4109
 422 0064 01       		.byte	0x1
ARM GAS  C:\Users\srhi\AppData\Local\Temp\ccQ8wua6.s 			page 9


 423 0065 11       		.uleb128 0x11
 424 0066 01       		.uleb128 0x1
 425 0067 31       		.uleb128 0x31
 426 0068 13       		.uleb128 0x13
 427 0069 01       		.uleb128 0x1
 428 006a 13       		.uleb128 0x13
 429 006b 00       		.byte	0
 430 006c 00       		.byte	0
 431 006d 08       		.uleb128 0x8
 432 006e 8A8201   		.uleb128 0x410a
 433 0071 00       		.byte	0
 434 0072 02       		.uleb128 0x2
 435 0073 18       		.uleb128 0x18
 436 0074 9142     		.uleb128 0x2111
 437 0076 18       		.uleb128 0x18
 438 0077 00       		.byte	0
 439 0078 00       		.byte	0
 440 0079 09       		.uleb128 0x9
 441 007a 2E       		.uleb128 0x2e
 442 007b 00       		.byte	0
 443 007c 3F       		.uleb128 0x3f
 444 007d 19       		.uleb128 0x19
 445 007e 3C       		.uleb128 0x3c
 446 007f 19       		.uleb128 0x19
 447 0080 6E       		.uleb128 0x6e
 448 0081 0E       		.uleb128 0xe
 449 0082 03       		.uleb128 0x3
 450 0083 0E       		.uleb128 0xe
 451 0084 3A       		.uleb128 0x3a
 452 0085 0B       		.uleb128 0xb
 453 0086 3B       		.uleb128 0x3b
 454 0087 0B       		.uleb128 0xb
 455 0088 00       		.byte	0
 456 0089 00       		.byte	0
 457 008a 00       		.byte	0
 458              		.section	.debug_aranges,"",%progbits
 459 0000 1C000000 		.4byte	0x1c
 460 0004 0200     		.2byte	0x2
 461 0006 00000000 		.4byte	.Ldebug_info0
 462 000a 04       		.byte	0x4
 463 000b 00       		.byte	0
 464 000c 0000     		.2byte	0
 465 000e 0000     		.2byte	0
 466 0010 00000000 		.4byte	.LFB32
 467 0014 54000000 		.4byte	.LFE32-.LFB32
 468 0018 00000000 		.4byte	0
 469 001c 00000000 		.4byte	0
 470              		.section	.debug_ranges,"",%progbits
 471              	.Ldebug_ranges0:
 472 0000 00000000 		.4byte	.LFB32
 473 0004 54000000 		.4byte	.LFE32
 474 0008 00000000 		.4byte	0
 475 000c 00000000 		.4byte	0
 476              		.section	.debug_line,"",%progbits
 477              	.Ldebug_line0:
 478 0000 CD000000 		.section	.debug_str,"MS",%progbits,1
 478      02009300 
ARM GAS  C:\Users\srhi\AppData\Local\Temp\ccQ8wua6.s 			page 10


 478      00000201 
 478      FB0E0D00 
 478      01010101 
 479              	.LASF29:
 480 0000 433A5C55 		.ascii	"C:\\Users\\srhi\\Desktop\\PSOC\\L82_Status_Register"
 480      73657273 
 480      5C737268 
 480      695C4465 
 480      736B746F 
 481 002e 5F696E76 		.ascii	"_invert_Firmware.cydsn\000"
 481      6572745F 
 481      4669726D 
 481      77617265 
 481      2E637964 
 482              	.LASF21:
 483 0045 42757474 		.ascii	"Button3_Read\000"
 483      6F6E335F 
 483      52656164 
 483      00
 484              	.LASF17:
 485 0052 42757474 		.ascii	"Button1_Read\000"
 485      6F6E315F 
 485      52656164 
 485      00
 486              	.LASF9:
 487 005f 666C6F61 		.ascii	"float\000"
 487      7400
 488              	.LASF14:
 489 0065 4C43445F 		.ascii	"LCD_Start\000"
 489      53746172 
 489      7400
 490              	.LASF1:
 491 006f 756E7369 		.ascii	"unsigned char\000"
 491      676E6564 
 491      20636861 
 491      7200
 492              	.LASF19:
 493 007d 42757474 		.ascii	"Button2_Read\000"
 493      6F6E325F 
 493      52656164 
 493      00
 494              	.LASF5:
 495 008a 6C6F6E67 		.ascii	"long unsigned int\000"
 495      20756E73 
 495      69676E65 
 495      6420696E 
 495      7400
 496              	.LASF3:
 497 009c 73686F72 		.ascii	"short unsigned int\000"
 497      7420756E 
 497      7369676E 
 497      65642069 
 497      6E7400
 498              	.LASF25:
 499 00af 53746174 		.ascii	"Status_Register_Read\000"
 499      75735F52 
 499      65676973 
ARM GAS  C:\Users\srhi\AppData\Local\Temp\ccQ8wua6.s 			page 11


 499      7465725F 
 499      52656164 
 500              	.LASF10:
 501 00c4 646F7562 		.ascii	"double\000"
 501      6C6500
 502              	.LASF31:
 503 00cb 6D61696E 		.ascii	"main\000"
 503      00
 504              	.LASF16:
 505 00d0 4C43445F 		.ascii	"LCD_PrintString\000"
 505      5072696E 
 505      74537472 
 505      696E6700 
 506              	.LASF30:
 507 00e0 75696E74 		.ascii	"uint16\000"
 507      313600
 508              	.LASF8:
 509 00e7 756E7369 		.ascii	"unsigned int\000"
 509      676E6564 
 509      20696E74 
 509      00
 510              	.LASF23:
 511 00f4 42757474 		.ascii	"Button4_Read\000"
 511      6F6E345F 
 511      52656164 
 511      00
 512              	.LASF7:
 513 0101 6C6F6E67 		.ascii	"long long unsigned int\000"
 513      206C6F6E 
 513      6720756E 
 513      7369676E 
 513      65642069 
 514              	.LASF15:
 515 0118 4C43445F 		.ascii	"LCD_Position\000"
 515      506F7369 
 515      74696F6E 
 515      00
 516              	.LASF26:
 517 0125 4C43445F 		.ascii	"LCD_PrintU32Number\000"
 517      5072696E 
 517      74553332 
 517      4E756D62 
 517      657200
 518              	.LASF27:
 519 0138 474E5520 		.ascii	"GNU C11 5.4.1 20160609 (release) [ARM/embedded-5-br"
 519      43313120 
 519      352E342E 
 519      31203230 
 519      31363036 
 520 016b 616E6368 		.ascii	"anch revision 237715] -mcpu=cortex-m0 -mthumb -g -O"
 520      20726576 
 520      6973696F 
 520      6E203233 
 520      37373135 
 521 019e 67202D66 		.ascii	"g -ffunction-sections -ffat-lto-objects\000"
 521      66756E63 
 521      74696F6E 
ARM GAS  C:\Users\srhi\AppData\Local\Temp\ccQ8wua6.s 			page 12


 521      2D736563 
 521      74696F6E 
 522              	.LASF18:
 523 01c6 42757474 		.ascii	"Button1_Write\000"
 523      6F6E315F 
 523      57726974 
 523      6500
 524              	.LASF13:
 525 01d4 73697A65 		.ascii	"sizetype\000"
 525      74797065 
 525      00
 526              	.LASF6:
 527 01dd 6C6F6E67 		.ascii	"long long int\000"
 527      206C6F6E 
 527      6720696E 
 527      7400
 528              	.LASF28:
 529 01eb 6D61696E 		.ascii	"main.c\000"
 529      2E6300
 530              	.LASF11:
 531 01f2 63686172 		.ascii	"char\000"
 531      00
 532              	.LASF20:
 533 01f7 42757474 		.ascii	"Button2_Write\000"
 533      6F6E325F 
 533      57726974 
 533      6500
 534              	.LASF2:
 535 0205 73686F72 		.ascii	"short int\000"
 535      7420696E 
 535      7400
 536              	.LASF22:
 537 020f 42757474 		.ascii	"Button3_Write\000"
 537      6F6E335F 
 537      57726974 
 537      6500
 538              	.LASF4:
 539 021d 6C6F6E67 		.ascii	"long int\000"
 539      20696E74 
 539      00
 540              	.LASF12:
 541 0226 6C6F6E67 		.ascii	"long double\000"
 541      20646F75 
 541      626C6500 
 542              	.LASF0:
 543 0232 7369676E 		.ascii	"signed char\000"
 543      65642063 
 543      68617200 
 544              	.LASF24:
 545 023e 42757474 		.ascii	"Button4_Write\000"
 545      6F6E345F 
 545      57726974 
 545      6500
 546              		.ident	"GCC: (GNU Tools for ARM Embedded Processors) 5.4.1 20160609 (release) [ARM/embedded-5-bran
