ARM GAS  C:\Users\Shashwat\AppData\Local\Temp\ccFxzT55.s 			page 1


   1              		.syntax unified
   2              		.cpu cortex-m0
   3              		.fpu softvfp
   4              		.eabi_attribute 20, 1
   5              		.eabi_attribute 21, 1
   6              		.eabi_attribute 23, 3
   7              		.eabi_attribute 24, 1
   8              		.eabi_attribute 25, 1
   9              		.eabi_attribute 26, 1
  10              		.eabi_attribute 30, 1
  11              		.eabi_attribute 34, 0
  12              		.eabi_attribute 18, 4
  13              		.thumb
  14              		.syntax unified
  15              		.file	"cyfitter_cfg.c"
  16              		.text
  17              	.Ltext0:
  18              		.cfi_sections	.debug_frame
  19              		.section	.text.cfg_write_bytes32,"ax",%progbits
  20              		.align	2
  21              		.code	16
  22              		.thumb_func
  23              		.type	cfg_write_bytes32, %function
  24              	cfg_write_bytes32:
  25              	.LFB3:
  26              		.file 1 "Generated_Source\\PSoC4\\cyfitter_cfg.c"
   1:Generated_Source\PSoC4/cyfitter_cfg.c **** 
   2:Generated_Source\PSoC4/cyfitter_cfg.c **** /*******************************************************************************
   3:Generated_Source\PSoC4/cyfitter_cfg.c **** * File Name: cyfitter_cfg.c
   4:Generated_Source\PSoC4/cyfitter_cfg.c **** * 
   5:Generated_Source\PSoC4/cyfitter_cfg.c **** * PSoC Creator  4.2
   6:Generated_Source\PSoC4/cyfitter_cfg.c **** *
   7:Generated_Source\PSoC4/cyfitter_cfg.c **** * Description:
   8:Generated_Source\PSoC4/cyfitter_cfg.c **** * This file contains device initialization code.
   9:Generated_Source\PSoC4/cyfitter_cfg.c **** * Except for the user defined sections in CyClockStartupError(), this file should not be modified.
  10:Generated_Source\PSoC4/cyfitter_cfg.c **** * This file is automatically generated by PSoC Creator.
  11:Generated_Source\PSoC4/cyfitter_cfg.c **** *
  12:Generated_Source\PSoC4/cyfitter_cfg.c **** ********************************************************************************
  13:Generated_Source\PSoC4/cyfitter_cfg.c **** * Copyright (c) 2007-2018 Cypress Semiconductor.  All rights reserved.
  14:Generated_Source\PSoC4/cyfitter_cfg.c **** * You may use this file only in accordance with the license, terms, conditions, 
  15:Generated_Source\PSoC4/cyfitter_cfg.c **** * disclaimers, and limitations in the end user license agreement accompanying 
  16:Generated_Source\PSoC4/cyfitter_cfg.c **** * the software package with which this file was provided.
  17:Generated_Source\PSoC4/cyfitter_cfg.c **** ********************************************************************************/
  18:Generated_Source\PSoC4/cyfitter_cfg.c **** 
  19:Generated_Source\PSoC4/cyfitter_cfg.c **** #include <string.h>
  20:Generated_Source\PSoC4/cyfitter_cfg.c **** #include "cytypes.h"
  21:Generated_Source\PSoC4/cyfitter_cfg.c **** #include "cydevice_trm.h"
  22:Generated_Source\PSoC4/cyfitter_cfg.c **** #include "cyfitter.h"
  23:Generated_Source\PSoC4/cyfitter_cfg.c **** #include "CyLib.h"
  24:Generated_Source\PSoC4/cyfitter_cfg.c **** #include "CyLFClk.h"
  25:Generated_Source\PSoC4/cyfitter_cfg.c **** #include "cyfitter_cfg.h"
  26:Generated_Source\PSoC4/cyfitter_cfg.c **** #include "cyapicallbacks.h"
  27:Generated_Source\PSoC4/cyfitter_cfg.c **** 
  28:Generated_Source\PSoC4/cyfitter_cfg.c **** 
  29:Generated_Source\PSoC4/cyfitter_cfg.c **** #if defined(__GNUC__) || defined(__ARMCC_VERSION)
  30:Generated_Source\PSoC4/cyfitter_cfg.c ****     #define CYPACKED 
  31:Generated_Source\PSoC4/cyfitter_cfg.c ****     #define CYPACKED_ATTR __attribute__ ((packed))
ARM GAS  C:\Users\Shashwat\AppData\Local\Temp\ccFxzT55.s 			page 2


  32:Generated_Source\PSoC4/cyfitter_cfg.c ****     #define CYALIGNED __attribute__ ((aligned))
  33:Generated_Source\PSoC4/cyfitter_cfg.c ****     #define CY_CFG_UNUSED __attribute__ ((unused))
  34:Generated_Source\PSoC4/cyfitter_cfg.c ****     #ifndef CY_CFG_SECTION
  35:Generated_Source\PSoC4/cyfitter_cfg.c ****         #define CY_CFG_SECTION __attribute__ ((section(".psocinit")))
  36:Generated_Source\PSoC4/cyfitter_cfg.c ****     #endif
  37:Generated_Source\PSoC4/cyfitter_cfg.c ****     
  38:Generated_Source\PSoC4/cyfitter_cfg.c ****     #if defined(__ARMCC_VERSION)
  39:Generated_Source\PSoC4/cyfitter_cfg.c ****         #define CY_CFG_MEMORY_BARRIER() __memory_changed()
  40:Generated_Source\PSoC4/cyfitter_cfg.c ****     #else
  41:Generated_Source\PSoC4/cyfitter_cfg.c ****         #define CY_CFG_MEMORY_BARRIER() __sync_synchronize()
  42:Generated_Source\PSoC4/cyfitter_cfg.c ****     #endif
  43:Generated_Source\PSoC4/cyfitter_cfg.c ****     
  44:Generated_Source\PSoC4/cyfitter_cfg.c **** #elif defined(__ICCARM__)
  45:Generated_Source\PSoC4/cyfitter_cfg.c ****     #include <intrinsics.h>
  46:Generated_Source\PSoC4/cyfitter_cfg.c **** 
  47:Generated_Source\PSoC4/cyfitter_cfg.c ****     #define CYPACKED __packed
  48:Generated_Source\PSoC4/cyfitter_cfg.c ****     #define CYPACKED_ATTR 
  49:Generated_Source\PSoC4/cyfitter_cfg.c ****     #define CYALIGNED _Pragma("data_alignment=4")
  50:Generated_Source\PSoC4/cyfitter_cfg.c ****     #define CY_CFG_UNUSED _Pragma("diag_suppress=Pe177")
  51:Generated_Source\PSoC4/cyfitter_cfg.c ****     #define CY_CFG_SECTION _Pragma("location=\".psocinit\"")
  52:Generated_Source\PSoC4/cyfitter_cfg.c ****     
  53:Generated_Source\PSoC4/cyfitter_cfg.c ****     #define CY_CFG_MEMORY_BARRIER() __DMB()
  54:Generated_Source\PSoC4/cyfitter_cfg.c ****     
  55:Generated_Source\PSoC4/cyfitter_cfg.c **** #else
  56:Generated_Source\PSoC4/cyfitter_cfg.c ****     #error Unsupported toolchain
  57:Generated_Source\PSoC4/cyfitter_cfg.c **** #endif
  58:Generated_Source\PSoC4/cyfitter_cfg.c **** 
  59:Generated_Source\PSoC4/cyfitter_cfg.c **** #ifndef CYCODE
  60:Generated_Source\PSoC4/cyfitter_cfg.c ****     #define CYCODE
  61:Generated_Source\PSoC4/cyfitter_cfg.c **** #endif
  62:Generated_Source\PSoC4/cyfitter_cfg.c **** #ifndef CYDATA
  63:Generated_Source\PSoC4/cyfitter_cfg.c ****     #define CYDATA
  64:Generated_Source\PSoC4/cyfitter_cfg.c **** #endif
  65:Generated_Source\PSoC4/cyfitter_cfg.c **** #ifndef CYFAR
  66:Generated_Source\PSoC4/cyfitter_cfg.c ****     #define CYFAR
  67:Generated_Source\PSoC4/cyfitter_cfg.c **** #endif
  68:Generated_Source\PSoC4/cyfitter_cfg.c **** #ifndef CYXDATA
  69:Generated_Source\PSoC4/cyfitter_cfg.c ****     #define CYXDATA
  70:Generated_Source\PSoC4/cyfitter_cfg.c **** #endif
  71:Generated_Source\PSoC4/cyfitter_cfg.c **** 
  72:Generated_Source\PSoC4/cyfitter_cfg.c **** 
  73:Generated_Source\PSoC4/cyfitter_cfg.c **** CY_CFG_UNUSED
  74:Generated_Source\PSoC4/cyfitter_cfg.c **** static void CYMEMZERO(void *s, size_t n);
  75:Generated_Source\PSoC4/cyfitter_cfg.c **** CY_CFG_UNUSED
  76:Generated_Source\PSoC4/cyfitter_cfg.c **** static void CYMEMZERO(void *s, size_t n)
  77:Generated_Source\PSoC4/cyfitter_cfg.c **** {
  78:Generated_Source\PSoC4/cyfitter_cfg.c **** 	(void)memset(s, 0, n);
  79:Generated_Source\PSoC4/cyfitter_cfg.c **** }
  80:Generated_Source\PSoC4/cyfitter_cfg.c **** CY_CFG_UNUSED
  81:Generated_Source\PSoC4/cyfitter_cfg.c **** static void CYCONFIGCPY(void *dest, const void *src, size_t n);
  82:Generated_Source\PSoC4/cyfitter_cfg.c **** CY_CFG_UNUSED
  83:Generated_Source\PSoC4/cyfitter_cfg.c **** static void CYCONFIGCPY(void *dest, const void *src, size_t n)
  84:Generated_Source\PSoC4/cyfitter_cfg.c **** {
  85:Generated_Source\PSoC4/cyfitter_cfg.c **** 	(void)memcpy(dest, src, n);
  86:Generated_Source\PSoC4/cyfitter_cfg.c **** }
  87:Generated_Source\PSoC4/cyfitter_cfg.c **** CY_CFG_UNUSED
  88:Generated_Source\PSoC4/cyfitter_cfg.c **** static void CYCONFIGCPYCODE(void *dest, const void *src, size_t n);
ARM GAS  C:\Users\Shashwat\AppData\Local\Temp\ccFxzT55.s 			page 3


  89:Generated_Source\PSoC4/cyfitter_cfg.c **** CY_CFG_UNUSED
  90:Generated_Source\PSoC4/cyfitter_cfg.c **** static void CYCONFIGCPYCODE(void *dest, const void *src, size_t n)
  91:Generated_Source\PSoC4/cyfitter_cfg.c **** {
  92:Generated_Source\PSoC4/cyfitter_cfg.c **** 	(void)memcpy(dest, src, n);
  93:Generated_Source\PSoC4/cyfitter_cfg.c **** }
  94:Generated_Source\PSoC4/cyfitter_cfg.c **** 
  95:Generated_Source\PSoC4/cyfitter_cfg.c **** 
  96:Generated_Source\PSoC4/cyfitter_cfg.c **** 
  97:Generated_Source\PSoC4/cyfitter_cfg.c **** 
  98:Generated_Source\PSoC4/cyfitter_cfg.c **** /* Clock startup error codes                                                   */
  99:Generated_Source\PSoC4/cyfitter_cfg.c **** #define CYCLOCKSTART_NO_ERROR    0u
 100:Generated_Source\PSoC4/cyfitter_cfg.c **** #define CYCLOCKSTART_XTAL_ERROR  1u
 101:Generated_Source\PSoC4/cyfitter_cfg.c **** #define CYCLOCKSTART_32KHZ_ERROR 2u
 102:Generated_Source\PSoC4/cyfitter_cfg.c **** #define CYCLOCKSTART_PLL_ERROR   3u
 103:Generated_Source\PSoC4/cyfitter_cfg.c **** #define CYCLOCKSTART_FLL_ERROR   4u
 104:Generated_Source\PSoC4/cyfitter_cfg.c **** #define CYCLOCKSTART_WCO_ERROR   5u
 105:Generated_Source\PSoC4/cyfitter_cfg.c **** 
 106:Generated_Source\PSoC4/cyfitter_cfg.c **** 
 107:Generated_Source\PSoC4/cyfitter_cfg.c **** #ifdef CY_NEED_CYCLOCKSTARTUPERROR
 108:Generated_Source\PSoC4/cyfitter_cfg.c **** /*******************************************************************************
 109:Generated_Source\PSoC4/cyfitter_cfg.c **** * Function Name: CyClockStartupError
 110:Generated_Source\PSoC4/cyfitter_cfg.c **** ********************************************************************************
 111:Generated_Source\PSoC4/cyfitter_cfg.c **** * Summary:
 112:Generated_Source\PSoC4/cyfitter_cfg.c **** *  If an error is encountered during clock configuration (crystal startup error,
 113:Generated_Source\PSoC4/cyfitter_cfg.c **** *  PLL lock error, etc.), the system will end up here.  Unless reimplemented by
 114:Generated_Source\PSoC4/cyfitter_cfg.c **** *  the customer, this function will stop in an infinite loop.
 115:Generated_Source\PSoC4/cyfitter_cfg.c **** *
 116:Generated_Source\PSoC4/cyfitter_cfg.c **** * Parameters:
 117:Generated_Source\PSoC4/cyfitter_cfg.c **** *   void
 118:Generated_Source\PSoC4/cyfitter_cfg.c **** *
 119:Generated_Source\PSoC4/cyfitter_cfg.c **** * Return:
 120:Generated_Source\PSoC4/cyfitter_cfg.c **** *   void
 121:Generated_Source\PSoC4/cyfitter_cfg.c **** *
 122:Generated_Source\PSoC4/cyfitter_cfg.c **** *******************************************************************************/
 123:Generated_Source\PSoC4/cyfitter_cfg.c **** CY_CFG_UNUSED
 124:Generated_Source\PSoC4/cyfitter_cfg.c **** static void CyClockStartupError(uint8 errorCode);
 125:Generated_Source\PSoC4/cyfitter_cfg.c **** CY_CFG_UNUSED
 126:Generated_Source\PSoC4/cyfitter_cfg.c **** static void CyClockStartupError(uint8 errorCode)
 127:Generated_Source\PSoC4/cyfitter_cfg.c **** {
 128:Generated_Source\PSoC4/cyfitter_cfg.c ****     /* To remove the compiler warning if errorCode not used.                */
 129:Generated_Source\PSoC4/cyfitter_cfg.c ****     errorCode = errorCode;
 130:Generated_Source\PSoC4/cyfitter_cfg.c **** 
 131:Generated_Source\PSoC4/cyfitter_cfg.c ****     /* If we have a clock startup error (bad MHz crystal, PLL lock, etc.),  */
 132:Generated_Source\PSoC4/cyfitter_cfg.c ****     /* we will end up here to allow the customer to implement something to  */
 133:Generated_Source\PSoC4/cyfitter_cfg.c ****     /* deal with the clock condition.                                       */
 134:Generated_Source\PSoC4/cyfitter_cfg.c **** 
 135:Generated_Source\PSoC4/cyfitter_cfg.c **** #ifdef CY_CFG_CLOCK_STARTUP_ERROR_CALLBACK
 136:Generated_Source\PSoC4/cyfitter_cfg.c ****     CY_CFG_Clock_Startup_ErrorCallback();
 137:Generated_Source\PSoC4/cyfitter_cfg.c **** #else
 138:Generated_Source\PSoC4/cyfitter_cfg.c ****     /*  If not using CY_CFG_CLOCK_STARTUP_ERROR_CALLBACK, place your clock startup code here. */
 139:Generated_Source\PSoC4/cyfitter_cfg.c ****     /* `#START CyClockStartupError` */
 140:Generated_Source\PSoC4/cyfitter_cfg.c **** 
 141:Generated_Source\PSoC4/cyfitter_cfg.c **** 
 142:Generated_Source\PSoC4/cyfitter_cfg.c **** 
 143:Generated_Source\PSoC4/cyfitter_cfg.c ****     /* `#END` */
 144:Generated_Source\PSoC4/cyfitter_cfg.c **** 
 145:Generated_Source\PSoC4/cyfitter_cfg.c ****     while(1) {}
ARM GAS  C:\Users\Shashwat\AppData\Local\Temp\ccFxzT55.s 			page 4


 146:Generated_Source\PSoC4/cyfitter_cfg.c **** #endif /* CY_CFG_CLOCK_STARTUP_ERROR_CALLBACK */
 147:Generated_Source\PSoC4/cyfitter_cfg.c **** }
 148:Generated_Source\PSoC4/cyfitter_cfg.c **** #endif
 149:Generated_Source\PSoC4/cyfitter_cfg.c **** 
 150:Generated_Source\PSoC4/cyfitter_cfg.c **** #define CY_CFG_BASE_ADDR_COUNT 4u
 151:Generated_Source\PSoC4/cyfitter_cfg.c **** CYPACKED typedef struct
 152:Generated_Source\PSoC4/cyfitter_cfg.c **** {
 153:Generated_Source\PSoC4/cyfitter_cfg.c **** 	uint8 offset;
 154:Generated_Source\PSoC4/cyfitter_cfg.c **** 	uint8 value;
 155:Generated_Source\PSoC4/cyfitter_cfg.c **** } CYPACKED_ATTR cy_cfg_addrvalue_t;
 156:Generated_Source\PSoC4/cyfitter_cfg.c **** 
 157:Generated_Source\PSoC4/cyfitter_cfg.c **** 
 158:Generated_Source\PSoC4/cyfitter_cfg.c **** 
 159:Generated_Source\PSoC4/cyfitter_cfg.c **** /*******************************************************************************
 160:Generated_Source\PSoC4/cyfitter_cfg.c **** * Function Name: cfg_write_bytes32
 161:Generated_Source\PSoC4/cyfitter_cfg.c **** ********************************************************************************
 162:Generated_Source\PSoC4/cyfitter_cfg.c **** * Summary:
 163:Generated_Source\PSoC4/cyfitter_cfg.c **** *  This function is used for setting up the chip configuration areas that
 164:Generated_Source\PSoC4/cyfitter_cfg.c **** *  contain relatively sparse data.
 165:Generated_Source\PSoC4/cyfitter_cfg.c **** *
 166:Generated_Source\PSoC4/cyfitter_cfg.c **** * Parameters:
 167:Generated_Source\PSoC4/cyfitter_cfg.c **** *   void
 168:Generated_Source\PSoC4/cyfitter_cfg.c **** *
 169:Generated_Source\PSoC4/cyfitter_cfg.c **** * Return:
 170:Generated_Source\PSoC4/cyfitter_cfg.c **** *   void
 171:Generated_Source\PSoC4/cyfitter_cfg.c **** *
 172:Generated_Source\PSoC4/cyfitter_cfg.c **** *******************************************************************************/
 173:Generated_Source\PSoC4/cyfitter_cfg.c **** static void cfg_write_bytes32(const uint32 addr_table[], const cy_cfg_addrvalue_t data_table[]);
 174:Generated_Source\PSoC4/cyfitter_cfg.c **** static void cfg_write_bytes32(const uint32 addr_table[], const cy_cfg_addrvalue_t data_table[])
 175:Generated_Source\PSoC4/cyfitter_cfg.c **** {
  27              		.loc 1 175 0
  28              		.cfi_startproc
  29              		@ args = 0, pretend = 0, frame = 0
  30              		@ frame_needed = 0, uses_anonymous_args = 0
  31              	.LVL0:
  32 0000 F0B5     		push	{r4, r5, r6, r7, lr}
  33              		.cfi_def_cfa_offset 20
  34              		.cfi_offset 4, -20
  35              		.cfi_offset 5, -16
  36              		.cfi_offset 6, -12
  37              		.cfi_offset 7, -8
  38              		.cfi_offset 14, -4
  39              	.LVL1:
 176:Generated_Source\PSoC4/cyfitter_cfg.c **** 	/* For 32-bit little-endian architectures */
 177:Generated_Source\PSoC4/cyfitter_cfg.c **** 	uint32 i, j = 0u;
  40              		.loc 1 177 0
  41 0002 0025     		movs	r5, #0
 178:Generated_Source\PSoC4/cyfitter_cfg.c **** 	for (i = 0u; i < CY_CFG_BASE_ADDR_COUNT; i++)
  42              		.loc 1 178 0
  43 0004 0027     		movs	r7, #0
  44 0006 11E0     		b	.L2
  45              	.LVL2:
  46              	.L5:
  47              	.LBB2:
 179:Generated_Source\PSoC4/cyfitter_cfg.c **** 	{
 180:Generated_Source\PSoC4/cyfitter_cfg.c **** 		uint32 baseAddr = addr_table[i];
  48              		.loc 1 180 0
ARM GAS  C:\Users\Shashwat\AppData\Local\Temp\ccFxzT55.s 			page 5


  49 0008 BB00     		lsls	r3, r7, #2
  50 000a C658     		ldr	r6, [r0, r3]
  51              	.LVL3:
 181:Generated_Source\PSoC4/cyfitter_cfg.c **** 		uint8 count = (uint8)baseAddr;
  52              		.loc 1 181 0
  53 000c F3B2     		uxtb	r3, r6
  54              	.LVL4:
 182:Generated_Source\PSoC4/cyfitter_cfg.c **** 		baseAddr &= 0xFFFFFF00u;
  55              		.loc 1 182 0
  56 000e FF22     		movs	r2, #255
  57 0010 9643     		bics	r6, r2
  58              	.LVL5:
 183:Generated_Source\PSoC4/cyfitter_cfg.c **** 		while (count != 0u)
  59              		.loc 1 183 0
  60 0012 08E0     		b	.L3
  61              	.L4:
 184:Generated_Source\PSoC4/cyfitter_cfg.c **** 		{
 185:Generated_Source\PSoC4/cyfitter_cfg.c **** 			CY_SET_REG8((void *)(baseAddr + data_table[j].offset), data_table[j].value);
  62              		.loc 1 185 0
  63 0014 6A00     		lsls	r2, r5, #1
  64 0016 8A18     		adds	r2, r1, r2
  65 0018 1478     		ldrb	r4, [r2]
  66 001a A419     		adds	r4, r4, r6
  67 001c 5278     		ldrb	r2, [r2, #1]
  68 001e 2270     		strb	r2, [r4]
 186:Generated_Source\PSoC4/cyfitter_cfg.c **** 			j++;
  69              		.loc 1 186 0
  70 0020 0135     		adds	r5, r5, #1
  71              	.LVL6:
 187:Generated_Source\PSoC4/cyfitter_cfg.c **** 			count--;
  72              		.loc 1 187 0
  73 0022 013B     		subs	r3, r3, #1
  74              	.LVL7:
  75 0024 DBB2     		uxtb	r3, r3
  76              	.LVL8:
  77              	.L3:
 183:Generated_Source\PSoC4/cyfitter_cfg.c **** 		{
  78              		.loc 1 183 0
  79 0026 002B     		cmp	r3, #0
  80 0028 F4D1     		bne	.L4
  81              	.LBE2:
 178:Generated_Source\PSoC4/cyfitter_cfg.c **** 	{
  82              		.loc 1 178 0 discriminator 2
  83 002a 0137     		adds	r7, r7, #1
  84              	.LVL9:
  85              	.L2:
 178:Generated_Source\PSoC4/cyfitter_cfg.c **** 	{
  86              		.loc 1 178 0 is_stmt 0 discriminator 1
  87 002c 032F     		cmp	r7, #3
  88 002e EBD9     		bls	.L5
 188:Generated_Source\PSoC4/cyfitter_cfg.c **** 		}
 189:Generated_Source\PSoC4/cyfitter_cfg.c **** 	}
 190:Generated_Source\PSoC4/cyfitter_cfg.c **** }
  89              		.loc 1 190 0 is_stmt 1
  90              		@ sp needed
  91              	.LVL10:
  92              	.LVL11:
ARM GAS  C:\Users\Shashwat\AppData\Local\Temp\ccFxzT55.s 			page 6


  93 0030 F0BD     		pop	{r4, r5, r6, r7, pc}
  94              		.cfi_endproc
  95              	.LFE3:
  96              		.size	cfg_write_bytes32, .-cfg_write_bytes32
  97 0032 C046     		.section	.text.CYMEMZERO,"ax",%progbits
  98              		.align	2
  99              		.code	16
 100              		.thumb_func
 101              		.type	CYMEMZERO, %function
 102              	CYMEMZERO:
 103              	.LFB0:
  77:Generated_Source\PSoC4/cyfitter_cfg.c **** 	(void)memset(s, 0, n);
 104              		.loc 1 77 0
 105              		.cfi_startproc
 106              		@ args = 0, pretend = 0, frame = 0
 107              		@ frame_needed = 0, uses_anonymous_args = 0
 108              	.LVL12:
 109 0000 10B5     		push	{r4, lr}
 110              		.cfi_def_cfa_offset 8
 111              		.cfi_offset 4, -8
 112              		.cfi_offset 14, -4
 113 0002 0A00     		movs	r2, r1
  78:Generated_Source\PSoC4/cyfitter_cfg.c **** }
 114              		.loc 1 78 0
 115 0004 0021     		movs	r1, #0
 116              	.LVL13:
 117 0006 FFF7FEFF 		bl	memset
 118              	.LVL14:
  79:Generated_Source\PSoC4/cyfitter_cfg.c **** CY_CFG_UNUSED
 119              		.loc 1 79 0
 120              		@ sp needed
 121 000a 10BD     		pop	{r4, pc}
 122              		.cfi_endproc
 123              	.LFE0:
 124              		.size	CYMEMZERO, .-CYMEMZERO
 125              		.section	.psocinit,"ax",%progbits
 126              		.align	2
 127              		.code	16
 128              		.thumb_func
 129              		.type	ClockSetup, %function
 130              	ClockSetup:
 131              	.LFB4:
 191:Generated_Source\PSoC4/cyfitter_cfg.c **** 
 192:Generated_Source\PSoC4/cyfitter_cfg.c **** 
 193:Generated_Source\PSoC4/cyfitter_cfg.c **** /*******************************************************************************
 194:Generated_Source\PSoC4/cyfitter_cfg.c **** * Function Name: ClockSetup
 195:Generated_Source\PSoC4/cyfitter_cfg.c **** ********************************************************************************
 196:Generated_Source\PSoC4/cyfitter_cfg.c **** *
 197:Generated_Source\PSoC4/cyfitter_cfg.c **** * Summary:
 198:Generated_Source\PSoC4/cyfitter_cfg.c **** *   Performs the initialization of all of the clocks in the device based on the
 199:Generated_Source\PSoC4/cyfitter_cfg.c **** *   settings in the Clock tab of the DWR.  This includes enabling the requested
 200:Generated_Source\PSoC4/cyfitter_cfg.c **** *   clocks and setting the necessary dividers to produce the desired frequency. 
 201:Generated_Source\PSoC4/cyfitter_cfg.c **** *
 202:Generated_Source\PSoC4/cyfitter_cfg.c **** * Parameters:
 203:Generated_Source\PSoC4/cyfitter_cfg.c **** *   void
 204:Generated_Source\PSoC4/cyfitter_cfg.c **** *
 205:Generated_Source\PSoC4/cyfitter_cfg.c **** * Return:
ARM GAS  C:\Users\Shashwat\AppData\Local\Temp\ccFxzT55.s 			page 7


 206:Generated_Source\PSoC4/cyfitter_cfg.c **** *   void
 207:Generated_Source\PSoC4/cyfitter_cfg.c **** *
 208:Generated_Source\PSoC4/cyfitter_cfg.c **** *******************************************************************************/
 209:Generated_Source\PSoC4/cyfitter_cfg.c **** static void ClockSetup(void);
 210:Generated_Source\PSoC4/cyfitter_cfg.c **** CY_CFG_SECTION
 211:Generated_Source\PSoC4/cyfitter_cfg.c **** static void ClockSetup(void)
 212:Generated_Source\PSoC4/cyfitter_cfg.c **** {
 132              		.loc 1 212 0
 133              		.cfi_startproc
 134              		@ args = 0, pretend = 0, frame = 0
 135              		@ frame_needed = 0, uses_anonymous_args = 0
 136 0000 70B5     		push	{r4, r5, r6, lr}
 137              		.cfi_def_cfa_offset 16
 138              		.cfi_offset 4, -16
 139              		.cfi_offset 5, -12
 140              		.cfi_offset 6, -8
 141              		.cfi_offset 14, -4
 213:Generated_Source\PSoC4/cyfitter_cfg.c **** 	/* Enable HALF_EN before trimming for the flash accelerator. */
 214:Generated_Source\PSoC4/cyfitter_cfg.c **** 	CY_SET_REG32((void CYXDATA *)(CYREG_CLK_SELECT), (CY_GET_REG32((void *)CYREG_CLK_SELECT) | 0x00040
 142              		.loc 1 214 0
 143 0002 134C     		ldr	r4, .L8
 144 0004 2368     		ldr	r3, [r4]
 145 0006 8022     		movs	r2, #128
 146 0008 D202     		lsls	r2, r2, #11
 147 000a 1343     		orrs	r3, r2
 148 000c 2360     		str	r3, [r4]
 215:Generated_Source\PSoC4/cyfitter_cfg.c **** 
 216:Generated_Source\PSoC4/cyfitter_cfg.c **** 	/* Setup and trim IMO based on desired frequency. */
 217:Generated_Source\PSoC4/cyfitter_cfg.c **** 	CySysClkWriteImoFreq(24u);
 149              		.loc 1 217 0
 150 000e 1820     		movs	r0, #24
 151 0010 FFF7FEFF 		bl	CySysClkWriteImoFreq
 152              	.LVL15:
 218:Generated_Source\PSoC4/cyfitter_cfg.c **** 
 219:Generated_Source\PSoC4/cyfitter_cfg.c **** 	/* Disable HALF_EN since it is not required at this IMO frequency. */
 220:Generated_Source\PSoC4/cyfitter_cfg.c **** 	CY_SET_REG32((void CYXDATA *)(CYREG_CLK_SELECT), (CY_GET_REG32((void *)CYREG_CLK_SELECT) & 0xFFFBF
 153              		.loc 1 220 0
 154 0014 2268     		ldr	r2, [r4]
 155 0016 0F4B     		ldr	r3, .L8+4
 156 0018 1340     		ands	r3, r2
 157 001a 2360     		str	r3, [r4]
 221:Generated_Source\PSoC4/cyfitter_cfg.c **** 	/* CYDEV_CLK_ILO_CONFIG Starting address: CYDEV_CLK_ILO_CONFIG */
 222:Generated_Source\PSoC4/cyfitter_cfg.c **** 	CY_SET_REG32((void *)(CYREG_CLK_ILO_CONFIG), 0x80000006u);
 158              		.loc 1 222 0
 159 001c 0E4A     		ldr	r2, .L8+8
 160 001e 0F4B     		ldr	r3, .L8+12
 161 0020 1A60     		str	r2, [r3]
 223:Generated_Source\PSoC4/cyfitter_cfg.c **** 
 224:Generated_Source\PSoC4/cyfitter_cfg.c **** 
 225:Generated_Source\PSoC4/cyfitter_cfg.c **** 	/* CYDEV_CLK_SELECT00 Starting address: CYDEV_CLK_SELECT00 */
 226:Generated_Source\PSoC4/cyfitter_cfg.c **** 	CY_SET_REG32((void *)(CYREG_CLK_SELECT08), 0x00000010u);
 162              		.loc 1 226 0
 163 0022 1022     		movs	r2, #16
 164 0024 0E4B     		ldr	r3, .L8+16
 165 0026 1A60     		str	r2, [r3]
 227:Generated_Source\PSoC4/cyfitter_cfg.c **** 
 228:Generated_Source\PSoC4/cyfitter_cfg.c **** 	/* CYDEV_CLK_IMO_CONFIG Starting address: CYDEV_CLK_IMO_CONFIG */
ARM GAS  C:\Users\Shashwat\AppData\Local\Temp\ccFxzT55.s 			page 8


 229:Generated_Source\PSoC4/cyfitter_cfg.c **** 	CY_SET_REG32((void *)(CYREG_CLK_IMO_CONFIG), 0x80000000u);
 166              		.loc 1 229 0
 167 0028 8022     		movs	r2, #128
 168 002a 1206     		lsls	r2, r2, #24
 169 002c 0D4B     		ldr	r3, .L8+20
 170 002e 1A60     		str	r2, [r3]
 230:Generated_Source\PSoC4/cyfitter_cfg.c **** 
 231:Generated_Source\PSoC4/cyfitter_cfg.c **** 	/* CYDEV_CLK_SELECT Starting address: CYDEV_CLK_SELECT */
 232:Generated_Source\PSoC4/cyfitter_cfg.c **** 	CY_SET_REG32((void *)(CYREG_CLK_SELECT), 0x00000000u);
 171              		.loc 1 232 0
 172 0030 0025     		movs	r5, #0
 173 0032 2560     		str	r5, [r4]
 233:Generated_Source\PSoC4/cyfitter_cfg.c **** 
 234:Generated_Source\PSoC4/cyfitter_cfg.c **** 	/* CYDEV_CLK_DIVIDER_A00 Starting address: CYDEV_CLK_DIVIDER_A00 */
 235:Generated_Source\PSoC4/cyfitter_cfg.c **** 	CY_SET_REG32((void *)(CYREG_CLK_DIVIDER_A00), 0x80000001u);
 174              		.loc 1 235 0
 175 0034 0C4A     		ldr	r2, .L8+24
 176 0036 0D4B     		ldr	r3, .L8+28
 177 0038 1A60     		str	r2, [r3]
 236:Generated_Source\PSoC4/cyfitter_cfg.c **** 
 237:Generated_Source\PSoC4/cyfitter_cfg.c **** 	(void)CyIntSetVector(9u, &CySysWdtIsr);
 178              		.loc 1 237 0
 179 003a 0D49     		ldr	r1, .L8+32
 180 003c 0920     		movs	r0, #9
 181 003e FFF7FEFF 		bl	CyIntSetVector
 182              	.LVL16:
 238:Generated_Source\PSoC4/cyfitter_cfg.c **** 	CyIntEnable(9u);
 183              		.loc 1 238 0
 184 0042 0920     		movs	r0, #9
 185 0044 FFF7FEFF 		bl	CyIntEnable
 186              	.LVL17:
 239:Generated_Source\PSoC4/cyfitter_cfg.c **** 	CY_SET_REG32((void *)(CYREG_WDT_CONFIG), 0x00000000u);
 187              		.loc 1 239 0
 188 0048 0A4B     		ldr	r3, .L8+36
 189 004a 1D60     		str	r5, [r3]
 240:Generated_Source\PSoC4/cyfitter_cfg.c **** }
 190              		.loc 1 240 0
 191              		@ sp needed
 192 004c 70BD     		pop	{r4, r5, r6, pc}
 193              	.L9:
 194 004e C046     		.align	2
 195              	.L8:
 196 0050 00010B40 		.word	1074462976
 197 0054 FFFFFBFF 		.word	-262145
 198 0058 06000080 		.word	-2147483642
 199 005c 04010B40 		.word	1074462980
 200 0060 20020240 		.word	1073873440
 201 0064 08010B40 		.word	1074462984
 202 0068 01000080 		.word	-2147483647
 203 006c 00000240 		.word	1073872896
 204 0070 00000000 		.word	CySysWdtIsr
 205 0074 0C020B40 		.word	1074463244
 206              		.cfi_endproc
 207              	.LFE4:
 208              		.size	ClockSetup, .-ClockSetup
 209              		.align	2
 210              		.global	cyfitter_cfg
ARM GAS  C:\Users\Shashwat\AppData\Local\Temp\ccFxzT55.s 			page 9


 211              		.code	16
 212              		.thumb_func
 213              		.type	cyfitter_cfg, %function
 214              	cyfitter_cfg:
 215              	.LFB6:
 241:Generated_Source\PSoC4/cyfitter_cfg.c **** 
 242:Generated_Source\PSoC4/cyfitter_cfg.c **** 
 243:Generated_Source\PSoC4/cyfitter_cfg.c **** /* Analog API Functions */
 244:Generated_Source\PSoC4/cyfitter_cfg.c **** 
 245:Generated_Source\PSoC4/cyfitter_cfg.c **** 
 246:Generated_Source\PSoC4/cyfitter_cfg.c **** /*******************************************************************************
 247:Generated_Source\PSoC4/cyfitter_cfg.c **** * Function Name: AnalogSetDefault
 248:Generated_Source\PSoC4/cyfitter_cfg.c **** ********************************************************************************
 249:Generated_Source\PSoC4/cyfitter_cfg.c **** *
 250:Generated_Source\PSoC4/cyfitter_cfg.c **** * Summary:
 251:Generated_Source\PSoC4/cyfitter_cfg.c **** *  Sets up the analog portions of the chip to default values based on chip
 252:Generated_Source\PSoC4/cyfitter_cfg.c **** *  configuration options from the project.
 253:Generated_Source\PSoC4/cyfitter_cfg.c **** *
 254:Generated_Source\PSoC4/cyfitter_cfg.c **** * Parameters:
 255:Generated_Source\PSoC4/cyfitter_cfg.c **** *  void
 256:Generated_Source\PSoC4/cyfitter_cfg.c **** *
 257:Generated_Source\PSoC4/cyfitter_cfg.c **** * Return:
 258:Generated_Source\PSoC4/cyfitter_cfg.c **** *  void
 259:Generated_Source\PSoC4/cyfitter_cfg.c **** *
 260:Generated_Source\PSoC4/cyfitter_cfg.c **** *******************************************************************************/
 261:Generated_Source\PSoC4/cyfitter_cfg.c **** static void AnalogSetDefault(void);
 262:Generated_Source\PSoC4/cyfitter_cfg.c **** static void AnalogSetDefault(void)
 263:Generated_Source\PSoC4/cyfitter_cfg.c **** {
 264:Generated_Source\PSoC4/cyfitter_cfg.c **** }
 265:Generated_Source\PSoC4/cyfitter_cfg.c **** 
 266:Generated_Source\PSoC4/cyfitter_cfg.c **** 
 267:Generated_Source\PSoC4/cyfitter_cfg.c **** 
 268:Generated_Source\PSoC4/cyfitter_cfg.c **** 
 269:Generated_Source\PSoC4/cyfitter_cfg.c **** /*******************************************************************************
 270:Generated_Source\PSoC4/cyfitter_cfg.c **** * Function Name: cyfitter_cfg
 271:Generated_Source\PSoC4/cyfitter_cfg.c **** ********************************************************************************
 272:Generated_Source\PSoC4/cyfitter_cfg.c **** * Summary:
 273:Generated_Source\PSoC4/cyfitter_cfg.c **** *  This function is called by the start-up code for the selected device. It
 274:Generated_Source\PSoC4/cyfitter_cfg.c **** *  performs all of the necessary device configuration based on the design
 275:Generated_Source\PSoC4/cyfitter_cfg.c **** *  settings.  This includes settings from the Design Wide Resources (DWR) such
 276:Generated_Source\PSoC4/cyfitter_cfg.c **** *  as Clocks and Pins as well as any component configuration that is necessary.
 277:Generated_Source\PSoC4/cyfitter_cfg.c **** *
 278:Generated_Source\PSoC4/cyfitter_cfg.c **** * Parameters:
 279:Generated_Source\PSoC4/cyfitter_cfg.c **** *   void
 280:Generated_Source\PSoC4/cyfitter_cfg.c **** *
 281:Generated_Source\PSoC4/cyfitter_cfg.c **** * Return:
 282:Generated_Source\PSoC4/cyfitter_cfg.c **** *   void
 283:Generated_Source\PSoC4/cyfitter_cfg.c **** *
 284:Generated_Source\PSoC4/cyfitter_cfg.c **** *******************************************************************************/
 285:Generated_Source\PSoC4/cyfitter_cfg.c **** CY_CFG_SECTION
 286:Generated_Source\PSoC4/cyfitter_cfg.c **** void cyfitter_cfg(void)
 287:Generated_Source\PSoC4/cyfitter_cfg.c **** {
 216              		.loc 1 287 0
 217              		.cfi_startproc
 218              		@ args = 0, pretend = 0, frame = 0
 219              		@ frame_needed = 0, uses_anonymous_args = 0
 220 0078 10B5     		push	{r4, lr}
ARM GAS  C:\Users\Shashwat\AppData\Local\Temp\ccFxzT55.s 			page 10


 221              		.cfi_def_cfa_offset 8
 222              		.cfi_offset 4, -8
 223              		.cfi_offset 14, -4
 288:Generated_Source\PSoC4/cyfitter_cfg.c **** 	/* Disable interrupts by default. Let user enable if/when they want. */
 289:Generated_Source\PSoC4/cyfitter_cfg.c **** 	CyGlobalIntDisable;
 224              		.loc 1 289 0
 225              		.syntax divided
 226              	@ 289 "Generated_Source\PSoC4\cyfitter_cfg.c" 1
 227 007a 72B6     		CPSID   i
 228              	@ 0 "" 2
 229              	.LVL18:
 230              		.thumb
 231              		.syntax unified
 232              	.LBB3:
 290:Generated_Source\PSoC4/cyfitter_cfg.c **** 
 291:Generated_Source\PSoC4/cyfitter_cfg.c **** 	{
 292:Generated_Source\PSoC4/cyfitter_cfg.c **** 		static const uint32 CYCODE cy_cfg_addr_table[] = {
 293:Generated_Source\PSoC4/cyfitter_cfg.c **** 			0x400F3301u, /* Base address: 0x400F3300 Count: 1 */
 294:Generated_Source\PSoC4/cyfitter_cfg.c **** 			0x400F4002u, /* Base address: 0x400F4000 Count: 2 */
 295:Generated_Source\PSoC4/cyfitter_cfg.c **** 			0x400F4102u, /* Base address: 0x400F4100 Count: 2 */
 296:Generated_Source\PSoC4/cyfitter_cfg.c **** 			0x400F4304u, /* Base address: 0x400F4300 Count: 4 */
 297:Generated_Source\PSoC4/cyfitter_cfg.c **** 		};
 298:Generated_Source\PSoC4/cyfitter_cfg.c **** 
 299:Generated_Source\PSoC4/cyfitter_cfg.c **** 		static const cy_cfg_addrvalue_t CYCODE cy_cfg_data_table[] = {
 300:Generated_Source\PSoC4/cyfitter_cfg.c **** 			{0xE2u, 0x80u},
 301:Generated_Source\PSoC4/cyfitter_cfg.c **** 			{0x53u, 0x04u},
 302:Generated_Source\PSoC4/cyfitter_cfg.c **** 			{0xD4u, 0x20u},
 303:Generated_Source\PSoC4/cyfitter_cfg.c **** 			{0x8Bu, 0x04u},
 304:Generated_Source\PSoC4/cyfitter_cfg.c **** 			{0x97u, 0x08u},
 305:Generated_Source\PSoC4/cyfitter_cfg.c **** 			{0x20u, 0x02u},
 306:Generated_Source\PSoC4/cyfitter_cfg.c **** 			{0x88u, 0x01u},
 307:Generated_Source\PSoC4/cyfitter_cfg.c **** 			{0xC8u, 0x08u},
 308:Generated_Source\PSoC4/cyfitter_cfg.c **** 			{0xE2u, 0x01u},
 309:Generated_Source\PSoC4/cyfitter_cfg.c **** 		};
 310:Generated_Source\PSoC4/cyfitter_cfg.c **** 
 311:Generated_Source\PSoC4/cyfitter_cfg.c **** 
 312:Generated_Source\PSoC4/cyfitter_cfg.c **** 
 313:Generated_Source\PSoC4/cyfitter_cfg.c **** 		CYPACKED typedef struct {
 314:Generated_Source\PSoC4/cyfitter_cfg.c **** 			void CYFAR *address;
 315:Generated_Source\PSoC4/cyfitter_cfg.c **** 			uint16 size;
 316:Generated_Source\PSoC4/cyfitter_cfg.c **** 		} CYPACKED_ATTR cfg_memset_t;
 317:Generated_Source\PSoC4/cyfitter_cfg.c **** 
 318:Generated_Source\PSoC4/cyfitter_cfg.c **** 		static const cfg_memset_t CYCODE cfg_memset_list[] = {
 319:Generated_Source\PSoC4/cyfitter_cfg.c **** 			/* address, size */
 320:Generated_Source\PSoC4/cyfitter_cfg.c **** 			{(void CYFAR *)(CYDEV_UDB_P0_U0_BASE), 1024u},
 321:Generated_Source\PSoC4/cyfitter_cfg.c **** 			{(void CYFAR *)(CYDEV_UDB_DSI0_BASE), 1024u},
 322:Generated_Source\PSoC4/cyfitter_cfg.c **** 		};
 323:Generated_Source\PSoC4/cyfitter_cfg.c **** 
 324:Generated_Source\PSoC4/cyfitter_cfg.c **** 		uint8 CYDATA i;
 325:Generated_Source\PSoC4/cyfitter_cfg.c **** 
 326:Generated_Source\PSoC4/cyfitter_cfg.c **** 		/* Zero out critical memory blocks before beginning configuration */
 327:Generated_Source\PSoC4/cyfitter_cfg.c **** 		for (i = 0u; i < (sizeof(cfg_memset_list)/sizeof(cfg_memset_list[0])); i++)
 233              		.loc 1 327 0
 234 007c 0024     		movs	r4, #0
 235 007e 0FE0     		b	.L11
 236              	.LVL19:
 237              	.L12:
ARM GAS  C:\Users\Shashwat\AppData\Local\Temp\ccFxzT55.s 			page 11


 238              	.LBB4:
 328:Generated_Source\PSoC4/cyfitter_cfg.c **** 		{
 329:Generated_Source\PSoC4/cyfitter_cfg.c **** 			const cfg_memset_t CYCODE * CYDATA ms = &cfg_memset_list[i];
 330:Generated_Source\PSoC4/cyfitter_cfg.c **** 			CYMEMZERO(ms->address, (size_t)(uint32)(ms->size));
 239              		.loc 1 330 0 discriminator 3
 240 0080 2248     		ldr	r0, .L13
 241 0082 6200     		lsls	r2, r4, #1
 242 0084 1319     		adds	r3, r2, r4
 243 0086 5900     		lsls	r1, r3, #1
 244 0088 0B00     		movs	r3, r1
 245 008a 4118     		adds	r1, r0, r1
 246 008c 8988     		ldrh	r1, [r1, #4]
 247 008e 1A5A     		ldrh	r2, [r3, r0]
 248 0090 C318     		adds	r3, r0, r3
 249 0092 5888     		ldrh	r0, [r3, #2]
 250 0094 0004     		lsls	r0, r0, #16
 251 0096 1043     		orrs	r0, r2
 252 0098 FFF7FEFF 		bl	CYMEMZERO
 253              	.LVL20:
 254              	.LBE4:
 327:Generated_Source\PSoC4/cyfitter_cfg.c **** 		{
 255              		.loc 1 327 0 discriminator 3
 256 009c 0134     		adds	r4, r4, #1
 257              	.LVL21:
 258 009e E4B2     		uxtb	r4, r4
 259              	.LVL22:
 260              	.L11:
 327:Generated_Source\PSoC4/cyfitter_cfg.c **** 		{
 261              		.loc 1 327 0 is_stmt 0 discriminator 1
 262 00a0 012C     		cmp	r4, #1
 263 00a2 EDD9     		bls	.L12
 331:Generated_Source\PSoC4/cyfitter_cfg.c **** 		}
 332:Generated_Source\PSoC4/cyfitter_cfg.c **** 
 333:Generated_Source\PSoC4/cyfitter_cfg.c **** 		cfg_write_bytes32(cy_cfg_addr_table, cy_cfg_data_table);
 264              		.loc 1 333 0 is_stmt 1
 265 00a4 1948     		ldr	r0, .L13
 266 00a6 0100     		movs	r1, r0
 267 00a8 0C31     		adds	r1, r1, #12
 268 00aa 2030     		adds	r0, r0, #32
 269 00ac FFF7FEFF 		bl	cfg_write_bytes32
 270              	.LVL23:
 334:Generated_Source\PSoC4/cyfitter_cfg.c **** 
 335:Generated_Source\PSoC4/cyfitter_cfg.c **** 		/* HSIOM Starting address: CYDEV_HSIOM_BASE */
 336:Generated_Source\PSoC4/cyfitter_cfg.c **** 		CY_SET_REG32((void *)(CYDEV_HSIOM_BASE), 0x00003000u);
 271              		.loc 1 336 0
 272 00b0 C022     		movs	r2, #192
 273 00b2 9201     		lsls	r2, r2, #6
 274 00b4 164B     		ldr	r3, .L13+4
 275 00b6 1A60     		str	r2, [r3]
 337:Generated_Source\PSoC4/cyfitter_cfg.c **** 		CY_SET_REG32((void *)(CYREG_HSIOM_PORT_SEL3), 0x0000EE00u);
 276              		.loc 1 337 0
 277 00b8 EE22     		movs	r2, #238
 278 00ba 1202     		lsls	r2, r2, #8
 279 00bc 154B     		ldr	r3, .L13+8
 280 00be 1A60     		str	r2, [r3]
 338:Generated_Source\PSoC4/cyfitter_cfg.c **** 
 339:Generated_Source\PSoC4/cyfitter_cfg.c **** 		/* UDB_PA_0 Starting address: CYDEV_UDB_PA0_BASE */
ARM GAS  C:\Users\Shashwat\AppData\Local\Temp\ccFxzT55.s 			page 12


 340:Generated_Source\PSoC4/cyfitter_cfg.c **** 		CY_SET_REG32((void *)(CYDEV_UDB_PA0_BASE), 0x00990000u);
 281              		.loc 1 340 0
 282 00c0 9923     		movs	r3, #153
 283 00c2 1B04     		lsls	r3, r3, #16
 284 00c4 144A     		ldr	r2, .L13+12
 285 00c6 1360     		str	r3, [r2]
 341:Generated_Source\PSoC4/cyfitter_cfg.c **** 		CY_SET_REG32((void *)(CYREG_UDB_PA0_CFG8), 0x00150000u);
 286              		.loc 1 341 0
 287 00c8 A821     		movs	r1, #168
 288 00ca 4903     		lsls	r1, r1, #13
 289 00cc 134A     		ldr	r2, .L13+16
 290 00ce 1160     		str	r1, [r2]
 342:Generated_Source\PSoC4/cyfitter_cfg.c **** 
 343:Generated_Source\PSoC4/cyfitter_cfg.c **** 		/* UDB_PA_1 Starting address: CYDEV_UDB_PA1_BASE */
 344:Generated_Source\PSoC4/cyfitter_cfg.c **** 		CY_SET_REG32((void *)(CYDEV_UDB_PA1_BASE), 0x00990000u);
 291              		.loc 1 344 0
 292 00d0 134A     		ldr	r2, .L13+20
 293 00d2 1360     		str	r3, [r2]
 345:Generated_Source\PSoC4/cyfitter_cfg.c **** 
 346:Generated_Source\PSoC4/cyfitter_cfg.c **** 		/* UDB_PA_3 Starting address: CYDEV_UDB_PA3_BASE */
 347:Generated_Source\PSoC4/cyfitter_cfg.c **** 		CY_SET_REG32((void *)(CYDEV_UDB_PA3_BASE), 0x00990000u);
 294              		.loc 1 347 0
 295 00d4 134A     		ldr	r2, .L13+24
 296 00d6 1360     		str	r3, [r2]
 348:Generated_Source\PSoC4/cyfitter_cfg.c **** 
 349:Generated_Source\PSoC4/cyfitter_cfg.c **** 		/* Enable digital routing */
 350:Generated_Source\PSoC4/cyfitter_cfg.c **** 		CY_SET_XTND_REG8((void *)CYREG_UDB_UDBIF_BANK_CTL, (uint8)(CY_GET_XTND_REG8((void *)CYREG_UDB_UDB
 297              		.loc 1 350 0
 298 00d8 134A     		ldr	r2, .L13+28
 299 00da 1178     		ldrb	r1, [r2]
 300 00dc 0623     		movs	r3, #6
 301 00de 0B43     		orrs	r3, r1
 302 00e0 DBB2     		uxtb	r3, r3
 303 00e2 1370     		strb	r3, [r2]
 304              	.LBE3:
 351:Generated_Source\PSoC4/cyfitter_cfg.c **** 	}
 352:Generated_Source\PSoC4/cyfitter_cfg.c **** 
 353:Generated_Source\PSoC4/cyfitter_cfg.c **** 	/* Perform second pass device configuration. These items must be configured in specific order afte
 354:Generated_Source\PSoC4/cyfitter_cfg.c **** 	/* IOPINS0_0 Starting address: CYDEV_PRT0_BASE */
 355:Generated_Source\PSoC4/cyfitter_cfg.c **** 	CY_SET_REG32((void *)(CYDEV_PRT0_BASE), 0x0000000Cu);
 305              		.loc 1 355 0
 306 00e4 0C22     		movs	r2, #12
 307 00e6 114B     		ldr	r3, .L13+32
 308 00e8 1A60     		str	r2, [r3]
 356:Generated_Source\PSoC4/cyfitter_cfg.c **** 	CY_SET_REG32((void *)(CYREG_PRT0_PC), 0x00000D80u);
 309              		.loc 1 356 0
 310 00ea D823     		movs	r3, #216
 311 00ec 1B01     		lsls	r3, r3, #4
 312 00ee 104A     		ldr	r2, .L13+36
 313 00f0 1360     		str	r3, [r2]
 357:Generated_Source\PSoC4/cyfitter_cfg.c **** 
 358:Generated_Source\PSoC4/cyfitter_cfg.c **** 	/* IOPINS0_1 Starting address: CYDEV_PRT1_BASE */
 359:Generated_Source\PSoC4/cyfitter_cfg.c **** 	CY_SET_REG32((void *)(CYDEV_PRT1_BASE), 0x00000040u);
 314              		.loc 1 359 0
 315 00f2 4021     		movs	r1, #64
 316 00f4 0F4A     		ldr	r2, .L13+40
 317 00f6 1160     		str	r1, [r2]
ARM GAS  C:\Users\Shashwat\AppData\Local\Temp\ccFxzT55.s 			page 13


 360:Generated_Source\PSoC4/cyfitter_cfg.c **** 	CY_SET_REG32((void *)(CYREG_PRT1_PC), 0x00180000u);
 318              		.loc 1 360 0
 319 00f8 C021     		movs	r1, #192
 320 00fa 4903     		lsls	r1, r1, #13
 321 00fc 0E4A     		ldr	r2, .L13+44
 322 00fe 1160     		str	r1, [r2]
 361:Generated_Source\PSoC4/cyfitter_cfg.c **** 
 362:Generated_Source\PSoC4/cyfitter_cfg.c **** 	/* IOPINS0_3 Starting address: CYDEV_PRT3_BASE */
 363:Generated_Source\PSoC4/cyfitter_cfg.c **** 	CY_SET_REG32((void *)(CYREG_PRT3_PC), 0x00000D80u);
 323              		.loc 1 363 0
 324 0100 0E4A     		ldr	r2, .L13+48
 325 0102 1360     		str	r3, [r2]
 364:Generated_Source\PSoC4/cyfitter_cfg.c **** 
 365:Generated_Source\PSoC4/cyfitter_cfg.c **** 
 366:Generated_Source\PSoC4/cyfitter_cfg.c **** 	/* Setup clocks based on selections from Clock DWR */
 367:Generated_Source\PSoC4/cyfitter_cfg.c **** 	ClockSetup();
 326              		.loc 1 367 0
 327 0104 FFF77CFF 		bl	ClockSetup
 328              	.LVL24:
 368:Generated_Source\PSoC4/cyfitter_cfg.c **** 
 369:Generated_Source\PSoC4/cyfitter_cfg.c **** 	/* Perform basic analog initialization to defaults */
 370:Generated_Source\PSoC4/cyfitter_cfg.c **** 	AnalogSetDefault();
 371:Generated_Source\PSoC4/cyfitter_cfg.c **** 
 372:Generated_Source\PSoC4/cyfitter_cfg.c **** }
 329              		.loc 1 372 0
 330              		@ sp needed
 331              	.LVL25:
 332 0108 10BD     		pop	{r4, pc}
 333              	.L14:
 334 010a C046     		.align	2
 335              	.L13:
 336 010c 00000000 		.word	.LANCHOR0
 337 0110 00000140 		.word	1073807360
 338 0114 0C000140 		.word	1073807372
 339 0118 00500F40 		.word	1074745344
 340 011c 08500F40 		.word	1074745352
 341 0120 10500F40 		.word	1074745360
 342 0124 30500F40 		.word	1074745392
 343 0128 00700F40 		.word	1074753536
 344 012c 00000440 		.word	1074003968
 345 0130 08000440 		.word	1074003976
 346 0134 00010440 		.word	1074004224
 347 0138 08010440 		.word	1074004232
 348 013c 08030440 		.word	1074004744
 349              		.cfi_endproc
 350              	.LFE6:
 351              		.size	cyfitter_cfg, .-cyfitter_cfg
 352              		.section	.rodata
 353              		.align	2
 354              		.set	.LANCHOR0,. + 0
 355              		.type	cfg_memset_list.4870, %object
 356              		.size	cfg_memset_list.4870, 12
 357              	cfg_memset_list.4870:
 358 0000 00300F40 		.word	1074737152
 359 0004 0004     		.short	1024
 360 0006 00400F40 		.4byte	1074741248
 361 000a 0004     		.short	1024
ARM GAS  C:\Users\Shashwat\AppData\Local\Temp\ccFxzT55.s 			page 14


 362              		.type	cy_cfg_data_table.4865, %object
 363              		.size	cy_cfg_data_table.4865, 18
 364              	cy_cfg_data_table.4865:
 365 000c E2       		.byte	-30
 366 000d 80       		.byte	-128
 367 000e 53       		.byte	83
 368 000f 04       		.byte	4
 369 0010 D4       		.byte	-44
 370 0011 20       		.byte	32
 371 0012 8B       		.byte	-117
 372 0013 04       		.byte	4
 373 0014 97       		.byte	-105
 374 0015 08       		.byte	8
 375 0016 20       		.byte	32
 376 0017 02       		.byte	2
 377 0018 88       		.byte	-120
 378 0019 01       		.byte	1
 379 001a C8       		.byte	-56
 380 001b 08       		.byte	8
 381 001c E2       		.byte	-30
 382 001d 01       		.byte	1
 383 001e 0000     		.space	2
 384              		.type	cy_cfg_addr_table.4864, %object
 385              		.size	cy_cfg_addr_table.4864, 16
 386              	cy_cfg_addr_table.4864:
 387 0020 01330F40 		.word	1074737921
 388 0024 02400F40 		.word	1074741250
 389 0028 02410F40 		.word	1074741506
 390 002c 04430F40 		.word	1074742020
 391              		.text
 392              	.Letext0:
 393              		.file 2 "c:\\program files (x86)\\cypress\\psoc creator\\4.2\\psoc creator\\import\\gnu\\arm\\5.4.
 394              		.file 3 "Generated_Source\\PSoC4\\cytypes.h"
 395              		.file 4 "Generated_Source\\PSoC4\\CyLib.h"
 396              		.section	.debug_info,"",%progbits
 397              	.Ldebug_info0:
 398 0000 9C030000 		.4byte	0x39c
 399 0004 0400     		.2byte	0x4
 400 0006 00000000 		.4byte	.Ldebug_abbrev0
 401 000a 04       		.byte	0x4
 402 000b 01       		.uleb128 0x1
 403 000c 30010000 		.4byte	.LASF39
 404 0010 0C       		.byte	0xc
 405 0011 A3020000 		.4byte	.LASF40
 406 0015 45020000 		.4byte	.LASF41
 407 0019 00000000 		.4byte	.Ldebug_ranges0+0
 408 001d 00000000 		.4byte	0
 409 0021 00000000 		.4byte	.Ldebug_line0
 410 0025 02       		.uleb128 0x2
 411 0026 04       		.byte	0x4
 412 0027 05       		.byte	0x5
 413 0028 696E7400 		.ascii	"int\000"
 414 002c 03       		.uleb128 0x3
 415 002d 06000000 		.4byte	.LASF12
 416 0031 02       		.byte	0x2
 417 0032 D8       		.byte	0xd8
 418 0033 37000000 		.4byte	0x37
ARM GAS  C:\Users\Shashwat\AppData\Local\Temp\ccFxzT55.s 			page 15


 419 0037 04       		.uleb128 0x4
 420 0038 04       		.byte	0x4
 421 0039 07       		.byte	0x7
 422 003a F7000000 		.4byte	.LASF0
 423 003e 04       		.uleb128 0x4
 424 003f 08       		.byte	0x8
 425 0040 05       		.byte	0x5
 426 0041 F0010000 		.4byte	.LASF1
 427 0045 04       		.uleb128 0x4
 428 0046 08       		.byte	0x8
 429 0047 04       		.byte	0x4
 430 0048 8B020000 		.4byte	.LASF2
 431 004c 04       		.uleb128 0x4
 432 004d 01       		.byte	0x1
 433 004e 06       		.byte	0x6
 434 004f 97020000 		.4byte	.LASF3
 435 0053 04       		.uleb128 0x4
 436 0054 01       		.byte	0x1
 437 0055 08       		.byte	0x8
 438 0056 99000000 		.4byte	.LASF4
 439 005a 04       		.uleb128 0x4
 440 005b 02       		.byte	0x2
 441 005c 05       		.byte	0x5
 442 005d 1D020000 		.4byte	.LASF5
 443 0061 04       		.uleb128 0x4
 444 0062 02       		.byte	0x2
 445 0063 07       		.byte	0x7
 446 0064 DD010000 		.4byte	.LASF6
 447 0068 04       		.uleb128 0x4
 448 0069 04       		.byte	0x4
 449 006a 05       		.byte	0x5
 450 006b 3C020000 		.4byte	.LASF7
 451 006f 04       		.uleb128 0x4
 452 0070 04       		.byte	0x4
 453 0071 07       		.byte	0x7
 454 0072 77000000 		.4byte	.LASF8
 455 0076 04       		.uleb128 0x4
 456 0077 08       		.byte	0x8
 457 0078 07       		.byte	0x7
 458 0079 19010000 		.4byte	.LASF9
 459 007d 04       		.uleb128 0x4
 460 007e 04       		.byte	0x4
 461 007f 07       		.byte	0x7
 462 0080 D4010000 		.4byte	.LASF10
 463 0084 05       		.uleb128 0x5
 464 0085 04       		.byte	0x4
 465 0086 04       		.uleb128 0x4
 466 0087 01       		.byte	0x1
 467 0088 08       		.byte	0x8
 468 0089 FE010000 		.4byte	.LASF11
 469 008d 06       		.uleb128 0x6
 470 008e 89000000 		.4byte	.LASF13
 471 0092 03       		.byte	0x3
 472 0093 E401     		.2byte	0x1e4
 473 0095 53000000 		.4byte	0x53
 474 0099 06       		.uleb128 0x6
 475 009a DE000000 		.4byte	.LASF14
ARM GAS  C:\Users\Shashwat\AppData\Local\Temp\ccFxzT55.s 			page 16


 476 009e 03       		.byte	0x3
 477 009f E501     		.2byte	0x1e5
 478 00a1 61000000 		.4byte	0x61
 479 00a5 06       		.uleb128 0x6
 480 00a6 F0000000 		.4byte	.LASF15
 481 00aa 03       		.byte	0x3
 482 00ab E601     		.2byte	0x1e6
 483 00ad 6F000000 		.4byte	0x6f
 484 00b1 04       		.uleb128 0x4
 485 00b2 04       		.byte	0x4
 486 00b3 04       		.byte	0x4
 487 00b4 57000000 		.4byte	.LASF16
 488 00b8 04       		.uleb128 0x4
 489 00b9 08       		.byte	0x8
 490 00ba 04       		.byte	0x4
 491 00bb AE000000 		.4byte	.LASF17
 492 00bf 06       		.uleb128 0x6
 493 00c0 72000000 		.4byte	.LASF18
 494 00c4 03       		.byte	0x3
 495 00c5 8E02     		.2byte	0x28e
 496 00c7 CB000000 		.4byte	0xcb
 497 00cb 07       		.uleb128 0x7
 498 00cc 8D000000 		.4byte	0x8d
 499 00d0 06       		.uleb128 0x6
 500 00d1 00000000 		.4byte	.LASF19
 501 00d5 03       		.byte	0x3
 502 00d6 9002     		.2byte	0x290
 503 00d8 DC000000 		.4byte	0xdc
 504 00dc 07       		.uleb128 0x7
 505 00dd A5000000 		.4byte	0xa5
 506 00e1 08       		.uleb128 0x8
 507 00e2 02       		.byte	0x2
 508 00e3 01       		.byte	0x1
 509 00e4 97       		.byte	0x97
 510 00e5 02010000 		.4byte	0x102
 511 00e9 09       		.uleb128 0x9
 512 00ea 16020000 		.4byte	.LASF20
 513 00ee 01       		.byte	0x1
 514 00ef 99       		.byte	0x99
 515 00f0 8D000000 		.4byte	0x8d
 516 00f4 00       		.byte	0
 517 00f5 09       		.uleb128 0x9
 518 00f6 1C000000 		.4byte	.LASF21
 519 00fa 01       		.byte	0x1
 520 00fb 9A       		.byte	0x9a
 521 00fc 8D000000 		.4byte	0x8d
 522 0100 01       		.byte	0x1
 523 0101 00       		.byte	0
 524 0102 03       		.uleb128 0x3
 525 0103 03020000 		.4byte	.LASF22
 526 0107 01       		.byte	0x1
 527 0108 9B       		.byte	0x9b
 528 0109 E1000000 		.4byte	0xe1
 529 010d 0A       		.uleb128 0xa
 530 010e B5000000 		.4byte	.LASF27
 531 0112 01       		.byte	0x1
 532 0113 AE       		.byte	0xae
ARM GAS  C:\Users\Shashwat\AppData\Local\Temp\ccFxzT55.s 			page 17


 533 0114 00000000 		.4byte	.LFB3
 534 0118 32000000 		.4byte	.LFE3-.LFB3
 535 011c 01       		.uleb128 0x1
 536 011d 9C       		.byte	0x9c
 537 011e 7F010000 		.4byte	0x17f
 538 0122 0B       		.uleb128 0xb
 539 0123 D3000000 		.4byte	.LASF23
 540 0127 01       		.byte	0x1
 541 0128 AE       		.byte	0xae
 542 0129 7F010000 		.4byte	0x17f
 543 012d 01       		.uleb128 0x1
 544 012e 50       		.byte	0x50
 545 012f 0B       		.uleb128 0xb
 546 0130 E5000000 		.4byte	.LASF24
 547 0134 01       		.byte	0x1
 548 0135 AE       		.byte	0xae
 549 0136 8A010000 		.4byte	0x18a
 550 013a 01       		.uleb128 0x1
 551 013b 51       		.byte	0x51
 552 013c 0C       		.uleb128 0xc
 553 013d 6900     		.ascii	"i\000"
 554 013f 01       		.byte	0x1
 555 0140 B1       		.byte	0xb1
 556 0141 A5000000 		.4byte	0xa5
 557 0145 00000000 		.4byte	.LLST0
 558 0149 0C       		.uleb128 0xc
 559 014a 6A00     		.ascii	"j\000"
 560 014c 01       		.byte	0x1
 561 014d B1       		.byte	0xb1
 562 014e A5000000 		.4byte	0xa5
 563 0152 1F000000 		.4byte	.LLST1
 564 0156 0D       		.uleb128 0xd
 565 0157 08000000 		.4byte	.LBB2
 566 015b 22000000 		.4byte	.LBE2-.LBB2
 567 015f 0E       		.uleb128 0xe
 568 0160 CB010000 		.4byte	.LASF25
 569 0164 01       		.byte	0x1
 570 0165 B4       		.byte	0xb4
 571 0166 A5000000 		.4byte	0xa5
 572 016a 3E000000 		.4byte	.LLST2
 573 016e 0E       		.uleb128 0xe
 574 016f 22000000 		.4byte	.LASF26
 575 0173 01       		.byte	0x1
 576 0174 B5       		.byte	0xb5
 577 0175 8D000000 		.4byte	0x8d
 578 0179 51000000 		.4byte	.LLST3
 579 017d 00       		.byte	0
 580 017e 00       		.byte	0
 581 017f 0F       		.uleb128 0xf
 582 0180 04       		.byte	0x4
 583 0181 85010000 		.4byte	0x185
 584 0185 10       		.uleb128 0x10
 585 0186 A5000000 		.4byte	0xa5
 586 018a 0F       		.uleb128 0xf
 587 018b 04       		.byte	0x4
 588 018c 90010000 		.4byte	0x190
 589 0190 10       		.uleb128 0x10
ARM GAS  C:\Users\Shashwat\AppData\Local\Temp\ccFxzT55.s 			page 18


 590 0191 02010000 		.4byte	0x102
 591 0195 0A       		.uleb128 0xa
 592 0196 8F000000 		.4byte	.LASF28
 593 019a 01       		.byte	0x1
 594 019b 4C       		.byte	0x4c
 595 019c 00000000 		.4byte	.LFB0
 596 01a0 0C000000 		.4byte	.LFE0-.LFB0
 597 01a4 01       		.uleb128 0x1
 598 01a5 9C       		.byte	0x9c
 599 01a6 E2010000 		.4byte	0x1e2
 600 01aa 11       		.uleb128 0x11
 601 01ab 7300     		.ascii	"s\000"
 602 01ad 01       		.byte	0x1
 603 01ae 4C       		.byte	0x4c
 604 01af 84000000 		.4byte	0x84
 605 01b3 6F000000 		.4byte	.LLST4
 606 01b7 11       		.uleb128 0x11
 607 01b8 6E00     		.ascii	"n\000"
 608 01ba 01       		.byte	0x1
 609 01bb 4C       		.byte	0x4c
 610 01bc 2C000000 		.4byte	0x2c
 611 01c0 90000000 		.4byte	.LLST5
 612 01c4 12       		.uleb128 0x12
 613 01c5 0A000000 		.4byte	.LVL14
 614 01c9 75030000 		.4byte	0x375
 615 01cd 13       		.uleb128 0x13
 616 01ce 01       		.uleb128 0x1
 617 01cf 50       		.byte	0x50
 618 01d0 03       		.uleb128 0x3
 619 01d1 F3       		.byte	0xf3
 620 01d2 01       		.uleb128 0x1
 621 01d3 50       		.byte	0x50
 622 01d4 13       		.uleb128 0x13
 623 01d5 01       		.uleb128 0x1
 624 01d6 51       		.byte	0x51
 625 01d7 01       		.uleb128 0x1
 626 01d8 30       		.byte	0x30
 627 01d9 13       		.uleb128 0x13
 628 01da 01       		.uleb128 0x1
 629 01db 52       		.byte	0x52
 630 01dc 03       		.uleb128 0x3
 631 01dd F3       		.byte	0xf3
 632 01de 01       		.uleb128 0x1
 633 01df 51       		.byte	0x51
 634 01e0 00       		.byte	0
 635 01e1 00       		.byte	0
 636 01e2 0A       		.uleb128 0xa
 637 01e3 28000000 		.4byte	.LASF29
 638 01e7 01       		.byte	0x1
 639 01e8 D3       		.byte	0xd3
 640 01e9 00000000 		.4byte	.LFB4
 641 01ed 78000000 		.4byte	.LFE4-.LFB4
 642 01f1 01       		.uleb128 0x1
 643 01f2 9C       		.byte	0x9c
 644 01f3 2D020000 		.4byte	0x22d
 645 01f7 14       		.uleb128 0x14
 646 01f8 14000000 		.4byte	.LVL15
ARM GAS  C:\Users\Shashwat\AppData\Local\Temp\ccFxzT55.s 			page 19


 647 01fc 7E030000 		.4byte	0x37e
 648 0200 0A020000 		.4byte	0x20a
 649 0204 13       		.uleb128 0x13
 650 0205 01       		.uleb128 0x1
 651 0206 50       		.byte	0x50
 652 0207 01       		.uleb128 0x1
 653 0208 48       		.byte	0x48
 654 0209 00       		.byte	0
 655 020a 14       		.uleb128 0x14
 656 020b 42000000 		.4byte	.LVL16
 657 020f 89030000 		.4byte	0x389
 658 0213 1D020000 		.4byte	0x21d
 659 0217 13       		.uleb128 0x13
 660 0218 01       		.uleb128 0x1
 661 0219 50       		.byte	0x50
 662 021a 01       		.uleb128 0x1
 663 021b 39       		.byte	0x39
 664 021c 00       		.byte	0
 665 021d 12       		.uleb128 0x12
 666 021e 48000000 		.4byte	.LVL17
 667 0222 94030000 		.4byte	0x394
 668 0226 13       		.uleb128 0x13
 669 0227 01       		.uleb128 0x1
 670 0228 50       		.byte	0x50
 671 0229 01       		.uleb128 0x1
 672 022a 39       		.byte	0x39
 673 022b 00       		.byte	0
 674 022c 00       		.byte	0
 675 022d 15       		.uleb128 0x15
 676 022e 04010000 		.4byte	.LASF42
 677 0232 01       		.byte	0x1
 678 0233 1E01     		.2byte	0x11e
 679 0235 78000000 		.4byte	.LFB6
 680 0239 C8000000 		.4byte	.LFE6-.LFB6
 681 023d 01       		.uleb128 0x1
 682 023e 9C       		.byte	0x9c
 683 023f 4B030000 		.4byte	0x34b
 684 0243 16       		.uleb128 0x16
 685 0244 7C000000 		.4byte	.LBB3
 686 0248 68000000 		.4byte	.LBE3-.LBB3
 687 024c 41030000 		.4byte	0x341
 688 0250 17       		.uleb128 0x17
 689 0251 33000000 		.4byte	.LASF30
 690 0255 01       		.byte	0x1
 691 0256 2401     		.2byte	0x124
 692 0258 5B030000 		.4byte	0x35b
 693 025c 05       		.uleb128 0x5
 694 025d 03       		.byte	0x3
 695 025e 20000000 		.4byte	cy_cfg_addr_table.4864
 696 0262 17       		.uleb128 0x17
 697 0263 45000000 		.4byte	.LASF31
 698 0267 01       		.byte	0x1
 699 0268 2B01     		.2byte	0x12b
 700 026a 70030000 		.4byte	0x370
 701 026e 05       		.uleb128 0x5
 702 026f 03       		.byte	0x3
 703 0270 0C000000 		.4byte	cy_cfg_data_table.4865
ARM GAS  C:\Users\Shashwat\AppData\Local\Temp\ccFxzT55.s 			page 20


 704 0274 18       		.uleb128 0x18
 705 0275 06       		.byte	0x6
 706 0276 01       		.byte	0x1
 707 0277 3901     		.2byte	0x139
 708 0279 98020000 		.4byte	0x298
 709 027d 19       		.uleb128 0x19
 710 027e 11010000 		.4byte	.LASF32
 711 0282 01       		.byte	0x1
 712 0283 3A01     		.2byte	0x13a
 713 0285 84000000 		.4byte	0x84
 714 0289 00       		.byte	0
 715 028a 19       		.uleb128 0x19
 716 028b 6D000000 		.4byte	.LASF33
 717 028f 01       		.byte	0x1
 718 0290 3B01     		.2byte	0x13b
 719 0292 99000000 		.4byte	0x99
 720 0296 04       		.byte	0x4
 721 0297 00       		.byte	0
 722 0298 06       		.uleb128 0x6
 723 0299 BE010000 		.4byte	.LASF34
 724 029d 01       		.byte	0x1
 725 029e 3C01     		.2byte	0x13c
 726 02a0 74020000 		.4byte	0x274
 727 02a4 1A       		.uleb128 0x1a
 728 02a5 B4020000 		.4byte	0x2b4
 729 02a9 B4020000 		.4byte	0x2b4
 730 02ad 1B       		.uleb128 0x1b
 731 02ae 7D000000 		.4byte	0x7d
 732 02b2 01       		.byte	0x1
 733 02b3 00       		.byte	0
 734 02b4 10       		.uleb128 0x10
 735 02b5 98020000 		.4byte	0x298
 736 02b9 17       		.uleb128 0x17
 737 02ba 5D000000 		.4byte	.LASF35
 738 02be 01       		.byte	0x1
 739 02bf 3E01     		.2byte	0x13e
 740 02c1 CB020000 		.4byte	0x2cb
 741 02c5 05       		.uleb128 0x5
 742 02c6 03       		.byte	0x3
 743 02c7 00000000 		.4byte	cfg_memset_list.4870
 744 02cb 10       		.uleb128 0x10
 745 02cc A4020000 		.4byte	0x2a4
 746 02d0 1C       		.uleb128 0x1c
 747 02d1 6900     		.ascii	"i\000"
 748 02d3 01       		.byte	0x1
 749 02d4 4401     		.2byte	0x144
 750 02d6 8D000000 		.4byte	0x8d
 751 02da BC000000 		.4byte	.LLST6
 752 02de 16       		.uleb128 0x16
 753 02df 80000000 		.4byte	.LBB4
 754 02e3 1C000000 		.4byte	.LBE4-.LBB4
 755 02e7 24030000 		.4byte	0x324
 756 02eb 1C       		.uleb128 0x1c
 757 02ec 6D7300   		.ascii	"ms\000"
 758 02ef 01       		.byte	0x1
 759 02f0 4901     		.2byte	0x149
 760 02f2 FA020000 		.4byte	0x2fa
ARM GAS  C:\Users\Shashwat\AppData\Local\Temp\ccFxzT55.s 			page 21


 761 02f6 E6000000 		.4byte	.LLST7
 762 02fa 0F       		.uleb128 0xf
 763 02fb 04       		.byte	0x4
 764 02fc B4020000 		.4byte	0x2b4
 765 0300 12       		.uleb128 0x12
 766 0301 9C000000 		.4byte	.LVL20
 767 0305 95010000 		.4byte	0x195
 768 0309 13       		.uleb128 0x13
 769 030a 01       		.uleb128 0x1
 770 030b 51       		.byte	0x51
 771 030c 15       		.uleb128 0x15
 772 030d 74       		.byte	0x74
 773 030e 00       		.sleb128 0
 774 030f 31       		.byte	0x31
 775 0310 24       		.byte	0x24
 776 0311 74       		.byte	0x74
 777 0312 00       		.sleb128 0
 778 0313 22       		.byte	0x22
 779 0314 31       		.byte	0x31
 780 0315 24       		.byte	0x24
 781 0316 03       		.byte	0x3
 782 0317 04000000 		.4byte	.LANCHOR0+4
 783 031b 22       		.byte	0x22
 784 031c 94       		.byte	0x94
 785 031d 02       		.byte	0x2
 786 031e 0A       		.byte	0xa
 787 031f FFFF     		.2byte	0xffff
 788 0321 1A       		.byte	0x1a
 789 0322 00       		.byte	0
 790 0323 00       		.byte	0
 791 0324 12       		.uleb128 0x12
 792 0325 B0000000 		.4byte	.LVL23
 793 0329 0D010000 		.4byte	0x10d
 794 032d 13       		.uleb128 0x13
 795 032e 01       		.uleb128 0x1
 796 032f 50       		.byte	0x50
 797 0330 05       		.uleb128 0x5
 798 0331 03       		.byte	0x3
 799 0332 20000000 		.4byte	.LANCHOR0+32
 800 0336 13       		.uleb128 0x13
 801 0337 01       		.uleb128 0x1
 802 0338 51       		.byte	0x51
 803 0339 05       		.uleb128 0x5
 804 033a 03       		.byte	0x3
 805 033b 0C000000 		.4byte	.LANCHOR0+12
 806 033f 00       		.byte	0
 807 0340 00       		.byte	0
 808 0341 1D       		.uleb128 0x1d
 809 0342 08010000 		.4byte	.LVL24
 810 0346 E2010000 		.4byte	0x1e2
 811 034a 00       		.byte	0
 812 034b 1A       		.uleb128 0x1a
 813 034c 85010000 		.4byte	0x185
 814 0350 5B030000 		.4byte	0x35b
 815 0354 1B       		.uleb128 0x1b
 816 0355 7D000000 		.4byte	0x7d
 817 0359 03       		.byte	0x3
ARM GAS  C:\Users\Shashwat\AppData\Local\Temp\ccFxzT55.s 			page 22


 818 035a 00       		.byte	0
 819 035b 10       		.uleb128 0x10
 820 035c 4B030000 		.4byte	0x34b
 821 0360 1A       		.uleb128 0x1a
 822 0361 90010000 		.4byte	0x190
 823 0365 70030000 		.4byte	0x370
 824 0369 1B       		.uleb128 0x1b
 825 036a 7D000000 		.4byte	0x7d
 826 036e 08       		.byte	0x8
 827 036f 00       		.byte	0
 828 0370 10       		.uleb128 0x10
 829 0371 60030000 		.4byte	0x360
 830 0375 1E       		.uleb128 0x1e
 831 0376 A7000000 		.4byte	.LASF43
 832 037a A7000000 		.4byte	.LASF43
 833 037e 1F       		.uleb128 0x1f
 834 037f 27020000 		.4byte	.LASF36
 835 0383 27020000 		.4byte	.LASF36
 836 0387 04       		.byte	0x4
 837 0388 6C       		.byte	0x6c
 838 0389 1F       		.uleb128 0x1f
 839 038a 0D000000 		.4byte	.LASF37
 840 038e 0D000000 		.4byte	.LASF37
 841 0392 04       		.byte	0x4
 842 0393 BD       		.byte	0xbd
 843 0394 1F       		.uleb128 0x1f
 844 0395 C7000000 		.4byte	.LASF38
 845 0399 C7000000 		.4byte	.LASF38
 846 039d 04       		.byte	0x4
 847 039e C3       		.byte	0xc3
 848 039f 00       		.byte	0
 849              		.section	.debug_abbrev,"",%progbits
 850              	.Ldebug_abbrev0:
 851 0000 01       		.uleb128 0x1
 852 0001 11       		.uleb128 0x11
 853 0002 01       		.byte	0x1
 854 0003 25       		.uleb128 0x25
 855 0004 0E       		.uleb128 0xe
 856 0005 13       		.uleb128 0x13
 857 0006 0B       		.uleb128 0xb
 858 0007 03       		.uleb128 0x3
 859 0008 0E       		.uleb128 0xe
 860 0009 1B       		.uleb128 0x1b
 861 000a 0E       		.uleb128 0xe
 862 000b 55       		.uleb128 0x55
 863 000c 17       		.uleb128 0x17
 864 000d 11       		.uleb128 0x11
 865 000e 01       		.uleb128 0x1
 866 000f 10       		.uleb128 0x10
 867 0010 17       		.uleb128 0x17
 868 0011 00       		.byte	0
 869 0012 00       		.byte	0
 870 0013 02       		.uleb128 0x2
 871 0014 24       		.uleb128 0x24
 872 0015 00       		.byte	0
 873 0016 0B       		.uleb128 0xb
 874 0017 0B       		.uleb128 0xb
ARM GAS  C:\Users\Shashwat\AppData\Local\Temp\ccFxzT55.s 			page 23


 875 0018 3E       		.uleb128 0x3e
 876 0019 0B       		.uleb128 0xb
 877 001a 03       		.uleb128 0x3
 878 001b 08       		.uleb128 0x8
 879 001c 00       		.byte	0
 880 001d 00       		.byte	0
 881 001e 03       		.uleb128 0x3
 882 001f 16       		.uleb128 0x16
 883 0020 00       		.byte	0
 884 0021 03       		.uleb128 0x3
 885 0022 0E       		.uleb128 0xe
 886 0023 3A       		.uleb128 0x3a
 887 0024 0B       		.uleb128 0xb
 888 0025 3B       		.uleb128 0x3b
 889 0026 0B       		.uleb128 0xb
 890 0027 49       		.uleb128 0x49
 891 0028 13       		.uleb128 0x13
 892 0029 00       		.byte	0
 893 002a 00       		.byte	0
 894 002b 04       		.uleb128 0x4
 895 002c 24       		.uleb128 0x24
 896 002d 00       		.byte	0
 897 002e 0B       		.uleb128 0xb
 898 002f 0B       		.uleb128 0xb
 899 0030 3E       		.uleb128 0x3e
 900 0031 0B       		.uleb128 0xb
 901 0032 03       		.uleb128 0x3
 902 0033 0E       		.uleb128 0xe
 903 0034 00       		.byte	0
 904 0035 00       		.byte	0
 905 0036 05       		.uleb128 0x5
 906 0037 0F       		.uleb128 0xf
 907 0038 00       		.byte	0
 908 0039 0B       		.uleb128 0xb
 909 003a 0B       		.uleb128 0xb
 910 003b 00       		.byte	0
 911 003c 00       		.byte	0
 912 003d 06       		.uleb128 0x6
 913 003e 16       		.uleb128 0x16
 914 003f 00       		.byte	0
 915 0040 03       		.uleb128 0x3
 916 0041 0E       		.uleb128 0xe
 917 0042 3A       		.uleb128 0x3a
 918 0043 0B       		.uleb128 0xb
 919 0044 3B       		.uleb128 0x3b
 920 0045 05       		.uleb128 0x5
 921 0046 49       		.uleb128 0x49
 922 0047 13       		.uleb128 0x13
 923 0048 00       		.byte	0
 924 0049 00       		.byte	0
 925 004a 07       		.uleb128 0x7
 926 004b 35       		.uleb128 0x35
 927 004c 00       		.byte	0
 928 004d 49       		.uleb128 0x49
 929 004e 13       		.uleb128 0x13
 930 004f 00       		.byte	0
 931 0050 00       		.byte	0
ARM GAS  C:\Users\Shashwat\AppData\Local\Temp\ccFxzT55.s 			page 24


 932 0051 08       		.uleb128 0x8
 933 0052 13       		.uleb128 0x13
 934 0053 01       		.byte	0x1
 935 0054 0B       		.uleb128 0xb
 936 0055 0B       		.uleb128 0xb
 937 0056 3A       		.uleb128 0x3a
 938 0057 0B       		.uleb128 0xb
 939 0058 3B       		.uleb128 0x3b
 940 0059 0B       		.uleb128 0xb
 941 005a 01       		.uleb128 0x1
 942 005b 13       		.uleb128 0x13
 943 005c 00       		.byte	0
 944 005d 00       		.byte	0
 945 005e 09       		.uleb128 0x9
 946 005f 0D       		.uleb128 0xd
 947 0060 00       		.byte	0
 948 0061 03       		.uleb128 0x3
 949 0062 0E       		.uleb128 0xe
 950 0063 3A       		.uleb128 0x3a
 951 0064 0B       		.uleb128 0xb
 952 0065 3B       		.uleb128 0x3b
 953 0066 0B       		.uleb128 0xb
 954 0067 49       		.uleb128 0x49
 955 0068 13       		.uleb128 0x13
 956 0069 38       		.uleb128 0x38
 957 006a 0B       		.uleb128 0xb
 958 006b 00       		.byte	0
 959 006c 00       		.byte	0
 960 006d 0A       		.uleb128 0xa
 961 006e 2E       		.uleb128 0x2e
 962 006f 01       		.byte	0x1
 963 0070 03       		.uleb128 0x3
 964 0071 0E       		.uleb128 0xe
 965 0072 3A       		.uleb128 0x3a
 966 0073 0B       		.uleb128 0xb
 967 0074 3B       		.uleb128 0x3b
 968 0075 0B       		.uleb128 0xb
 969 0076 27       		.uleb128 0x27
 970 0077 19       		.uleb128 0x19
 971 0078 11       		.uleb128 0x11
 972 0079 01       		.uleb128 0x1
 973 007a 12       		.uleb128 0x12
 974 007b 06       		.uleb128 0x6
 975 007c 40       		.uleb128 0x40
 976 007d 18       		.uleb128 0x18
 977 007e 9742     		.uleb128 0x2117
 978 0080 19       		.uleb128 0x19
 979 0081 01       		.uleb128 0x1
 980 0082 13       		.uleb128 0x13
 981 0083 00       		.byte	0
 982 0084 00       		.byte	0
 983 0085 0B       		.uleb128 0xb
 984 0086 05       		.uleb128 0x5
 985 0087 00       		.byte	0
 986 0088 03       		.uleb128 0x3
 987 0089 0E       		.uleb128 0xe
 988 008a 3A       		.uleb128 0x3a
ARM GAS  C:\Users\Shashwat\AppData\Local\Temp\ccFxzT55.s 			page 25


 989 008b 0B       		.uleb128 0xb
 990 008c 3B       		.uleb128 0x3b
 991 008d 0B       		.uleb128 0xb
 992 008e 49       		.uleb128 0x49
 993 008f 13       		.uleb128 0x13
 994 0090 02       		.uleb128 0x2
 995 0091 18       		.uleb128 0x18
 996 0092 00       		.byte	0
 997 0093 00       		.byte	0
 998 0094 0C       		.uleb128 0xc
 999 0095 34       		.uleb128 0x34
 1000 0096 00       		.byte	0
 1001 0097 03       		.uleb128 0x3
 1002 0098 08       		.uleb128 0x8
 1003 0099 3A       		.uleb128 0x3a
 1004 009a 0B       		.uleb128 0xb
 1005 009b 3B       		.uleb128 0x3b
 1006 009c 0B       		.uleb128 0xb
 1007 009d 49       		.uleb128 0x49
 1008 009e 13       		.uleb128 0x13
 1009 009f 02       		.uleb128 0x2
 1010 00a0 17       		.uleb128 0x17
 1011 00a1 00       		.byte	0
 1012 00a2 00       		.byte	0
 1013 00a3 0D       		.uleb128 0xd
 1014 00a4 0B       		.uleb128 0xb
 1015 00a5 01       		.byte	0x1
 1016 00a6 11       		.uleb128 0x11
 1017 00a7 01       		.uleb128 0x1
 1018 00a8 12       		.uleb128 0x12
 1019 00a9 06       		.uleb128 0x6
 1020 00aa 00       		.byte	0
 1021 00ab 00       		.byte	0
 1022 00ac 0E       		.uleb128 0xe
 1023 00ad 34       		.uleb128 0x34
 1024 00ae 00       		.byte	0
 1025 00af 03       		.uleb128 0x3
 1026 00b0 0E       		.uleb128 0xe
 1027 00b1 3A       		.uleb128 0x3a
 1028 00b2 0B       		.uleb128 0xb
 1029 00b3 3B       		.uleb128 0x3b
 1030 00b4 0B       		.uleb128 0xb
 1031 00b5 49       		.uleb128 0x49
 1032 00b6 13       		.uleb128 0x13
 1033 00b7 02       		.uleb128 0x2
 1034 00b8 17       		.uleb128 0x17
 1035 00b9 00       		.byte	0
 1036 00ba 00       		.byte	0
 1037 00bb 0F       		.uleb128 0xf
 1038 00bc 0F       		.uleb128 0xf
 1039 00bd 00       		.byte	0
 1040 00be 0B       		.uleb128 0xb
 1041 00bf 0B       		.uleb128 0xb
 1042 00c0 49       		.uleb128 0x49
 1043 00c1 13       		.uleb128 0x13
 1044 00c2 00       		.byte	0
 1045 00c3 00       		.byte	0
ARM GAS  C:\Users\Shashwat\AppData\Local\Temp\ccFxzT55.s 			page 26


 1046 00c4 10       		.uleb128 0x10
 1047 00c5 26       		.uleb128 0x26
 1048 00c6 00       		.byte	0
 1049 00c7 49       		.uleb128 0x49
 1050 00c8 13       		.uleb128 0x13
 1051 00c9 00       		.byte	0
 1052 00ca 00       		.byte	0
 1053 00cb 11       		.uleb128 0x11
 1054 00cc 05       		.uleb128 0x5
 1055 00cd 00       		.byte	0
 1056 00ce 03       		.uleb128 0x3
 1057 00cf 08       		.uleb128 0x8
 1058 00d0 3A       		.uleb128 0x3a
 1059 00d1 0B       		.uleb128 0xb
 1060 00d2 3B       		.uleb128 0x3b
 1061 00d3 0B       		.uleb128 0xb
 1062 00d4 49       		.uleb128 0x49
 1063 00d5 13       		.uleb128 0x13
 1064 00d6 02       		.uleb128 0x2
 1065 00d7 17       		.uleb128 0x17
 1066 00d8 00       		.byte	0
 1067 00d9 00       		.byte	0
 1068 00da 12       		.uleb128 0x12
 1069 00db 898201   		.uleb128 0x4109
 1070 00de 01       		.byte	0x1
 1071 00df 11       		.uleb128 0x11
 1072 00e0 01       		.uleb128 0x1
 1073 00e1 31       		.uleb128 0x31
 1074 00e2 13       		.uleb128 0x13
 1075 00e3 00       		.byte	0
 1076 00e4 00       		.byte	0
 1077 00e5 13       		.uleb128 0x13
 1078 00e6 8A8201   		.uleb128 0x410a
 1079 00e9 00       		.byte	0
 1080 00ea 02       		.uleb128 0x2
 1081 00eb 18       		.uleb128 0x18
 1082 00ec 9142     		.uleb128 0x2111
 1083 00ee 18       		.uleb128 0x18
 1084 00ef 00       		.byte	0
 1085 00f0 00       		.byte	0
 1086 00f1 14       		.uleb128 0x14
 1087 00f2 898201   		.uleb128 0x4109
 1088 00f5 01       		.byte	0x1
 1089 00f6 11       		.uleb128 0x11
 1090 00f7 01       		.uleb128 0x1
 1091 00f8 31       		.uleb128 0x31
 1092 00f9 13       		.uleb128 0x13
 1093 00fa 01       		.uleb128 0x1
 1094 00fb 13       		.uleb128 0x13
 1095 00fc 00       		.byte	0
 1096 00fd 00       		.byte	0
 1097 00fe 15       		.uleb128 0x15
 1098 00ff 2E       		.uleb128 0x2e
 1099 0100 01       		.byte	0x1
 1100 0101 3F       		.uleb128 0x3f
 1101 0102 19       		.uleb128 0x19
 1102 0103 03       		.uleb128 0x3
ARM GAS  C:\Users\Shashwat\AppData\Local\Temp\ccFxzT55.s 			page 27


 1103 0104 0E       		.uleb128 0xe
 1104 0105 3A       		.uleb128 0x3a
 1105 0106 0B       		.uleb128 0xb
 1106 0107 3B       		.uleb128 0x3b
 1107 0108 05       		.uleb128 0x5
 1108 0109 27       		.uleb128 0x27
 1109 010a 19       		.uleb128 0x19
 1110 010b 11       		.uleb128 0x11
 1111 010c 01       		.uleb128 0x1
 1112 010d 12       		.uleb128 0x12
 1113 010e 06       		.uleb128 0x6
 1114 010f 40       		.uleb128 0x40
 1115 0110 18       		.uleb128 0x18
 1116 0111 9742     		.uleb128 0x2117
 1117 0113 19       		.uleb128 0x19
 1118 0114 01       		.uleb128 0x1
 1119 0115 13       		.uleb128 0x13
 1120 0116 00       		.byte	0
 1121 0117 00       		.byte	0
 1122 0118 16       		.uleb128 0x16
 1123 0119 0B       		.uleb128 0xb
 1124 011a 01       		.byte	0x1
 1125 011b 11       		.uleb128 0x11
 1126 011c 01       		.uleb128 0x1
 1127 011d 12       		.uleb128 0x12
 1128 011e 06       		.uleb128 0x6
 1129 011f 01       		.uleb128 0x1
 1130 0120 13       		.uleb128 0x13
 1131 0121 00       		.byte	0
 1132 0122 00       		.byte	0
 1133 0123 17       		.uleb128 0x17
 1134 0124 34       		.uleb128 0x34
 1135 0125 00       		.byte	0
 1136 0126 03       		.uleb128 0x3
 1137 0127 0E       		.uleb128 0xe
 1138 0128 3A       		.uleb128 0x3a
 1139 0129 0B       		.uleb128 0xb
 1140 012a 3B       		.uleb128 0x3b
 1141 012b 05       		.uleb128 0x5
 1142 012c 49       		.uleb128 0x49
 1143 012d 13       		.uleb128 0x13
 1144 012e 02       		.uleb128 0x2
 1145 012f 18       		.uleb128 0x18
 1146 0130 00       		.byte	0
 1147 0131 00       		.byte	0
 1148 0132 18       		.uleb128 0x18
 1149 0133 13       		.uleb128 0x13
 1150 0134 01       		.byte	0x1
 1151 0135 0B       		.uleb128 0xb
 1152 0136 0B       		.uleb128 0xb
 1153 0137 3A       		.uleb128 0x3a
 1154 0138 0B       		.uleb128 0xb
 1155 0139 3B       		.uleb128 0x3b
 1156 013a 05       		.uleb128 0x5
 1157 013b 01       		.uleb128 0x1
 1158 013c 13       		.uleb128 0x13
 1159 013d 00       		.byte	0
ARM GAS  C:\Users\Shashwat\AppData\Local\Temp\ccFxzT55.s 			page 28


 1160 013e 00       		.byte	0
 1161 013f 19       		.uleb128 0x19
 1162 0140 0D       		.uleb128 0xd
 1163 0141 00       		.byte	0
 1164 0142 03       		.uleb128 0x3
 1165 0143 0E       		.uleb128 0xe
 1166 0144 3A       		.uleb128 0x3a
 1167 0145 0B       		.uleb128 0xb
 1168 0146 3B       		.uleb128 0x3b
 1169 0147 05       		.uleb128 0x5
 1170 0148 49       		.uleb128 0x49
 1171 0149 13       		.uleb128 0x13
 1172 014a 38       		.uleb128 0x38
 1173 014b 0B       		.uleb128 0xb
 1174 014c 00       		.byte	0
 1175 014d 00       		.byte	0
 1176 014e 1A       		.uleb128 0x1a
 1177 014f 01       		.uleb128 0x1
 1178 0150 01       		.byte	0x1
 1179 0151 49       		.uleb128 0x49
 1180 0152 13       		.uleb128 0x13
 1181 0153 01       		.uleb128 0x1
 1182 0154 13       		.uleb128 0x13
 1183 0155 00       		.byte	0
 1184 0156 00       		.byte	0
 1185 0157 1B       		.uleb128 0x1b
 1186 0158 21       		.uleb128 0x21
 1187 0159 00       		.byte	0
 1188 015a 49       		.uleb128 0x49
 1189 015b 13       		.uleb128 0x13
 1190 015c 2F       		.uleb128 0x2f
 1191 015d 0B       		.uleb128 0xb
 1192 015e 00       		.byte	0
 1193 015f 00       		.byte	0
 1194 0160 1C       		.uleb128 0x1c
 1195 0161 34       		.uleb128 0x34
 1196 0162 00       		.byte	0
 1197 0163 03       		.uleb128 0x3
 1198 0164 08       		.uleb128 0x8
 1199 0165 3A       		.uleb128 0x3a
 1200 0166 0B       		.uleb128 0xb
 1201 0167 3B       		.uleb128 0x3b
 1202 0168 05       		.uleb128 0x5
 1203 0169 49       		.uleb128 0x49
 1204 016a 13       		.uleb128 0x13
 1205 016b 02       		.uleb128 0x2
 1206 016c 17       		.uleb128 0x17
 1207 016d 00       		.byte	0
 1208 016e 00       		.byte	0
 1209 016f 1D       		.uleb128 0x1d
 1210 0170 898201   		.uleb128 0x4109
 1211 0173 00       		.byte	0
 1212 0174 11       		.uleb128 0x11
 1213 0175 01       		.uleb128 0x1
 1214 0176 31       		.uleb128 0x31
 1215 0177 13       		.uleb128 0x13
 1216 0178 00       		.byte	0
ARM GAS  C:\Users\Shashwat\AppData\Local\Temp\ccFxzT55.s 			page 29


 1217 0179 00       		.byte	0
 1218 017a 1E       		.uleb128 0x1e
 1219 017b 2E       		.uleb128 0x2e
 1220 017c 00       		.byte	0
 1221 017d 3F       		.uleb128 0x3f
 1222 017e 19       		.uleb128 0x19
 1223 017f 3C       		.uleb128 0x3c
 1224 0180 19       		.uleb128 0x19
 1225 0181 6E       		.uleb128 0x6e
 1226 0182 0E       		.uleb128 0xe
 1227 0183 03       		.uleb128 0x3
 1228 0184 0E       		.uleb128 0xe
 1229 0185 00       		.byte	0
 1230 0186 00       		.byte	0
 1231 0187 1F       		.uleb128 0x1f
 1232 0188 2E       		.uleb128 0x2e
 1233 0189 00       		.byte	0
 1234 018a 3F       		.uleb128 0x3f
 1235 018b 19       		.uleb128 0x19
 1236 018c 3C       		.uleb128 0x3c
 1237 018d 19       		.uleb128 0x19
 1238 018e 6E       		.uleb128 0x6e
 1239 018f 0E       		.uleb128 0xe
 1240 0190 03       		.uleb128 0x3
 1241 0191 0E       		.uleb128 0xe
 1242 0192 3A       		.uleb128 0x3a
 1243 0193 0B       		.uleb128 0xb
 1244 0194 3B       		.uleb128 0x3b
 1245 0195 0B       		.uleb128 0xb
 1246 0196 00       		.byte	0
 1247 0197 00       		.byte	0
 1248 0198 00       		.byte	0
 1249              		.section	.debug_loc,"",%progbits
 1250              	.Ldebug_loc0:
 1251              	.LLST0:
 1252 0000 02000000 		.4byte	.LVL1
 1253 0004 08000000 		.4byte	.LVL2
 1254 0008 0200     		.2byte	0x2
 1255 000a 30       		.byte	0x30
 1256 000b 9F       		.byte	0x9f
 1257 000c 08000000 		.4byte	.LVL2
 1258 0010 30000000 		.4byte	.LVL11
 1259 0014 0100     		.2byte	0x1
 1260 0016 57       		.byte	0x57
 1261 0017 00000000 		.4byte	0
 1262 001b 00000000 		.4byte	0
 1263              	.LLST1:
 1264 001f 02000000 		.4byte	.LVL1
 1265 0023 08000000 		.4byte	.LVL2
 1266 0027 0200     		.2byte	0x2
 1267 0029 30       		.byte	0x30
 1268 002a 9F       		.byte	0x9f
 1269 002b 08000000 		.4byte	.LVL2
 1270 002f 30000000 		.4byte	.LVL10
 1271 0033 0100     		.2byte	0x1
 1272 0035 55       		.byte	0x55
 1273 0036 00000000 		.4byte	0
ARM GAS  C:\Users\Shashwat\AppData\Local\Temp\ccFxzT55.s 			page 30


 1274 003a 00000000 		.4byte	0
 1275              	.LLST2:
 1276 003e 0C000000 		.4byte	.LVL3
 1277 0042 2C000000 		.4byte	.LVL9
 1278 0046 0100     		.2byte	0x1
 1279 0048 56       		.byte	0x56
 1280 0049 00000000 		.4byte	0
 1281 004d 00000000 		.4byte	0
 1282              	.LLST3:
 1283 0051 0E000000 		.4byte	.LVL4
 1284 0055 24000000 		.4byte	.LVL7
 1285 0059 0100     		.2byte	0x1
 1286 005b 53       		.byte	0x53
 1287 005c 26000000 		.4byte	.LVL8
 1288 0060 2C000000 		.4byte	.LVL9
 1289 0064 0100     		.2byte	0x1
 1290 0066 53       		.byte	0x53
 1291 0067 00000000 		.4byte	0
 1292 006b 00000000 		.4byte	0
 1293              	.LLST4:
 1294 006f 00000000 		.4byte	.LVL12
 1295 0073 09000000 		.4byte	.LVL14-1
 1296 0077 0100     		.2byte	0x1
 1297 0079 50       		.byte	0x50
 1298 007a 09000000 		.4byte	.LVL14-1
 1299 007e 0C000000 		.4byte	.LFE0
 1300 0082 0400     		.2byte	0x4
 1301 0084 F3       		.byte	0xf3
 1302 0085 01       		.uleb128 0x1
 1303 0086 50       		.byte	0x50
 1304 0087 9F       		.byte	0x9f
 1305 0088 00000000 		.4byte	0
 1306 008c 00000000 		.4byte	0
 1307              	.LLST5:
 1308 0090 00000000 		.4byte	.LVL12
 1309 0094 06000000 		.4byte	.LVL13
 1310 0098 0100     		.2byte	0x1
 1311 009a 51       		.byte	0x51
 1312 009b 06000000 		.4byte	.LVL13
 1313 009f 09000000 		.4byte	.LVL14-1
 1314 00a3 0100     		.2byte	0x1
 1315 00a5 52       		.byte	0x52
 1316 00a6 09000000 		.4byte	.LVL14-1
 1317 00aa 0C000000 		.4byte	.LFE0
 1318 00ae 0400     		.2byte	0x4
 1319 00b0 F3       		.byte	0xf3
 1320 00b1 01       		.uleb128 0x1
 1321 00b2 51       		.byte	0x51
 1322 00b3 9F       		.byte	0x9f
 1323 00b4 00000000 		.4byte	0
 1324 00b8 00000000 		.4byte	0
 1325              	.LLST6:
 1326 00bc 7C000000 		.4byte	.LVL18
 1327 00c0 80000000 		.4byte	.LVL19
 1328 00c4 0200     		.2byte	0x2
 1329 00c6 30       		.byte	0x30
 1330 00c7 9F       		.byte	0x9f
ARM GAS  C:\Users\Shashwat\AppData\Local\Temp\ccFxzT55.s 			page 31


 1331 00c8 80000000 		.4byte	.LVL19
 1332 00cc 9E000000 		.4byte	.LVL21
 1333 00d0 0100     		.2byte	0x1
 1334 00d2 54       		.byte	0x54
 1335 00d3 A0000000 		.4byte	.LVL22
 1336 00d7 08010000 		.4byte	.LVL25
 1337 00db 0100     		.2byte	0x1
 1338 00dd 54       		.byte	0x54
 1339 00de 00000000 		.4byte	0
 1340 00e2 00000000 		.4byte	0
 1341              	.LLST7:
 1342 00e6 80000000 		.4byte	.LVL19
 1343 00ea 9E000000 		.4byte	.LVL21
 1344 00ee 0B00     		.2byte	0xb
 1345 00f0 74       		.byte	0x74
 1346 00f1 00       		.sleb128 0
 1347 00f2 36       		.byte	0x36
 1348 00f3 1E       		.byte	0x1e
 1349 00f4 03       		.byte	0x3
 1350 00f5 00000000 		.4byte	cfg_memset_list.4870
 1351 00f9 22       		.byte	0x22
 1352 00fa 9F       		.byte	0x9f
 1353 00fb 9E000000 		.4byte	.LVL21
 1354 00ff A0000000 		.4byte	.LVL22
 1355 0103 0B00     		.2byte	0xb
 1356 0105 74       		.byte	0x74
 1357 0106 7F       		.sleb128 -1
 1358 0107 36       		.byte	0x36
 1359 0108 1E       		.byte	0x1e
 1360 0109 03       		.byte	0x3
 1361 010a 00000000 		.4byte	cfg_memset_list.4870
 1362 010e 22       		.byte	0x22
 1363 010f 9F       		.byte	0x9f
 1364 0110 00000000 		.4byte	0
 1365 0114 00000000 		.4byte	0
 1366              		.section	.debug_aranges,"",%progbits
 1367 0000 34000000 		.4byte	0x34
 1368 0004 0200     		.2byte	0x2
 1369 0006 00000000 		.4byte	.Ldebug_info0
 1370 000a 04       		.byte	0x4
 1371 000b 00       		.byte	0
 1372 000c 0000     		.2byte	0
 1373 000e 0000     		.2byte	0
 1374 0010 00000000 		.4byte	.LFB3
 1375 0014 32000000 		.4byte	.LFE3-.LFB3
 1376 0018 00000000 		.4byte	.LFB0
 1377 001c 0C000000 		.4byte	.LFE0-.LFB0
 1378 0020 00000000 		.4byte	.LFB4
 1379 0024 78000000 		.4byte	.LFE4-.LFB4
 1380 0028 78000000 		.4byte	.LFB6
 1381 002c C8000000 		.4byte	.LFE6-.LFB6
 1382 0030 00000000 		.4byte	0
 1383 0034 00000000 		.4byte	0
 1384              		.section	.debug_ranges,"",%progbits
 1385              	.Ldebug_ranges0:
 1386 0000 00000000 		.4byte	.LFB3
 1387 0004 32000000 		.4byte	.LFE3
ARM GAS  C:\Users\Shashwat\AppData\Local\Temp\ccFxzT55.s 			page 32


 1388 0008 00000000 		.4byte	.LFB0
 1389 000c 0C000000 		.4byte	.LFE0
 1390 0010 00000000 		.4byte	.LFB4
 1391 0014 78000000 		.4byte	.LFE4
 1392 0018 78000000 		.4byte	.LFB6
 1393 001c 40010000 		.4byte	.LFE6
 1394 0020 00000000 		.4byte	0
 1395 0024 00000000 		.4byte	0
 1396              		.section	.debug_line,"",%progbits
 1397              	.Ldebug_line0:
 1398 0000 5B010000 		.section	.debug_str,"MS",%progbits,1
 1398      0200D600 
 1398      00000201 
 1398      FB0E0D00 
 1398      01010101 
 1399              	.LASF19:
 1400 0000 72656733 		.ascii	"reg32\000"
 1400      3200
 1401              	.LASF12:
 1402 0006 73697A65 		.ascii	"size_t\000"
 1402      5F7400
 1403              	.LASF37:
 1404 000d 4379496E 		.ascii	"CyIntSetVector\000"
 1404      74536574 
 1404      56656374 
 1404      6F7200
 1405              	.LASF21:
 1406 001c 76616C75 		.ascii	"value\000"
 1406      6500
 1407              	.LASF26:
 1408 0022 636F756E 		.ascii	"count\000"
 1408      7400
 1409              	.LASF29:
 1410 0028 436C6F63 		.ascii	"ClockSetup\000"
 1410      6B536574 
 1410      757000
 1411              	.LASF30:
 1412 0033 63795F63 		.ascii	"cy_cfg_addr_table\000"
 1412      66675F61 
 1412      6464725F 
 1412      7461626C 
 1412      6500
 1413              	.LASF31:
 1414 0045 63795F63 		.ascii	"cy_cfg_data_table\000"
 1414      66675F64 
 1414      6174615F 
 1414      7461626C 
 1414      6500
 1415              	.LASF16:
 1416 0057 666C6F61 		.ascii	"float\000"
 1416      7400
 1417              	.LASF35:
 1418 005d 6366675F 		.ascii	"cfg_memset_list\000"
 1418      6D656D73 
 1418      65745F6C 
 1418      69737400 
 1419              	.LASF33:
ARM GAS  C:\Users\Shashwat\AppData\Local\Temp\ccFxzT55.s 			page 33


 1420 006d 73697A65 		.ascii	"size\000"
 1420      00
 1421              	.LASF18:
 1422 0072 72656738 		.ascii	"reg8\000"
 1422      00
 1423              	.LASF8:
 1424 0077 6C6F6E67 		.ascii	"long unsigned int\000"
 1424      20756E73 
 1424      69676E65 
 1424      6420696E 
 1424      7400
 1425              	.LASF13:
 1426 0089 75696E74 		.ascii	"uint8\000"
 1426      3800
 1427              	.LASF28:
 1428 008f 43594D45 		.ascii	"CYMEMZERO\000"
 1428      4D5A4552 
 1428      4F00
 1429              	.LASF4:
 1430 0099 756E7369 		.ascii	"unsigned char\000"
 1430      676E6564 
 1430      20636861 
 1430      7200
 1431              	.LASF43:
 1432 00a7 6D656D73 		.ascii	"memset\000"
 1432      657400
 1433              	.LASF17:
 1434 00ae 646F7562 		.ascii	"double\000"
 1434      6C6500
 1435              	.LASF27:
 1436 00b5 6366675F 		.ascii	"cfg_write_bytes32\000"
 1436      77726974 
 1436      655F6279 
 1436      74657333 
 1436      3200
 1437              	.LASF38:
 1438 00c7 4379496E 		.ascii	"CyIntEnable\000"
 1438      74456E61 
 1438      626C6500 
 1439              	.LASF23:
 1440 00d3 61646472 		.ascii	"addr_table\000"
 1440      5F746162 
 1440      6C6500
 1441              	.LASF14:
 1442 00de 75696E74 		.ascii	"uint16\000"
 1442      313600
 1443              	.LASF24:
 1444 00e5 64617461 		.ascii	"data_table\000"
 1444      5F746162 
 1444      6C6500
 1445              	.LASF15:
 1446 00f0 75696E74 		.ascii	"uint32\000"
 1446      333200
 1447              	.LASF0:
 1448 00f7 756E7369 		.ascii	"unsigned int\000"
 1448      676E6564 
 1448      20696E74 
ARM GAS  C:\Users\Shashwat\AppData\Local\Temp\ccFxzT55.s 			page 34


 1448      00
 1449              	.LASF42:
 1450 0104 63796669 		.ascii	"cyfitter_cfg\000"
 1450      74746572 
 1450      5F636667 
 1450      00
 1451              	.LASF32:
 1452 0111 61646472 		.ascii	"address\000"
 1452      65737300 
 1453              	.LASF9:
 1454 0119 6C6F6E67 		.ascii	"long long unsigned int\000"
 1454      206C6F6E 
 1454      6720756E 
 1454      7369676E 
 1454      65642069 
 1455              	.LASF39:
 1456 0130 474E5520 		.ascii	"GNU C11 5.4.1 20160609 (release) [ARM/embedded-5-br"
 1456      43313120 
 1456      352E342E 
 1456      31203230 
 1456      31363036 
 1457 0163 616E6368 		.ascii	"anch revision 237715] -mcpu=cortex-m0 -mthumb -g -O"
 1457      20726576 
 1457      6973696F 
 1457      6E203233 
 1457      37373135 
 1458 0196 67202D66 		.ascii	"g -ffunction-sections -ffat-lto-objects\000"
 1458      66756E63 
 1458      74696F6E 
 1458      2D736563 
 1458      74696F6E 
 1459              	.LASF34:
 1460 01be 6366675F 		.ascii	"cfg_memset_t\000"
 1460      6D656D73 
 1460      65745F74 
 1460      00
 1461              	.LASF25:
 1462 01cb 62617365 		.ascii	"baseAddr\000"
 1462      41646472 
 1462      00
 1463              	.LASF10:
 1464 01d4 73697A65 		.ascii	"sizetype\000"
 1464      74797065 
 1464      00
 1465              	.LASF6:
 1466 01dd 73686F72 		.ascii	"short unsigned int\000"
 1466      7420756E 
 1466      7369676E 
 1466      65642069 
 1466      6E7400
 1467              	.LASF1:
 1468 01f0 6C6F6E67 		.ascii	"long long int\000"
 1468      206C6F6E 
 1468      6720696E 
 1468      7400
 1469              	.LASF11:
 1470 01fe 63686172 		.ascii	"char\000"
ARM GAS  C:\Users\Shashwat\AppData\Local\Temp\ccFxzT55.s 			page 35


 1470      00
 1471              	.LASF22:
 1472 0203 63795F63 		.ascii	"cy_cfg_addrvalue_t\000"
 1472      66675F61 
 1472      64647276 
 1472      616C7565 
 1472      5F7400
 1473              	.LASF20:
 1474 0216 6F666673 		.ascii	"offset\000"
 1474      657400
 1475              	.LASF5:
 1476 021d 73686F72 		.ascii	"short int\000"
 1476      7420696E 
 1476      7400
 1477              	.LASF36:
 1478 0227 43795379 		.ascii	"CySysClkWriteImoFreq\000"
 1478      73436C6B 
 1478      57726974 
 1478      65496D6F 
 1478      46726571 
 1479              	.LASF7:
 1480 023c 6C6F6E67 		.ascii	"long int\000"
 1480      20696E74 
 1480      00
 1481              	.LASF41:
 1482 0245 433A5C55 		.ascii	"C:\\Users\\Shashwat\\Documents\\PSoC Creator\\Empty"
 1482      73657273 
 1482      5C536861 
 1482      73687761 
 1482      745C446F 
 1483 0273 5C426C69 		.ascii	"\\Blink_brightness.cydsn\000"
 1483      6E6B5F62 
 1483      72696768 
 1483      746E6573 
 1483      732E6379 
 1484              	.LASF2:
 1485 028b 6C6F6E67 		.ascii	"long double\000"
 1485      20646F75 
 1485      626C6500 
 1486              	.LASF3:
 1487 0297 7369676E 		.ascii	"signed char\000"
 1487      65642063 
 1487      68617200 
 1488              	.LASF40:
 1489 02a3 47656E65 		.ascii	"Generated_Source\\PSoC4\\cyfitter_cfg.c\000"
 1489      72617465 
 1489      645F536F 
 1489      75726365 
 1489      5C50536F 
 1490              		.ident	"GCC: (GNU Tools for ARM Embedded Processors) 5.4.1 20160609 (release) [ARM/embedded-5-bran
