ARM GAS  C:\Users\Shashwat\AppData\Local\Temp\ccmQ6mKT.s 			page 1


   1              		.syntax unified
   2              		.cpu cortex-m0
   3              		.fpu softvfp
   4              		.eabi_attribute 20, 1
   5              		.eabi_attribute 21, 1
   6              		.eabi_attribute 23, 3
   7              		.eabi_attribute 24, 1
   8              		.eabi_attribute 25, 1
   9              		.eabi_attribute 26, 1
  10              		.eabi_attribute 30, 1
  11              		.eabi_attribute 34, 0
  12              		.eabi_attribute 18, 4
  13              		.thumb
  14              		.syntax unified
  15              		.file	"main.c"
  16              		.text
  17              	.Ltext0:
  18              		.cfi_sections	.debug_frame
  19              		.section	.text.main,"ax",%progbits
  20              		.align	2
  21              		.global	main
  22              		.code	16
  23              		.thumb_func
  24              		.type	main, %function
  25              	main:
  26              	.LFB32:
  27              		.file 1 "main.c"
   1:main.c        **** /* ========================================
   2:main.c        ****  *
   3:main.c        ****  * Copyright YOUR COMPANY, THE YEAR
   4:main.c        ****  * All Rights Reserved
   5:main.c        ****  * UNPUBLISHED, LICENSED SOFTWARE.
   6:main.c        ****  *
   7:main.c        ****  * CONFIDENTIAL AND PROPRIETARY INFORMATION
   8:main.c        ****  * WHICH IS THE PROPERTY OF your company.
   9:main.c        ****  *
  10:main.c        ****  * ========================================
  11:main.c        **** */
  12:main.c        **** #include "project.h"
  13:main.c        **** 
  14:main.c        **** int main(void)
  15:main.c        **** {
  28              		.loc 1 15 0
  29              		.cfi_startproc
  30              		@ args = 0, pretend = 0, frame = 0
  31              		@ frame_needed = 0, uses_anonymous_args = 0
  32 0000 10B5     		push	{r4, lr}
  33              		.cfi_def_cfa_offset 8
  34              		.cfi_offset 4, -8
  35              		.cfi_offset 14, -4
  16:main.c        ****     CyGlobalIntEnable; /* Enable global interrupts. */
  36              		.loc 1 16 0
  37              		.syntax divided
  38              	@ 16 "main.c" 1
  39 0002 62B6     		CPSIE   i
  40              	@ 0 "" 2
  17:main.c        ****     PWM_1_Start();
ARM GAS  C:\Users\Shashwat\AppData\Local\Temp\ccmQ6mKT.s 			page 2


  41              		.loc 1 17 0
  42              		.thumb
  43              		.syntax unified
  44 0004 FFF7FEFF 		bl	PWM_1_Start
  45              	.LVL0:
  18:main.c        ****     int i;
  19:main.c        ****     for (i=0;i<500;i++){
  46              		.loc 1 19 0
  47 0008 0024     		movs	r4, #0
  48 000a 08E0     		b	.L2
  49              	.LVL1:
  50              	.L3:
  20:main.c        ****         PWM_1_WriteCompare(i*10);
  51              		.loc 1 20 0 discriminator 3
  52 000c A300     		lsls	r3, r4, #2
  53 000e 1B19     		adds	r3, r3, r4
  54 0010 5800     		lsls	r0, r3, #1
  55 0012 FFF7FEFF 		bl	PWM_1_WriteCompare
  56              	.LVL2:
  21:main.c        ****         CyDelay(30);
  57              		.loc 1 21 0 discriminator 3
  58 0016 1E20     		movs	r0, #30
  59 0018 FFF7FEFF 		bl	CyDelay
  60              	.LVL3:
  19:main.c        ****         PWM_1_WriteCompare(i*10);
  61              		.loc 1 19 0 discriminator 3
  62 001c 0134     		adds	r4, r4, #1
  63              	.LVL4:
  64              	.L2:
  19:main.c        ****         PWM_1_WriteCompare(i*10);
  65              		.loc 1 19 0 is_stmt 0 discriminator 1
  66 001e F423     		movs	r3, #244
  67 0020 FF33     		adds	r3, r3, #255
  68 0022 9C42     		cmp	r4, r3
  69 0024 F2DD     		ble	.L3
  70              	.LVL5:
  71              	.L4:
  22:main.c        ****     }
  23:main.c        ****     /* Place your initialization/startup code here (e.g. MyInst_Start()) */
  24:main.c        ****     for(;;)
  25:main.c        ****     {
  26:main.c        ****         /* Place your application code here. */
  27:main.c        ****         PWM_1_WriteCompare(500);
  72              		.loc 1 27 0 is_stmt 1 discriminator 1
  73 0026 FA20     		movs	r0, #250
  74 0028 4000     		lsls	r0, r0, #1
  75 002a FFF7FEFF 		bl	PWM_1_WriteCompare
  76              	.LVL6:
  28:main.c        ****         CyDelay(1000);
  77              		.loc 1 28 0 discriminator 1
  78 002e FA24     		movs	r4, #250
  79 0030 A400     		lsls	r4, r4, #2
  80 0032 2000     		movs	r0, r4
  81 0034 FFF7FEFF 		bl	CyDelay
  82              	.LVL7:
  29:main.c        ****         PWM_1_WriteCompare(9500);
  83              		.loc 1 29 0 discriminator 1
ARM GAS  C:\Users\Shashwat\AppData\Local\Temp\ccmQ6mKT.s 			page 3


  84 0038 0348     		ldr	r0, .L5
  85 003a FFF7FEFF 		bl	PWM_1_WriteCompare
  86              	.LVL8:
  30:main.c        ****         CyDelay(1000);
  87              		.loc 1 30 0 discriminator 1
  88 003e 2000     		movs	r0, r4
  89 0040 FFF7FEFF 		bl	CyDelay
  90              	.LVL9:
  91 0044 EFE7     		b	.L4
  92              	.L6:
  93 0046 C046     		.align	2
  94              	.L5:
  95 0048 1C250000 		.word	9500
  96              		.cfi_endproc
  97              	.LFE32:
  98              		.size	main, .-main
  99              		.text
 100              	.Letext0:
 101              		.file 2 "Generated_Source\\PSoC4/PWM_1.h"
 102              		.file 3 "Generated_Source\\PSoC4/CyLib.h"
 103              		.section	.debug_info,"",%progbits
 104              	.Ldebug_info0:
 105 0000 5A010000 		.4byte	0x15a
 106 0004 0400     		.2byte	0x4
 107 0006 00000000 		.4byte	.Ldebug_abbrev0
 108 000a 04       		.byte	0x4
 109 000b 01       		.uleb128 0x1
 110 000c 8D000000 		.4byte	.LASF17
 111 0010 0C       		.byte	0xc
 112 0011 1B000000 		.4byte	.LASF18
 113 0015 63010000 		.4byte	.LASF19
 114 0019 00000000 		.4byte	.Ldebug_ranges0+0
 115 001d 00000000 		.4byte	0
 116 0021 00000000 		.4byte	.Ldebug_line0
 117 0025 02       		.uleb128 0x2
 118 0026 01       		.byte	0x1
 119 0027 06       		.byte	0x6
 120 0028 2E010000 		.4byte	.LASF0
 121 002c 02       		.uleb128 0x2
 122 002d 01       		.byte	0x1
 123 002e 08       		.byte	0x8
 124 002f 6A000000 		.4byte	.LASF1
 125 0033 02       		.uleb128 0x2
 126 0034 02       		.byte	0x2
 127 0035 05       		.byte	0x5
 128 0036 59010000 		.4byte	.LASF2
 129 003a 02       		.uleb128 0x2
 130 003b 02       		.byte	0x2
 131 003c 07       		.byte	0x7
 132 003d 1B010000 		.4byte	.LASF3
 133 0041 02       		.uleb128 0x2
 134 0042 04       		.byte	0x4
 135 0043 05       		.byte	0x5
 136 0044 7D000000 		.4byte	.LASF4
 137 0048 02       		.uleb128 0x2
 138 0049 04       		.byte	0x4
 139 004a 07       		.byte	0x7
ARM GAS  C:\Users\Shashwat\AppData\Local\Temp\ccmQ6mKT.s 			page 4


 140 004b 3B000000 		.4byte	.LASF5
 141 004f 02       		.uleb128 0x2
 142 0050 08       		.byte	0x8
 143 0051 05       		.byte	0x5
 144 0052 00000000 		.4byte	.LASF6
 145 0056 02       		.uleb128 0x2
 146 0057 08       		.byte	0x8
 147 0058 07       		.byte	0x7
 148 0059 4D000000 		.4byte	.LASF7
 149 005d 03       		.uleb128 0x3
 150 005e 04       		.byte	0x4
 151 005f 05       		.byte	0x5
 152 0060 696E7400 		.ascii	"int\000"
 153 0064 02       		.uleb128 0x2
 154 0065 04       		.byte	0x4
 155 0066 07       		.byte	0x7
 156 0067 0E000000 		.4byte	.LASF8
 157 006b 02       		.uleb128 0x2
 158 006c 04       		.byte	0x4
 159 006d 04       		.byte	0x4
 160 006e 64000000 		.4byte	.LASF9
 161 0072 02       		.uleb128 0x2
 162 0073 08       		.byte	0x8
 163 0074 04       		.byte	0x4
 164 0075 86000000 		.4byte	.LASF10
 165 0079 02       		.uleb128 0x2
 166 007a 01       		.byte	0x1
 167 007b 08       		.byte	0x8
 168 007c 78000000 		.4byte	.LASF11
 169 0080 02       		.uleb128 0x2
 170 0081 08       		.byte	0x8
 171 0082 04       		.byte	0x4
 172 0083 4D010000 		.4byte	.LASF12
 173 0087 02       		.uleb128 0x2
 174 0088 04       		.byte	0x4
 175 0089 07       		.byte	0x7
 176 008a A9010000 		.4byte	.LASF13
 177 008e 04       		.uleb128 0x4
 178 008f 22000000 		.4byte	.LASF20
 179 0093 01       		.byte	0x1
 180 0094 0E       		.byte	0xe
 181 0095 5D000000 		.4byte	0x5d
 182 0099 00000000 		.4byte	.LFB32
 183 009d 4C000000 		.4byte	.LFE32-.LFB32
 184 00a1 01       		.uleb128 0x1
 185 00a2 9C       		.byte	0x9c
 186 00a3 3A010000 		.4byte	0x13a
 187 00a7 05       		.uleb128 0x5
 188 00a8 6900     		.ascii	"i\000"
 189 00aa 01       		.byte	0x1
 190 00ab 12       		.byte	0x12
 191 00ac 5D000000 		.4byte	0x5d
 192 00b0 00000000 		.4byte	.LLST0
 193 00b4 06       		.uleb128 0x6
 194 00b5 08000000 		.4byte	.LVL0
 195 00b9 3A010000 		.4byte	0x13a
 196 00bd 07       		.uleb128 0x7
ARM GAS  C:\Users\Shashwat\AppData\Local\Temp\ccmQ6mKT.s 			page 5


 197 00be 16000000 		.4byte	.LVL2
 198 00c2 46010000 		.4byte	0x146
 199 00c6 D8000000 		.4byte	0xd8
 200 00ca 08       		.uleb128 0x8
 201 00cb 01       		.uleb128 0x1
 202 00cc 50       		.byte	0x50
 203 00cd 09       		.uleb128 0x9
 204 00ce 74       		.byte	0x74
 205 00cf 00       		.sleb128 0
 206 00d0 32       		.byte	0x32
 207 00d1 24       		.byte	0x24
 208 00d2 74       		.byte	0x74
 209 00d3 00       		.sleb128 0
 210 00d4 22       		.byte	0x22
 211 00d5 31       		.byte	0x31
 212 00d6 24       		.byte	0x24
 213 00d7 00       		.byte	0
 214 00d8 07       		.uleb128 0x7
 215 00d9 1C000000 		.4byte	.LVL3
 216 00dd 52010000 		.4byte	0x152
 217 00e1 EB000000 		.4byte	0xeb
 218 00e5 08       		.uleb128 0x8
 219 00e6 01       		.uleb128 0x1
 220 00e7 50       		.byte	0x50
 221 00e8 01       		.uleb128 0x1
 222 00e9 4E       		.byte	0x4e
 223 00ea 00       		.byte	0
 224 00eb 07       		.uleb128 0x7
 225 00ec 2E000000 		.4byte	.LVL6
 226 00f0 46010000 		.4byte	0x146
 227 00f4 00010000 		.4byte	0x100
 228 00f8 08       		.uleb128 0x8
 229 00f9 01       		.uleb128 0x1
 230 00fa 50       		.byte	0x50
 231 00fb 03       		.uleb128 0x3
 232 00fc 0A       		.byte	0xa
 233 00fd F401     		.2byte	0x1f4
 234 00ff 00       		.byte	0
 235 0100 07       		.uleb128 0x7
 236 0101 38000000 		.4byte	.LVL7
 237 0105 52010000 		.4byte	0x152
 238 0109 14010000 		.4byte	0x114
 239 010d 08       		.uleb128 0x8
 240 010e 01       		.uleb128 0x1
 241 010f 50       		.byte	0x50
 242 0110 02       		.uleb128 0x2
 243 0111 74       		.byte	0x74
 244 0112 00       		.sleb128 0
 245 0113 00       		.byte	0
 246 0114 07       		.uleb128 0x7
 247 0115 3E000000 		.4byte	.LVL8
 248 0119 46010000 		.4byte	0x146
 249 011d 29010000 		.4byte	0x129
 250 0121 08       		.uleb128 0x8
 251 0122 01       		.uleb128 0x1
 252 0123 50       		.byte	0x50
 253 0124 03       		.uleb128 0x3
ARM GAS  C:\Users\Shashwat\AppData\Local\Temp\ccmQ6mKT.s 			page 6


 254 0125 0A       		.byte	0xa
 255 0126 1C25     		.2byte	0x251c
 256 0128 00       		.byte	0
 257 0129 09       		.uleb128 0x9
 258 012a 44000000 		.4byte	.LVL9
 259 012e 52010000 		.4byte	0x152
 260 0132 08       		.uleb128 0x8
 261 0133 01       		.uleb128 0x1
 262 0134 50       		.byte	0x50
 263 0135 02       		.uleb128 0x2
 264 0136 74       		.byte	0x74
 265 0137 00       		.sleb128 0
 266 0138 00       		.byte	0
 267 0139 00       		.byte	0
 268 013a 0A       		.uleb128 0xa
 269 013b 27000000 		.4byte	.LASF14
 270 013f 27000000 		.4byte	.LASF14
 271 0143 02       		.byte	0x2
 272 0144 3201     		.2byte	0x132
 273 0146 0A       		.uleb128 0xa
 274 0147 3A010000 		.4byte	.LASF15
 275 014b 3A010000 		.4byte	.LASF15
 276 014f 02       		.byte	0x2
 277 0150 5501     		.2byte	0x155
 278 0152 0B       		.uleb128 0xb
 279 0153 33000000 		.4byte	.LASF16
 280 0157 33000000 		.4byte	.LASF16
 281 015b 03       		.byte	0x3
 282 015c D9       		.byte	0xd9
 283 015d 00       		.byte	0
 284              		.section	.debug_abbrev,"",%progbits
 285              	.Ldebug_abbrev0:
 286 0000 01       		.uleb128 0x1
 287 0001 11       		.uleb128 0x11
 288 0002 01       		.byte	0x1
 289 0003 25       		.uleb128 0x25
 290 0004 0E       		.uleb128 0xe
 291 0005 13       		.uleb128 0x13
 292 0006 0B       		.uleb128 0xb
 293 0007 03       		.uleb128 0x3
 294 0008 0E       		.uleb128 0xe
 295 0009 1B       		.uleb128 0x1b
 296 000a 0E       		.uleb128 0xe
 297 000b 55       		.uleb128 0x55
 298 000c 17       		.uleb128 0x17
 299 000d 11       		.uleb128 0x11
 300 000e 01       		.uleb128 0x1
 301 000f 10       		.uleb128 0x10
 302 0010 17       		.uleb128 0x17
 303 0011 00       		.byte	0
 304 0012 00       		.byte	0
 305 0013 02       		.uleb128 0x2
 306 0014 24       		.uleb128 0x24
 307 0015 00       		.byte	0
 308 0016 0B       		.uleb128 0xb
 309 0017 0B       		.uleb128 0xb
 310 0018 3E       		.uleb128 0x3e
ARM GAS  C:\Users\Shashwat\AppData\Local\Temp\ccmQ6mKT.s 			page 7


 311 0019 0B       		.uleb128 0xb
 312 001a 03       		.uleb128 0x3
 313 001b 0E       		.uleb128 0xe
 314 001c 00       		.byte	0
 315 001d 00       		.byte	0
 316 001e 03       		.uleb128 0x3
 317 001f 24       		.uleb128 0x24
 318 0020 00       		.byte	0
 319 0021 0B       		.uleb128 0xb
 320 0022 0B       		.uleb128 0xb
 321 0023 3E       		.uleb128 0x3e
 322 0024 0B       		.uleb128 0xb
 323 0025 03       		.uleb128 0x3
 324 0026 08       		.uleb128 0x8
 325 0027 00       		.byte	0
 326 0028 00       		.byte	0
 327 0029 04       		.uleb128 0x4
 328 002a 2E       		.uleb128 0x2e
 329 002b 01       		.byte	0x1
 330 002c 3F       		.uleb128 0x3f
 331 002d 19       		.uleb128 0x19
 332 002e 03       		.uleb128 0x3
 333 002f 0E       		.uleb128 0xe
 334 0030 3A       		.uleb128 0x3a
 335 0031 0B       		.uleb128 0xb
 336 0032 3B       		.uleb128 0x3b
 337 0033 0B       		.uleb128 0xb
 338 0034 27       		.uleb128 0x27
 339 0035 19       		.uleb128 0x19
 340 0036 49       		.uleb128 0x49
 341 0037 13       		.uleb128 0x13
 342 0038 8701     		.uleb128 0x87
 343 003a 19       		.uleb128 0x19
 344 003b 11       		.uleb128 0x11
 345 003c 01       		.uleb128 0x1
 346 003d 12       		.uleb128 0x12
 347 003e 06       		.uleb128 0x6
 348 003f 40       		.uleb128 0x40
 349 0040 18       		.uleb128 0x18
 350 0041 9742     		.uleb128 0x2117
 351 0043 19       		.uleb128 0x19
 352 0044 01       		.uleb128 0x1
 353 0045 13       		.uleb128 0x13
 354 0046 00       		.byte	0
 355 0047 00       		.byte	0
 356 0048 05       		.uleb128 0x5
 357 0049 34       		.uleb128 0x34
 358 004a 00       		.byte	0
 359 004b 03       		.uleb128 0x3
 360 004c 08       		.uleb128 0x8
 361 004d 3A       		.uleb128 0x3a
 362 004e 0B       		.uleb128 0xb
 363 004f 3B       		.uleb128 0x3b
 364 0050 0B       		.uleb128 0xb
 365 0051 49       		.uleb128 0x49
 366 0052 13       		.uleb128 0x13
 367 0053 02       		.uleb128 0x2
ARM GAS  C:\Users\Shashwat\AppData\Local\Temp\ccmQ6mKT.s 			page 8


 368 0054 17       		.uleb128 0x17
 369 0055 00       		.byte	0
 370 0056 00       		.byte	0
 371 0057 06       		.uleb128 0x6
 372 0058 898201   		.uleb128 0x4109
 373 005b 00       		.byte	0
 374 005c 11       		.uleb128 0x11
 375 005d 01       		.uleb128 0x1
 376 005e 31       		.uleb128 0x31
 377 005f 13       		.uleb128 0x13
 378 0060 00       		.byte	0
 379 0061 00       		.byte	0
 380 0062 07       		.uleb128 0x7
 381 0063 898201   		.uleb128 0x4109
 382 0066 01       		.byte	0x1
 383 0067 11       		.uleb128 0x11
 384 0068 01       		.uleb128 0x1
 385 0069 31       		.uleb128 0x31
 386 006a 13       		.uleb128 0x13
 387 006b 01       		.uleb128 0x1
 388 006c 13       		.uleb128 0x13
 389 006d 00       		.byte	0
 390 006e 00       		.byte	0
 391 006f 08       		.uleb128 0x8
 392 0070 8A8201   		.uleb128 0x410a
 393 0073 00       		.byte	0
 394 0074 02       		.uleb128 0x2
 395 0075 18       		.uleb128 0x18
 396 0076 9142     		.uleb128 0x2111
 397 0078 18       		.uleb128 0x18
 398 0079 00       		.byte	0
 399 007a 00       		.byte	0
 400 007b 09       		.uleb128 0x9
 401 007c 898201   		.uleb128 0x4109
 402 007f 01       		.byte	0x1
 403 0080 11       		.uleb128 0x11
 404 0081 01       		.uleb128 0x1
 405 0082 31       		.uleb128 0x31
 406 0083 13       		.uleb128 0x13
 407 0084 00       		.byte	0
 408 0085 00       		.byte	0
 409 0086 0A       		.uleb128 0xa
 410 0087 2E       		.uleb128 0x2e
 411 0088 00       		.byte	0
 412 0089 3F       		.uleb128 0x3f
 413 008a 19       		.uleb128 0x19
 414 008b 3C       		.uleb128 0x3c
 415 008c 19       		.uleb128 0x19
 416 008d 6E       		.uleb128 0x6e
 417 008e 0E       		.uleb128 0xe
 418 008f 03       		.uleb128 0x3
 419 0090 0E       		.uleb128 0xe
 420 0091 3A       		.uleb128 0x3a
 421 0092 0B       		.uleb128 0xb
 422 0093 3B       		.uleb128 0x3b
 423 0094 05       		.uleb128 0x5
 424 0095 00       		.byte	0
ARM GAS  C:\Users\Shashwat\AppData\Local\Temp\ccmQ6mKT.s 			page 9


 425 0096 00       		.byte	0
 426 0097 0B       		.uleb128 0xb
 427 0098 2E       		.uleb128 0x2e
 428 0099 00       		.byte	0
 429 009a 3F       		.uleb128 0x3f
 430 009b 19       		.uleb128 0x19
 431 009c 3C       		.uleb128 0x3c
 432 009d 19       		.uleb128 0x19
 433 009e 6E       		.uleb128 0x6e
 434 009f 0E       		.uleb128 0xe
 435 00a0 03       		.uleb128 0x3
 436 00a1 0E       		.uleb128 0xe
 437 00a2 3A       		.uleb128 0x3a
 438 00a3 0B       		.uleb128 0xb
 439 00a4 3B       		.uleb128 0x3b
 440 00a5 0B       		.uleb128 0xb
 441 00a6 00       		.byte	0
 442 00a7 00       		.byte	0
 443 00a8 00       		.byte	0
 444              		.section	.debug_loc,"",%progbits
 445              	.Ldebug_loc0:
 446              	.LLST0:
 447 0000 08000000 		.4byte	.LVL0
 448 0004 0C000000 		.4byte	.LVL1
 449 0008 0200     		.2byte	0x2
 450 000a 30       		.byte	0x30
 451 000b 9F       		.byte	0x9f
 452 000c 0C000000 		.4byte	.LVL1
 453 0010 26000000 		.4byte	.LVL5
 454 0014 0100     		.2byte	0x1
 455 0016 54       		.byte	0x54
 456 0017 00000000 		.4byte	0
 457 001b 00000000 		.4byte	0
 458              		.section	.debug_aranges,"",%progbits
 459 0000 1C000000 		.4byte	0x1c
 460 0004 0200     		.2byte	0x2
 461 0006 00000000 		.4byte	.Ldebug_info0
 462 000a 04       		.byte	0x4
 463 000b 00       		.byte	0
 464 000c 0000     		.2byte	0
 465 000e 0000     		.2byte	0
 466 0010 00000000 		.4byte	.LFB32
 467 0014 4C000000 		.4byte	.LFE32-.LFB32
 468 0018 00000000 		.4byte	0
 469 001c 00000000 		.4byte	0
 470              		.section	.debug_ranges,"",%progbits
 471              	.Ldebug_ranges0:
 472 0000 00000000 		.4byte	.LFB32
 473 0004 4C000000 		.4byte	.LFE32
 474 0008 00000000 		.4byte	0
 475 000c 00000000 		.4byte	0
 476              		.section	.debug_line,"",%progbits
 477              	.Ldebug_line0:
 478 0000 8C000000 		.section	.debug_str,"MS",%progbits,1
 478      02004A00 
 478      00000201 
 478      FB0E0D00 
ARM GAS  C:\Users\Shashwat\AppData\Local\Temp\ccmQ6mKT.s 			page 10


 478      01010101 
 479              	.LASF6:
 480 0000 6C6F6E67 		.ascii	"long long int\000"
 480      206C6F6E 
 480      6720696E 
 480      7400
 481              	.LASF8:
 482 000e 756E7369 		.ascii	"unsigned int\000"
 482      676E6564 
 482      20696E74 
 482      00
 483              	.LASF18:
 484 001b 6D61696E 		.ascii	"main.c\000"
 484      2E6300
 485              	.LASF20:
 486 0022 6D61696E 		.ascii	"main\000"
 486      00
 487              	.LASF14:
 488 0027 50574D5F 		.ascii	"PWM_1_Start\000"
 488      315F5374 
 488      61727400 
 489              	.LASF16:
 490 0033 43794465 		.ascii	"CyDelay\000"
 490      6C617900 
 491              	.LASF5:
 492 003b 6C6F6E67 		.ascii	"long unsigned int\000"
 492      20756E73 
 492      69676E65 
 492      6420696E 
 492      7400
 493              	.LASF7:
 494 004d 6C6F6E67 		.ascii	"long long unsigned int\000"
 494      206C6F6E 
 494      6720756E 
 494      7369676E 
 494      65642069 
 495              	.LASF9:
 496 0064 666C6F61 		.ascii	"float\000"
 496      7400
 497              	.LASF1:
 498 006a 756E7369 		.ascii	"unsigned char\000"
 498      676E6564 
 498      20636861 
 498      7200
 499              	.LASF11:
 500 0078 63686172 		.ascii	"char\000"
 500      00
 501              	.LASF4:
 502 007d 6C6F6E67 		.ascii	"long int\000"
 502      20696E74 
 502      00
 503              	.LASF10:
 504 0086 646F7562 		.ascii	"double\000"
 504      6C6500
 505              	.LASF17:
 506 008d 474E5520 		.ascii	"GNU C11 5.4.1 20160609 (release) [ARM/embedded-5-br"
 506      43313120 
ARM GAS  C:\Users\Shashwat\AppData\Local\Temp\ccmQ6mKT.s 			page 11


 506      352E342E 
 506      31203230 
 506      31363036 
 507 00c0 616E6368 		.ascii	"anch revision 237715] -mcpu=cortex-m0 -mthumb -g -O"
 507      20726576 
 507      6973696F 
 507      6E203233 
 507      37373135 
 508 00f3 67202D66 		.ascii	"g -ffunction-sections -ffat-lto-objects\000"
 508      66756E63 
 508      74696F6E 
 508      2D736563 
 508      74696F6E 
 509              	.LASF3:
 510 011b 73686F72 		.ascii	"short unsigned int\000"
 510      7420756E 
 510      7369676E 
 510      65642069 
 510      6E7400
 511              	.LASF0:
 512 012e 7369676E 		.ascii	"signed char\000"
 512      65642063 
 512      68617200 
 513              	.LASF15:
 514 013a 50574D5F 		.ascii	"PWM_1_WriteCompare\000"
 514      315F5772 
 514      69746543 
 514      6F6D7061 
 514      726500
 515              	.LASF12:
 516 014d 6C6F6E67 		.ascii	"long double\000"
 516      20646F75 
 516      626C6500 
 517              	.LASF2:
 518 0159 73686F72 		.ascii	"short int\000"
 518      7420696E 
 518      7400
 519              	.LASF19:
 520 0163 433A5C55 		.ascii	"C:\\Users\\Shashwat\\Documents\\PSoC Creator\\Empty"
 520      73657273 
 520      5C536861 
 520      73687761 
 520      745C446F 
 521 0191 5C426C69 		.ascii	"\\Blink_brightness.cydsn\000"
 521      6E6B5F62 
 521      72696768 
 521      746E6573 
 521      732E6379 
 522              	.LASF13:
 523 01a9 73697A65 		.ascii	"sizetype\000"
 523      74797065 
 523      00
 524              		.ident	"GCC: (GNU Tools for ARM Embedded Processors) 5.4.1 20160609 (release) [ARM/embedded-5-bran
